[I 2023-12-27 11:36:06,933] Trial 36 finished with value: 2.9633939266204834 and parameters: {'gradient_clip_val': 0.1306511771305792, 'hidden_size': 73, 'dropout': 0.36570875129396696, 'hidden_continuous_size': 37, 'attention_head_size': 1, 'learning_rate': 0.0307222598162709}. Best is trial 0 with value: 0.16105639934539795.
[I 2023-12-27 11:36:07,434] Trial 37 finished with value: 1.781713843345642 and parameters: {'gradient_clip_val': 0.10386672564330265, 'hidden_size': 89, 'dropout': 0.3746056013862844, 'hidden_continuous_size': 15, 'attention_head_size': 3, 'learning_rate': 0.012740450815497309}. Best is trial 0 with value: 0.16105639934539795.
[I 2023-12-27 11:36:08,159] Trial 38 finished with value: 1.7325878143310547 and parameters: {'gradient_clip_val': 0.13683147457870803, 'hidden_size': 150, 'dropout': 0.47015044699424874, 'hidden_continuous_size': 146, 'attention_head_size': 2, 'learning_rate': 0.019598219067943505}. Best is trial 0 with value: 0.16105639934539795.
[I 2023-12-27 11:36:08,608] Trial 39 finished with value: 1.7235163450241089 and parameters: {'gradient_clip_val': 0.24815398920828988, 'hidden_size': 50, 'dropout': 0.43351738286709424, 'hidden_continuous_size': 23, 'attention_head_size': 3, 'learning_rate': 0.0381132679938101}. Best is trial 0 with value: 0.16105639934539795.
[I 2023-12-27 11:36:09,083] Trial 40 finished with value: 1.6840909719467163 and parameters: {'gradient_clip_val': 0.1988229756033673, 'hidden_size': 67, 'dropout': 0.30177631330775945, 'hidden_continuous_size': 30, 'attention_head_size': 1, 'learning_rate': 0.003397363200959508}. Best is trial 0 with value: 0.16105639934539795.
[I 2023-12-27 11:36:09,645] Trial 41 finished with value: 2.439631462097168 and parameters: {'gradient_clip_val': 0.21679095047586974, 'hidden_size': 105, 'dropout': 0.2937629393465507, 'hidden_continuous_size': 27, 'attention_head_size': 1, 'learning_rate': 0.0020349544289920266}. Best is trial 0 with value: 0.16105639934539795.
[I 2023-12-27 11:36:10,112] Trial 42 finished with value: 1.931022047996521 and parameters: {'gradient_clip_val': 0.20201649312908962, 'hidden_size': 66, 'dropout': 0.3424833781128304, 'hidden_continuous_size': 30, 'attention_head_size': 1, 'learning_rate': 0.0037622210323106082}. Best is trial 0 with value: 0.16105639934539795.
[I 2023-12-27 11:36:10,694] Trial 43 finished with value: 2.0920751094818115 and parameters: {'gradient_clip_val': 0.17750038902479215, 'hidden_size': 128, 'dropout': 0.27064938835856694, 'hidden_continuous_size': 20, 'attention_head_size': 1, 'learning_rate': 0.007162959551780778}. Best is trial 0 with value: 0.16105639934539795.
[I 2023-12-27 11:36:11,216] Trial 44 finished with value: 2.0641844272613525 and parameters: {'gradient_clip_val': 0.31214702452030124, 'hidden_size': 85, 'dropout': 0.24373860770854758, 'hidden_continuous_size': 38, 'attention_head_size': 1, 'learning_rate': 0.003050432305149681}. Best is trial 0 with value: 0.16105639934539795.
[I 2023-12-27 11:36:11,946] Trial 45 finished with value: 1.6947654485702515 and parameters: {'gradient_clip_val': 0.21585204628669494, 'hidden_size': 59, 'dropout': 0.35619561596547517, 'hidden_continuous_size': 28, 'attention_head_size': 3, 'learning_rate': 0.008830023889523395}. Best is trial 0 with value: 0.16105639934539795.
[I 2023-12-27 11:36:12,417] Trial 46 finished with value: 1.8628114461898804 and parameters: {'gradient_clip_val': 0.21674559841572982, 'hidden_size': 68, 'dropout': 0.36279986259723684, 'hidden_continuous_size': 20, 'attention_head_size': 2, 'learning_rate': 0.006659162463692811}. Best is trial 0 with value: 0.16105639934539795.
[I 2023-12-27 11:36:12,880] Trial 47 finished with value: 2.2058262825012207 and parameters: {'gradient_clip_val': 0.25209972127322516, 'hidden_size': 61, 'dropout': 0.34455688433250087, 'hidden_continuous_size': 23, 'attention_head_size': 1, 'learning_rate': 0.07233950927831956}. Best is trial 0 with value: 0.16105639934539795.
[I 2023-12-27 11:36:13,320] Trial 48 finished with value: 2.1226484775543213 and parameters: {'gradient_clip_val': 0.29294891299564185, 'hidden_size': 37, 'dropout': 0.3079090568105387, 'hidden_continuous_size': 15, 'attention_head_size': 4, 'learning_rate': 0.004102277013725802}. Best is trial 0 with value: 0.16105639934539795.
[I 2023-12-27 11:36:13,762] Trial 49 finished with value: 1.831426739692688 and parameters: {'gradient_clip_val': 0.3668998754382426, 'hidden_size': 52, 'dropout': 0.3801286657458266, 'hidden_continuous_size': 5, 'attention_head_size': 3, 'learning_rate': 0.008246360947154207}. Best is trial 0 with value: 0.16105639934539795.
[I 2023-12-27 11:36:13,877] A new study created in memory with name: no-name-b558f5be-2cac-47e2-88e7-1f2047864122
/home/le004/conda/anaconda3/envs/tsff_env/lib/python3.9/site-packages/lightning/fabric/plugins/environments/slurm.py:191: The `srun` command is available on your system but is not used. HINT: If your intention is to run Lightning on SLURM, prepend your python command with `srun` like so: srun python /home/le004/master_thesis/git/TSFusionForecast/code/ ...
[I 2023-12-27 11:36:49,657] Trial 0 finished with value: 0.8334929943084717 and parameters: {'gradient_clip_val': 0.13985959158838984, 'hidden_size': 28, 'dropout': 0.37193032167448414, 'hidden_continuous_size': 21, 'attention_head_size': 2, 'learning_rate': 0.0007199756855105742}. Best is trial 0 with value: 0.8334929943084717.
[I 2023-12-27 11:37:22,186] Trial 1 finished with value: 0.06063997745513916 and parameters: {'gradient_clip_val': 0.9013662662648655, 'hidden_size': 19, 'dropout': 0.2771871186624729, 'hidden_continuous_size': 10, 'attention_head_size': 2, 'learning_rate': 0.035219898635652155}. Best is trial 1 with value: 0.06063997745513916.
[I 2023-12-27 11:37:35,902] Trial 2 finished with value: 0.20934738218784332 and parameters: {'gradient_clip_val': 0.5220921924951225, 'hidden_size': 78, 'dropout': 0.3029694180551133, 'hidden_continuous_size': 38, 'attention_head_size': 2, 'learning_rate': 0.09165723503033955}. Best is trial 1 with value: 0.06063997745513916.
[I 2023-12-27 11:37:36,432] Trial 3 finished with value: 3.7119033336639404 and parameters: {'gradient_clip_val': 0.2268478208890436, 'hidden_size': 16, 'dropout': 0.45439743012827694, 'hidden_continuous_size': 6, 'attention_head_size': 1, 'learning_rate': 0.03341202734760724}. Best is trial 1 with value: 0.06063997745513916.
[I 2023-12-27 11:37:36,789] Trial 4 finished with value: 4.235681533813477 and parameters: {'gradient_clip_val': 0.31646845421727776, 'hidden_size': 15, 'dropout': 0.10405859584880926, 'hidden_continuous_size': 8, 'attention_head_size': 4, 'learning_rate': 0.01143431558000348}. Best is trial 1 with value: 0.06063997745513916.
[I 2023-12-27 11:37:37,144] Trial 5 finished with value: 3.9855172634124756 and parameters: {'gradient_clip_val': 0.1355055026106112, 'hidden_size': 19, 'dropout': 0.21676329142365813, 'hidden_continuous_size': 18, 'attention_head_size': 3, 'learning_rate': 0.0027923394315652545}. Best is trial 1 with value: 0.06063997745513916.
[I 2023-12-27 11:37:37,509] Trial 6 finished with value: 2.450528621673584 and parameters: {'gradient_clip_val': 0.19313404135070145, 'hidden_size': 28, 'dropout': 0.11095983810146844, 'hidden_continuous_size': 15, 'attention_head_size': 3, 'learning_rate': 0.014403303475451046}. Best is trial 1 with value: 0.06063997745513916.
[I 2023-12-27 11:37:37,845] Trial 7 finished with value: 3.3487138748168945 and parameters: {'gradient_clip_val': 0.8010268991061121, 'hidden_size': 17, 'dropout': 0.3027049732355909, 'hidden_continuous_size': 5, 'attention_head_size': 2, 'learning_rate': 0.0009926591700509535}. Best is trial 1 with value: 0.06063997745513916.
[I 2023-12-27 11:37:38,206] Trial 8 finished with value: 3.938371419906616 and parameters: {'gradient_clip_val': 0.12273403030445104, 'hidden_size': 8, 'dropout': 0.2139925093801848, 'hidden_continuous_size': 6, 'attention_head_size': 4, 'learning_rate': 0.0007715943544180751}. Best is trial 1 with value: 0.06063997745513916.
[I 2023-12-27 11:37:38,564] Trial 9 finished with value: 5.077395439147949 and parameters: {'gradient_clip_val': 0.7639463053497929, 'hidden_size': 9, 'dropout': 0.26695996032022273, 'hidden_continuous_size': 6, 'attention_head_size': 1, 'learning_rate': 0.085656824996433}. Best is trial 1 with value: 0.06063997745513916.
[I 2023-12-27 11:37:38,891] Trial 10 finished with value: 4.9263916015625 and parameters: {'gradient_clip_val': 0.4684884845475102, 'hidden_size': 5, 'dropout': 0.48315739268486074, 'hidden_continuous_size': 5, 'attention_head_size': 1, 'learning_rate': 0.0050664328502539714}. Best is trial 1 with value: 0.06063997745513916.
[I 2023-12-27 11:37:39,372] Trial 11 finished with value: 4.8519721031188965 and parameters: {'gradient_clip_val': 0.5731800957542933, 'hidden_size': 83, 'dropout': 0.3468524297705302, 'hidden_continuous_size': 55, 'attention_head_size': 2, 'learning_rate': 0.09994087955464187}. Best is trial 1 with value: 0.06063997745513916.
[I 2023-12-27 11:37:39,955] Trial 12 finished with value: 2.857536554336548 and parameters: {'gradient_clip_val': 0.9860482539376956, 'hidden_size': 148, 'dropout': 0.3885969986230596, 'hidden_continuous_size': 42, 'attention_head_size': 2, 'learning_rate': 0.03491690457302575}. Best is trial 1 with value: 0.06063997745513916.
[I 2023-12-27 11:37:40,366] Trial 13 finished with value: 3.179733991622925 and parameters: {'gradient_clip_val': 0.4958354325065966, 'hidden_size': 45, 'dropout': 0.2979754507617729, 'hidden_continuous_size': 11, 'attention_head_size': 3, 'learning_rate': 0.04320184954419098}. Best is trial 1 with value: 0.06063997745513916.
[I 2023-12-27 11:37:40,781] Trial 14 finished with value: 3.359039068222046 and parameters: {'gradient_clip_val': 0.9854082566062078, 'hidden_size': 51, 'dropout': 0.24570855132797814, 'hidden_continuous_size': 28, 'attention_head_size': 2, 'learning_rate': 0.05223857745817961}. Best is trial 1 with value: 0.06063997745513916.
[I 2023-12-27 11:37:41,194] Trial 15 finished with value: 2.955083131790161 and parameters: {'gradient_clip_val': 0.6139629950166406, 'hidden_size': 47, 'dropout': 0.32078876887966057, 'hidden_continuous_size': 13, 'attention_head_size': 3, 'learning_rate': 0.018838869519337546}. Best is trial 1 with value: 0.06063997745513916.
[I 2023-12-27 11:37:41,646] Trial 16 finished with value: 2.4180514812469482 and parameters: {'gradient_clip_val': 0.35782243161547395, 'hidden_size': 77, 'dropout': 0.41455539895536564, 'hidden_continuous_size': 27, 'attention_head_size': 1, 'learning_rate': 0.024937639877075875}. Best is trial 1 with value: 0.06063997745513916.
[I 2023-12-27 11:37:42,532] Trial 17 finished with value: 3.8643100261688232 and parameters: {'gradient_clip_val': 0.41772666779045003, 'hidden_size': 142, 'dropout': 0.34583425958837277, 'hidden_continuous_size': 109, 'attention_head_size': 2, 'learning_rate': 0.06598860370115663}. Best is trial 1 with value: 0.06063997745513916.
[I 2023-12-27 11:37:42,925] Trial 18 finished with value: 4.316768169403076 and parameters: {'gradient_clip_val': 0.6618982321942759, 'hidden_size': 33, 'dropout': 0.4197697232693783, 'hidden_continuous_size': 10, 'attention_head_size': 3, 'learning_rate': 0.06829660840746077}. Best is trial 1 with value: 0.06063997745513916.
[I 2023-12-27 11:37:43,295] Trial 19 finished with value: 3.1251935958862305 and parameters: {'gradient_clip_val': 0.5478896326477609, 'hidden_size': 22, 'dropout': 0.17793051609610913, 'hidden_continuous_size': 9, 'attention_head_size': 1, 'learning_rate': 0.029329214365362725}. Best is trial 1 with value: 0.06063997745513916.
[I 2023-12-27 11:37:43,700] Trial 20 finished with value: 3.5527114868164062 and parameters: {'gradient_clip_val': 0.40264365419281, 'hidden_size': 37, 'dropout': 0.2782727395397807, 'hidden_continuous_size': 12, 'attention_head_size': 2, 'learning_rate': 0.09718862272824666}. Best is trial 1 with value: 0.06063997745513916.
[I 2023-12-27 11:37:44,073] Trial 21 finished with value: 3.9810454845428467 and parameters: {'gradient_clip_val': 0.10368550270775415, 'hidden_size': 24, 'dropout': 0.3631078866771208, 'hidden_continuous_size': 9, 'attention_head_size': 2, 'learning_rate': 0.0005205935694224836}. Best is trial 1 with value: 0.06063997745513916.
[I 2023-12-27 11:37:44,461] Trial 22 finished with value: 4.733174800872803 and parameters: {'gradient_clip_val': 0.210335415062343, 'hidden_size': 28, 'dropout': 0.32166103586972244, 'hidden_continuous_size': 14, 'attention_head_size': 2, 'learning_rate': 0.007277346580046261}. Best is trial 1 with value: 0.06063997745513916.
[I 2023-12-27 11:37:44,833] Trial 23 finished with value: 3.3120381832122803 and parameters: {'gradient_clip_val': 0.27906122361777963, 'hidden_size': 12, 'dropout': 0.3677234211736198, 'hidden_continuous_size': 7, 'attention_head_size': 2, 'learning_rate': 0.0021651433214150665}. Best is trial 1 with value: 0.06063997745513916.
[I 2023-12-27 11:37:45,237] Trial 24 finished with value: 3.481088638305664 and parameters: {'gradient_clip_val': 0.743895585174207, 'hidden_size': 23, 'dropout': 0.3237492377161851, 'hidden_continuous_size': 10, 'attention_head_size': 3, 'learning_rate': 0.046333217603455476}. Best is trial 1 with value: 0.06063997745513916.
[I 2023-12-27 11:37:45,678] Trial 25 finished with value: 3.301602363586426 and parameters: {'gradient_clip_val': 0.4694110436580103, 'hidden_size': 62, 'dropout': 0.2828139363675123, 'hidden_continuous_size': 18, 'attention_head_size': 2, 'learning_rate': 0.05417464765331067}. Best is trial 1 with value: 0.06063997745513916.
[I 2023-12-27 11:37:46,075] Trial 26 finished with value: 3.9185636043548584 and parameters: {'gradient_clip_val': 0.6518853828763005, 'hidden_size': 35, 'dropout': 0.4003916130609812, 'hidden_continuous_size': 12, 'attention_head_size': 1, 'learning_rate': 0.021092282050047925}. Best is trial 1 with value: 0.06063997745513916.
[I 2023-12-27 11:37:46,569] Trial 27 finished with value: 2.7885963916778564 and parameters: {'gradient_clip_val': 0.27572514737144754, 'hidden_size': 100, 'dropout': 0.37444331035723294, 'hidden_continuous_size': 23, 'attention_head_size': 2, 'learning_rate': 0.009971503235534411}. Best is trial 1 with value: 0.06063997745513916.
[I 2023-12-27 11:37:46,999] Trial 28 finished with value: 3.1320858001708984 and parameters: {'gradient_clip_val': 0.16276755014123362, 'hidden_size': 57, 'dropout': 0.34071983350870827, 'hidden_continuous_size': 17, 'attention_head_size': 3, 'learning_rate': 0.016053819222311968}. Best is trial 1 with value: 0.06063997745513916.
[I 2023-12-27 11:37:47,396] Trial 29 finished with value: 3.597175359725952 and parameters: {'gradient_clip_val': 0.23766437669637502, 'hidden_size': 37, 'dropout': 0.44544820729633794, 'hidden_continuous_size': 8, 'attention_head_size': 1, 'learning_rate': 0.031535214489751384}. Best is trial 1 with value: 0.06063997745513916.
[I 2023-12-27 11:37:48,010] Trial 30 finished with value: 3.097297430038452 and parameters: {'gradient_clip_val': 0.37244783593377656, 'hidden_size': 19, 'dropout': 0.25429183326351024, 'hidden_continuous_size': 8, 'attention_head_size': 1, 'learning_rate': 0.02573331398453617}. Best is trial 1 with value: 0.06063997745513916.
[I 2023-12-27 11:37:48,475] Trial 31 finished with value: 2.990147352218628 and parameters: {'gradient_clip_val': 0.36815257407308816, 'hidden_size': 79, 'dropout': 0.4112658613838898, 'hidden_continuous_size': 23, 'attention_head_size': 1, 'learning_rate': 0.023171526191225065}. Best is trial 1 with value: 0.06063997745513916.
[I 2023-12-27 11:37:48,927] Trial 32 finished with value: 3.0961732864379883 and parameters: {'gradient_clip_val': 0.3226910603267491, 'hidden_size': 69, 'dropout': 0.4412043101195897, 'hidden_continuous_size': 32, 'attention_head_size': 1, 'learning_rate': 0.03726926590396663}. Best is trial 1 with value: 0.06063997745513916.
[I 2023-12-27 11:37:49,419] Trial 33 finished with value: 3.3859386444091797 and parameters: {'gradient_clip_val': 0.3270403060213759, 'hidden_size': 98, 'dropout': 0.38757988373638314, 'hidden_continuous_size': 22, 'attention_head_size': 2, 'learning_rate': 0.011880570770904477}. Best is trial 1 with value: 0.06063997745513916.
[I 2023-12-27 11:37:49,812] Trial 34 finished with value: 3.139148712158203 and parameters: {'gradient_clip_val': 0.18440839251024785, 'hidden_size': 15, 'dropout': 0.42571938216113, 'hidden_continuous_size': 7, 'attention_head_size': 4, 'learning_rate': 0.06361516822000031}. Best is trial 1 with value: 0.06063997745513916.
[I 2023-12-27 11:37:50,226] Trial 35 finished with value: 2.7806713581085205 and parameters: {'gradient_clip_val': 0.25056937637149856, 'hidden_size': 44, 'dropout': 0.4590585474973837, 'hidden_continuous_size': 16, 'attention_head_size': 1, 'learning_rate': 0.017696310326705454}. Best is trial 1 with value: 0.06063997745513916.
[I 2023-12-27 11:37:50,657] Trial 36 finished with value: 4.627884387969971 and parameters: {'gradient_clip_val': 0.5334619240120412, 'hidden_size': 59, 'dropout': 0.3941124182526979, 'hidden_continuous_size': 14, 'attention_head_size': 2, 'learning_rate': 0.0389777173402076}. Best is trial 1 with value: 0.06063997745513916.
[I 2023-12-27 11:37:51,062] Trial 37 finished with value: 2.4913148880004883 and parameters: {'gradient_clip_val': 0.1580512741461141, 'hidden_size': 30, 'dropout': 0.3067865866907148, 'hidden_continuous_size': 15, 'attention_head_size': 3, 'learning_rate': 0.02694288955138369}. Best is trial 1 with value: 0.06063997745513916.
[I 2023-12-27 11:37:51,445] Trial 38 finished with value: 3.21929669380188 and parameters: {'gradient_clip_val': 0.8602046503153953, 'hidden_size': 20, 'dropout': 0.3571111385462137, 'hidden_continuous_size': 11, 'attention_head_size': 2, 'learning_rate': 0.012244194793635638}. Best is trial 1 with value: 0.06063997745513916.
[I 2023-12-27 11:37:51,840] Trial 39 finished with value: 4.125552654266357 and parameters: {'gradient_clip_val': 0.44331261899691204, 'hidden_size': 28, 'dropout': 0.4752752155062817, 'hidden_continuous_size': 13, 'attention_head_size': 1, 'learning_rate': 0.0019604120122110923}. Best is trial 1 with value: 0.06063997745513916.
[I 2023-12-27 11:37:52,212] Trial 40 finished with value: 4.140523433685303 and parameters: {'gradient_clip_val': 0.510644921488824, 'hidden_size': 17, 'dropout': 0.48990222748554924, 'hidden_continuous_size': 5, 'attention_head_size': 2, 'learning_rate': 0.07878539031479895}. Best is trial 1 with value: 0.06063997745513916.
[I 2023-12-27 11:37:52,610] Trial 41 finished with value: 3.2860190868377686 and parameters: {'gradient_clip_val': 0.13610136528790046, 'hidden_size': 25, 'dropout': 0.15269527871449262, 'hidden_continuous_size': 17, 'attention_head_size': 4, 'learning_rate': 0.004531090597192453}. Best is trial 1 with value: 0.06063997745513916.
[I 2023-12-27 11:37:52,993] Trial 42 finished with value: 3.301649808883667 and parameters: {'gradient_clip_val': 0.21910788842051876, 'hidden_size': 13, 'dropout': 0.1079949903797634, 'hidden_continuous_size': 11, 'attention_head_size': 3, 'learning_rate': 0.0010761422446433522}. Best is trial 1 with value: 0.06063997745513916.
[I 2023-12-27 11:37:53,406] Trial 43 finished with value: 3.820368766784668 and parameters: {'gradient_clip_val': 0.5948937707016484, 'hidden_size': 38, 'dropout': 0.2396454649312915, 'hidden_continuous_size': 20, 'attention_head_size': 3, 'learning_rate': 0.014579392723417461}. Best is trial 1 with value: 0.06063997745513916.
[I 2023-12-27 11:37:54,059] Trial 44 finished with value: 3.9902026653289795 and parameters: {'gradient_clip_val': 0.7235519205085013, 'hidden_size': 43, 'dropout': 0.22587666409494095, 'hidden_continuous_size': 19, 'attention_head_size': 3, 'learning_rate': 0.019660384668597063}. Best is trial 1 with value: 0.06063997745513916.
[I 2023-12-27 11:37:54,465] Trial 45 finished with value: 4.163327693939209 and parameters: {'gradient_clip_val': 0.4787726813756592, 'hidden_size': 29, 'dropout': 0.20181141921504434, 'hidden_continuous_size': 15, 'attention_head_size': 2, 'learning_rate': 0.04942906510929618}. Best is trial 1 with value: 0.06063997745513916.
[I 2023-12-27 11:37:54,900] Trial 46 finished with value: 3.538174629211426 and parameters: {'gradient_clip_val': 0.9057395745797279, 'hidden_size': 49, 'dropout': 0.26531207764220255, 'hidden_continuous_size': 21, 'attention_head_size': 4, 'learning_rate': 0.033809361451965836}. Best is trial 1 with value: 0.06063997745513916.
[I 2023-12-27 11:37:55,292] Trial 47 finished with value: 3.170299768447876 and parameters: {'gradient_clip_val': 0.675171742754665, 'hidden_size': 22, 'dropout': 0.2957124970721639, 'hidden_continuous_size': 16, 'attention_head_size': 3, 'learning_rate': 0.02532395152802727}. Best is trial 1 with value: 0.06063997745513916.
[I 2023-12-27 11:37:55,670] Trial 48 finished with value: 4.060009956359863 and parameters: {'gradient_clip_val': 0.6059230912231763, 'hidden_size': 17, 'dropout': 0.3366959852129167, 'hidden_continuous_size': 13, 'attention_head_size': 2, 'learning_rate': 0.04133673660969423}. Best is trial 1 with value: 0.06063997745513916.
