[I 2023-12-27 10:54:32,803] Trial 15 finished with value: 221.7144775390625 and parameters: {'gradient_clip_val': 0.39267675402295144, 'hidden_size': 23, 'dropout': 0.3890765659901141, 'hidden_continuous_size': 6, 'attention_head_size': 3, 'learning_rate': 0.04441839983192436}. Best is trial 0 with value: 57.06126022338867.
LOCAL_RANK: 0 - CUDA_VISIBLE_DEVICES: [0]
[I 2023-12-27 10:54:33,259] Trial 16 finished with value: 189.79913330078125 and parameters: {'gradient_clip_val': 0.2560529345421626, 'hidden_size': 50, 'dropout': 0.2382094571053737, 'hidden_continuous_size': 11, 'attention_head_size': 1, 'learning_rate': 0.013091537163084416}. Best is trial 0 with value: 57.06126022338867.
LOCAL_RANK: 0 - CUDA_VISIBLE_DEVICES: [0]
[I 2023-12-27 10:54:33,746] Trial 17 finished with value: 202.33518981933594 and parameters: {'gradient_clip_val': 0.46830834464522864, 'hidden_size': 17, 'dropout': 0.42739649060803536, 'hidden_continuous_size': 6, 'attention_head_size': 4, 'learning_rate': 0.09627961430136739}. Best is trial 0 with value: 57.06126022338867.
LOCAL_RANK: 0 - CUDA_VISIBLE_DEVICES: [0]
[I 2023-12-27 10:54:34,208] Trial 18 finished with value: 183.4242706298828 and parameters: {'gradient_clip_val': 0.6747412067830143, 'hidden_size': 8, 'dropout': 0.3323721572441448, 'hidden_continuous_size': 5, 'attention_head_size': 3, 'learning_rate': 0.02681123541420151}. Best is trial 0 with value: 57.06126022338867.
LOCAL_RANK: 0 - CUDA_VISIBLE_DEVICES: [0]
[I 2023-12-27 10:54:34,674] Trial 19 finished with value: 192.5902862548828 and parameters: {'gradient_clip_val': 0.38966216362608525, 'hidden_size': 36, 'dropout': 0.38797506752631244, 'hidden_continuous_size': 8, 'attention_head_size': 2, 'learning_rate': 0.009709537705000753}. Best is trial 0 with value: 57.06126022338867.
LOCAL_RANK: 0 - CUDA_VISIBLE_DEVICES: [0]
[I 2023-12-27 10:54:35,161] Trial 20 finished with value: 192.4865264892578 and parameters: {'gradient_clip_val': 0.7265116968666534, 'hidden_size': 61, 'dropout': 0.2549362693423144, 'hidden_continuous_size': 12, 'attention_head_size': 4, 'learning_rate': 0.021305365915066637}. Best is trial 0 with value: 57.06126022338867.
LOCAL_RANK: 0 - CUDA_VISIBLE_DEVICES: [0]
[I 2023-12-27 10:54:35,610] Trial 21 finished with value: 193.6752166748047 and parameters: {'gradient_clip_val': 0.9869799610768308, 'hidden_size': 24, 'dropout': 0.31739287648476905, 'hidden_continuous_size': 7, 'attention_head_size': 3, 'learning_rate': 0.005796803313602743}. Best is trial 0 with value: 57.06126022338867.
LOCAL_RANK: 0 - CUDA_VISIBLE_DEVICES: [0]
[I 2023-12-27 10:54:36,081] Trial 22 finished with value: 254.97674560546875 and parameters: {'gradient_clip_val': 0.9909086739839467, 'hidden_size': 28, 'dropout': 0.27827244602908324, 'hidden_continuous_size': 8, 'attention_head_size': 3, 'learning_rate': 0.049782157530824676}. Best is trial 0 with value: 57.06126022338867.
LOCAL_RANK: 0 - CUDA_VISIBLE_DEVICES: [0]
[I 2023-12-27 10:54:36,542] Trial 23 finished with value: 185.1619415283203 and parameters: {'gradient_clip_val': 0.7455913897248813, 'hidden_size': 18, 'dropout': 0.3435023280921719, 'hidden_continuous_size': 6, 'attention_head_size': 3, 'learning_rate': 0.009217933371263386}. Best is trial 0 with value: 57.06126022338867.
LOCAL_RANK: 0 - CUDA_VISIBLE_DEVICES: [0]
[I 2023-12-27 10:54:36,992] Trial 24 finished with value: 212.0944061279297 and parameters: {'gradient_clip_val': 0.4687055915227597, 'hidden_size': 42, 'dropout': 0.2644867305717331, 'hidden_continuous_size': 8, 'attention_head_size': 2, 'learning_rate': 0.004057236129322978}. Best is trial 0 with value: 57.06126022338867.
LOCAL_RANK: 0 - CUDA_VISIBLE_DEVICES: [0]
[I 2023-12-27 10:54:37,410] Trial 25 finished with value: 222.5735321044922 and parameters: {'gradient_clip_val': 0.5252349119486815, 'hidden_size': 5, 'dropout': 0.3079793121039492, 'hidden_continuous_size': 5, 'attention_head_size': 3, 'learning_rate': 0.019727791800720373}. Best is trial 0 with value: 57.06126022338867.
LOCAL_RANK: 0 - CUDA_VISIBLE_DEVICES: [0]
[I 2023-12-27 10:54:37,889] Trial 26 finished with value: 277.537841796875 and parameters: {'gradient_clip_val': 0.8173099845507418, 'hidden_size': 62, 'dropout': 0.22805896974357626, 'hidden_continuous_size': 10, 'attention_head_size': 4, 'learning_rate': 0.010532533123750768}. Best is trial 0 with value: 57.06126022338867.
LOCAL_RANK: 0 - CUDA_VISIBLE_DEVICES: [0]
[I 2023-12-27 10:54:38,357] Trial 27 finished with value: 196.7362518310547 and parameters: {'gradient_clip_val': 0.6507307387379415, 'hidden_size': 33, 'dropout': 0.21823288663972135, 'hidden_continuous_size': 7, 'attention_head_size': 3, 'learning_rate': 0.0073725025276103265}. Best is trial 0 with value: 57.06126022338867.
LOCAL_RANK: 0 - CUDA_VISIBLE_DEVICES: [0]
[I 2023-12-27 10:54:39,040] Trial 28 finished with value: 247.385009765625 and parameters: {'gradient_clip_val': 0.36830017736893533, 'hidden_size': 10, 'dropout': 0.2760048010944944, 'hidden_continuous_size': 5, 'attention_head_size': 2, 'learning_rate': 0.0336860128282853}. Best is trial 0 with value: 57.06126022338867.
LOCAL_RANK: 0 - CUDA_VISIBLE_DEVICES: [0]
[I 2023-12-27 10:54:39,486] Trial 29 finished with value: 197.495361328125 and parameters: {'gradient_clip_val': 0.5845075500368347, 'hidden_size': 7, 'dropout': 0.28750917122623965, 'hidden_continuous_size': 5, 'attention_head_size': 4, 'learning_rate': 0.00371593004274533}. Best is trial 0 with value: 57.06126022338867.
LOCAL_RANK: 0 - CUDA_VISIBLE_DEVICES: [0]
[I 2023-12-27 10:54:39,943] Trial 30 finished with value: 218.3550262451172 and parameters: {'gradient_clip_val': 0.8384274640302394, 'hidden_size': 19, 'dropout': 0.2662976159089226, 'hidden_continuous_size': 6, 'attention_head_size': 3, 'learning_rate': 0.022004426425789706}. Best is trial 0 with value: 57.06126022338867.
LOCAL_RANK: 0 - CUDA_VISIBLE_DEVICES: [0]
[I 2023-12-27 10:54:40,380] Trial 31 finished with value: 190.9600830078125 and parameters: {'gradient_clip_val': 0.6645245476748071, 'hidden_size': 8, 'dropout': 0.3338267929477479, 'hidden_continuous_size': 5, 'attention_head_size': 3, 'learning_rate': 0.027144125148347027}. Best is trial 0 with value: 57.06126022338867.
LOCAL_RANK: 0 - CUDA_VISIBLE_DEVICES: [0]
[I 2023-12-27 10:54:40,837] Trial 32 finished with value: 221.2946014404297 and parameters: {'gradient_clip_val': 0.6884732658810073, 'hidden_size': 6, 'dropout': 0.34169644840039637, 'hidden_continuous_size': 5, 'attention_head_size': 3, 'learning_rate': 0.013506225422885158}. Best is trial 0 with value: 57.06126022338867.
LOCAL_RANK: 0 - CUDA_VISIBLE_DEVICES: [0]
[I 2023-12-27 10:54:41,267] Trial 33 finished with value: 246.7046661376953 and parameters: {'gradient_clip_val': 0.5900108279977986, 'hidden_size': 8, 'dropout': 0.3176534790063567, 'hidden_continuous_size': 5, 'attention_head_size': 3, 'learning_rate': 0.01579363645823048}. Best is trial 0 with value: 57.06126022338867.
LOCAL_RANK: 0 - CUDA_VISIBLE_DEVICES: [0]
[I 2023-12-27 10:54:41,661] Trial 34 finished with value: 300.9704895019531 and parameters: {'gradient_clip_val': 0.8671220443356588, 'hidden_size': 5, 'dropout': 0.30249034063857383, 'hidden_continuous_size': 5, 'attention_head_size': 2, 'learning_rate': 0.04298694670053451}. Best is trial 0 with value: 57.06126022338867.
LOCAL_RANK: 0 - CUDA_VISIBLE_DEVICES: [0]
[I 2023-12-27 10:54:42,101] Trial 35 finished with value: 204.6977081298828 and parameters: {'gradient_clip_val': 0.7525124479120793, 'hidden_size': 10, 'dropout': 0.2864644133572552, 'hidden_continuous_size': 6, 'attention_head_size': 3, 'learning_rate': 0.061914193188177764}. Best is trial 0 with value: 57.06126022338867.
LOCAL_RANK: 0 - CUDA_VISIBLE_DEVICES: [0]
[I 2023-12-27 10:54:42,545] Trial 36 finished with value: 187.0510711669922 and parameters: {'gradient_clip_val': 0.5165806666527469, 'hidden_size': 6, 'dropout': 0.35796145697234005, 'hidden_continuous_size': 5, 'attention_head_size': 2, 'learning_rate': 0.023303518285280454}. Best is trial 0 with value: 57.06126022338867.
LOCAL_RANK: 0 - CUDA_VISIBLE_DEVICES: [0]
[I 2023-12-27 10:54:43,029] Trial 37 finished with value: 187.196044921875 and parameters: {'gradient_clip_val': 0.3332442038163025, 'hidden_size': 76, 'dropout': 0.24269967437147458, 'hidden_continuous_size': 13, 'attention_head_size': 3, 'learning_rate': 0.030510619194963437}. Best is trial 0 with value: 57.06126022338867.
LOCAL_RANK: 0 - CUDA_VISIBLE_DEVICES: [0]
[I 2023-12-27 10:54:43,515] Trial 38 finished with value: 191.56610107421875 and parameters: {'gradient_clip_val': 0.24681344622317325, 'hidden_size': 115, 'dropout': 0.31919397915968706, 'hidden_continuous_size': 21, 'attention_head_size': 3, 'learning_rate': 0.016241797186022058}. Best is trial 0 with value: 57.06126022338867.
LOCAL_RANK: 0 - CUDA_VISIBLE_DEVICES: [0]
[I 2023-12-27 10:54:43,963] Trial 39 finished with value: 189.68310546875 and parameters: {'gradient_clip_val': 0.923151648826059, 'hidden_size': 28, 'dropout': 0.2885488986677025, 'hidden_continuous_size': 7, 'attention_head_size': 4, 'learning_rate': 0.01197621202774033}. Best is trial 0 with value: 57.06126022338867.
LOCAL_RANK: 0 - CUDA_VISIBLE_DEVICES: [0]
[I 2023-12-27 10:54:44,420] Trial 40 finished with value: 181.5341339111328 and parameters: {'gradient_clip_val': 0.42129324387883693, 'hidden_size': 15, 'dropout': 0.25153095578746476, 'hidden_continuous_size': 9, 'attention_head_size': 1, 'learning_rate': 0.007506012515571725}. Best is trial 0 with value: 57.06126022338867.
LOCAL_RANK: 0 - CUDA_VISIBLE_DEVICES: [0]
[I 2023-12-27 10:54:45,124] Trial 41 finished with value: 221.1754608154297 and parameters: {'gradient_clip_val': 0.43768685976037014, 'hidden_size': 14, 'dropout': 0.2593218324733527, 'hidden_continuous_size': 9, 'attention_head_size': 1, 'learning_rate': 0.0024101813039333073}. Best is trial 0 with value: 57.06126022338867.
LOCAL_RANK: 0 - CUDA_VISIBLE_DEVICES: [0]
[I 2023-12-27 10:54:45,577] Trial 42 finished with value: 203.0174560546875 and parameters: {'gradient_clip_val': 0.414721183220423, 'hidden_size': 21, 'dropout': 0.298510938189477, 'hidden_continuous_size': 8, 'attention_head_size': 1, 'learning_rate': 0.00705579436060956}. Best is trial 0 with value: 57.06126022338867.
LOCAL_RANK: 0 - CUDA_VISIBLE_DEVICES: [0]
[I 2023-12-27 10:54:46,045] Trial 43 finished with value: 192.9195556640625 and parameters: {'gradient_clip_val': 0.34210158113801287, 'hidden_size': 11, 'dropout': 0.24707977925473623, 'hidden_continuous_size': 9, 'attention_head_size': 2, 'learning_rate': 0.003630210961891911}. Best is trial 0 with value: 57.06126022338867.
LOCAL_RANK: 0 - CUDA_VISIBLE_DEVICES: [0]
[I 2023-12-27 10:54:46,482] Trial 44 finished with value: 235.2333221435547 and parameters: {'gradient_clip_val': 0.49517810334691564, 'hidden_size': 15, 'dropout': 0.18371466764209782, 'hidden_continuous_size': 9, 'attention_head_size': 1, 'learning_rate': 0.024468541714989984}. Best is trial 0 with value: 57.06126022338867.
LOCAL_RANK: 0 - CUDA_VISIBLE_DEVICES: [0]
[I 2023-12-27 10:54:46,950] Trial 45 finished with value: 172.9198760986328 and parameters: {'gradient_clip_val': 0.4169417291703978, 'hidden_size': 16, 'dropout': 0.22266495729843364, 'hidden_continuous_size': 10, 'attention_head_size': 2, 'learning_rate': 0.018529364125068597}. Best is trial 0 with value: 57.06126022338867.
LOCAL_RANK: 0 - CUDA_VISIBLE_DEVICES: [0]
[I 2023-12-27 10:54:47,386] Trial 46 finished with value: 276.8221130371094 and parameters: {'gradient_clip_val': 0.4131536453878503, 'hidden_size': 15, 'dropout': 0.21922650902676322, 'hidden_continuous_size': 10, 'attention_head_size': 1, 'learning_rate': 0.015726543176295127}. Best is trial 0 with value: 57.06126022338867.
LOCAL_RANK: 0 - CUDA_VISIBLE_DEVICES: [0]
[I 2023-12-27 10:54:47,919] Trial 47 finished with value: 171.9180450439453 and parameters: {'gradient_clip_val': 0.3150544489405088, 'hidden_size': 22, 'dropout': 0.22950577468378025, 'hidden_continuous_size': 11, 'attention_head_size': 2, 'learning_rate': 0.03468539301630301}. Best is trial 0 with value: 57.06126022338867.
LOCAL_RANK: 0 - CUDA_VISIBLE_DEVICES: [0]
[I 2023-12-27 10:54:48,372] Trial 48 finished with value: 185.0008087158203 and parameters: {'gradient_clip_val': 0.2934903305883041, 'hidden_size': 21, 'dropout': 0.18380787505943902, 'hidden_continuous_size': 10, 'attention_head_size': 2, 'learning_rate': 0.039638403039380384}. Best is trial 0 with value: 57.06126022338867.
LOCAL_RANK: 0 - CUDA_VISIBLE_DEVICES: [0]
[I 2023-12-27 10:54:48,852] Trial 49 finished with value: 202.1421356201172 and parameters: {'gradient_clip_val': 0.3260650589659694, 'hidden_size': 30, 'dropout': 0.2070110933311225, 'hidden_continuous_size': 11, 'attention_head_size': 2, 'learning_rate': 0.036876672569392026}. Best is trial 0 with value: 57.06126022338867.
[I 2023-12-27 10:54:48,984] A new study created in memory with name: no-name-838383e9-8c49-4183-ac0b-60507e4681d8
/home/le004/conda/anaconda3/envs/tsff_env/lib/python3.9/site-packages/lightning/fabric/plugins/environments/slurm.py:191: The `srun` command is available on your system but is not used. HINT: If your intention is to run Lightning on SLURM, prepend your python command with `srun` like so: srun python /home/le004/master_thesis/git/TSFusionForecast/code/ ...
LOCAL_RANK: 0 - CUDA_VISIBLE_DEVICES: [0]
[I 2023-12-27 10:55:17,819] Trial 0 finished with value: 166.20193481445312 and parameters: {'gradient_clip_val': 0.11681954423902714, 'hidden_size': 86, 'dropout': 0.11533361819684021, 'hidden_continuous_size': 59, 'attention_head_size': 1, 'learning_rate': 0.0010547319423521836}. Best is trial 0 with value: 166.20193481445312.
LOCAL_RANK: 0 - CUDA_VISIBLE_DEVICES: [0]
[I 2023-12-27 10:55:18,678] Trial 1 finished with value: 1188.6107177734375 and parameters: {'gradient_clip_val': 0.17990693959562054, 'hidden_size': 40, 'dropout': 0.1138076388871102, 'hidden_continuous_size': 12, 'attention_head_size': 2, 'learning_rate': 0.0006138996139808569}. Best is trial 0 with value: 166.20193481445312.
LOCAL_RANK: 0 - CUDA_VISIBLE_DEVICES: [0]
[I 2023-12-27 10:55:19,359] Trial 2 finished with value: 1123.8770751953125 and parameters: {'gradient_clip_val': 0.2733425790750621, 'hidden_size': 5, 'dropout': 0.4562655802235568, 'hidden_continuous_size': 5, 'attention_head_size': 4, 'learning_rate': 0.036986825103233395}. Best is trial 0 with value: 166.20193481445312.
LOCAL_RANK: 0 - CUDA_VISIBLE_DEVICES: [0]
[I 2023-12-27 10:55:19,796] Trial 3 finished with value: 882.34912109375 and parameters: {'gradient_clip_val': 0.10625672814742795, 'hidden_size': 12, 'dropout': 0.11304578115956879, 'hidden_continuous_size': 6, 'attention_head_size': 1, 'learning_rate': 0.04090769857244474}. Best is trial 0 with value: 166.20193481445312.
LOCAL_RANK: 0 - CUDA_VISIBLE_DEVICES: [0]
[I 2023-12-27 10:55:20,278] Trial 4 finished with value: 909.6871948242188 and parameters: {'gradient_clip_val': 0.6826049415154218, 'hidden_size': 110, 'dropout': 0.32852956266345634, 'hidden_continuous_size': 7, 'attention_head_size': 2, 'learning_rate': 0.020141811228023148}. Best is trial 0 with value: 166.20193481445312.
LOCAL_RANK: 0 - CUDA_VISIBLE_DEVICES: [0]
[I 2023-12-27 10:55:20,712] Trial 5 finished with value: 1131.448486328125 and parameters: {'gradient_clip_val': 0.20216744796805305, 'hidden_size': 32, 'dropout': 0.12264228364763459, 'hidden_continuous_size': 13, 'attention_head_size': 3, 'learning_rate': 0.039008300159688085}. Best is trial 0 with value: 166.20193481445312.
LOCAL_RANK: 0 - CUDA_VISIBLE_DEVICES: [0]
[I 2023-12-27 10:55:21,201] Trial 6 finished with value: 924.5432739257812 and parameters: {'gradient_clip_val': 0.1035084130070277, 'hidden_size': 72, 'dropout': 0.49861477837562007, 'hidden_continuous_size': 58, 'attention_head_size': 4, 'learning_rate': 0.0005895814170989396}. Best is trial 0 with value: 166.20193481445312.
LOCAL_RANK: 0 - CUDA_VISIBLE_DEVICES: [0]
[I 2023-12-27 10:55:21,668] Trial 7 finished with value: 1169.816162109375 and parameters: {'gradient_clip_val': 0.31628420817056463, 'hidden_size': 48, 'dropout': 0.3645178361295942, 'hidden_continuous_size': 16, 'attention_head_size': 4, 'learning_rate': 0.010786637948055828}. Best is trial 0 with value: 166.20193481445312.
LOCAL_RANK: 0 - CUDA_VISIBLE_DEVICES: [0]
[I 2023-12-27 10:55:22,135] Trial 8 finished with value: 1131.9954833984375 and parameters: {'gradient_clip_val': 0.6982878987684261, 'hidden_size': 82, 'dropout': 0.1464393634547658, 'hidden_continuous_size': 7, 'attention_head_size': 2, 'learning_rate': 0.01894053525029266}. Best is trial 0 with value: 166.20193481445312.
LOCAL_RANK: 0 - CUDA_VISIBLE_DEVICES: [0]
[I 2023-12-27 10:55:22,590] Trial 9 finished with value: 1371.630859375 and parameters: {'gradient_clip_val': 0.19265708105171392, 'hidden_size': 27, 'dropout': 0.42736109548160717, 'hidden_continuous_size': 7, 'attention_head_size': 2, 'learning_rate': 0.0006469356717725543}. Best is trial 0 with value: 166.20193481445312.
LOCAL_RANK: 0 - CUDA_VISIBLE_DEVICES: [0]
[I 2023-12-27 10:55:23,137] Trial 10 finished with value: 948.2858276367188 and parameters: {'gradient_clip_val': 0.39890172819366976, 'hidden_size': 140, 'dropout': 0.2387616073637078, 'hidden_continuous_size': 120, 'attention_head_size': 1, 'learning_rate': 0.0026888970341613825}. Best is trial 0 with value: 166.20193481445312.
LOCAL_RANK: 0 - CUDA_VISIBLE_DEVICES: [0]
[I 2023-12-27 10:55:23,582] Trial 11 finished with value: 1039.889892578125 and parameters: {'gradient_clip_val': 0.10635873437490191, 'hidden_size': 15, 'dropout': 0.19282578417528196, 'hidden_continuous_size': 5, 'attention_head_size': 1, 'learning_rate': 0.07871932550200737}. Best is trial 0 with value: 166.20193481445312.
LOCAL_RANK: 0 - CUDA_VISIBLE_DEVICES: [0]
[I 2023-12-27 10:55:24,038] Trial 12 finished with value: 1025.6292724609375 and parameters: {'gradient_clip_val': 0.13033843749956905, 'hidden_size': 18, 'dropout': 0.22162430975281414, 'hidden_continuous_size': 9, 'attention_head_size': 1, 'learning_rate': 0.004147997788475144}. Best is trial 0 with value: 166.20193481445312.
LOCAL_RANK: 0 - CUDA_VISIBLE_DEVICES: [0]
[I 2023-12-27 10:55:24,482] Trial 13 finished with value: 793.0756225585938 and parameters: {'gradient_clip_val': 0.14019697405904885, 'hidden_size': 10, 'dropout': 0.10544057215660373, 'hidden_continuous_size': 6, 'attention_head_size': 1, 'learning_rate': 0.001927716198948312}. Best is trial 0 with value: 166.20193481445312.
LOCAL_RANK: 0 - CUDA_VISIBLE_DEVICES: [0]
[I 2023-12-27 10:55:24,965] Trial 14 finished with value: 1254.2545166015625 and parameters: {'gradient_clip_val': 0.16157509092044417, 'hidden_size': 9, 'dropout': 0.18288019639719605, 'hidden_continuous_size': 6, 'attention_head_size': 3, 'learning_rate': 0.0017386818673294391}. Best is trial 0 with value: 166.20193481445312.
LOCAL_RANK: 0 - CUDA_VISIBLE_DEVICES: [0]
[I 2023-12-27 10:55:25,461] Trial 15 finished with value: 1058.7294921875 and parameters: {'gradient_clip_val': 0.14271028733624536, 'hidden_size': 53, 'dropout': 0.2639133066545083, 'hidden_continuous_size': 20, 'attention_head_size': 1, 'learning_rate': 0.0014045778081814692}. Best is trial 0 with value: 166.20193481445312.
LOCAL_RANK: 0 - CUDA_VISIBLE_DEVICES: [0]
[I 2023-12-27 10:55:26,232] Trial 16 finished with value: 1219.4730224609375 and parameters: {'gradient_clip_val': 0.14090297033499308, 'hidden_size': 26, 'dropout': 0.16502458948551924, 'hidden_continuous_size': 9, 'attention_head_size': 1, 'learning_rate': 0.0049233304186147905}. Best is trial 0 with value: 166.20193481445312.
LOCAL_RANK: 0 - CUDA_VISIBLE_DEVICES: [0]
[I 2023-12-27 10:55:26,707] Trial 17 finished with value: 1098.9036865234375 and parameters: {'gradient_clip_val': 0.23166273098172052, 'hidden_size': 7, 'dropout': 0.16463721901515815, 'hidden_continuous_size': 5, 'attention_head_size': 3, 'learning_rate': 0.001300840276589477}. Best is trial 0 with value: 166.20193481445312.
LOCAL_RANK: 0 - CUDA_VISIBLE_DEVICES: [0]
[I 2023-12-27 10:55:27,269] Trial 18 finished with value: 935.164306640625 and parameters: {'gradient_clip_val': 0.13756333983045813, 'hidden_size': 149, 'dropout': 0.10777026928790903, 'hidden_continuous_size': 31, 'attention_head_size': 2, 'learning_rate': 0.0026017998804275457}. Best is trial 0 with value: 166.20193481445312.
LOCAL_RANK: 0 - CUDA_VISIBLE_DEVICES: [0]
[I 2023-12-27 10:55:27,740] Trial 19 finished with value: 971.8439331054688 and parameters: {'gradient_clip_val': 0.2291457206589977, 'hidden_size': 20, 'dropout': 0.20668041992426261, 'hidden_continuous_size': 8, 'attention_head_size': 1, 'learning_rate': 0.0009951777144052753}. Best is trial 0 with value: 166.20193481445312.
LOCAL_RANK: 0 - CUDA_VISIBLE_DEVICES: [0]
[I 2023-12-27 10:55:28,191] Trial 20 finished with value: 1263.4674072265625 and parameters: {'gradient_clip_val': 0.15943933248860076, 'hidden_size': 12, 'dropout': 0.26773230711416274, 'hidden_continuous_size': 6, 'attention_head_size': 2, 'learning_rate': 0.0021962212385038806}. Best is trial 0 with value: 166.20193481445312.
LOCAL_RANK: 0 - CUDA_VISIBLE_DEVICES: [0]
[I 2023-12-27 10:55:28,634] Trial 21 finished with value: 948.1937866210938 and parameters: {'gradient_clip_val': 0.10057239660268821, 'hidden_size': 12, 'dropout': 0.10654668614450766, 'hidden_continuous_size': 6, 'attention_head_size': 1, 'learning_rate': 0.0085315395555801}. Best is trial 0 with value: 166.20193481445312.
LOCAL_RANK: 0 - CUDA_VISIBLE_DEVICES: [0]
[I 2023-12-27 10:55:29,088] Trial 22 finished with value: 1161.81640625 and parameters: {'gradient_clip_val': 0.12144332209846545, 'hidden_size': 9, 'dropout': 0.14713208418764134, 'hidden_continuous_size': 6, 'attention_head_size': 1, 'learning_rate': 0.0010456009372455215}. Best is trial 0 with value: 166.20193481445312.
LOCAL_RANK: 0 - CUDA_VISIBLE_DEVICES: [0]
