[I 2023-12-27 11:08:13,892] Trial 43 finished with value: 2684.9892578125 and parameters: {'gradient_clip_val': 0.8691311650463552, 'hidden_size': 12, 'dropout': 0.41841429301773686, 'hidden_continuous_size': 6, 'attention_head_size': 1, 'learning_rate': 0.04406055910852356}. Best is trial 1 with value: 837.9328002929688.
[I 2023-12-27 11:08:14,394] Trial 44 finished with value: 3649.18359375 and parameters: {'gradient_clip_val': 0.273980179802261, 'hidden_size': 114, 'dropout': 0.36198861337813537, 'hidden_continuous_size': 10, 'attention_head_size': 1, 'learning_rate': 0.07848915594921198}. Best is trial 1 with value: 837.9328002929688.
[I 2023-12-27 11:08:14,738] Trial 45 finished with value: 2797.936767578125 and parameters: {'gradient_clip_val': 0.3080347305168836, 'hidden_size': 6, 'dropout': 0.4507959201496483, 'hidden_continuous_size': 5, 'attention_head_size': 1, 'learning_rate': 0.03372014296947063}. Best is trial 1 with value: 837.9328002929688.
[I 2023-12-27 11:08:15,082] Trial 46 finished with value: 3603.491943359375 and parameters: {'gradient_clip_val': 0.24304783681542075, 'hidden_size': 8, 'dropout': 0.33388909768338343, 'hidden_continuous_size': 6, 'attention_head_size': 2, 'learning_rate': 0.057139374001901}. Best is trial 1 with value: 837.9328002929688.
[I 2023-12-27 11:08:15,463] Trial 47 finished with value: 2806.406005859375 and parameters: {'gradient_clip_val': 0.4493511428841889, 'hidden_size': 14, 'dropout': 0.3819058733061639, 'hidden_continuous_size': 7, 'attention_head_size': 4, 'learning_rate': 0.0865756688637021}. Best is trial 1 with value: 837.9328002929688.
[I 2023-12-27 11:08:15,868] Trial 48 finished with value: 3154.841552734375 and parameters: {'gradient_clip_val': 0.21940101661658135, 'hidden_size': 34, 'dropout': 0.4099174034996754, 'hidden_continuous_size': 17, 'attention_head_size': 3, 'learning_rate': 0.03694042171310021}. Best is trial 1 with value: 837.9328002929688.
[I 2023-12-27 11:08:16,211] Trial 49 finished with value: 3077.454345703125 and parameters: {'gradient_clip_val': 0.16926624724421524, 'hidden_size': 16, 'dropout': 0.27786676901094515, 'hidden_continuous_size': 8, 'attention_head_size': 2, 'learning_rate': 0.07751705679623931}. Best is trial 1 with value: 837.9328002929688.
[I 2023-12-27 11:08:16,317] A new study created in memory with name: no-name-aaaf7e28-3482-4078-b7cc-0eceaa675afe
/home/le004/conda/anaconda3/envs/tsff_env/lib/python3.9/site-packages/lightning/fabric/plugins/environments/slurm.py:191: The `srun` command is available on your system but is not used. HINT: If your intention is to run Lightning on SLURM, prepend your python command with `srun` like so: srun python /home/le004/master_thesis/git/TSFusionForecast/code/ ...
[I 2023-12-27 11:08:43,031] Trial 0 finished with value: 994.8546752929688 and parameters: {'gradient_clip_val': 0.9287835639859678, 'hidden_size': 14, 'dropout': 0.23489302821061414, 'hidden_continuous_size': 10, 'attention_head_size': 2, 'learning_rate': 0.024504111934753763}. Best is trial 0 with value: 994.8546752929688.
[I 2023-12-27 11:08:43,537] Trial 1 finished with value: 6103.42724609375 and parameters: {'gradient_clip_val': 0.28859078968847957, 'hidden_size': 105, 'dropout': 0.2848108491705269, 'hidden_continuous_size': 39, 'attention_head_size': 1, 'learning_rate': 0.042108901110945396}. Best is trial 0 with value: 994.8546752929688.
[I 2023-12-27 11:08:43,945] Trial 2 finished with value: 4661.5009765625 and parameters: {'gradient_clip_val': 0.10884281671713023, 'hidden_size': 79, 'dropout': 0.4045501652628777, 'hidden_continuous_size': 6, 'attention_head_size': 2, 'learning_rate': 0.04501700186472415}. Best is trial 0 with value: 994.8546752929688.
[I 2023-12-27 11:08:44,272] Trial 3 finished with value: 5753.73486328125 and parameters: {'gradient_clip_val': 0.17949906853758157, 'hidden_size': 17, 'dropout': 0.34171832668042645, 'hidden_continuous_size': 6, 'attention_head_size': 2, 'learning_rate': 0.0009636766978656417}. Best is trial 0 with value: 994.8546752929688.
[I 2023-12-27 11:08:44,663] Trial 4 finished with value: 4663.82275390625 and parameters: {'gradient_clip_val': 0.31495184238373053, 'hidden_size': 53, 'dropout': 0.20972721660061092, 'hidden_continuous_size': 35, 'attention_head_size': 1, 'learning_rate': 0.06933602068928671}. Best is trial 0 with value: 994.8546752929688.
[I 2023-12-27 11:08:45,285] Trial 5 finished with value: 5362.74755859375 and parameters: {'gradient_clip_val': 0.10073780149283906, 'hidden_size': 64, 'dropout': 0.3587804995991828, 'hidden_continuous_size': 28, 'attention_head_size': 4, 'learning_rate': 0.023390168157844296}. Best is trial 0 with value: 994.8546752929688.
[I 2023-12-27 11:08:45,577] Trial 6 finished with value: 5308.93212890625 and parameters: {'gradient_clip_val': 0.37896004201015576, 'hidden_size': 5, 'dropout': 0.202502923541386, 'hidden_continuous_size': 5, 'attention_head_size': 3, 'learning_rate': 0.03464119003717841}. Best is trial 0 with value: 994.8546752929688.
[I 2023-12-27 11:08:45,935] Trial 7 finished with value: 4653.55126953125 and parameters: {'gradient_clip_val': 0.2080054616699338, 'hidden_size': 34, 'dropout': 0.13319476982969902, 'hidden_continuous_size': 14, 'attention_head_size': 1, 'learning_rate': 0.0535307966389837}. Best is trial 0 with value: 994.8546752929688.
[I 2023-12-27 11:08:46,255] Trial 8 finished with value: 4685.375 and parameters: {'gradient_clip_val': 0.8829183636410762, 'hidden_size': 7, 'dropout': 0.15417082155843098, 'hidden_continuous_size': 6, 'attention_head_size': 2, 'learning_rate': 0.0005016477950400056}. Best is trial 0 with value: 994.8546752929688.
[I 2023-12-27 11:08:46,583] Trial 9 finished with value: 5967.208984375 and parameters: {'gradient_clip_val': 0.7776601702663608, 'hidden_size': 11, 'dropout': 0.47967790842959523, 'hidden_continuous_size': 7, 'attention_head_size': 4, 'learning_rate': 0.010107529400477636}. Best is trial 0 with value: 994.8546752929688.
[I 2023-12-27 11:08:46,939] Trial 10 finished with value: 4634.94384765625 and parameters: {'gradient_clip_val': 0.6156192769007266, 'hidden_size': 19, 'dropout': 0.27266612019743697, 'hidden_continuous_size': 10, 'attention_head_size': 3, 'learning_rate': 0.004755386313583302}. Best is trial 0 with value: 994.8546752929688.
[I 2023-12-27 11:08:47,310] Trial 11 finished with value: 7162.04052734375 and parameters: {'gradient_clip_val': 0.6721418458261076, 'hidden_size': 20, 'dropout': 0.26864379103900254, 'hidden_continuous_size': 10, 'attention_head_size': 3, 'learning_rate': 0.004707685948023738}. Best is trial 0 with value: 994.8546752929688.
[I 2023-12-27 11:08:47,686] Trial 12 finished with value: 4359.88232421875 and parameters: {'gradient_clip_val': 0.9958632173140691, 'hidden_size': 26, 'dropout': 0.2353879877192143, 'hidden_continuous_size': 10, 'attention_head_size': 3, 'learning_rate': 0.005692447917571895}. Best is trial 0 with value: 994.8546752929688.
[I 2023-12-27 11:08:48,060] Trial 13 finished with value: 4036.257568359375 and parameters: {'gradient_clip_val': 0.9664153737830609, 'hidden_size': 33, 'dropout': 0.10637604736159212, 'hidden_continuous_size': 14, 'attention_head_size': 3, 'learning_rate': 0.011567251968929972}. Best is trial 0 with value: 994.8546752929688.
[I 2023-12-27 11:08:48,460] Trial 14 finished with value: 4333.42822265625 and parameters: {'gradient_clip_val': 0.5608789837856332, 'hidden_size': 38, 'dropout': 0.12186324473886234, 'hidden_continuous_size': 17, 'attention_head_size': 2, 'learning_rate': 0.016912939717224584}. Best is trial 0 with value: 994.8546752929688.
[I 2023-12-27 11:08:48,820] Trial 15 finished with value: 6194.91845703125 and parameters: {'gradient_clip_val': 0.9503989023347821, 'hidden_size': 10, 'dropout': 0.17256032624738754, 'hidden_continuous_size': 8, 'attention_head_size': 4, 'learning_rate': 0.016116273235242073}. Best is trial 0 with value: 994.8546752929688.
[I 2023-12-27 11:08:49,220] Trial 16 finished with value: 5290.6572265625 and parameters: {'gradient_clip_val': 0.501728072492983, 'hidden_size': 40, 'dropout': 0.12139277627874792, 'hidden_continuous_size': 18, 'attention_head_size': 3, 'learning_rate': 0.009994751879299765}. Best is trial 0 with value: 994.8546752929688.
[I 2023-12-27 11:08:49,836] Trial 17 finished with value: 6745.46240234375 and parameters: {'gradient_clip_val': 0.7528332751027793, 'hidden_size': 142, 'dropout': 0.10035258315670895, 'hidden_continuous_size': 90, 'attention_head_size': 2, 'learning_rate': 0.07678539853050807}. Best is trial 0 with value: 994.8546752929688.
[I 2023-12-27 11:08:50,423] Trial 18 finished with value: 5840.015625 and parameters: {'gradient_clip_val': 0.48070492601836545, 'hidden_size': 13, 'dropout': 0.1683244525227956, 'hidden_continuous_size': 5, 'attention_head_size': 2, 'learning_rate': 0.027578214738409577}. Best is trial 0 with value: 994.8546752929688.
[I 2023-12-27 11:08:50,807] Trial 19 finished with value: 5233.47705078125 and parameters: {'gradient_clip_val': 0.7159306476206316, 'hidden_size': 27, 'dropout': 0.22900440070335032, 'hidden_continuous_size': 12, 'attention_head_size': 3, 'learning_rate': 0.09982804029486335}. Best is trial 0 with value: 994.8546752929688.
[I 2023-12-27 11:08:51,158] Trial 20 finished with value: 5994.1875 and parameters: {'gradient_clip_val': 0.8266477141210433, 'hidden_size': 14, 'dropout': 0.17906613612374206, 'hidden_continuous_size': 7, 'attention_head_size': 1, 'learning_rate': 0.0029455136907328852}. Best is trial 0 with value: 994.8546752929688.
[I 2023-12-27 11:08:51,554] Trial 21 finished with value: 5990.37646484375 and parameters: {'gradient_clip_val': 0.9874422452527478, 'hidden_size': 44, 'dropout': 0.10833230189218797, 'hidden_continuous_size': 17, 'attention_head_size': 2, 'learning_rate': 0.017136603048399777}. Best is trial 0 with value: 994.8546752929688.
[I 2023-12-27 11:08:51,945] Trial 22 finished with value: 4657.72412109375 and parameters: {'gradient_clip_val': 0.5846806653282035, 'hidden_size': 30, 'dropout': 0.14221055363055915, 'hidden_continuous_size': 13, 'attention_head_size': 2, 'learning_rate': 0.018062788448246127}. Best is trial 0 with value: 994.8546752929688.
[I 2023-12-27 11:08:52,337] Trial 23 finished with value: 6321.42724609375 and parameters: {'gradient_clip_val': 0.5589706228057613, 'hidden_size': 45, 'dropout': 0.10331199595314954, 'hidden_continuous_size': 17, 'attention_head_size': 2, 'learning_rate': 0.01101585720040852}. Best is trial 0 with value: 994.8546752929688.
[I 2023-12-27 11:08:52,707] Trial 24 finished with value: 6932.88916015625 and parameters: {'gradient_clip_val': 0.7670709876653857, 'hidden_size': 23, 'dropout': 0.13490513228142645, 'hidden_continuous_size': 9, 'attention_head_size': 3, 'learning_rate': 0.025488401501902846}. Best is trial 0 with value: 994.8546752929688.
[I 2023-12-27 11:08:53,073] Trial 25 finished with value: 5406.60302734375 and parameters: {'gradient_clip_val': 0.6623156939566226, 'hidden_size': 33, 'dropout': 0.19101587717362373, 'hidden_continuous_size': 12, 'attention_head_size': 2, 'learning_rate': 0.014010505657520302}. Best is trial 0 with value: 994.8546752929688.
[I 2023-12-27 11:08:53,412] Trial 26 finished with value: 4190.34912109375 and parameters: {'gradient_clip_val': 0.8453469167780625, 'hidden_size': 17, 'dropout': 0.16404612464538207, 'hidden_continuous_size': 8, 'attention_head_size': 1, 'learning_rate': 0.03096707978753221}. Best is trial 0 with value: 994.8546752929688.
[I 2023-12-27 11:08:53,775] Trial 27 finished with value: 4597.3076171875 and parameters: {'gradient_clip_val': 0.8485736035476271, 'hidden_size': 16, 'dropout': 0.15484523569902958, 'hidden_continuous_size': 8, 'attention_head_size': 1, 'learning_rate': 0.03204258151800282}. Best is trial 0 with value: 994.8546752929688.
[I 2023-12-27 11:08:54,128] Trial 28 finished with value: 3921.920166015625 and parameters: {'gradient_clip_val': 0.9816467413619621, 'hidden_size': 24, 'dropout': 0.2456806500037107, 'hidden_continuous_size': 9, 'attention_head_size': 1, 'learning_rate': 0.05109295484328983}. Best is trial 0 with value: 994.8546752929688.
[I 2023-12-27 11:08:54,489] Trial 29 finished with value: 6790.587890625 and parameters: {'gradient_clip_val': 0.9871005868846446, 'hidden_size': 25, 'dropout': 0.23665343591466742, 'hidden_continuous_size': 11, 'attention_head_size': 1, 'learning_rate': 0.047002276145171065}. Best is trial 0 with value: 994.8546752929688.
[I 2023-12-27 11:08:54,845] Trial 30 finished with value: 5563.46533203125 and parameters: {'gradient_clip_val': 0.6842025518726954, 'hidden_size': 20, 'dropout': 0.3087419233704294, 'hidden_continuous_size': 9, 'attention_head_size': 1, 'learning_rate': 0.05539375909400909}. Best is trial 0 with value: 994.8546752929688.
[I 2023-12-27 11:08:55,436] Trial 31 finished with value: 7679.83203125 and parameters: {'gradient_clip_val': 0.8451186419549888, 'hidden_size': 22, 'dropout': 0.19639471420695634, 'hidden_continuous_size': 9, 'attention_head_size': 1, 'learning_rate': 0.03505671377383007}. Best is trial 0 with value: 994.8546752929688.
[I 2023-12-27 11:08:55,775] Trial 32 finished with value: 5507.0625 and parameters: {'gradient_clip_val': 0.831430985742286, 'hidden_size': 16, 'dropout': 0.2591936269571756, 'hidden_continuous_size': 8, 'attention_head_size': 1, 'learning_rate': 0.03865393748968799}. Best is trial 0 with value: 994.8546752929688.
[I 2023-12-27 11:08:56,148] Trial 33 finished with value: 4974.7998046875 and parameters: {'gradient_clip_val': 0.8914871107516255, 'hidden_size': 29, 'dropout': 0.210238860900337, 'hidden_continuous_size': 11, 'attention_head_size': 1, 'learning_rate': 0.02483998728730192}. Best is trial 0 with value: 994.8546752929688.
[I 2023-12-27 11:08:56,491] Trial 34 finished with value: 4900.30517578125 and parameters: {'gradient_clip_val': 0.7190607166298152, 'hidden_size': 17, 'dropout': 0.16142003555906057, 'hidden_continuous_size': 7, 'attention_head_size': 1, 'learning_rate': 0.04489975950599074}. Best is trial 0 with value: 994.8546752929688.
[I 2023-12-27 11:08:56,898] Trial 35 finished with value: 7778.65625 and parameters: {'gradient_clip_val': 0.9941750548574414, 'hidden_size': 65, 'dropout': 0.21954531296880012, 'hidden_continuous_size': 13, 'attention_head_size': 1, 'learning_rate': 0.02248953022602762}. Best is trial 0 with value: 994.8546752929688.
[I 2023-12-27 11:08:57,275] Trial 36 finished with value: 6509.43505859375 and parameters: {'gradient_clip_val': 0.40429182192941526, 'hidden_size': 22, 'dropout': 0.29477607736790823, 'hidden_continuous_size': 9, 'attention_head_size': 4, 'learning_rate': 0.06189735409802091}. Best is trial 0 with value: 994.8546752929688.
[I 2023-12-27 11:08:57,646] Trial 37 finished with value: 5670.34033203125 and parameters: {'gradient_clip_val': 0.7719904074977861, 'hidden_size': 34, 'dropout': 0.1872109671409143, 'hidden_continuous_size': 6, 'attention_head_size': 2, 'learning_rate': 0.03496257820291821}. Best is trial 0 with value: 994.8546752929688.
[I 2023-12-27 11:08:58,001] Trial 38 finished with value: 6042.87158203125 and parameters: {'gradient_clip_val': 0.6445993070086393, 'hidden_size': 10, 'dropout': 0.24926623986939409, 'hidden_continuous_size': 8, 'attention_head_size': 3, 'learning_rate': 0.08696846516253817}. Best is trial 0 with value: 994.8546752929688.
[I 2023-12-27 11:08:58,403] Trial 39 finished with value: 7123.35009765625 and parameters: {'gradient_clip_val': 0.8687387452787093, 'hidden_size': 51, 'dropout': 0.2034551932793267, 'hidden_continuous_size': 15, 'attention_head_size': 1, 'learning_rate': 0.06507098551300061}. Best is trial 0 with value: 994.8546752929688.
[I 2023-12-27 11:08:58,759] Trial 40 finished with value: 6400.712890625 and parameters: {'gradient_clip_val': 0.8967706213291777, 'hidden_size': 13, 'dropout': 0.14167948726035814, 'hidden_continuous_size': 7, 'attention_head_size': 2, 'learning_rate': 0.03954627064910908}. Best is trial 0 with value: 994.8546752929688.
[I 2023-12-27 11:08:59,148] Trial 41 finished with value: 5639.21142578125 and parameters: {'gradient_clip_val': 0.7485973948630814, 'hidden_size': 38, 'dropout': 0.12211009072599338, 'hidden_continuous_size': 15, 'attention_head_size': 2, 'learning_rate': 0.022274910327808886}. Best is trial 0 with value: 994.8546752929688.
[I 2023-12-27 11:08:59,544] Trial 42 finished with value: 4468.88623046875 and parameters: {'gradient_clip_val': 0.7952920192859817, 'hidden_size': 31, 'dropout': 0.12229428027183288, 'hidden_continuous_size': 11, 'attention_head_size': 2, 'learning_rate': 0.01292257655725413}. Best is trial 0 with value: 994.8546752929688.
[I 2023-12-27 11:08:59,929] Trial 43 finished with value: 4650.6611328125 and parameters: {'gradient_clip_val': 0.6143459525692716, 'hidden_size': 25, 'dropout': 0.1549058937192836, 'hidden_continuous_size': 9, 'attention_head_size': 3, 'learning_rate': 0.020874461861796586}. Best is trial 0 with value: 994.8546752929688.
[I 2023-12-27 11:09:00,510] Trial 44 finished with value: 6936.37255859375 and parameters: {'gradient_clip_val': 0.8862427767077855, 'hidden_size': 37, 'dropout': 0.16926219555364078, 'hidden_continuous_size': 19, 'attention_head_size': 2, 'learning_rate': 0.051080257971376865}. Best is trial 0 with value: 994.8546752929688.
[I 2023-12-27 11:09:00,871] Trial 45 finished with value: 7156.46337890625 and parameters: {'gradient_clip_val': 0.5438463691578871, 'hidden_size': 19, 'dropout': 0.2164479318889691, 'hidden_continuous_size': 10, 'attention_head_size': 1, 'learning_rate': 0.008757847162915262}. Best is trial 0 with value: 994.8546752929688.
[I 2023-12-27 11:09:01,281] Trial 46 finished with value: 7248.91943359375 and parameters: {'gradient_clip_val': 0.7067349217456917, 'hidden_size': 60, 'dropout': 0.14103049196993486, 'hidden_continuous_size': 15, 'attention_head_size': 3, 'learning_rate': 0.02863730870548615}. Best is trial 0 with value: 994.8546752929688.
[I 2023-12-27 11:09:01,655] Trial 47 finished with value: 3231.8017578125 and parameters: {'gradient_clip_val': 0.9221295331984691, 'hidden_size': 27, 'dropout': 0.1887537544340135, 'hidden_continuous_size': 10, 'attention_head_size': 4, 'learning_rate': 0.01799260104391204}. Best is trial 0 with value: 994.8546752929688.
[I 2023-12-27 11:09:02,056] Trial 48 finished with value: 6371.10546875 and parameters: {'gradient_clip_val': 0.9313146060802607, 'hidden_size': 27, 'dropout': 0.18556860277673176, 'hidden_continuous_size': 10, 'attention_head_size': 4, 'learning_rate': 0.01421596596086423}. Best is trial 0 with value: 994.8546752929688.
[I 2023-12-27 11:09:02,405] Trial 49 finished with value: 5601.08251953125 and parameters: {'gradient_clip_val': 0.919240397643342, 'hidden_size': 18, 'dropout': 0.24658151897237568, 'hidden_continuous_size': 8, 'attention_head_size': 4, 'learning_rate': 0.029301923297244452}. Best is trial 0 with value: 994.8546752929688.
[I 2023-12-27 11:09:02,511] A new study created in memory with name: no-name-963d6244-137f-4bef-96a6-047f8cce499e
/home/le004/conda/anaconda3/envs/tsff_env/lib/python3.9/site-packages/lightning/fabric/plugins/environments/slurm.py:191: The `srun` command is available on your system but is not used. HINT: If your intention is to run Lightning on SLURM, prepend your python command with `srun` like so: srun python /home/le004/master_thesis/git/TSFusionForecast/code/ ...
[I 2023-12-27 11:09:29,814] Trial 0 finished with value: 21.430665969848633 and parameters: {'gradient_clip_val': 0.7517877899785843, 'hidden_size': 10, 'dropout': 0.205675522578774, 'hidden_continuous_size': 6, 'attention_head_size': 3, 'learning_rate': 0.011813694357519151}. Best is trial 0 with value: 21.430665969848633.
[I 2023-12-27 11:09:30,105] Trial 1 finished with value: 62.68793869018555 and parameters: {'gradient_clip_val': 0.10066279291900869, 'hidden_size': 6, 'dropout': 0.4921304393467526, 'hidden_continuous_size': 6, 'attention_head_size': 1, 'learning_rate': 0.0016507209479981028}. Best is trial 0 with value: 21.430665969848633.
[I 2023-12-27 11:09:30,395] Trial 2 finished with value: 81.11458587646484 and parameters: {'gradient_clip_val': 0.9905258822101711, 'hidden_size': 6, 'dropout': 0.17736884955548013, 'hidden_continuous_size': 6, 'attention_head_size': 2, 'learning_rate': 0.07592226524707009}. Best is trial 0 with value: 21.430665969848633.
[I 2023-12-27 11:09:30,723] Trial 3 finished with value: 70.00550079345703 and parameters: {'gradient_clip_val': 0.4061376507777652, 'hidden_size': 6, 'dropout': 0.22773871532952175, 'hidden_continuous_size': 5, 'attention_head_size': 4, 'learning_rate': 0.0072614311055787615}. Best is trial 0 with value: 21.430665969848633.
[I 2023-12-27 11:09:31,069] Trial 4 finished with value: 68.10607147216797 and parameters: {'gradient_clip_val': 0.1265509944994967, 'hidden_size': 26, 'dropout': 0.3997849232479268, 'hidden_continuous_size': 9, 'attention_head_size': 4, 'learning_rate': 0.021060536405380553}. Best is trial 0 with value: 21.430665969848633.
[I 2023-12-27 11:09:31,472] Trial 5 finished with value: 53.17182540893555 and parameters: {'gradient_clip_val': 0.19245080951810128, 'hidden_size': 65, 'dropout': 0.17967069742930059, 'hidden_continuous_size': 50, 'attention_head_size': 1, 'learning_rate': 0.0011485265324367216}. Best is trial 0 with value: 21.430665969848633.
[I 2023-12-27 11:09:32,020] Trial 6 finished with value: 67.0532455444336 and parameters: {'gradient_clip_val': 0.3576812145245996, 'hidden_size': 8, 'dropout': 0.12599878638796827, 'hidden_continuous_size': 6, 'attention_head_size': 3, 'learning_rate': 0.008664879719230925}. Best is trial 0 with value: 21.430665969848633.
