[I 2023-12-27 11:34:54,450] Trial 6 finished with value: 3.4181015491485596 and parameters: {'gradient_clip_val': 0.6184495464303921, 'hidden_size': 11, 'dropout': 0.4901613278085919, 'hidden_continuous_size': 10, 'attention_head_size': 2, 'learning_rate': 0.029726376264296257}. Best is trial 1 with value: 0.07418578863143921.
[I 2023-12-27 11:34:54,770] Trial 7 finished with value: 3.6338775157928467 and parameters: {'gradient_clip_val': 0.800137063924574, 'hidden_size': 5, 'dropout': 0.13163150800650358, 'hidden_continuous_size': 5, 'attention_head_size': 1, 'learning_rate': 0.0678057907501498}. Best is trial 1 with value: 0.07418578863143921.
[I 2023-12-27 11:34:55,126] Trial 8 finished with value: 2.515045642852783 and parameters: {'gradient_clip_val': 0.14837740377699024, 'hidden_size': 17, 'dropout': 0.14942737960839325, 'hidden_continuous_size': 14, 'attention_head_size': 1, 'learning_rate': 0.0011488907225207165}. Best is trial 1 with value: 0.07418578863143921.
[I 2023-12-27 11:34:55,472] Trial 9 finished with value: 3.705824613571167 and parameters: {'gradient_clip_val': 0.17309422779232797, 'hidden_size': 16, 'dropout': 0.4255750154888791, 'hidden_continuous_size': 7, 'attention_head_size': 3, 'learning_rate': 0.0021420028069682774}. Best is trial 1 with value: 0.07418578863143921.
[I 2023-12-27 11:34:55,875] Trial 10 finished with value: 4.013299465179443 and parameters: {'gradient_clip_val': 0.22940798740979032, 'hidden_size': 44, 'dropout': 0.33672086500254955, 'hidden_continuous_size': 44, 'attention_head_size': 2, 'learning_rate': 0.0830915553318238}. Best is trial 1 with value: 0.07418578863143921.
[I 2023-12-27 11:34:56,495] Trial 11 finished with value: 5.509850978851318 and parameters: {'gradient_clip_val': 0.12595549360453467, 'hidden_size': 37, 'dropout': 0.11033834398311232, 'hidden_continuous_size': 8, 'attention_head_size': 4, 'learning_rate': 0.0007462829975737}. Best is trial 1 with value: 0.07418578863143921.
[I 2023-12-27 11:34:56,893] Trial 12 finished with value: 4.196094036102295 and parameters: {'gradient_clip_val': 0.10951911953732832, 'hidden_size': 27, 'dropout': 0.3137742434527218, 'hidden_continuous_size': 8, 'attention_head_size': 3, 'learning_rate': 0.00994208532128932}. Best is trial 1 with value: 0.07418578863143921.
[I 2023-12-27 11:34:57,486] Trial 13 finished with value: 3.755974054336548 and parameters: {'gradient_clip_val': 0.21794981425016294, 'hidden_size': 148, 'dropout': 0.1840467484339841, 'hidden_continuous_size': 13, 'attention_head_size': 4, 'learning_rate': 0.023882124603054576}. Best is trial 1 with value: 0.07418578863143921.
[I 2023-12-27 11:34:57,857] Trial 14 finished with value: 4.247944355010986 and parameters: {'gradient_clip_val': 0.24123408646553252, 'hidden_size': 8, 'dropout': 0.2699304787412069, 'hidden_continuous_size': 5, 'attention_head_size': 2, 'learning_rate': 0.003563544190996097}. Best is trial 1 with value: 0.07418578863143921.
[I 2023-12-27 11:34:58,245] Trial 15 finished with value: 3.7208635807037354 and parameters: {'gradient_clip_val': 0.10316749451894583, 'hidden_size': 24, 'dropout': 0.10211274431081675, 'hidden_continuous_size': 6, 'attention_head_size': 3, 'learning_rate': 0.014065971106172144}. Best is trial 1 with value: 0.07418578863143921.
[I 2023-12-27 11:34:58,616] Trial 16 finished with value: 4.337541580200195 and parameters: {'gradient_clip_val': 0.48814268750403766, 'hidden_size': 7, 'dropout': 0.1833485249686232, 'hidden_continuous_size': 5, 'attention_head_size': 4, 'learning_rate': 0.04117467343082557}. Best is trial 1 with value: 0.07418578863143921.
[I 2023-12-27 11:34:59,003] Trial 17 finished with value: 2.921794891357422 and parameters: {'gradient_clip_val': 0.2627473429492934, 'hidden_size': 22, 'dropout': 0.2471897973413183, 'hidden_continuous_size': 7, 'attention_head_size': 1, 'learning_rate': 0.049839764906790936}. Best is trial 1 with value: 0.07418578863143921.
[I 2023-12-27 11:34:59,369] Trial 18 finished with value: 3.025766372680664 and parameters: {'gradient_clip_val': 0.196746217705691, 'hidden_size': 8, 'dropout': 0.3463708469211923, 'hidden_continuous_size': 6, 'attention_head_size': 2, 'learning_rate': 0.09750817106922836}. Best is trial 1 with value: 0.07418578863143921.
[I 2023-12-27 11:34:59,814] Trial 19 finished with value: 4.402897357940674 and parameters: {'gradient_clip_val': 0.282245577853918, 'hidden_size': 61, 'dropout': 0.30515627640670134, 'hidden_continuous_size': 10, 'attention_head_size': 3, 'learning_rate': 0.016675350199186756}. Best is trial 1 with value: 0.07418578863143921.
[I 2023-12-27 11:35:00,220] Trial 20 finished with value: 3.0747368335723877 and parameters: {'gradient_clip_val': 0.19731692953500463, 'hidden_size': 30, 'dropout': 0.3725301525635142, 'hidden_continuous_size': 9, 'attention_head_size': 4, 'learning_rate': 0.004653844061463638}. Best is trial 1 with value: 0.07418578863143921.
[I 2023-12-27 11:35:00,591] Trial 21 finished with value: 2.7130396366119385 and parameters: {'gradient_clip_val': 0.1565904381765951, 'hidden_size': 18, 'dropout': 0.13653717791983103, 'hidden_continuous_size': 7, 'attention_head_size': 1, 'learning_rate': 0.0012094914047450693}. Best is trial 1 with value: 0.07418578863143921.
[I 2023-12-27 11:35:00,973] Trial 22 finished with value: 3.2044904232025146 and parameters: {'gradient_clip_val': 0.14821332145672875, 'hidden_size': 20, 'dropout': 0.15930438064937413, 'hidden_continuous_size': 6, 'attention_head_size': 1, 'learning_rate': 0.0005714941395622694}. Best is trial 1 with value: 0.07418578863143921.
[I 2023-12-27 11:35:01,354] Trial 23 finished with value: 3.940856695175171 and parameters: {'gradient_clip_val': 0.13281620195347588, 'hidden_size': 10, 'dropout': 0.10067439543321086, 'hidden_continuous_size': 6, 'attention_head_size': 1, 'learning_rate': 0.0012777313910239058}. Best is trial 1 with value: 0.07418578863143921.
[I 2023-12-27 11:35:01,728] Trial 24 finished with value: 3.645467758178711 and parameters: {'gradient_clip_val': 0.17738849912851326, 'hidden_size': 17, 'dropout': 0.1480998687522485, 'hidden_continuous_size': 7, 'attention_head_size': 1, 'learning_rate': 0.0022996196573705115}. Best is trial 1 with value: 0.07418578863143921.
[I 2023-12-27 11:35:02,402] Trial 25 finished with value: 2.92000412940979 and parameters: {'gradient_clip_val': 0.20108432878161753, 'hidden_size': 31, 'dropout': 0.16526805107032244, 'hidden_continuous_size': 11, 'attention_head_size': 2, 'learning_rate': 0.0061490531134100225}. Best is trial 1 with value: 0.07418578863143921.
[I 2023-12-27 11:35:02,779] Trial 26 finished with value: 3.0887205600738525 and parameters: {'gradient_clip_val': 0.2730664502271524, 'hidden_size': 13, 'dropout': 0.20434894155018937, 'hidden_continuous_size': 7, 'attention_head_size': 1, 'learning_rate': 0.011781178882588679}. Best is trial 1 with value: 0.07418578863143921.
[I 2023-12-27 11:35:03,163] Trial 27 finished with value: 4.086026191711426 and parameters: {'gradient_clip_val': 0.1291735540831957, 'hidden_size': 20, 'dropout': 0.12592730515642053, 'hidden_continuous_size': 8, 'attention_head_size': 2, 'learning_rate': 0.005250345066514718}. Best is trial 1 with value: 0.07418578863143921.
[I 2023-12-27 11:35:03,557] Trial 28 finished with value: 4.417684555053711 and parameters: {'gradient_clip_val': 0.22769275550226684, 'hidden_size': 25, 'dropout': 0.15932916014681225, 'hidden_continuous_size': 11, 'attention_head_size': 1, 'learning_rate': 0.010577022079440553}. Best is trial 1 with value: 0.07418578863143921.
[I 2023-12-27 11:35:03,941] Trial 29 finished with value: 3.900331497192383 and parameters: {'gradient_clip_val': 0.3091184143561969, 'hidden_size': 13, 'dropout': 0.27398289482245075, 'hidden_continuous_size': 5, 'attention_head_size': 1, 'learning_rate': 0.0037731976184194665}. Best is trial 1 with value: 0.07418578863143921.
[I 2023-12-27 11:35:04,313] Trial 30 finished with value: 2.524639129638672 and parameters: {'gradient_clip_val': 0.1740165547606167, 'hidden_size': 16, 'dropout': 0.23280358479494145, 'hidden_continuous_size': 8, 'attention_head_size': 3, 'learning_rate': 0.002779123705612121}. Best is trial 1 with value: 0.07418578863143921.
[I 2023-12-27 11:35:04,684] Trial 31 finished with value: 3.8193957805633545 and parameters: {'gradient_clip_val': 0.17949854002884533, 'hidden_size': 16, 'dropout': 0.22610653704129988, 'hidden_continuous_size': 9, 'attention_head_size': 3, 'learning_rate': 0.0030537086201725227}. Best is trial 1 with value: 0.07418578863143921.
[I 2023-12-27 11:35:05,096] Trial 32 finished with value: 3.662550926208496 and parameters: {'gradient_clip_val': 0.14478424400249418, 'hidden_size': 12, 'dropout': 0.13270831986845136, 'hidden_continuous_size': 6, 'attention_head_size': 4, 'learning_rate': 0.007663198476605926}. Best is trial 1 with value: 0.07418578863143921.
[I 2023-12-27 11:35:05,511] Trial 33 finished with value: 4.14982271194458 and parameters: {'gradient_clip_val': 0.16491962117016132, 'hidden_size': 15, 'dropout': 0.2499951066713492, 'hidden_continuous_size': 7, 'attention_head_size': 3, 'learning_rate': 0.0024773951557877927}. Best is trial 1 with value: 0.07418578863143921.
[I 2023-12-27 11:35:05,916] Trial 34 finished with value: 2.6528093814849854 and parameters: {'gradient_clip_val': 0.20363790585948432, 'hidden_size': 21, 'dropout': 0.20607302330541816, 'hidden_continuous_size': 8, 'attention_head_size': 2, 'learning_rate': 0.0014750166035243982}. Best is trial 1 with value: 0.07418578863143921.
[I 2023-12-27 11:35:06,312] Trial 35 finished with value: 3.8882246017456055 and parameters: {'gradient_clip_val': 0.3377983702632978, 'hidden_size': 10, 'dropout': 0.18281825202822094, 'hidden_continuous_size': 6, 'attention_head_size': 4, 'learning_rate': 0.004532016406443385}. Best is trial 1 with value: 0.07418578863143921.
[I 2023-12-27 11:35:06,717] Trial 36 finished with value: 3.0654735565185547 and parameters: {'gradient_clip_val': 0.25931894508184794, 'hidden_size': 14, 'dropout': 0.15194434796695644, 'hidden_continuous_size': 9, 'attention_head_size': 3, 'learning_rate': 0.007155642599420049}. Best is trial 1 with value: 0.07418578863143921.
[I 2023-12-27 11:35:07,140] Trial 37 finished with value: 3.4175643920898438 and parameters: {'gradient_clip_val': 0.18071443434753331, 'hidden_size': 34, 'dropout': 0.226740198772337, 'hidden_continuous_size': 13, 'attention_head_size': 2, 'learning_rate': 0.001872039111970693}. Best is trial 1 with value: 0.07418578863143921.
[I 2023-12-27 11:35:07,780] Trial 38 finished with value: 4.553823947906494 and parameters: {'gradient_clip_val': 0.3808212799180598, 'hidden_size': 26, 'dropout': 0.12293445114751939, 'hidden_continuous_size': 14, 'attention_head_size': 3, 'learning_rate': 0.003153377183236084}. Best is trial 1 with value: 0.07418578863143921.
[I 2023-12-27 11:35:08,159] Trial 39 finished with value: 3.4053194522857666 and parameters: {'gradient_clip_val': 0.1562094301510069, 'hidden_size': 18, 'dropout': 0.29238842331236325, 'hidden_continuous_size': 8, 'attention_head_size': 4, 'learning_rate': 0.019690111279634687}. Best is trial 1 with value: 0.07418578863143921.
[I 2023-12-27 11:35:08,542] Trial 40 finished with value: 2.7549989223480225 and parameters: {'gradient_clip_val': 0.11429076386256723, 'hidden_size': 11, 'dropout': 0.11478058229241304, 'hidden_continuous_size': 5, 'attention_head_size': 2, 'learning_rate': 0.0009321946846675474}. Best is trial 1 with value: 0.07418578863143921.
[I 2023-12-27 11:35:08,960] Trial 41 finished with value: 3.69323992729187 and parameters: {'gradient_clip_val': 0.20573900277201446, 'hidden_size': 21, 'dropout': 0.20367770797958518, 'hidden_continuous_size': 8, 'attention_head_size': 2, 'learning_rate': 0.001625196480892128}. Best is trial 1 with value: 0.07418578863143921.
[I 2023-12-27 11:35:09,346] Trial 42 finished with value: 3.828404426574707 and parameters: {'gradient_clip_val': 0.14313942386560607, 'hidden_size': 16, 'dropout': 0.2139615178046193, 'hidden_continuous_size': 8, 'attention_head_size': 1, 'learning_rate': 0.0014220957818319002}. Best is trial 1 with value: 0.07418578863143921.
[I 2023-12-27 11:35:09,777] Trial 43 finished with value: 5.139822483062744 and parameters: {'gradient_clip_val': 0.23769618763349867, 'hidden_size': 42, 'dropout': 0.41668934147676745, 'hidden_continuous_size': 15, 'attention_head_size': 2, 'learning_rate': 0.0017162679535915033}. Best is trial 1 with value: 0.07418578863143921.
[I 2023-12-27 11:35:10,176] Trial 44 finished with value: 4.074532985687256 and parameters: {'gradient_clip_val': 0.21404925712099862, 'hidden_size': 29, 'dropout': 0.17089633896674364, 'hidden_continuous_size': 16, 'attention_head_size': 1, 'learning_rate': 0.0023902538250854402}. Best is trial 1 with value: 0.07418578863143921.
[I 2023-12-27 11:35:10,569] Trial 45 finished with value: 4.102541446685791 and parameters: {'gradient_clip_val': 0.17045375141942068, 'hidden_size': 24, 'dropout': 0.18785737917327167, 'hidden_continuous_size': 12, 'attention_head_size': 3, 'learning_rate': 0.0008721455449794782}. Best is trial 1 with value: 0.07418578863143921.
[I 2023-12-27 11:35:10,953] Trial 46 finished with value: 3.376192092895508 and parameters: {'gradient_clip_val': 0.1873766937321095, 'hidden_size': 19, 'dropout': 0.14163800076597852, 'hidden_continuous_size': 10, 'attention_head_size': 2, 'learning_rate': 0.0028149892468432845}. Best is trial 1 with value: 0.07418578863143921.
[I 2023-12-27 11:35:11,368] Trial 47 finished with value: 2.717153549194336 and parameters: {'gradient_clip_val': 0.21720353955882776, 'hidden_size': 14, 'dropout': 0.24777653826852294, 'hidden_continuous_size': 9, 'attention_head_size': 1, 'learning_rate': 0.003984230493619188}. Best is trial 1 with value: 0.07418578863143921.
[I 2023-12-27 11:35:11,792] Trial 48 finished with value: 3.722679376602173 and parameters: {'gradient_clip_val': 0.2416523231954573, 'hidden_size': 23, 'dropout': 0.11759349937881416, 'hidden_continuous_size': 18, 'attention_head_size': 4, 'learning_rate': 0.0020247893088727437}. Best is trial 1 with value: 0.07418578863143921.
[I 2023-12-27 11:35:12,218] Trial 49 finished with value: 4.264995574951172 and parameters: {'gradient_clip_val': 0.16728075303975165, 'hidden_size': 37, 'dropout': 0.20112376438354773, 'hidden_continuous_size': 22, 'attention_head_size': 2, 'learning_rate': 0.028763920427252503}. Best is trial 1 with value: 0.07418578863143921.
