[I 2023-12-27 10:58:03,314] Trial 38 finished with value: 719.3361206054688 and parameters: {'gradient_clip_val': 0.7374555302367077, 'hidden_size': 27, 'dropout': 0.21498012209477665, 'hidden_continuous_size': 11, 'attention_head_size': 2, 'learning_rate': 0.0030540275094414243}. Best is trial 1 with value: 175.1891326904297.
LOCAL_RANK: 0 - CUDA_VISIBLE_DEVICES: [0]
[I 2023-12-27 10:58:03,820] Trial 39 finished with value: 767.0908203125 and parameters: {'gradient_clip_val': 0.934700669505598, 'hidden_size': 103, 'dropout': 0.15364986674790593, 'hidden_continuous_size': 14, 'attention_head_size': 4, 'learning_rate': 0.004331904750064849}. Best is trial 1 with value: 175.1891326904297.
LOCAL_RANK: 0 - CUDA_VISIBLE_DEVICES: [0]
[I 2023-12-27 10:58:04,294] Trial 40 finished with value: 687.2631225585938 and parameters: {'gradient_clip_val': 0.606120196674176, 'hidden_size': 35, 'dropout': 0.2542810957190297, 'hidden_continuous_size': 9, 'attention_head_size': 1, 'learning_rate': 0.0015435383384229415}. Best is trial 1 with value: 175.1891326904297.
LOCAL_RANK: 0 - CUDA_VISIBLE_DEVICES: [0]
[I 2023-12-27 10:58:04,739] Trial 41 finished with value: 757.1139526367188 and parameters: {'gradient_clip_val': 0.27432965395244374, 'hidden_size': 13, 'dropout': 0.2784152565317993, 'hidden_continuous_size': 6, 'attention_head_size': 4, 'learning_rate': 0.0005100794290132378}. Best is trial 1 with value: 175.1891326904297.
LOCAL_RANK: 0 - CUDA_VISIBLE_DEVICES: [0]
[I 2023-12-27 10:58:05,197] Trial 42 finished with value: 752.2456665039062 and parameters: {'gradient_clip_val': 0.27702795264108326, 'hidden_size': 19, 'dropout': 0.2601805999084884, 'hidden_continuous_size': 8, 'attention_head_size': 4, 'learning_rate': 0.0005023521932817522}. Best is trial 1 with value: 175.1891326904297.
LOCAL_RANK: 0 - CUDA_VISIBLE_DEVICES: [0]
[I 2023-12-27 10:58:05,925] Trial 43 finished with value: 542.9469604492188 and parameters: {'gradient_clip_val': 0.22446087571912657, 'hidden_size': 15, 'dropout': 0.30613391383288996, 'hidden_continuous_size': 6, 'attention_head_size': 4, 'learning_rate': 0.000714283165627682}. Best is trial 1 with value: 175.1891326904297.
LOCAL_RANK: 0 - CUDA_VISIBLE_DEVICES: [0]
[I 2023-12-27 10:58:06,381] Trial 44 finished with value: 727.0493774414062 and parameters: {'gradient_clip_val': 0.2032539226826863, 'hidden_size': 16, 'dropout': 0.3092767942820004, 'hidden_continuous_size': 7, 'attention_head_size': 4, 'learning_rate': 0.000724786258789026}. Best is trial 1 with value: 175.1891326904297.
LOCAL_RANK: 0 - CUDA_VISIBLE_DEVICES: [0]
[I 2023-12-27 10:58:06,834] Trial 45 finished with value: 845.4125366210938 and parameters: {'gradient_clip_val': 0.18570662414866507, 'hidden_size': 11, 'dropout': 0.285261988180564, 'hidden_continuous_size': 6, 'attention_head_size': 3, 'learning_rate': 0.0009585797107662654}. Best is trial 1 with value: 175.1891326904297.
LOCAL_RANK: 0 - CUDA_VISIBLE_DEVICES: [0]
[I 2023-12-27 10:58:07,322] Trial 46 finished with value: 861.7732543945312 and parameters: {'gradient_clip_val': 0.2394758897504253, 'hidden_size': 26, 'dropout': 0.23312744845074307, 'hidden_continuous_size': 10, 'attention_head_size': 3, 'learning_rate': 0.0012287563665951836}. Best is trial 1 with value: 175.1891326904297.
LOCAL_RANK: 0 - CUDA_VISIBLE_DEVICES: [0]
[I 2023-12-27 10:58:07,774] Trial 47 finished with value: 949.161865234375 and parameters: {'gradient_clip_val': 0.32318722951505735, 'hidden_size': 15, 'dropout': 0.35672095988277575, 'hidden_continuous_size': 5, 'attention_head_size': 4, 'learning_rate': 0.0006939156345364438}. Best is trial 1 with value: 175.1891326904297.
LOCAL_RANK: 0 - CUDA_VISIBLE_DEVICES: [0]
[I 2023-12-27 10:58:08,218] Trial 48 finished with value: 724.047607421875 and parameters: {'gradient_clip_val': 0.15371816928493764, 'hidden_size': 19, 'dropout': 0.3068268854276196, 'hidden_continuous_size': 8, 'attention_head_size': 2, 'learning_rate': 0.017428636834268395}. Best is trial 1 with value: 175.1891326904297.
LOCAL_RANK: 0 - CUDA_VISIBLE_DEVICES: [0]
[I 2023-12-27 10:58:08,697] Trial 49 finished with value: 892.1674194335938 and parameters: {'gradient_clip_val': 0.23731272018054936, 'hidden_size': 42, 'dropout': 0.12109915023802499, 'hidden_continuous_size': 14, 'attention_head_size': 3, 'learning_rate': 0.0019910448629368287}. Best is trial 1 with value: 175.1891326904297.
[I 2023-12-27 10:58:08,827] A new study created in memory with name: no-name-0e883a73-d98e-439b-92c5-4ec8009ccfde
/home/le004/conda/anaconda3/envs/tsff_env/lib/python3.9/site-packages/lightning/fabric/plugins/environments/slurm.py:191: The `srun` command is available on your system but is not used. HINT: If your intention is to run Lightning on SLURM, prepend your python command with `srun` like so: srun python /home/le004/master_thesis/git/TSFusionForecast/code/ ...
LOCAL_RANK: 0 - CUDA_VISIBLE_DEVICES: [0]
[I 2023-12-27 10:58:29,427] Trial 0 finished with value: 72.52188873291016 and parameters: {'gradient_clip_val': 0.17075239688141716, 'hidden_size': 11, 'dropout': 0.3622767616551045, 'hidden_continuous_size': 9, 'attention_head_size': 3, 'learning_rate': 0.08425806423745202}. Best is trial 0 with value: 72.52188873291016.
LOCAL_RANK: 0 - CUDA_VISIBLE_DEVICES: [0]
[I 2023-12-27 10:58:29,887] Trial 1 finished with value: 349.3636474609375 and parameters: {'gradient_clip_val': 0.5881825578739476, 'hidden_size': 53, 'dropout': 0.18768358890588233, 'hidden_continuous_size': 26, 'attention_head_size': 1, 'learning_rate': 0.04490485755893971}. Best is trial 0 with value: 72.52188873291016.
LOCAL_RANK: 0 - CUDA_VISIBLE_DEVICES: [0]
[I 2023-12-27 10:58:30,309] Trial 2 finished with value: 301.611083984375 and parameters: {'gradient_clip_val': 0.6370070340530875, 'hidden_size': 9, 'dropout': 0.3378508230408439, 'hidden_continuous_size': 7, 'attention_head_size': 2, 'learning_rate': 0.028503367065739246}. Best is trial 0 with value: 72.52188873291016.
LOCAL_RANK: 0 - CUDA_VISIBLE_DEVICES: [0]
[I 2023-12-27 10:58:30,738] Trial 3 finished with value: 325.0404968261719 and parameters: {'gradient_clip_val': 0.9515024553096795, 'hidden_size': 22, 'dropout': 0.1293802588213785, 'hidden_continuous_size': 16, 'attention_head_size': 1, 'learning_rate': 0.0053689928646181604}. Best is trial 0 with value: 72.52188873291016.
LOCAL_RANK: 0 - CUDA_VISIBLE_DEVICES: [0]
[I 2023-12-27 10:58:31,496] Trial 4 finished with value: 234.880126953125 and parameters: {'gradient_clip_val': 0.44487239905727466, 'hidden_size': 100, 'dropout': 0.1834908051601829, 'hidden_continuous_size': 87, 'attention_head_size': 1, 'learning_rate': 0.004934945373955281}. Best is trial 0 with value: 72.52188873291016.
LOCAL_RANK: 0 - CUDA_VISIBLE_DEVICES: [0]
[I 2023-12-27 10:58:31,998] Trial 5 finished with value: 302.8364562988281 and parameters: {'gradient_clip_val': 0.5174597502645074, 'hidden_size': 89, 'dropout': 0.24399418426745856, 'hidden_continuous_size': 43, 'attention_head_size': 3, 'learning_rate': 0.018664815500505406}. Best is trial 0 with value: 72.52188873291016.
LOCAL_RANK: 0 - CUDA_VISIBLE_DEVICES: [0]
[I 2023-12-27 10:58:32,485] Trial 6 finished with value: 183.60911560058594 and parameters: {'gradient_clip_val': 0.6378666104018902, 'hidden_size': 55, 'dropout': 0.2657416419875725, 'hidden_continuous_size': 28, 'attention_head_size': 2, 'learning_rate': 0.0009167960927036128}. Best is trial 0 with value: 72.52188873291016.
LOCAL_RANK: 0 - CUDA_VISIBLE_DEVICES: [0]
[I 2023-12-27 10:58:32,946] Trial 7 finished with value: 235.891357421875 and parameters: {'gradient_clip_val': 0.8111897071293086, 'hidden_size': 30, 'dropout': 0.34256489828817843, 'hidden_continuous_size': 10, 'attention_head_size': 1, 'learning_rate': 0.002133416521298339}. Best is trial 0 with value: 72.52188873291016.
LOCAL_RANK: 0 - CUDA_VISIBLE_DEVICES: [0]
[I 2023-12-27 10:58:33,392] Trial 8 finished with value: 296.6368408203125 and parameters: {'gradient_clip_val': 0.22565014603415232, 'hidden_size': 23, 'dropout': 0.3897842057505725, 'hidden_continuous_size': 6, 'attention_head_size': 2, 'learning_rate': 0.03537660059254265}. Best is trial 0 with value: 72.52188873291016.
LOCAL_RANK: 0 - CUDA_VISIBLE_DEVICES: [0]
[I 2023-12-27 10:58:33,857] Trial 9 finished with value: 354.1061096191406 and parameters: {'gradient_clip_val': 0.3612211825201432, 'hidden_size': 32, 'dropout': 0.4493151766774731, 'hidden_continuous_size': 19, 'attention_head_size': 1, 'learning_rate': 0.014796920529543652}. Best is trial 0 with value: 72.52188873291016.
LOCAL_RANK: 0 - CUDA_VISIBLE_DEVICES: [0]
[I 2023-12-27 10:58:34,328] Trial 10 finished with value: 296.4049072265625 and parameters: {'gradient_clip_val': 0.11018118887743161, 'hidden_size': 6, 'dropout': 0.4996958300912016, 'hidden_continuous_size': 5, 'attention_head_size': 4, 'learning_rate': 0.08568812560939952}. Best is trial 0 with value: 72.52188873291016.
LOCAL_RANK: 0 - CUDA_VISIBLE_DEVICES: [0]
[I 2023-12-27 10:58:34,806] Trial 11 finished with value: 326.9399719238281 and parameters: {'gradient_clip_val': 0.2360057205164516, 'hidden_size': 12, 'dropout': 0.2831344093773839, 'hidden_continuous_size': 5, 'attention_head_size': 3, 'learning_rate': 0.0006099867043252882}. Best is trial 0 with value: 72.52188873291016.
LOCAL_RANK: 0 - CUDA_VISIBLE_DEVICES: [0]
[I 2023-12-27 10:58:35,224] Trial 12 finished with value: 343.9732971191406 and parameters: {'gradient_clip_val': 0.15303240082476463, 'hidden_size': 5, 'dropout': 0.2812530941269113, 'hidden_continuous_size': 5, 'attention_head_size': 4, 'learning_rate': 0.0005046195264551002}. Best is trial 0 with value: 72.52188873291016.
LOCAL_RANK: 0 - CUDA_VISIBLE_DEVICES: [0]
[I 2023-12-27 10:58:35,732] Trial 13 finished with value: 219.3818817138672 and parameters: {'gradient_clip_val': 0.2994408622129915, 'hidden_size': 139, 'dropout': 0.36527403861877367, 'hidden_continuous_size': 11, 'attention_head_size': 3, 'learning_rate': 0.08589840023100367}. Best is trial 0 with value: 72.52188873291016.
LOCAL_RANK: 0 - CUDA_VISIBLE_DEVICES: [0]
[I 2023-12-27 10:58:36,182] Trial 14 finished with value: 240.9312744140625 and parameters: {'gradient_clip_val': 0.1660312444441537, 'hidden_size': 14, 'dropout': 0.24094700003651376, 'hidden_continuous_size': 6, 'attention_head_size': 2, 'learning_rate': 0.0018793809845944638}. Best is trial 0 with value: 72.52188873291016.
LOCAL_RANK: 0 - CUDA_VISIBLE_DEVICES: [0]
[I 2023-12-27 10:58:36,664] Trial 15 finished with value: 227.9923858642578 and parameters: {'gradient_clip_val': 0.40421513229137457, 'hidden_size': 48, 'dropout': 0.41005536334343995, 'hidden_continuous_size': 9, 'attention_head_size': 3, 'learning_rate': 0.01067106141095068}. Best is trial 0 with value: 72.52188873291016.
LOCAL_RANK: 0 - CUDA_VISIBLE_DEVICES: [0]
[I 2023-12-27 10:58:37,148] Trial 16 finished with value: 254.9208526611328 and parameters: {'gradient_clip_val': 0.6359630578473036, 'hidden_size': 18, 'dropout': 0.3176512445241439, 'hidden_continuous_size': 8, 'attention_head_size': 2, 'learning_rate': 0.003160333366725061}. Best is trial 0 with value: 72.52188873291016.
LOCAL_RANK: 0 - CUDA_VISIBLE_DEVICES: [0]
[I 2023-12-27 10:58:37,624] Trial 17 finished with value: 294.264892578125 and parameters: {'gradient_clip_val': 0.29792983184888433, 'hidden_size': 9, 'dropout': 0.3004177669535553, 'hidden_continuous_size': 5, 'attention_head_size': 4, 'learning_rate': 0.008358410006932602}. Best is trial 0 with value: 72.52188873291016.
LOCAL_RANK: 0 - CUDA_VISIBLE_DEVICES: [0]
[I 2023-12-27 10:58:38,431] Trial 18 finished with value: 340.4105224609375 and parameters: {'gradient_clip_val': 0.9457363933712404, 'hidden_size': 40, 'dropout': 0.37880042762367533, 'hidden_continuous_size': 12, 'attention_head_size': 3, 'learning_rate': 0.0009840826289411347}. Best is trial 0 with value: 72.52188873291016.
LOCAL_RANK: 0 - CUDA_VISIBLE_DEVICES: [0]
[I 2023-12-27 10:58:38,991] Trial 19 finished with value: 264.4270935058594 and parameters: {'gradient_clip_val': 0.4898425096699659, 'hidden_size': 60, 'dropout': 0.41297466454264214, 'hidden_continuous_size': 13, 'attention_head_size': 2, 'learning_rate': 0.00138684193327302}. Best is trial 0 with value: 72.52188873291016.
LOCAL_RANK: 0 - CUDA_VISIBLE_DEVICES: [0]
[I 2023-12-27 10:58:39,511] Trial 20 finished with value: 359.2826843261719 and parameters: {'gradient_clip_val': 0.3348683377276158, 'hidden_size': 18, 'dropout': 0.34100705860957625, 'hidden_continuous_size': 8, 'attention_head_size': 3, 'learning_rate': 0.004026308997528962}. Best is trial 0 with value: 72.52188873291016.
LOCAL_RANK: 0 - CUDA_VISIBLE_DEVICES: [0]
[I 2023-12-27 10:58:40,091] Trial 21 finished with value: 288.2498474121094 and parameters: {'gradient_clip_val': 0.2827256762128254, 'hidden_size': 110, 'dropout': 0.35930595752696126, 'hidden_continuous_size': 25, 'attention_head_size': 3, 'learning_rate': 0.0834253447909113}. Best is trial 0 with value: 72.52188873291016.
LOCAL_RANK: 0 - CUDA_VISIBLE_DEVICES: [0]
[I 2023-12-27 10:58:40,668] Trial 22 finished with value: 343.6177673339844 and parameters: {'gradient_clip_val': 0.4229985081203753, 'hidden_size': 148, 'dropout': 0.3744966841889853, 'hidden_continuous_size': 12, 'attention_head_size': 3, 'learning_rate': 0.05667141202631453}. Best is trial 0 with value: 72.52188873291016.
LOCAL_RANK: 0 - CUDA_VISIBLE_DEVICES: [0]
[I 2023-12-27 10:58:41,191] Trial 23 finished with value: 296.9815979003906 and parameters: {'gradient_clip_val': 0.258852693095291, 'hidden_size': 64, 'dropout': 0.31571425011008175, 'hidden_continuous_size': 10, 'attention_head_size': 2, 'learning_rate': 0.09537795225590133}. Best is trial 0 with value: 72.52188873291016.
LOCAL_RANK: 0 - CUDA_VISIBLE_DEVICES: [0]
[I 2023-12-27 10:58:41,758] Trial 24 finished with value: 209.9132843017578 and parameters: {'gradient_clip_val': 0.203194321456279, 'hidden_size': 76, 'dropout': 0.4327519480030535, 'hidden_continuous_size': 15, 'attention_head_size': 4, 'learning_rate': 0.05453460114710371}. Best is trial 0 with value: 72.52188873291016.
LOCAL_RANK: 0 - CUDA_VISIBLE_DEVICES: [0]
[I 2023-12-27 10:58:42,319] Trial 25 finished with value: 256.8793029785156 and parameters: {'gradient_clip_val': 0.19174876246341835, 'hidden_size': 72, 'dropout': 0.4435804672555081, 'hidden_continuous_size': 15, 'attention_head_size': 4, 'learning_rate': 0.02037432875849505}. Best is trial 0 with value: 72.52188873291016.
LOCAL_RANK: 0 - CUDA_VISIBLE_DEVICES: [0]
[I 2023-12-27 10:58:42,850] Trial 26 finished with value: 288.96343994140625 and parameters: {'gradient_clip_val': 0.13689176720663865, 'hidden_size': 40, 'dropout': 0.4354831208493644, 'hidden_continuous_size': 14, 'attention_head_size': 4, 'learning_rate': 0.05287568877439645}. Best is trial 0 with value: 72.52188873291016.
LOCAL_RANK: 0 - CUDA_VISIBLE_DEVICES: [0]
[I 2023-12-27 10:58:43,415] Trial 27 finished with value: 211.9766845703125 and parameters: {'gradient_clip_val': 0.21135546764294624, 'hidden_size': 78, 'dropout': 0.4879084741135191, 'hidden_continuous_size': 20, 'attention_head_size': 4, 'learning_rate': 0.02698213470185288}. Best is trial 0 with value: 72.52188873291016.
LOCAL_RANK: 0 - CUDA_VISIBLE_DEVICES: [0]
[I 2023-12-27 10:58:43,958] Trial 28 finished with value: 258.24017333984375 and parameters: {'gradient_clip_val': 0.20230564191697922, 'hidden_size': 46, 'dropout': 0.405338372580718, 'hidden_continuous_size': 10, 'attention_head_size': 2, 'learning_rate': 0.008132322007718882}. Best is trial 0 with value: 72.52188873291016.
LOCAL_RANK: 0 - CUDA_VISIBLE_DEVICES: [0]
[I 2023-12-27 10:58:44,522] Trial 29 finished with value: 265.4095153808594 and parameters: {'gradient_clip_val': 0.1654096807739721, 'hidden_size': 59, 'dropout': 0.46956269681730806, 'hidden_continuous_size': 18, 'attention_head_size': 4, 'learning_rate': 0.048720281805704285}. Best is trial 0 with value: 72.52188873291016.
LOCAL_RANK: 0 - CUDA_VISIBLE_DEVICES: [0]
[I 2023-12-27 10:58:45,085] Trial 30 finished with value: 425.7843933105469 and parameters: {'gradient_clip_val': 0.23969386316354802, 'hidden_size': 54, 'dropout': 0.43180237235963514, 'hidden_continuous_size': 22, 'attention_head_size': 3, 'learning_rate': 0.040502158835561256}. Best is trial 0 with value: 72.52188873291016.
LOCAL_RANK: 0 - CUDA_VISIBLE_DEVICES: [0]
[I 2023-12-27 10:58:45,850] Trial 31 finished with value: 290.30828857421875 and parameters: {'gradient_clip_val': 0.19251970143755967, 'hidden_size': 72, 'dropout': 0.4946850071713691, 'hidden_continuous_size': 26, 'attention_head_size': 4, 'learning_rate': 0.026469432328349595}. Best is trial 0 with value: 72.52188873291016.
LOCAL_RANK: 0 - CUDA_VISIBLE_DEVICES: [0]
[I 2023-12-27 10:58:46,417] Trial 32 finished with value: 220.88201904296875 and parameters: {'gradient_clip_val': 0.2637965264135547, 'hidden_size': 87, 'dropout': 0.45900879727382876, 'hidden_continuous_size': 30, 'attention_head_size': 4, 'learning_rate': 0.030943713736677213}. Best is trial 0 with value: 72.52188873291016.
LOCAL_RANK: 0 - CUDA_VISIBLE_DEVICES: [0]
[I 2023-12-27 10:58:46,985] Trial 33 finished with value: 304.2692565917969 and parameters: {'gradient_clip_val': 0.21047914630478098, 'hidden_size': 71, 'dropout': 0.47440407469598866, 'hidden_continuous_size': 17, 'attention_head_size': 4, 'learning_rate': 0.054583890060429}. Best is trial 0 with value: 72.52188873291016.
LOCAL_RANK: 0 - CUDA_VISIBLE_DEVICES: [0]
[I 2023-12-27 10:58:47,564] Trial 34 finished with value: 280.8069763183594 and parameters: {'gradient_clip_val': 0.3467983907055541, 'hidden_size': 115, 'dropout': 0.4234331260972159, 'hidden_continuous_size': 35, 'attention_head_size': 4, 'learning_rate': 0.06851258261568881}. Best is trial 0 with value: 72.52188873291016.
LOCAL_RANK: 0 - CUDA_VISIBLE_DEVICES: [0]
[I 2023-12-27 10:58:48,122] Trial 35 finished with value: 288.3899841308594 and parameters: {'gradient_clip_val': 0.5745091849462145, 'hidden_size': 84, 'dropout': 0.3950523054627925, 'hidden_continuous_size': 15, 'attention_head_size': 4, 'learning_rate': 0.03877822702363037}. Best is trial 0 with value: 72.52188873291016.
LOCAL_RANK: 0 - CUDA_VISIBLE_DEVICES: [0]
[I 2023-12-27 10:58:48,659] Trial 36 finished with value: 271.6452331542969 and parameters: {'gradient_clip_val': 0.7188315477399781, 'hidden_size': 35, 'dropout': 0.46670803882301837, 'hidden_continuous_size': 20, 'attention_head_size': 1, 'learning_rate': 0.02250134657123238}. Best is trial 0 with value: 72.52188873291016.
LOCAL_RANK: 0 - CUDA_VISIBLE_DEVICES: [0]
[I 2023-12-27 10:58:49,200] Trial 37 finished with value: 237.3295440673828 and parameters: {'gradient_clip_val': 0.21988429699211456, 'hidden_size': 27, 'dropout': 0.482736963695904, 'hidden_continuous_size': 16, 'attention_head_size': 3, 'learning_rate': 0.034403676241472524}. Best is trial 0 with value: 72.52188873291016.
LOCAL_RANK: 0 - CUDA_VISIBLE_DEVICES: [0]
[I 2023-12-27 10:58:49,752] Trial 38 finished with value: 241.4286346435547 and parameters: {'gradient_clip_val': 0.17989379611600123, 'hidden_size': 49, 'dropout': 0.4526422251001163, 'hidden_continuous_size': 20, 'attention_head_size': 2, 'learning_rate': 0.013767473408553678}. Best is trial 0 with value: 72.52188873291016.
LOCAL_RANK: 0 - CUDA_VISIBLE_DEVICES: [0]
[I 2023-12-27 10:58:50,320] Trial 39 finished with value: 344.6559753417969 and parameters: {'gradient_clip_val': 0.12569514769970078, 'hidden_size': 101, 'dropout': 0.4245148840526658, 'hidden_continuous_size': 49, 'attention_head_size': 2, 'learning_rate': 0.06369715406662575}. Best is trial 0 with value: 72.52188873291016.
LOCAL_RANK: 0 - CUDA_VISIBLE_DEVICES: [0]
[I 2023-12-27 10:58:50,884] Trial 40 finished with value: 237.5211944580078 and parameters: {'gradient_clip_val': 0.14739890559515614, 'hidden_size': 85, 'dropout': 0.10851495521696222, 'hidden_continuous_size': 22, 'attention_head_size': 3, 'learning_rate': 0.026786564405431982}. Best is trial 0 with value: 72.52188873291016.
LOCAL_RANK: 0 - CUDA_VISIBLE_DEVICES: [0]
[I 2023-12-27 10:58:51,465] Trial 41 finished with value: 293.1168518066406 and parameters: {'gradient_clip_val': 0.3194405417651886, 'hidden_size': 133, 'dropout': 0.37806625670278093, 'hidden_continuous_size': 12, 'attention_head_size': 3, 'learning_rate': 0.07315515351966043}. Best is trial 0 with value: 72.52188873291016.
LOCAL_RANK: 0 - CUDA_VISIBLE_DEVICES: [0]
[I 2023-12-27 10:58:52,037] Trial 42 finished with value: 339.4708557128906 and parameters: {'gradient_clip_val': 0.26127579682305135, 'hidden_size': 132, 'dropout': 0.3577685816989254, 'hidden_continuous_size': 11, 'attention_head_size': 3, 'learning_rate': 0.09645719412518865}. Best is trial 0 with value: 72.52188873291016.
LOCAL_RANK: 0 - CUDA_VISIBLE_DEVICES: [0]
[I 2023-12-27 10:58:52,843] Trial 43 finished with value: 247.98133850097656 and parameters: {'gradient_clip_val': 0.22764234212988366, 'hidden_size': 109, 'dropout': 0.39379686778051337, 'hidden_continuous_size': 17, 'attention_head_size': 1, 'learning_rate': 0.04319988765958554}. Best is trial 0 with value: 72.52188873291016.
LOCAL_RANK: 0 - CUDA_VISIBLE_DEVICES: [0]
[I 2023-12-27 10:58:53,409] Trial 44 finished with value: 262.8113708496094 and parameters: {'gradient_clip_val': 0.28909250678781, 'hidden_size': 96, 'dropout': 0.4481319677581733, 'hidden_continuous_size': 13, 'attention_head_size': 4, 'learning_rate': 0.07314076581266742}. Best is trial 0 with value: 72.52188873291016.
LOCAL_RANK: 0 - CUDA_VISIBLE_DEVICES: [0]
[I 2023-12-27 10:58:53,980] Trial 45 finished with value: 238.5774688720703 and parameters: {'gradient_clip_val': 0.36258850324820285, 'hidden_size': 73, 'dropout': 0.3567829997057381, 'hidden_continuous_size': 14, 'attention_head_size': 3, 'learning_rate': 0.09718236884841869}. Best is trial 0 with value: 72.52188873291016.
LOCAL_RANK: 0 - CUDA_VISIBLE_DEVICES: [0]
