[I 2023-12-27 11:22:49,343] Trial 49 finished with value: 79.01070404052734 and parameters: {'gradient_clip_val': 0.5961371432083652, 'hidden_size': 61, 'dropout': 0.23697393160615732, 'hidden_continuous_size': 28, 'attention_head_size': 3, 'learning_rate': 0.0006671707262829464}. Best is trial 1 with value: 12.310574531555176.
[I 2023-12-27 11:22:49,453] A new study created in memory with name: no-name-1af7afdf-36b7-4587-8081-9a2124bb7f61
/home/le004/conda/anaconda3/envs/tsff_env/lib/python3.9/site-packages/lightning/fabric/plugins/environments/slurm.py:191: The `srun` command is available on your system but is not used. HINT: If your intention is to run Lightning on SLURM, prepend your python command with `srun` like so: srun python /home/le004/master_thesis/git/TSFusionForecast/code/ ...
[I 2023-12-27 11:23:12,412] Trial 0 finished with value: 11.419471740722656 and parameters: {'gradient_clip_val': 0.2481386351115986, 'hidden_size': 47, 'dropout': 0.18412692081153584, 'hidden_continuous_size': 46, 'attention_head_size': 2, 'learning_rate': 0.031148574943092294}. Best is trial 0 with value: 11.419471740722656.
[I 2023-12-27 11:23:12,790] Trial 1 finished with value: 31.825021743774414 and parameters: {'gradient_clip_val': 0.2578898326019096, 'hidden_size': 22, 'dropout': 0.17952559742959237, 'hidden_continuous_size': 7, 'attention_head_size': 2, 'learning_rate': 0.04956324116593979}. Best is trial 0 with value: 11.419471740722656.
[I 2023-12-27 11:23:13,227] Trial 2 finished with value: 35.811893463134766 and parameters: {'gradient_clip_val': 0.4684086160569586, 'hidden_size': 81, 'dropout': 0.17147025357235993, 'hidden_continuous_size': 19, 'attention_head_size': 2, 'learning_rate': 0.05259019660936288}. Best is trial 0 with value: 11.419471740722656.
[I 2023-12-27 11:23:13,753] Trial 3 finished with value: 28.00019073486328 and parameters: {'gradient_clip_val': 0.1615484579478531, 'hidden_size': 127, 'dropout': 0.34932199608677117, 'hidden_continuous_size': 8, 'attention_head_size': 2, 'learning_rate': 0.017157356374616368}. Best is trial 0 with value: 11.419471740722656.
[I 2023-12-27 11:23:14,291] Trial 4 finished with value: 29.832963943481445 and parameters: {'gradient_clip_val': 0.4524114279691838, 'hidden_size': 135, 'dropout': 0.12814810702486057, 'hidden_continuous_size': 13, 'attention_head_size': 2, 'learning_rate': 0.018948066921783593}. Best is trial 0 with value: 11.419471740722656.
[I 2023-12-27 11:23:14,645] Trial 5 finished with value: 46.99419021606445 and parameters: {'gradient_clip_val': 0.2916210711945375, 'hidden_size': 20, 'dropout': 0.4179484410569194, 'hidden_continuous_size': 8, 'attention_head_size': 1, 'learning_rate': 0.0030468762716275985}. Best is trial 0 with value: 11.419471740722656.
[I 2023-12-27 11:23:15,070] Trial 6 finished with value: 33.90115737915039 and parameters: {'gradient_clip_val': 0.2123732183838964, 'hidden_size': 61, 'dropout': 0.16946250525676204, 'hidden_continuous_size': 18, 'attention_head_size': 3, 'learning_rate': 0.0014463158078081321}. Best is trial 0 with value: 11.419471740722656.
[I 2023-12-27 11:23:15,698] Trial 7 finished with value: 50.33763122558594 and parameters: {'gradient_clip_val': 0.12190486732038865, 'hidden_size': 42, 'dropout': 0.272937832137753, 'hidden_continuous_size': 38, 'attention_head_size': 2, 'learning_rate': 0.014868673286722449}. Best is trial 0 with value: 11.419471740722656.
[I 2023-12-27 11:23:16,203] Trial 8 finished with value: 42.79483413696289 and parameters: {'gradient_clip_val': 0.9101525054247721, 'hidden_size': 109, 'dropout': 0.38615134246454375, 'hidden_continuous_size': 48, 'attention_head_size': 2, 'learning_rate': 0.0087367780192357}. Best is trial 0 with value: 11.419471740722656.
[I 2023-12-27 11:23:16,566] Trial 9 finished with value: 46.08930587768555 and parameters: {'gradient_clip_val': 0.17737412618440834, 'hidden_size': 6, 'dropout': 0.24882249236960138, 'hidden_continuous_size': 5, 'attention_head_size': 4, 'learning_rate': 0.0005568038205927259}. Best is trial 0 with value: 11.419471740722656.
[I 2023-12-27 11:23:16,994] Trial 10 finished with value: 34.78128433227539 and parameters: {'gradient_clip_val': 0.1037351422370474, 'hidden_size': 39, 'dropout': 0.4865537805693823, 'hidden_continuous_size': 28, 'attention_head_size': 4, 'learning_rate': 0.08936389762729902}. Best is trial 0 with value: 11.419471740722656.
[I 2023-12-27 11:23:17,598] Trial 11 finished with value: 28.813180923461914 and parameters: {'gradient_clip_val': 0.13451815193305078, 'hidden_size': 121, 'dropout': 0.30753389214789595, 'hidden_continuous_size': 107, 'attention_head_size': 1, 'learning_rate': 0.024584928010892453}. Best is trial 0 with value: 11.419471740722656.
[I 2023-12-27 11:23:18,031] Trial 12 finished with value: 42.552001953125 and parameters: {'gradient_clip_val': 0.17576454115181922, 'hidden_size': 64, 'dropout': 0.3320288781210623, 'hidden_continuous_size': 11, 'attention_head_size': 3, 'learning_rate': 0.0072437548172586816}. Best is trial 0 with value: 11.419471740722656.
[I 2023-12-27 11:23:18,492] Trial 13 finished with value: 45.878665924072266 and parameters: {'gradient_clip_val': 0.16546892166195817, 'hidden_size': 82, 'dropout': 0.2430328938081238, 'hidden_continuous_size': 5, 'attention_head_size': 3, 'learning_rate': 0.026501531368645363}. Best is trial 0 with value: 11.419471740722656.
[I 2023-12-27 11:23:19,069] Trial 14 finished with value: 34.312286376953125 and parameters: {'gradient_clip_val': 0.2349451390869128, 'hidden_size': 132, 'dropout': 0.34983595169081116, 'hidden_continuous_size': 53, 'attention_head_size': 1, 'learning_rate': 0.01101476792258972}. Best is trial 0 with value: 11.419471740722656.
[I 2023-12-27 11:23:19,509] Trial 15 finished with value: 40.7236442565918 and parameters: {'gradient_clip_val': 0.3430647739985277, 'hidden_size': 46, 'dropout': 0.10174153546862055, 'hidden_continuous_size': 10, 'attention_head_size': 3, 'learning_rate': 0.005000819202588437}. Best is trial 0 with value: 11.419471740722656.
[I 2023-12-27 11:23:19,896] Trial 16 finished with value: 35.06013870239258 and parameters: {'gradient_clip_val': 0.10148350545609762, 'hidden_size': 33, 'dropout': 0.22107104993275808, 'hidden_continuous_size': 7, 'attention_head_size': 1, 'learning_rate': 0.04005067300369605}. Best is trial 0 with value: 11.419471740722656.
[I 2023-12-27 11:23:20,499] Trial 17 finished with value: 34.096683502197266 and parameters: {'gradient_clip_val': 0.14173557340773404, 'hidden_size': 145, 'dropout': 0.2794012759390162, 'hidden_continuous_size': 76, 'attention_head_size': 2, 'learning_rate': 0.01515656205661159}. Best is trial 0 with value: 11.419471740722656.
[I 2023-12-27 11:23:20,987] Trial 18 finished with value: 33.016204833984375 and parameters: {'gradient_clip_val': 0.19559411313497518, 'hidden_size': 85, 'dropout': 0.307395589458137, 'hidden_continuous_size': 26, 'attention_head_size': 3, 'learning_rate': 0.08975862750811676}. Best is trial 0 with value: 11.419471740722656.
[I 2023-12-27 11:23:21,393] Trial 19 finished with value: 36.05699157714844 and parameters: {'gradient_clip_val': 0.1535301945494988, 'hidden_size': 28, 'dropout': 0.20799190622976127, 'hidden_continuous_size': 13, 'attention_head_size': 1, 'learning_rate': 0.03207696237640735}. Best is trial 0 with value: 11.419471740722656.
[I 2023-12-27 11:23:22,104] Trial 20 finished with value: 36.50325012207031 and parameters: {'gradient_clip_val': 0.217996482209807, 'hidden_size': 61, 'dropout': 0.3622528904753168, 'hidden_continuous_size': 21, 'attention_head_size': 2, 'learning_rate': 0.014017476922872703}. Best is trial 0 with value: 11.419471740722656.
[I 2023-12-27 11:23:22,642] Trial 21 finished with value: 31.634275436401367 and parameters: {'gradient_clip_val': 0.13886648929051118, 'hidden_size': 101, 'dropout': 0.3068455098302462, 'hidden_continuous_size': 101, 'attention_head_size': 1, 'learning_rate': 0.02268360982843479}. Best is trial 0 with value: 11.419471740722656.
[I 2023-12-27 11:23:23,294] Trial 22 finished with value: 42.7894401550293 and parameters: {'gradient_clip_val': 0.12649938678792275, 'hidden_size': 146, 'dropout': 0.28556725457295795, 'hidden_continuous_size': 116, 'attention_head_size': 1, 'learning_rate': 0.024084145416121725}. Best is trial 0 with value: 11.419471740722656.
[I 2023-12-27 11:23:23,824] Trial 23 finished with value: 36.28853988647461 and parameters: {'gradient_clip_val': 0.17029982247474976, 'hidden_size': 102, 'dropout': 0.3166149355659942, 'hidden_continuous_size': 69, 'attention_head_size': 2, 'learning_rate': 0.032786225717861786}. Best is trial 0 with value: 11.419471740722656.
[I 2023-12-27 11:23:24,252] Trial 24 finished with value: 41.3139533996582 and parameters: {'gradient_clip_val': 0.12222163771449537, 'hidden_size': 57, 'dropout': 0.27089372015811375, 'hidden_continuous_size': 33, 'attention_head_size': 1, 'learning_rate': 0.01038874916146197}. Best is trial 0 with value: 11.419471740722656.
[I 2023-12-27 11:23:24,775] Trial 25 finished with value: 30.45538902282715 and parameters: {'gradient_clip_val': 0.19859758940273842, 'hidden_size': 105, 'dropout': 0.3426763343312599, 'hidden_continuous_size': 44, 'attention_head_size': 2, 'learning_rate': 0.020481025057926622}. Best is trial 0 with value: 11.419471740722656.
[I 2023-12-27 11:23:25,245] Trial 26 finished with value: 35.466064453125 and parameters: {'gradient_clip_val': 0.15349535286899213, 'hidden_size': 79, 'dropout': 0.3913639010112833, 'hidden_continuous_size': 37, 'attention_head_size': 1, 'learning_rate': 0.05340785183593035}. Best is trial 0 with value: 11.419471740722656.
[I 2023-12-27 11:23:25,923] Trial 27 finished with value: 35.08254623413086 and parameters: {'gradient_clip_val': 0.25672804038896346, 'hidden_size': 147, 'dropout': 0.2508022030995046, 'hidden_continuous_size': 147, 'attention_head_size': 2, 'learning_rate': 0.037398075252343385}. Best is trial 0 with value: 11.419471740722656.
[I 2023-12-27 11:23:26,461] Trial 28 finished with value: 26.821184158325195 and parameters: {'gradient_clip_val': 0.18332659088560643, 'hidden_size': 112, 'dropout': 0.3009518708911035, 'hidden_continuous_size': 67, 'attention_head_size': 3, 'learning_rate': 0.01479094808912052}. Best is trial 0 with value: 11.419471740722656.
[I 2023-12-27 11:23:26,865] Trial 29 finished with value: 43.34334945678711 and parameters: {'gradient_clip_val': 0.25336839866179683, 'hidden_size': 21, 'dropout': 0.19257192336753118, 'hidden_continuous_size': 9, 'attention_head_size': 4, 'learning_rate': 0.012915838234227024}. Best is trial 0 with value: 11.419471740722656.
[I 2023-12-27 11:23:27,287] Trial 30 finished with value: 37.100345611572266 and parameters: {'gradient_clip_val': 0.19127176250282724, 'hidden_size': 50, 'dropout': 0.2233578461181595, 'hidden_continuous_size': 16, 'attention_head_size': 3, 'learning_rate': 0.00577972119536654}. Best is trial 0 with value: 11.419471740722656.
[I 2023-12-27 11:23:27,831] Trial 31 finished with value: 41.006221771240234 and parameters: {'gradient_clip_val': 0.14092128198239146, 'hidden_size': 114, 'dropout': 0.30060439250051674, 'hidden_continuous_size': 64, 'attention_head_size': 3, 'learning_rate': 0.016825899854494238}. Best is trial 0 with value: 11.419471740722656.
[I 2023-12-27 11:23:28,325] Trial 32 finished with value: 38.9085578918457 and parameters: {'gradient_clip_val': 0.22312632368444074, 'hidden_size': 77, 'dropout': 0.3272689660654608, 'hidden_continuous_size': 54, 'attention_head_size': 3, 'learning_rate': 0.025736068060838176}. Best is trial 0 with value: 11.419471740722656.
[I 2023-12-27 11:23:28,880] Trial 33 finished with value: 44.05205154418945 and parameters: {'gradient_clip_val': 0.18185886317751981, 'hidden_size': 115, 'dropout': 0.16128324406876943, 'hidden_continuous_size': 80, 'attention_head_size': 2, 'learning_rate': 0.05423554006920598}. Best is trial 0 with value: 11.419471740722656.
[I 2023-12-27 11:23:29,646] Trial 34 finished with value: 39.539730072021484 and parameters: {'gradient_clip_val': 0.16286680894208608, 'hidden_size': 91, 'dropout': 0.14366448981015356, 'hidden_continuous_size': 58, 'attention_head_size': 2, 'learning_rate': 0.016726748198214337}. Best is trial 0 with value: 11.419471740722656.
[I 2023-12-27 11:23:30,114] Trial 35 finished with value: 44.98240280151367 and parameters: {'gradient_clip_val': 0.2981667483465997, 'hidden_size': 72, 'dropout': 0.1911006012008479, 'hidden_continuous_size': 45, 'attention_head_size': 2, 'learning_rate': 0.01925431322862625}. Best is trial 0 with value: 11.419471740722656.
[I 2023-12-27 11:23:30,718] Trial 36 finished with value: 45.21356201171875 and parameters: {'gradient_clip_val': 0.20895955936513538, 'hidden_size': 126, 'dropout': 0.29178736302582203, 'hidden_continuous_size': 82, 'attention_head_size': 3, 'learning_rate': 0.010542870832416642}. Best is trial 0 with value: 11.419471740722656.
[I 2023-12-27 11:23:31,252] Trial 37 finished with value: 55.49033737182617 and parameters: {'gradient_clip_val': 0.28224637962790583, 'hidden_size': 95, 'dropout': 0.3229571226539092, 'hidden_continuous_size': 63, 'attention_head_size': 2, 'learning_rate': 0.04690637459507766}. Best is trial 0 with value: 11.419471740722656.
[I 2023-12-27 11:23:31,746] Trial 38 finished with value: 35.22209930419922 and parameters: {'gradient_clip_val': 0.3480133318780552, 'hidden_size': 71, 'dropout': 0.3590556877081705, 'hidden_continuous_size': 50, 'attention_head_size': 4, 'learning_rate': 0.02677250758419166}. Best is trial 0 with value: 11.419471740722656.
[I 2023-12-27 11:23:32,283] Trial 39 finished with value: 45.72908401489258 and parameters: {'gradient_clip_val': 0.11528038828429396, 'hidden_size': 121, 'dropout': 0.25817868009189, 'hidden_continuous_size': 24, 'attention_head_size': 1, 'learning_rate': 0.008346486943119775}. Best is trial 0 with value: 11.419471740722656.
[I 2023-12-27 11:23:32,731] Trial 40 finished with value: 34.10904312133789 and parameters: {'gradient_clip_val': 0.2356416073255466, 'hidden_size': 55, 'dropout': 0.2912427268644496, 'hidden_continuous_size': 41, 'attention_head_size': 2, 'learning_rate': 0.012357275845634334}. Best is trial 0 with value: 11.419471740722656.
[I 2023-12-27 11:23:33,264] Trial 41 finished with value: 40.845577239990234 and parameters: {'gradient_clip_val': 0.39105421948368996, 'hidden_size': 124, 'dropout': 0.13635400418229573, 'hidden_continuous_size': 14, 'attention_head_size': 2, 'learning_rate': 0.021751165863904534}. Best is trial 0 with value: 11.419471740722656.
[I 2023-12-27 11:23:33,848] Trial 42 finished with value: 38.87432098388672 and parameters: {'gradient_clip_val': 0.5025705427908819, 'hidden_size': 150, 'dropout': 0.10148566297703725, 'hidden_continuous_size': 8, 'attention_head_size': 2, 'learning_rate': 0.017919823642633722}. Best is trial 0 with value: 11.419471740722656.
[I 2023-12-27 11:23:34,336] Trial 43 finished with value: 35.25576400756836 and parameters: {'gradient_clip_val': 0.177120994165759, 'hidden_size': 93, 'dropout': 0.2701600200101261, 'hidden_continuous_size': 12, 'attention_head_size': 3, 'learning_rate': 0.03155764329008478}. Best is trial 0 with value: 11.419471740722656.
[I 2023-12-27 11:23:34,862] Trial 44 finished with value: 31.871337890625 and parameters: {'gradient_clip_val': 0.11220814260593577, 'hidden_size': 116, 'dropout': 0.23790188212107727, 'hidden_continuous_size': 17, 'attention_head_size': 2, 'learning_rate': 0.015940900546615226}. Best is trial 0 with value: 11.419471740722656.
[I 2023-12-27 11:23:35,349] Trial 45 finished with value: 41.00006103515625 and parameters: {'gradient_clip_val': 0.15818082374630496, 'hidden_size': 88, 'dropout': 0.3385383431732286, 'hidden_continuous_size': 57, 'attention_head_size': 3, 'learning_rate': 0.007644877302723402}. Best is trial 0 with value: 11.419471740722656.
[I 2023-12-27 11:23:35,805] Trial 46 finished with value: 50.7155647277832 and parameters: {'gradient_clip_val': 0.2049504890085868, 'hidden_size': 64, 'dropout': 0.12300959498244142, 'hidden_continuous_size': 49, 'attention_head_size': 1, 'learning_rate': 0.011635947948500435}. Best is trial 0 with value: 11.419471740722656.
[I 2023-12-27 11:23:36,455] Trial 47 finished with value: 35.44729995727539 and parameters: {'gradient_clip_val': 0.5156885369230765, 'hidden_size': 38, 'dropout': 0.1745224826351643, 'hidden_continuous_size': 30, 'attention_head_size': 2, 'learning_rate': 0.019914609677387316}. Best is trial 0 with value: 11.419471740722656.
[I 2023-12-27 11:23:37,001] Trial 48 finished with value: 44.41252517700195 and parameters: {'gradient_clip_val': 0.13163296441281336, 'hidden_size': 128, 'dropout': 0.38095869627429074, 'hidden_continuous_size': 7, 'attention_head_size': 4, 'learning_rate': 0.06143519356536454}. Best is trial 0 with value: 11.419471740722656.
[I 2023-12-27 11:23:37,513] Trial 49 finished with value: 31.646774291992188 and parameters: {'gradient_clip_val': 0.18527986327203652, 'hidden_size': 102, 'dropout': 0.15556535294206764, 'hidden_continuous_size': 10, 'attention_head_size': 3, 'learning_rate': 0.02759970972072737}. Best is trial 0 with value: 11.419471740722656.
[I 2023-12-27 11:23:37,633] A new study created in memory with name: no-name-c522a642-b923-4bc6-8844-b516834a76b0
/home/le004/conda/anaconda3/envs/tsff_env/lib/python3.9/site-packages/lightning/fabric/plugins/environments/slurm.py:191: The `srun` command is available on your system but is not used. HINT: If your intention is to run Lightning on SLURM, prepend your python command with `srun` like so: srun python /home/le004/master_thesis/git/TSFusionForecast/code/ ...
[I 2023-12-27 11:24:09,767] Trial 0 finished with value: 53.45896530151367 and parameters: {'gradient_clip_val': 0.34877743784536613, 'hidden_size': 7, 'dropout': 0.4225884890038033, 'hidden_continuous_size': 6, 'attention_head_size': 3, 'learning_rate': 0.005183205393271404}. Best is trial 0 with value: 53.45896530151367.
[I 2023-12-27 11:24:20,667] Trial 1 finished with value: 63.13148880004883 and parameters: {'gradient_clip_val': 0.6244117897954997, 'hidden_size': 22, 'dropout': 0.35911687244795, 'hidden_continuous_size': 16, 'attention_head_size': 2, 'learning_rate': 0.004061329220308496}. Best is trial 0 with value: 53.45896530151367.
[I 2023-12-27 11:24:21,070] Trial 2 finished with value: 132.4978485107422 and parameters: {'gradient_clip_val': 0.21092468523985464, 'hidden_size': 58, 'dropout': 0.11688984625174897, 'hidden_continuous_size': 21, 'attention_head_size': 1, 'learning_rate': 0.0011595679331697416}. Best is trial 0 with value: 53.45896530151367.
[I 2023-12-27 11:24:21,433] Trial 3 finished with value: 134.01817321777344 and parameters: {'gradient_clip_val': 0.10491403280483944, 'hidden_size': 13, 'dropout': 0.3341513795096487, 'hidden_continuous_size': 5, 'attention_head_size': 3, 'learning_rate': 0.005257001484965925}. Best is trial 0 with value: 53.45896530151367.
[I 2023-12-27 11:24:21,971] Trial 4 finished with value: 106.16726684570312 and parameters: {'gradient_clip_val': 0.11202275061485975, 'hidden_size': 145, 'dropout': 0.2342639721273946, 'hidden_continuous_size': 8, 'attention_head_size': 2, 'learning_rate': 0.07684342601424571}. Best is trial 0 with value: 53.45896530151367.
[I 2023-12-27 11:24:22,355] Trial 5 finished with value: 117.83834838867188 and parameters: {'gradient_clip_val': 0.13713526300283532, 'hidden_size': 27, 'dropout': 0.3498671999244094, 'hidden_continuous_size': 15, 'attention_head_size': 4, 'learning_rate': 0.08068085194394947}. Best is trial 0 with value: 53.45896530151367.
[I 2023-12-27 11:24:22,712] Trial 6 finished with value: 167.40672302246094 and parameters: {'gradient_clip_val': 0.4872382691202448, 'hidden_size': 21, 'dropout': 0.47097578711448274, 'hidden_continuous_size': 20, 'attention_head_size': 2, 'learning_rate': 0.0009066397223946922}. Best is trial 0 with value: 53.45896530151367.
[I 2023-12-27 11:24:23,115] Trial 7 finished with value: 132.96217346191406 and parameters: {'gradient_clip_val': 0.10750292165615083, 'hidden_size': 65, 'dropout': 0.23413310715524355, 'hidden_continuous_size': 6, 'attention_head_size': 3, 'learning_rate': 0.03528642641821876}. Best is trial 0 with value: 53.45896530151367.
[I 2023-12-27 11:24:23,701] Trial 8 finished with value: 137.50064086914062 and parameters: {'gradient_clip_val': 0.49866840049191097, 'hidden_size': 10, 'dropout': 0.3751348756441385, 'hidden_continuous_size': 7, 'attention_head_size': 2, 'learning_rate': 0.017992260393035555}. Best is trial 0 with value: 53.45896530151367.
[I 2023-12-27 11:24:24,055] Trial 9 finished with value: 159.5753936767578 and parameters: {'gradient_clip_val': 0.6989925069908747, 'hidden_size': 14, 'dropout': 0.4680168514901005, 'hidden_continuous_size': 7, 'attention_head_size': 3, 'learning_rate': 0.015845948329927053}. Best is trial 0 with value: 53.45896530151367.
[I 2023-12-27 11:24:24,402] Trial 10 finished with value: 127.27130126953125 and parameters: {'gradient_clip_val': 0.29341546528264056, 'hidden_size': 5, 'dropout': 0.4269228416507763, 'hidden_continuous_size': 5, 'attention_head_size': 4, 'learning_rate': 0.003398392074996367}. Best is trial 0 with value: 53.45896530151367.
[I 2023-12-27 11:24:24,766] Trial 11 finished with value: 103.94073486328125 and parameters: {'gradient_clip_val': 0.9853407240406387, 'hidden_size': 6, 'dropout': 0.4101100596419194, 'hidden_continuous_size': 5, 'attention_head_size': 1, 'learning_rate': 0.003836697130886892}. Best is trial 0 with value: 53.45896530151367.
[I 2023-12-27 11:24:25,132] Trial 12 finished with value: 117.63069915771484 and parameters: {'gradient_clip_val': 0.40682181634848963, 'hidden_size': 9, 'dropout': 0.49568122341485793, 'hidden_continuous_size': 6, 'attention_head_size': 2, 'learning_rate': 0.002115649498661553}. Best is trial 0 with value: 53.45896530151367.
