[I 2023-12-27 11:29:11,509] Trial 7 finished with value: 36.48533248901367 and parameters: {'gradient_clip_val': 0.6779484904105448, 'hidden_size': 19, 'dropout': 0.38853637193587953, 'hidden_continuous_size': 18, 'attention_head_size': 4, 'learning_rate': 0.00448730162955942}. Best is trial 1 with value: 15.186772346496582.
[I 2023-12-27 11:29:12,098] Trial 8 finished with value: 44.99946975708008 and parameters: {'gradient_clip_val': 0.7426334791037179, 'hidden_size': 35, 'dropout': 0.2079642896107707, 'hidden_continuous_size': 5, 'attention_head_size': 4, 'learning_rate': 0.004522279839809298}. Best is trial 1 with value: 15.186772346496582.
[I 2023-12-27 11:29:12,460] Trial 9 finished with value: 40.32628631591797 and parameters: {'gradient_clip_val': 0.3585921251298445, 'hidden_size': 18, 'dropout': 0.3026384019122197, 'hidden_continuous_size': 16, 'attention_head_size': 2, 'learning_rate': 0.004079995043496416}. Best is trial 1 with value: 15.186772346496582.
[I 2023-12-27 11:29:12,798] Trial 10 finished with value: 44.04804611206055 and parameters: {'gradient_clip_val': 0.1108418298775053, 'hidden_size': 5, 'dropout': 0.1237527877748397, 'hidden_continuous_size': 5, 'attention_head_size': 3, 'learning_rate': 0.08717413454117488}. Best is trial 1 with value: 15.186772346496582.
[I 2023-12-27 11:29:13,425] Trial 11 finished with value: 44.434505462646484 and parameters: {'gradient_clip_val': 0.18472583595320902, 'hidden_size': 150, 'dropout': 0.49868545847992585, 'hidden_continuous_size': 71, 'attention_head_size': 4, 'learning_rate': 0.018288199801858637}. Best is trial 1 with value: 15.186772346496582.
[I 2023-12-27 11:29:13,806] Trial 12 finished with value: 38.19478225708008 and parameters: {'gradient_clip_val': 0.1963597509275776, 'hidden_size': 13, 'dropout': 0.41515792620906466, 'hidden_continuous_size': 7, 'attention_head_size': 3, 'learning_rate': 0.00144816397773194}. Best is trial 1 with value: 15.186772346496582.
[I 2023-12-27 11:29:14,182] Trial 13 finished with value: 43.91017532348633 and parameters: {'gradient_clip_val': 0.11056272379968622, 'hidden_size': 11, 'dropout': 0.36499673526160215, 'hidden_continuous_size': 6, 'attention_head_size': 4, 'learning_rate': 0.0005552025359349492}. Best is trial 1 with value: 15.186772346496582.
[I 2023-12-27 11:29:14,569] Trial 14 finished with value: 48.01341247558594 and parameters: {'gradient_clip_val': 0.16528227875435142, 'hidden_size': 21, 'dropout': 0.4409214443621322, 'hidden_continuous_size': 10, 'attention_head_size': 3, 'learning_rate': 0.03550894656422741}. Best is trial 1 with value: 15.186772346496582.
[I 2023-12-27 11:29:14,949] Trial 15 finished with value: 55.108768463134766 and parameters: {'gradient_clip_val': 0.25424173537268296, 'hidden_size': 9, 'dropout': 0.22768418948925057, 'hidden_continuous_size': 5, 'attention_head_size': 4, 'learning_rate': 0.00979878167381666}. Best is trial 1 with value: 15.186772346496582.
[I 2023-12-27 11:29:15,338] Trial 16 finished with value: 38.31873321533203 and parameters: {'gradient_clip_val': 0.1364428860241808, 'hidden_size': 26, 'dropout': 0.45246294631894296, 'hidden_continuous_size': 9, 'attention_head_size': 3, 'learning_rate': 0.0021235447280270395}. Best is trial 1 with value: 15.186772346496582.
[I 2023-12-27 11:29:15,730] Trial 17 finished with value: 44.373050689697266 and parameters: {'gradient_clip_val': 0.23372273438076, 'hidden_size': 14, 'dropout': 0.36342821530355446, 'hidden_continuous_size': 6, 'attention_head_size': 4, 'learning_rate': 0.030550586087029756}. Best is trial 1 with value: 15.186772346496582.
[I 2023-12-27 11:29:16,109] Trial 18 finished with value: 40.896636962890625 and parameters: {'gradient_clip_val': 0.13518592996089626, 'hidden_size': 6, 'dropout': 0.327525866873808, 'hidden_continuous_size': 5, 'attention_head_size': 3, 'learning_rate': 0.009904123132017861}. Best is trial 1 with value: 15.186772346496582.
[I 2023-12-27 11:29:16,464] Trial 19 finished with value: 40.185791015625 and parameters: {'gradient_clip_val': 0.2991947137135671, 'hidden_size': 7, 'dropout': 0.4069643567983499, 'hidden_continuous_size': 5, 'attention_head_size': 2, 'learning_rate': 0.0011722171775959658}. Best is trial 1 with value: 15.186772346496582.
[I 2023-12-27 11:29:16,829] Trial 20 finished with value: 35.59958267211914 and parameters: {'gradient_clip_val': 0.18636776639260832, 'hidden_size': 11, 'dropout': 0.4694610401417838, 'hidden_continuous_size': 6, 'attention_head_size': 4, 'learning_rate': 0.00578085398897614}. Best is trial 1 with value: 15.186772346496582.
[I 2023-12-27 11:29:17,207] Trial 21 finished with value: 51.45377731323242 and parameters: {'gradient_clip_val': 0.19823346944867745, 'hidden_size': 10, 'dropout': 0.4690697983415876, 'hidden_continuous_size': 6, 'attention_head_size': 4, 'learning_rate': 0.006769683570967741}. Best is trial 1 with value: 15.186772346496582.
[I 2023-12-27 11:29:17,822] Trial 22 finished with value: 48.90976333618164 and parameters: {'gradient_clip_val': 0.16206249203084572, 'hidden_size': 15, 'dropout': 0.4726384478012487, 'hidden_continuous_size': 7, 'attention_head_size': 4, 'learning_rate': 0.0031537934454432892}. Best is trial 1 with value: 15.186772346496582.
[I 2023-12-27 11:29:18,188] Trial 23 finished with value: 33.89884567260742 and parameters: {'gradient_clip_val': 0.2167645276977752, 'hidden_size': 10, 'dropout': 0.421976822445299, 'hidden_continuous_size': 6, 'attention_head_size': 3, 'learning_rate': 0.006571273187623082}. Best is trial 1 with value: 15.186772346496582.
[I 2023-12-27 11:29:18,555] Trial 24 finished with value: 43.423675537109375 and parameters: {'gradient_clip_val': 0.22026505352609202, 'hidden_size': 7, 'dropout': 0.4158829853749576, 'hidden_continuous_size': 5, 'attention_head_size': 3, 'learning_rate': 0.0016430559594988172}. Best is trial 1 with value: 15.186772346496582.
[I 2023-12-27 11:29:18,885] Trial 25 finished with value: 55.609649658203125 and parameters: {'gradient_clip_val': 0.15599918240749178, 'hidden_size': 5, 'dropout': 0.4298622812226739, 'hidden_continuous_size': 5, 'attention_head_size': 3, 'learning_rate': 0.0008224905860426732}. Best is trial 1 with value: 15.186772346496582.
[I 2023-12-27 11:29:19,270] Trial 26 finished with value: 40.31242752075195 and parameters: {'gradient_clip_val': 0.2929710883716607, 'hidden_size': 14, 'dropout': 0.3933237598234045, 'hidden_continuous_size': 7, 'attention_head_size': 2, 'learning_rate': 0.0030027680184603147}. Best is trial 1 with value: 15.186772346496582.
[I 2023-12-27 11:29:19,676] Trial 27 finished with value: 36.481449127197266 and parameters: {'gradient_clip_val': 0.1037377872048963, 'hidden_size': 25, 'dropout': 0.4987431106879443, 'hidden_continuous_size': 9, 'attention_head_size': 3, 'learning_rate': 0.001374121979951637}. Best is trial 1 with value: 15.186772346496582.
[I 2023-12-27 11:29:20,069] Trial 28 finished with value: 42.571250915527344 and parameters: {'gradient_clip_val': 0.1261387520602026, 'hidden_size': 9, 'dropout': 0.4394612925154332, 'hidden_continuous_size': 6, 'attention_head_size': 3, 'learning_rate': 0.008758187856819194}. Best is trial 1 with value: 15.186772346496582.
[I 2023-12-27 11:29:20,459] Trial 29 finished with value: 49.818538665771484 and parameters: {'gradient_clip_val': 0.21740202536803335, 'hidden_size': 17, 'dropout': 0.3834298534861372, 'hidden_continuous_size': 8, 'attention_head_size': 2, 'learning_rate': 0.013006482874634656}. Best is trial 1 with value: 15.186772346496582.
[I 2023-12-27 11:29:20,819] Trial 30 finished with value: 46.53117752075195 and parameters: {'gradient_clip_val': 0.16391532338658973, 'hidden_size': 12, 'dropout': 0.3401692473456194, 'hidden_continuous_size': 7, 'attention_head_size': 3, 'learning_rate': 0.0008071487379339678}. Best is trial 1 with value: 15.186772346496582.
[I 2023-12-27 11:29:21,196] Trial 31 finished with value: 49.4725341796875 and parameters: {'gradient_clip_val': 0.18773915269824515, 'hidden_size': 12, 'dropout': 0.4727858284914463, 'hidden_continuous_size': 6, 'attention_head_size': 4, 'learning_rate': 0.00609821099379072}. Best is trial 1 with value: 15.186772346496582.
[I 2023-12-27 11:29:21,568] Trial 32 finished with value: 36.309871673583984 and parameters: {'gradient_clip_val': 0.18343419350392173, 'hidden_size': 10, 'dropout': 0.4693402793716644, 'hidden_continuous_size': 6, 'attention_head_size': 4, 'learning_rate': 0.0059833248963273526}. Best is trial 1 with value: 15.186772346496582.
[I 2023-12-27 11:29:21,949] Trial 33 finished with value: 42.93632125854492 and parameters: {'gradient_clip_val': 0.2695279611618366, 'hidden_size': 21, 'dropout': 0.4484361723633258, 'hidden_continuous_size': 8, 'attention_head_size': 1, 'learning_rate': 0.001945127859630194}. Best is trial 1 with value: 15.186772346496582.
[I 2023-12-27 11:29:22,305] Trial 34 finished with value: 48.70943832397461 and parameters: {'gradient_clip_val': 0.23493651836704488, 'hidden_size': 16, 'dropout': 0.42281403945386836, 'hidden_continuous_size': 7, 'attention_head_size': 4, 'learning_rate': 0.0005123265153951181}. Best is trial 1 with value: 15.186772346496582.
[I 2023-12-27 11:29:22,673] Trial 35 finished with value: 49.1391716003418 and parameters: {'gradient_clip_val': 0.2126053708700218, 'hidden_size': 8, 'dropout': 0.40035972680764553, 'hidden_continuous_size': 6, 'attention_head_size': 3, 'learning_rate': 0.003063728759217007}. Best is trial 1 with value: 15.186772346496582.
[I 2023-12-27 11:29:23,279] Trial 36 finished with value: 43.057254791259766 and parameters: {'gradient_clip_val': 0.15373870355599767, 'hidden_size': 11, 'dropout': 0.45743659602283815, 'hidden_continuous_size': 6, 'attention_head_size': 4, 'learning_rate': 0.01664102076930941}. Best is trial 1 with value: 15.186772346496582.
[I 2023-12-27 11:29:23,676] Trial 37 finished with value: 42.836490631103516 and parameters: {'gradient_clip_val': 0.34485727765061175, 'hidden_size': 33, 'dropout': 0.42953119998476386, 'hidden_continuous_size': 13, 'attention_head_size': 1, 'learning_rate': 0.0024433694870066177}. Best is trial 1 with value: 15.186772346496582.
[I 2023-12-27 11:29:24,070] Trial 38 finished with value: 41.134708404541016 and parameters: {'gradient_clip_val': 0.4212929765215147, 'hidden_size': 15, 'dropout': 0.479699008095302, 'hidden_continuous_size': 7, 'attention_head_size': 2, 'learning_rate': 0.004970085541868683}. Best is trial 1 with value: 15.186772346496582.
[I 2023-12-27 11:29:24,467] Trial 39 finished with value: 48.04864501953125 and parameters: {'gradient_clip_val': 0.1258238452945067, 'hidden_size': 19, 'dropout': 0.3779339259537685, 'hidden_continuous_size': 10, 'attention_head_size': 4, 'learning_rate': 0.004267835160262889}. Best is trial 1 with value: 15.186772346496582.
[I 2023-12-27 11:29:24,862] Trial 40 finished with value: 49.93617630004883 and parameters: {'gradient_clip_val': 0.1691512979794269, 'hidden_size': 12, 'dropout': 0.49082922016356334, 'hidden_continuous_size': 8, 'attention_head_size': 3, 'learning_rate': 0.0009990778482781163}. Best is trial 1 with value: 15.186772346496582.
[I 2023-12-27 11:29:25,239] Trial 41 finished with value: 45.56419372558594 and parameters: {'gradient_clip_val': 0.17909539681901282, 'hidden_size': 10, 'dropout': 0.46257054677244724, 'hidden_continuous_size': 6, 'attention_head_size': 4, 'learning_rate': 0.00619513995128689}. Best is trial 1 with value: 15.186772346496582.
[I 2023-12-27 11:29:25,623] Trial 42 finished with value: 54.1868896484375 and parameters: {'gradient_clip_val': 0.19960665744466313, 'hidden_size': 9, 'dropout': 0.4797304236890773, 'hidden_continuous_size': 6, 'attention_head_size': 4, 'learning_rate': 0.005638801178862734}. Best is trial 1 with value: 15.186772346496582.
[I 2023-12-27 11:29:25,997] Trial 43 finished with value: 43.32155227661133 and parameters: {'gradient_clip_val': 0.14731164598457194, 'hidden_size': 17, 'dropout': 0.45686304970148783, 'hidden_continuous_size': 8, 'attention_head_size': 4, 'learning_rate': 0.007704264274354364}. Best is trial 1 with value: 15.186772346496582.
[I 2023-12-27 11:29:26,382] Trial 44 finished with value: 40.5842170715332 and parameters: {'gradient_clip_val': 0.17970807832624972, 'hidden_size': 13, 'dropout': 0.4385410611469996, 'hidden_continuous_size': 7, 'attention_head_size': 4, 'learning_rate': 0.0038732885056291526}. Best is trial 1 with value: 15.186772346496582.
[I 2023-12-27 11:29:26,759] Trial 45 finished with value: 43.820865631103516 and parameters: {'gradient_clip_val': 0.17939943446675152, 'hidden_size': 11, 'dropout': 0.49936625335134815, 'hidden_continuous_size': 6, 'attention_head_size': 4, 'learning_rate': 0.011138839214901596}. Best is trial 1 with value: 15.186772346496582.
[I 2023-12-27 11:29:27,139] Trial 46 finished with value: 43.04977798461914 and parameters: {'gradient_clip_val': 0.24417282870051532, 'hidden_size': 8, 'dropout': 0.4201989050241965, 'hidden_continuous_size': 5, 'attention_head_size': 3, 'learning_rate': 0.00729133688239429}. Best is trial 1 with value: 15.186772346496582.
[I 2023-12-27 11:29:27,540] Trial 47 finished with value: 48.32511901855469 and parameters: {'gradient_clip_val': 0.20702054423632793, 'hidden_size': 21, 'dropout': 0.40575533912625966, 'hidden_continuous_size': 11, 'attention_head_size': 4, 'learning_rate': 0.005519016707128547}. Best is trial 1 with value: 15.186772346496582.
[I 2023-12-27 11:29:27,901] Trial 48 finished with value: 37.513484954833984 and parameters: {'gradient_clip_val': 0.14785784238381697, 'hidden_size': 6, 'dropout': 0.4834162194730253, 'hidden_continuous_size': 5, 'attention_head_size': 3, 'learning_rate': 0.012024654766886765}. Best is trial 1 with value: 15.186772346496582.
[I 2023-12-27 11:29:28,528] Trial 49 finished with value: 48.62763595581055 and parameters: {'gradient_clip_val': 0.1891255493277049, 'hidden_size': 14, 'dropout': 0.4511262824069929, 'hidden_continuous_size': 11, 'attention_head_size': 4, 'learning_rate': 0.015926500946023218}. Best is trial 1 with value: 15.186772346496582.
[I 2023-12-27 11:29:28,655] A new study created in memory with name: no-name-d3c88a77-0eae-4a5e-8b2e-f8e8d90e58ac
/home/le004/conda/anaconda3/envs/tsff_env/lib/python3.9/site-packages/lightning/fabric/plugins/environments/slurm.py:191: The `srun` command is available on your system but is not used. HINT: If your intention is to run Lightning on SLURM, prepend your python command with `srun` like so: srun python /home/le004/master_thesis/git/TSFusionForecast/code/ ...
[I 2023-12-27 11:30:01,564] Trial 0 finished with value: 4.756958961486816 and parameters: {'gradient_clip_val': 0.5184100931830233, 'hidden_size': 20, 'dropout': 0.18523621486012695, 'hidden_continuous_size': 11, 'attention_head_size': 4, 'learning_rate': 0.0016327774256835043}. Best is trial 0 with value: 4.756958961486816.
[I 2023-12-27 11:30:11,185] Trial 1 finished with value: 17.234567642211914 and parameters: {'gradient_clip_val': 0.39369338391759306, 'hidden_size': 8, 'dropout': 0.46127286022017133, 'hidden_continuous_size': 6, 'attention_head_size': 1, 'learning_rate': 0.0013853627299922045}. Best is trial 0 with value: 4.756958961486816.
[I 2023-12-27 11:30:11,527] Trial 2 finished with value: 24.447546005249023 and parameters: {'gradient_clip_val': 0.3738804925568921, 'hidden_size': 16, 'dropout': 0.22328614332574867, 'hidden_continuous_size': 8, 'attention_head_size': 3, 'learning_rate': 0.0006124498499062534}. Best is trial 0 with value: 4.756958961486816.
[I 2023-12-27 11:30:11,949] Trial 3 finished with value: 29.65038299560547 and parameters: {'gradient_clip_val': 0.18167374885304083, 'hidden_size': 66, 'dropout': 0.16932941523629153, 'hidden_continuous_size': 34, 'attention_head_size': 3, 'learning_rate': 0.002351036229542441}. Best is trial 0 with value: 4.756958961486816.
[I 2023-12-27 11:30:12,297] Trial 4 finished with value: 26.322845458984375 and parameters: {'gradient_clip_val': 0.17938155102794387, 'hidden_size': 10, 'dropout': 0.25742661312827964, 'hidden_continuous_size': 8, 'attention_head_size': 1, 'learning_rate': 0.011758337639134926}. Best is trial 0 with value: 4.756958961486816.
[I 2023-12-27 11:30:12,702] Trial 5 finished with value: 16.665510177612305 and parameters: {'gradient_clip_val': 0.2208918587357998, 'hidden_size': 53, 'dropout': 0.3914837700121182, 'hidden_continuous_size': 5, 'attention_head_size': 3, 'learning_rate': 0.006985000091272838}. Best is trial 0 with value: 4.756958961486816.
[I 2023-12-27 11:30:13,059] Trial 6 finished with value: 25.4381160736084 and parameters: {'gradient_clip_val': 0.30511624486616173, 'hidden_size': 32, 'dropout': 0.2877353371496091, 'hidden_continuous_size': 10, 'attention_head_size': 3, 'learning_rate': 0.004868602366667069}. Best is trial 0 with value: 4.756958961486816.
[I 2023-12-27 11:30:13,406] Trial 7 finished with value: 38.405555725097656 and parameters: {'gradient_clip_val': 0.22884717599151555, 'hidden_size': 8, 'dropout': 0.13950369086546113, 'hidden_continuous_size': 6, 'attention_head_size': 3, 'learning_rate': 0.010323103093076855}. Best is trial 0 with value: 4.756958961486816.
[I 2023-12-27 11:30:13,973] Trial 8 finished with value: 26.252599716186523 and parameters: {'gradient_clip_val': 0.41679378177131754, 'hidden_size': 138, 'dropout': 0.11122482807568011, 'hidden_continuous_size': 65, 'attention_head_size': 2, 'learning_rate': 0.013950341274515879}. Best is trial 0 with value: 4.756958961486816.
[I 2023-12-27 11:30:14,320] Trial 9 finished with value: 27.644887924194336 and parameters: {'gradient_clip_val': 0.23586797871994547, 'hidden_size': 16, 'dropout': 0.3729774803061805, 'hidden_continuous_size': 5, 'attention_head_size': 3, 'learning_rate': 0.0029268460381814015}. Best is trial 0 with value: 4.756958961486816.
[I 2023-12-27 11:30:14,902] Trial 10 finished with value: 25.75211524963379 and parameters: {'gradient_clip_val': 0.7541121840532089, 'hidden_size': 6, 'dropout': 0.197348178192744, 'hidden_continuous_size': 5, 'attention_head_size': 4, 'learning_rate': 0.048149870249935604}. Best is trial 0 with value: 4.756958961486816.
[I 2023-12-27 11:30:15,310] Trial 11 finished with value: 25.551862716674805 and parameters: {'gradient_clip_val': 0.11306083770125004, 'hidden_size': 36, 'dropout': 0.36046254760877106, 'hidden_continuous_size': 14, 'attention_head_size': 4, 'learning_rate': 0.0005139075799129651}. Best is trial 0 with value: 4.756958961486816.
[I 2023-12-27 11:30:15,741] Trial 12 finished with value: 18.830331802368164 and parameters: {'gradient_clip_val': 0.5845074504704033, 'hidden_size': 52, 'dropout': 0.30572437896921156, 'hidden_continuous_size': 14, 'attention_head_size': 4, 'learning_rate': 0.0014813946547199983}. Best is trial 0 with value: 4.756958961486816.
[I 2023-12-27 11:30:16,116] Trial 13 finished with value: 26.568410873413086 and parameters: {'gradient_clip_val': 0.8170752135483115, 'hidden_size': 17, 'dropout': 0.4791376705136766, 'hidden_continuous_size': 5, 'attention_head_size': 2, 'learning_rate': 0.005160041128212128}. Best is trial 0 with value: 4.756958961486816.
[I 2023-12-27 11:30:16,505] Trial 14 finished with value: 28.000070571899414 and parameters: {'gradient_clip_val': 0.5636108602438507, 'hidden_size': 26, 'dropout': 0.17151501204954045, 'hidden_continuous_size': 10, 'attention_head_size': 4, 'learning_rate': 0.027730269914958423}. Best is trial 0 with value: 4.756958961486816.
[I 2023-12-27 11:30:16,925] Trial 15 finished with value: 33.379451751708984 and parameters: {'gradient_clip_val': 0.49170330176503596, 'hidden_size': 60, 'dropout': 0.10545278320105297, 'hidden_continuous_size': 16, 'attention_head_size': 2, 'learning_rate': 0.0836600401894325}. Best is trial 0 with value: 4.756958961486816.
[I 2023-12-27 11:30:17,420] Trial 16 finished with value: 23.4479923248291 and parameters: {'gradient_clip_val': 0.9977135695746026, 'hidden_size': 100, 'dropout': 0.22233967897600235, 'hidden_continuous_size': 24, 'attention_head_size': 4, 'learning_rate': 0.006948941997799325}. Best is trial 0 with value: 4.756958961486816.
[I 2023-12-27 11:30:17,807] Trial 17 finished with value: 22.72412109375 and parameters: {'gradient_clip_val': 0.2653783784366159, 'hidden_size': 24, 'dropout': 0.43122649095743515, 'hidden_continuous_size': 7, 'attention_head_size': 4, 'learning_rate': 0.018913073498493152}. Best is trial 0 with value: 4.756958961486816.
[I 2023-12-27 11:30:18,212] Trial 18 finished with value: 23.74933624267578 and parameters: {'gradient_clip_val': 0.32224344011434036, 'hidden_size': 41, 'dropout': 0.3410366077759156, 'hidden_continuous_size': 11, 'attention_head_size': 3, 'learning_rate': 0.004073524070689259}. Best is trial 0 with value: 4.756958961486816.
[I 2023-12-27 11:30:18,671] Trial 19 finished with value: 28.348695755004883 and parameters: {'gradient_clip_val': 0.46466118065031625, 'hidden_size': 79, 'dropout': 0.3894349040821823, 'hidden_continuous_size': 22, 'attention_head_size': 2, 'learning_rate': 0.007307606506541338}. Best is trial 0 with value: 4.756958961486816.
[I 2023-12-27 11:30:19,078] Trial 20 finished with value: 24.52147674560547 and parameters: {'gradient_clip_val': 0.6345545177016947, 'hidden_size': 47, 'dropout': 0.41204409362139977, 'hidden_continuous_size': 8, 'attention_head_size': 4, 'learning_rate': 0.00207042494486951}. Best is trial 0 with value: 4.756958961486816.
[I 2023-12-27 11:30:19,398] Trial 21 finished with value: 33.57783889770508 and parameters: {'gradient_clip_val': 0.3805988633497493, 'hidden_size': 5, 'dropout': 0.4949764781993985, 'hidden_continuous_size': 5, 'attention_head_size': 1, 'learning_rate': 0.0011598002802024338}. Best is trial 0 with value: 4.756958961486816.
