[I 2023-12-27 11:22:52,053] Trial 5 finished with value: 2.3751609325408936 and parameters: {'gradient_clip_val': 0.1992819077951012, 'hidden_size': 22, 'dropout': 0.46806729669165803, 'hidden_continuous_size': 21, 'attention_head_size': 1, 'learning_rate': 0.016594067042738803}. Best is trial 0 with value: 0.08635353296995163.
[I 2023-12-27 11:22:52,403] Trial 6 finished with value: 3.616201162338257 and parameters: {'gradient_clip_val': 0.8860129486507173, 'hidden_size': 11, 'dropout': 0.19017231900970769, 'hidden_continuous_size': 8, 'attention_head_size': 2, 'learning_rate': 0.048321985810564835}. Best is trial 0 with value: 0.08635353296995163.
[I 2023-12-27 11:22:52,856] Trial 7 finished with value: 2.6821203231811523 and parameters: {'gradient_clip_val': 0.23083731212571215, 'hidden_size': 87, 'dropout': 0.20558323316982854, 'hidden_continuous_size': 30, 'attention_head_size': 3, 'learning_rate': 0.008094787056498744}. Best is trial 0 with value: 0.08635353296995163.
[I 2023-12-27 11:22:53,225] Trial 8 finished with value: 2.0397870540618896 and parameters: {'gradient_clip_val': 0.15726903758467214, 'hidden_size': 29, 'dropout': 0.32299013711554775, 'hidden_continuous_size': 28, 'attention_head_size': 1, 'learning_rate': 0.06970757331530608}. Best is trial 0 with value: 0.08635353296995163.
[I 2023-12-27 11:22:53,580] Trial 9 finished with value: 2.7225639820098877 and parameters: {'gradient_clip_val': 0.8320172054718171, 'hidden_size': 10, 'dropout': 0.14012198586823527, 'hidden_continuous_size': 9, 'attention_head_size': 2, 'learning_rate': 0.007409103707447346}. Best is trial 0 with value: 0.08635353296995163.
[I 2023-12-27 11:22:54,125] Trial 10 finished with value: 3.006542205810547 and parameters: {'gradient_clip_val': 0.469670170839908, 'hidden_size': 5, 'dropout': 0.4820454505893651, 'hidden_continuous_size': 5, 'attention_head_size': 3, 'learning_rate': 0.0005092579230197539}. Best is trial 0 with value: 0.08635353296995163.
[I 2023-12-27 11:22:54,562] Trial 11 finished with value: 2.675708770751953 and parameters: {'gradient_clip_val': 0.10486517618526515, 'hidden_size': 30, 'dropout': 0.37674639388876763, 'hidden_continuous_size': 13, 'attention_head_size': 3, 'learning_rate': 0.09273530393300575}. Best is trial 0 with value: 0.08635353296995163.
[I 2023-12-27 11:22:54,984] Trial 12 finished with value: 3.076641082763672 and parameters: {'gradient_clip_val': 0.37023274187203414, 'hidden_size': 37, 'dropout': 0.3417876212531391, 'hidden_continuous_size': 14, 'attention_head_size': 1, 'learning_rate': 0.09422426174691001}. Best is trial 0 with value: 0.08635353296995163.
[I 2023-12-27 11:22:55,436] Trial 13 finished with value: 2.5307655334472656 and parameters: {'gradient_clip_val': 0.5733493352686045, 'hidden_size': 48, 'dropout': 0.2862800306430876, 'hidden_continuous_size': 20, 'attention_head_size': 3, 'learning_rate': 0.027796808603799943}. Best is trial 0 with value: 0.08635353296995163.
[I 2023-12-27 11:22:55,832] Trial 14 finished with value: 1.803282380104065 and parameters: {'gradient_clip_val': 0.2970541586998034, 'hidden_size': 15, 'dropout': 0.4060942109908028, 'hidden_continuous_size': 9, 'attention_head_size': 2, 'learning_rate': 0.019907612775862633}. Best is trial 0 with value: 0.08635353296995163.
[I 2023-12-27 11:22:56,199] Trial 15 finished with value: 2.2739665508270264 and parameters: {'gradient_clip_val': 0.311363510750494, 'hidden_size': 16, 'dropout': 0.4235767038478707, 'hidden_continuous_size': 9, 'attention_head_size': 2, 'learning_rate': 0.022225577954931082}. Best is trial 0 with value: 0.08635353296995163.
[I 2023-12-27 11:22:56,587] Trial 16 finished with value: 2.693862199783325 and parameters: {'gradient_clip_val': 0.6464045522818624, 'hidden_size': 14, 'dropout': 0.4020044501772376, 'hidden_continuous_size': 8, 'attention_head_size': 4, 'learning_rate': 0.0349928298199926}. Best is trial 0 with value: 0.08635353296995163.
[I 2023-12-27 11:22:56,982] Trial 17 finished with value: 2.1285603046417236 and parameters: {'gradient_clip_val': 0.32706439229766987, 'hidden_size': 20, 'dropout': 0.4974507579452642, 'hidden_continuous_size': 11, 'attention_head_size': 3, 'learning_rate': 0.015548558639036867}. Best is trial 0 with value: 0.08635353296995163.
[I 2023-12-27 11:22:57,384] Trial 18 finished with value: 2.1625359058380127 and parameters: {'gradient_clip_val': 0.4564518507413572, 'hidden_size': 14, 'dropout': 0.44566607889081206, 'hidden_continuous_size': 7, 'attention_head_size': 2, 'learning_rate': 0.05080829731609991}. Best is trial 0 with value: 0.08635353296995163.
[I 2023-12-27 11:22:57,726] Trial 19 finished with value: 3.2034101486206055 and parameters: {'gradient_clip_val': 0.28797605856769054, 'hidden_size': 5, 'dropout': 0.38848620814814305, 'hidden_continuous_size': 5, 'attention_head_size': 3, 'learning_rate': 0.012881832707376374}. Best is trial 0 with value: 0.08635353296995163.
[I 2023-12-27 11:22:58,114] Trial 20 finished with value: 2.516671895980835 and parameters: {'gradient_clip_val': 0.6522699964529628, 'hidden_size': 11, 'dropout': 0.45257267134451185, 'hidden_continuous_size': 6, 'attention_head_size': 2, 'learning_rate': 0.029064990280144}. Best is trial 0 with value: 0.08635353296995163.
[I 2023-12-27 11:22:58,519] Trial 21 finished with value: 2.63116717338562 and parameters: {'gradient_clip_val': 0.24770941052005424, 'hidden_size': 27, 'dropout': 0.3451774694428547, 'hidden_continuous_size': 11, 'attention_head_size': 1, 'learning_rate': 0.07002011047902391}. Best is trial 0 with value: 0.08635353296995163.
[I 2023-12-27 11:22:58,894] Trial 22 finished with value: 2.646150827407837 and parameters: {'gradient_clip_val': 0.42381575155680856, 'hidden_size': 21, 'dropout': 0.354533591761488, 'hidden_continuous_size': 10, 'attention_head_size': 1, 'learning_rate': 0.06798361549079596}. Best is trial 0 with value: 0.08635353296995163.
[I 2023-12-27 11:22:59,537] Trial 23 finished with value: 2.718019723892212 and parameters: {'gradient_clip_val': 0.39708764398586666, 'hidden_size': 40, 'dropout': 0.32384670938484006, 'hidden_continuous_size': 15, 'attention_head_size': 1, 'learning_rate': 0.09580967229675498}. Best is trial 0 with value: 0.08635353296995163.
[I 2023-12-27 11:22:59,925] Trial 24 finished with value: 2.7988274097442627 and parameters: {'gradient_clip_val': 0.26598576600744744, 'hidden_size': 25, 'dropout': 0.3838066059217986, 'hidden_continuous_size': 11, 'attention_head_size': 2, 'learning_rate': 0.04067365760663951}. Best is trial 0 with value: 0.08635353296995163.
[I 2023-12-27 11:23:00,292] Trial 25 finished with value: 1.8130775690078735 and parameters: {'gradient_clip_val': 0.32170625755225846, 'hidden_size': 16, 'dropout': 0.4414676390161343, 'hidden_continuous_size': 8, 'attention_head_size': 3, 'learning_rate': 0.061601944286533664}. Best is trial 0 with value: 0.08635353296995163.
[I 2023-12-27 11:23:00,673] Trial 26 finished with value: 2.613197088241577 and parameters: {'gradient_clip_val': 0.34101040527304644, 'hidden_size': 13, 'dropout': 0.437079214098771, 'hidden_continuous_size': 7, 'attention_head_size': 3, 'learning_rate': 0.02997627652660607}. Best is trial 0 with value: 0.08635353296995163.
[I 2023-12-27 11:23:01,054] Trial 27 finished with value: 2.4097530841827393 and parameters: {'gradient_clip_val': 0.5190739241189174, 'hidden_size': 18, 'dropout': 0.41662376551534586, 'hidden_continuous_size': 8, 'attention_head_size': 4, 'learning_rate': 0.021241087821191756}. Best is trial 0 with value: 0.08635353296995163.
[I 2023-12-27 11:23:01,433] Trial 28 finished with value: 3.031182050704956 and parameters: {'gradient_clip_val': 0.9931950033907948, 'hidden_size': 8, 'dropout': 0.4652489776354139, 'hidden_continuous_size': 6, 'attention_head_size': 3, 'learning_rate': 0.056147584119626504}. Best is trial 0 with value: 0.08635353296995163.
[I 2023-12-27 11:23:01,816] Trial 29 finished with value: 3.5697529315948486 and parameters: {'gradient_clip_val': 0.7592435709137013, 'hidden_size': 9, 'dropout': 0.4989865745610871, 'hidden_continuous_size': 6, 'attention_head_size': 4, 'learning_rate': 0.0359154578604645}. Best is trial 0 with value: 0.08635353296995163.
[I 2023-12-27 11:23:02,216] Trial 30 finished with value: 2.582319736480713 and parameters: {'gradient_clip_val': 0.39171367141211694, 'hidden_size': 7, 'dropout': 0.4425880805639626, 'hidden_continuous_size': 5, 'attention_head_size': 3, 'learning_rate': 0.06319745168526912}. Best is trial 0 with value: 0.08635353296995163.
[I 2023-12-27 11:23:02,611] Trial 31 finished with value: 2.475529670715332 and parameters: {'gradient_clip_val': 0.29370763569342107, 'hidden_size': 12, 'dropout': 0.4037016819087452, 'hidden_continuous_size': 7, 'attention_head_size': 2, 'learning_rate': 0.0694573411327606}. Best is trial 0 with value: 0.08635353296995163.
[I 2023-12-27 11:23:02,980] Trial 32 finished with value: 2.561563014984131 and parameters: {'gradient_clip_val': 0.5435334534890134, 'hidden_size': 16, 'dropout': 0.367488934430913, 'hidden_continuous_size': 9, 'attention_head_size': 4, 'learning_rate': 0.04261873652353307}. Best is trial 0 with value: 0.08635353296995163.
[I 2023-12-27 11:23:03,376] Trial 33 finished with value: 2.310107707977295 and parameters: {'gradient_clip_val': 0.17178154482670768, 'hidden_size': 19, 'dropout': 0.40010698349934487, 'hidden_continuous_size': 10, 'attention_head_size': 3, 'learning_rate': 0.09785875835037137}. Best is trial 0 with value: 0.08635353296995163.
[I 2023-12-27 11:23:03,752] Trial 34 finished with value: 1.9628404378890991 and parameters: {'gradient_clip_val': 0.21600960259190335, 'hidden_size': 9, 'dropout': 0.31257256521713334, 'hidden_continuous_size': 6, 'attention_head_size': 2, 'learning_rate': 0.054650162638356065}. Best is trial 0 with value: 0.08635353296995163.
[I 2023-12-27 11:23:04,122] Trial 35 finished with value: 2.9391040802001953 and parameters: {'gradient_clip_val': 0.2268898344080576, 'hidden_size': 7, 'dropout': 0.4265279071767185, 'hidden_continuous_size': 5, 'attention_head_size': 2, 'learning_rate': 0.04259091437243103}. Best is trial 0 with value: 0.08635353296995163.
[I 2023-12-27 11:23:04,735] Trial 36 finished with value: 3.3456199169158936 and parameters: {'gradient_clip_val': 0.2106866133039643, 'hidden_size': 9, 'dropout': 0.46588148998273593, 'hidden_continuous_size': 6, 'attention_head_size': 2, 'learning_rate': 0.022583694690501293}. Best is trial 0 with value: 0.08635353296995163.
[I 2023-12-27 11:23:05,109] Trial 37 finished with value: 2.160041093826294 and parameters: {'gradient_clip_val': 0.2719162452362844, 'hidden_size': 12, 'dropout': 0.26083479357300715, 'hidden_continuous_size': 7, 'attention_head_size': 2, 'learning_rate': 0.053647416659119686}. Best is trial 0 with value: 0.08635353296995163.
[I 2023-12-27 11:23:05,490] Trial 38 finished with value: 2.686396598815918 and parameters: {'gradient_clip_val': 0.19218394211076054, 'hidden_size': 14, 'dropout': 0.361015606163542, 'hidden_continuous_size': 8, 'attention_head_size': 3, 'learning_rate': 0.011224536825314067}. Best is trial 0 with value: 0.08635353296995163.
[I 2023-12-27 11:23:05,868] Trial 39 finished with value: 2.5314109325408936 and parameters: {'gradient_clip_val': 0.35107108416422667, 'hidden_size': 10, 'dropout': 0.41442132527469716, 'hidden_continuous_size': 7, 'attention_head_size': 2, 'learning_rate': 0.0378809828627306}. Best is trial 0 with value: 0.08635353296995163.
[I 2023-12-27 11:23:06,232] Trial 40 finished with value: 2.8118486404418945 and parameters: {'gradient_clip_val': 0.26102156280122324, 'hidden_size': 16, 'dropout': 0.3823529908309563, 'hidden_continuous_size': 8, 'attention_head_size': 3, 'learning_rate': 0.0044131426366463425}. Best is trial 0 with value: 0.08635353296995163.
[I 2023-12-27 11:23:06,613] Trial 41 finished with value: 2.0476229190826416 and parameters: {'gradient_clip_val': 0.15776552846311992, 'hidden_size': 24, 'dropout': 0.3284632117952007, 'hidden_continuous_size': 12, 'attention_head_size': 1, 'learning_rate': 0.059985066243561896}. Best is trial 0 with value: 0.08635353296995163.
[I 2023-12-27 11:23:06,974] Trial 42 finished with value: 2.0168616771698 and parameters: {'gradient_clip_val': 0.12561812344365894, 'hidden_size': 6, 'dropout': 0.3130749341579687, 'hidden_continuous_size': 5, 'attention_head_size': 1, 'learning_rate': 0.07748136177759717}. Best is trial 0 with value: 0.08635353296995163.
[I 2023-12-27 11:23:07,342] Trial 43 finished with value: 2.8312718868255615 and parameters: {'gradient_clip_val': 0.12484791993686661, 'hidden_size': 6, 'dropout': 0.307073513235135, 'hidden_continuous_size': 5, 'attention_head_size': 2, 'learning_rate': 0.051884831156245634}. Best is trial 0 with value: 0.08635353296995163.
[I 2023-12-27 11:23:07,716] Trial 44 finished with value: 2.56086802482605 and parameters: {'gradient_clip_val': 0.13644270544118692, 'hidden_size': 6, 'dropout': 0.2617761928847368, 'hidden_continuous_size': 5, 'attention_head_size': 1, 'learning_rate': 0.0785274625434214}. Best is trial 0 with value: 0.08635353296995163.
[I 2023-12-27 11:23:08,083] Trial 45 finished with value: 2.192365884780884 and parameters: {'gradient_clip_val': 0.18177293960417115, 'hidden_size': 8, 'dropout': 0.3697059555269974, 'hidden_continuous_size': 6, 'attention_head_size': 3, 'learning_rate': 0.08397760042853492}. Best is trial 0 with value: 0.08635353296995163.
[I 2023-12-27 11:23:08,459] Trial 46 finished with value: 2.449300765991211 and parameters: {'gradient_clip_val': 0.22467539163721484, 'hidden_size': 10, 'dropout': 0.43040506492829783, 'hidden_continuous_size': 8, 'attention_head_size': 2, 'learning_rate': 0.04797492161419668}. Best is trial 0 with value: 0.08635353296995163.
[I 2023-12-27 11:23:08,829] Trial 47 finished with value: 3.8460419178009033 and parameters: {'gradient_clip_val': 0.3056428210905663, 'hidden_size': 11, 'dropout': 0.35184350207791587, 'hidden_continuous_size': 6, 'attention_head_size': 3, 'learning_rate': 0.07677622726958545}. Best is trial 0 with value: 0.08635353296995163.
[I 2023-12-27 11:23:09,185] Trial 48 finished with value: 3.4685699939727783 and parameters: {'gradient_clip_val': 0.20682600768267592, 'hidden_size': 6, 'dropout': 0.4765425259033681, 'hidden_continuous_size': 5, 'attention_head_size': 1, 'learning_rate': 0.09725590577714058}. Best is trial 0 with value: 0.08635353296995163.
[I 2023-12-27 11:23:09,559] Trial 49 finished with value: 2.4559946060180664 and parameters: {'gradient_clip_val': 0.1100286132120589, 'hidden_size': 17, 'dropout': 0.45259357979212295, 'hidden_continuous_size': 10, 'attention_head_size': 2, 'learning_rate': 0.05911527586184128}. Best is trial 0 with value: 0.08635353296995163.
[I 2023-12-27 11:23:09,667] A new study created in memory with name: no-name-5301e614-4bd7-4fcf-836f-bba6649c4c8a
/home/le004/conda/anaconda3/envs/tsff_env/lib/python3.9/site-packages/lightning/fabric/plugins/environments/slurm.py:191: The `srun` command is available on your system but is not used. HINT: If your intention is to run Lightning on SLURM, prepend your python command with `srun` like so: srun python /home/le004/master_thesis/git/TSFusionForecast/code/ ...
[I 2023-12-27 11:23:51,452] Trial 0 finished with value: 0.134412482380867 and parameters: {'gradient_clip_val': 0.5994590266212009, 'hidden_size': 64, 'dropout': 0.4603140583676747, 'hidden_continuous_size': 29, 'attention_head_size': 4, 'learning_rate': 0.009585968765072542}. Best is trial 0 with value: 0.134412482380867.
[I 2023-12-27 11:23:55,008] Trial 1 finished with value: 2.8699378967285156 and parameters: {'gradient_clip_val': 0.14506276256734404, 'hidden_size': 12, 'dropout': 0.32538993696339547, 'hidden_continuous_size': 5, 'attention_head_size': 3, 'learning_rate': 0.0011194648554327864}. Best is trial 0 with value: 0.134412482380867.
[I 2023-12-27 11:23:55,465] Trial 2 finished with value: 3.5421345233917236 and parameters: {'gradient_clip_val': 0.10730569229557269, 'hidden_size': 70, 'dropout': 0.1960699793813809, 'hidden_continuous_size': 24, 'attention_head_size': 3, 'learning_rate': 0.0543533103744119}. Best is trial 0 with value: 0.134412482380867.
[I 2023-12-27 11:23:55,837] Trial 3 finished with value: 2.637859344482422 and parameters: {'gradient_clip_val': 0.2514978238783655, 'hidden_size': 26, 'dropout': 0.287172619158066, 'hidden_continuous_size': 14, 'attention_head_size': 1, 'learning_rate': 0.08058613125470196}. Best is trial 0 with value: 0.134412482380867.
[I 2023-12-27 11:23:56,152] Trial 4 finished with value: 3.1025631427764893 and parameters: {'gradient_clip_val': 0.4234966043536664, 'hidden_size': 5, 'dropout': 0.3306718121378851, 'hidden_continuous_size': 5, 'attention_head_size': 1, 'learning_rate': 0.003251086281821001}. Best is trial 0 with value: 0.134412482380867.
[I 2023-12-27 11:23:56,737] Trial 5 finished with value: 3.370865821838379 and parameters: {'gradient_clip_val': 0.9594951406771889, 'hidden_size': 149, 'dropout': 0.15838548692835844, 'hidden_continuous_size': 28, 'attention_head_size': 2, 'learning_rate': 0.030213791362672424}. Best is trial 0 with value: 0.134412482380867.
[I 2023-12-27 11:23:57,209] Trial 6 finished with value: 2.9007842540740967 and parameters: {'gradient_clip_val': 0.6754199551920014, 'hidden_size': 87, 'dropout': 0.2167931049241728, 'hidden_continuous_size': 21, 'attention_head_size': 4, 'learning_rate': 0.0020506179846919146}. Best is trial 0 with value: 0.134412482380867.
[I 2023-12-27 11:23:57,562] Trial 7 finished with value: 3.3059022426605225 and parameters: {'gradient_clip_val': 0.6664958294888679, 'hidden_size': 16, 'dropout': 0.32521277186382025, 'hidden_continuous_size': 5, 'attention_head_size': 4, 'learning_rate': 0.0028840794861045255}. Best is trial 0 with value: 0.134412482380867.
[I 2023-12-27 11:23:57,887] Trial 8 finished with value: 3.4004735946655273 and parameters: {'gradient_clip_val': 0.2939243323064532, 'hidden_size': 5, 'dropout': 0.19178088435574392, 'hidden_continuous_size': 5, 'attention_head_size': 1, 'learning_rate': 0.0008063531663400126}. Best is trial 0 with value: 0.134412482380867.
[I 2023-12-27 11:23:58,240] Trial 9 finished with value: 3.193635940551758 and parameters: {'gradient_clip_val': 0.5317807403829345, 'hidden_size': 14, 'dropout': 0.1823883439638054, 'hidden_continuous_size': 14, 'attention_head_size': 4, 'learning_rate': 0.09695461105585007}. Best is trial 0 with value: 0.134412482380867.
[I 2023-12-27 11:23:58,697] Trial 10 finished with value: 3.2027406692504883 and parameters: {'gradient_clip_val': 0.3922047125138155, 'hidden_size': 52, 'dropout': 0.4980443025875523, 'hidden_continuous_size': 51, 'attention_head_size': 3, 'learning_rate': 0.010551316466349192}. Best is trial 0 with value: 0.134412482380867.
[I 2023-12-27 11:23:59,346] Trial 11 finished with value: 2.3923823833465576 and parameters: {'gradient_clip_val': 0.2686804800772383, 'hidden_size': 37, 'dropout': 0.4201303262408991, 'hidden_continuous_size': 9, 'attention_head_size': 2, 'learning_rate': 0.016022819378203018}. Best is trial 0 with value: 0.134412482380867.
[I 2023-12-27 11:23:59,766] Trial 12 finished with value: 3.1877965927124023 and parameters: {'gradient_clip_val': 0.2256164072488406, 'hidden_size': 44, 'dropout': 0.4643012258860565, 'hidden_continuous_size': 11, 'attention_head_size': 2, 'learning_rate': 0.01249121881920266}. Best is trial 0 with value: 0.134412482380867.
[I 2023-12-27 11:24:00,182] Trial 13 finished with value: 3.058675765991211 and parameters: {'gradient_clip_val': 0.34883670032819397, 'hidden_size': 33, 'dropout': 0.42447433566580545, 'hidden_continuous_size': 8, 'attention_head_size': 2, 'learning_rate': 0.02130335033161563}. Best is trial 0 with value: 0.134412482380867.
[I 2023-12-27 11:24:00,685] Trial 14 finished with value: 3.5215442180633545 and parameters: {'gradient_clip_val': 0.20806528095258983, 'hidden_size': 87, 'dropout': 0.4135153179873294, 'hidden_continuous_size': 39, 'attention_head_size': 3, 'learning_rate': 0.005520010040809893}. Best is trial 0 with value: 0.134412482380867.
[I 2023-12-27 11:24:01,082] Trial 15 finished with value: 3.2349464893341064 and parameters: {'gradient_clip_val': 0.49391093264505775, 'hidden_size': 28, 'dropout': 0.10030112454809614, 'hidden_continuous_size': 8, 'attention_head_size': 2, 'learning_rate': 0.007091296368740624}. Best is trial 0 with value: 0.134412482380867.
[I 2023-12-27 11:24:01,728] Trial 16 finished with value: 3.351407766342163 and parameters: {'gradient_clip_val': 0.327728147357413, 'hidden_size': 142, 'dropout': 0.3966664264617702, 'hidden_continuous_size': 86, 'attention_head_size': 4, 'learning_rate': 0.01961874888770324}. Best is trial 0 with value: 0.134412482380867.
[I 2023-12-27 11:24:02,172] Trial 17 finished with value: 3.2684357166290283 and parameters: {'gradient_clip_val': 0.19688949432961625, 'hidden_size': 54, 'dropout': 0.4872298539262698, 'hidden_continuous_size': 19, 'attention_head_size': 3, 'learning_rate': 0.037025338498287055}. Best is trial 0 with value: 0.134412482380867.
[I 2023-12-27 11:24:02,593] Trial 18 finished with value: 2.9787285327911377 and parameters: {'gradient_clip_val': 0.2821549912511643, 'hidden_size': 38, 'dropout': 0.4462492319425286, 'hidden_continuous_size': 16, 'attention_head_size': 2, 'learning_rate': 0.012631469203093321}. Best is trial 0 with value: 0.134412482380867.
[I 2023-12-27 11:24:03,042] Trial 19 finished with value: 2.3674631118774414 and parameters: {'gradient_clip_val': 0.1694714802437698, 'hidden_size': 66, 'dropout': 0.384310112802549, 'hidden_continuous_size': 29, 'attention_head_size': 1, 'learning_rate': 0.006504698936932953}. Best is trial 0 with value: 0.134412482380867.
