[I 2023-12-27 10:53:51,195] Trial 14 finished with value: 2.884702682495117 and parameters: {'gradient_clip_val': 0.2328287379986132, 'hidden_size': 75, 'dropout': 0.37263069792377396, 'hidden_continuous_size': 16, 'attention_head_size': 2, 'learning_rate': 0.0013745715973795614}. Best is trial 0 with value: 0.05499652028083801.
[I 2023-12-27 10:53:51,589] Trial 15 finished with value: 2.9740617275238037 and parameters: {'gradient_clip_val': 0.13151958108035638, 'hidden_size': 36, 'dropout': 0.23762767702879803, 'hidden_continuous_size': 16, 'attention_head_size': 3, 'learning_rate': 0.004378514743717177}. Best is trial 0 with value: 0.05499652028083801.
[I 2023-12-27 10:53:52,057] Trial 16 finished with value: 3.4833831787109375 and parameters: {'gradient_clip_val': 0.22416361340342567, 'hidden_size': 87, 'dropout': 0.10817955201263213, 'hidden_continuous_size': 31, 'attention_head_size': 1, 'learning_rate': 0.001133813812744737}. Best is trial 0 with value: 0.05499652028083801.
[I 2023-12-27 10:53:52,490] Trial 17 finished with value: 2.472675085067749 and parameters: {'gradient_clip_val': 0.10428150852984032, 'hidden_size': 59, 'dropout': 0.3230913725597022, 'hidden_continuous_size': 21, 'attention_head_size': 2, 'learning_rate': 0.0023015300160425115}. Best is trial 0 with value: 0.05499652028083801.
[I 2023-12-27 10:53:53,089] Trial 18 finished with value: 3.6403303146362305 and parameters: {'gradient_clip_val': 0.13710410399878173, 'hidden_size': 33, 'dropout': 0.3946630695561061, 'hidden_continuous_size': 8, 'attention_head_size': 3, 'learning_rate': 0.015090426787382955}. Best is trial 0 with value: 0.05499652028083801.
[I 2023-12-27 10:53:53,593] Trial 19 finished with value: 3.955469846725464 and parameters: {'gradient_clip_val': 0.24599139895933678, 'hidden_size': 101, 'dropout': 0.26223745050543784, 'hidden_continuous_size': 47, 'attention_head_size': 4, 'learning_rate': 0.0008529310104464934}. Best is trial 0 with value: 0.05499652028083801.
[I 2023-12-27 10:53:54,011] Trial 20 finished with value: 3.8738133907318115 and parameters: {'gradient_clip_val': 0.18884243209444848, 'hidden_size': 59, 'dropout': 0.3248682772068671, 'hidden_continuous_size': 12, 'attention_head_size': 1, 'learning_rate': 0.0018896154340358965}. Best is trial 0 with value: 0.05499652028083801.
[I 2023-12-27 10:53:54,379] Trial 21 finished with value: 3.5180466175079346 and parameters: {'gradient_clip_val': 0.3522425667166218, 'hidden_size': 24, 'dropout': 0.18209456652188213, 'hidden_continuous_size': 7, 'attention_head_size': 1, 'learning_rate': 0.014715477250928036}. Best is trial 0 with value: 0.05499652028083801.
[I 2023-12-27 10:53:54,874] Trial 22 finished with value: 2.913679361343384 and parameters: {'gradient_clip_val': 0.7301771782383585, 'hidden_size': 114, 'dropout': 0.1662121235616521, 'hidden_continuous_size': 7, 'attention_head_size': 1, 'learning_rate': 0.037035436423407515}. Best is trial 0 with value: 0.05499652028083801.
[I 2023-12-27 10:53:55,271] Trial 23 finished with value: 4.075960636138916 and parameters: {'gradient_clip_val': 0.3266162717516173, 'hidden_size': 38, 'dropout': 0.2406713145120228, 'hidden_continuous_size': 14, 'attention_head_size': 2, 'learning_rate': 0.022643368773374056}. Best is trial 0 with value: 0.05499652028083801.
[I 2023-12-27 10:53:55,720] Trial 24 finished with value: 3.2433929443359375 and parameters: {'gradient_clip_val': 0.15756845266807026, 'hidden_size': 78, 'dropout': 0.18763606495535948, 'hidden_continuous_size': 20, 'attention_head_size': 1, 'learning_rate': 0.010400033669876602}. Best is trial 0 with value: 0.05499652028083801.
[I 2023-12-27 10:53:56,311] Trial 25 finished with value: 3.1511871814727783 and parameters: {'gradient_clip_val': 0.21717895073246346, 'hidden_size': 117, 'dropout': 0.14872584752312623, 'hidden_continuous_size': 115, 'attention_head_size': 2, 'learning_rate': 0.02715093821324566}. Best is trial 0 with value: 0.05499652028083801.
[I 2023-12-27 10:53:56,731] Trial 26 finished with value: 3.2247016429901123 and parameters: {'gradient_clip_val': 0.6857768210121118, 'hidden_size': 59, 'dropout': 0.29738624232341865, 'hidden_continuous_size': 6, 'attention_head_size': 3, 'learning_rate': 0.008425466211241276}. Best is trial 0 with value: 0.05499652028083801.
[I 2023-12-27 10:53:57,137] Trial 27 finished with value: 3.231149911880493 and parameters: {'gradient_clip_val': 0.3752394113168373, 'hidden_size': 43, 'dropout': 0.25662980569490396, 'hidden_continuous_size': 12, 'attention_head_size': 1, 'learning_rate': 0.004449645525257962}. Best is trial 0 with value: 0.05499652028083801.
[I 2023-12-27 10:53:57,528] Trial 28 finished with value: 3.2055232524871826 and parameters: {'gradient_clip_val': 0.292440999009532, 'hidden_size': 29, 'dropout': 0.20268918349196535, 'hidden_continuous_size': 10, 'attention_head_size': 2, 'learning_rate': 0.0034576009799858753}. Best is trial 0 with value: 0.05499652028083801.
[I 2023-12-27 10:53:57,901] Trial 29 finished with value: 2.0431976318359375 and parameters: {'gradient_clip_val': 0.2736722875319562, 'hidden_size': 11, 'dropout': 0.2354223525801465, 'hidden_continuous_size': 6, 'attention_head_size': 3, 'learning_rate': 0.08217041031102176}. Best is trial 0 with value: 0.05499652028083801.
[I 2023-12-27 10:53:58,270] Trial 30 finished with value: 4.669612407684326 and parameters: {'gradient_clip_val': 0.2513421511771494, 'hidden_size': 8, 'dropout': 0.2974478309038643, 'hidden_continuous_size': 5, 'attention_head_size': 3, 'learning_rate': 0.06952458156375664}. Best is trial 0 with value: 0.05499652028083801.
[I 2023-12-27 10:53:58,864] Trial 31 finished with value: 3.6131174564361572 and parameters: {'gradient_clip_val': 0.270775712874888, 'hidden_size': 10, 'dropout': 0.23894469598064383, 'hidden_continuous_size': 6, 'attention_head_size': 3, 'learning_rate': 0.09315431493332119}. Best is trial 0 with value: 0.05499652028083801.
[I 2023-12-27 10:53:59,244] Trial 32 finished with value: 3.4210002422332764 and parameters: {'gradient_clip_val': 0.1986133908776213, 'hidden_size': 21, 'dropout': 0.22160944026524218, 'hidden_continuous_size': 7, 'attention_head_size': 3, 'learning_rate': 0.04053125417705308}. Best is trial 0 with value: 0.05499652028083801.
[I 2023-12-27 10:53:59,606] Trial 33 finished with value: 3.004460573196411 and parameters: {'gradient_clip_val': 0.2870214613069829, 'hidden_size': 16, 'dropout': 0.17964330474305995, 'hidden_continuous_size': 9, 'attention_head_size': 3, 'learning_rate': 0.09914189269355361}. Best is trial 0 with value: 0.05499652028083801.
[I 2023-12-27 10:53:59,986] Trial 34 finished with value: 3.2080276012420654 and parameters: {'gradient_clip_val': 0.18629138571275872, 'hidden_size': 14, 'dropout': 0.26480311513264465, 'hidden_continuous_size': 8, 'attention_head_size': 4, 'learning_rate': 0.0662286267107734}. Best is trial 0 with value: 0.05499652028083801.
[I 2023-12-27 10:54:00,362] Trial 35 finished with value: 4.312382221221924 and parameters: {'gradient_clip_val': 0.20834701783162976, 'hidden_size': 24, 'dropout': 0.42868614725189913, 'hidden_continuous_size': 9, 'attention_head_size': 3, 'learning_rate': 0.04684301728581105}. Best is trial 0 with value: 0.05499652028083801.
[I 2023-12-27 10:54:00,718] Trial 36 finished with value: 3.341374635696411 and parameters: {'gradient_clip_val': 0.1533184391167679, 'hidden_size': 8, 'dropout': 0.32286662635336755, 'hidden_continuous_size': 6, 'attention_head_size': 1, 'learning_rate': 0.028448997862951277}. Best is trial 0 with value: 0.05499652028083801.
[I 2023-12-27 10:54:01,092] Trial 37 finished with value: 3.0017507076263428 and parameters: {'gradient_clip_val': 0.42229584595834374, 'hidden_size': 19, 'dropout': 0.29641282964356824, 'hidden_continuous_size': 11, 'attention_head_size': 2, 'learning_rate': 0.0504451416921358}. Best is trial 0 with value: 0.05499652028083801.
[I 2023-12-27 10:54:01,490] Trial 38 finished with value: 4.834506988525391 and parameters: {'gradient_clip_val': 0.2654658162087562, 'hidden_size': 28, 'dropout': 0.2738212266802235, 'hidden_continuous_size': 5, 'attention_head_size': 4, 'learning_rate': 0.02128190431737507}. Best is trial 0 with value: 0.05499652028083801.
[I 2023-12-27 10:54:01,874] Trial 39 finished with value: 4.380606174468994 and parameters: {'gradient_clip_val': 0.978297113199355, 'hidden_size': 10, 'dropout': 0.49039080174606053, 'hidden_continuous_size': 6, 'attention_head_size': 3, 'learning_rate': 0.011290438020927843}. Best is trial 0 with value: 0.05499652028083801.
[I 2023-12-27 10:54:02,241] Trial 40 finished with value: 2.9824981689453125 and parameters: {'gradient_clip_val': 0.3086042231451164, 'hidden_size': 6, 'dropout': 0.1952332118998869, 'hidden_continuous_size': 5, 'attention_head_size': 2, 'learning_rate': 0.006514434925630426}. Best is trial 0 with value: 0.05499652028083801.
[I 2023-12-27 10:54:02,672] Trial 41 finished with value: 4.027065277099609 and parameters: {'gradient_clip_val': 0.1766173371194485, 'hidden_size': 60, 'dropout': 0.3195790924420522, 'hidden_continuous_size': 20, 'attention_head_size': 2, 'learning_rate': 0.001878326078696366}. Best is trial 0 with value: 0.05499652028083801.
[I 2023-12-27 10:54:03,035] Trial 42 finished with value: 3.873215436935425 and parameters: {'gradient_clip_val': 0.11623254301793406, 'hidden_size': 13, 'dropout': 0.2824903036588401, 'hidden_continuous_size': 8, 'attention_head_size': 1, 'learning_rate': 0.002415807204340625}. Best is trial 0 with value: 0.05499652028083801.
[I 2023-12-27 10:54:03,477] Trial 43 finished with value: 2.683861494064331 and parameters: {'gradient_clip_val': 0.10064024730865256, 'hidden_size': 69, 'dropout': 0.34927581134859925, 'hidden_continuous_size': 25, 'attention_head_size': 2, 'learning_rate': 0.005429469987551919}. Best is trial 0 with value: 0.05499652028083801.
[I 2023-12-27 10:54:04,094] Trial 44 finished with value: 3.273287534713745 and parameters: {'gradient_clip_val': 0.14293350124346604, 'hidden_size': 45, 'dropout': 0.22116849505810593, 'hidden_continuous_size': 14, 'attention_head_size': 1, 'learning_rate': 0.0033328001959057186}. Best is trial 0 with value: 0.05499652028083801.
[I 2023-12-27 10:54:04,516] Trial 45 finished with value: 3.266885995864868 and parameters: {'gradient_clip_val': 0.11272331086395407, 'hidden_size': 53, 'dropout': 0.3186885460908197, 'hidden_continuous_size': 18, 'attention_head_size': 3, 'learning_rate': 0.05754897201770602}. Best is trial 0 with value: 0.05499652028083801.
[I 2023-12-27 10:54:04,951] Trial 46 finished with value: 3.4517831802368164 and parameters: {'gradient_clip_val': 0.13067198768674715, 'hidden_size': 66, 'dropout': 0.343187822459019, 'hidden_continuous_size': 25, 'attention_head_size': 1, 'learning_rate': 0.0026418311900860292}. Best is trial 0 with value: 0.05499652028083801.
[I 2023-12-27 10:54:05,440] Trial 47 finished with value: 3.28946590423584 and parameters: {'gradient_clip_val': 0.17104461309488417, 'hidden_size': 89, 'dropout': 0.2528104056935341, 'hidden_continuous_size': 34, 'attention_head_size': 2, 'learning_rate': 0.001434834342232373}. Best is trial 0 with value: 0.05499652028083801.
[I 2023-12-27 10:54:05,805] Trial 48 finished with value: 2.5129880905151367 and parameters: {'gradient_clip_val': 0.14662877712977931, 'hidden_size': 16, 'dropout': 0.20950317779928165, 'hidden_continuous_size': 11, 'attention_head_size': 4, 'learning_rate': 0.0008138416941920521}. Best is trial 0 with value: 0.05499652028083801.
[I 2023-12-27 10:54:06,272] Trial 49 finished with value: 3.974512815475464 and parameters: {'gradient_clip_val': 0.12146892558696598, 'hidden_size': 77, 'dropout': 0.2784800098195863, 'hidden_continuous_size': 17, 'attention_head_size': 3, 'learning_rate': 0.00477146192130837}. Best is trial 0 with value: 0.05499652028083801.
[I 2023-12-27 10:54:06,392] A new study created in memory with name: no-name-c3063de0-6208-4d1f-ab60-9fd218e8723b
/home/le004/conda/anaconda3/envs/tsff_env/lib/python3.9/site-packages/lightning/fabric/plugins/environments/slurm.py:191: The `srun` command is available on your system but is not used. HINT: If your intention is to run Lightning on SLURM, prepend your python command with `srun` like so: srun python /home/le004/master_thesis/git/TSFusionForecast/code/ ...
[I 2023-12-27 10:54:37,995] Trial 0 finished with value: 0.16013233363628387 and parameters: {'gradient_clip_val': 0.5426823746754772, 'hidden_size': 17, 'dropout': 0.48637445182370764, 'hidden_continuous_size': 15, 'attention_head_size': 2, 'learning_rate': 0.008051064129503323}. Best is trial 0 with value: 0.16013233363628387.
[I 2023-12-27 10:54:47,177] Trial 1 finished with value: 0.5738162398338318 and parameters: {'gradient_clip_val': 0.22215010394133453, 'hidden_size': 5, 'dropout': 0.31668488884154977, 'hidden_continuous_size': 5, 'attention_head_size': 2, 'learning_rate': 0.0919958068805552}. Best is trial 0 with value: 0.16013233363628387.
[I 2023-12-27 10:54:47,553] Trial 2 finished with value: 3.105090856552124 and parameters: {'gradient_clip_val': 0.5865615161048142, 'hidden_size': 24, 'dropout': 0.4335920338075605, 'hidden_continuous_size': 6, 'attention_head_size': 1, 'learning_rate': 0.012046532657454645}. Best is trial 0 with value: 0.16013233363628387.
[I 2023-12-27 10:54:47,927] Trial 3 finished with value: 3.14400577545166 and parameters: {'gradient_clip_val': 0.26202544433909525, 'hidden_size': 12, 'dropout': 0.3816971912479695, 'hidden_continuous_size': 9, 'attention_head_size': 3, 'learning_rate': 0.009861147227691278}. Best is trial 0 with value: 0.16013233363628387.
[I 2023-12-27 10:54:48,479] Trial 4 finished with value: 3.5381038188934326 and parameters: {'gradient_clip_val': 0.9362615186099843, 'hidden_size': 17, 'dropout': 0.37320758559864886, 'hidden_continuous_size': 10, 'attention_head_size': 1, 'learning_rate': 0.04974768744447055}. Best is trial 0 with value: 0.16013233363628387.
[I 2023-12-27 10:54:48,884] Trial 5 finished with value: 1.9562158584594727 and parameters: {'gradient_clip_val': 0.2827891602186462, 'hidden_size': 55, 'dropout': 0.4107926751030161, 'hidden_continuous_size': 13, 'attention_head_size': 1, 'learning_rate': 0.003996636252703455}. Best is trial 0 with value: 0.16013233363628387.
[I 2023-12-27 10:54:49,289] Trial 6 finished with value: 2.7924365997314453 and parameters: {'gradient_clip_val': 0.13116150379183975, 'hidden_size': 53, 'dropout': 0.4033966362976117, 'hidden_continuous_size': 6, 'attention_head_size': 4, 'learning_rate': 0.02033951862336735}. Best is trial 0 with value: 0.16013233363628387.
[I 2023-12-27 10:54:49,686] Trial 7 finished with value: 3.3928921222686768 and parameters: {'gradient_clip_val': 0.9603284757296936, 'hidden_size': 56, 'dropout': 0.3833666419737025, 'hidden_continuous_size': 23, 'attention_head_size': 2, 'learning_rate': 0.015059180233792834}. Best is trial 0 with value: 0.16013233363628387.
[I 2023-12-27 10:54:50,035] Trial 8 finished with value: 3.340331792831421 and parameters: {'gradient_clip_val': 0.32425925288627566, 'hidden_size': 6, 'dropout': 0.4919059269645031, 'hidden_continuous_size': 5, 'attention_head_size': 3, 'learning_rate': 0.07126258507119855}. Best is trial 0 with value: 0.16013233363628387.
[I 2023-12-27 10:54:50,668] Trial 9 finished with value: 3.717714548110962 and parameters: {'gradient_clip_val': 0.7532638272857173, 'hidden_size': 148, 'dropout': 0.19728089525729328, 'hidden_continuous_size': 101, 'attention_head_size': 1, 'learning_rate': 0.000568806359803824}. Best is trial 0 with value: 0.16013233363628387.
[I 2023-12-27 10:54:51,048] Trial 10 finished with value: 2.801966905593872 and parameters: {'gradient_clip_val': 0.4741160555284005, 'hidden_size': 11, 'dropout': 0.4908174241751947, 'hidden_continuous_size': 7, 'attention_head_size': 4, 'learning_rate': 0.0033398880929621736}. Best is trial 0 with value: 0.16013233363628387.
[I 2023-12-27 10:54:51,384] Trial 11 finished with value: 2.961674451828003 and parameters: {'gradient_clip_val': 0.1695886819107707, 'hidden_size': 5, 'dropout': 0.2659656350228423, 'hidden_continuous_size': 5, 'attention_head_size': 2, 'learning_rate': 0.07202459724076349}. Best is trial 0 with value: 0.16013233363628387.
[I 2023-12-27 10:54:51,771] Trial 12 finished with value: 2.9380931854248047 and parameters: {'gradient_clip_val': 0.45215318034747515, 'hidden_size': 7, 'dropout': 0.30484033587187853, 'hidden_continuous_size': 5, 'attention_head_size': 2, 'learning_rate': 0.03169836730831056}. Best is trial 0 with value: 0.16013233363628387.
[I 2023-12-27 10:54:52,161] Trial 13 finished with value: 3.6044514179229736 and parameters: {'gradient_clip_val': 0.21844713325396187, 'hidden_size': 9, 'dropout': 0.13937347394448885, 'hidden_continuous_size': 5, 'attention_head_size': 3, 'learning_rate': 0.09199927010539559}. Best is trial 0 with value: 0.16013233363628387.
[I 2023-12-27 10:54:52,494] Trial 14 finished with value: 3.1700775623321533 and parameters: {'gradient_clip_val': 0.10399086908716071, 'hidden_size': 5, 'dropout': 0.3052248864064503, 'hidden_continuous_size': 5, 'attention_head_size': 2, 'learning_rate': 0.0338130948099652}. Best is trial 0 with value: 0.16013233363628387.
[I 2023-12-27 10:54:52,878] Trial 15 finished with value: 3.0789101123809814 and parameters: {'gradient_clip_val': 0.3792596099354875, 'hidden_size': 15, 'dropout': 0.33410297529755245, 'hidden_continuous_size': 7, 'attention_head_size': 2, 'learning_rate': 0.0049715903598031045}. Best is trial 0 with value: 0.16013233363628387.
[I 2023-12-27 10:54:53,252] Trial 16 finished with value: 2.584146499633789 and parameters: {'gradient_clip_val': 0.20897804193325195, 'hidden_size': 8, 'dropout': 0.24280887836740406, 'hidden_continuous_size': 5, 'attention_head_size': 3, 'learning_rate': 0.027853592217622656}. Best is trial 0 with value: 0.16013233363628387.
[I 2023-12-27 10:54:53,627] Trial 17 finished with value: 3.1620121002197266 and parameters: {'gradient_clip_val': 0.5978190408419229, 'hidden_size': 8, 'dropout': 0.45761965987039144, 'hidden_continuous_size': 6, 'attention_head_size': 2, 'learning_rate': 0.09579045230525898}. Best is trial 0 with value: 0.16013233363628387.
[I 2023-12-27 10:54:54,202] Trial 18 finished with value: 2.679795026779175 and parameters: {'gradient_clip_val': 0.35374056168661583, 'hidden_size': 5, 'dropout': 0.33757020861365633, 'hidden_continuous_size': 5, 'attention_head_size': 3, 'learning_rate': 0.007982363212347587}. Best is trial 0 with value: 0.16013233363628387.
[I 2023-12-27 10:54:54,593] Trial 19 finished with value: 2.434448003768921 and parameters: {'gradient_clip_val': 0.17338152520444514, 'hidden_size': 20, 'dropout': 0.45319117509331386, 'hidden_continuous_size': 12, 'attention_head_size': 1, 'learning_rate': 0.04196946475981564}. Best is trial 0 with value: 0.16013233363628387.
[I 2023-12-27 10:54:54,969] Trial 20 finished with value: 2.7178640365600586 and parameters: {'gradient_clip_val': 0.26485275500282585, 'hidden_size': 12, 'dropout': 0.3463147366091411, 'hidden_continuous_size': 6, 'attention_head_size': 2, 'learning_rate': 0.019479263003129115}. Best is trial 0 with value: 0.16013233363628387.
[I 2023-12-27 10:54:55,385] Trial 21 finished with value: 2.3481245040893555 and parameters: {'gradient_clip_val': 0.28157359499565604, 'hidden_size': 33, 'dropout': 0.4416285107752578, 'hidden_continuous_size': 15, 'attention_head_size': 1, 'learning_rate': 0.003637396302562238}. Best is trial 0 with value: 0.16013233363628387.
[I 2023-12-27 10:54:55,781] Trial 22 finished with value: 2.610638380050659 and parameters: {'gradient_clip_val': 0.39971910337475575, 'hidden_size': 34, 'dropout': 0.416499000879177, 'hidden_continuous_size': 15, 'attention_head_size': 1, 'learning_rate': 0.0022038655015542198}. Best is trial 0 with value: 0.16013233363628387.
[I 2023-12-27 10:54:56,166] Trial 23 finished with value: 3.634040117263794 and parameters: {'gradient_clip_val': 0.3096010134310173, 'hidden_size': 15, 'dropout': 0.49348673877708465, 'hidden_continuous_size': 7, 'attention_head_size': 2, 'learning_rate': 0.007735450065035522}. Best is trial 0 with value: 0.16013233363628387.
[I 2023-12-27 10:54:56,530] Trial 24 finished with value: 3.855679512023926 and parameters: {'gradient_clip_val': 0.23727759357786934, 'hidden_size': 7, 'dropout': 0.41426324463235864, 'hidden_continuous_size': 5, 'attention_head_size': 1, 'learning_rate': 0.013715068190768032}. Best is trial 0 with value: 0.16013233363628387.
[I 2023-12-27 10:54:56,913] Trial 25 finished with value: 2.7068588733673096 and parameters: {'gradient_clip_val': 0.3020766745949066, 'hidden_size': 10, 'dropout': 0.4555035739263675, 'hidden_continuous_size': 6, 'attention_head_size': 2, 'learning_rate': 0.0060485437493969915}. Best is trial 0 with value: 0.16013233363628387.
[I 2023-12-27 10:54:57,303] Trial 26 finished with value: 2.4527361392974854 and parameters: {'gradient_clip_val': 0.19456699296982266, 'hidden_size': 23, 'dropout': 0.37364151776167165, 'hidden_continuous_size': 14, 'attention_head_size': 1, 'learning_rate': 0.0018646615777630448}. Best is trial 0 with value: 0.16013233363628387.
[I 2023-12-27 10:54:57,702] Trial 27 finished with value: 3.7462499141693115 and parameters: {'gradient_clip_val': 0.36824268793421094, 'hidden_size': 30, 'dropout': 0.4750606359426498, 'hidden_continuous_size': 10, 'attention_head_size': 2, 'learning_rate': 0.02093803602701695}. Best is trial 0 with value: 0.16013233363628387.
[I 2023-12-27 10:54:58,119] Trial 28 finished with value: 3.4916489124298096 and parameters: {'gradient_clip_val': 0.2660238379930864, 'hidden_size': 41, 'dropout': 0.43319211938206476, 'hidden_continuous_size': 18, 'attention_head_size': 3, 'learning_rate': 0.05653019194844225}. Best is trial 0 with value: 0.16013233363628387.
