[I 2023-12-27 11:20:49,967] Trial 44 finished with value: 4762.8515625 and parameters: {'gradient_clip_val': 0.9134676508257453, 'hidden_size': 8, 'dropout': 0.4752045521031568, 'hidden_continuous_size': 6, 'attention_head_size': 3, 'learning_rate': 0.0006735954974196902}. Best is trial 0 with value: 3258.622314453125.
LOCAL_RANK: 0 - CUDA_VISIBLE_DEVICES: [0]
[I 2023-12-27 11:20:50,447] Trial 45 finished with value: 4871.73828125 and parameters: {'gradient_clip_val': 0.5677566608487626, 'hidden_size': 21, 'dropout': 0.44078061697193105, 'hidden_continuous_size': 11, 'attention_head_size': 4, 'learning_rate': 0.0012247756652765682}. Best is trial 0 with value: 3258.622314453125.
LOCAL_RANK: 0 - CUDA_VISIBLE_DEVICES: [0]
[I 2023-12-27 11:20:50,920] Trial 46 finished with value: 7334.89453125 and parameters: {'gradient_clip_val': 0.746540385845485, 'hidden_size': 16, 'dropout': 0.46487683526333956, 'hidden_continuous_size': 10, 'attention_head_size': 2, 'learning_rate': 0.001667282443703008}. Best is trial 0 with value: 3258.622314453125.
LOCAL_RANK: 0 - CUDA_VISIBLE_DEVICES: [0]
[I 2023-12-27 11:20:51,639] Trial 47 finished with value: 5210.34521484375 and parameters: {'gradient_clip_val': 0.68033054565909, 'hidden_size': 28, 'dropout': 0.486422735025252, 'hidden_continuous_size': 13, 'attention_head_size': 3, 'learning_rate': 0.0009694844576563027}. Best is trial 0 with value: 3258.622314453125.
LOCAL_RANK: 0 - CUDA_VISIBLE_DEVICES: [0]
[I 2023-12-27 11:20:52,104] Trial 48 finished with value: 6501.32177734375 and parameters: {'gradient_clip_val': 0.47293994540186834, 'hidden_size': 11, 'dropout': 0.3632427256973223, 'hidden_continuous_size': 8, 'attention_head_size': 3, 'learning_rate': 0.0020217287905929843}. Best is trial 0 with value: 3258.622314453125.
LOCAL_RANK: 0 - CUDA_VISIBLE_DEVICES: [0]
[I 2023-12-27 11:20:52,592] Trial 49 finished with value: 5214.03515625 and parameters: {'gradient_clip_val': 0.9214733210566783, 'hidden_size': 20, 'dropout': 0.411364297029556, 'hidden_continuous_size': 6, 'attention_head_size': 1, 'learning_rate': 0.001286244082671743}. Best is trial 0 with value: 3258.622314453125.
[I 2023-12-27 11:20:52,724] A new study created in memory with name: no-name-ae7bf35b-a313-48c5-8fbc-22194a1c7b25
/home/le004/conda/anaconda3/envs/tsff_env/lib/python3.9/site-packages/lightning/fabric/plugins/environments/slurm.py:191: The `srun` command is available on your system but is not used. HINT: If your intention is to run Lightning on SLURM, prepend your python command with `srun` like so: srun python /home/le004/master_thesis/git/TSFusionForecast/code/ ...
LOCAL_RANK: 0 - CUDA_VISIBLE_DEVICES: [0]
[I 2023-12-27 11:21:17,520] Trial 0 finished with value: 176.0353546142578 and parameters: {'gradient_clip_val': 0.15279407038517226, 'hidden_size': 10, 'dropout': 0.10716960536211576, 'hidden_continuous_size': 9, 'attention_head_size': 3, 'learning_rate': 0.021030211932752334}. Best is trial 0 with value: 176.0353546142578.
LOCAL_RANK: 0 - CUDA_VISIBLE_DEVICES: [0]
[I 2023-12-27 11:21:18,039] Trial 1 finished with value: 577.22021484375 and parameters: {'gradient_clip_val': 0.5140283635448295, 'hidden_size': 25, 'dropout': 0.14160990959521605, 'hidden_continuous_size': 13, 'attention_head_size': 2, 'learning_rate': 0.02690064355598235}. Best is trial 0 with value: 176.0353546142578.
LOCAL_RANK: 0 - CUDA_VISIBLE_DEVICES: [0]
[I 2023-12-27 11:21:18,529] Trial 2 finished with value: 1152.5814208984375 and parameters: {'gradient_clip_val': 0.3514064780448105, 'hidden_size': 8, 'dropout': 0.31238030360044855, 'hidden_continuous_size': 5, 'attention_head_size': 3, 'learning_rate': 0.027469705193038624}. Best is trial 0 with value: 176.0353546142578.
LOCAL_RANK: 0 - CUDA_VISIBLE_DEVICES: [0]
[I 2023-12-27 11:21:19,006] Trial 3 finished with value: 992.443603515625 and parameters: {'gradient_clip_val': 0.3882506143151031, 'hidden_size': 8, 'dropout': 0.4836224103725789, 'hidden_continuous_size': 5, 'attention_head_size': 1, 'learning_rate': 0.009405499749164386}. Best is trial 0 with value: 176.0353546142578.
LOCAL_RANK: 0 - CUDA_VISIBLE_DEVICES: [0]
[I 2023-12-27 11:21:19,516] Trial 4 finished with value: 1055.2713623046875 and parameters: {'gradient_clip_val': 0.28131678161235596, 'hidden_size': 61, 'dropout': 0.27023618043904907, 'hidden_continuous_size': 5, 'attention_head_size': 2, 'learning_rate': 0.008846862950319726}. Best is trial 0 with value: 176.0353546142578.
LOCAL_RANK: 0 - CUDA_VISIBLE_DEVICES: [0]
[I 2023-12-27 11:21:20,035] Trial 5 finished with value: 958.1345825195312 and parameters: {'gradient_clip_val': 0.10669855117361676, 'hidden_size': 33, 'dropout': 0.12820085471728593, 'hidden_continuous_size': 6, 'attention_head_size': 1, 'learning_rate': 0.0175212730356571}. Best is trial 0 with value: 176.0353546142578.
LOCAL_RANK: 0 - CUDA_VISIBLE_DEVICES: [0]
[I 2023-12-27 11:21:20,520] Trial 6 finished with value: 920.2702026367188 and parameters: {'gradient_clip_val': 0.9765250187077881, 'hidden_size': 6, 'dropout': 0.1985524721592079, 'hidden_continuous_size': 5, 'attention_head_size': 1, 'learning_rate': 0.006841253794796815}. Best is trial 0 with value: 176.0353546142578.
LOCAL_RANK: 0 - CUDA_VISIBLE_DEVICES: [0]
[I 2023-12-27 11:21:21,023] Trial 7 finished with value: 938.9276733398438 and parameters: {'gradient_clip_val': 0.21866600561072808, 'hidden_size': 37, 'dropout': 0.4854209576713786, 'hidden_continuous_size': 11, 'attention_head_size': 2, 'learning_rate': 0.04560353442307866}. Best is trial 0 with value: 176.0353546142578.
LOCAL_RANK: 0 - CUDA_VISIBLE_DEVICES: [0]
[I 2023-12-27 11:21:21,764] Trial 8 finished with value: 1128.8817138671875 and parameters: {'gradient_clip_val': 0.20746695967053538, 'hidden_size': 8, 'dropout': 0.2797713412601527, 'hidden_continuous_size': 8, 'attention_head_size': 2, 'learning_rate': 0.001922926659019618}. Best is trial 0 with value: 176.0353546142578.
LOCAL_RANK: 0 - CUDA_VISIBLE_DEVICES: [0]
[I 2023-12-27 11:21:22,298] Trial 9 finished with value: 1035.2015380859375 and parameters: {'gradient_clip_val': 0.2947392966529798, 'hidden_size': 58, 'dropout': 0.12485246988540372, 'hidden_continuous_size': 37, 'attention_head_size': 1, 'learning_rate': 0.0018888524439044316}. Best is trial 0 with value: 176.0353546142578.
LOCAL_RANK: 0 - CUDA_VISIBLE_DEVICES: [0]
[I 2023-12-27 11:21:22,857] Trial 10 finished with value: 905.2255859375 and parameters: {'gradient_clip_val': 0.10055053540880242, 'hidden_size': 111, 'dropout': 0.19834283708618983, 'hidden_continuous_size': 111, 'attention_head_size': 4, 'learning_rate': 0.08658533837648863}. Best is trial 0 with value: 176.0353546142578.
LOCAL_RANK: 0 - CUDA_VISIBLE_DEVICES: [0]
[I 2023-12-27 11:21:23,403] Trial 11 finished with value: 875.9387817382812 and parameters: {'gradient_clip_val': 0.5043219851829029, 'hidden_size': 17, 'dropout': 0.1068486767182365, 'hidden_continuous_size': 10, 'attention_head_size': 3, 'learning_rate': 0.05233786137156218}. Best is trial 0 with value: 176.0353546142578.
LOCAL_RANK: 0 - CUDA_VISIBLE_DEVICES: [0]
[I 2023-12-27 11:21:23,927] Trial 12 finished with value: 706.0413208007812 and parameters: {'gradient_clip_val': 0.1507506763914339, 'hidden_size': 15, 'dropout': 0.10097431945718928, 'hidden_continuous_size': 9, 'attention_head_size': 4, 'learning_rate': 0.020192776873672356}. Best is trial 0 with value: 176.0353546142578.
LOCAL_RANK: 0 - CUDA_VISIBLE_DEVICES: [0]
[I 2023-12-27 11:21:24,449] Trial 13 finished with value: 1044.4693603515625 and parameters: {'gradient_clip_val': 0.5582069442960108, 'hidden_size': 19, 'dropout': 0.18241411783511102, 'hidden_continuous_size': 12, 'attention_head_size': 3, 'learning_rate': 0.03646021689676998}. Best is trial 0 with value: 176.0353546142578.
LOCAL_RANK: 0 - CUDA_VISIBLE_DEVICES: [0]
[I 2023-12-27 11:21:24,925] Trial 14 finished with value: 615.1399536132812 and parameters: {'gradient_clip_val': 0.2065785513813648, 'hidden_size': 12, 'dropout': 0.1655196492558766, 'hidden_continuous_size': 7, 'attention_head_size': 3, 'learning_rate': 0.0005031721644623782}. Best is trial 0 with value: 176.0353546142578.
LOCAL_RANK: 0 - CUDA_VISIBLE_DEVICES: [0]
[I 2023-12-27 11:21:25,374] Trial 15 finished with value: 610.0115966796875 and parameters: {'gradient_clip_val': 0.14428736609661333, 'hidden_size': 24, 'dropout': 0.22582349320599115, 'hidden_continuous_size': 13, 'attention_head_size': 2, 'learning_rate': 0.08236261137605859}. Best is trial 0 with value: 176.0353546142578.
LOCAL_RANK: 0 - CUDA_VISIBLE_DEVICES: [0]
[I 2023-12-27 11:21:25,801] Trial 16 finished with value: 703.6976928710938 and parameters: {'gradient_clip_val': 0.6106471775647335, 'hidden_size': 5, 'dropout': 0.1525193104237459, 'hidden_continuous_size': 5, 'attention_head_size': 4, 'learning_rate': 0.01626604420912136}. Best is trial 0 with value: 176.0353546142578.
LOCAL_RANK: 0 - CUDA_VISIBLE_DEVICES: [0]
[I 2023-12-27 11:21:26,277] Trial 17 finished with value: 838.9574584960938 and parameters: {'gradient_clip_val': 0.4132922309462725, 'hidden_size': 13, 'dropout': 0.10007048506305294, 'hidden_continuous_size': 9, 'attention_head_size': 3, 'learning_rate': 0.03126356517419279}. Best is trial 0 with value: 176.0353546142578.
LOCAL_RANK: 0 - CUDA_VISIBLE_DEVICES: [0]
[I 2023-12-27 11:21:26,715] Trial 18 finished with value: 819.8502807617188 and parameters: {'gradient_clip_val': 0.6885261335301393, 'hidden_size': 24, 'dropout': 0.1556227438724523, 'hidden_continuous_size': 13, 'attention_head_size': 2, 'learning_rate': 0.05439554239782406}. Best is trial 0 with value: 176.0353546142578.
LOCAL_RANK: 0 - CUDA_VISIBLE_DEVICES: [0]
[I 2023-12-27 11:21:27,163] Trial 19 finished with value: 1009.8193359375 and parameters: {'gradient_clip_val': 0.2919303032500389, 'hidden_size': 12, 'dropout': 0.22446593580356367, 'hidden_continuous_size': 7, 'attention_head_size': 3, 'learning_rate': 0.0931541855934696}. Best is trial 0 with value: 176.0353546142578.
LOCAL_RANK: 0 - CUDA_VISIBLE_DEVICES: [0]
[I 2023-12-27 11:21:27,618] Trial 20 finished with value: 747.8870239257812 and parameters: {'gradient_clip_val': 0.4179038724989022, 'hidden_size': 10, 'dropout': 0.14919414163206957, 'hidden_continuous_size': 6, 'attention_head_size': 2, 'learning_rate': 0.015231433643275968}. Best is trial 0 with value: 176.0353546142578.
LOCAL_RANK: 0 - CUDA_VISIBLE_DEVICES: [0]
[I 2023-12-27 11:21:28,385] Trial 21 finished with value: 859.8359985351562 and parameters: {'gradient_clip_val': 0.1399328767979917, 'hidden_size': 22, 'dropout': 0.22971090072851044, 'hidden_continuous_size': 13, 'attention_head_size': 2, 'learning_rate': 0.09865566665882759}. Best is trial 0 with value: 176.0353546142578.
LOCAL_RANK: 0 - CUDA_VISIBLE_DEVICES: [0]
[I 2023-12-27 11:21:28,855] Trial 22 finished with value: 924.3037109375 and parameters: {'gradient_clip_val': 0.14601446981102317, 'hidden_size': 28, 'dropout': 0.1398113348645348, 'hidden_continuous_size': 15, 'attention_head_size': 2, 'learning_rate': 0.05135477457501628}. Best is trial 0 with value: 176.0353546142578.
LOCAL_RANK: 0 - CUDA_VISIBLE_DEVICES: [0]
[I 2023-12-27 11:21:29,313] Trial 23 finished with value: 775.8267211914062 and parameters: {'gradient_clip_val': 0.17183457107492928, 'hidden_size': 19, 'dropout': 0.1758944655910086, 'hidden_continuous_size': 10, 'attention_head_size': 2, 'learning_rate': 0.06486019188725163}. Best is trial 0 with value: 176.0353546142578.
LOCAL_RANK: 0 - CUDA_VISIBLE_DEVICES: [0]
[I 2023-12-27 11:21:29,779] Trial 24 finished with value: 345.9519958496094 and parameters: {'gradient_clip_val': 0.12416753899964082, 'hidden_size': 16, 'dropout': 0.2280383165324584, 'hidden_continuous_size': 11, 'attention_head_size': 3, 'learning_rate': 0.030909957163497863}. Best is trial 0 with value: 176.0353546142578.
LOCAL_RANK: 0 - CUDA_VISIBLE_DEVICES: [0]
[I 2023-12-27 11:21:30,224] Trial 25 finished with value: 1005.509521484375 and parameters: {'gradient_clip_val': 0.11583775020738708, 'hidden_size': 16, 'dropout': 0.13067686107276555, 'hidden_continuous_size': 10, 'attention_head_size': 3, 'learning_rate': 0.02808079969782652}. Best is trial 0 with value: 176.0353546142578.
LOCAL_RANK: 0 - CUDA_VISIBLE_DEVICES: [0]
[I 2023-12-27 11:21:30,669] Trial 26 finished with value: 755.8486328125 and parameters: {'gradient_clip_val': 0.11356703337783727, 'hidden_size': 10, 'dropout': 0.1870345902920771, 'hidden_continuous_size': 9, 'attention_head_size': 4, 'learning_rate': 0.035574316782536704}. Best is trial 0 with value: 176.0353546142578.
LOCAL_RANK: 0 - CUDA_VISIBLE_DEVICES: [0]
[I 2023-12-27 11:21:31,131] Trial 27 finished with value: 919.3665161132812 and parameters: {'gradient_clip_val': 0.18390499190769866, 'hidden_size': 15, 'dropout': 0.1307528769493297, 'hidden_continuous_size': 11, 'attention_head_size': 3, 'learning_rate': 0.012289769064991565}. Best is trial 0 with value: 176.0353546142578.
LOCAL_RANK: 0 - CUDA_VISIBLE_DEVICES: [0]
[I 2023-12-27 11:21:31,592] Trial 28 finished with value: 1010.302978515625 and parameters: {'gradient_clip_val': 0.24624944173500454, 'hidden_size': 20, 'dropout': 0.1609743633236648, 'hidden_continuous_size': 8, 'attention_head_size': 3, 'learning_rate': 0.024977174860725933}. Best is trial 0 with value: 176.0353546142578.
LOCAL_RANK: 0 - CUDA_VISIBLE_DEVICES: [0]
[I 2023-12-27 11:21:32,043] Trial 29 finished with value: 668.7930297851562 and parameters: {'gradient_clip_val': 0.1719486961646796, 'hidden_size': 6, 'dropout': 0.3311748345706278, 'hidden_continuous_size': 5, 'attention_head_size': 4, 'learning_rate': 0.02039781099099239}. Best is trial 0 with value: 176.0353546142578.
LOCAL_RANK: 0 - CUDA_VISIBLE_DEVICES: [0]
[I 2023-12-27 11:21:32,489] Trial 30 finished with value: 869.0509643554688 and parameters: {'gradient_clip_val': 0.33549041360211873, 'hidden_size': 10, 'dropout': 0.11221307502159623, 'hidden_continuous_size': 8, 'attention_head_size': 3, 'learning_rate': 0.027307071873313667}. Best is trial 0 with value: 176.0353546142578.
LOCAL_RANK: 0 - CUDA_VISIBLE_DEVICES: [0]
[I 2023-12-27 11:21:32,974] Trial 31 finished with value: 872.450927734375 and parameters: {'gradient_clip_val': 0.13574822820095833, 'hidden_size': 27, 'dropout': 0.2132245798568531, 'hidden_continuous_size': 14, 'attention_head_size': 2, 'learning_rate': 0.06452334668752076}. Best is trial 0 with value: 176.0353546142578.
LOCAL_RANK: 0 - CUDA_VISIBLE_DEVICES: [0]
[I 2023-12-27 11:21:33,434] Trial 32 finished with value: 789.7998046875 and parameters: {'gradient_clip_val': 0.12440180059063333, 'hidden_size': 23, 'dropout': 0.24161903459465206, 'hidden_continuous_size': 12, 'attention_head_size': 2, 'learning_rate': 0.040115571720394476}. Best is trial 0 with value: 176.0353546142578.
LOCAL_RANK: 0 - CUDA_VISIBLE_DEVICES: [0]
[I 2023-12-27 11:21:33,890] Trial 33 finished with value: 935.52880859375 and parameters: {'gradient_clip_val': 0.12820157311010108, 'hidden_size': 33, 'dropout': 0.25423489213412104, 'hidden_continuous_size': 15, 'attention_head_size': 3, 'learning_rate': 0.03825598609738106}. Best is trial 0 with value: 176.0353546142578.
LOCAL_RANK: 0 - CUDA_VISIBLE_DEVICES: [0]
[I 2023-12-27 11:21:34,617] Trial 34 finished with value: 932.792236328125 and parameters: {'gradient_clip_val': 0.15041086084203517, 'hidden_size': 17, 'dropout': 0.31971813805898724, 'hidden_continuous_size': 11, 'attention_head_size': 1, 'learning_rate': 0.07285517579388426}. Best is trial 0 with value: 176.0353546142578.
LOCAL_RANK: 0 - CUDA_VISIBLE_DEVICES: [0]
[I 2023-12-27 11:21:35,096] Trial 35 finished with value: 423.3911437988281 and parameters: {'gradient_clip_val': 0.10840673075630439, 'hidden_size': 43, 'dropout': 0.21630912901874855, 'hidden_continuous_size': 16, 'attention_head_size': 2, 'learning_rate': 0.02472211034677082}. Best is trial 0 with value: 176.0353546142578.
LOCAL_RANK: 0 - CUDA_VISIBLE_DEVICES: [0]
[I 2023-12-27 11:21:35,578] Trial 36 finished with value: 886.71875 and parameters: {'gradient_clip_val': 0.10228935648994145, 'hidden_size': 44, 'dropout': 0.19772002740299494, 'hidden_continuous_size': 16, 'attention_head_size': 1, 'learning_rate': 0.02438752038262896}. Best is trial 0 with value: 176.0353546142578.
LOCAL_RANK: 0 - CUDA_VISIBLE_DEVICES: [0]
[I 2023-12-27 11:21:36,057] Trial 37 finished with value: 1059.60009765625 and parameters: {'gradient_clip_val': 0.11337625407749365, 'hidden_size': 37, 'dropout': 0.27452648968935345, 'hidden_continuous_size': 18, 'attention_head_size': 2, 'learning_rate': 0.012276284236290983}. Best is trial 0 with value: 176.0353546142578.
LOCAL_RANK: 0 - CUDA_VISIBLE_DEVICES: [0]
[I 2023-12-27 11:21:36,547] Trial 38 finished with value: 856.1038208007812 and parameters: {'gradient_clip_val': 0.1252693177989583, 'hidden_size': 30, 'dropout': 0.16809526875712183, 'hidden_continuous_size': 18, 'attention_head_size': 3, 'learning_rate': 0.008601244312236463}. Best is trial 0 with value: 176.0353546142578.
LOCAL_RANK: 0 - CUDA_VISIBLE_DEVICES: [0]
[I 2023-12-27 11:21:37,021] Trial 39 finished with value: 472.4117431640625 and parameters: {'gradient_clip_val': 0.10246982253262293, 'hidden_size': 48, 'dropout': 0.20740680770551123, 'hidden_continuous_size': 17, 'attention_head_size': 1, 'learning_rate': 0.022010259102991772}. Best is trial 0 with value: 176.0353546142578.
LOCAL_RANK: 0 - CUDA_VISIBLE_DEVICES: [0]
[I 2023-12-27 11:21:37,502] Trial 40 finished with value: 576.9401245117188 and parameters: {'gradient_clip_val': 0.10834918041424305, 'hidden_size': 51, 'dropout': 0.2569324101753897, 'hidden_continuous_size': 19, 'attention_head_size': 1, 'learning_rate': 0.01953922589593169}. Best is trial 0 with value: 176.0353546142578.
LOCAL_RANK: 0 - CUDA_VISIBLE_DEVICES: [0]
[I 2023-12-27 11:21:37,988] Trial 41 finished with value: 716.1845703125 and parameters: {'gradient_clip_val': 0.10147158164156063, 'hidden_size': 55, 'dropout': 0.2534999597683779, 'hidden_continuous_size': 20, 'attention_head_size': 1, 'learning_rate': 0.021141064745324383}. Best is trial 0 with value: 176.0353546142578.
LOCAL_RANK: 0 - CUDA_VISIBLE_DEVICES: [0]
[I 2023-12-27 11:21:38,475] Trial 42 finished with value: 786.8795776367188 and parameters: {'gradient_clip_val': 0.11480398776699484, 'hidden_size': 76, 'dropout': 0.2125814019645102, 'hidden_continuous_size': 22, 'attention_head_size': 1, 'learning_rate': 0.02941894749790536}. Best is trial 0 with value: 176.0353546142578.
LOCAL_RANK: 0 - CUDA_VISIBLE_DEVICES: [0]
[I 2023-12-27 11:21:38,940] Trial 43 finished with value: 557.01904296875 and parameters: {'gradient_clip_val': 0.10123684812790862, 'hidden_size': 48, 'dropout': 0.2960411316823553, 'hidden_continuous_size': 23, 'attention_head_size': 1, 'learning_rate': 0.01458673828141571}. Best is trial 0 with value: 176.0353546142578.
LOCAL_RANK: 0 - CUDA_VISIBLE_DEVICES: [0]
[I 2023-12-27 11:21:39,431] Trial 44 finished with value: 844.2106323242188 and parameters: {'gradient_clip_val': 0.12496845131600043, 'hidden_size': 68, 'dropout': 0.2872504141724626, 'hidden_continuous_size': 25, 'attention_head_size': 1, 'learning_rate': 0.013169883390940483}. Best is trial 0 with value: 176.0353546142578.
LOCAL_RANK: 0 - CUDA_VISIBLE_DEVICES: [0]
[I 2023-12-27 11:21:39,883] Trial 45 finished with value: 784.3093872070312 and parameters: {'gradient_clip_val': 0.10094150309219396, 'hidden_size': 43, 'dropout': 0.3090207261245343, 'hidden_continuous_size': 16, 'attention_head_size': 1, 'learning_rate': 0.01647332261761848}. Best is trial 0 with value: 176.0353546142578.
LOCAL_RANK: 0 - CUDA_VISIBLE_DEVICES: [0]
[I 2023-12-27 11:21:40,348] Trial 46 finished with value: 794.7610473632812 and parameters: {'gradient_clip_val': 0.12946037995665327, 'hidden_size': 76, 'dropout': 0.2962178803455377, 'hidden_continuous_size': 26, 'attention_head_size': 1, 'learning_rate': 0.044014353752839255}. Best is trial 0 with value: 176.0353546142578.
LOCAL_RANK: 0 - CUDA_VISIBLE_DEVICES: [0]
[I 2023-12-27 11:21:41,102] Trial 47 finished with value: 986.05712890625 and parameters: {'gradient_clip_val': 0.15836882095495758, 'hidden_size': 45, 'dropout': 0.3361756940359838, 'hidden_continuous_size': 14, 'attention_head_size': 1, 'learning_rate': 0.010615609034184936}. Best is trial 0 with value: 176.0353546142578.
LOCAL_RANK: 0 - CUDA_VISIBLE_DEVICES: [0]
[I 2023-12-27 11:21:41,584] Trial 48 finished with value: 817.38427734375 and parameters: {'gradient_clip_val': 0.11687966932674003, 'hidden_size': 51, 'dropout': 0.1959710489648081, 'hidden_continuous_size': 16, 'attention_head_size': 3, 'learning_rate': 0.02180630688557969}. Best is trial 0 with value: 176.0353546142578.
LOCAL_RANK: 0 - CUDA_VISIBLE_DEVICES: [0]
[I 2023-12-27 11:21:42,059] Trial 49 finished with value: 844.435546875 and parameters: {'gradient_clip_val': 0.1400479773260332, 'hidden_size': 31, 'dropout': 0.18195778028235515, 'hidden_continuous_size': 12, 'attention_head_size': 1, 'learning_rate': 0.006994668359125385}. Best is trial 0 with value: 176.0353546142578.
[I 2023-12-27 11:21:42,186] A new study created in memory with name: no-name-d1cedfc4-6a23-439f-ad42-d50ad126f4df
/home/le004/conda/anaconda3/envs/tsff_env/lib/python3.9/site-packages/lightning/fabric/plugins/environments/slurm.py:191: The `srun` command is available on your system but is not used. HINT: If your intention is to run Lightning on SLURM, prepend your python command with `srun` like so: srun python /home/le004/master_thesis/git/TSFusionForecast/code/ ...
LOCAL_RANK: 0 - CUDA_VISIBLE_DEVICES: [0]
[I 2023-12-27 11:21:58,421] Trial 0 finished with value: 597.2688598632812 and parameters: {'gradient_clip_val': 0.3692042669085193, 'hidden_size': 17, 'dropout': 0.23051437727031898, 'hidden_continuous_size': 16, 'attention_head_size': 3, 'learning_rate': 0.0483583916675177}. Best is trial 0 with value: 597.2688598632812.
LOCAL_RANK: 0 - CUDA_VISIBLE_DEVICES: [0]
