[I 2023-12-27 11:25:25,399] Trial 28 finished with value: 49.61185836791992 and parameters: {'gradient_clip_val': 0.21599769669639451, 'hidden_size': 18, 'dropout': 0.13556138380836688, 'hidden_continuous_size': 7, 'attention_head_size': 1, 'learning_rate': 0.06322601930975921}. Best is trial 0 with value: 10.417561531066895.
[I 2023-12-27 11:25:25,808] Trial 29 finished with value: 51.297367095947266 and parameters: {'gradient_clip_val': 0.42323532182504414, 'hidden_size': 10, 'dropout': 0.16186314436007307, 'hidden_continuous_size': 6, 'attention_head_size': 3, 'learning_rate': 0.04231090726957297}. Best is trial 0 with value: 10.417561531066895.
[I 2023-12-27 11:25:26,197] Trial 30 finished with value: 51.7678337097168 and parameters: {'gradient_clip_val': 0.34742446942890165, 'hidden_size': 18, 'dropout': 0.30706282323873074, 'hidden_continuous_size': 7, 'attention_head_size': 2, 'learning_rate': 0.06995707705080524}. Best is trial 0 with value: 10.417561531066895.
[I 2023-12-27 11:25:26,701] Trial 31 finished with value: 53.209747314453125 and parameters: {'gradient_clip_val': 0.8794956364738316, 'hidden_size': 79, 'dropout': 0.20683585686023856, 'hidden_continuous_size': 27, 'attention_head_size': 1, 'learning_rate': 0.09968707294555092}. Best is trial 0 with value: 10.417561531066895.
[I 2023-12-27 11:25:27,179] Trial 32 finished with value: 45.624698638916016 and parameters: {'gradient_clip_val': 0.5558174694706276, 'hidden_size': 60, 'dropout': 0.23022168615936478, 'hidden_continuous_size': 17, 'attention_head_size': 1, 'learning_rate': 0.0787301250558471}. Best is trial 0 with value: 10.417561531066895.
[I 2023-12-27 11:25:27,687] Trial 33 finished with value: 50.45047378540039 and parameters: {'gradient_clip_val': 0.7622650389525003, 'hidden_size': 100, 'dropout': 0.1803877756925445, 'hidden_continuous_size': 26, 'attention_head_size': 1, 'learning_rate': 0.05281065875409012}. Best is trial 0 with value: 10.417561531066895.
[I 2023-12-27 11:25:28,112] Trial 34 finished with value: 46.10628890991211 and parameters: {'gradient_clip_val': 0.420323630649252, 'hidden_size': 35, 'dropout': 0.15603161613517158, 'hidden_continuous_size': 10, 'attention_head_size': 3, 'learning_rate': 0.028902614633696082}. Best is trial 0 with value: 10.417561531066895.
[I 2023-12-27 11:25:28,547] Trial 35 finished with value: 66.50727081298828 and parameters: {'gradient_clip_val': 0.9930947093855339, 'hidden_size': 56, 'dropout': 0.251049216451687, 'hidden_continuous_size': 13, 'attention_head_size': 1, 'learning_rate': 0.07658988650324837}. Best is trial 0 with value: 10.417561531066895.
[I 2023-12-27 11:25:29,184] Trial 36 finished with value: 31.60255241394043 and parameters: {'gradient_clip_val': 0.6237472974481096, 'hidden_size': 51, 'dropout': 0.21612010311894062, 'hidden_continuous_size': 15, 'attention_head_size': 1, 'learning_rate': 0.0033531801460889017}. Best is trial 0 with value: 10.417561531066895.
[I 2023-12-27 11:25:29,599] Trial 37 finished with value: 47.43359375 and parameters: {'gradient_clip_val': 0.6318947406753428, 'hidden_size': 45, 'dropout': 0.2093844853816907, 'hidden_continuous_size': 16, 'attention_head_size': 2, 'learning_rate': 0.003212685657137483}. Best is trial 0 with value: 10.417561531066895.
[I 2023-12-27 11:25:30,061] Trial 38 finished with value: 64.82357025146484 and parameters: {'gradient_clip_val': 0.4849073869951056, 'hidden_size': 77, 'dropout': 0.1268565894715492, 'hidden_continuous_size': 12, 'attention_head_size': 1, 'learning_rate': 0.0035372262697091652}. Best is trial 0 with value: 10.417561531066895.
[I 2023-12-27 11:25:30,477] Trial 39 finished with value: 33.28886795043945 and parameters: {'gradient_clip_val': 0.371315616243547, 'hidden_size': 50, 'dropout': 0.28349396510520486, 'hidden_continuous_size': 15, 'attention_head_size': 3, 'learning_rate': 0.008537229846869311}. Best is trial 0 with value: 10.417561531066895.
[I 2023-12-27 11:25:30,874] Trial 40 finished with value: 42.59599304199219 and parameters: {'gradient_clip_val': 0.7099186666761458, 'hidden_size': 37, 'dropout': 0.1492361271906783, 'hidden_continuous_size': 8, 'attention_head_size': 1, 'learning_rate': 0.004189518687334862}. Best is trial 0 with value: 10.417561531066895.
[I 2023-12-27 11:25:31,304] Trial 41 finished with value: 43.45808410644531 and parameters: {'gradient_clip_val': 0.36810507439413404, 'hidden_size': 54, 'dropout': 0.2824925764642699, 'hidden_continuous_size': 14, 'attention_head_size': 3, 'learning_rate': 0.007589749077745293}. Best is trial 0 with value: 10.417561531066895.
[I 2023-12-27 11:25:31,725] Trial 42 finished with value: 48.008419036865234 and parameters: {'gradient_clip_val': 0.2939412626410948, 'hidden_size': 48, 'dropout': 0.32413138799175634, 'hidden_continuous_size': 16, 'attention_head_size': 3, 'learning_rate': 0.0016042655944759215}. Best is trial 0 with value: 10.417561531066895.
[I 2023-12-27 11:25:32,110] Trial 43 finished with value: 39.21364212036133 and parameters: {'gradient_clip_val': 0.3805788113191652, 'hidden_size': 32, 'dropout': 0.1797249533015402, 'hidden_continuous_size': 11, 'attention_head_size': 4, 'learning_rate': 0.010020833981805576}. Best is trial 0 with value: 10.417561531066895.
[I 2023-12-27 11:25:32,516] Trial 44 finished with value: 48.39276123046875 and parameters: {'gradient_clip_val': 0.32036962730836643, 'hidden_size': 40, 'dropout': 0.2367606864395726, 'hidden_continuous_size': 19, 'attention_head_size': 3, 'learning_rate': 0.014975128509108742}. Best is trial 0 with value: 10.417561531066895.
[I 2023-12-27 11:25:32,939] Trial 45 finished with value: 59.30232238769531 and parameters: {'gradient_clip_val': 0.4296760040711062, 'hidden_size': 53, 'dropout': 0.2609897743880077, 'hidden_continuous_size': 14, 'attention_head_size': 3, 'learning_rate': 0.03200900552425541}. Best is trial 0 with value: 10.417561531066895.
[I 2023-12-27 11:25:33,360] Trial 46 finished with value: 34.31373977661133 and parameters: {'gradient_clip_val': 0.5355455404180562, 'hidden_size': 64, 'dropout': 0.11970836845695544, 'hidden_continuous_size': 10, 'attention_head_size': 3, 'learning_rate': 0.022953158512914074}. Best is trial 0 with value: 10.417561531066895.
[I 2023-12-27 11:25:33,760] Trial 47 finished with value: 50.92746353149414 and parameters: {'gradient_clip_val': 0.4395806983244384, 'hidden_size': 42, 'dropout': 0.2178496675705925, 'hidden_continuous_size': 12, 'attention_head_size': 2, 'learning_rate': 0.016848125995463058}. Best is trial 0 with value: 10.417561531066895.
[I 2023-12-27 11:25:34,150] Trial 48 finished with value: 48.0209846496582 and parameters: {'gradient_clip_val': 0.4637289435063174, 'hidden_size': 26, 'dropout': 0.16373703549712826, 'hidden_continuous_size': 7, 'attention_head_size': 4, 'learning_rate': 0.07743024612122328}. Best is trial 0 with value: 10.417561531066895.
[I 2023-12-27 11:25:34,814] Trial 49 finished with value: 67.74468231201172 and parameters: {'gradient_clip_val': 0.6388145425780375, 'hidden_size': 72, 'dropout': 0.33421082223280557, 'hidden_continuous_size': 21, 'attention_head_size': 2, 'learning_rate': 0.05258125160887296}. Best is trial 0 with value: 10.417561531066895.
[I 2023-12-27 11:25:34,926] A new study created in memory with name: no-name-88f51394-a4bb-4248-bab1-772eec6952c2
/home/le004/conda/anaconda3/envs/tsff_env/lib/python3.9/site-packages/lightning/fabric/plugins/environments/slurm.py:191: The `srun` command is available on your system but is not used. HINT: If your intention is to run Lightning on SLURM, prepend your python command with `srun` like so: srun python /home/le004/master_thesis/git/TSFusionForecast/code/ ...
[I 2023-12-27 11:26:07,577] Trial 0 finished with value: 5.136141300201416 and parameters: {'gradient_clip_val': 0.3303873898402922, 'hidden_size': 18, 'dropout': 0.3749959016499902, 'hidden_continuous_size': 15, 'attention_head_size': 4, 'learning_rate': 0.005048485983009727}. Best is trial 0 with value: 5.136141300201416.
[I 2023-12-27 11:26:18,322] Trial 1 finished with value: 12.872395515441895 and parameters: {'gradient_clip_val': 0.895503396795529, 'hidden_size': 14, 'dropout': 0.2019057862622236, 'hidden_continuous_size': 8, 'attention_head_size': 3, 'learning_rate': 0.0014853200451716497}. Best is trial 0 with value: 5.136141300201416.
[I 2023-12-27 11:26:18,705] Trial 2 finished with value: 12.509387016296387 and parameters: {'gradient_clip_val': 0.39351067044935284, 'hidden_size': 16, 'dropout': 0.3790556521343422, 'hidden_continuous_size': 6, 'attention_head_size': 3, 'learning_rate': 0.0007295861605615533}. Best is trial 0 with value: 5.136141300201416.
[I 2023-12-27 11:26:19,052] Trial 3 finished with value: 15.573630332946777 and parameters: {'gradient_clip_val': 0.16298248603379487, 'hidden_size': 10, 'dropout': 0.1472102760706634, 'hidden_continuous_size': 6, 'attention_head_size': 1, 'learning_rate': 0.03613662189059883}. Best is trial 0 with value: 5.136141300201416.
[I 2023-12-27 11:26:19,491] Trial 4 finished with value: 14.4848051071167 and parameters: {'gradient_clip_val': 0.18251695285277034, 'hidden_size': 67, 'dropout': 0.4093429023424804, 'hidden_continuous_size': 29, 'attention_head_size': 2, 'learning_rate': 0.0006990390220480326}. Best is trial 0 with value: 5.136141300201416.
[I 2023-12-27 11:26:19,871] Trial 5 finished with value: 13.929173469543457 and parameters: {'gradient_clip_val': 0.2815135001703546, 'hidden_size': 37, 'dropout': 0.4239589859855156, 'hidden_continuous_size': 13, 'attention_head_size': 3, 'learning_rate': 0.0035369095095920855}. Best is trial 0 with value: 5.136141300201416.
[I 2023-12-27 11:26:20,403] Trial 6 finished with value: 18.77941131591797 and parameters: {'gradient_clip_val': 0.9428649031139285, 'hidden_size': 116, 'dropout': 0.22788025609956, 'hidden_continuous_size': 55, 'attention_head_size': 4, 'learning_rate': 0.0010229672163531457}. Best is trial 0 with value: 5.136141300201416.
[I 2023-12-27 11:26:20,862] Trial 7 finished with value: 18.854551315307617 and parameters: {'gradient_clip_val': 0.18732965045599267, 'hidden_size': 91, 'dropout': 0.1031488751240798, 'hidden_continuous_size': 11, 'attention_head_size': 2, 'learning_rate': 0.0026523186893260514}. Best is trial 0 with value: 5.136141300201416.
[I 2023-12-27 11:26:21,295] Trial 8 finished with value: 14.445399284362793 and parameters: {'gradient_clip_val': 0.43747662958857, 'hidden_size': 65, 'dropout': 0.4458113202516829, 'hidden_continuous_size': 10, 'attention_head_size': 1, 'learning_rate': 0.07257292150204209}. Best is trial 0 with value: 5.136141300201416.
[I 2023-12-27 11:26:22,079] Trial 9 finished with value: 14.994606018066406 and parameters: {'gradient_clip_val': 0.46329153504221676, 'hidden_size': 139, 'dropout': 0.3758077036085161, 'hidden_continuous_size': 24, 'attention_head_size': 3, 'learning_rate': 0.002834617623769518}. Best is trial 0 with value: 5.136141300201416.
[I 2023-12-27 11:26:22,476] Trial 10 finished with value: 13.650459289550781 and parameters: {'gradient_clip_val': 0.11329117482960704, 'hidden_size': 25, 'dropout': 0.3058329788967991, 'hidden_continuous_size': 5, 'attention_head_size': 4, 'learning_rate': 0.010463197583101175}. Best is trial 0 with value: 5.136141300201416.
[I 2023-12-27 11:26:22,845] Trial 11 finished with value: 13.119734764099121 and parameters: {'gradient_clip_val': 0.34760096838464394, 'hidden_size': 6, 'dropout': 0.35019805209073707, 'hidden_continuous_size': 5, 'attention_head_size': 4, 'learning_rate': 0.00053055120994158}. Best is trial 0 with value: 5.136141300201416.
[I 2023-12-27 11:26:23,229] Trial 12 finished with value: 16.118515014648438 and parameters: {'gradient_clip_val': 0.579345064612359, 'hidden_size': 20, 'dropout': 0.46561071984822877, 'hidden_continuous_size': 7, 'attention_head_size': 4, 'learning_rate': 0.007755755013641757}. Best is trial 0 with value: 5.136141300201416.
[I 2023-12-27 11:26:23,635] Trial 13 finished with value: 16.59406089782715 and parameters: {'gradient_clip_val': 0.27772141595214417, 'hidden_size': 11, 'dropout': 0.4989920818751873, 'hidden_continuous_size': 6, 'attention_head_size': 3, 'learning_rate': 0.0015073318247792273}. Best is trial 0 with value: 5.136141300201416.
[I 2023-12-27 11:26:24,039] Trial 14 finished with value: 13.69592571258545 and parameters: {'gradient_clip_val': 0.5633937165037451, 'hidden_size': 34, 'dropout': 0.35126964062184673, 'hidden_continuous_size': 14, 'attention_head_size': 2, 'learning_rate': 0.01379665153079695}. Best is trial 0 with value: 5.136141300201416.
[I 2023-12-27 11:26:24,416] Trial 15 finished with value: 16.045866012573242 and parameters: {'gradient_clip_val': 0.32648885324755966, 'hidden_size': 18, 'dropout': 0.29395304646932235, 'hidden_continuous_size': 8, 'attention_head_size': 4, 'learning_rate': 0.0055460236582657}. Best is trial 0 with value: 5.136141300201416.
[I 2023-12-27 11:26:24,810] Trial 16 finished with value: 16.893430709838867 and parameters: {'gradient_clip_val': 0.24350967804080856, 'hidden_size': 7, 'dropout': 0.4011868009339639, 'hidden_continuous_size': 5, 'attention_head_size': 3, 'learning_rate': 0.0010923209385043794}. Best is trial 0 with value: 5.136141300201416.
[I 2023-12-27 11:26:25,147] Trial 17 finished with value: 14.567170143127441 and parameters: {'gradient_clip_val': 0.37781072723783615, 'hidden_size': 5, 'dropout': 0.312311111241209, 'hidden_continuous_size': 5, 'attention_head_size': 4, 'learning_rate': 0.0005041910179680405}. Best is trial 0 with value: 5.136141300201416.
[I 2023-12-27 11:26:25,527] Trial 18 finished with value: 12.452869415283203 and parameters: {'gradient_clip_val': 0.2206065029109228, 'hidden_size': 9, 'dropout': 0.3810908725513459, 'hidden_continuous_size': 6, 'attention_head_size': 3, 'learning_rate': 0.019917114338107923}. Best is trial 0 with value: 5.136141300201416.
[I 2023-12-27 11:26:25,899] Trial 19 finished with value: 14.819304466247559 and parameters: {'gradient_clip_val': 0.24113868785634937, 'hidden_size': 9, 'dropout': 0.4996959946986218, 'hidden_continuous_size': 6, 'attention_head_size': 2, 'learning_rate': 0.01651284430818646}. Best is trial 0 with value: 5.136141300201416.
[I 2023-12-27 11:26:26,273] Trial 20 finished with value: 16.54098892211914 and parameters: {'gradient_clip_val': 0.12828273333586815, 'hidden_size': 8, 'dropout': 0.46070770340044254, 'hidden_continuous_size': 5, 'attention_head_size': 4, 'learning_rate': 0.022586747627766614}. Best is trial 0 with value: 5.136141300201416.
[I 2023-12-27 11:26:26,653] Trial 21 finished with value: 14.362772941589355 and parameters: {'gradient_clip_val': 0.23126571367558302, 'hidden_size': 14, 'dropout': 0.38031956912864967, 'hidden_continuous_size': 7, 'attention_head_size': 3, 'learning_rate': 0.005384502646836423}. Best is trial 0 with value: 5.136141300201416.
[I 2023-12-27 11:26:27,038] Trial 22 finished with value: 15.564614295959473 and parameters: {'gradient_clip_val': 0.322630317103499, 'hidden_size': 13, 'dropout': 0.34306959719367514, 'hidden_continuous_size': 6, 'attention_head_size': 3, 'learning_rate': 0.007647477880196815}. Best is trial 0 with value: 5.136141300201416.
[I 2023-12-27 11:26:27,672] Trial 23 finished with value: 18.88628578186035 and parameters: {'gradient_clip_val': 0.40090911836142695, 'hidden_size': 18, 'dropout': 0.4252623219377857, 'hidden_continuous_size': 7, 'attention_head_size': 3, 'learning_rate': 0.026607223309025686}. Best is trial 0 with value: 5.136141300201416.
[I 2023-12-27 11:26:28,043] Trial 24 finished with value: 12.482879638671875 and parameters: {'gradient_clip_val': 0.2831825857658917, 'hidden_size': 8, 'dropout': 0.3844330219306337, 'hidden_continuous_size': 6, 'attention_head_size': 2, 'learning_rate': 0.004186829688125111}. Best is trial 0 with value: 5.136141300201416.
[I 2023-12-27 11:26:28,390] Trial 25 finished with value: 12.489136695861816 and parameters: {'gradient_clip_val': 0.20012861991897227, 'hidden_size': 5, 'dropout': 0.4069071204224859, 'hidden_continuous_size': 5, 'attention_head_size': 2, 'learning_rate': 0.010388259408270609}. Best is trial 0 with value: 5.136141300201416.
[I 2023-12-27 11:26:28,752] Trial 26 finished with value: 11.90942668914795 and parameters: {'gradient_clip_val': 0.27632353587060593, 'hidden_size': 8, 'dropout': 0.3260014865327676, 'hidden_continuous_size': 6, 'attention_head_size': 1, 'learning_rate': 0.0037959891024186626}. Best is trial 0 with value: 5.136141300201416.
[I 2023-12-27 11:26:29,119] Trial 27 finished with value: 12.84925365447998 and parameters: {'gradient_clip_val': 0.14938966901926454, 'hidden_size': 11, 'dropout': 0.27492273282550034, 'hidden_continuous_size': 6, 'attention_head_size': 1, 'learning_rate': 0.002233925549016856}. Best is trial 0 with value: 5.136141300201416.
[I 2023-12-27 11:26:29,487] Trial 28 finished with value: 12.953070640563965 and parameters: {'gradient_clip_val': 0.21156524089693063, 'hidden_size': 11, 'dropout': 0.32063242958756755, 'hidden_continuous_size': 7, 'attention_head_size': 1, 'learning_rate': 0.0058004006588355085}. Best is trial 0 with value: 5.136141300201416.
[I 2023-12-27 11:26:29,867] Trial 29 finished with value: 12.88732624053955 and parameters: {'gradient_clip_val': 0.2602404838798191, 'hidden_size': 14, 'dropout': 0.2706688577232531, 'hidden_continuous_size': 8, 'attention_head_size': 1, 'learning_rate': 0.00406435419457261}. Best is trial 0 with value: 5.136141300201416.
[I 2023-12-27 11:26:30,249] Trial 30 finished with value: 14.357308387756348 and parameters: {'gradient_clip_val': 0.21126426680116503, 'hidden_size': 7, 'dropout': 0.3398670035867005, 'hidden_continuous_size': 5, 'attention_head_size': 4, 'learning_rate': 0.0019583396913400164}. Best is trial 0 with value: 5.136141300201416.
[I 2023-12-27 11:26:30,633] Trial 31 finished with value: 14.71313762664795 and parameters: {'gradient_clip_val': 0.2830809844712132, 'hidden_size': 8, 'dropout': 0.3681304395978902, 'hidden_continuous_size': 6, 'attention_head_size': 2, 'learning_rate': 0.0038746105416391004}. Best is trial 0 with value: 5.136141300201416.
[I 2023-12-27 11:26:31,008] Trial 32 finished with value: 13.714103698730469 and parameters: {'gradient_clip_val': 0.30386430577027507, 'hidden_size': 6, 'dropout': 0.39351457089918057, 'hidden_continuous_size': 5, 'attention_head_size': 2, 'learning_rate': 0.00461309791966159}. Best is trial 0 with value: 5.136141300201416.
[I 2023-12-27 11:26:31,395] Trial 33 finished with value: 15.767691612243652 and parameters: {'gradient_clip_val': 0.23804310924054708, 'hidden_size': 9, 'dropout': 0.3646109338698027, 'hidden_continuous_size': 6, 'attention_head_size': 1, 'learning_rate': 0.0031753947692759812}. Best is trial 0 with value: 5.136141300201416.
[I 2023-12-27 11:26:31,781] Trial 34 finished with value: 14.736750602722168 and parameters: {'gradient_clip_val': 0.16118601570642002, 'hidden_size': 13, 'dropout': 0.386132845740713, 'hidden_continuous_size': 7, 'attention_head_size': 2, 'learning_rate': 0.006762470645721653}. Best is trial 0 with value: 5.136141300201416.
[I 2023-12-27 11:26:32,153] Trial 35 finished with value: 15.569855690002441 and parameters: {'gradient_clip_val': 0.2810946665742919, 'hidden_size': 10, 'dropout': 0.33633359721345485, 'hidden_continuous_size': 6, 'attention_head_size': 1, 'learning_rate': 0.00466284944823882}. Best is trial 0 with value: 5.136141300201416.
[I 2023-12-27 11:26:32,526] Trial 36 finished with value: 13.823441505432129 and parameters: {'gradient_clip_val': 0.17684067608553972, 'hidden_size': 7, 'dropout': 0.36644989696222197, 'hidden_continuous_size': 6, 'attention_head_size': 2, 'learning_rate': 0.003047713291749814}. Best is trial 0 with value: 5.136141300201416.
[I 2023-12-27 11:26:33,178] Trial 37 finished with value: 17.394716262817383 and parameters: {'gradient_clip_val': 0.3093465685424859, 'hidden_size': 15, 'dropout': 0.4178990966917788, 'hidden_continuous_size': 9, 'attention_head_size': 3, 'learning_rate': 0.009213437673825755}. Best is trial 0 with value: 5.136141300201416.
[I 2023-12-27 11:26:33,570] Trial 38 finished with value: 17.73317527770996 and parameters: {'gradient_clip_val': 0.3541207024277767, 'hidden_size': 12, 'dropout': 0.33209888515631913, 'hidden_continuous_size': 7, 'attention_head_size': 1, 'learning_rate': 0.0020049046973600114}. Best is trial 0 with value: 5.136141300201416.
[I 2023-12-27 11:26:33,968] Trial 39 finished with value: 13.243327140808105 and parameters: {'gradient_clip_val': 0.21654168646270203, 'hidden_size': 9, 'dropout': 0.3922935167402952, 'hidden_continuous_size': 6, 'attention_head_size': 3, 'learning_rate': 0.004171113658961388}. Best is trial 0 with value: 5.136141300201416.
[I 2023-12-27 11:26:34,360] Trial 40 finished with value: 15.493027687072754 and parameters: {'gradient_clip_val': 0.18857323707436158, 'hidden_size': 23, 'dropout': 0.3668504508660331, 'hidden_continuous_size': 9, 'attention_head_size': 2, 'learning_rate': 0.04794355730869175}. Best is trial 0 with value: 5.136141300201416.
[I 2023-12-27 11:26:34,697] Trial 41 finished with value: 15.717705726623535 and parameters: {'gradient_clip_val': 0.20854878490241427, 'hidden_size': 5, 'dropout': 0.41166800162549205, 'hidden_continuous_size': 5, 'attention_head_size': 2, 'learning_rate': 0.012498366343254035}. Best is trial 0 with value: 5.136141300201416.
[I 2023-12-27 11:26:35,040] Trial 42 finished with value: 16.344358444213867 and parameters: {'gradient_clip_val': 0.25351740635982195, 'hidden_size': 5, 'dropout': 0.42513097908133934, 'hidden_continuous_size': 5, 'attention_head_size': 2, 'learning_rate': 0.009950731466189022}. Best is trial 0 with value: 5.136141300201416.
