[I 2023-12-27 10:55:41,538] Trial 22 finished with value: 51.27037048339844 and parameters: {'gradient_clip_val': 0.26111628180353064, 'hidden_size': 15, 'dropout': 0.2665527191170442, 'hidden_continuous_size': 8, 'attention_head_size': 3, 'learning_rate': 0.012848137651460464}. Best is trial 0 with value: 8.144782066345215.
LOCAL_RANK: 0 - CUDA_VISIBLE_DEVICES: [0]
[I 2023-12-27 10:55:41,986] Trial 23 finished with value: 71.8475570678711 and parameters: {'gradient_clip_val': 0.250844867178234, 'hidden_size': 13, 'dropout': 0.27417285381573603, 'hidden_continuous_size': 9, 'attention_head_size': 2, 'learning_rate': 0.011991975429105527}. Best is trial 0 with value: 8.144782066345215.
LOCAL_RANK: 0 - CUDA_VISIBLE_DEVICES: [0]
[I 2023-12-27 10:55:42,433] Trial 24 finished with value: 51.032649993896484 and parameters: {'gradient_clip_val': 0.1822706535994688, 'hidden_size': 14, 'dropout': 0.31941876607908487, 'hidden_continuous_size': 8, 'attention_head_size': 3, 'learning_rate': 0.010818725743821844}. Best is trial 0 with value: 8.144782066345215.
LOCAL_RANK: 0 - CUDA_VISIBLE_DEVICES: [0]
[I 2023-12-27 10:55:42,892] Trial 25 finished with value: 51.076961517333984 and parameters: {'gradient_clip_val': 0.1766912489010168, 'hidden_size': 10, 'dropout': 0.3251828148923085, 'hidden_continuous_size': 7, 'attention_head_size': 2, 'learning_rate': 0.024211794183064038}. Best is trial 0 with value: 8.144782066345215.
LOCAL_RANK: 0 - CUDA_VISIBLE_DEVICES: [0]
[I 2023-12-27 10:55:43,324] Trial 26 finished with value: 57.75996780395508 and parameters: {'gradient_clip_val': 0.1294763544220563, 'hidden_size': 8, 'dropout': 0.30349294494931384, 'hidden_continuous_size': 6, 'attention_head_size': 3, 'learning_rate': 0.010267182717380991}. Best is trial 0 with value: 8.144782066345215.
LOCAL_RANK: 0 - CUDA_VISIBLE_DEVICES: [0]
[I 2023-12-27 10:55:43,760] Trial 27 finished with value: 73.46833038330078 and parameters: {'gradient_clip_val': 0.17500552469113803, 'hidden_size': 20, 'dropout': 0.2201357538488521, 'hidden_continuous_size': 11, 'attention_head_size': 2, 'learning_rate': 0.01833352760961433}. Best is trial 0 with value: 8.144782066345215.
LOCAL_RANK: 0 - CUDA_VISIBLE_DEVICES: [0]
[I 2023-12-27 10:55:44,195] Trial 28 finished with value: 67.53841400146484 and parameters: {'gradient_clip_val': 0.15234761589578044, 'hidden_size': 13, 'dropout': 0.25783224432776586, 'hidden_continuous_size': 9, 'attention_head_size': 1, 'learning_rate': 0.005138844421703032}. Best is trial 0 with value: 8.144782066345215.
LOCAL_RANK: 0 - CUDA_VISIBLE_DEVICES: [0]
[I 2023-12-27 10:55:44,618] Trial 29 finished with value: 70.1816635131836 and parameters: {'gradient_clip_val': 0.12281810382774887, 'hidden_size': 6, 'dropout': 0.24557127952775346, 'hidden_continuous_size': 5, 'attention_head_size': 1, 'learning_rate': 0.021342622939315152}. Best is trial 0 with value: 8.144782066345215.
LOCAL_RANK: 0 - CUDA_VISIBLE_DEVICES: [0]
[I 2023-12-27 10:55:45,055] Trial 30 finished with value: 55.5244255065918 and parameters: {'gradient_clip_val': 0.22898814947911847, 'hidden_size': 7, 'dropout': 0.2019758440619897, 'hidden_continuous_size': 5, 'attention_head_size': 3, 'learning_rate': 0.014164478881286177}. Best is trial 0 with value: 8.144782066345215.
LOCAL_RANK: 0 - CUDA_VISIBLE_DEVICES: [0]
[I 2023-12-27 10:55:45,498] Trial 31 finished with value: 80.8143081665039 and parameters: {'gradient_clip_val': 0.1731035767554473, 'hidden_size': 10, 'dropout': 0.31307947534279484, 'hidden_continuous_size': 7, 'attention_head_size': 2, 'learning_rate': 0.024411038660687535}. Best is trial 0 with value: 8.144782066345215.
LOCAL_RANK: 0 - CUDA_VISIBLE_DEVICES: [0]
[I 2023-12-27 10:55:45,928] Trial 32 finished with value: 66.97708892822266 and parameters: {'gradient_clip_val': 0.18168846201641442, 'hidden_size': 9, 'dropout': 0.3349412598048531, 'hidden_continuous_size': 7, 'attention_head_size': 2, 'learning_rate': 0.00950224600565261}. Best is trial 0 with value: 8.144782066345215.
LOCAL_RANK: 0 - CUDA_VISIBLE_DEVICES: [0]
[I 2023-12-27 10:55:46,640] Trial 33 finished with value: 75.85836029052734 and parameters: {'gradient_clip_val': 0.15714900981467422, 'hidden_size': 14, 'dropout': 0.3001697556988712, 'hidden_continuous_size': 9, 'attention_head_size': 2, 'learning_rate': 0.016839292167384532}. Best is trial 0 with value: 8.144782066345215.
LOCAL_RANK: 0 - CUDA_VISIBLE_DEVICES: [0]
[I 2023-12-27 10:55:47,075] Trial 34 finished with value: 43.307586669921875 and parameters: {'gradient_clip_val': 0.12085499263331957, 'hidden_size': 10, 'dropout': 0.3525308057675437, 'hidden_continuous_size': 8, 'attention_head_size': 1, 'learning_rate': 0.024395234133319177}. Best is trial 0 with value: 8.144782066345215.
LOCAL_RANK: 0 - CUDA_VISIBLE_DEVICES: [0]
[I 2023-12-27 10:55:47,512] Trial 35 finished with value: 67.51172637939453 and parameters: {'gradient_clip_val': 0.1146379579255137, 'hidden_size': 15, 'dropout': 0.36169216720121933, 'hidden_continuous_size': 8, 'attention_head_size': 1, 'learning_rate': 0.05387302278253237}. Best is trial 0 with value: 8.144782066345215.
LOCAL_RANK: 0 - CUDA_VISIBLE_DEVICES: [0]
[I 2023-12-27 10:55:47,974] Trial 36 finished with value: 55.28318405151367 and parameters: {'gradient_clip_val': 0.10067574530873158, 'hidden_size': 22, 'dropout': 0.42586371623397057, 'hidden_continuous_size': 10, 'attention_head_size': 1, 'learning_rate': 0.015831271603238373}. Best is trial 0 with value: 8.144782066345215.
LOCAL_RANK: 0 - CUDA_VISIBLE_DEVICES: [0]
[I 2023-12-27 10:55:48,406] Trial 37 finished with value: 43.502197265625 and parameters: {'gradient_clip_val': 0.12051701189496054, 'hidden_size': 11, 'dropout': 0.355466279732076, 'hidden_continuous_size': 8, 'attention_head_size': 1, 'learning_rate': 0.023964620835742485}. Best is trial 0 with value: 8.144782066345215.
LOCAL_RANK: 0 - CUDA_VISIBLE_DEVICES: [0]
[I 2023-12-27 10:55:48,840] Trial 38 finished with value: 68.18260955810547 and parameters: {'gradient_clip_val': 0.11396044586623336, 'hidden_size': 11, 'dropout': 0.34567836033906524, 'hidden_continuous_size': 9, 'attention_head_size': 1, 'learning_rate': 0.04953536281698843}. Best is trial 0 with value: 8.144782066345215.
LOCAL_RANK: 0 - CUDA_VISIBLE_DEVICES: [0]
[I 2023-12-27 10:55:49,273] Trial 39 finished with value: 56.30377197265625 and parameters: {'gradient_clip_val': 0.13339560650131896, 'hidden_size': 8, 'dropout': 0.24653813892920265, 'hidden_continuous_size': 5, 'attention_head_size': 1, 'learning_rate': 0.027780757711435202}. Best is trial 0 with value: 8.144782066345215.
LOCAL_RANK: 0 - CUDA_VISIBLE_DEVICES: [0]
[I 2023-12-27 10:55:49,674] Trial 40 finished with value: 60.89479064941406 and parameters: {'gradient_clip_val': 0.11228601707138197, 'hidden_size': 5, 'dropout': 0.35246738056374494, 'hidden_continuous_size': 5, 'attention_head_size': 1, 'learning_rate': 0.019519097922083818}. Best is trial 0 with value: 8.144782066345215.
LOCAL_RANK: 0 - CUDA_VISIBLE_DEVICES: [0]
[I 2023-12-27 10:55:50,103] Trial 41 finished with value: 59.7335205078125 and parameters: {'gradient_clip_val': 0.13801646047493843, 'hidden_size': 15, 'dropout': 0.3007488992812918, 'hidden_continuous_size': 8, 'attention_head_size': 1, 'learning_rate': 0.008972254593464858}. Best is trial 0 with value: 8.144782066345215.
LOCAL_RANK: 0 - CUDA_VISIBLE_DEVICES: [0]
[I 2023-12-27 10:55:50,543] Trial 42 finished with value: 57.967681884765625 and parameters: {'gradient_clip_val': 0.15246886556866054, 'hidden_size': 12, 'dropout': 0.3789389354884187, 'hidden_continuous_size': 8, 'attention_head_size': 3, 'learning_rate': 0.014765553438041272}. Best is trial 0 with value: 8.144782066345215.
LOCAL_RANK: 0 - CUDA_VISIBLE_DEVICES: [0]
[I 2023-12-27 10:55:50,978] Trial 43 finished with value: 51.90317916870117 and parameters: {'gradient_clip_val': 0.12311562916695348, 'hidden_size': 6, 'dropout': 0.28045913003635503, 'hidden_continuous_size': 5, 'attention_head_size': 1, 'learning_rate': 0.024465961368492453}. Best is trial 0 with value: 8.144782066345215.
LOCAL_RANK: 0 - CUDA_VISIBLE_DEVICES: [0]
[I 2023-12-27 10:55:51,418] Trial 44 finished with value: 80.5843276977539 and parameters: {'gradient_clip_val': 0.20016427226856112, 'hidden_size': 15, 'dropout': 0.334595589432845, 'hidden_continuous_size': 9, 'attention_head_size': 3, 'learning_rate': 0.012065621459931161}. Best is trial 0 with value: 8.144782066345215.
LOCAL_RANK: 0 - CUDA_VISIBLE_DEVICES: [0]
[I 2023-12-27 10:55:51,852] Trial 45 finished with value: 59.2039909362793 and parameters: {'gradient_clip_val': 0.10311513410785117, 'hidden_size': 11, 'dropout': 0.34550662606423516, 'hidden_continuous_size': 8, 'attention_head_size': 1, 'learning_rate': 0.007945620588547687}. Best is trial 0 with value: 8.144782066345215.
LOCAL_RANK: 0 - CUDA_VISIBLE_DEVICES: [0]
[I 2023-12-27 10:55:52,579] Trial 46 finished with value: 76.22541046142578 and parameters: {'gradient_clip_val': 0.14286839247715752, 'hidden_size': 26, 'dropout': 0.3170553823152824, 'hidden_continuous_size': 12, 'attention_head_size': 2, 'learning_rate': 0.0314681242033411}. Best is trial 0 with value: 8.144782066345215.
LOCAL_RANK: 0 - CUDA_VISIBLE_DEVICES: [0]
[I 2023-12-27 10:55:53,027] Trial 47 finished with value: 91.03858184814453 and parameters: {'gradient_clip_val': 0.162989508749668, 'hidden_size': 20, 'dropout': 0.23900735201334444, 'hidden_continuous_size': 11, 'attention_head_size': 3, 'learning_rate': 0.020381497963495688}. Best is trial 0 with value: 8.144782066345215.
LOCAL_RANK: 0 - CUDA_VISIBLE_DEVICES: [0]
[I 2023-12-27 10:55:53,474] Trial 48 finished with value: 85.77835845947266 and parameters: {'gradient_clip_val': 0.20501303948490818, 'hidden_size': 13, 'dropout': 0.28685390508928493, 'hidden_continuous_size': 7, 'attention_head_size': 3, 'learning_rate': 0.006105140082772225}. Best is trial 0 with value: 8.144782066345215.
LOCAL_RANK: 0 - CUDA_VISIBLE_DEVICES: [0]
[I 2023-12-27 10:55:53,937] Trial 49 finished with value: 64.65719604492188 and parameters: {'gradient_clip_val': 0.12191710351855892, 'hidden_size': 17, 'dropout': 0.3097664813371433, 'hidden_continuous_size': 9, 'attention_head_size': 4, 'learning_rate': 0.012266720102288967}. Best is trial 0 with value: 8.144782066345215.
[I 2023-12-27 10:55:54,069] A new study created in memory with name: no-name-56bb178a-c6f1-4610-a8c3-24e22d054a2d
/home/le004/conda/anaconda3/envs/tsff_env/lib/python3.9/site-packages/lightning/fabric/plugins/environments/slurm.py:191: The `srun` command is available on your system but is not used. HINT: If your intention is to run Lightning on SLURM, prepend your python command with `srun` like so: srun python /home/le004/master_thesis/git/TSFusionForecast/code/ ...
LOCAL_RANK: 0 - CUDA_VISIBLE_DEVICES: [0]
[I 2023-12-27 10:56:23,945] Trial 0 finished with value: 9.800616264343262 and parameters: {'gradient_clip_val': 0.9423756854448763, 'hidden_size': 19, 'dropout': 0.4104276578370476, 'hidden_continuous_size': 8, 'attention_head_size': 3, 'learning_rate': 0.0352817439814381}. Best is trial 0 with value: 9.800616264343262.
LOCAL_RANK: 0 - CUDA_VISIBLE_DEVICES: [0]
[I 2023-12-27 10:56:24,547] Trial 1 finished with value: 60.01295852661133 and parameters: {'gradient_clip_val': 0.24231255645363214, 'hidden_size': 17, 'dropout': 0.13725958356475876, 'hidden_continuous_size': 5, 'attention_head_size': 2, 'learning_rate': 0.0008451646582572986}. Best is trial 0 with value: 9.800616264343262.
LOCAL_RANK: 0 - CUDA_VISIBLE_DEVICES: [0]
[I 2023-12-27 10:56:25,037] Trial 2 finished with value: 73.5634765625 and parameters: {'gradient_clip_val': 0.14932818114511628, 'hidden_size': 10, 'dropout': 0.43656143924106194, 'hidden_continuous_size': 5, 'attention_head_size': 3, 'learning_rate': 0.0051908705271651945}. Best is trial 0 with value: 9.800616264343262.
LOCAL_RANK: 0 - CUDA_VISIBLE_DEVICES: [0]
[I 2023-12-27 10:56:25,526] Trial 3 finished with value: 52.70766067504883 and parameters: {'gradient_clip_val': 0.49720937624628114, 'hidden_size': 8, 'dropout': 0.12456396323980656, 'hidden_continuous_size': 5, 'attention_head_size': 4, 'learning_rate': 0.007980126373476927}. Best is trial 0 with value: 9.800616264343262.
LOCAL_RANK: 0 - CUDA_VISIBLE_DEVICES: [0]
[I 2023-12-27 10:56:26,056] Trial 4 finished with value: 64.07829284667969 and parameters: {'gradient_clip_val': 0.2617857302506432, 'hidden_size': 106, 'dropout': 0.19217420152205708, 'hidden_continuous_size': 6, 'attention_head_size': 1, 'learning_rate': 0.0019592457591684365}. Best is trial 0 with value: 9.800616264343262.
LOCAL_RANK: 0 - CUDA_VISIBLE_DEVICES: [0]
[I 2023-12-27 10:56:26,521] Trial 5 finished with value: 60.86905288696289 and parameters: {'gradient_clip_val': 0.516480796356476, 'hidden_size': 6, 'dropout': 0.44946506720847557, 'hidden_continuous_size': 5, 'attention_head_size': 1, 'learning_rate': 0.00974041051934623}. Best is trial 0 with value: 9.800616264343262.
LOCAL_RANK: 0 - CUDA_VISIBLE_DEVICES: [0]
[I 2023-12-27 10:56:27,056] Trial 6 finished with value: 57.99760818481445 and parameters: {'gradient_clip_val': 0.2062410232826795, 'hidden_size': 65, 'dropout': 0.40030975752113107, 'hidden_continuous_size': 37, 'attention_head_size': 4, 'learning_rate': 0.007263869353526781}. Best is trial 0 with value: 9.800616264343262.
LOCAL_RANK: 0 - CUDA_VISIBLE_DEVICES: [0]
[I 2023-12-27 10:56:27,787] Trial 7 finished with value: 57.54356384277344 and parameters: {'gradient_clip_val': 0.6176307764341087, 'hidden_size': 37, 'dropout': 0.135407277274347, 'hidden_continuous_size': 27, 'attention_head_size': 3, 'learning_rate': 0.0011652494479702773}. Best is trial 0 with value: 9.800616264343262.
LOCAL_RANK: 0 - CUDA_VISIBLE_DEVICES: [0]
[I 2023-12-27 10:56:28,202] Trial 8 finished with value: 65.96416473388672 and parameters: {'gradient_clip_val': 0.712599059184503, 'hidden_size': 11, 'dropout': 0.2840414747634965, 'hidden_continuous_size': 8, 'attention_head_size': 4, 'learning_rate': 0.009453049489063111}. Best is trial 0 with value: 9.800616264343262.
LOCAL_RANK: 0 - CUDA_VISIBLE_DEVICES: [0]
[I 2023-12-27 10:56:28,576] Trial 9 finished with value: 63.19845962524414 and parameters: {'gradient_clip_val': 0.10966680577074273, 'hidden_size': 5, 'dropout': 0.1374341648484362, 'hidden_continuous_size': 5, 'attention_head_size': 1, 'learning_rate': 0.0035055151359887045}. Best is trial 0 with value: 9.800616264343262.
LOCAL_RANK: 0 - CUDA_VISIBLE_DEVICES: [0]
[I 2023-12-27 10:56:29,041] Trial 10 finished with value: 75.48834991455078 and parameters: {'gradient_clip_val': 0.9796659460432777, 'hidden_size': 24, 'dropout': 0.3569211781989644, 'hidden_continuous_size': 11, 'attention_head_size': 2, 'learning_rate': 0.06360585624458547}. Best is trial 0 with value: 9.800616264343262.
LOCAL_RANK: 0 - CUDA_VISIBLE_DEVICES: [0]
[I 2023-12-27 10:56:29,484] Trial 11 finished with value: 56.29701614379883 and parameters: {'gradient_clip_val': 0.48202420751331043, 'hidden_size': 14, 'dropout': 0.49087649740026074, 'hidden_continuous_size': 7, 'attention_head_size': 4, 'learning_rate': 0.0270996750539917}. Best is trial 0 with value: 9.800616264343262.
LOCAL_RANK: 0 - CUDA_VISIBLE_DEVICES: [0]
[I 2023-12-27 10:56:29,913] Trial 12 finished with value: 52.153961181640625 and parameters: {'gradient_clip_val': 0.36352135726038265, 'hidden_size': 8, 'dropout': 0.2692712917670939, 'hidden_continuous_size': 6, 'attention_head_size': 3, 'learning_rate': 0.02733299369280828}. Best is trial 0 with value: 9.800616264343262.
LOCAL_RANK: 0 - CUDA_VISIBLE_DEVICES: [0]
[I 2023-12-27 10:56:30,349] Trial 13 finished with value: 52.2467155456543 and parameters: {'gradient_clip_val': 0.38296402631993726, 'hidden_size': 20, 'dropout': 0.29877573857657447, 'hidden_continuous_size': 9, 'attention_head_size': 3, 'learning_rate': 0.02944820334786395}. Best is trial 0 with value: 9.800616264343262.
LOCAL_RANK: 0 - CUDA_VISIBLE_DEVICES: [0]
[I 2023-12-27 10:56:30,786] Trial 14 finished with value: 63.373958587646484 and parameters: {'gradient_clip_val': 0.3289586236134359, 'hidden_size': 8, 'dropout': 0.35012421802236204, 'hidden_continuous_size': 6, 'attention_head_size': 2, 'learning_rate': 0.09992324070858084}. Best is trial 0 with value: 9.800616264343262.
LOCAL_RANK: 0 - CUDA_VISIBLE_DEVICES: [0]
[I 2023-12-27 10:56:31,263] Trial 15 finished with value: 78.09490203857422 and parameters: {'gradient_clip_val': 0.9654276485503994, 'hidden_size': 33, 'dropout': 0.24913207630430756, 'hidden_continuous_size': 10, 'attention_head_size': 3, 'learning_rate': 0.021299856230102075}. Best is trial 0 with value: 9.800616264343262.
LOCAL_RANK: 0 - CUDA_VISIBLE_DEVICES: [0]
[I 2023-12-27 10:56:31,684] Trial 16 finished with value: 64.10929107666016 and parameters: {'gradient_clip_val': 0.38546443054401436, 'hidden_size': 13, 'dropout': 0.3583598483520928, 'hidden_continuous_size': 7, 'attention_head_size': 3, 'learning_rate': 0.04412057418199074}. Best is trial 0 with value: 9.800616264343262.
LOCAL_RANK: 0 - CUDA_VISIBLE_DEVICES: [0]
[I 2023-12-27 10:56:32,072] Trial 17 finished with value: 39.07064437866211 and parameters: {'gradient_clip_val': 0.7209808570580668, 'hidden_size': 5, 'dropout': 0.24448214752478833, 'hidden_continuous_size': 5, 'attention_head_size': 2, 'learning_rate': 0.016705182471745617}. Best is trial 0 with value: 9.800616264343262.
LOCAL_RANK: 0 - CUDA_VISIBLE_DEVICES: [0]
[I 2023-12-27 10:56:32,468] Trial 18 finished with value: 72.4051284790039 and parameters: {'gradient_clip_val': 0.7469920675598504, 'hidden_size': 5, 'dropout': 0.22292279063962842, 'hidden_continuous_size': 5, 'attention_head_size': 2, 'learning_rate': 0.013854308180675283}. Best is trial 0 with value: 9.800616264343262.
LOCAL_RANK: 0 - CUDA_VISIBLE_DEVICES: [0]
[I 2023-12-27 10:56:32,895] Trial 19 finished with value: 50.67780685424805 and parameters: {'gradient_clip_val': 0.8186446401596995, 'hidden_size': 16, 'dropout': 0.31035766668861076, 'hidden_continuous_size': 8, 'attention_head_size': 2, 'learning_rate': 0.01568255035495277}. Best is trial 0 with value: 9.800616264343262.
LOCAL_RANK: 0 - CUDA_VISIBLE_DEVICES: [0]
[I 2023-12-27 10:56:33,587] Trial 20 finished with value: 67.2663345336914 and parameters: {'gradient_clip_val': 0.6215749584976007, 'hidden_size': 31, 'dropout': 0.2085037541082551, 'hidden_continuous_size': 13, 'attention_head_size': 2, 'learning_rate': 0.04782429834564399}. Best is trial 0 with value: 9.800616264343262.
LOCAL_RANK: 0 - CUDA_VISIBLE_DEVICES: [0]
[I 2023-12-27 10:56:34,015] Trial 21 finished with value: 65.83020782470703 and parameters: {'gradient_clip_val': 0.8544477952347385, 'hidden_size': 17, 'dropout': 0.3284119598193764, 'hidden_continuous_size': 8, 'attention_head_size': 2, 'learning_rate': 0.015572849812677295}. Best is trial 0 with value: 9.800616264343262.
LOCAL_RANK: 0 - CUDA_VISIBLE_DEVICES: [0]
[I 2023-12-27 10:56:34,483] Trial 22 finished with value: 57.39569091796875 and parameters: {'gradient_clip_val': 0.8527705072702466, 'hidden_size': 25, 'dropout': 0.3138181477921861, 'hidden_continuous_size': 12, 'attention_head_size': 2, 'learning_rate': 0.01670363991352084}. Best is trial 0 with value: 9.800616264343262.
LOCAL_RANK: 0 - CUDA_VISIBLE_DEVICES: [0]
[I 2023-12-27 10:56:34,908] Trial 23 finished with value: 63.397762298583984 and parameters: {'gradient_clip_val': 0.9874525343456152, 'hidden_size': 14, 'dropout': 0.24497722571750918, 'hidden_continuous_size': 7, 'attention_head_size': 1, 'learning_rate': 0.015686395562577685}. Best is trial 0 with value: 9.800616264343262.
LOCAL_RANK: 0 - CUDA_VISIBLE_DEVICES: [0]
[I 2023-12-27 10:56:35,348] Trial 24 finished with value: 59.98164367675781 and parameters: {'gradient_clip_val': 0.7252224412832404, 'hidden_size': 6, 'dropout': 0.3970497429442603, 'hidden_continuous_size': 5, 'attention_head_size': 2, 'learning_rate': 0.04028561767391398}. Best is trial 0 with value: 9.800616264343262.
LOCAL_RANK: 0 - CUDA_VISIBLE_DEVICES: [0]
[I 2023-12-27 10:56:35,779] Trial 25 finished with value: 47.97346115112305 and parameters: {'gradient_clip_val': 0.6066674235357367, 'hidden_size': 10, 'dropout': 0.2856069732719772, 'hidden_continuous_size': 8, 'attention_head_size': 3, 'learning_rate': 0.01284629006483241}. Best is trial 0 with value: 9.800616264343262.
LOCAL_RANK: 0 - CUDA_VISIBLE_DEVICES: [0]
[I 2023-12-27 10:56:36,206] Trial 26 finished with value: 47.899169921875 and parameters: {'gradient_clip_val': 0.5643176490449517, 'hidden_size': 10, 'dropout': 0.26853437593419704, 'hidden_continuous_size': 6, 'attention_head_size': 3, 'learning_rate': 0.004601135748190789}. Best is trial 0 with value: 9.800616264343262.
LOCAL_RANK: 0 - CUDA_VISIBLE_DEVICES: [0]
[I 2023-12-27 10:56:36,641] Trial 27 finished with value: 65.51883697509766 and parameters: {'gradient_clip_val': 0.44588072098478737, 'hidden_size': 7, 'dropout': 0.2477393140883778, 'hidden_continuous_size': 6, 'attention_head_size': 3, 'learning_rate': 0.00485112867819257}. Best is trial 0 with value: 9.800616264343262.
LOCAL_RANK: 0 - CUDA_VISIBLE_DEVICES: [0]
[I 2023-12-27 10:56:37,065] Trial 28 finished with value: 72.38117218017578 and parameters: {'gradient_clip_val': 0.6210702945705155, 'hidden_size': 11, 'dropout': 0.3297898326507427, 'hidden_continuous_size': 6, 'attention_head_size': 3, 'learning_rate': 0.00359979148818305}. Best is trial 0 with value: 9.800616264343262.
LOCAL_RANK: 0 - CUDA_VISIBLE_DEVICES: [0]
[I 2023-12-27 10:56:37,475] Trial 29 finished with value: 89.93563842773438 and parameters: {'gradient_clip_val': 0.5758749145634438, 'hidden_size': 5, 'dropout': 0.2699139538485484, 'hidden_continuous_size': 5, 'attention_head_size': 4, 'learning_rate': 0.022091770148450682}. Best is trial 0 with value: 9.800616264343262.
LOCAL_RANK: 0 - CUDA_VISIBLE_DEVICES: [0]
