[I 2023-12-27 11:12:21,177] Trial 48 finished with value: 9374.0244140625 and parameters: {'gradient_clip_val': 0.20994988360007197, 'hidden_size': 46, 'dropout': 0.13896699522869677, 'hidden_continuous_size': 29, 'attention_head_size': 2, 'learning_rate': 0.0006387899740371608}. Best is trial 0 with value: 995.6713256835938.
LOCAL_RANK: 0 - CUDA_VISIBLE_DEVICES: [0]
[I 2023-12-27 11:12:21,681] Trial 49 finished with value: 10775.91796875 and parameters: {'gradient_clip_val': 0.15874193450969523, 'hidden_size': 104, 'dropout': 0.20739807830135493, 'hidden_continuous_size': 49, 'attention_head_size': 4, 'learning_rate': 0.0025917138421782285}. Best is trial 0 with value: 995.6713256835938.
[I 2023-12-27 11:12:21,808] A new study created in memory with name: no-name-8a1ffa03-17e2-49cc-8834-4684c768f2c8
/home/le004/conda/anaconda3/envs/tsff_env/lib/python3.9/site-packages/lightning/fabric/plugins/environments/slurm.py:191: The `srun` command is available on your system but is not used. HINT: If your intention is to run Lightning on SLURM, prepend your python command with `srun` like so: srun python /home/le004/master_thesis/git/TSFusionForecast/code/ ...
LOCAL_RANK: 0 - CUDA_VISIBLE_DEVICES: [0]
[I 2023-12-27 11:12:43,349] Trial 0 finished with value: 1607.8099365234375 and parameters: {'gradient_clip_val': 0.4135960188788141, 'hidden_size': 17, 'dropout': 0.49570878744397695, 'hidden_continuous_size': 14, 'attention_head_size': 3, 'learning_rate': 0.01714591597064221}. Best is trial 0 with value: 1607.8099365234375.
LOCAL_RANK: 0 - CUDA_VISIBLE_DEVICES: [0]
[I 2023-12-27 11:12:43,831] Trial 1 finished with value: 6270.14208984375 and parameters: {'gradient_clip_val': 0.15945962601579025, 'hidden_size': 7, 'dropout': 0.1644267044479389, 'hidden_continuous_size': 5, 'attention_head_size': 1, 'learning_rate': 0.09085221716746149}. Best is trial 0 with value: 1607.8099365234375.
LOCAL_RANK: 0 - CUDA_VISIBLE_DEVICES: [0]
[I 2023-12-27 11:12:44,294] Trial 2 finished with value: 5957.240234375 and parameters: {'gradient_clip_val': 0.19965518310278035, 'hidden_size': 16, 'dropout': 0.40323253790782665, 'hidden_continuous_size': 14, 'attention_head_size': 3, 'learning_rate': 0.000563989296515965}. Best is trial 0 with value: 1607.8099365234375.
LOCAL_RANK: 0 - CUDA_VISIBLE_DEVICES: [0]
[I 2023-12-27 11:12:44,758] Trial 3 finished with value: 6326.84814453125 and parameters: {'gradient_clip_val': 0.1267305384859192, 'hidden_size': 20, 'dropout': 0.3332560414359682, 'hidden_continuous_size': 6, 'attention_head_size': 3, 'learning_rate': 0.04856582692131417}. Best is trial 0 with value: 1607.8099365234375.
LOCAL_RANK: 0 - CUDA_VISIBLE_DEVICES: [0]
[I 2023-12-27 11:12:45,196] Trial 4 finished with value: 6538.9375 and parameters: {'gradient_clip_val': 0.5850049083212957, 'hidden_size': 16, 'dropout': 0.37267532333758147, 'hidden_continuous_size': 8, 'attention_head_size': 1, 'learning_rate': 0.0019230970973065822}. Best is trial 0 with value: 1607.8099365234375.
LOCAL_RANK: 0 - CUDA_VISIBLE_DEVICES: [0]
[I 2023-12-27 11:12:45,666] Trial 5 finished with value: 6718.59716796875 and parameters: {'gradient_clip_val': 0.7717564955420871, 'hidden_size': 56, 'dropout': 0.16349531703571066, 'hidden_continuous_size': 25, 'attention_head_size': 1, 'learning_rate': 0.06391544264248739}. Best is trial 0 with value: 1607.8099365234375.
LOCAL_RANK: 0 - CUDA_VISIBLE_DEVICES: [0]
[I 2023-12-27 11:12:46,133] Trial 6 finished with value: 4892.62060546875 and parameters: {'gradient_clip_val': 0.3364458158948406, 'hidden_size': 77, 'dropout': 0.46960989523058494, 'hidden_continuous_size': 69, 'attention_head_size': 2, 'learning_rate': 0.001388820365545911}. Best is trial 0 with value: 1607.8099365234375.
LOCAL_RANK: 0 - CUDA_VISIBLE_DEVICES: [0]
[I 2023-12-27 11:12:46,617] Trial 7 finished with value: 5320.85302734375 and parameters: {'gradient_clip_val': 0.4804644831106172, 'hidden_size': 93, 'dropout': 0.3069270129654811, 'hidden_continuous_size': 78, 'attention_head_size': 2, 'learning_rate': 0.005521034484058497}. Best is trial 0 with value: 1607.8099365234375.
LOCAL_RANK: 0 - CUDA_VISIBLE_DEVICES: [0]
[I 2023-12-27 11:12:47,031] Trial 8 finished with value: 7540.46630859375 and parameters: {'gradient_clip_val': 0.1305006202315366, 'hidden_size': 17, 'dropout': 0.3191580427588386, 'hidden_continuous_size': 7, 'attention_head_size': 2, 'learning_rate': 0.01204815039904771}. Best is trial 0 with value: 1607.8099365234375.
LOCAL_RANK: 0 - CUDA_VISIBLE_DEVICES: [0]
[I 2023-12-27 11:12:47,725] Trial 9 finished with value: 5424.73046875 and parameters: {'gradient_clip_val': 0.1435631136544195, 'hidden_size': 12, 'dropout': 0.2495195461883526, 'hidden_continuous_size': 6, 'attention_head_size': 4, 'learning_rate': 0.0724150956242952}. Best is trial 0 with value: 1607.8099365234375.
LOCAL_RANK: 0 - CUDA_VISIBLE_DEVICES: [0]
[I 2023-12-27 11:12:48,212] Trial 10 finished with value: 5595.83447265625 and parameters: {'gradient_clip_val': 0.9986218132759856, 'hidden_size': 45, 'dropout': 0.49671042955041306, 'hidden_continuous_size': 12, 'attention_head_size': 4, 'learning_rate': 0.012607138642315214}. Best is trial 0 with value: 1607.8099365234375.
LOCAL_RANK: 0 - CUDA_VISIBLE_DEVICES: [0]
[I 2023-12-27 11:12:48,716] Trial 11 finished with value: 3747.293701171875 and parameters: {'gradient_clip_val': 0.3047180431606793, 'hidden_size': 148, 'dropout': 0.49859171653645185, 'hidden_continuous_size': 80, 'attention_head_size': 3, 'learning_rate': 0.0025523228711139554}. Best is trial 0 with value: 1607.8099365234375.
LOCAL_RANK: 0 - CUDA_VISIBLE_DEVICES: [0]
[I 2023-12-27 11:12:49,260] Trial 12 finished with value: 6056.69970703125 and parameters: {'gradient_clip_val': 0.2842011090372107, 'hidden_size': 139, 'dropout': 0.44990835380690963, 'hidden_continuous_size': 135, 'attention_head_size': 3, 'learning_rate': 0.005805819593123775}. Best is trial 0 with value: 1607.8099365234375.
LOCAL_RANK: 0 - CUDA_VISIBLE_DEVICES: [0]
[I 2023-12-27 11:12:49,735] Trial 13 finished with value: 5698.69873046875 and parameters: {'gradient_clip_val': 0.3602114528047667, 'hidden_size': 34, 'dropout': 0.49847047104609626, 'hidden_continuous_size': 10, 'attention_head_size': 3, 'learning_rate': 0.027209066382465896}. Best is trial 0 with value: 1607.8099365234375.
LOCAL_RANK: 0 - CUDA_VISIBLE_DEVICES: [0]
[I 2023-12-27 11:12:50,225] Trial 14 finished with value: 6313.52197265625 and parameters: {'gradient_clip_val': 0.2459971664235843, 'hidden_size': 32, 'dropout': 0.4268336169371302, 'hidden_continuous_size': 16, 'attention_head_size': 4, 'learning_rate': 0.003727500172348862}. Best is trial 0 with value: 1607.8099365234375.
LOCAL_RANK: 0 - CUDA_VISIBLE_DEVICES: [0]
[I 2023-12-27 11:12:50,706] Trial 15 finished with value: 6692.41748046875 and parameters: {'gradient_clip_val': 0.45297758216647116, 'hidden_size': 28, 'dropout': 0.4384939162621453, 'hidden_continuous_size': 5, 'attention_head_size': 3, 'learning_rate': 0.020234634970993776}. Best is trial 0 with value: 1607.8099365234375.
LOCAL_RANK: 0 - CUDA_VISIBLE_DEVICES: [0]
[I 2023-12-27 11:12:51,226] Trial 16 finished with value: 6445.48193359375 and parameters: {'gradient_clip_val': 0.2087571939346362, 'hidden_size': 137, 'dropout': 0.3847551800895068, 'hidden_continuous_size': 31, 'attention_head_size': 2, 'learning_rate': 0.009811415123580722}. Best is trial 0 with value: 1607.8099365234375.
LOCAL_RANK: 0 - CUDA_VISIBLE_DEVICES: [0]
[I 2023-12-27 11:12:51,669] Trial 17 finished with value: 5634.43798828125 and parameters: {'gradient_clip_val': 0.36312456113539937, 'hidden_size': 5, 'dropout': 0.4574081556862275, 'hidden_continuous_size': 5, 'attention_head_size': 4, 'learning_rate': 0.003476337434949131}. Best is trial 0 with value: 1607.8099365234375.
LOCAL_RANK: 0 - CUDA_VISIBLE_DEVICES: [0]
[I 2023-12-27 11:12:52,123] Trial 18 finished with value: 6581.02197265625 and parameters: {'gradient_clip_val': 0.2733982912634733, 'hidden_size': 46, 'dropout': 0.40826962373817643, 'hidden_continuous_size': 16, 'attention_head_size': 3, 'learning_rate': 0.028135033599803683}. Best is trial 0 with value: 1607.8099365234375.
LOCAL_RANK: 0 - CUDA_VISIBLE_DEVICES: [0]
[I 2023-12-27 11:12:52,600] Trial 19 finished with value: 6215.71875 and parameters: {'gradient_clip_val': 0.42403002076126206, 'hidden_size': 10, 'dropout': 0.48296775156803173, 'hidden_continuous_size': 7, 'attention_head_size': 2, 'learning_rate': 0.008444309696632839}. Best is trial 0 with value: 1607.8099365234375.
LOCAL_RANK: 0 - CUDA_VISIBLE_DEVICES: [0]
[I 2023-12-27 11:12:53,085] Trial 20 finished with value: 4553.30322265625 and parameters: {'gradient_clip_val': 0.10327596378816843, 'hidden_size': 23, 'dropout': 0.3558469428667262, 'hidden_continuous_size': 9, 'attention_head_size': 4, 'learning_rate': 0.015048274991445195}. Best is trial 0 with value: 1607.8099365234375.
LOCAL_RANK: 0 - CUDA_VISIBLE_DEVICES: [0]
[I 2023-12-27 11:12:53,569] Trial 21 finished with value: 4118.498046875 and parameters: {'gradient_clip_val': 0.18102140084405927, 'hidden_size': 26, 'dropout': 0.35988590106070784, 'hidden_continuous_size': 10, 'attention_head_size': 4, 'learning_rate': 0.017673226071201097}. Best is trial 0 with value: 1607.8099365234375.
LOCAL_RANK: 0 - CUDA_VISIBLE_DEVICES: [0]
[I 2023-12-27 11:12:54,023] Trial 22 finished with value: 5168.296875 and parameters: {'gradient_clip_val': 0.23179577922821223, 'hidden_size': 23, 'dropout': 0.4165773848351149, 'hidden_continuous_size': 9, 'attention_head_size': 4, 'learning_rate': 0.035567416007283775}. Best is trial 0 with value: 1607.8099365234375.
LOCAL_RANK: 0 - CUDA_VISIBLE_DEVICES: [0]
[I 2023-12-27 11:12:54,807] Trial 23 finished with value: 6087.83837890625 and parameters: {'gradient_clip_val': 0.18603677251842876, 'hidden_size': 35, 'dropout': 0.4553126799243413, 'hidden_continuous_size': 12, 'attention_head_size': 3, 'learning_rate': 0.01449396330564339}. Best is trial 0 with value: 1607.8099365234375.
LOCAL_RANK: 0 - CUDA_VISIBLE_DEVICES: [0]
[I 2023-12-27 11:12:55,271] Trial 24 finished with value: 5971.638671875 and parameters: {'gradient_clip_val': 0.30153609352840777, 'hidden_size': 60, 'dropout': 0.49621933622489084, 'hidden_continuous_size': 21, 'attention_head_size': 3, 'learning_rate': 0.022652318315665047}. Best is trial 0 with value: 1607.8099365234375.
LOCAL_RANK: 0 - CUDA_VISIBLE_DEVICES: [0]
[I 2023-12-27 11:12:55,761] Trial 25 finished with value: 6034.640625 and parameters: {'gradient_clip_val': 0.2501707332571265, 'hidden_size': 24, 'dropout': 0.4360204165827407, 'hidden_continuous_size': 11, 'attention_head_size': 4, 'learning_rate': 0.0073929343035475156}. Best is trial 0 with value: 1607.8099365234375.
LOCAL_RANK: 0 - CUDA_VISIBLE_DEVICES: [0]
[I 2023-12-27 11:12:56,260] Trial 26 finished with value: 6022.56396484375 and parameters: {'gradient_clip_val': 0.1778764604574059, 'hidden_size': 40, 'dropout': 0.26747197199815487, 'hidden_continuous_size': 9, 'attention_head_size': 3, 'learning_rate': 0.04253861475291381}. Best is trial 0 with value: 1607.8099365234375.
LOCAL_RANK: 0 - CUDA_VISIBLE_DEVICES: [0]
[I 2023-12-27 11:12:56,717] Trial 27 finished with value: 7803.53125 and parameters: {'gradient_clip_val': 0.31444034800923143, 'hidden_size': 26, 'dropout': 0.34446348523492665, 'hidden_continuous_size': 8, 'attention_head_size': 4, 'learning_rate': 0.02022419080376846}. Best is trial 0 with value: 1607.8099365234375.
LOCAL_RANK: 0 - CUDA_VISIBLE_DEVICES: [0]
[I 2023-12-27 11:12:57,207] Trial 28 finished with value: 7261.89794921875 and parameters: {'gradient_clip_val': 0.2256875003657122, 'hidden_size': 86, 'dropout': 0.3882276798930273, 'hidden_continuous_size': 20, 'attention_head_size': 3, 'learning_rate': 0.03387067927770819}. Best is trial 0 with value: 1607.8099365234375.
LOCAL_RANK: 0 - CUDA_VISIBLE_DEVICES: [0]
[I 2023-12-27 11:12:57,672] Trial 29 finished with value: 5872.65234375 and parameters: {'gradient_clip_val': 0.16335294481483872, 'hidden_size': 13, 'dropout': 0.4707060708841206, 'hidden_continuous_size': 7, 'attention_head_size': 2, 'learning_rate': 0.018598249158923344}. Best is trial 0 with value: 1607.8099365234375.
LOCAL_RANK: 0 - CUDA_VISIBLE_DEVICES: [0]
[I 2023-12-27 11:12:58,140] Trial 30 finished with value: 5675.31396484375 and parameters: {'gradient_clip_val': 0.39131076190983893, 'hidden_size': 8, 'dropout': 0.36858479735722727, 'hidden_continuous_size': 5, 'attention_head_size': 4, 'learning_rate': 0.010270082118522384}. Best is trial 0 with value: 1607.8099365234375.
LOCAL_RANK: 0 - CUDA_VISIBLE_DEVICES: [0]
[I 2023-12-27 11:12:58,614] Trial 31 finished with value: 6089.775390625 and parameters: {'gradient_clip_val': 0.11196045646681987, 'hidden_size': 21, 'dropout': 0.36513302862164604, 'hidden_continuous_size': 10, 'attention_head_size': 4, 'learning_rate': 0.015108662214711542}. Best is trial 0 with value: 1607.8099365234375.
LOCAL_RANK: 0 - CUDA_VISIBLE_DEVICES: [0]
[I 2023-12-27 11:12:59,100] Trial 32 finished with value: 4408.0048828125 and parameters: {'gradient_clip_val': 0.10154316495298932, 'hidden_size': 29, 'dropout': 0.4033499888287323, 'hidden_continuous_size': 13, 'attention_head_size': 4, 'learning_rate': 0.014868546035892044}. Best is trial 0 with value: 1607.8099365234375.
LOCAL_RANK: 0 - CUDA_VISIBLE_DEVICES: [0]
[I 2023-12-27 11:12:59,570] Trial 33 finished with value: 7493.1015625 and parameters: {'gradient_clip_val': 0.15840328548722754, 'hidden_size': 19, 'dropout': 0.4105454691077993, 'hidden_continuous_size': 11, 'attention_head_size': 3, 'learning_rate': 0.025265894148324357}. Best is trial 0 with value: 1607.8099365234375.
LOCAL_RANK: 0 - CUDA_VISIBLE_DEVICES: [0]
[I 2023-12-27 11:13:00,042] Trial 34 finished with value: 5118.87939453125 and parameters: {'gradient_clip_val': 0.20137722190146465, 'hidden_size': 14, 'dropout': 0.47718394619913373, 'hidden_continuous_size': 6, 'attention_head_size': 4, 'learning_rate': 0.009199796355027443}. Best is trial 0 with value: 1607.8099365234375.
LOCAL_RANK: 0 - CUDA_VISIBLE_DEVICES: [0]
[I 2023-12-27 11:13:00,480] Trial 35 finished with value: 7375.36181640625 and parameters: {'gradient_clip_val': 0.12780057039342266, 'hidden_size': 17, 'dropout': 0.39465668619291894, 'hidden_continuous_size': 8, 'attention_head_size': 3, 'learning_rate': 0.05304456726228617}. Best is trial 0 with value: 1607.8099365234375.
LOCAL_RANK: 0 - CUDA_VISIBLE_DEVICES: [0]
[I 2023-12-27 11:13:01,226] Trial 36 finished with value: 5791.98583984375 and parameters: {'gradient_clip_val': 0.11331304575710048, 'hidden_size': 30, 'dropout': 0.4243533186248899, 'hidden_continuous_size': 13, 'attention_head_size': 1, 'learning_rate': 0.016187822258167152}. Best is trial 0 with value: 1607.8099365234375.
LOCAL_RANK: 0 - CUDA_VISIBLE_DEVICES: [0]
[I 2023-12-27 11:13:01,738] Trial 37 finished with value: 5472.79296875 and parameters: {'gradient_clip_val': 0.14970506257663516, 'hidden_size': 109, 'dropout': 0.45893668539115196, 'hidden_continuous_size': 15, 'attention_head_size': 4, 'learning_rate': 0.09034518212296161}. Best is trial 0 with value: 1607.8099365234375.
LOCAL_RANK: 0 - CUDA_VISIBLE_DEVICES: [0]
[I 2023-12-27 11:13:02,234] Trial 38 finished with value: 5987.91552734375 and parameters: {'gradient_clip_val': 0.5267700509375417, 'hidden_size': 62, 'dropout': 0.3345514574647521, 'hidden_continuous_size': 18, 'attention_head_size': 3, 'learning_rate': 0.0005200383850964992}. Best is trial 0 with value: 1607.8099365234375.
LOCAL_RANK: 0 - CUDA_VISIBLE_DEVICES: [0]
[I 2023-12-27 11:13:02,712] Trial 39 finished with value: 4012.054443359375 and parameters: {'gradient_clip_val': 0.1744996104485152, 'hidden_size': 77, 'dropout': 0.4409684400330051, 'hidden_continuous_size': 14, 'attention_head_size': 2, 'learning_rate': 0.001955391975425147}. Best is trial 0 with value: 1607.8099365234375.
LOCAL_RANK: 0 - CUDA_VISIBLE_DEVICES: [0]
[I 2023-12-27 11:13:03,211] Trial 40 finished with value: 6791.140625 and parameters: {'gradient_clip_val': 0.180003650814607, 'hidden_size': 110, 'dropout': 0.47642741515199677, 'hidden_continuous_size': 26, 'attention_head_size': 2, 'learning_rate': 0.001404438640176194}. Best is trial 0 with value: 1607.8099365234375.
LOCAL_RANK: 0 - CUDA_VISIBLE_DEVICES: [0]
[I 2023-12-27 11:13:03,718] Trial 41 finished with value: 6433.51171875 and parameters: {'gradient_clip_val': 0.14143154840364494, 'hidden_size': 150, 'dropout': 0.4374155937219291, 'hidden_continuous_size': 14, 'attention_head_size': 2, 'learning_rate': 0.0008306624269003688}. Best is trial 0 with value: 1607.8099365234375.
LOCAL_RANK: 0 - CUDA_VISIBLE_DEVICES: [0]
[I 2023-12-27 11:13:04,201] Trial 42 finished with value: 6004.716796875 and parameters: {'gradient_clip_val': 0.13219045416790762, 'hidden_size': 72, 'dropout': 0.4067631224501319, 'hidden_continuous_size': 14, 'attention_head_size': 1, 'learning_rate': 0.0035434885422917705}. Best is trial 0 with value: 1607.8099365234375.
LOCAL_RANK: 0 - CUDA_VISIBLE_DEVICES: [0]
[I 2023-12-27 11:13:04,679] Trial 43 finished with value: 4882.44873046875 and parameters: {'gradient_clip_val': 0.268656354225855, 'hidden_size': 54, 'dropout': 0.45494171005698897, 'hidden_continuous_size': 13, 'attention_head_size': 2, 'learning_rate': 0.002301450076369227}. Best is trial 0 with value: 1607.8099365234375.
LOCAL_RANK: 0 - CUDA_VISIBLE_DEVICES: [0]
[I 2023-12-27 11:13:05,171] Trial 44 finished with value: 6392.38671875 and parameters: {'gradient_clip_val': 0.10107594578033191, 'hidden_size': 70, 'dropout': 0.484512191774127, 'hidden_continuous_size': 17, 'attention_head_size': 3, 'learning_rate': 0.01168825532212252}. Best is trial 0 with value: 1607.8099365234375.
LOCAL_RANK: 0 - CUDA_VISIBLE_DEVICES: [0]
[I 2023-12-27 11:13:05,640] Trial 45 finished with value: 5525.78662109375 and parameters: {'gradient_clip_val': 0.336317064510509, 'hidden_size': 18, 'dropout': 0.4407749456333249, 'hidden_continuous_size': 10, 'attention_head_size': 2, 'learning_rate': 0.0064388063147020206}. Best is trial 0 with value: 1607.8099365234375.
LOCAL_RANK: 0 - CUDA_VISIBLE_DEVICES: [0]
[I 2023-12-27 11:13:06,116] Trial 46 finished with value: 5078.6416015625 and parameters: {'gradient_clip_val': 0.21223896360314726, 'hidden_size': 15, 'dropout': 0.3837381741769608, 'hidden_continuous_size': 11, 'attention_head_size': 1, 'learning_rate': 0.0048783345105857375}. Best is trial 0 with value: 1607.8099365234375.
LOCAL_RANK: 0 - CUDA_VISIBLE_DEVICES: [0]
[I 2023-12-27 11:13:06,571] Trial 47 finished with value: 6980.953125 and parameters: {'gradient_clip_val': 0.11902929753231065, 'hidden_size': 28, 'dropout': 0.42074256221317846, 'hidden_continuous_size': 12, 'attention_head_size': 4, 'learning_rate': 0.012275025243724803}. Best is trial 0 with value: 1607.8099365234375.
LOCAL_RANK: 0 - CUDA_VISIBLE_DEVICES: [0]
[I 2023-12-27 11:13:07,074] Trial 48 finished with value: 5786.3203125 and parameters: {'gradient_clip_val': 0.15980263688371169, 'hidden_size': 97, 'dropout': 0.4973543159375664, 'hidden_continuous_size': 36, 'attention_head_size': 3, 'learning_rate': 0.007693862497587805}. Best is trial 0 with value: 1607.8099365234375.
LOCAL_RANK: 0 - CUDA_VISIBLE_DEVICES: [0]
[I 2023-12-27 11:13:07,574] Trial 49 finished with value: 4932.07177734375 and parameters: {'gradient_clip_val': 0.1881932594054564, 'hidden_size': 126, 'dropout': 0.4648293746359179, 'hidden_continuous_size': 19, 'attention_head_size': 2, 'learning_rate': 0.0025066625205296786}. Best is trial 0 with value: 1607.8099365234375.
[I 2023-12-27 11:13:07,698] A new study created in memory with name: no-name-c86a4736-a1c1-418b-bd23-e6e19ab23c5d
/home/le004/conda/anaconda3/envs/tsff_env/lib/python3.9/site-packages/lightning/fabric/plugins/environments/slurm.py:191: The `srun` command is available on your system but is not used. HINT: If your intention is to run Lightning on SLURM, prepend your python command with `srun` like so: srun python /home/le004/master_thesis/git/TSFusionForecast/code/ ...
LOCAL_RANK: 0 - CUDA_VISIBLE_DEVICES: [0]
[I 2023-12-27 11:13:33,447] Trial 0 finished with value: 4038.876220703125 and parameters: {'gradient_clip_val': 0.15307238552500144, 'hidden_size': 5, 'dropout': 0.48443035844698046, 'hidden_continuous_size': 5, 'attention_head_size': 1, 'learning_rate': 0.0018611928053575081}. Best is trial 0 with value: 4038.876220703125.
LOCAL_RANK: 0 - CUDA_VISIBLE_DEVICES: [0]
[I 2023-12-27 11:13:42,801] Trial 1 finished with value: 5639.79150390625 and parameters: {'gradient_clip_val': 0.7422907734178912, 'hidden_size': 9, 'dropout': 0.4334581871118651, 'hidden_continuous_size': 6, 'attention_head_size': 1, 'learning_rate': 0.0007724744293373986}. Best is trial 0 with value: 4038.876220703125.
LOCAL_RANK: 0 - CUDA_VISIBLE_DEVICES: [0]
[I 2023-12-27 11:13:43,264] Trial 2 finished with value: 7047.44482421875 and parameters: {'gradient_clip_val': 0.3700924374691924, 'hidden_size': 51, 'dropout': 0.2789106820341495, 'hidden_continuous_size': 16, 'attention_head_size': 1, 'learning_rate': 0.09781607910989207}. Best is trial 0 with value: 4038.876220703125.
LOCAL_RANK: 0 - CUDA_VISIBLE_DEVICES: [0]
[I 2023-12-27 11:13:43,713] Trial 3 finished with value: 8125.5078125 and parameters: {'gradient_clip_val': 0.13543264976437944, 'hidden_size': 16, 'dropout': 0.4188682829071658, 'hidden_continuous_size': 13, 'attention_head_size': 2, 'learning_rate': 0.000997036560053535}. Best is trial 0 with value: 4038.876220703125.
LOCAL_RANK: 0 - CUDA_VISIBLE_DEVICES: [0]
[I 2023-12-27 11:13:44,156] Trial 4 finished with value: 5840.33642578125 and parameters: {'gradient_clip_val': 0.2333364770134121, 'hidden_size': 7, 'dropout': 0.3520251136257073, 'hidden_continuous_size': 5, 'attention_head_size': 4, 'learning_rate': 0.003825270380349514}. Best is trial 0 with value: 4038.876220703125.
LOCAL_RANK: 0 - CUDA_VISIBLE_DEVICES: [0]
