[I 2023-12-27 10:58:54,540] Trial 46 finished with value: 281.9923400878906 and parameters: {'gradient_clip_val': 0.17611557515020354, 'hidden_size': 122, 'dropout': 0.4998783112448197, 'hidden_continuous_size': 7, 'attention_head_size': 2, 'learning_rate': 0.04481986595012553}. Best is trial 0 with value: 72.52188873291016.
LOCAL_RANK: 0 - CUDA_VISIBLE_DEVICES: [0]
[I 2023-12-27 10:58:55,119] Trial 47 finished with value: 327.3785400390625 and parameters: {'gradient_clip_val': 0.3857326965473702, 'hidden_size': 145, 'dropout': 0.26520305432262314, 'hidden_continuous_size': 9, 'attention_head_size': 4, 'learning_rate': 0.07084144812616264}. Best is trial 0 with value: 72.52188873291016.
LOCAL_RANK: 0 - CUDA_VISIBLE_DEVICES: [0]
[I 2023-12-27 10:58:55,644] Trial 48 finished with value: 447.2520751953125 and parameters: {'gradient_clip_val': 0.4808632881627696, 'hidden_size': 96, 'dropout': 0.3263346961681999, 'hidden_continuous_size': 18, 'attention_head_size': 3, 'learning_rate': 0.005449109395432488}. Best is trial 0 with value: 72.52188873291016.
LOCAL_RANK: 0 - CUDA_VISIBLE_DEVICES: [0]
[I 2023-12-27 10:58:56,165] Trial 49 finished with value: 259.9571228027344 and parameters: {'gradient_clip_val': 0.31976499650669166, 'hidden_size': 54, 'dropout': 0.2210468787400477, 'hidden_continuous_size': 16, 'attention_head_size': 2, 'learning_rate': 0.01598570802160149}. Best is trial 0 with value: 72.52188873291016.
[I 2023-12-27 10:58:56,297] A new study created in memory with name: no-name-0cbed1bb-de82-49cd-ad90-68a28f21a376
/home/le004/conda/anaconda3/envs/tsff_env/lib/python3.9/site-packages/lightning/fabric/plugins/environments/slurm.py:191: The `srun` command is available on your system but is not used. HINT: If your intention is to run Lightning on SLURM, prepend your python command with `srun` like so: srun python /home/le004/master_thesis/git/TSFusionForecast/code/ ...
LOCAL_RANK: 0 - CUDA_VISIBLE_DEVICES: [0]
[I 2023-12-27 10:59:25,532] Trial 0 finished with value: 23.808332443237305 and parameters: {'gradient_clip_val': 0.7004128852750852, 'hidden_size': 5, 'dropout': 0.40995111998832656, 'hidden_continuous_size': 5, 'attention_head_size': 1, 'learning_rate': 0.06871742582522612}. Best is trial 0 with value: 23.808332443237305.
LOCAL_RANK: 0 - CUDA_VISIBLE_DEVICES: [0]
[I 2023-12-27 10:59:26,033] Trial 1 finished with value: 46.687564849853516 and parameters: {'gradient_clip_val': 0.405696910958358, 'hidden_size': 19, 'dropout': 0.31229430531603053, 'hidden_continuous_size': 8, 'attention_head_size': 1, 'learning_rate': 0.0008250809568654034}. Best is trial 0 with value: 23.808332443237305.
LOCAL_RANK: 0 - CUDA_VISIBLE_DEVICES: [0]
[I 2023-12-27 10:59:26,547] Trial 2 finished with value: 49.95875549316406 and parameters: {'gradient_clip_val': 0.11486980185229535, 'hidden_size': 42, 'dropout': 0.32390863126162484, 'hidden_continuous_size': 14, 'attention_head_size': 2, 'learning_rate': 0.0005311142525988459}. Best is trial 0 with value: 23.808332443237305.
LOCAL_RANK: 0 - CUDA_VISIBLE_DEVICES: [0]
[I 2023-12-27 10:59:27,068] Trial 3 finished with value: 56.224735260009766 and parameters: {'gradient_clip_val': 0.6285242539017519, 'hidden_size': 26, 'dropout': 0.381159869324442, 'hidden_continuous_size': 7, 'attention_head_size': 4, 'learning_rate': 0.0024668551801305936}. Best is trial 0 with value: 23.808332443237305.
LOCAL_RANK: 0 - CUDA_VISIBLE_DEVICES: [0]
[I 2023-12-27 10:59:27,822] Trial 4 finished with value: 51.991607666015625 and parameters: {'gradient_clip_val': 0.785334878682487, 'hidden_size': 45, 'dropout': 0.28343229490451705, 'hidden_continuous_size': 8, 'attention_head_size': 1, 'learning_rate': 0.0023885251697041035}. Best is trial 0 with value: 23.808332443237305.
LOCAL_RANK: 0 - CUDA_VISIBLE_DEVICES: [0]
[I 2023-12-27 10:59:28,270] Trial 5 finished with value: 51.77638626098633 and parameters: {'gradient_clip_val': 0.24231688549101596, 'hidden_size': 14, 'dropout': 0.157816704055604, 'hidden_continuous_size': 14, 'attention_head_size': 3, 'learning_rate': 0.0015176950358610681}. Best is trial 0 with value: 23.808332443237305.
LOCAL_RANK: 0 - CUDA_VISIBLE_DEVICES: [0]
[I 2023-12-27 10:59:28,709] Trial 6 finished with value: 60.16416549682617 and parameters: {'gradient_clip_val': 0.1917687049545097, 'hidden_size': 5, 'dropout': 0.32900314926762064, 'hidden_continuous_size': 5, 'attention_head_size': 2, 'learning_rate': 0.0020280401877975276}. Best is trial 0 with value: 23.808332443237305.
LOCAL_RANK: 0 - CUDA_VISIBLE_DEVICES: [0]
[I 2023-12-27 10:59:29,202] Trial 7 finished with value: 53.69069290161133 and parameters: {'gradient_clip_val': 0.2683574362039345, 'hidden_size': 13, 'dropout': 0.14398875723110063, 'hidden_continuous_size': 11, 'attention_head_size': 3, 'learning_rate': 0.06364983299707315}. Best is trial 0 with value: 23.808332443237305.
LOCAL_RANK: 0 - CUDA_VISIBLE_DEVICES: [0]
[I 2023-12-27 10:59:29,625] Trial 8 finished with value: 51.951385498046875 and parameters: {'gradient_clip_val': 0.7224985238692545, 'hidden_size': 5, 'dropout': 0.275720553366331, 'hidden_continuous_size': 5, 'attention_head_size': 2, 'learning_rate': 0.0034409092888480746}. Best is trial 0 with value: 23.808332443237305.
LOCAL_RANK: 0 - CUDA_VISIBLE_DEVICES: [0]
[I 2023-12-27 10:59:30,129] Trial 9 finished with value: 59.21025466918945 and parameters: {'gradient_clip_val': 0.2647714718385677, 'hidden_size': 17, 'dropout': 0.13548462931787186, 'hidden_continuous_size': 11, 'attention_head_size': 3, 'learning_rate': 0.025492118925904028}. Best is trial 0 with value: 23.808332443237305.
LOCAL_RANK: 0 - CUDA_VISIBLE_DEVICES: [0]
[I 2023-12-27 10:59:30,683] Trial 10 finished with value: 46.2702522277832 and parameters: {'gradient_clip_val': 0.9619950430157983, 'hidden_size': 133, 'dropout': 0.4558115440977138, 'hidden_continuous_size': 38, 'attention_head_size': 1, 'learning_rate': 0.012040074538276595}. Best is trial 0 with value: 23.808332443237305.
LOCAL_RANK: 0 - CUDA_VISIBLE_DEVICES: [0]
[I 2023-12-27 10:59:31,279] Trial 11 finished with value: 68.2701644897461 and parameters: {'gradient_clip_val': 0.8480542260999683, 'hidden_size': 143, 'dropout': 0.48604893801921367, 'hidden_continuous_size': 45, 'attention_head_size': 1, 'learning_rate': 0.01281729526378495}. Best is trial 0 with value: 23.808332443237305.
LOCAL_RANK: 0 - CUDA_VISIBLE_DEVICES: [0]
[I 2023-12-27 10:59:31,833] Trial 12 finished with value: 70.24947357177734 and parameters: {'gradient_clip_val': 0.9244281246801112, 'hidden_size': 145, 'dropout': 0.47877494750171984, 'hidden_continuous_size': 30, 'attention_head_size': 1, 'learning_rate': 0.09148601384932907}. Best is trial 0 with value: 23.808332443237305.
LOCAL_RANK: 0 - CUDA_VISIBLE_DEVICES: [0]
[I 2023-12-27 10:59:32,402] Trial 13 finished with value: 52.68403244018555 and parameters: {'gradient_clip_val': 0.5121251479590476, 'hidden_size': 66, 'dropout': 0.4298866559929865, 'hidden_continuous_size': 21, 'attention_head_size': 1, 'learning_rate': 0.009942633250075932}. Best is trial 0 with value: 23.808332443237305.
LOCAL_RANK: 0 - CUDA_VISIBLE_DEVICES: [0]
[I 2023-12-27 10:59:32,938] Trial 14 finished with value: 48.79437255859375 and parameters: {'gradient_clip_val': 0.9521431202433319, 'hidden_size': 8, 'dropout': 0.4183114032823403, 'hidden_continuous_size': 5, 'attention_head_size': 2, 'learning_rate': 0.030918534263473015}. Best is trial 0 with value: 23.808332443237305.
LOCAL_RANK: 0 - CUDA_VISIBLE_DEVICES: [0]
[I 2023-12-27 10:59:33,495] Trial 15 finished with value: 58.71909713745117 and parameters: {'gradient_clip_val': 0.556386857683538, 'hidden_size': 9, 'dropout': 0.4995612664450438, 'hidden_continuous_size': 6, 'attention_head_size': 4, 'learning_rate': 0.005493685527809404}. Best is trial 0 with value: 23.808332443237305.
LOCAL_RANK: 0 - CUDA_VISIBLE_DEVICES: [0]
[I 2023-12-27 10:59:34,076] Trial 16 finished with value: 67.22842407226562 and parameters: {'gradient_clip_val': 0.4233107570696718, 'hidden_size': 82, 'dropout': 0.42604130867406687, 'hidden_continuous_size': 80, 'attention_head_size': 1, 'learning_rate': 0.01928307305515134}. Best is trial 0 with value: 23.808332443237305.
LOCAL_RANK: 0 - CUDA_VISIBLE_DEVICES: [0]
[I 2023-12-27 10:59:34,611] Trial 17 finished with value: 78.97319030761719 and parameters: {'gradient_clip_val': 0.9601407335393448, 'hidden_size': 26, 'dropout': 0.3772429984540958, 'hidden_continuous_size': 9, 'attention_head_size': 2, 'learning_rate': 0.04675414732731539}. Best is trial 0 with value: 23.808332443237305.
LOCAL_RANK: 0 - CUDA_VISIBLE_DEVICES: [0]
[I 2023-12-27 10:59:35,399] Trial 18 finished with value: 79.9030990600586 and parameters: {'gradient_clip_val': 0.6851289577768498, 'hidden_size': 44, 'dropout': 0.4593650526407395, 'hidden_continuous_size': 20, 'attention_head_size': 1, 'learning_rate': 0.09742066388773603}. Best is trial 0 with value: 23.808332443237305.
LOCAL_RANK: 0 - CUDA_VISIBLE_DEVICES: [0]
[I 2023-12-27 10:59:35,918] Trial 19 finished with value: 57.99049758911133 and parameters: {'gradient_clip_val': 0.6090051049470231, 'hidden_size': 9, 'dropout': 0.44995986447763126, 'hidden_continuous_size': 6, 'attention_head_size': 2, 'learning_rate': 0.043762223643930065}. Best is trial 0 with value: 23.808332443237305.
LOCAL_RANK: 0 - CUDA_VISIBLE_DEVICES: [0]
[I 2023-12-27 10:59:36,464] Trial 20 finished with value: 54.4945182800293 and parameters: {'gradient_clip_val': 0.7353255936511304, 'hidden_size': 88, 'dropout': 0.39140478858968075, 'hidden_continuous_size': 30, 'attention_head_size': 1, 'learning_rate': 0.015290317420328133}. Best is trial 0 with value: 23.808332443237305.
LOCAL_RANK: 0 - CUDA_VISIBLE_DEVICES: [0]
[I 2023-12-27 10:59:36,985] Trial 21 finished with value: 68.40459442138672 and parameters: {'gradient_clip_val': 0.4180454448106666, 'hidden_size': 21, 'dropout': 0.36207255041336617, 'hidden_continuous_size': 7, 'attention_head_size': 1, 'learning_rate': 0.0077606120158959565}. Best is trial 0 with value: 23.808332443237305.
LOCAL_RANK: 0 - CUDA_VISIBLE_DEVICES: [0]
[I 2023-12-27 10:59:37,520] Trial 22 finished with value: 60.20515441894531 and parameters: {'gradient_clip_val': 0.49382100924305256, 'hidden_size': 33, 'dropout': 0.4107385148932832, 'hidden_continuous_size': 9, 'attention_head_size': 1, 'learning_rate': 0.00559997251175294}. Best is trial 0 with value: 23.808332443237305.
LOCAL_RANK: 0 - CUDA_VISIBLE_DEVICES: [0]
[I 2023-12-27 10:59:38,033] Trial 23 finished with value: 60.45872116088867 and parameters: {'gradient_clip_val': 0.37384190063036243, 'hidden_size': 19, 'dropout': 0.4550569928445089, 'hidden_continuous_size': 6, 'attention_head_size': 1, 'learning_rate': 0.023542648997924787}. Best is trial 0 with value: 23.808332443237305.
LOCAL_RANK: 0 - CUDA_VISIBLE_DEVICES: [0]
[I 2023-12-27 10:59:38,548] Trial 24 finished with value: 59.990116119384766 and parameters: {'gradient_clip_val': 0.9960335365477386, 'hidden_size': 13, 'dropout': 0.3522464263369038, 'hidden_continuous_size': 5, 'attention_head_size': 2, 'learning_rate': 0.00901588479665187}. Best is trial 0 with value: 23.808332443237305.
LOCAL_RANK: 0 - CUDA_VISIBLE_DEVICES: [0]
[I 2023-12-27 10:59:39,094] Trial 25 finished with value: 64.26605987548828 and parameters: {'gradient_clip_val': 0.7787099652582076, 'hidden_size': 7, 'dropout': 0.25836103226972584, 'hidden_continuous_size': 5, 'attention_head_size': 1, 'learning_rate': 0.01589237211960673}. Best is trial 0 with value: 23.808332443237305.
LOCAL_RANK: 0 - CUDA_VISIBLE_DEVICES: [0]
[I 2023-12-27 10:59:39,621] Trial 26 finished with value: 58.54787063598633 and parameters: {'gradient_clip_val': 0.6021299393294497, 'hidden_size': 11, 'dropout': 0.40268680246004257, 'hidden_continuous_size': 6, 'attention_head_size': 2, 'learning_rate': 0.028838755960438337}. Best is trial 0 with value: 23.808332443237305.
LOCAL_RANK: 0 - CUDA_VISIBLE_DEVICES: [0]
[I 2023-12-27 10:59:40,142] Trial 27 finished with value: 55.8322868347168 and parameters: {'gradient_clip_val': 0.5105435472080994, 'hidden_size': 6, 'dropout': 0.4406255857975941, 'hidden_continuous_size': 5, 'attention_head_size': 1, 'learning_rate': 0.03900235851152975}. Best is trial 0 with value: 23.808332443237305.
LOCAL_RANK: 0 - CUDA_VISIBLE_DEVICES: [0]
[I 2023-12-27 10:59:40,649] Trial 28 finished with value: 59.33774185180664 and parameters: {'gradient_clip_val': 0.8234765409820247, 'hidden_size': 6, 'dropout': 0.4698948094743118, 'hidden_continuous_size': 5, 'attention_head_size': 3, 'learning_rate': 0.01159844186755215}. Best is trial 0 with value: 23.808332443237305.
LOCAL_RANK: 0 - CUDA_VISIBLE_DEVICES: [0]
[I 2023-12-27 10:59:41,158] Trial 29 finished with value: 55.608551025390625 and parameters: {'gradient_clip_val': 0.6328722910270286, 'hidden_size': 33, 'dropout': 0.3314452419690261, 'hidden_continuous_size': 13, 'attention_head_size': 2, 'learning_rate': 0.000840535929920663}. Best is trial 0 with value: 23.808332443237305.
LOCAL_RANK: 0 - CUDA_VISIBLE_DEVICES: [0]
[I 2023-12-27 10:59:41,617] Trial 30 finished with value: 58.05708694458008 and parameters: {'gradient_clip_val': 0.3436904558428127, 'hidden_size': 10, 'dropout': 0.3074158059657439, 'hidden_continuous_size': 6, 'attention_head_size': 1, 'learning_rate': 0.000787378598187826}. Best is trial 0 with value: 23.808332443237305.
LOCAL_RANK: 0 - CUDA_VISIBLE_DEVICES: [0]
[I 2023-12-27 10:59:42,296] Trial 31 finished with value: 49.442562103271484 and parameters: {'gradient_clip_val': 0.988681173494934, 'hidden_size': 8, 'dropout': 0.41882867219326536, 'hidden_continuous_size': 5, 'attention_head_size': 2, 'learning_rate': 0.031004114040681263}. Best is trial 0 with value: 23.808332443237305.
LOCAL_RANK: 0 - CUDA_VISIBLE_DEVICES: [0]
[I 2023-12-27 10:59:42,733] Trial 32 finished with value: 61.3045539855957 and parameters: {'gradient_clip_val': 0.8573213111587917, 'hidden_size': 7, 'dropout': 0.37875143054640786, 'hidden_continuous_size': 5, 'attention_head_size': 2, 'learning_rate': 0.019002661890095227}. Best is trial 0 with value: 23.808332443237305.
LOCAL_RANK: 0 - CUDA_VISIBLE_DEVICES: [0]
[I 2023-12-27 10:59:43,182] Trial 33 finished with value: 58.98383712768555 and parameters: {'gradient_clip_val': 0.6916048400237974, 'hidden_size': 11, 'dropout': 0.4017972636492132, 'hidden_continuous_size': 7, 'attention_head_size': 4, 'learning_rate': 0.0589053030808686}. Best is trial 0 with value: 23.808332443237305.
LOCAL_RANK: 0 - CUDA_VISIBLE_DEVICES: [0]
[I 2023-12-27 10:59:43,639] Trial 34 finished with value: 60.50519943237305 and parameters: {'gradient_clip_val': 0.8332391068258816, 'hidden_size': 18, 'dropout': 0.43684258054542635, 'hidden_continuous_size': 8, 'attention_head_size': 1, 'learning_rate': 0.031980340097090325}. Best is trial 0 with value: 23.808332443237305.
LOCAL_RANK: 0 - CUDA_VISIBLE_DEVICES: [0]
[I 2023-12-27 10:59:44,095] Trial 35 finished with value: 59.60984420776367 and parameters: {'gradient_clip_val': 0.7226317974969525, 'hidden_size': 15, 'dropout': 0.34963987843760197, 'hidden_continuous_size': 7, 'attention_head_size': 1, 'learning_rate': 0.003640412577804003}. Best is trial 0 with value: 23.808332443237305.
LOCAL_RANK: 0 - CUDA_VISIBLE_DEVICES: [0]
[I 2023-12-27 10:59:44,480] Trial 36 finished with value: 51.599910736083984 and parameters: {'gradient_clip_val': 0.8760749547832499, 'hidden_size': 5, 'dropout': 0.4652398029954949, 'hidden_continuous_size': 5, 'attention_head_size': 2, 'learning_rate': 0.0011989229554857672}. Best is trial 0 with value: 23.808332443237305.
LOCAL_RANK: 0 - CUDA_VISIBLE_DEVICES: [0]
[I 2023-12-27 10:59:44,914] Trial 37 finished with value: 57.42538070678711 and parameters: {'gradient_clip_val': 0.6644689335857721, 'hidden_size': 13, 'dropout': 0.49908414471011964, 'hidden_continuous_size': 6, 'attention_head_size': 3, 'learning_rate': 0.0005820614783020788}. Best is trial 0 with value: 23.808332443237305.
LOCAL_RANK: 0 - CUDA_VISIBLE_DEVICES: [0]
[I 2023-12-27 10:59:45,377] Trial 38 finished with value: 54.80197525024414 and parameters: {'gradient_clip_val': 0.7566060383892562, 'hidden_size': 24, 'dropout': 0.41512477876493736, 'hidden_continuous_size': 10, 'attention_head_size': 1, 'learning_rate': 0.002015441014490979}. Best is trial 0 with value: 23.808332443237305.
LOCAL_RANK: 0 - CUDA_VISIBLE_DEVICES: [0]
[I 2023-12-27 10:59:45,846] Trial 39 finished with value: 59.07158279418945 and parameters: {'gradient_clip_val': 0.9908897708713605, 'hidden_size': 31, 'dropout': 0.38740911420261354, 'hidden_continuous_size': 8, 'attention_head_size': 2, 'learning_rate': 0.06843962961095665}. Best is trial 0 with value: 23.808332443237305.
LOCAL_RANK: 0 - CUDA_VISIBLE_DEVICES: [0]
[I 2023-12-27 10:59:46,315] Trial 40 finished with value: 45.7352294921875 and parameters: {'gradient_clip_val': 0.5712262958386847, 'hidden_size': 16, 'dropout': 0.4426353349061773, 'hidden_continuous_size': 7, 'attention_head_size': 3, 'learning_rate': 0.021754224098240085}. Best is trial 0 with value: 23.808332443237305.
LOCAL_RANK: 0 - CUDA_VISIBLE_DEVICES: [0]
[I 2023-12-27 10:59:46,761] Trial 41 finished with value: 52.6457633972168 and parameters: {'gradient_clip_val': 0.7853790339125822, 'hidden_size': 16, 'dropout': 0.4512363238634493, 'hidden_continuous_size': 8, 'attention_head_size': 3, 'learning_rate': 0.022946070014497333}. Best is trial 0 with value: 23.808332443237305.
LOCAL_RANK: 0 - CUDA_VISIBLE_DEVICES: [0]
[I 2023-12-27 10:59:47,205] Trial 42 finished with value: 43.949520111083984 and parameters: {'gradient_clip_val': 0.6136733082502219, 'hidden_size': 21, 'dropout': 0.43359525192868487, 'hidden_continuous_size': 7, 'attention_head_size': 3, 'learning_rate': 0.014161846485340347}. Best is trial 0 with value: 23.808332443237305.
LOCAL_RANK: 0 - CUDA_VISIBLE_DEVICES: [0]
[I 2023-12-27 10:59:47,665] Trial 43 finished with value: 46.034423828125 and parameters: {'gradient_clip_val': 0.5921578906743616, 'hidden_size': 20, 'dropout': 0.4734300591563445, 'hidden_continuous_size': 9, 'attention_head_size': 3, 'learning_rate': 0.010423180193624797}. Best is trial 0 with value: 23.808332443237305.
LOCAL_RANK: 0 - CUDA_VISIBLE_DEVICES: [0]
[I 2023-12-27 10:59:48,136] Trial 44 finished with value: 57.28971862792969 and parameters: {'gradient_clip_val': 0.584486225087237, 'hidden_size': 23, 'dropout': 0.47939730860170965, 'hidden_continuous_size': 9, 'attention_head_size': 3, 'learning_rate': 0.012702065629755661}. Best is trial 0 with value: 23.808332443237305.
LOCAL_RANK: 0 - CUDA_VISIBLE_DEVICES: [0]
[I 2023-12-27 10:59:48,836] Trial 45 finished with value: 47.685760498046875 and parameters: {'gradient_clip_val': 0.4697944515579227, 'hidden_size': 20, 'dropout': 0.43769683026922324, 'hidden_continuous_size': 10, 'attention_head_size': 3, 'learning_rate': 0.010261699921219085}. Best is trial 0 with value: 23.808332443237305.
LOCAL_RANK: 0 - CUDA_VISIBLE_DEVICES: [0]
[I 2023-12-27 10:59:49,282] Trial 46 finished with value: 53.341583251953125 and parameters: {'gradient_clip_val': 0.5456125868718119, 'hidden_size': 17, 'dropout': 0.4848106880165851, 'hidden_continuous_size': 7, 'attention_head_size': 4, 'learning_rate': 0.016146246703442543}. Best is trial 0 with value: 23.808332443237305.
LOCAL_RANK: 0 - CUDA_VISIBLE_DEVICES: [0]
[I 2023-12-27 10:59:49,727] Trial 47 finished with value: 47.009281158447266 and parameters: {'gradient_clip_val': 0.6594197794038105, 'hidden_size': 15, 'dropout': 0.47002355631163456, 'hidden_continuous_size': 7, 'attention_head_size': 3, 'learning_rate': 0.006689209016271474}. Best is trial 0 with value: 23.808332443237305.
LOCAL_RANK: 0 - CUDA_VISIBLE_DEVICES: [0]
[I 2023-12-27 10:59:50,211] Trial 48 finished with value: 50.949832916259766 and parameters: {'gradient_clip_val': 0.4541308178812725, 'hidden_size': 29, 'dropout': 0.4327550539369325, 'hidden_continuous_size': 12, 'attention_head_size': 3, 'learning_rate': 0.012237607844062364}. Best is trial 0 with value: 23.808332443237305.
LOCAL_RANK: 0 - CUDA_VISIBLE_DEVICES: [0]
[I 2023-12-27 10:59:50,685] Trial 49 finished with value: 66.3292236328125 and parameters: {'gradient_clip_val': 0.5513425420779422, 'hidden_size': 52, 'dropout': 0.4518487107592812, 'hidden_continuous_size': 14, 'attention_head_size': 4, 'learning_rate': 0.02089075805863858}. Best is trial 0 with value: 23.808332443237305.
[I 2023-12-27 10:59:50,818] A new study created in memory with name: no-name-12259652-6fec-4d58-ae74-99d99aea833e
/home/le004/conda/anaconda3/envs/tsff_env/lib/python3.9/site-packages/lightning/fabric/plugins/environments/slurm.py:191: The `srun` command is available on your system but is not used. HINT: If your intention is to run Lightning on SLURM, prepend your python command with `srun` like so: srun python /home/le004/master_thesis/git/TSFusionForecast/code/ ...
LOCAL_RANK: 0 - CUDA_VISIBLE_DEVICES: [0]
[I 2023-12-27 11:00:19,393] Trial 0 finished with value: 6.402492046356201 and parameters: {'gradient_clip_val': 0.20161810927992113, 'hidden_size': 18, 'dropout': 0.10156313437356146, 'hidden_continuous_size': 5, 'attention_head_size': 4, 'learning_rate': 0.0013565946828964228}. Best is trial 0 with value: 6.402492046356201.
LOCAL_RANK: 0 - CUDA_VISIBLE_DEVICES: [0]
[I 2023-12-27 11:00:29,109] Trial 1 finished with value: 14.334183692932129 and parameters: {'gradient_clip_val': 0.27906967410210476, 'hidden_size': 45, 'dropout': 0.15114293672436496, 'hidden_continuous_size': 13, 'attention_head_size': 1, 'learning_rate': 0.0010057226719480752}. Best is trial 0 with value: 6.402492046356201.
LOCAL_RANK: 0 - CUDA_VISIBLE_DEVICES: [0]
[I 2023-12-27 11:00:29,525] Trial 2 finished with value: 24.08123016357422 and parameters: {'gradient_clip_val': 0.10467426549687125, 'hidden_size': 14, 'dropout': 0.2581514788992292, 'hidden_continuous_size': 7, 'attention_head_size': 4, 'learning_rate': 0.0006932201805717422}. Best is trial 0 with value: 6.402492046356201.
LOCAL_RANK: 0 - CUDA_VISIBLE_DEVICES: [0]
