[I 2023-12-27 11:27:55,979] Trial 49 finished with value: 103.42822265625 and parameters: {'gradient_clip_val': 0.11040496003823785, 'hidden_size': 11, 'dropout': 0.445591398921165, 'hidden_continuous_size': 6, 'attention_head_size': 3, 'learning_rate': 0.001532438919541987}. Best is trial 0 with value: 71.97489929199219.
[I 2023-12-27 11:27:56,112] A new study created in memory with name: no-name-ef5e3128-9677-4823-9e68-c77b604b718a
/home/le004/conda/anaconda3/envs/tsff_env/lib/python3.9/site-packages/lightning/fabric/plugins/environments/slurm.py:191: The `srun` command is available on your system but is not used. HINT: If your intention is to run Lightning on SLURM, prepend your python command with `srun` like so: srun python /home/le004/master_thesis/git/TSFusionForecast/code/ ...
LOCAL_RANK: 0 - CUDA_VISIBLE_DEVICES: [0]
[I 2023-12-27 11:28:27,432] Trial 0 finished with value: 33.92888259887695 and parameters: {'gradient_clip_val': 0.47300635208467, 'hidden_size': 10, 'dropout': 0.37293557675114875, 'hidden_continuous_size': 8, 'attention_head_size': 2, 'learning_rate': 0.013047161198665046}. Best is trial 0 with value: 33.92888259887695.
LOCAL_RANK: 0 - CUDA_VISIBLE_DEVICES: [0]
[I 2023-12-27 11:28:29,942] Trial 1 finished with value: 81.05443572998047 and parameters: {'gradient_clip_val': 0.27377920398211975, 'hidden_size': 68, 'dropout': 0.4015949044210625, 'hidden_continuous_size': 6, 'attention_head_size': 4, 'learning_rate': 0.0005354472118435798}. Best is trial 0 with value: 33.92888259887695.
LOCAL_RANK: 0 - CUDA_VISIBLE_DEVICES: [0]
[I 2023-12-27 11:28:30,397] Trial 2 finished with value: 82.97945404052734 and parameters: {'gradient_clip_val': 0.21579175009799223, 'hidden_size': 52, 'dropout': 0.19519530924761785, 'hidden_continuous_size': 31, 'attention_head_size': 4, 'learning_rate': 0.07812252953920434}. Best is trial 0 with value: 33.92888259887695.
LOCAL_RANK: 0 - CUDA_VISIBLE_DEVICES: [0]
[I 2023-12-27 11:28:30,850] Trial 3 finished with value: 93.7288818359375 and parameters: {'gradient_clip_val': 0.849754008163766, 'hidden_size': 40, 'dropout': 0.4828248868883298, 'hidden_continuous_size': 37, 'attention_head_size': 4, 'learning_rate': 0.013765940524889534}. Best is trial 0 with value: 33.92888259887695.
LOCAL_RANK: 0 - CUDA_VISIBLE_DEVICES: [0]
[I 2023-12-27 11:28:31,270] Trial 4 finished with value: 56.31520462036133 and parameters: {'gradient_clip_val': 0.18692011644338602, 'hidden_size': 9, 'dropout': 0.48623830614854513, 'hidden_continuous_size': 7, 'attention_head_size': 4, 'learning_rate': 0.08720233249844445}. Best is trial 0 with value: 33.92888259887695.
LOCAL_RANK: 0 - CUDA_VISIBLE_DEVICES: [0]
[I 2023-12-27 11:28:31,695] Trial 5 finished with value: 84.15509796142578 and parameters: {'gradient_clip_val': 0.23035613459612042, 'hidden_size': 25, 'dropout': 0.44403259709990317, 'hidden_continuous_size': 21, 'attention_head_size': 4, 'learning_rate': 0.0035069073331725716}. Best is trial 0 with value: 33.92888259887695.
LOCAL_RANK: 0 - CUDA_VISIBLE_DEVICES: [0]
[I 2023-12-27 11:28:32,138] Trial 6 finished with value: 91.619873046875 and parameters: {'gradient_clip_val': 0.442017447770863, 'hidden_size': 39, 'dropout': 0.43924249831023554, 'hidden_continuous_size': 5, 'attention_head_size': 1, 'learning_rate': 0.005712914079838977}. Best is trial 0 with value: 33.92888259887695.
LOCAL_RANK: 0 - CUDA_VISIBLE_DEVICES: [0]
[I 2023-12-27 11:28:32,543] Trial 7 finished with value: 85.5110092163086 and parameters: {'gradient_clip_val': 0.7965431986298628, 'hidden_size': 8, 'dropout': 0.11469956203417056, 'hidden_continuous_size': 5, 'attention_head_size': 1, 'learning_rate': 0.0014988370621428786}. Best is trial 0 with value: 33.92888259887695.
LOCAL_RANK: 0 - CUDA_VISIBLE_DEVICES: [0]
[I 2023-12-27 11:28:32,999] Trial 8 finished with value: 79.5051040649414 and parameters: {'gradient_clip_val': 0.3482863102022066, 'hidden_size': 86, 'dropout': 0.4159581849806664, 'hidden_continuous_size': 12, 'attention_head_size': 2, 'learning_rate': 0.0025969445748616708}. Best is trial 0 with value: 33.92888259887695.
LOCAL_RANK: 0 - CUDA_VISIBLE_DEVICES: [0]
[I 2023-12-27 11:28:33,458] Trial 9 finished with value: 93.51498413085938 and parameters: {'gradient_clip_val': 0.33472150680235585, 'hidden_size': 24, 'dropout': 0.11794830055828145, 'hidden_continuous_size': 23, 'attention_head_size': 3, 'learning_rate': 0.017700850635072797}. Best is trial 0 with value: 33.92888259887695.
LOCAL_RANK: 0 - CUDA_VISIBLE_DEVICES: [0]
[I 2023-12-27 11:28:33,864] Trial 10 finished with value: 71.53549194335938 and parameters: {'gradient_clip_val': 0.10625398664767974, 'hidden_size': 5, 'dropout': 0.329100338304214, 'hidden_continuous_size': 5, 'attention_head_size': 2, 'learning_rate': 0.01995852578181624}. Best is trial 0 with value: 33.92888259887695.
LOCAL_RANK: 0 - CUDA_VISIBLE_DEVICES: [0]
[I 2023-12-27 11:28:34,297] Trial 11 finished with value: 96.53601837158203 and parameters: {'gradient_clip_val': 0.1491612829939971, 'hidden_size': 12, 'dropout': 0.49535717745027424, 'hidden_continuous_size': 7, 'attention_head_size': 3, 'learning_rate': 0.0951101579084467}. Best is trial 0 with value: 33.92888259887695.
LOCAL_RANK: 0 - CUDA_VISIBLE_DEVICES: [0]
[I 2023-12-27 11:28:34,736] Trial 12 finished with value: 63.26679611206055 and parameters: {'gradient_clip_val': 0.490377359104205, 'hidden_size': 13, 'dropout': 0.3437013015418926, 'hidden_continuous_size': 8, 'attention_head_size': 2, 'learning_rate': 0.03961942760216542}. Best is trial 0 with value: 33.92888259887695.
LOCAL_RANK: 0 - CUDA_VISIBLE_DEVICES: [0]
[I 2023-12-27 11:28:35,420] Trial 13 finished with value: 91.6543960571289 and parameters: {'gradient_clip_val': 0.16499831661374556, 'hidden_size': 7, 'dropout': 0.3681716155096201, 'hidden_continuous_size': 6, 'attention_head_size': 3, 'learning_rate': 0.04138206469079396}. Best is trial 0 with value: 33.92888259887695.
LOCAL_RANK: 0 - CUDA_VISIBLE_DEVICES: [0]
[I 2023-12-27 11:28:35,872] Trial 14 finished with value: 79.49370574951172 and parameters: {'gradient_clip_val': 0.6037788683156072, 'hidden_size': 16, 'dropout': 0.2690652148725159, 'hidden_continuous_size': 9, 'attention_head_size': 2, 'learning_rate': 0.008492269720229704}. Best is trial 0 with value: 33.92888259887695.
LOCAL_RANK: 0 - CUDA_VISIBLE_DEVICES: [0]
[I 2023-12-27 11:28:36,288] Trial 15 finished with value: 60.8734016418457 and parameters: {'gradient_clip_val': 0.44020667083909604, 'hidden_size': 5, 'dropout': 0.385789422222205, 'hidden_continuous_size': 5, 'attention_head_size': 3, 'learning_rate': 0.037986363112855505}. Best is trial 0 with value: 33.92888259887695.
LOCAL_RANK: 0 - CUDA_VISIBLE_DEVICES: [0]
[I 2023-12-27 11:28:36,737] Trial 16 finished with value: 63.7856559753418 and parameters: {'gradient_clip_val': 0.6158367585044277, 'hidden_size': 9, 'dropout': 0.29912839247966644, 'hidden_continuous_size': 7, 'attention_head_size': 1, 'learning_rate': 0.009197909882106831}. Best is trial 0 with value: 33.92888259887695.
LOCAL_RANK: 0 - CUDA_VISIBLE_DEVICES: [0]
[I 2023-12-27 11:28:37,225] Trial 17 finished with value: 95.50711822509766 and parameters: {'gradient_clip_val': 0.9659349595333933, 'hidden_size': 16, 'dropout': 0.45289229547813614, 'hidden_continuous_size': 9, 'attention_head_size': 3, 'learning_rate': 0.02560311626539592}. Best is trial 0 with value: 33.92888259887695.
LOCAL_RANK: 0 - CUDA_VISIBLE_DEVICES: [0]
[I 2023-12-27 11:28:37,669] Trial 18 finished with value: 73.6529312133789 and parameters: {'gradient_clip_val': 0.2902736403118733, 'hidden_size': 9, 'dropout': 0.488093127940779, 'hidden_continuous_size': 6, 'attention_head_size': 2, 'learning_rate': 0.07755945176436087}. Best is trial 0 with value: 33.92888259887695.
LOCAL_RANK: 0 - CUDA_VISIBLE_DEVICES: [0]
[I 2023-12-27 11:28:38,201] Trial 19 finished with value: 74.81768035888672 and parameters: {'gradient_clip_val': 0.19229147029498483, 'hidden_size': 114, 'dropout': 0.4038931087206381, 'hidden_continuous_size': 102, 'attention_head_size': 1, 'learning_rate': 0.011742145236760709}. Best is trial 0 with value: 33.92888259887695.
LOCAL_RANK: 0 - CUDA_VISIBLE_DEVICES: [0]
[I 2023-12-27 11:28:38,686] Trial 20 finished with value: 86.98541259765625 and parameters: {'gradient_clip_val': 0.13281168507805163, 'hidden_size': 19, 'dropout': 0.3747422592014909, 'hidden_continuous_size': 7, 'attention_head_size': 4, 'learning_rate': 0.027765751687764365}. Best is trial 0 with value: 33.92888259887695.
LOCAL_RANK: 0 - CUDA_VISIBLE_DEVICES: [0]
[I 2023-12-27 11:28:39,094] Trial 21 finished with value: 85.08656311035156 and parameters: {'gradient_clip_val': 0.39352420459100934, 'hidden_size': 5, 'dropout': 0.38080364101580555, 'hidden_continuous_size': 5, 'attention_head_size': 3, 'learning_rate': 0.048876660690874846}. Best is trial 0 with value: 33.92888259887695.
LOCAL_RANK: 0 - CUDA_VISIBLE_DEVICES: [0]
[I 2023-12-27 11:28:39,582] Trial 22 finished with value: 95.0827407836914 and parameters: {'gradient_clip_val': 0.27129938348528687, 'hidden_size': 6, 'dropout': 0.4510300360746943, 'hidden_continuous_size': 5, 'attention_head_size': 3, 'learning_rate': 0.036114762302684164}. Best is trial 0 with value: 33.92888259887695.
LOCAL_RANK: 0 - CUDA_VISIBLE_DEVICES: [0]
[I 2023-12-27 11:28:39,998] Trial 23 finished with value: 82.08992767333984 and parameters: {'gradient_clip_val': 0.39754638571427586, 'hidden_size': 5, 'dropout': 0.34241477893798444, 'hidden_continuous_size': 5, 'attention_head_size': 2, 'learning_rate': 0.04719333130849133}. Best is trial 0 with value: 33.92888259887695.
LOCAL_RANK: 0 - CUDA_VISIBLE_DEVICES: [0]
[I 2023-12-27 11:28:40,479] Trial 24 finished with value: 88.7901382446289 and parameters: {'gradient_clip_val': 0.5167415686790612, 'hidden_size': 11, 'dropout': 0.41647540464092775, 'hidden_continuous_size': 6, 'attention_head_size': 4, 'learning_rate': 0.05886208072982243}. Best is trial 0 with value: 33.92888259887695.
LOCAL_RANK: 0 - CUDA_VISIBLE_DEVICES: [0]
[I 2023-12-27 11:28:40,931] Trial 25 finished with value: 82.38951873779297 and parameters: {'gradient_clip_val': 0.3348769357982638, 'hidden_size': 8, 'dropout': 0.46477515703684513, 'hidden_continuous_size': 5, 'attention_head_size': 3, 'learning_rate': 0.02506776533387605}. Best is trial 0 with value: 33.92888259887695.
LOCAL_RANK: 0 - CUDA_VISIBLE_DEVICES: [0]
[I 2023-12-27 11:28:41,711] Trial 26 finished with value: 95.62615966796875 and parameters: {'gradient_clip_val': 0.2521368170888366, 'hidden_size': 6, 'dropout': 0.4257355583006693, 'hidden_continuous_size': 5, 'attention_head_size': 2, 'learning_rate': 0.06590740477493143}. Best is trial 0 with value: 33.92888259887695.
LOCAL_RANK: 0 - CUDA_VISIBLE_DEVICES: [0]
[I 2023-12-27 11:28:42,227] Trial 27 finished with value: 71.35299682617188 and parameters: {'gradient_clip_val': 0.1955840427292718, 'hidden_size': 11, 'dropout': 0.48014277711451203, 'hidden_continuous_size': 6, 'attention_head_size': 3, 'learning_rate': 0.03241929756999173}. Best is trial 0 with value: 33.92888259887695.
LOCAL_RANK: 0 - CUDA_VISIBLE_DEVICES: [0]
[I 2023-12-27 11:28:42,746] Trial 28 finished with value: 92.10250854492188 and parameters: {'gradient_clip_val': 0.30409064348845327, 'hidden_size': 7, 'dropout': 0.3933908833507901, 'hidden_continuous_size': 5, 'attention_head_size': 4, 'learning_rate': 0.017199048036349522}. Best is trial 0 with value: 33.92888259887695.
LOCAL_RANK: 0 - CUDA_VISIBLE_DEVICES: [0]
[I 2023-12-27 11:28:43,270] Trial 29 finished with value: 75.923095703125 and parameters: {'gradient_clip_val': 0.26962141073324614, 'hidden_size': 10, 'dropout': 0.40352186354378505, 'hidden_continuous_size': 6, 'attention_head_size': 4, 'learning_rate': 0.09568223430207141}. Best is trial 0 with value: 33.92888259887695.
LOCAL_RANK: 0 - CUDA_VISIBLE_DEVICES: [0]
[I 2023-12-27 11:28:43,792] Trial 30 finished with value: 79.10572052001953 and parameters: {'gradient_clip_val': 0.38716315463280154, 'hidden_size': 14, 'dropout': 0.4975125813929759, 'hidden_continuous_size': 7, 'attention_head_size': 3, 'learning_rate': 0.0650105976151153}. Best is trial 0 with value: 33.92888259887695.
LOCAL_RANK: 0 - CUDA_VISIBLE_DEVICES: [0]
[I 2023-12-27 11:28:44,309] Trial 31 finished with value: 79.16917419433594 and parameters: {'gradient_clip_val': 0.46557249526032907, 'hidden_size': 13, 'dropout': 0.3539516674849225, 'hidden_continuous_size': 8, 'attention_head_size': 2, 'learning_rate': 0.046396803466078516}. Best is trial 0 with value: 33.92888259887695.
LOCAL_RANK: 0 - CUDA_VISIBLE_DEVICES: [0]
[I 2023-12-27 11:28:44,816] Trial 32 finished with value: 88.9361801147461 and parameters: {'gradient_clip_val': 0.4766311980567045, 'hidden_size': 10, 'dropout': 0.3220685511178813, 'hidden_continuous_size': 7, 'attention_head_size': 2, 'learning_rate': 0.03933420455971506}. Best is trial 0 with value: 33.92888259887695.
LOCAL_RANK: 0 - CUDA_VISIBLE_DEVICES: [0]
[I 2023-12-27 11:28:45,322] Trial 33 finished with value: 79.7313003540039 and parameters: {'gradient_clip_val': 0.5141324911718728, 'hidden_size': 7, 'dropout': 0.36164486270293145, 'hidden_continuous_size': 5, 'attention_head_size': 2, 'learning_rate': 0.060426982237844755}. Best is trial 0 with value: 33.92888259887695.
LOCAL_RANK: 0 - CUDA_VISIBLE_DEVICES: [0]
[I 2023-12-27 11:28:45,851] Trial 34 finished with value: 106.47900390625 and parameters: {'gradient_clip_val': 0.573121447939863, 'hidden_size': 19, 'dropout': 0.3001410841190275, 'hidden_continuous_size': 8, 'attention_head_size': 2, 'learning_rate': 0.028554268311692457}. Best is trial 0 with value: 33.92888259887695.
LOCAL_RANK: 0 - CUDA_VISIBLE_DEVICES: [0]
[I 2023-12-27 11:28:46,381] Trial 35 finished with value: 85.7961196899414 and parameters: {'gradient_clip_val': 0.6718979687219332, 'hidden_size': 13, 'dropout': 0.38323904877475323, 'hidden_continuous_size': 8, 'attention_head_size': 4, 'learning_rate': 0.013603699313448648}. Best is trial 0 with value: 33.92888259887695.
LOCAL_RANK: 0 - CUDA_VISIBLE_DEVICES: [0]
[I 2023-12-27 11:28:46,887] Trial 36 finished with value: 78.5490951538086 and parameters: {'gradient_clip_val': 0.4097289007366488, 'hidden_size': 9, 'dropout': 0.4454886535848913, 'hidden_continuous_size': 6, 'attention_head_size': 1, 'learning_rate': 0.07972794946888691}. Best is trial 0 with value: 33.92888259887695.
LOCAL_RANK: 0 - CUDA_VISIBLE_DEVICES: [0]
[I 2023-12-27 11:28:47,423] Trial 37 finished with value: 71.44790649414062 and parameters: {'gradient_clip_val': 0.2314924436757704, 'hidden_size': 6, 'dropout': 0.41936637564536133, 'hidden_continuous_size': 5, 'attention_head_size': 4, 'learning_rate': 0.021084886861983756}. Best is trial 0 with value: 33.92888259887695.
LOCAL_RANK: 0 - CUDA_VISIBLE_DEVICES: [0]
[I 2023-12-27 11:28:47,938] Trial 38 finished with value: 75.86921691894531 and parameters: {'gradient_clip_val': 0.35719344232992783, 'hidden_size': 8, 'dropout': 0.46365753437079543, 'hidden_continuous_size': 6, 'attention_head_size': 2, 'learning_rate': 0.040229071694165855}. Best is trial 0 with value: 33.92888259887695.
LOCAL_RANK: 0 - CUDA_VISIBLE_DEVICES: [0]
[I 2023-12-27 11:28:48,713] Trial 39 finished with value: 76.47579193115234 and parameters: {'gradient_clip_val': 0.43052143647640884, 'hidden_size': 28, 'dropout': 0.3465641127597675, 'hidden_continuous_size': 11, 'attention_head_size': 1, 'learning_rate': 0.006131531148341762}. Best is trial 0 with value: 33.92888259887695.
LOCAL_RANK: 0 - CUDA_VISIBLE_DEVICES: [0]
[I 2023-12-27 11:28:49,147] Trial 40 finished with value: 61.0495719909668 and parameters: {'gradient_clip_val': 0.694286845251993, 'hidden_size': 11, 'dropout': 0.43186015780190723, 'hidden_continuous_size': 8, 'attention_head_size': 2, 'learning_rate': 0.09952178356282437}. Best is trial 0 with value: 33.92888259887695.
LOCAL_RANK: 0 - CUDA_VISIBLE_DEVICES: [0]
[I 2023-12-27 11:28:49,584] Trial 41 finished with value: 76.3280258178711 and parameters: {'gradient_clip_val': 0.7821116923215589, 'hidden_size': 11, 'dropout': 0.4301448198793483, 'hidden_continuous_size': 8, 'attention_head_size': 2, 'learning_rate': 0.08352600177722962}. Best is trial 0 with value: 33.92888259887695.
LOCAL_RANK: 0 - CUDA_VISIBLE_DEVICES: [0]
[I 2023-12-27 11:28:50,027] Trial 42 finished with value: 68.24029541015625 and parameters: {'gradient_clip_val': 0.7085779901662332, 'hidden_size': 15, 'dropout': 0.3920116773245919, 'hidden_continuous_size': 9, 'attention_head_size': 2, 'learning_rate': 0.09991562899151231}. Best is trial 0 with value: 33.92888259887695.
LOCAL_RANK: 0 - CUDA_VISIBLE_DEVICES: [0]
[I 2023-12-27 11:28:50,460] Trial 43 finished with value: 77.30237579345703 and parameters: {'gradient_clip_val': 0.5107081241712702, 'hidden_size': 12, 'dropout': 0.4284243883530218, 'hidden_continuous_size': 8, 'attention_head_size': 2, 'learning_rate': 0.054039920548095415}. Best is trial 0 with value: 33.92888259887695.
LOCAL_RANK: 0 - CUDA_VISIBLE_DEVICES: [0]
[I 2023-12-27 11:28:50,912] Trial 44 finished with value: 88.3121337890625 and parameters: {'gradient_clip_val': 0.47657807973187377, 'hidden_size': 8, 'dropout': 0.4689270999914022, 'hidden_continuous_size': 7, 'attention_head_size': 3, 'learning_rate': 0.07535714051685838}. Best is trial 0 with value: 33.92888259887695.
LOCAL_RANK: 0 - CUDA_VISIBLE_DEVICES: [0]
[I 2023-12-27 11:28:51,358] Trial 45 finished with value: 88.53321075439453 and parameters: {'gradient_clip_val': 0.5553643613270859, 'hidden_size': 10, 'dropout': 0.4050547950651729, 'hidden_continuous_size': 7, 'attention_head_size': 2, 'learning_rate': 0.05300211264651687}. Best is trial 0 with value: 33.92888259887695.
LOCAL_RANK: 0 - CUDA_VISIBLE_DEVICES: [0]
[I 2023-12-27 11:28:51,798] Trial 46 finished with value: 58.29408264160156 and parameters: {'gradient_clip_val': 0.6143235864076402, 'hidden_size': 6, 'dropout': 0.438454431614266, 'hidden_continuous_size': 5, 'attention_head_size': 1, 'learning_rate': 0.03260467284419476}. Best is trial 0 with value: 33.92888259887695.
LOCAL_RANK: 0 - CUDA_VISIBLE_DEVICES: [0]
[I 2023-12-27 11:28:52,202] Trial 47 finished with value: 87.02867889404297 and parameters: {'gradient_clip_val': 0.6592687034002036, 'hidden_size': 5, 'dropout': 0.44162110250995956, 'hidden_continuous_size': 5, 'attention_head_size': 1, 'learning_rate': 0.02115712955047465}. Best is trial 0 with value: 33.92888259887695.
LOCAL_RANK: 0 - CUDA_VISIBLE_DEVICES: [0]
[I 2023-12-27 11:28:52,641] Trial 48 finished with value: 80.70195770263672 and parameters: {'gradient_clip_val': 0.7471636655647089, 'hidden_size': 6, 'dropout': 0.4748381481065542, 'hidden_continuous_size': 5, 'attention_head_size': 1, 'learning_rate': 0.03172845969143998}. Best is trial 0 with value: 33.92888259887695.
LOCAL_RANK: 0 - CUDA_VISIBLE_DEVICES: [0]
[I 2023-12-27 11:28:53,073] Trial 49 finished with value: 79.67809295654297 and parameters: {'gradient_clip_val': 0.8529158126087119, 'hidden_size': 7, 'dropout': 0.4401793463598643, 'hidden_continuous_size': 5, 'attention_head_size': 1, 'learning_rate': 0.06971378126484552}. Best is trial 0 with value: 33.92888259887695.
[I 2023-12-27 11:28:53,202] A new study created in memory with name: no-name-3a7e3bfa-3c38-4804-bbd7-95af23e8a594
/home/le004/conda/anaconda3/envs/tsff_env/lib/python3.9/site-packages/lightning/fabric/plugins/environments/slurm.py:191: The `srun` command is available on your system but is not used. HINT: If your intention is to run Lightning on SLURM, prepend your python command with `srun` like so: srun python /home/le004/master_thesis/git/TSFusionForecast/code/ ...
LOCAL_RANK: 0 - CUDA_VISIBLE_DEVICES: [0]
[I 2023-12-27 11:29:19,589] Trial 0 finished with value: 949.7435913085938 and parameters: {'gradient_clip_val': 0.4758681176110154, 'hidden_size': 11, 'dropout': 0.20203062951807027, 'hidden_continuous_size': 5, 'attention_head_size': 1, 'learning_rate': 0.018012585172084487}. Best is trial 0 with value: 949.7435913085938.
LOCAL_RANK: 0 - CUDA_VISIBLE_DEVICES: [0]
[I 2023-12-27 11:29:20,055] Trial 1 finished with value: 3974.448486328125 and parameters: {'gradient_clip_val': 0.1679366210936079, 'hidden_size': 46, 'dropout': 0.13052055261713813, 'hidden_continuous_size': 38, 'attention_head_size': 3, 'learning_rate': 0.013577186159161172}. Best is trial 0 with value: 949.7435913085938.
LOCAL_RANK: 0 - CUDA_VISIBLE_DEVICES: [0]
[I 2023-12-27 11:29:20,509] Trial 2 finished with value: 4078.170654296875 and parameters: {'gradient_clip_val': 0.16117754627727784, 'hidden_size': 42, 'dropout': 0.4549535060424401, 'hidden_continuous_size': 28, 'attention_head_size': 3, 'learning_rate': 0.02396599958693784}. Best is trial 0 with value: 949.7435913085938.
LOCAL_RANK: 0 - CUDA_VISIBLE_DEVICES: [0]
[I 2023-12-27 11:29:20,969] Trial 3 finished with value: 3790.318115234375 and parameters: {'gradient_clip_val': 0.5130387978844201, 'hidden_size': 110, 'dropout': 0.23600120089189072, 'hidden_continuous_size': 6, 'attention_head_size': 3, 'learning_rate': 0.002421007330707381}. Best is trial 0 with value: 949.7435913085938.
LOCAL_RANK: 0 - CUDA_VISIBLE_DEVICES: [0]
[I 2023-12-27 11:29:21,428] Trial 4 finished with value: 3383.729248046875 and parameters: {'gradient_clip_val': 0.12426894447140335, 'hidden_size': 36, 'dropout': 0.2981251105490338, 'hidden_continuous_size': 18, 'attention_head_size': 3, 'learning_rate': 0.004151993485413838}. Best is trial 0 with value: 949.7435913085938.
LOCAL_RANK: 0 - CUDA_VISIBLE_DEVICES: [0]
[I 2023-12-27 11:29:21,883] Trial 5 finished with value: 4861.42529296875 and parameters: {'gradient_clip_val': 0.3410067131598807, 'hidden_size': 57, 'dropout': 0.303521648843732, 'hidden_continuous_size': 8, 'attention_head_size': 2, 'learning_rate': 0.02502756201654337}. Best is trial 0 with value: 949.7435913085938.
LOCAL_RANK: 0 - CUDA_VISIBLE_DEVICES: [0]
