[I 2023-12-27 11:21:10,672] Trial 42 finished with value: 3.374338150024414 and parameters: {'gradient_clip_val': 0.13932058696896987, 'hidden_size': 14, 'dropout': 0.45449901996193426, 'hidden_continuous_size': 8, 'attention_head_size': 2, 'learning_rate': 0.044674497432689864}. Best is trial 0 with value: 0.17311722040176392.
[I 2023-12-27 11:21:11,038] Trial 43 finished with value: 3.0950100421905518 and parameters: {'gradient_clip_val': 0.2192736908421528, 'hidden_size': 11, 'dropout': 0.4830507770603198, 'hidden_continuous_size': 7, 'attention_head_size': 2, 'learning_rate': 0.050929590546084993}. Best is trial 0 with value: 0.17311722040176392.
[I 2023-12-27 11:21:11,406] Trial 44 finished with value: 4.255459308624268 and parameters: {'gradient_clip_val': 0.1704973974919598, 'hidden_size': 17, 'dropout': 0.4580857215663925, 'hidden_continuous_size': 11, 'attention_head_size': 2, 'learning_rate': 0.05977429854344626}. Best is trial 0 with value: 0.17311722040176392.
[I 2023-12-27 11:21:11,797] Trial 45 finished with value: 2.9915637969970703 and parameters: {'gradient_clip_val': 0.19793649237146796, 'hidden_size': 28, 'dropout': 0.4164328923484858, 'hidden_continuous_size': 14, 'attention_head_size': 3, 'learning_rate': 0.03258993787270186}. Best is trial 0 with value: 0.17311722040176392.
[I 2023-12-27 11:21:12,165] Trial 46 finished with value: 3.073995351791382 and parameters: {'gradient_clip_val': 0.14287486918113668, 'hidden_size': 13, 'dropout': 0.48233644805177434, 'hidden_continuous_size': 6, 'attention_head_size': 2, 'learning_rate': 0.02043014480044067}. Best is trial 0 with value: 0.17311722040176392.
[I 2023-12-27 11:21:12,543] Trial 47 finished with value: 2.6573944091796875 and parameters: {'gradient_clip_val': 0.27046184284839336, 'hidden_size': 15, 'dropout': 0.44013254476721225, 'hidden_continuous_size': 9, 'attention_head_size': 1, 'learning_rate': 0.08915811064335012}. Best is trial 0 with value: 0.17311722040176392.
[I 2023-12-27 11:21:12,915] Trial 48 finished with value: 3.0298776626586914 and parameters: {'gradient_clip_val': 0.28991218447367817, 'hidden_size': 20, 'dropout': 0.403422016873902, 'hidden_continuous_size': 14, 'attention_head_size': 1, 'learning_rate': 0.09422929065351653}. Best is trial 0 with value: 0.17311722040176392.
[I 2023-12-27 11:21:13,287] Trial 49 finished with value: 3.1279516220092773 and parameters: {'gradient_clip_val': 0.2569071793701259, 'hidden_size': 10, 'dropout': 0.43694839827667464, 'hidden_continuous_size': 6, 'attention_head_size': 1, 'learning_rate': 0.0780858508415748}. Best is trial 0 with value: 0.17311722040176392.
[I 2023-12-27 11:21:13,399] A new study created in memory with name: no-name-917d6269-6d0e-489d-b091-435dc945200a
/home/le004/conda/anaconda3/envs/tsff_env/lib/python3.9/site-packages/lightning/fabric/plugins/environments/slurm.py:191: The `srun` command is available on your system but is not used. HINT: If your intention is to run Lightning on SLURM, prepend your python command with `srun` like so: srun python /home/le004/master_thesis/git/TSFusionForecast/code/ ...
[I 2023-12-27 11:21:52,960] Trial 0 finished with value: 0.20980875194072723 and parameters: {'gradient_clip_val': 0.43313882225166106, 'hidden_size': 59, 'dropout': 0.2743728736572708, 'hidden_continuous_size': 7, 'attention_head_size': 1, 'learning_rate': 0.0027240683416567407}. Best is trial 0 with value: 0.20980875194072723.
[I 2023-12-27 11:22:01,580] Trial 1 finished with value: 2.000466823577881 and parameters: {'gradient_clip_val': 0.1665975683694471, 'hidden_size': 5, 'dropout': 0.21346157531363574, 'hidden_continuous_size': 5, 'attention_head_size': 1, 'learning_rate': 0.011281250967378946}. Best is trial 0 with value: 0.20980875194072723.
[I 2023-12-27 11:22:01,957] Trial 2 finished with value: 2.7251555919647217 and parameters: {'gradient_clip_val': 0.3135034418649316, 'hidden_size': 15, 'dropout': 0.18785989213333365, 'hidden_continuous_size': 5, 'attention_head_size': 1, 'learning_rate': 0.010382787569954791}. Best is trial 0 with value: 0.20980875194072723.
[I 2023-12-27 11:22:02,352] Trial 3 finished with value: 2.772334337234497 and parameters: {'gradient_clip_val': 0.13805643313777646, 'hidden_size': 37, 'dropout': 0.14616977040037457, 'hidden_continuous_size': 10, 'attention_head_size': 4, 'learning_rate': 0.023303206269907437}. Best is trial 0 with value: 0.20980875194072723.
[I 2023-12-27 11:22:02,675] Trial 4 finished with value: 2.828451156616211 and parameters: {'gradient_clip_val': 0.48503645275451246, 'hidden_size': 5, 'dropout': 0.3895728882952204, 'hidden_continuous_size': 5, 'attention_head_size': 3, 'learning_rate': 0.002733563060874191}. Best is trial 0 with value: 0.20980875194072723.
[I 2023-12-27 11:22:03,025] Trial 5 finished with value: 3.21972918510437 and parameters: {'gradient_clip_val': 0.14228268439408007, 'hidden_size': 18, 'dropout': 0.4861201256041625, 'hidden_continuous_size': 8, 'attention_head_size': 3, 'learning_rate': 0.012895737084298578}. Best is trial 0 with value: 0.20980875194072723.
[I 2023-12-27 11:22:03,374] Trial 6 finished with value: 1.8782830238342285 and parameters: {'gradient_clip_val': 0.1563180208759767, 'hidden_size': 24, 'dropout': 0.190720629637012, 'hidden_continuous_size': 12, 'attention_head_size': 1, 'learning_rate': 0.007492990539648412}. Best is trial 0 with value: 0.20980875194072723.
[I 2023-12-27 11:22:03,727] Trial 7 finished with value: 3.0492517948150635 and parameters: {'gradient_clip_val': 0.4156887671354468, 'hidden_size': 18, 'dropout': 0.38600481137428944, 'hidden_continuous_size': 14, 'attention_head_size': 3, 'learning_rate': 0.04329232052045571}. Best is trial 0 with value: 0.20980875194072723.
[I 2023-12-27 11:22:04,111] Trial 8 finished with value: 2.527317762374878 and parameters: {'gradient_clip_val': 0.19844869525758066, 'hidden_size': 23, 'dropout': 0.46715309924041093, 'hidden_continuous_size': 13, 'attention_head_size': 3, 'learning_rate': 0.02419087106101391}. Best is trial 0 with value: 0.20980875194072723.
[I 2023-12-27 11:22:04,482] Trial 9 finished with value: 2.6898300647735596 and parameters: {'gradient_clip_val': 0.7898950620218874, 'hidden_size': 29, 'dropout': 0.24750703730385248, 'hidden_continuous_size': 5, 'attention_head_size': 1, 'learning_rate': 0.005177533973993848}. Best is trial 0 with value: 0.20980875194072723.
[I 2023-12-27 11:22:05,193] Trial 10 finished with value: 2.2142765522003174 and parameters: {'gradient_clip_val': 0.8550578243749376, 'hidden_size': 82, 'dropout': 0.29755672613042744, 'hidden_continuous_size': 35, 'attention_head_size': 2, 'learning_rate': 0.0005929213741628974}. Best is trial 0 with value: 0.20980875194072723.
[I 2023-12-27 11:22:05,796] Trial 11 finished with value: 2.3801944255828857 and parameters: {'gradient_clip_val': 0.10408066208163205, 'hidden_size': 126, 'dropout': 0.10113812080955258, 'hidden_continuous_size': 88, 'attention_head_size': 2, 'learning_rate': 0.09018568608261812}. Best is trial 0 with value: 0.20980875194072723.
[I 2023-12-27 11:22:06,199] Trial 12 finished with value: 2.6580889225006104 and parameters: {'gradient_clip_val': 0.2587531726428371, 'hidden_size': 56, 'dropout': 0.25814364302157905, 'hidden_continuous_size': 8, 'attention_head_size': 1, 'learning_rate': 0.0024302285940979206}. Best is trial 0 with value: 0.20980875194072723.
[I 2023-12-27 11:22:06,620] Trial 13 finished with value: 2.3428268432617188 and parameters: {'gradient_clip_val': 0.23300332723839792, 'hidden_size': 43, 'dropout': 0.18064732329538302, 'hidden_continuous_size': 15, 'attention_head_size': 2, 'learning_rate': 0.004478691889750129}. Best is trial 0 with value: 0.20980875194072723.
[I 2023-12-27 11:22:07,069] Trial 14 finished with value: 2.444944381713867 and parameters: {'gradient_clip_val': 0.3962369794277662, 'hidden_size': 72, 'dropout': 0.3015107122427787, 'hidden_continuous_size': 22, 'attention_head_size': 1, 'learning_rate': 0.001378697329014499}. Best is trial 0 with value: 0.20980875194072723.
[I 2023-12-27 11:22:07,619] Trial 15 finished with value: 2.2281339168548584 and parameters: {'gradient_clip_val': 0.5938788668754534, 'hidden_size': 133, 'dropout': 0.1262955483947497, 'hidden_continuous_size': 25, 'attention_head_size': 2, 'learning_rate': 0.0051269909436604585}. Best is trial 0 with value: 0.20980875194072723.
[I 2023-12-27 11:22:08,018] Trial 16 finished with value: 2.7275047302246094 and parameters: {'gradient_clip_val': 0.27054456994757675, 'hidden_size': 48, 'dropout': 0.16562448071222416, 'hidden_continuous_size': 7, 'attention_head_size': 4, 'learning_rate': 0.001408323740728478}. Best is trial 0 with value: 0.20980875194072723.
[I 2023-12-27 11:22:08,395] Trial 17 finished with value: 1.999555230140686 and parameters: {'gradient_clip_val': 0.34025057023113403, 'hidden_size': 32, 'dropout': 0.2382403153421762, 'hidden_continuous_size': 10, 'attention_head_size': 1, 'learning_rate': 0.0070676079070715585}. Best is trial 0 with value: 0.20980875194072723.
[I 2023-12-27 11:22:08,760] Trial 18 finished with value: 2.689699172973633 and parameters: {'gradient_clip_val': 0.20275790450546605, 'hidden_size': 13, 'dropout': 0.1959427748413179, 'hidden_continuous_size': 6, 'attention_head_size': 2, 'learning_rate': 0.002839948550067063}. Best is trial 0 with value: 0.20980875194072723.
[I 2023-12-27 11:22:09,217] Trial 19 finished with value: 2.4995975494384766 and parameters: {'gradient_clip_val': 0.556884621634169, 'hidden_size': 83, 'dropout': 0.15093352127862367, 'hidden_continuous_size': 10, 'attention_head_size': 1, 'learning_rate': 0.0005861992194445009}. Best is trial 0 with value: 0.20980875194072723.
[I 2023-12-27 11:22:09,642] Trial 20 finished with value: 2.338634490966797 and parameters: {'gradient_clip_val': 0.3129652894385119, 'hidden_size': 59, 'dropout': 0.2883575730292732, 'hidden_continuous_size': 7, 'attention_head_size': 2, 'learning_rate': 0.007593213842753703}. Best is trial 0 with value: 0.20980875194072723.
[I 2023-12-27 11:22:10,018] Trial 21 finished with value: 2.0433266162872314 and parameters: {'gradient_clip_val': 0.3344444104053209, 'hidden_size': 32, 'dropout': 0.23531792361728765, 'hidden_continuous_size': 11, 'attention_head_size': 1, 'learning_rate': 0.00728488320773095}. Best is trial 0 with value: 0.20980875194072723.
[I 2023-12-27 11:22:10,403] Trial 22 finished with value: 2.96813702583313 and parameters: {'gradient_clip_val': 0.3696466603147649, 'hidden_size': 38, 'dropout': 0.22494642660572056, 'hidden_continuous_size': 9, 'attention_head_size': 1, 'learning_rate': 0.00406434193359857}. Best is trial 0 with value: 0.20980875194072723.
[I 2023-12-27 11:22:11,007] Trial 23 finished with value: 2.2688424587249756 and parameters: {'gradient_clip_val': 0.4518984048759383, 'hidden_size': 26, 'dropout': 0.2666364334420617, 'hidden_continuous_size': 7, 'attention_head_size': 1, 'learning_rate': 0.014802610515328458}. Best is trial 0 with value: 0.20980875194072723.
[I 2023-12-27 11:22:11,416] Trial 24 finished with value: 2.2691235542297363 and parameters: {'gradient_clip_val': 0.29966213468599984, 'hidden_size': 39, 'dropout': 0.20974455470619796, 'hidden_continuous_size': 12, 'attention_head_size': 1, 'learning_rate': 0.006880904247093198}. Best is trial 0 with value: 0.20980875194072723.
[I 2023-12-27 11:22:11,829] Trial 25 finished with value: 2.780714273452759 and parameters: {'gradient_clip_val': 0.37296758889970366, 'hidden_size': 52, 'dropout': 0.3261274538317208, 'hidden_continuous_size': 9, 'attention_head_size': 2, 'learning_rate': 0.007560356803597352}. Best is trial 0 with value: 0.20980875194072723.
[I 2023-12-27 11:22:12,210] Trial 26 finished with value: 2.40783953666687 and parameters: {'gradient_clip_val': 0.2488898673032626, 'hidden_size': 26, 'dropout': 0.232804652801546, 'hidden_continuous_size': 11, 'attention_head_size': 1, 'learning_rate': 0.0036034879583083314}. Best is trial 0 with value: 0.20980875194072723.
[I 2023-12-27 11:22:12,713] Trial 27 finished with value: 2.3528127670288086 and parameters: {'gradient_clip_val': 0.5444322380166271, 'hidden_size': 106, 'dropout': 0.18395339958026613, 'hidden_continuous_size': 17, 'attention_head_size': 2, 'learning_rate': 0.0016115526636393052}. Best is trial 0 with value: 0.20980875194072723.
[I 2023-12-27 11:22:13,146] Trial 28 finished with value: 2.2232725620269775 and parameters: {'gradient_clip_val': 0.6806506497968585, 'hidden_size': 62, 'dropout': 0.19975320321255838, 'hidden_continuous_size': 12, 'attention_head_size': 1, 'learning_rate': 0.016464880491486564}. Best is trial 0 with value: 0.20980875194072723.
[I 2023-12-27 11:22:13,549] Trial 29 finished with value: 2.3594143390655518 and parameters: {'gradient_clip_val': 0.4499990248982724, 'hidden_size': 46, 'dropout': 0.21754191883341958, 'hidden_continuous_size': 6, 'attention_head_size': 1, 'learning_rate': 0.009625158669541126}. Best is trial 0 with value: 0.20980875194072723.
[I 2023-12-27 11:22:13,948] Trial 30 finished with value: 2.8201711177825928 and parameters: {'gradient_clip_val': 0.20125786405044513, 'hidden_size': 33, 'dropout': 0.2689040792345915, 'hidden_continuous_size': 9, 'attention_head_size': 1, 'learning_rate': 0.005805699894196648}. Best is trial 0 with value: 0.20980875194072723.
[I 2023-12-27 11:22:14,314] Trial 31 finished with value: 2.092449903488159 and parameters: {'gradient_clip_val': 0.17258341774266275, 'hidden_size': 10, 'dropout': 0.21330896032590763, 'hidden_continuous_size': 5, 'attention_head_size': 1, 'learning_rate': 0.010915738481899983}. Best is trial 0 with value: 0.20980875194072723.
[I 2023-12-27 11:22:14,668] Trial 32 finished with value: 3.011443853378296 and parameters: {'gradient_clip_val': 0.15350201211688977, 'hidden_size': 8, 'dropout': 0.1674364006079988, 'hidden_continuous_size': 5, 'attention_head_size': 1, 'learning_rate': 0.008981428420002753}. Best is trial 0 with value: 0.20980875194072723.
[I 2023-12-27 11:22:14,991] Trial 33 finished with value: 2.1559817790985107 and parameters: {'gradient_clip_val': 0.11088871289945988, 'hidden_size': 5, 'dropout': 0.2437752089879482, 'hidden_continuous_size': 5, 'attention_head_size': 1, 'learning_rate': 0.01070711705021186}. Best is trial 0 with value: 0.20980875194072723.
[I 2023-12-27 11:22:15,374] Trial 34 finished with value: 2.8300161361694336 and parameters: {'gradient_clip_val': 0.12123490209846831, 'hidden_size': 14, 'dropout': 0.19088227261880922, 'hidden_continuous_size': 6, 'attention_head_size': 1, 'learning_rate': 0.017305873404101103}. Best is trial 0 with value: 0.20980875194072723.
[I 2023-12-27 11:22:15,747] Trial 35 finished with value: 2.149397850036621 and parameters: {'gradient_clip_val': 0.12666334742747037, 'hidden_size': 6, 'dropout': 0.14070254105050328, 'hidden_continuous_size': 5, 'attention_head_size': 4, 'learning_rate': 0.006045799414513147}. Best is trial 0 with value: 0.20980875194072723.
[I 2023-12-27 11:22:16,346] Trial 36 finished with value: 2.4253077507019043 and parameters: {'gradient_clip_val': 0.1569176826849042, 'hidden_size': 20, 'dropout': 0.22180673149358984, 'hidden_continuous_size': 8, 'attention_head_size': 2, 'learning_rate': 0.020580182997463017}. Best is trial 0 with value: 0.20980875194072723.
[I 2023-12-27 11:22:16,733] Trial 37 finished with value: 1.6773096323013306 and parameters: {'gradient_clip_val': 0.22234967382135035, 'hidden_size': 23, 'dropout': 0.25353775016803265, 'hidden_continuous_size': 6, 'attention_head_size': 3, 'learning_rate': 0.02921237871768717}. Best is trial 0 with value: 0.20980875194072723.
[I 2023-12-27 11:22:17,129] Trial 38 finished with value: 2.141170024871826 and parameters: {'gradient_clip_val': 0.34597909857716763, 'hidden_size': 33, 'dropout': 0.33373798898984974, 'hidden_continuous_size': 6, 'attention_head_size': 3, 'learning_rate': 0.02965976701290523}. Best is trial 0 with value: 0.20980875194072723.
[I 2023-12-27 11:22:17,526] Trial 39 finished with value: 2.3756706714630127 and parameters: {'gradient_clip_val': 0.28279955013816854, 'hidden_size': 23, 'dropout': 0.2739891537613555, 'hidden_continuous_size': 10, 'attention_head_size': 3, 'learning_rate': 0.012388094144189243}. Best is trial 0 with value: 0.20980875194072723.
[I 2023-12-27 11:22:17,916] Trial 40 finished with value: 2.5625112056732178 and parameters: {'gradient_clip_val': 0.22580042807840925, 'hidden_size': 19, 'dropout': 0.24414660117453404, 'hidden_continuous_size': 8, 'attention_head_size': 3, 'learning_rate': 0.035302955732832195}. Best is trial 0 with value: 0.20980875194072723.
[I 2023-12-27 11:22:18,303] Trial 41 finished with value: 2.6934595108032227 and parameters: {'gradient_clip_val': 0.18353921810841714, 'hidden_size': 17, 'dropout': 0.25267177455940326, 'hidden_continuous_size': 6, 'attention_head_size': 3, 'learning_rate': 0.012613749113710132}. Best is trial 0 with value: 0.20980875194072723.
[I 2023-12-27 11:22:18,679] Trial 42 finished with value: 3.0468931198120117 and parameters: {'gradient_clip_val': 0.14536242286125559, 'hidden_size': 12, 'dropout': 0.2117290459893659, 'hidden_continuous_size': 7, 'attention_head_size': 4, 'learning_rate': 0.009069018810632004}. Best is trial 0 with value: 0.20980875194072723.
[I 2023-12-27 11:22:19,061] Trial 43 finished with value: 2.8361546993255615 and parameters: {'gradient_clip_val': 0.1724428520939428, 'hidden_size': 15, 'dropout': 0.23404157621346858, 'hidden_continuous_size': 5, 'attention_head_size': 3, 'learning_rate': 0.04680962892524213}. Best is trial 0 with value: 0.20980875194072723.
[I 2023-12-27 11:22:19,440] Trial 44 finished with value: 2.75447154045105 and parameters: {'gradient_clip_val': 0.22321571271268995, 'hidden_size': 21, 'dropout': 0.25733196960910143, 'hidden_continuous_size': 11, 'attention_head_size': 2, 'learning_rate': 0.01838718799607776}. Best is trial 0 with value: 0.20980875194072723.
[I 2023-12-27 11:22:19,836] Trial 45 finished with value: 2.6096112728118896 and parameters: {'gradient_clip_val': 0.13410219469220272, 'hidden_size': 27, 'dropout': 0.18186104516955973, 'hidden_continuous_size': 6, 'attention_head_size': 1, 'learning_rate': 0.0246915883965203}. Best is trial 0 with value: 0.20980875194072723.
[I 2023-12-27 11:22:20,229] Trial 46 finished with value: 2.118964433670044 and parameters: {'gradient_clip_val': 0.2884377879150569, 'hidden_size': 40, 'dropout': 0.2770761528372553, 'hidden_continuous_size': 8, 'attention_head_size': 1, 'learning_rate': 0.01528579514351687}. Best is trial 0 with value: 0.20980875194072723.
[I 2023-12-27 11:22:20,608] Trial 47 finished with value: 3.0243003368377686 and parameters: {'gradient_clip_val': 0.25374061550950266, 'hidden_size': 22, 'dropout': 0.3018403091454958, 'hidden_continuous_size': 7, 'attention_head_size': 2, 'learning_rate': 0.004599170564107301}. Best is trial 0 with value: 0.20980875194072723.
[I 2023-12-27 11:22:20,973] Trial 48 finished with value: 2.9916555881500244 and parameters: {'gradient_clip_val': 0.3207614096012311, 'hidden_size': 17, 'dropout': 0.2527825926906686, 'hidden_continuous_size': 10, 'attention_head_size': 1, 'learning_rate': 0.0033911992212543336}. Best is trial 0 with value: 0.20980875194072723.
[I 2023-12-27 11:22:21,614] Trial 49 finished with value: 2.180370807647705 and parameters: {'gradient_clip_val': 0.4230838748741601, 'hidden_size': 47, 'dropout': 0.19521893109943086, 'hidden_continuous_size': 14, 'attention_head_size': 4, 'learning_rate': 0.005522166514574547}. Best is trial 0 with value: 0.20980875194072723.
[I 2023-12-27 11:22:21,725] A new study created in memory with name: no-name-65cdf090-7ad0-449e-9a19-d7e83994f81b
/home/le004/conda/anaconda3/envs/tsff_env/lib/python3.9/site-packages/lightning/fabric/plugins/environments/slurm.py:191: The `srun` command is available on your system but is not used. HINT: If your intention is to run Lightning on SLURM, prepend your python command with `srun` like so: srun python /home/le004/master_thesis/git/TSFusionForecast/code/ ...
[I 2023-12-27 11:22:50,142] Trial 0 finished with value: 0.08635353296995163 and parameters: {'gradient_clip_val': 0.9926538503798935, 'hidden_size': 12, 'dropout': 0.42008621738576635, 'hidden_continuous_size': 12, 'attention_head_size': 3, 'learning_rate': 0.08861401489275789}. Best is trial 0 with value: 0.08635353296995163.
[I 2023-12-27 11:22:50,504] Trial 1 finished with value: 2.8939390182495117 and parameters: {'gradient_clip_val': 0.9253217683021588, 'hidden_size': 7, 'dropout': 0.17357591501063374, 'hidden_continuous_size': 6, 'attention_head_size': 4, 'learning_rate': 0.0034384238073009755}. Best is trial 0 with value: 0.08635353296995163.
[I 2023-12-27 11:22:50,862] Trial 2 finished with value: 2.8397951126098633 and parameters: {'gradient_clip_val': 0.15142671833998167, 'hidden_size': 8, 'dropout': 0.13478090749782878, 'hidden_continuous_size': 7, 'attention_head_size': 4, 'learning_rate': 0.0040445702058810795}. Best is trial 0 with value: 0.08635353296995163.
[I 2023-12-27 11:22:51,216] Trial 3 finished with value: 2.9370288848876953 and parameters: {'gradient_clip_val': 0.19312413597972594, 'hidden_size': 17, 'dropout': 0.28669905070466317, 'hidden_continuous_size': 5, 'attention_head_size': 2, 'learning_rate': 0.04692125835003903}. Best is trial 0 with value: 0.08635353296995163.
[I 2023-12-27 11:22:51,681] Trial 4 finished with value: 2.7698049545288086 and parameters: {'gradient_clip_val': 0.14253589845141873, 'hidden_size': 92, 'dropout': 0.4199399883541921, 'hidden_continuous_size': 46, 'attention_head_size': 1, 'learning_rate': 0.0017474303604733113}. Best is trial 0 with value: 0.08635353296995163.
