[I 2023-12-27 11:15:52,102] Trial 4 finished with value: 751.7025756835938 and parameters: {'gradient_clip_val': 0.3508490377478512, 'hidden_size': 12, 'dropout': 0.3656988288822228, 'hidden_continuous_size': 6, 'attention_head_size': 1, 'learning_rate': 0.017825478340144987}. Best is trial 1 with value: 153.90318298339844.
LOCAL_RANK: 0 - CUDA_VISIBLE_DEVICES: [0]
[I 2023-12-27 11:15:52,557] Trial 5 finished with value: 681.128173828125 and parameters: {'gradient_clip_val': 0.1297516483176586, 'hidden_size': 13, 'dropout': 0.319804635764905, 'hidden_continuous_size': 5, 'attention_head_size': 2, 'learning_rate': 0.016791925431293694}. Best is trial 1 with value: 153.90318298339844.
LOCAL_RANK: 0 - CUDA_VISIBLE_DEVICES: [0]
[I 2023-12-27 11:15:53,262] Trial 6 finished with value: 606.4552612304688 and parameters: {'gradient_clip_val': 0.10927159939670003, 'hidden_size': 23, 'dropout': 0.22103586061384584, 'hidden_continuous_size': 7, 'attention_head_size': 1, 'learning_rate': 0.0034075222574211253}. Best is trial 1 with value: 153.90318298339844.
LOCAL_RANK: 0 - CUDA_VISIBLE_DEVICES: [0]
[I 2023-12-27 11:15:53,719] Trial 7 finished with value: 761.2730102539062 and parameters: {'gradient_clip_val': 0.24226963507261853, 'hidden_size': 102, 'dropout': 0.45947918826631595, 'hidden_continuous_size': 8, 'attention_head_size': 3, 'learning_rate': 0.0785904010787611}. Best is trial 1 with value: 153.90318298339844.
LOCAL_RANK: 0 - CUDA_VISIBLE_DEVICES: [0]
[I 2023-12-27 11:15:54,197] Trial 8 finished with value: 751.499267578125 and parameters: {'gradient_clip_val': 0.2727114186740424, 'hidden_size': 68, 'dropout': 0.3407653735797752, 'hidden_continuous_size': 11, 'attention_head_size': 4, 'learning_rate': 0.027534877855720456}. Best is trial 1 with value: 153.90318298339844.
LOCAL_RANK: 0 - CUDA_VISIBLE_DEVICES: [0]
[I 2023-12-27 11:15:54,566] Trial 9 finished with value: 645.6453247070312 and parameters: {'gradient_clip_val': 0.401707482660776, 'hidden_size': 5, 'dropout': 0.3865853119189684, 'hidden_continuous_size': 5, 'attention_head_size': 4, 'learning_rate': 0.004747168130441576}. Best is trial 1 with value: 153.90318298339844.
LOCAL_RANK: 0 - CUDA_VISIBLE_DEVICES: [0]
[I 2023-12-27 11:15:55,053] Trial 10 finished with value: 774.78759765625 and parameters: {'gradient_clip_val': 0.9839131522151799, 'hidden_size': 10, 'dropout': 0.10409773087639748, 'hidden_continuous_size': 6, 'attention_head_size': 1, 'learning_rate': 0.0008464293825650237}. Best is trial 1 with value: 153.90318298339844.
LOCAL_RANK: 0 - CUDA_VISIBLE_DEVICES: [0]
[I 2023-12-27 11:15:55,528] Trial 11 finished with value: 616.293212890625 and parameters: {'gradient_clip_val': 0.18318979921832185, 'hidden_size': 32, 'dropout': 0.49669423523908923, 'hidden_continuous_size': 31, 'attention_head_size': 3, 'learning_rate': 0.06106499922832802}. Best is trial 1 with value: 153.90318298339844.
LOCAL_RANK: 0 - CUDA_VISIBLE_DEVICES: [0]
[I 2023-12-27 11:15:56,083] Trial 12 finished with value: 751.7710571289062 and parameters: {'gradient_clip_val': 0.20008354052218882, 'hidden_size': 131, 'dropout': 0.22863017648714948, 'hidden_continuous_size': 58, 'attention_head_size': 2, 'learning_rate': 0.025902074792446165}. Best is trial 1 with value: 153.90318298339844.
LOCAL_RANK: 0 - CUDA_VISIBLE_DEVICES: [0]
[I 2023-12-27 11:15:56,597] Trial 13 finished with value: 746.7682495117188 and parameters: {'gradient_clip_val': 0.15213367779426393, 'hidden_size': 26, 'dropout': 0.41447776176811013, 'hidden_continuous_size': 9, 'attention_head_size': 3, 'learning_rate': 0.04314026747498692}. Best is trial 1 with value: 153.90318298339844.
LOCAL_RANK: 0 - CUDA_VISIBLE_DEVICES: [0]
[I 2023-12-27 11:15:57,115] Trial 14 finished with value: 638.265625 and parameters: {'gradient_clip_val': 0.22810357036140344, 'hidden_size': 51, 'dropout': 0.4318820874487921, 'hidden_continuous_size': 14, 'attention_head_size': 2, 'learning_rate': 0.009469363584135589}. Best is trial 1 with value: 153.90318298339844.
LOCAL_RANK: 0 - CUDA_VISIBLE_DEVICES: [0]
[I 2023-12-27 11:15:57,657] Trial 15 finished with value: 589.1915893554688 and parameters: {'gradient_clip_val': 0.11998628755982627, 'hidden_size': 17, 'dropout': 0.49136096717148525, 'hidden_continuous_size': 7, 'attention_head_size': 3, 'learning_rate': 0.09554558553757596}. Best is trial 1 with value: 153.90318298339844.
LOCAL_RANK: 0 - CUDA_VISIBLE_DEVICES: [0]
[I 2023-12-27 11:15:58,197] Trial 16 finished with value: 540.2274169921875 and parameters: {'gradient_clip_val': 0.29018301871681795, 'hidden_size': 8, 'dropout': 0.2788537603547785, 'hidden_continuous_size': 5, 'attention_head_size': 4, 'learning_rate': 0.03319494756584009}. Best is trial 1 with value: 153.90318298339844.
LOCAL_RANK: 0 - CUDA_VISIBLE_DEVICES: [0]
[I 2023-12-27 11:15:58,724] Trial 17 finished with value: 649.7301635742188 and parameters: {'gradient_clip_val': 0.10147099779337737, 'hidden_size': 18, 'dropout': 0.38963925722089876, 'hidden_continuous_size': 10, 'attention_head_size': 1, 'learning_rate': 0.011421155299013015}. Best is trial 1 with value: 153.90318298339844.
LOCAL_RANK: 0 - CUDA_VISIBLE_DEVICES: [0]
[I 2023-12-27 11:15:59,223] Trial 18 finished with value: 626.3695068359375 and parameters: {'gradient_clip_val': 0.18939631891052933, 'hidden_size': 7, 'dropout': 0.18173330962775303, 'hidden_continuous_size': 5, 'attention_head_size': 2, 'learning_rate': 0.0466422904435767}. Best is trial 1 with value: 153.90318298339844.
LOCAL_RANK: 0 - CUDA_VISIBLE_DEVICES: [0]
[I 2023-12-27 11:16:00,031] Trial 19 finished with value: 571.7601318359375 and parameters: {'gradient_clip_val': 0.15008862243041904, 'hidden_size': 35, 'dropout': 0.2517427018173635, 'hidden_continuous_size': 14, 'attention_head_size': 3, 'learning_rate': 0.017558966093447984}. Best is trial 1 with value: 153.90318298339844.
LOCAL_RANK: 0 - CUDA_VISIBLE_DEVICES: [0]
[I 2023-12-27 11:16:00,573] Trial 20 finished with value: 694.7698364257812 and parameters: {'gradient_clip_val': 0.22602303036167765, 'hidden_size': 19, 'dropout': 0.3569577286788522, 'hidden_continuous_size': 6, 'attention_head_size': 1, 'learning_rate': 0.058221943804966925}. Best is trial 1 with value: 153.90318298339844.
LOCAL_RANK: 0 - CUDA_VISIBLE_DEVICES: [0]
[I 2023-12-27 11:16:01,115] Trial 21 finished with value: 634.404541015625 and parameters: {'gradient_clip_val': 0.4506641614174617, 'hidden_size': 6, 'dropout': 0.28962391097934354, 'hidden_continuous_size': 5, 'attention_head_size': 2, 'learning_rate': 0.003915440607409815}. Best is trial 1 with value: 153.90318298339844.
LOCAL_RANK: 0 - CUDA_VISIBLE_DEVICES: [0]
[I 2023-12-27 11:16:01,568] Trial 22 finished with value: 635.102294921875 and parameters: {'gradient_clip_val': 0.5858499870501176, 'hidden_size': 5, 'dropout': 0.3189549359824765, 'hidden_continuous_size': 5, 'attention_head_size': 2, 'learning_rate': 0.01209148983385298}. Best is trial 1 with value: 153.90318298339844.
LOCAL_RANK: 0 - CUDA_VISIBLE_DEVICES: [0]
[I 2023-12-27 11:16:02,112] Trial 23 finished with value: 564.3220825195312 and parameters: {'gradient_clip_val': 0.3132502154449161, 'hidden_size': 9, 'dropout': 0.2673448747621363, 'hidden_continuous_size': 6, 'attention_head_size': 1, 'learning_rate': 0.0053444179901787825}. Best is trial 1 with value: 153.90318298339844.
LOCAL_RANK: 0 - CUDA_VISIBLE_DEVICES: [0]
[I 2023-12-27 11:16:02,606] Trial 24 finished with value: 733.216796875 and parameters: {'gradient_clip_val': 0.5304284650411686, 'hidden_size': 6, 'dropout': 0.3053109186967286, 'hidden_continuous_size': 5, 'attention_head_size': 2, 'learning_rate': 0.0028743342610928744}. Best is trial 1 with value: 153.90318298339844.
LOCAL_RANK: 0 - CUDA_VISIBLE_DEVICES: [0]
[I 2023-12-27 11:16:03,067] Trial 25 finished with value: 579.4769897460938 and parameters: {'gradient_clip_val': 0.262273923680631, 'hidden_size': 5, 'dropout': 0.1840601239425067, 'hidden_continuous_size': 5, 'attention_head_size': 3, 'learning_rate': 0.00866245967675564}. Best is trial 1 with value: 153.90318298339844.
LOCAL_RANK: 0 - CUDA_VISIBLE_DEVICES: [0]
[I 2023-12-27 11:16:03,548] Trial 26 finished with value: 685.9722290039062 and parameters: {'gradient_clip_val': 0.37340393420684953, 'hidden_size': 7, 'dropout': 0.3348724943349011, 'hidden_continuous_size': 5, 'attention_head_size': 1, 'learning_rate': 0.002156949209927733}. Best is trial 1 with value: 153.90318298339844.
LOCAL_RANK: 0 - CUDA_VISIBLE_DEVICES: [0]
[I 2023-12-27 11:16:04,060] Trial 27 finished with value: 613.733154296875 and parameters: {'gradient_clip_val': 0.319651163310658, 'hidden_size': 10, 'dropout': 0.3044610059121248, 'hidden_continuous_size': 6, 'attention_head_size': 4, 'learning_rate': 0.0070580142730589145}. Best is trial 1 with value: 153.90318298339844.
LOCAL_RANK: 0 - CUDA_VISIBLE_DEVICES: [0]
[I 2023-12-27 11:16:04,563] Trial 28 finished with value: 637.4473266601562 and parameters: {'gradient_clip_val': 0.2124092707130576, 'hidden_size': 13, 'dropout': 0.2510816307531674, 'hidden_continuous_size': 7, 'attention_head_size': 2, 'learning_rate': 0.02311178184045372}. Best is trial 1 with value: 153.90318298339844.
LOCAL_RANK: 0 - CUDA_VISIBLE_DEVICES: [0]
[I 2023-12-27 11:16:05,089] Trial 29 finished with value: 781.7300415039062 and parameters: {'gradient_clip_val': 0.16873425983288348, 'hidden_size': 41, 'dropout': 0.17091641420185663, 'hidden_continuous_size': 17, 'attention_head_size': 4, 'learning_rate': 0.006401267442100293}. Best is trial 1 with value: 153.90318298339844.
LOCAL_RANK: 0 - CUDA_VISIBLE_DEVICES: [0]
[I 2023-12-27 11:16:05,587] Trial 30 finished with value: 623.6165161132812 and parameters: {'gradient_clip_val': 0.2560020443934005, 'hidden_size': 8, 'dropout': 0.1526433689792343, 'hidden_continuous_size': 6, 'attention_head_size': 1, 'learning_rate': 0.011681284287708153}. Best is trial 1 with value: 153.90318298339844.
LOCAL_RANK: 0 - CUDA_VISIBLE_DEVICES: [0]
[I 2023-12-27 11:16:06,100] Trial 31 finished with value: 623.7651977539062 and parameters: {'gradient_clip_val': 0.3003327582506447, 'hidden_size': 8, 'dropout': 0.27326067026067613, 'hidden_continuous_size': 5, 'attention_head_size': 4, 'learning_rate': 0.03390143833608078}. Best is trial 1 with value: 153.90318298339844.
LOCAL_RANK: 0 - CUDA_VISIBLE_DEVICES: [0]
[I 2023-12-27 11:16:06,845] Trial 32 finished with value: 710.23779296875 and parameters: {'gradient_clip_val': 0.1973650774431878, 'hidden_size': 6, 'dropout': 0.21313583528880534, 'hidden_continuous_size': 5, 'attention_head_size': 4, 'learning_rate': 0.03776424381535581}. Best is trial 1 with value: 153.90318298339844.
LOCAL_RANK: 0 - CUDA_VISIBLE_DEVICES: [0]
[I 2023-12-27 11:16:07,389] Trial 33 finished with value: 715.46435546875 and parameters: {'gradient_clip_val': 0.28938207923890535, 'hidden_size': 15, 'dropout': 0.28428024049288086, 'hidden_continuous_size': 8, 'attention_head_size': 4, 'learning_rate': 0.02134203121594084}. Best is trial 1 with value: 153.90318298339844.
LOCAL_RANK: 0 - CUDA_VISIBLE_DEVICES: [0]
[I 2023-12-27 11:16:07,934] Trial 34 finished with value: 730.6103515625 and parameters: {'gradient_clip_val': 0.3403892897389576, 'hidden_size': 11, 'dropout': 0.363346680904676, 'hidden_continuous_size': 6, 'attention_head_size': 4, 'learning_rate': 0.01478113636967188}. Best is trial 1 with value: 153.90318298339844.
LOCAL_RANK: 0 - CUDA_VISIBLE_DEVICES: [0]
[I 2023-12-27 11:16:08,462] Trial 35 finished with value: 683.9578247070312 and parameters: {'gradient_clip_val': 0.23871050300951846, 'hidden_size': 12, 'dropout': 0.3309032965076837, 'hidden_continuous_size': 7, 'attention_head_size': 3, 'learning_rate': 0.03207706937997821}. Best is trial 1 with value: 153.90318298339844.
LOCAL_RANK: 0 - CUDA_VISIBLE_DEVICES: [0]
[I 2023-12-27 11:16:08,968] Trial 36 finished with value: 768.441650390625 and parameters: {'gradient_clip_val': 0.13811503962051483, 'hidden_size': 8, 'dropout': 0.29579549991527054, 'hidden_continuous_size': 5, 'attention_head_size': 3, 'learning_rate': 0.018265968051459844}. Best is trial 1 with value: 153.90318298339844.
LOCAL_RANK: 0 - CUDA_VISIBLE_DEVICES: [0]
[I 2023-12-27 11:16:09,496] Trial 37 finished with value: 658.40625 and parameters: {'gradient_clip_val': 0.16436212055291916, 'hidden_size': 23, 'dropout': 0.20922669179436532, 'hidden_continuous_size': 10, 'attention_head_size': 4, 'learning_rate': 0.026958438397868774}. Best is trial 1 with value: 153.90318298339844.
LOCAL_RANK: 0 - CUDA_VISIBLE_DEVICES: [0]
[I 2023-12-27 11:16:09,960] Trial 38 finished with value: 632.4440307617188 and parameters: {'gradient_clip_val': 0.2730048145083927, 'hidden_size': 5, 'dropout': 0.2428110337753208, 'hidden_continuous_size': 5, 'attention_head_size': 4, 'learning_rate': 0.015531470989092412}. Best is trial 1 with value: 153.90318298339844.
LOCAL_RANK: 0 - CUDA_VISIBLE_DEVICES: [0]
[I 2023-12-27 11:16:10,456] Trial 39 finished with value: 866.166015625 and parameters: {'gradient_clip_val': 0.2210343825110804, 'hidden_size': 10, 'dropout': 0.2700065565908182, 'hidden_continuous_size': 6, 'attention_head_size': 1, 'learning_rate': 0.02393953136980961}. Best is trial 1 with value: 153.90318298339844.
LOCAL_RANK: 0 - CUDA_VISIBLE_DEVICES: [0]
[I 2023-12-27 11:16:11,001] Trial 40 finished with value: 469.9789123535156 and parameters: {'gradient_clip_val': 0.35665233359820847, 'hidden_size': 14, 'dropout': 0.34656418089316887, 'hidden_continuous_size': 8, 'attention_head_size': 2, 'learning_rate': 0.05123175584556215}. Best is trial 1 with value: 153.90318298339844.
LOCAL_RANK: 0 - CUDA_VISIBLE_DEVICES: [0]
[I 2023-12-27 11:16:11,513] Trial 41 finished with value: 633.3528442382812 and parameters: {'gradient_clip_val': 0.35469685302567716, 'hidden_size': 12, 'dropout': 0.31103201266736646, 'hidden_continuous_size': 8, 'attention_head_size': 2, 'learning_rate': 0.04789419865044796}. Best is trial 1 with value: 153.90318298339844.
LOCAL_RANK: 0 - CUDA_VISIBLE_DEVICES: [0]
[I 2023-12-27 11:16:12,036] Trial 42 finished with value: 797.91796875 and parameters: {'gradient_clip_val': 0.42257021210237683, 'hidden_size': 14, 'dropout': 0.3543561160759824, 'hidden_continuous_size': 7, 'attention_head_size': 2, 'learning_rate': 0.03523340387109891}. Best is trial 1 with value: 153.90318298339844.
LOCAL_RANK: 0 - CUDA_VISIBLE_DEVICES: [0]
[I 2023-12-27 11:16:12,594] Trial 43 finished with value: 684.49365234375 and parameters: {'gradient_clip_val': 0.27979071604816375, 'hidden_size': 62, 'dropout': 0.38961586085399263, 'hidden_continuous_size': 26, 'attention_head_size': 2, 'learning_rate': 0.059240700370440914}. Best is trial 1 with value: 153.90318298339844.
LOCAL_RANK: 0 - CUDA_VISIBLE_DEVICES: [0]
[I 2023-12-27 11:16:13,116] Trial 44 finished with value: 670.1224975585938 and parameters: {'gradient_clip_val': 0.2524254317249703, 'hidden_size': 9, 'dropout': 0.3341219279746064, 'hidden_continuous_size': 6, 'attention_head_size': 3, 'learning_rate': 0.08954741360685328}. Best is trial 1 with value: 153.90318298339844.
LOCAL_RANK: 0 - CUDA_VISIBLE_DEVICES: [0]
[I 2023-12-27 11:16:13,842] Trial 45 finished with value: 785.9382934570312 and parameters: {'gradient_clip_val': 0.20827033714832377, 'hidden_size': 7, 'dropout': 0.37170788290648327, 'hidden_continuous_size': 5, 'attention_head_size': 1, 'learning_rate': 0.06734796620243018}. Best is trial 1 with value: 153.90318298339844.
LOCAL_RANK: 0 - CUDA_VISIBLE_DEVICES: [0]
[I 2023-12-27 11:16:14,348] Trial 46 finished with value: 767.5755004882812 and parameters: {'gradient_clip_val': 0.18784433627435257, 'hidden_size': 6, 'dropout': 0.4479876511327855, 'hidden_continuous_size': 5, 'attention_head_size': 2, 'learning_rate': 0.0285971346460059}. Best is trial 1 with value: 153.90318298339844.
LOCAL_RANK: 0 - CUDA_VISIBLE_DEVICES: [0]
[I 2023-12-27 11:16:14,922] Trial 47 finished with value: 743.3190307617188 and parameters: {'gradient_clip_val': 0.2403482305905688, 'hidden_size': 77, 'dropout': 0.3978485180694087, 'hidden_continuous_size': 65, 'attention_head_size': 2, 'learning_rate': 0.04472173351514392}. Best is trial 1 with value: 153.90318298339844.
LOCAL_RANK: 0 - CUDA_VISIBLE_DEVICES: [0]
[I 2023-12-27 11:16:15,485] Trial 48 finished with value: 677.9052734375 and parameters: {'gradient_clip_val': 0.32259096332257925, 'hidden_size': 31, 'dropout': 0.40905498655203354, 'hidden_continuous_size': 13, 'attention_head_size': 3, 'learning_rate': 0.02222248109996736}. Best is trial 1 with value: 153.90318298339844.
LOCAL_RANK: 0 - CUDA_VISIBLE_DEVICES: [0]
[I 2023-12-27 11:16:16,021] Trial 49 finished with value: 924.6767578125 and parameters: {'gradient_clip_val': 0.3742086809739014, 'hidden_size': 15, 'dropout': 0.37387855673046483, 'hidden_continuous_size': 9, 'attention_head_size': 3, 'learning_rate': 0.07068322603399663}. Best is trial 1 with value: 153.90318298339844.
[I 2023-12-27 11:16:16,153] A new study created in memory with name: no-name-b82479cf-eea8-4cdb-af02-ff388d318b0e
/home/le004/conda/anaconda3/envs/tsff_env/lib/python3.9/site-packages/lightning/fabric/plugins/environments/slurm.py:191: The `srun` command is available on your system but is not used. HINT: If your intention is to run Lightning on SLURM, prepend your python command with `srun` like so: srun python /home/le004/master_thesis/git/TSFusionForecast/code/ ...
LOCAL_RANK: 0 - CUDA_VISIBLE_DEVICES: [0]
[I 2023-12-27 11:16:50,000] Trial 0 finished with value: 179.31968688964844 and parameters: {'gradient_clip_val': 0.13968711621064714, 'hidden_size': 39, 'dropout': 0.3735239945720521, 'hidden_continuous_size': 15, 'attention_head_size': 4, 'learning_rate': 0.006676023414669492}. Best is trial 0 with value: 179.31968688964844.
LOCAL_RANK: 0 - CUDA_VISIBLE_DEVICES: [0]
[I 2023-12-27 11:16:50,525] Trial 1 finished with value: 529.15234375 and parameters: {'gradient_clip_val': 0.46789891207896184, 'hidden_size': 38, 'dropout': 0.3573827237682611, 'hidden_continuous_size': 25, 'attention_head_size': 4, 'learning_rate': 0.008296144252728007}. Best is trial 0 with value: 179.31968688964844.
LOCAL_RANK: 0 - CUDA_VISIBLE_DEVICES: [0]
[I 2023-12-27 11:16:51,027] Trial 2 finished with value: 633.9711303710938 and parameters: {'gradient_clip_val': 0.6227417433963558, 'hidden_size': 32, 'dropout': 0.31610882677338437, 'hidden_continuous_size': 8, 'attention_head_size': 2, 'learning_rate': 0.002181493076930923}. Best is trial 0 with value: 179.31968688964844.
LOCAL_RANK: 0 - CUDA_VISIBLE_DEVICES: [0]
[I 2023-12-27 11:16:51,509] Trial 3 finished with value: 613.239990234375 and parameters: {'gradient_clip_val': 0.3442852357080795, 'hidden_size': 38, 'dropout': 0.2900970756285165, 'hidden_continuous_size': 11, 'attention_head_size': 1, 'learning_rate': 0.0013747120609758877}. Best is trial 0 with value: 179.31968688964844.
LOCAL_RANK: 0 - CUDA_VISIBLE_DEVICES: [0]
[I 2023-12-27 11:16:52,029] Trial 4 finished with value: 655.4736328125 and parameters: {'gradient_clip_val': 0.7500318908894773, 'hidden_size': 44, 'dropout': 0.4023474330418094, 'hidden_continuous_size': 7, 'attention_head_size': 2, 'learning_rate': 0.03467590216220943}. Best is trial 0 with value: 179.31968688964844.
LOCAL_RANK: 0 - CUDA_VISIBLE_DEVICES: [0]
[I 2023-12-27 11:16:52,556] Trial 5 finished with value: 745.2964477539062 and parameters: {'gradient_clip_val': 0.18957985737671088, 'hidden_size': 53, 'dropout': 0.1971884925553117, 'hidden_continuous_size': 11, 'attention_head_size': 3, 'learning_rate': 0.04188779857088673}. Best is trial 0 with value: 179.31968688964844.
LOCAL_RANK: 0 - CUDA_VISIBLE_DEVICES: [0]
[I 2023-12-27 11:16:53,361] Trial 6 finished with value: 710.8202514648438 and parameters: {'gradient_clip_val': 0.13488126330235847, 'hidden_size': 49, 'dropout': 0.3445868309848391, 'hidden_continuous_size': 7, 'attention_head_size': 1, 'learning_rate': 0.0024260858665590104}. Best is trial 0 with value: 179.31968688964844.
LOCAL_RANK: 0 - CUDA_VISIBLE_DEVICES: [0]
[I 2023-12-27 11:16:53,882] Trial 7 finished with value: 576.51123046875 and parameters: {'gradient_clip_val': 0.4128626572508871, 'hidden_size': 74, 'dropout': 0.3575019505119982, 'hidden_continuous_size': 9, 'attention_head_size': 2, 'learning_rate': 0.09693986904452093}. Best is trial 0 with value: 179.31968688964844.
LOCAL_RANK: 0 - CUDA_VISIBLE_DEVICES: [0]
[I 2023-12-27 11:16:54,427] Trial 8 finished with value: 613.5693969726562 and parameters: {'gradient_clip_val': 0.9651780915157471, 'hidden_size': 87, 'dropout': 0.422138239775007, 'hidden_continuous_size': 39, 'attention_head_size': 3, 'learning_rate': 0.011068299625117599}. Best is trial 0 with value: 179.31968688964844.
LOCAL_RANK: 0 - CUDA_VISIBLE_DEVICES: [0]
[I 2023-12-27 11:16:54,907] Trial 9 finished with value: 630.0606079101562 and parameters: {'gradient_clip_val': 0.31461299465465953, 'hidden_size': 15, 'dropout': 0.2350487952137555, 'hidden_continuous_size': 9, 'attention_head_size': 4, 'learning_rate': 0.015127802656565223}. Best is trial 0 with value: 179.31968688964844.
LOCAL_RANK: 0 - CUDA_VISIBLE_DEVICES: [0]
[I 2023-12-27 11:16:55,521] Trial 10 finished with value: 784.4872436523438 and parameters: {'gradient_clip_val': 0.10224731994755801, 'hidden_size': 147, 'dropout': 0.11424961670628803, 'hidden_continuous_size': 119, 'attention_head_size': 4, 'learning_rate': 0.0008211239452655184}. Best is trial 0 with value: 179.31968688964844.
LOCAL_RANK: 0 - CUDA_VISIBLE_DEVICES: [0]
[I 2023-12-27 11:16:56,063] Trial 11 finished with value: 569.2028198242188 and parameters: {'gradient_clip_val': 0.2214577062644557, 'hidden_size': 18, 'dropout': 0.46564342617068133, 'hidden_continuous_size': 16, 'attention_head_size': 4, 'learning_rate': 0.006674929250505634}. Best is trial 0 with value: 179.31968688964844.
LOCAL_RANK: 0 - CUDA_VISIBLE_DEVICES: [0]
