[I 2023-12-27 11:26:54,243] Trial 18 finished with value: 234.40394592285156 and parameters: {'gradient_clip_val': 0.3622291434448211, 'hidden_size': 39, 'dropout': 0.41103778764346, 'hidden_continuous_size': 10, 'attention_head_size': 1, 'learning_rate': 0.001656788566851502}. Best is trial 0 with value: 101.68000030517578.
[I 2023-12-27 11:26:54,625] Trial 19 finished with value: 356.9670104980469 and parameters: {'gradient_clip_val': 0.2540103130613144, 'hidden_size': 8, 'dropout': 0.49827972237036094, 'hidden_continuous_size': 6, 'attention_head_size': 2, 'learning_rate': 0.012140169353067705}. Best is trial 0 with value: 101.68000030517578.
[I 2023-12-27 11:26:55,122] Trial 20 finished with value: 247.56805419921875 and parameters: {'gradient_clip_val': 0.5058535065488244, 'hidden_size': 94, 'dropout': 0.3536130901917348, 'hidden_continuous_size': 23, 'attention_head_size': 1, 'learning_rate': 0.005854796037946057}. Best is trial 0 with value: 101.68000030517578.
[I 2023-12-27 11:26:55,507] Trial 21 finished with value: 284.1186828613281 and parameters: {'gradient_clip_val': 0.2527132788869765, 'hidden_size': 24, 'dropout': 0.44510918890602336, 'hidden_continuous_size': 8, 'attention_head_size': 1, 'learning_rate': 0.03910919370370166}. Best is trial 0 with value: 101.68000030517578.
[I 2023-12-27 11:26:55,890] Trial 22 finished with value: 299.5622863769531 and parameters: {'gradient_clip_val': 0.3331044025534017, 'hidden_size': 27, 'dropout': 0.4636173868598783, 'hidden_continuous_size': 7, 'attention_head_size': 1, 'learning_rate': 0.01719280864592708}. Best is trial 0 with value: 101.68000030517578.
[I 2023-12-27 11:26:56,318] Trial 23 finished with value: 292.64569091796875 and parameters: {'gradient_clip_val': 0.1740419310566304, 'hidden_size': 56, 'dropout': 0.41973420268332584, 'hidden_continuous_size': 12, 'attention_head_size': 1, 'learning_rate': 0.030827264722969337}. Best is trial 0 with value: 101.68000030517578.
[I 2023-12-27 11:26:56,734] Trial 24 finished with value: 284.7509460449219 and parameters: {'gradient_clip_val': 0.2698733292530401, 'hidden_size': 35, 'dropout': 0.4673120871319615, 'hidden_continuous_size': 9, 'attention_head_size': 2, 'learning_rate': 0.07228456126627839}. Best is trial 0 with value: 101.68000030517578.
[I 2023-12-27 11:26:57,427] Trial 25 finished with value: 321.8183288574219 and parameters: {'gradient_clip_val': 0.42353451844505163, 'hidden_size': 47, 'dropout': 0.43340232469250056, 'hidden_continuous_size': 8, 'attention_head_size': 1, 'learning_rate': 0.04183493351938738}. Best is trial 0 with value: 101.68000030517578.
[I 2023-12-27 11:26:57,823] Trial 26 finished with value: 302.9793701171875 and parameters: {'gradient_clip_val': 0.22522329004029007, 'hidden_size': 23, 'dropout': 0.38296028724339515, 'hidden_continuous_size': 6, 'attention_head_size': 2, 'learning_rate': 0.015080596091245117}. Best is trial 0 with value: 101.68000030517578.
[I 2023-12-27 11:26:58,331] Trial 27 finished with value: 255.0154266357422 and parameters: {'gradient_clip_val': 0.30268317146199186, 'hidden_size': 100, 'dropout': 0.4718301638316248, 'hidden_continuous_size': 13, 'attention_head_size': 1, 'learning_rate': 0.02615634819964771}. Best is trial 0 with value: 101.68000030517578.
[I 2023-12-27 11:26:58,764] Trial 28 finished with value: 350.8592529296875 and parameters: {'gradient_clip_val': 0.3565005211520837, 'hidden_size': 66, 'dropout': 0.4356067195215715, 'hidden_continuous_size': 5, 'attention_head_size': 3, 'learning_rate': 0.06243416532126694}. Best is trial 0 with value: 101.68000030517578.
[I 2023-12-27 11:26:59,168] Trial 29 finished with value: 258.9258117675781 and parameters: {'gradient_clip_val': 0.22989590992839268, 'hidden_size': 29, 'dropout': 0.3117001360203439, 'hidden_continuous_size': 7, 'attention_head_size': 4, 'learning_rate': 0.03143929512089434}. Best is trial 0 with value: 101.68000030517578.
[I 2023-12-27 11:26:59,567] Trial 30 finished with value: 285.4613342285156 and parameters: {'gradient_clip_val': 0.20830272707953296, 'hidden_size': 43, 'dropout': 0.406857194179767, 'hidden_continuous_size': 11, 'attention_head_size': 1, 'learning_rate': 0.046920514588919535}. Best is trial 0 with value: 101.68000030517578.
[I 2023-12-27 11:26:59,945] Trial 31 finished with value: 307.4559020996094 and parameters: {'gradient_clip_val': 0.15643058707726407, 'hidden_size': 10, 'dropout': 0.2706696025473019, 'hidden_continuous_size': 5, 'attention_head_size': 4, 'learning_rate': 0.022278905501687197}. Best is trial 0 with value: 101.68000030517578.
[I 2023-12-27 11:27:00,338] Trial 32 finished with value: 226.13014221191406 and parameters: {'gradient_clip_val': 0.13850354129790468, 'hidden_size': 14, 'dropout': 0.2883423015571589, 'hidden_continuous_size': 6, 'attention_head_size': 4, 'learning_rate': 0.031080866452393816}. Best is trial 0 with value: 101.68000030517578.
[I 2023-12-27 11:27:00,729] Trial 33 finished with value: 286.95623779296875 and parameters: {'gradient_clip_val': 0.13018771856310146, 'hidden_size': 11, 'dropout': 0.23575227383513514, 'hidden_continuous_size': 5, 'attention_head_size': 4, 'learning_rate': 0.020426929637669417}. Best is trial 0 with value: 101.68000030517578.
[I 2023-12-27 11:27:01,121] Trial 34 finished with value: 385.5694885253906 and parameters: {'gradient_clip_val': 0.23732078528685158, 'hidden_size': 20, 'dropout': 0.2197291832090796, 'hidden_continuous_size': 6, 'attention_head_size': 3, 'learning_rate': 0.015324432516230365}. Best is trial 0 with value: 101.68000030517578.
[I 2023-12-27 11:27:01,636] Trial 35 finished with value: 247.08131408691406 and parameters: {'gradient_clip_val': 0.19972839857076108, 'hidden_size': 120, 'dropout': 0.32522092049651646, 'hidden_continuous_size': 11, 'attention_head_size': 3, 'learning_rate': 0.021310115584266105}. Best is trial 0 with value: 101.68000030517578.
[I 2023-12-27 11:27:02,019] Trial 36 finished with value: 314.332763671875 and parameters: {'gradient_clip_val': 0.27422909003074303, 'hidden_size': 15, 'dropout': 0.3696747667885883, 'hidden_continuous_size': 7, 'attention_head_size': 2, 'learning_rate': 0.0005019020750963364}. Best is trial 0 with value: 101.68000030517578.
[I 2023-12-27 11:27:02,388] Trial 37 finished with value: 314.32275390625 and parameters: {'gradient_clip_val': 0.39020806233527966, 'hidden_size': 17, 'dropout': 0.4801001482217404, 'hidden_continuous_size': 5, 'attention_head_size': 1, 'learning_rate': 0.037844415938141196}. Best is trial 0 with value: 101.68000030517578.
[I 2023-12-27 11:27:03,084] Trial 38 finished with value: 242.0098419189453 and parameters: {'gradient_clip_val': 0.11271385795800118, 'hidden_size': 75, 'dropout': 0.4543933365626196, 'hidden_continuous_size': 15, 'attention_head_size': 4, 'learning_rate': 0.009924635554516614}. Best is trial 0 with value: 101.68000030517578.
[I 2023-12-27 11:27:03,456] Trial 39 finished with value: 278.46343994140625 and parameters: {'gradient_clip_val': 0.17371343110731094, 'hidden_size': 21, 'dropout': 0.47794322644710696, 'hidden_continuous_size': 7, 'attention_head_size': 2, 'learning_rate': 0.05312030148426235}. Best is trial 0 with value: 101.68000030517578.
[I 2023-12-27 11:27:03,827] Trial 40 finished with value: 345.7262268066406 and parameters: {'gradient_clip_val': 0.4827490015285374, 'hidden_size': 6, 'dropout': 0.389093074327895, 'hidden_continuous_size': 5, 'attention_head_size': 1, 'learning_rate': 0.02621187988916428}. Best is trial 0 with value: 101.68000030517578.
[I 2023-12-27 11:27:04,213] Trial 41 finished with value: 287.9576110839844 and parameters: {'gradient_clip_val': 0.1415666107932349, 'hidden_size': 12, 'dropout': 0.27244215278754, 'hidden_continuous_size': 6, 'attention_head_size': 4, 'learning_rate': 0.03239795990322355}. Best is trial 0 with value: 101.68000030517578.
[I 2023-12-27 11:27:04,581] Trial 42 finished with value: 324.0201110839844 and parameters: {'gradient_clip_val': 0.10092533480385335, 'hidden_size': 16, 'dropout': 0.3184629574057729, 'hidden_continuous_size': 6, 'attention_head_size': 4, 'learning_rate': 0.018895737444119647}. Best is trial 0 with value: 101.68000030517578.
[I 2023-12-27 11:27:04,966] Trial 43 finished with value: 228.63836669921875 and parameters: {'gradient_clip_val': 0.12344135918133668, 'hidden_size': 13, 'dropout': 0.2869542829408593, 'hidden_continuous_size': 7, 'attention_head_size': 4, 'learning_rate': 0.028174875660986608}. Best is trial 0 with value: 101.68000030517578.
[I 2023-12-27 11:27:05,359] Trial 44 finished with value: 251.0481414794922 and parameters: {'gradient_clip_val': 0.1512727850024633, 'hidden_size': 14, 'dropout': 0.2961088988480505, 'hidden_continuous_size': 6, 'attention_head_size': 4, 'learning_rate': 0.05358652445136008}. Best is trial 0 with value: 101.68000030517578.
[I 2023-12-27 11:27:05,741] Trial 45 finished with value: 265.2101745605469 and parameters: {'gradient_clip_val': 0.11526437070308629, 'hidden_size': 18, 'dropout': 0.45243114557733327, 'hidden_continuous_size': 5, 'attention_head_size': 3, 'learning_rate': 0.03918078853261688}. Best is trial 0 with value: 101.68000030517578.
[I 2023-12-27 11:27:06,122] Trial 46 finished with value: 335.2533874511719 and parameters: {'gradient_clip_val': 0.1342163745509287, 'hidden_size': 10, 'dropout': 0.24901956717495974, 'hidden_continuous_size': 6, 'attention_head_size': 4, 'learning_rate': 0.08373866861766015}. Best is trial 0 with value: 101.68000030517578.
[I 2023-12-27 11:27:06,519] Trial 47 finished with value: 347.32080078125 and parameters: {'gradient_clip_val': 0.1973406788430388, 'hidden_size': 33, 'dropout': 0.3994675713029468, 'hidden_continuous_size': 9, 'attention_head_size': 1, 'learning_rate': 0.023339634838670825}. Best is trial 0 with value: 101.68000030517578.
[I 2023-12-27 11:27:06,891] Trial 48 finished with value: 250.2420196533203 and parameters: {'gradient_clip_val': 0.1568152396350258, 'hidden_size': 25, 'dropout': 0.4985641063931692, 'hidden_continuous_size': 10, 'attention_head_size': 1, 'learning_rate': 0.06905602959581685}. Best is trial 0 with value: 101.68000030517578.
[I 2023-12-27 11:27:07,253] Trial 49 finished with value: 320.8182067871094 and parameters: {'gradient_clip_val': 0.5819246385193011, 'hidden_size': 8, 'dropout': 0.4206694956568117, 'hidden_continuous_size': 6, 'attention_head_size': 3, 'learning_rate': 0.005650661603637386}. Best is trial 0 with value: 101.68000030517578.
[I 2023-12-27 11:27:07,362] A new study created in memory with name: no-name-ef1d3d9e-6d4a-4021-b80e-1f06db566f91
/home/le004/conda/anaconda3/envs/tsff_env/lib/python3.9/site-packages/lightning/fabric/plugins/environments/slurm.py:191: The `srun` command is available on your system but is not used. HINT: If your intention is to run Lightning on SLURM, prepend your python command with `srun` like so: srun python /home/le004/master_thesis/git/TSFusionForecast/code/ ...
[I 2023-12-27 11:27:42,489] Trial 0 finished with value: 143.05250549316406 and parameters: {'gradient_clip_val': 0.5537674367216782, 'hidden_size': 31, 'dropout': 0.3922737250574273, 'hidden_continuous_size': 30, 'attention_head_size': 3, 'learning_rate': 0.004085746712254991}. Best is trial 0 with value: 143.05250549316406.
[I 2023-12-27 11:27:43,007] Trial 1 finished with value: 320.2035217285156 and parameters: {'gradient_clip_val': 0.9788261864444957, 'hidden_size': 101, 'dropout': 0.4912421942154057, 'hidden_continuous_size': 27, 'attention_head_size': 3, 'learning_rate': 0.0266276262219141}. Best is trial 0 with value: 143.05250549316406.
[I 2023-12-27 11:27:43,393] Trial 2 finished with value: 342.8693542480469 and parameters: {'gradient_clip_val': 0.12139748693922393, 'hidden_size': 15, 'dropout': 0.17806041679714546, 'hidden_continuous_size': 8, 'attention_head_size': 4, 'learning_rate': 0.0034213810402660004}. Best is trial 0 with value: 143.05250549316406.
[I 2023-12-27 11:27:43,792] Trial 3 finished with value: 298.8894348144531 and parameters: {'gradient_clip_val': 0.7736325349214745, 'hidden_size': 33, 'dropout': 0.10472154104679193, 'hidden_continuous_size': 8, 'attention_head_size': 3, 'learning_rate': 0.001558178641875167}. Best is trial 0 with value: 143.05250549316406.
[I 2023-12-27 11:27:44,218] Trial 4 finished with value: 302.8065185546875 and parameters: {'gradient_clip_val': 0.4808271017185852, 'hidden_size': 49, 'dropout': 0.3655608350971834, 'hidden_continuous_size': 48, 'attention_head_size': 3, 'learning_rate': 0.0012726324489898719}. Best is trial 0 with value: 143.05250549316406.
[I 2023-12-27 11:27:44,554] Trial 5 finished with value: 317.7696533203125 and parameters: {'gradient_clip_val': 0.15673761630698443, 'hidden_size': 5, 'dropout': 0.35270690794622905, 'hidden_continuous_size': 5, 'attention_head_size': 2, 'learning_rate': 0.0753377611931806}. Best is trial 0 with value: 143.05250549316406.
[I 2023-12-27 11:27:44,883] Trial 6 finished with value: 266.7060241699219 and parameters: {'gradient_clip_val': 0.7343212919791606, 'hidden_size': 5, 'dropout': 0.4645594631414611, 'hidden_continuous_size': 5, 'attention_head_size': 3, 'learning_rate': 0.005992786021467284}. Best is trial 0 with value: 143.05250549316406.
[I 2023-12-27 11:27:45,381] Trial 7 finished with value: 370.0298156738281 and parameters: {'gradient_clip_val': 0.31372854842485176, 'hidden_size': 83, 'dropout': 0.13830505433557408, 'hidden_continuous_size': 74, 'attention_head_size': 1, 'learning_rate': 0.007815041125272764}. Best is trial 0 with value: 143.05250549316406.
[I 2023-12-27 11:27:45,724] Trial 8 finished with value: 286.5487976074219 and parameters: {'gradient_clip_val': 0.12130030386383081, 'hidden_size': 7, 'dropout': 0.43456775412999293, 'hidden_continuous_size': 7, 'attention_head_size': 1, 'learning_rate': 0.08030337321511215}. Best is trial 0 with value: 143.05250549316406.
[I 2023-12-27 11:27:46,097] Trial 9 finished with value: 305.1710510253906 and parameters: {'gradient_clip_val': 0.5476438685187884, 'hidden_size': 11, 'dropout': 0.3440348424102946, 'hidden_continuous_size': 7, 'attention_head_size': 4, 'learning_rate': 0.001440898934705667}. Best is trial 0 with value: 143.05250549316406.
[I 2023-12-27 11:27:46,506] Trial 10 finished with value: 306.318359375 and parameters: {'gradient_clip_val': 0.3040900734303287, 'hidden_size': 22, 'dropout': 0.25722593247166275, 'hidden_continuous_size': 12, 'attention_head_size': 2, 'learning_rate': 0.0005296309882944693}. Best is trial 0 with value: 143.05250549316406.
[I 2023-12-27 11:27:46,902] Trial 11 finished with value: 250.0862274169922 and parameters: {'gradient_clip_val': 0.6244622309494254, 'hidden_size': 9, 'dropout': 0.44570592625935773, 'hidden_continuous_size': 5, 'attention_head_size': 3, 'learning_rate': 0.007863592168439171}. Best is trial 0 with value: 143.05250549316406.
[I 2023-12-27 11:27:47,298] Trial 12 finished with value: 303.0765380859375 and parameters: {'gradient_clip_val': 0.4831967656440348, 'hidden_size': 13, 'dropout': 0.4208491488588165, 'hidden_continuous_size': 5, 'attention_head_size': 4, 'learning_rate': 0.013447587773650422}. Best is trial 0 with value: 143.05250549316406.
[I 2023-12-27 11:27:47,998] Trial 13 finished with value: 346.49658203125 and parameters: {'gradient_clip_val': 0.3937393791154912, 'hidden_size': 26, 'dropout': 0.4087235484323467, 'hidden_continuous_size': 12, 'attention_head_size': 2, 'learning_rate': 0.004994985434777511}. Best is trial 0 with value: 143.05250549316406.
[I 2023-12-27 11:27:48,453] Trial 14 finished with value: 297.99847412109375 and parameters: {'gradient_clip_val': 0.6417465199587291, 'hidden_size': 52, 'dropout': 0.4875658571381094, 'hidden_continuous_size': 20, 'attention_head_size': 3, 'learning_rate': 0.01793678677103644}. Best is trial 0 with value: 143.05250549316406.
[I 2023-12-27 11:27:48,863] Trial 15 finished with value: 311.0577087402344 and parameters: {'gradient_clip_val': 0.3883301093090125, 'hidden_size': 9, 'dropout': 0.29672548262283505, 'hidden_continuous_size': 5, 'attention_head_size': 2, 'learning_rate': 0.0027577948134659726}. Best is trial 0 with value: 143.05250549316406.
[I 2023-12-27 11:27:49,254] Trial 16 finished with value: 339.8269348144531 and parameters: {'gradient_clip_val': 0.9729500403816902, 'hidden_size': 16, 'dropout': 0.4042153179676498, 'hidden_continuous_size': 6, 'attention_head_size': 4, 'learning_rate': 0.01077785391479059}. Best is trial 0 with value: 143.05250549316406.
[I 2023-12-27 11:27:49,874] Trial 17 finished with value: 300.6687316894531 and parameters: {'gradient_clip_val': 0.635802226359844, 'hidden_size': 135, 'dropout': 0.4589889122447481, 'hidden_continuous_size': 32, 'attention_head_size': 3, 'learning_rate': 0.0038028964124204715}. Best is trial 0 with value: 143.05250549316406.
[I 2023-12-27 11:27:50,290] Trial 18 finished with value: 299.1388244628906 and parameters: {'gradient_clip_val': 0.21453016076244355, 'hidden_size': 19, 'dropout': 0.39588479826052037, 'hidden_continuous_size': 10, 'attention_head_size': 2, 'learning_rate': 0.008513487906297476}. Best is trial 0 with value: 143.05250549316406.
[I 2023-12-27 11:27:50,727] Trial 19 finished with value: 324.0010070800781 and parameters: {'gradient_clip_val': 0.7793964009188229, 'hidden_size': 32, 'dropout': 0.45346231463944164, 'hidden_continuous_size': 15, 'attention_head_size': 4, 'learning_rate': 0.024372515709244993}. Best is trial 0 with value: 143.05250549316406.
[I 2023-12-27 11:27:51,108] Trial 20 finished with value: 346.21337890625 and parameters: {'gradient_clip_val': 0.540429551683645, 'hidden_size': 11, 'dropout': 0.49759160924731155, 'hidden_continuous_size': 6, 'attention_head_size': 3, 'learning_rate': 0.005961943480158482}. Best is trial 0 with value: 143.05250549316406.
[I 2023-12-27 11:27:51,472] Trial 21 finished with value: 227.50279235839844 and parameters: {'gradient_clip_val': 0.7372480691467316, 'hidden_size': 5, 'dropout': 0.4454120700658609, 'hidden_continuous_size': 5, 'attention_head_size': 3, 'learning_rate': 0.006779791482262783}. Best is trial 0 with value: 143.05250549316406.
[I 2023-12-27 11:27:51,865] Trial 22 finished with value: 310.1626281738281 and parameters: {'gradient_clip_val': 0.6382354257290801, 'hidden_size': 7, 'dropout': 0.43708420569079764, 'hidden_continuous_size': 5, 'attention_head_size': 3, 'learning_rate': 0.01005293115101469}. Best is trial 0 with value: 143.05250549316406.
[I 2023-12-27 11:27:52,254] Trial 23 finished with value: 279.2348937988281 and parameters: {'gradient_clip_val': 0.8422850245326612, 'hidden_size': 8, 'dropout': 0.3744273532273864, 'hidden_continuous_size': 5, 'attention_head_size': 3, 'learning_rate': 0.002698710484503296}. Best is trial 0 with value: 143.05250549316406.
[I 2023-12-27 11:27:52,613] Trial 24 finished with value: 362.9185791015625 and parameters: {'gradient_clip_val': 0.6491638223422419, 'hidden_size': 5, 'dropout': 0.43291718369516896, 'hidden_continuous_size': 5, 'attention_head_size': 2, 'learning_rate': 0.004392812925570368}. Best is trial 0 with value: 143.05250549316406.
[I 2023-12-27 11:27:53,017] Trial 25 finished with value: 320.83465576171875 and parameters: {'gradient_clip_val': 0.8635646519625498, 'hidden_size': 6, 'dropout': 0.3946374015718086, 'hidden_continuous_size': 5, 'attention_head_size': 3, 'learning_rate': 0.00636808195287486}. Best is trial 0 with value: 143.05250549316406.
[I 2023-12-27 11:27:53,430] Trial 26 finished with value: 304.2029113769531 and parameters: {'gradient_clip_val': 0.4119987632979096, 'hidden_size': 9, 'dropout': 0.46701874275609107, 'hidden_continuous_size': 6, 'attention_head_size': 4, 'learning_rate': 0.013440707196149353}. Best is trial 0 with value: 143.05250549316406.
[I 2023-12-27 11:27:54,097] Trial 27 finished with value: 335.6460266113281 and parameters: {'gradient_clip_val': 0.7092585161073799, 'hidden_size': 6, 'dropout': 0.32636574210261804, 'hidden_continuous_size': 5, 'attention_head_size': 3, 'learning_rate': 0.007751613886895079}. Best is trial 0 with value: 143.05250549316406.
[I 2023-12-27 11:27:54,491] Trial 28 finished with value: 314.2674865722656 and parameters: {'gradient_clip_val': 0.5577658025828206, 'hidden_size': 12, 'dropout': 0.3775565036812088, 'hidden_continuous_size': 6, 'attention_head_size': 2, 'learning_rate': 0.00472861652598443}. Best is trial 0 with value: 143.05250549316406.
[I 2023-12-27 11:27:54,895] Trial 29 finished with value: 358.5322570800781 and parameters: {'gradient_clip_val': 0.9100357042440131, 'hidden_size': 18, 'dropout': 0.4920035789761158, 'hidden_continuous_size': 9, 'attention_head_size': 3, 'learning_rate': 0.03572372285199143}. Best is trial 0 with value: 143.05250549316406.
[I 2023-12-27 11:27:55,310] Trial 30 finished with value: 350.4957275390625 and parameters: {'gradient_clip_val': 0.8751290745118782, 'hidden_size': 14, 'dropout': 0.4237703574984632, 'hidden_continuous_size': 7, 'attention_head_size': 4, 'learning_rate': 0.015456661620528025}. Best is trial 0 with value: 143.05250549316406.
[I 2023-12-27 11:27:55,669] Trial 31 finished with value: 277.49029541015625 and parameters: {'gradient_clip_val': 0.7553109922172432, 'hidden_size': 5, 'dropout': 0.4685681780275452, 'hidden_continuous_size': 5, 'attention_head_size': 3, 'learning_rate': 0.007382216254088179}. Best is trial 0 with value: 143.05250549316406.
[I 2023-12-27 11:27:56,061] Trial 32 finished with value: 294.4654846191406 and parameters: {'gradient_clip_val': 0.9700922285175747, 'hidden_size': 6, 'dropout': 0.45277003893387247, 'hidden_continuous_size': 5, 'attention_head_size': 3, 'learning_rate': 0.005548947342647369}. Best is trial 0 with value: 143.05250549316406.
