[rank: 0] Seed set to 42
[I 2023-12-27 10:51:54,591] A new study created in memory with name: no-name-1877007b-14b4-4eb0-ac7d-fefa45d768f7
/home/le004/conda/anaconda3/envs/tsff_env/lib/python3.9/site-packages/lightning/fabric/plugins/environments/slurm.py:191: The `srun` command is available on your system but is not used. HINT: If your intention is to run Lightning on SLURM, prepend your python command with `srun` like so: srun python /home/le004/master_thesis/git/TSFusionForecast/code/ ...
LOCAL_RANK: 0 - CUDA_VISIBLE_DEVICES: [0]
[I 2023-12-27 10:52:11,062] Trial 0 finished with value: 43.9117317199707 and parameters: {'gradient_clip_val': 0.5508614651761876, 'hidden_size': 14, 'dropout': 0.3601553422299726, 'hidden_continuous_size': 14, 'attention_head_size': 2, 'learning_rate': 0.09436226233074685}. Best is trial 0 with value: 43.9117317199707.
LOCAL_RANK: 0 - CUDA_VISIBLE_DEVICES: [0]
[I 2023-12-27 10:52:11,588] Trial 1 finished with value: 97.3338623046875 and parameters: {'gradient_clip_val': 0.12015260110969578, 'hidden_size': 11, 'dropout': 0.19004572268325537, 'hidden_continuous_size': 10, 'attention_head_size': 3, 'learning_rate': 0.0011389768564497606}. Best is trial 0 with value: 43.9117317199707.
LOCAL_RANK: 0 - CUDA_VISIBLE_DEVICES: [0]
[I 2023-12-27 10:52:12,124] Trial 2 finished with value: 94.81179809570312 and parameters: {'gradient_clip_val': 0.3172039973122886, 'hidden_size': 32, 'dropout': 0.20315589031495682, 'hidden_continuous_size': 16, 'attention_head_size': 4, 'learning_rate': 0.005451763257574753}. Best is trial 0 with value: 43.9117317199707.
LOCAL_RANK: 0 - CUDA_VISIBLE_DEVICES: [0]
[I 2023-12-27 10:52:12,621] Trial 3 finished with value: 108.6579818725586 and parameters: {'gradient_clip_val': 0.6864606170353666, 'hidden_size': 18, 'dropout': 0.267180489012044, 'hidden_continuous_size': 15, 'attention_head_size': 2, 'learning_rate': 0.0797973014973023}. Best is trial 0 with value: 43.9117317199707.
LOCAL_RANK: 0 - CUDA_VISIBLE_DEVICES: [0]
[I 2023-12-27 10:52:13,153] Trial 4 finished with value: 163.7930450439453 and parameters: {'gradient_clip_val': 0.6717910557198561, 'hidden_size': 144, 'dropout': 0.19068310476870629, 'hidden_continuous_size': 6, 'attention_head_size': 1, 'learning_rate': 0.010340057618449822}. Best is trial 0 with value: 43.9117317199707.
LOCAL_RANK: 0 - CUDA_VISIBLE_DEVICES: [0]
[I 2023-12-27 10:52:13,657] Trial 5 finished with value: 139.08860778808594 and parameters: {'gradient_clip_val': 0.35158273414277463, 'hidden_size': 9, 'dropout': 0.2717827196376179, 'hidden_continuous_size': 5, 'attention_head_size': 4, 'learning_rate': 0.0006023667603805699}. Best is trial 0 with value: 43.9117317199707.
LOCAL_RANK: 0 - CUDA_VISIBLE_DEVICES: [0]
[I 2023-12-27 10:52:14,447] Trial 6 finished with value: 119.3065185546875 and parameters: {'gradient_clip_val': 0.8371817286306282, 'hidden_size': 48, 'dropout': 0.2167297185024562, 'hidden_continuous_size': 20, 'attention_head_size': 4, 'learning_rate': 0.002113575777631438}. Best is trial 0 with value: 43.9117317199707.
LOCAL_RANK: 0 - CUDA_VISIBLE_DEVICES: [0]
[I 2023-12-27 10:52:14,926] Trial 7 finished with value: 153.44012451171875 and parameters: {'gradient_clip_val': 0.4849177806434414, 'hidden_size': 6, 'dropout': 0.12397266282306747, 'hidden_continuous_size': 6, 'attention_head_size': 2, 'learning_rate': 0.06858406810830693}. Best is trial 0 with value: 43.9117317199707.
LOCAL_RANK: 0 - CUDA_VISIBLE_DEVICES: [0]
[I 2023-12-27 10:52:15,434] Trial 8 finished with value: 124.8623275756836 and parameters: {'gradient_clip_val': 0.14253073260852275, 'hidden_size': 22, 'dropout': 0.11310383999577818, 'hidden_continuous_size': 10, 'attention_head_size': 2, 'learning_rate': 0.010285901893649323}. Best is trial 0 with value: 43.9117317199707.
LOCAL_RANK: 0 - CUDA_VISIBLE_DEVICES: [0]
[I 2023-12-27 10:52:15,973] Trial 9 finished with value: 110.10518646240234 and parameters: {'gradient_clip_val': 0.2483905197959351, 'hidden_size': 41, 'dropout': 0.1659543331077475, 'hidden_continuous_size': 14, 'attention_head_size': 3, 'learning_rate': 0.0005281380379605932}. Best is trial 0 with value: 43.9117317199707.
LOCAL_RANK: 0 - CUDA_VISIBLE_DEVICES: [0]
[I 2023-12-27 10:52:16,466] Trial 10 finished with value: 115.13057708740234 and parameters: {'gradient_clip_val': 0.9136965291452207, 'hidden_size': 5, 'dropout': 0.40383550016921577, 'hidden_continuous_size': 5, 'attention_head_size': 1, 'learning_rate': 0.03186113775265849}. Best is trial 0 with value: 43.9117317199707.
LOCAL_RANK: 0 - CUDA_VISIBLE_DEVICES: [0]
[I 2023-12-27 10:52:17,005] Trial 11 finished with value: 99.57904052734375 and parameters: {'gradient_clip_val': 0.3882240159855126, 'hidden_size': 15, 'dropout': 0.38589407860828917, 'hidden_continuous_size': 12, 'attention_head_size': 3, 'learning_rate': 0.004316503797716416}. Best is trial 0 with value: 43.9117317199707.
LOCAL_RANK: 0 - CUDA_VISIBLE_DEVICES: [0]
[I 2023-12-27 10:52:17,554] Trial 12 finished with value: 164.9430694580078 and parameters: {'gradient_clip_val': 0.22965559584015544, 'hidden_size': 33, 'dropout': 0.34087479352046535, 'hidden_continuous_size': 26, 'attention_head_size': 4, 'learning_rate': 0.0252110701638706}. Best is trial 0 with value: 43.9117317199707.
LOCAL_RANK: 0 - CUDA_VISIBLE_DEVICES: [0]
[I 2023-12-27 10:52:18,089] Trial 13 finished with value: 145.75833129882812 and parameters: {'gradient_clip_val': 0.5021935896310094, 'hidden_size': 27, 'dropout': 0.46781533867369507, 'hidden_continuous_size': 17, 'attention_head_size': 2, 'learning_rate': 0.004455135556796152}. Best is trial 0 with value: 43.9117317199707.
LOCAL_RANK: 0 - CUDA_VISIBLE_DEVICES: [0]
[I 2023-12-27 10:52:18,640] Trial 14 finished with value: 124.18950653076172 and parameters: {'gradient_clip_val': 0.2723223468704891, 'hidden_size': 54, 'dropout': 0.3229568287770164, 'hidden_continuous_size': 41, 'attention_head_size': 3, 'learning_rate': 0.017605140601253174}. Best is trial 0 with value: 43.9117317199707.
LOCAL_RANK: 0 - CUDA_VISIBLE_DEVICES: [0]
[I 2023-12-27 10:52:19,167] Trial 15 finished with value: 129.02127075195312 and parameters: {'gradient_clip_val': 0.18869496443549238, 'hidden_size': 13, 'dropout': 0.2696249740705359, 'hidden_continuous_size': 8, 'attention_head_size': 1, 'learning_rate': 0.04163040107549102}. Best is trial 0 with value: 43.9117317199707.
LOCAL_RANK: 0 - CUDA_VISIBLE_DEVICES: [0]
[I 2023-12-27 10:52:19,725] Trial 16 finished with value: 99.26831817626953 and parameters: {'gradient_clip_val': 0.3977670283424247, 'hidden_size': 9, 'dropout': 0.23688454635781464, 'hidden_continuous_size': 6, 'attention_head_size': 4, 'learning_rate': 0.018340705060264893}. Best is trial 0 with value: 43.9117317199707.
LOCAL_RANK: 0 - CUDA_VISIBLE_DEVICES: [0]
[I 2023-12-27 10:52:20,262] Trial 17 finished with value: 119.4488525390625 and parameters: {'gradient_clip_val': 0.31326738752203015, 'hidden_size': 22, 'dropout': 0.3167100692828429, 'hidden_continuous_size': 12, 'attention_head_size': 3, 'learning_rate': 0.0908154703594214}. Best is trial 0 with value: 43.9117317199707.
LOCAL_RANK: 0 - CUDA_VISIBLE_DEVICES: [0]
[I 2023-12-27 10:52:20,803] Trial 18 finished with value: 105.9070816040039 and parameters: {'gradient_clip_val': 0.47290156624933943, 'hidden_size': 17, 'dropout': 0.35181206337219156, 'hidden_continuous_size': 8, 'attention_head_size': 2, 'learning_rate': 0.006525710646576605}. Best is trial 0 with value: 43.9117317199707.
LOCAL_RANK: 0 - CUDA_VISIBLE_DEVICES: [0]
[I 2023-12-27 10:52:21,557] Trial 19 finished with value: 138.0458221435547 and parameters: {'gradient_clip_val': 0.6068453995241502, 'hidden_size': 30, 'dropout': 0.4992072236763514, 'hidden_continuous_size': 18, 'attention_head_size': 1, 'learning_rate': 0.0027194222238509924}. Best is trial 0 with value: 43.9117317199707.
LOCAL_RANK: 0 - CUDA_VISIBLE_DEVICES: [0]
[I 2023-12-27 10:52:22,134] Trial 20 finished with value: 113.75923919677734 and parameters: {'gradient_clip_val': 0.32695093677264847, 'hidden_size': 63, 'dropout': 0.2900862663111749, 'hidden_continuous_size': 26, 'attention_head_size': 4, 'learning_rate': 0.04153485062020191}. Best is trial 0 with value: 43.9117317199707.
LOCAL_RANK: 0 - CUDA_VISIBLE_DEVICES: [0]
[I 2023-12-27 10:52:22,670] Trial 21 finished with value: 137.08868408203125 and parameters: {'gradient_clip_val': 0.10125233881231385, 'hidden_size': 11, 'dropout': 0.17039244177255064, 'hidden_continuous_size': 8, 'attention_head_size': 3, 'learning_rate': 0.0016465353435465865}. Best is trial 0 with value: 43.9117317199707.
LOCAL_RANK: 0 - CUDA_VISIBLE_DEVICES: [0]
[I 2023-12-27 10:52:23,196] Trial 22 finished with value: 123.6377944946289 and parameters: {'gradient_clip_val': 0.19257863336362455, 'hidden_size': 7, 'dropout': 0.22522328617449136, 'hidden_continuous_size': 5, 'attention_head_size': 3, 'learning_rate': 0.0011943637073003437}. Best is trial 0 with value: 43.9117317199707.
LOCAL_RANK: 0 - CUDA_VISIBLE_DEVICES: [0]
[I 2023-12-27 10:52:23,722] Trial 23 finished with value: 131.5135955810547 and parameters: {'gradient_clip_val': 0.14444884795486979, 'hidden_size': 12, 'dropout': 0.1445098910110993, 'hidden_continuous_size': 7, 'attention_head_size': 2, 'learning_rate': 0.0010321447795319028}. Best is trial 0 with value: 43.9117317199707.
LOCAL_RANK: 0 - CUDA_VISIBLE_DEVICES: [0]
[I 2023-12-27 10:52:24,264] Trial 24 finished with value: 168.23468017578125 and parameters: {'gradient_clip_val': 0.28073225435350885, 'hidden_size': 9, 'dropout': 0.2033794209005992, 'hidden_continuous_size': 7, 'attention_head_size': 4, 'learning_rate': 0.0031865490908519183}. Best is trial 0 with value: 43.9117317199707.
LOCAL_RANK: 0 - CUDA_VISIBLE_DEVICES: [0]
[I 2023-12-27 10:52:24,710] Trial 25 finished with value: 100.21240234375 and parameters: {'gradient_clip_val': 0.40600710164951626, 'hidden_size': 19, 'dropout': 0.23652149227185165, 'hidden_continuous_size': 10, 'attention_head_size': 3, 'learning_rate': 0.0078801202425843}. Best is trial 0 with value: 43.9117317199707.
LOCAL_RANK: 0 - CUDA_VISIBLE_DEVICES: [0]
[I 2023-12-27 10:52:25,242] Trial 26 finished with value: 126.65584564208984 and parameters: {'gradient_clip_val': 0.31003532200138656, 'hidden_size': 15, 'dropout': 0.17561081733611048, 'hidden_continuous_size': 9, 'attention_head_size': 2, 'learning_rate': 0.014143276589494738}. Best is trial 0 with value: 43.9117317199707.
LOCAL_RANK: 0 - CUDA_VISIBLE_DEVICES: [0]
[I 2023-12-27 10:52:25,820] Trial 27 finished with value: 123.13256072998047 and parameters: {'gradient_clip_val': 0.5534512313757148, 'hidden_size': 22, 'dropout': 0.14300387895358815, 'hidden_continuous_size': 11, 'attention_head_size': 3, 'learning_rate': 0.0048116040736985635}. Best is trial 0 with value: 43.9117317199707.
LOCAL_RANK: 0 - CUDA_VISIBLE_DEVICES: [0]
[I 2023-12-27 10:52:26,362] Trial 28 finished with value: 125.0817642211914 and parameters: {'gradient_clip_val': 0.9988644926039889, 'hidden_size': 14, 'dropout': 0.24490677215216985, 'hidden_continuous_size': 9, 'attention_head_size': 4, 'learning_rate': 0.002892829908138762}. Best is trial 0 with value: 43.9117317199707.
LOCAL_RANK: 0 - CUDA_VISIBLE_DEVICES: [0]
[I 2023-12-27 10:52:26,898] Trial 29 finished with value: 93.40653228759766 and parameters: {'gradient_clip_val': 0.6191888070630854, 'hidden_size': 18, 'dropout': 0.19087665458093012, 'hidden_continuous_size': 12, 'attention_head_size': 2, 'learning_rate': 0.006280779502003511}. Best is trial 0 with value: 43.9117317199707.
LOCAL_RANK: 0 - CUDA_VISIBLE_DEVICES: [0]
[I 2023-12-27 10:52:27,457] Trial 30 finished with value: 110.08277130126953 and parameters: {'gradient_clip_val': 0.6838595321176577, 'hidden_size': 26, 'dropout': 0.10107284456515152, 'hidden_continuous_size': 13, 'attention_head_size': 2, 'learning_rate': 0.006942927009503996}. Best is trial 0 with value: 43.9117317199707.
LOCAL_RANK: 0 - CUDA_VISIBLE_DEVICES: [0]
[I 2023-12-27 10:52:28,250] Trial 31 finished with value: 98.82659149169922 and parameters: {'gradient_clip_val': 0.7759479500397752, 'hidden_size': 11, 'dropout': 0.2156489564313358, 'hidden_continuous_size': 7, 'attention_head_size': 2, 'learning_rate': 0.010846383670526837}. Best is trial 0 with value: 43.9117317199707.
LOCAL_RANK: 0 - CUDA_VISIBLE_DEVICES: [0]
[I 2023-12-27 10:52:28,695] Trial 32 finished with value: 114.8755111694336 and parameters: {'gradient_clip_val': 0.6589214861123909, 'hidden_size': 17, 'dropout': 0.19073400508924668, 'hidden_continuous_size': 11, 'attention_head_size': 1, 'learning_rate': 0.00544762101167518}. Best is trial 0 with value: 43.9117317199707.
LOCAL_RANK: 0 - CUDA_VISIBLE_DEVICES: [0]
[I 2023-12-27 10:52:29,230] Trial 33 finished with value: 149.31430053710938 and parameters: {'gradient_clip_val': 0.547149111776439, 'hidden_size': 18, 'dropout': 0.2534618143918318, 'hidden_continuous_size': 13, 'attention_head_size': 2, 'learning_rate': 0.009099399860182274}. Best is trial 0 with value: 43.9117317199707.
LOCAL_RANK: 0 - CUDA_VISIBLE_DEVICES: [0]
[I 2023-12-27 10:52:29,767] Trial 34 finished with value: 130.8279571533203 and parameters: {'gradient_clip_val': 0.7688936551469923, 'hidden_size': 10, 'dropout': 0.20086698188978522, 'hidden_continuous_size': 6, 'attention_head_size': 3, 'learning_rate': 0.012675963332664374}. Best is trial 0 with value: 43.9117317199707.
LOCAL_RANK: 0 - CUDA_VISIBLE_DEVICES: [0]
[I 2023-12-27 10:52:30,297] Trial 35 finished with value: 101.41068267822266 and parameters: {'gradient_clip_val': 0.4166703215209507, 'hidden_size': 7, 'dropout': 0.28151435404667885, 'hidden_continuous_size': 5, 'attention_head_size': 2, 'learning_rate': 0.0007510966688620198}. Best is trial 0 with value: 43.9117317199707.
LOCAL_RANK: 0 - CUDA_VISIBLE_DEVICES: [0]
[I 2023-12-27 10:52:30,850] Trial 36 finished with value: 112.7689437866211 and parameters: {'gradient_clip_val': 0.3533758118705568, 'hidden_size': 13, 'dropout': 0.268739832422381, 'hidden_continuous_size': 9, 'attention_head_size': 4, 'learning_rate': 0.001966133195827969}. Best is trial 0 with value: 43.9117317199707.
LOCAL_RANK: 0 - CUDA_VISIBLE_DEVICES: [0]
[I 2023-12-27 10:52:31,396] Trial 37 finished with value: 114.6287612915039 and parameters: {'gradient_clip_val': 0.4510648263570913, 'hidden_size': 33, 'dropout': 0.21270870135335068, 'hidden_continuous_size': 15, 'attention_head_size': 2, 'learning_rate': 0.06953861359047296}. Best is trial 0 with value: 43.9117317199707.
LOCAL_RANK: 0 - CUDA_VISIBLE_DEVICES: [0]
[I 2023-12-27 10:52:31,919] Trial 38 finished with value: 137.18710327148438 and parameters: {'gradient_clip_val': 0.5918047960801102, 'hidden_size': 8, 'dropout': 0.185710164792465, 'hidden_continuous_size': 5, 'attention_head_size': 1, 'learning_rate': 0.007778504374951207}. Best is trial 0 with value: 43.9117317199707.
LOCAL_RANK: 0 - CUDA_VISIBLE_DEVICES: [0]
[I 2023-12-27 10:52:32,460] Trial 39 finished with value: 140.64129638671875 and parameters: {'gradient_clip_val': 0.5306082040711877, 'hidden_size': 11, 'dropout': 0.15366334579972718, 'hidden_continuous_size': 10, 'attention_head_size': 3, 'learning_rate': 0.003539505230027263}. Best is trial 0 with value: 43.9117317199707.
LOCAL_RANK: 0 - CUDA_VISIBLE_DEVICES: [0]
[I 2023-12-27 10:52:32,944] Trial 40 finished with value: 116.56744384765625 and parameters: {'gradient_clip_val': 0.4545785473407619, 'hidden_size': 5, 'dropout': 0.12682932821511805, 'hidden_continuous_size': 5, 'attention_head_size': 4, 'learning_rate': 0.0023444075138435243}. Best is trial 0 with value: 43.9117317199707.
LOCAL_RANK: 0 - CUDA_VISIBLE_DEVICES: [0]
[I 2023-12-27 10:52:33,481] Trial 41 finished with value: 98.3890609741211 and parameters: {'gradient_clip_val': 0.7671597738900007, 'hidden_size': 11, 'dropout': 0.21330585147393594, 'hidden_continuous_size': 7, 'attention_head_size': 2, 'learning_rate': 0.010961197352438274}. Best is trial 0 with value: 43.9117317199707.
LOCAL_RANK: 0 - CUDA_VISIBLE_DEVICES: [0]
[I 2023-12-27 10:52:34,016] Trial 42 finished with value: 144.02767944335938 and parameters: {'gradient_clip_val': 0.8028885930903311, 'hidden_size': 15, 'dropout': 0.17646413401081257, 'hidden_continuous_size': 11, 'attention_head_size': 2, 'learning_rate': 0.006098528477057148}. Best is trial 0 with value: 43.9117317199707.
LOCAL_RANK: 0 - CUDA_VISIBLE_DEVICES: [0]
[I 2023-12-27 10:52:34,836] Trial 43 finished with value: 118.08614349365234 and parameters: {'gradient_clip_val': 0.6405428341444855, 'hidden_size': 10, 'dropout': 0.19570498388886426, 'hidden_continuous_size': 6, 'attention_head_size': 2, 'learning_rate': 0.003633657852495366}. Best is trial 0 with value: 43.9117317199707.
LOCAL_RANK: 0 - CUDA_VISIBLE_DEVICES: [0]
[I 2023-12-27 10:52:35,281] Trial 44 finished with value: 146.35972595214844 and parameters: {'gradient_clip_val': 0.6895881522593964, 'hidden_size': 13, 'dropout': 0.2566514958515802, 'hidden_continuous_size': 7, 'attention_head_size': 2, 'learning_rate': 0.005017400060977106}. Best is trial 0 with value: 43.9117317199707.
LOCAL_RANK: 0 - CUDA_VISIBLE_DEVICES: [0]
[I 2023-12-27 10:52:35,827] Trial 45 finished with value: 130.26222229003906 and parameters: {'gradient_clip_val': 0.8960049859773891, 'hidden_size': 6, 'dropout': 0.22910873433977416, 'hidden_continuous_size': 5, 'attention_head_size': 1, 'learning_rate': 0.05563236874273057}. Best is trial 0 with value: 43.9117317199707.
LOCAL_RANK: 0 - CUDA_VISIBLE_DEVICES: [0]
[I 2023-12-27 10:52:36,352] Trial 46 finished with value: 99.32352447509766 and parameters: {'gradient_clip_val': 0.512563964476896, 'hidden_size': 20, 'dropout': 0.2117122207393466, 'hidden_continuous_size': 12, 'attention_head_size': 2, 'learning_rate': 0.025422416524793576}. Best is trial 0 with value: 43.9117317199707.
LOCAL_RANK: 0 - CUDA_VISIBLE_DEVICES: [0]
[I 2023-12-27 10:52:36,874] Trial 47 finished with value: 145.38037109375 and parameters: {'gradient_clip_val': 0.6028003088921436, 'hidden_size': 16, 'dropout': 0.15637883721985898, 'hidden_continuous_size': 10, 'attention_head_size': 3, 'learning_rate': 0.009068063578738851}. Best is trial 0 with value: 43.9117317199707.
LOCAL_RANK: 0 - CUDA_VISIBLE_DEVICES: [0]
[I 2023-12-27 10:52:37,396] Trial 48 finished with value: 161.4658660888672 and parameters: {'gradient_clip_val': 0.710975079392223, 'hidden_size': 25, 'dropout': 0.1867853700641653, 'hidden_continuous_size': 15, 'attention_head_size': 2, 'learning_rate': 0.088879882492433}. Best is trial 0 with value: 43.9117317199707.
LOCAL_RANK: 0 - CUDA_VISIBLE_DEVICES: [0]
[I 2023-12-27 10:52:37,935] Trial 49 finished with value: 147.97735595703125 and parameters: {'gradient_clip_val': 0.3545693823345765, 'hidden_size': 40, 'dropout': 0.2983259493147497, 'hidden_continuous_size': 17, 'attention_head_size': 2, 'learning_rate': 0.0038995536436142674}. Best is trial 0 with value: 43.9117317199707.
[I 2023-12-27 10:52:38,065] A new study created in memory with name: no-name-a9136a47-97d3-42a7-a028-2882ac2a056a
/home/le004/conda/anaconda3/envs/tsff_env/lib/python3.9/site-packages/lightning/fabric/plugins/environments/slurm.py:191: The `srun` command is available on your system but is not used. HINT: If your intention is to run Lightning on SLURM, prepend your python command with `srun` like so: srun python /home/le004/master_thesis/git/TSFusionForecast/code/ ...
LOCAL_RANK: 0 - CUDA_VISIBLE_DEVICES: [0]
[I 2023-12-27 10:53:07,007] Trial 0 finished with value: 520.4190063476562 and parameters: {'gradient_clip_val': 0.47629682852095256, 'hidden_size': 17, 'dropout': 0.40142137688254864, 'hidden_continuous_size': 14, 'attention_head_size': 4, 'learning_rate': 0.0021753863912805298}. Best is trial 0 with value: 520.4190063476562.
LOCAL_RANK: 0 - CUDA_VISIBLE_DEVICES: [0]
[I 2023-12-27 10:53:19,749] Trial 1 finished with value: 379.9925842285156 and parameters: {'gradient_clip_val': 0.1300137692445052, 'hidden_size': 102, 'dropout': 0.21607833495502132, 'hidden_continuous_size': 9, 'attention_head_size': 1, 'learning_rate': 0.015870702145007225}. Best is trial 1 with value: 379.9925842285156.
LOCAL_RANK: 0 - CUDA_VISIBLE_DEVICES: [0]
[I 2023-12-27 10:53:20,192] Trial 2 finished with value: 1156.6514892578125 and parameters: {'gradient_clip_val': 0.7750948857215331, 'hidden_size': 24, 'dropout': 0.40422747070823795, 'hidden_continuous_size': 11, 'attention_head_size': 2, 'learning_rate': 0.009320874289428448}. Best is trial 1 with value: 379.9925842285156.
LOCAL_RANK: 0 - CUDA_VISIBLE_DEVICES: [0]
[I 2023-12-27 10:53:20,976] Trial 3 finished with value: 945.0964965820312 and parameters: {'gradient_clip_val': 0.10702901517776765, 'hidden_size': 122, 'dropout': 0.3588593280100203, 'hidden_continuous_size': 8, 'attention_head_size': 4, 'learning_rate': 0.005972035759144736}. Best is trial 1 with value: 379.9925842285156.
LOCAL_RANK: 0 - CUDA_VISIBLE_DEVICES: [0]
[I 2023-12-27 10:53:21,409] Trial 4 finished with value: 1015.94287109375 and parameters: {'gradient_clip_val': 0.6165772133735786, 'hidden_size': 20, 'dropout': 0.42861659492621207, 'hidden_continuous_size': 13, 'attention_head_size': 1, 'learning_rate': 0.0012067090567041583}. Best is trial 1 with value: 379.9925842285156.
LOCAL_RANK: 0 - CUDA_VISIBLE_DEVICES: [0]
[I 2023-12-27 10:53:21,894] Trial 5 finished with value: 839.82763671875 and parameters: {'gradient_clip_val': 0.21016383551723347, 'hidden_size': 46, 'dropout': 0.34883275525364055, 'hidden_continuous_size': 7, 'attention_head_size': 3, 'learning_rate': 0.000606361917281871}. Best is trial 1 with value: 379.9925842285156.
LOCAL_RANK: 0 - CUDA_VISIBLE_DEVICES: [0]
[I 2023-12-27 10:53:22,281] Trial 6 finished with value: 1079.49365234375 and parameters: {'gradient_clip_val': 0.1769484957793748, 'hidden_size': 5, 'dropout': 0.13214322698512546, 'hidden_continuous_size': 5, 'attention_head_size': 3, 'learning_rate': 0.006653920728861961}. Best is trial 1 with value: 379.9925842285156.
LOCAL_RANK: 0 - CUDA_VISIBLE_DEVICES: [0]
