[I 2023-12-27 11:24:25,466] Trial 13 finished with value: 178.3848419189453 and parameters: {'gradient_clip_val': 0.3091975024198437, 'hidden_size': 5, 'dropout': 0.3951805801581678, 'hidden_continuous_size': 5, 'attention_head_size': 3, 'learning_rate': 0.0073613021674032554}. Best is trial 0 with value: 53.45896530151367.
[I 2023-12-27 11:24:25,843] Trial 14 finished with value: 96.0666275024414 and parameters: {'gradient_clip_val': 0.7002552468601269, 'hidden_size': 22, 'dropout': 0.31299375425756987, 'hidden_continuous_size': 12, 'attention_head_size': 1, 'learning_rate': 0.0005172455160619722}. Best is trial 0 with value: 53.45896530151367.
[I 2023-12-27 11:24:26,203] Trial 15 finished with value: 153.27713012695312 and parameters: {'gradient_clip_val': 0.20434343570146146, 'hidden_size': 8, 'dropout': 0.43125327293625104, 'hidden_continuous_size': 6, 'attention_head_size': 4, 'learning_rate': 0.00940896167409461}. Best is trial 0 with value: 53.45896530151367.
[I 2023-12-27 11:24:26,579] Trial 16 finished with value: 161.6543731689453 and parameters: {'gradient_clip_val': 0.37480793978974986, 'hidden_size': 16, 'dropout': 0.36239057790825724, 'hidden_continuous_size': 10, 'attention_head_size': 2, 'learning_rate': 0.0021708260396678222}. Best is trial 0 with value: 53.45896530151367.
[I 2023-12-27 11:24:26,958] Trial 17 finished with value: 76.32129669189453 and parameters: {'gradient_clip_val': 0.5802056778416212, 'hidden_size': 7, 'dropout': 0.2986713655543594, 'hidden_continuous_size': 5, 'attention_head_size': 3, 'learning_rate': 0.008075492407356513}. Best is trial 0 with value: 53.45896530151367.
[I 2023-12-27 11:24:27,334] Trial 18 finished with value: 135.6099090576172 and parameters: {'gradient_clip_val': 0.9431440334632404, 'hidden_size': 10, 'dropout': 0.4420615319867455, 'hidden_continuous_size': 8, 'attention_head_size': 2, 'learning_rate': 0.002277622737471364}. Best is trial 0 with value: 53.45896530151367.
[I 2023-12-27 11:24:27,730] Trial 19 finished with value: 134.3501739501953 and parameters: {'gradient_clip_val': 0.38144883217021935, 'hidden_size': 33, 'dropout': 0.39012677475872376, 'hidden_continuous_size': 31, 'attention_head_size': 3, 'learning_rate': 0.004774639667612228}. Best is trial 0 with value: 53.45896530151367.
[I 2023-12-27 11:24:28,076] Trial 20 finished with value: 112.79447174072266 and parameters: {'gradient_clip_val': 0.24825399530746478, 'hidden_size': 6, 'dropout': 0.4447694688276663, 'hidden_continuous_size': 5, 'attention_head_size': 1, 'learning_rate': 0.012801475174667273}. Best is trial 0 with value: 53.45896530151367.
[I 2023-12-27 11:24:28,435] Trial 21 finished with value: 152.4980926513672 and parameters: {'gradient_clip_val': 0.6265434232400365, 'hidden_size': 7, 'dropout': 0.28979148994485443, 'hidden_continuous_size': 5, 'attention_head_size': 3, 'learning_rate': 0.007155345481178789}. Best is trial 0 with value: 53.45896530151367.
[I 2023-12-27 11:24:29,066] Trial 22 finished with value: 155.12269592285156 and parameters: {'gradient_clip_val': 0.5582125511472058, 'hidden_size': 8, 'dropout': 0.29119704281790004, 'hidden_continuous_size': 6, 'attention_head_size': 3, 'learning_rate': 0.009602683569014519}. Best is trial 0 with value: 53.45896530151367.
[I 2023-12-27 11:24:29,462] Trial 23 finished with value: 130.7447052001953 and parameters: {'gradient_clip_val': 0.4739410305702332, 'hidden_size': 12, 'dropout': 0.38705943792679876, 'hidden_continuous_size': 7, 'attention_head_size': 4, 'learning_rate': 0.005452624722423739}. Best is trial 0 with value: 53.45896530151367.
[I 2023-12-27 11:24:29,845] Trial 24 finished with value: 151.0330047607422 and parameters: {'gradient_clip_val': 0.7132066707399483, 'hidden_size': 7, 'dropout': 0.3374105456894086, 'hidden_continuous_size': 5, 'attention_head_size': 3, 'learning_rate': 0.003330771399989598}. Best is trial 0 with value: 53.45896530151367.
[I 2023-12-27 11:24:30,172] Trial 25 finished with value: 148.98440551757812 and parameters: {'gradient_clip_val': 0.5746333561133078, 'hidden_size': 5, 'dropout': 0.40584314582205405, 'hidden_continuous_size': 5, 'attention_head_size': 2, 'learning_rate': 0.021404098159204094}. Best is trial 0 with value: 53.45896530151367.
[I 2023-12-27 11:24:30,552] Trial 26 finished with value: 148.8846893310547 and parameters: {'gradient_clip_val': 0.793997614234673, 'hidden_size': 17, 'dropout': 0.3641680566221094, 'hidden_continuous_size': 10, 'attention_head_size': 3, 'learning_rate': 0.009438636600058548}. Best is trial 0 with value: 53.45896530151367.
[I 2023-12-27 11:24:30,968] Trial 27 finished with value: 110.77449798583984 and parameters: {'gradient_clip_val': 0.43486099389793975, 'hidden_size': 11, 'dropout': 0.3086585277835644, 'hidden_continuous_size': 6, 'attention_head_size': 4, 'learning_rate': 0.006373863991708485}. Best is trial 0 with value: 53.45896530151367.
[I 2023-12-27 11:24:31,365] Trial 28 finished with value: 160.14784240722656 and parameters: {'gradient_clip_val': 0.567375180788495, 'hidden_size': 9, 'dropout': 0.26227083233338616, 'hidden_continuous_size': 6, 'attention_head_size': 2, 'learning_rate': 0.003821578284801516}. Best is trial 0 with value: 53.45896530151367.
[I 2023-12-27 11:24:31,737] Trial 29 finished with value: 93.73328399658203 and parameters: {'gradient_clip_val': 0.35079491451258027, 'hidden_size': 12, 'dropout': 0.33790250131463284, 'hidden_continuous_size': 8, 'attention_head_size': 1, 'learning_rate': 0.0014922508560632666}. Best is trial 0 with value: 53.45896530151367.
[I 2023-12-27 11:24:32,110] Trial 30 finished with value: 172.32640075683594 and parameters: {'gradient_clip_val': 0.808814656164305, 'hidden_size': 17, 'dropout': 0.12062587324641677, 'hidden_continuous_size': 9, 'attention_head_size': 3, 'learning_rate': 0.00260011665558797}. Best is trial 0 with value: 53.45896530151367.
[I 2023-12-27 11:24:32,478] Trial 31 finished with value: 125.80533599853516 and parameters: {'gradient_clip_val': 0.3542536378383742, 'hidden_size': 13, 'dropout': 0.33055057443934327, 'hidden_continuous_size': 7, 'attention_head_size': 1, 'learning_rate': 0.0014448759663961699}. Best is trial 0 with value: 53.45896530151367.
[I 2023-12-27 11:24:32,852] Trial 32 finished with value: 121.7075424194336 and parameters: {'gradient_clip_val': 0.42742276631391773, 'hidden_size': 7, 'dropout': 0.36060105856316066, 'hidden_continuous_size': 5, 'attention_head_size': 1, 'learning_rate': 0.0015170698265670787}. Best is trial 0 with value: 53.45896530151367.
[I 2023-12-27 11:24:33,217] Trial 33 finished with value: 96.0406723022461 and parameters: {'gradient_clip_val': 0.33902207033052134, 'hidden_size': 11, 'dropout': 0.32654537984721516, 'hidden_continuous_size': 8, 'attention_head_size': 1, 'learning_rate': 0.005002305876584048}. Best is trial 0 with value: 53.45896530151367.
[I 2023-12-27 11:24:33,611] Trial 34 finished with value: 170.82154846191406 and parameters: {'gradient_clip_val': 0.278755977527026, 'hidden_size': 13, 'dropout': 0.3456860740524431, 'hidden_continuous_size': 7, 'attention_head_size': 2, 'learning_rate': 0.0027693548933899045}. Best is trial 0 with value: 53.45896530151367.
[I 2023-12-27 11:24:34,201] Trial 35 finished with value: 122.36804962158203 and parameters: {'gradient_clip_val': 0.5133126064266191, 'hidden_size': 9, 'dropout': 0.4062901722834212, 'hidden_continuous_size': 6, 'attention_head_size': 3, 'learning_rate': 0.00444142424350753}. Best is trial 0 with value: 53.45896530151367.
[I 2023-12-27 11:24:34,636] Trial 36 finished with value: 100.4173812866211 and parameters: {'gradient_clip_val': 0.449433613890004, 'hidden_size': 29, 'dropout': 0.38034278766514257, 'hidden_continuous_size': 14, 'attention_head_size': 2, 'learning_rate': 0.0008984521984922486}. Best is trial 0 with value: 53.45896530151367.
[I 2023-12-27 11:24:35,047] Trial 37 finished with value: 200.7056884765625 and parameters: {'gradient_clip_val': 0.3471503072706851, 'hidden_size': 21, 'dropout': 0.3481154185433756, 'hidden_continuous_size': 11, 'attention_head_size': 1, 'learning_rate': 0.005677907928734859}. Best is trial 0 with value: 53.45896530151367.
[I 2023-12-27 11:24:35,459] Trial 38 finished with value: 112.06771850585938 and parameters: {'gradient_clip_val': 0.3906046827868796, 'hidden_size': 15, 'dropout': 0.3190413466156854, 'hidden_continuous_size': 9, 'attention_head_size': 3, 'learning_rate': 0.0015723362411266067}. Best is trial 0 with value: 53.45896530151367.
[I 2023-12-27 11:24:35,894] Trial 39 finished with value: 138.4879608154297 and parameters: {'gradient_clip_val': 0.48191895844725086, 'hidden_size': 36, 'dropout': 0.3714349479654142, 'hidden_continuous_size': 18, 'attention_head_size': 4, 'learning_rate': 0.0031080960800675644}. Best is trial 0 with value: 53.45896530151367.
[I 2023-12-27 11:24:36,299] Trial 40 finished with value: 183.1617889404297 and parameters: {'gradient_clip_val': 0.5277266655026807, 'hidden_size': 11, 'dropout': 0.2749013590423395, 'hidden_continuous_size': 8, 'attention_head_size': 2, 'learning_rate': 0.02597128925515647}. Best is trial 0 with value: 53.45896530151367.
[I 2023-12-27 11:24:36,701] Trial 41 finished with value: 121.10648345947266 and parameters: {'gradient_clip_val': 0.3534550033871445, 'hidden_size': 11, 'dropout': 0.3267483869416415, 'hidden_continuous_size': 8, 'attention_head_size': 1, 'learning_rate': 0.00398260003396317}. Best is trial 0 with value: 53.45896530151367.
[I 2023-12-27 11:24:37,080] Trial 42 finished with value: 116.48626708984375 and parameters: {'gradient_clip_val': 0.33567001463006163, 'hidden_size': 6, 'dropout': 0.3361698396275593, 'hidden_continuous_size': 5, 'attention_head_size': 1, 'learning_rate': 0.004616576913223045}. Best is trial 0 with value: 53.45896530151367.
[I 2023-12-27 11:24:37,468] Trial 43 finished with value: 140.93373107910156 and parameters: {'gradient_clip_val': 0.3077754790391706, 'hidden_size': 13, 'dropout': 0.31011180829665147, 'hidden_continuous_size': 8, 'attention_head_size': 1, 'learning_rate': 0.006762936837706946}. Best is trial 0 with value: 53.45896530151367.
[I 2023-12-27 11:24:37,856] Trial 44 finished with value: 90.0505142211914 and parameters: {'gradient_clip_val': 0.25772663262468026, 'hidden_size': 10, 'dropout': 0.3531858069958259, 'hidden_continuous_size': 7, 'attention_head_size': 1, 'learning_rate': 0.011632042095941647}. Best is trial 0 with value: 53.45896530151367.
[I 2023-12-27 11:24:38,243] Trial 45 finished with value: 147.25250244140625 and parameters: {'gradient_clip_val': 0.26262375728548687, 'hidden_size': 8, 'dropout': 0.3568081530707904, 'hidden_continuous_size': 6, 'attention_head_size': 3, 'learning_rate': 0.014191676574865067}. Best is trial 0 with value: 53.45896530151367.
[I 2023-12-27 11:24:38,642] Trial 46 finished with value: 127.29379272460938 and parameters: {'gradient_clip_val': 0.2250254198887391, 'hidden_size': 19, 'dropout': 0.4206512187485209, 'hidden_continuous_size': 12, 'attention_head_size': 2, 'learning_rate': 0.011436109426626942}. Best is trial 0 with value: 53.45896530151367.
[I 2023-12-27 11:24:39,033] Trial 47 finished with value: 140.06761169433594 and parameters: {'gradient_clip_val': 0.17950540993961825, 'hidden_size': 15, 'dropout': 0.38280059356751994, 'hidden_continuous_size': 7, 'attention_head_size': 1, 'learning_rate': 0.007990796237430904}. Best is trial 0 with value: 53.45896530151367.
[I 2023-12-27 11:24:39,688] Trial 48 finished with value: 150.47373962402344 and parameters: {'gradient_clip_val': 0.40187555392575597, 'hidden_size': 24, 'dropout': 0.3522891636663912, 'hidden_continuous_size': 9, 'attention_head_size': 3, 'learning_rate': 0.016018506329312766}. Best is trial 0 with value: 53.45896530151367.
[I 2023-12-27 11:24:40,096] Trial 49 finished with value: 130.9274139404297 and parameters: {'gradient_clip_val': 0.2952820046690616, 'hidden_size': 10, 'dropout': 0.40099044622710817, 'hidden_continuous_size': 7, 'attention_head_size': 2, 'learning_rate': 0.011701200297313221}. Best is trial 0 with value: 53.45896530151367.
[I 2023-12-27 11:24:40,219] A new study created in memory with name: no-name-e16d9ba4-19aa-4ad8-927e-04786b8509d6
/home/le004/conda/anaconda3/envs/tsff_env/lib/python3.9/site-packages/lightning/fabric/plugins/environments/slurm.py:191: The `srun` command is available on your system but is not used. HINT: If your intention is to run Lightning on SLURM, prepend your python command with `srun` like so: srun python /home/le004/master_thesis/git/TSFusionForecast/code/ ...
[I 2023-12-27 11:25:13,354] Trial 0 finished with value: 10.417561531066895 and parameters: {'gradient_clip_val': 0.273044702933625, 'hidden_size': 95, 'dropout': 0.19614839118180016, 'hidden_continuous_size': 16, 'attention_head_size': 3, 'learning_rate': 0.08838723673555875}. Best is trial 0 with value: 10.417561531066895.
[I 2023-12-27 11:25:13,734] Trial 1 finished with value: 41.532859802246094 and parameters: {'gradient_clip_val': 0.40213621757149637, 'hidden_size': 9, 'dropout': 0.15019348967128254, 'hidden_continuous_size': 6, 'attention_head_size': 3, 'learning_rate': 0.0005313307616192931}. Best is trial 0 with value: 10.417561531066895.
[I 2023-12-27 11:25:14,161] Trial 2 finished with value: 43.3870849609375 and parameters: {'gradient_clip_val': 0.1711730829962775, 'hidden_size': 62, 'dropout': 0.44811479661728293, 'hidden_continuous_size': 7, 'attention_head_size': 3, 'learning_rate': 0.0012715036710854875}. Best is trial 0 with value: 10.417561531066895.
[I 2023-12-27 11:25:14,512] Trial 3 finished with value: 31.60344123840332 and parameters: {'gradient_clip_val': 0.4105214146801577, 'hidden_size': 7, 'dropout': 0.10607997290671155, 'hidden_continuous_size': 5, 'attention_head_size': 1, 'learning_rate': 0.04201770538039829}. Best is trial 0 with value: 10.417561531066895.
[I 2023-12-27 11:25:14,953] Trial 4 finished with value: 35.26994323730469 and parameters: {'gradient_clip_val': 0.7855163046981912, 'hidden_size': 68, 'dropout': 0.21218052539774526, 'hidden_continuous_size': 32, 'attention_head_size': 1, 'learning_rate': 0.09474711987153063}. Best is trial 0 with value: 10.417561531066895.
[I 2023-12-27 11:25:15,358] Trial 5 finished with value: 57.68293762207031 and parameters: {'gradient_clip_val': 0.6678873830912405, 'hidden_size': 45, 'dropout': 0.2349708979965983, 'hidden_continuous_size': 5, 'attention_head_size': 3, 'learning_rate': 0.01342197846874453}. Best is trial 0 with value: 10.417561531066895.
[I 2023-12-27 11:25:15,767] Trial 6 finished with value: 39.50849533081055 and parameters: {'gradient_clip_val': 0.35711297736771574, 'hidden_size': 42, 'dropout': 0.316665756631932, 'hidden_continuous_size': 11, 'attention_head_size': 2, 'learning_rate': 0.0009504738442445836}. Best is trial 0 with value: 10.417561531066895.
[I 2023-12-27 11:25:16,307] Trial 7 finished with value: 43.884578704833984 and parameters: {'gradient_clip_val': 0.6433715002796672, 'hidden_size': 126, 'dropout': 0.48619311249339836, 'hidden_continuous_size': 8, 'attention_head_size': 1, 'learning_rate': 0.00749456319945049}. Best is trial 0 with value: 10.417561531066895.
[I 2023-12-27 11:25:16,662] Trial 8 finished with value: 32.2734489440918 and parameters: {'gradient_clip_val': 0.3987214053552799, 'hidden_size': 7, 'dropout': 0.19597737250926148, 'hidden_continuous_size': 7, 'attention_head_size': 2, 'learning_rate': 0.09656187099877464}. Best is trial 0 with value: 10.417561531066895.
[I 2023-12-27 11:25:17,023] Trial 9 finished with value: 57.50789260864258 and parameters: {'gradient_clip_val': 0.7595278963525929, 'hidden_size': 7, 'dropout': 0.3911457409647744, 'hidden_continuous_size': 5, 'attention_head_size': 4, 'learning_rate': 0.07523917342269966}. Best is trial 0 with value: 10.417561531066895.
[I 2023-12-27 11:25:17,920] Trial 10 finished with value: 46.512821197509766 and parameters: {'gradient_clip_val': 0.18028356896171444, 'hidden_size': 145, 'dropout': 0.28065092493984684, 'hidden_continuous_size': 78, 'attention_head_size': 4, 'learning_rate': 0.024682873017995658}. Best is trial 0 with value: 10.417561531066895.
[I 2023-12-27 11:25:18,303] Trial 11 finished with value: 44.7506103515625 and parameters: {'gradient_clip_val': 0.22667694001526378, 'hidden_size': 16, 'dropout': 0.10149111454838777, 'hidden_continuous_size': 10, 'attention_head_size': 2, 'learning_rate': 0.0314944299357088}. Best is trial 0 with value: 10.417561531066895.
[I 2023-12-27 11:25:18,700] Trial 12 finished with value: 60.09391403198242 and parameters: {'gradient_clip_val': 0.12765160897910963, 'hidden_size': 21, 'dropout': 0.1180603180834109, 'hidden_continuous_size': 12, 'attention_head_size': 1, 'learning_rate': 0.037317184303088}. Best is trial 0 with value: 10.417561531066895.
[I 2023-12-27 11:25:19,101] Trial 13 finished with value: 55.11003494262695 and parameters: {'gradient_clip_val': 0.2745591099800653, 'hidden_size': 14, 'dropout': 0.1677111782916314, 'hidden_continuous_size': 5, 'attention_head_size': 3, 'learning_rate': 0.04094264650538737}. Best is trial 0 with value: 10.417561531066895.
[I 2023-12-27 11:25:19,451] Trial 14 finished with value: 38.89537048339844 and parameters: {'gradient_clip_val': 0.46873154124444427, 'hidden_size': 5, 'dropout': 0.10462181937352363, 'hidden_continuous_size': 5, 'attention_head_size': 2, 'learning_rate': 0.014402609223401966}. Best is trial 0 with value: 10.417561531066895.
[I 2023-12-27 11:25:19,883] Trial 15 finished with value: 74.11954498291016 and parameters: {'gradient_clip_val': 0.28910567018374955, 'hidden_size': 30, 'dropout': 0.16320179976740662, 'hidden_continuous_size': 14, 'attention_head_size': 4, 'learning_rate': 0.047022956706616756}. Best is trial 0 with value: 10.417561531066895.
[I 2023-12-27 11:25:20,280] Trial 16 finished with value: 49.943084716796875 and parameters: {'gradient_clip_val': 0.4946904848961505, 'hidden_size': 12, 'dropout': 0.2273266418597255, 'hidden_continuous_size': 6, 'attention_head_size': 1, 'learning_rate': 0.06738324361108376}. Best is trial 0 with value: 10.417561531066895.
[I 2023-12-27 11:25:20,688] Trial 17 finished with value: 40.51983642578125 and parameters: {'gradient_clip_val': 0.10013835401319697, 'hidden_size': 23, 'dropout': 0.17509304334945974, 'hidden_continuous_size': 9, 'attention_head_size': 2, 'learning_rate': 0.020459250100610754}. Best is trial 0 with value: 10.417561531066895.
[I 2023-12-27 11:25:21,067] Trial 18 finished with value: 50.17229080200195 and parameters: {'gradient_clip_val': 0.2763962193249599, 'hidden_size': 5, 'dropout': 0.14113138541169673, 'hidden_continuous_size': 5, 'attention_head_size': 3, 'learning_rate': 0.05178375173586252}. Best is trial 0 with value: 10.417561531066895.
[I 2023-12-27 11:25:21,597] Trial 19 finished with value: 55.600223541259766 and parameters: {'gradient_clip_val': 0.9192831636021828, 'hidden_size': 97, 'dropout': 0.24927453574935565, 'hidden_continuous_size': 19, 'attention_head_size': 4, 'learning_rate': 0.0980160017592815}. Best is trial 0 with value: 10.417561531066895.
[I 2023-12-27 11:25:21,994] Trial 20 finished with value: 39.29682540893555 and parameters: {'gradient_clip_val': 0.512068415623487, 'hidden_size': 27, 'dropout': 0.19401168869845636, 'hidden_continuous_size': 8, 'attention_head_size': 1, 'learning_rate': 0.052205085814370396}. Best is trial 0 with value: 10.417561531066895.
[I 2023-12-27 11:25:22,399] Trial 21 finished with value: 41.48307800292969 and parameters: {'gradient_clip_val': 0.3572552355932323, 'hidden_size': 9, 'dropout': 0.1914964800710536, 'hidden_continuous_size': 6, 'attention_head_size': 2, 'learning_rate': 0.09832354015981334}. Best is trial 0 with value: 10.417561531066895.
[I 2023-12-27 11:25:22,784] Trial 22 finished with value: 43.472103118896484 and parameters: {'gradient_clip_val': 0.4107451100742085, 'hidden_size': 8, 'dropout': 0.13204322555223325, 'hidden_continuous_size': 5, 'attention_head_size': 2, 'learning_rate': 0.06087295317631546}. Best is trial 0 with value: 10.417561531066895.
[I 2023-12-27 11:25:23,437] Trial 23 finished with value: 49.62660217285156 and parameters: {'gradient_clip_val': 0.32390621994665086, 'hidden_size': 12, 'dropout': 0.19384170757774793, 'hidden_continuous_size': 6, 'attention_head_size': 3, 'learning_rate': 0.030105071707910647}. Best is trial 0 with value: 10.417561531066895.
[I 2023-12-27 11:25:23,835] Trial 24 finished with value: 39.51430130004883 and parameters: {'gradient_clip_val': 0.24971367490522212, 'hidden_size': 6, 'dropout': 0.1433563938884759, 'hidden_continuous_size': 5, 'attention_head_size': 1, 'learning_rate': 0.06318084496411741}. Best is trial 0 with value: 10.417561531066895.
[I 2023-12-27 11:25:24,227] Trial 25 finished with value: 38.63894271850586 and parameters: {'gradient_clip_val': 0.33202776780594045, 'hidden_size': 6, 'dropout': 0.26697475417984, 'hidden_continuous_size': 5, 'attention_head_size': 2, 'learning_rate': 0.09738193388683682}. Best is trial 0 with value: 10.417561531066895.
[I 2023-12-27 11:25:24,623] Trial 26 finished with value: 37.06246566772461 and parameters: {'gradient_clip_val': 0.5797280007375583, 'hidden_size': 10, 'dropout': 0.10020328521465104, 'hidden_continuous_size': 6, 'attention_head_size': 3, 'learning_rate': 0.03974597554570857}. Best is trial 0 with value: 10.417561531066895.
[I 2023-12-27 11:25:25,009] Trial 27 finished with value: 40.77165603637695 and parameters: {'gradient_clip_val': 0.4053875658008179, 'hidden_size': 7, 'dropout': 0.213110240633963, 'hidden_continuous_size': 5, 'attention_head_size': 2, 'learning_rate': 0.021338322193094512}. Best is trial 0 with value: 10.417561531066895.
