[I 2023-12-27 11:17:00,506] Trial 25 finished with value: 47.47523880004883 and parameters: {'gradient_clip_val': 0.11028766782249565, 'hidden_size': 19, 'dropout': 0.19776151256352142, 'hidden_continuous_size': 7, 'attention_head_size': 3, 'learning_rate': 0.0041099992294936225}. Best is trial 0 with value: 13.418334007263184.
[I 2023-12-27 11:17:00,988] Trial 26 finished with value: 71.78874206542969 and parameters: {'gradient_clip_val': 0.13014985145221394, 'hidden_size': 63, 'dropout': 0.10102825915860343, 'hidden_continuous_size': 13, 'attention_head_size': 4, 'learning_rate': 0.0007348164470596613}. Best is trial 0 with value: 13.418334007263184.
[I 2023-12-27 11:17:01,433] Trial 27 finished with value: 61.32246780395508 and parameters: {'gradient_clip_val': 0.15231867331576648, 'hidden_size': 33, 'dropout': 0.1347126588380741, 'hidden_continuous_size': 10, 'attention_head_size': 3, 'learning_rate': 0.0013894373582913951}. Best is trial 0 with value: 13.418334007263184.
[I 2023-12-27 11:17:01,868] Trial 28 finished with value: 62.62179946899414 and parameters: {'gradient_clip_val': 0.12098359931174361, 'hidden_size': 46, 'dropout': 0.167671143189792, 'hidden_continuous_size': 11, 'attention_head_size': 4, 'learning_rate': 0.002735594271218314}. Best is trial 0 with value: 13.418334007263184.
[I 2023-12-27 11:17:02,252] Trial 29 finished with value: 55.138824462890625 and parameters: {'gradient_clip_val': 0.18860376179318272, 'hidden_size': 17, 'dropout': 0.2375647096160315, 'hidden_continuous_size': 6, 'attention_head_size': 3, 'learning_rate': 0.0007259972509433651}. Best is trial 0 with value: 13.418334007263184.
[I 2023-12-27 11:17:02,775] Trial 30 finished with value: 46.15610885620117 and parameters: {'gradient_clip_val': 0.1649798135963943, 'hidden_size': 103, 'dropout': 0.20551041802806175, 'hidden_continuous_size': 15, 'attention_head_size': 4, 'learning_rate': 0.0019390693314221832}. Best is trial 0 with value: 13.418334007263184.
[I 2023-12-27 11:17:03,240] Trial 31 finished with value: 51.200927734375 and parameters: {'gradient_clip_val': 0.10775943363665307, 'hidden_size': 74, 'dropout': 0.17479987530708985, 'hidden_continuous_size': 6, 'attention_head_size': 2, 'learning_rate': 0.004392105442292116}. Best is trial 0 with value: 13.418334007263184.
[I 2023-12-27 11:17:03,694] Trial 32 finished with value: 64.72803497314453 and parameters: {'gradient_clip_val': 0.16006730990567125, 'hidden_size': 67, 'dropout': 0.1247234794441868, 'hidden_continuous_size': 5, 'attention_head_size': 2, 'learning_rate': 0.002537006934595898}. Best is trial 0 with value: 13.418334007263184.
[I 2023-12-27 11:17:04,123] Trial 33 finished with value: 57.22757339477539 and parameters: {'gradient_clip_val': 0.1404143917527328, 'hidden_size': 53, 'dropout': 0.15686965568847921, 'hidden_continuous_size': 9, 'attention_head_size': 2, 'learning_rate': 0.0032952765513207354}. Best is trial 0 with value: 13.418334007263184.
[I 2023-12-27 11:17:04,589] Trial 34 finished with value: 51.16566848754883 and parameters: {'gradient_clip_val': 0.1260482411595723, 'hidden_size': 75, 'dropout': 0.12448923310059057, 'hidden_continuous_size': 16, 'attention_head_size': 3, 'learning_rate': 0.004009014246235102}. Best is trial 0 with value: 13.418334007263184.
[I 2023-12-27 11:17:05,264] Trial 35 finished with value: 54.39517593383789 and parameters: {'gradient_clip_val': 0.17107127939909383, 'hidden_size': 42, 'dropout': 0.18528003202973348, 'hidden_continuous_size': 7, 'attention_head_size': 1, 'learning_rate': 0.006029979915693039}. Best is trial 0 with value: 13.418334007263184.
[I 2023-12-27 11:17:05,713] Trial 36 finished with value: 51.94232177734375 and parameters: {'gradient_clip_val': 0.11366859006772928, 'hidden_size': 55, 'dropout': 0.1346371929596906, 'hidden_continuous_size': 6, 'attention_head_size': 2, 'learning_rate': 0.0029384719435334426}. Best is trial 0 with value: 13.418334007263184.
[I 2023-12-27 11:17:06,125] Trial 37 finished with value: 54.21540451049805 and parameters: {'gradient_clip_val': 0.14198833679348624, 'hidden_size': 27, 'dropout': 0.21421262968204757, 'hidden_continuous_size': 8, 'attention_head_size': 4, 'learning_rate': 0.0014255357591705898}. Best is trial 0 with value: 13.418334007263184.
[I 2023-12-27 11:17:06,545] Trial 38 finished with value: 42.605960845947266 and parameters: {'gradient_clip_val': 0.10266441421639569, 'hidden_size': 41, 'dropout': 0.16606844512081714, 'hidden_continuous_size': 7, 'attention_head_size': 1, 'learning_rate': 0.008795606126197727}. Best is trial 0 with value: 13.418334007263184.
[I 2023-12-27 11:17:06,963] Trial 39 finished with value: 45.61735534667969 and parameters: {'gradient_clip_val': 0.680289727325493, 'hidden_size': 48, 'dropout': 0.24881939812767984, 'hidden_continuous_size': 10, 'attention_head_size': 2, 'learning_rate': 0.002292666093670117}. Best is trial 0 with value: 13.418334007263184.
[I 2023-12-27 11:17:07,520] Trial 40 finished with value: 58.78143310546875 and parameters: {'gradient_clip_val': 0.1515862583980732, 'hidden_size': 125, 'dropout': 0.1191094848156973, 'hidden_continuous_size': 20, 'attention_head_size': 3, 'learning_rate': 0.00510621044090069}. Best is trial 0 with value: 13.418334007263184.
[I 2023-12-27 11:17:08,023] Trial 41 finished with value: 50.23899841308594 and parameters: {'gradient_clip_val': 0.11727331684611196, 'hidden_size': 90, 'dropout': 0.10180053893508356, 'hidden_continuous_size': 30, 'attention_head_size': 3, 'learning_rate': 0.0023304192422081366}. Best is trial 0 with value: 13.418334007263184.
[I 2023-12-27 11:17:08,492] Trial 42 finished with value: 60.99660873413086 and parameters: {'gradient_clip_val': 0.12626317948882415, 'hidden_size': 71, 'dropout': 0.1175693225893873, 'hidden_continuous_size': 23, 'attention_head_size': 3, 'learning_rate': 0.0016773887937454766}. Best is trial 0 with value: 13.418334007263184.
[I 2023-12-27 11:17:08,977] Trial 43 finished with value: 56.04804611206055 and parameters: {'gradient_clip_val': 0.11532283801165207, 'hidden_size': 83, 'dropout': 0.1470312588693406, 'hidden_continuous_size': 35, 'attention_head_size': 2, 'learning_rate': 0.0031453024408740074}. Best is trial 0 with value: 13.418334007263184.
[I 2023-12-27 11:17:09,493] Trial 44 finished with value: 61.68948745727539 and parameters: {'gradient_clip_val': 0.13017080592823077, 'hidden_size': 100, 'dropout': 0.18337203079791078, 'hidden_continuous_size': 24, 'attention_head_size': 3, 'learning_rate': 0.001099198482691379}. Best is trial 0 with value: 13.418334007263184.
[I 2023-12-27 11:17:10,071] Trial 45 finished with value: 54.822479248046875 and parameters: {'gradient_clip_val': 0.1096086257043562, 'hidden_size': 127, 'dropout': 0.13132776714727828, 'hidden_continuous_size': 42, 'attention_head_size': 4, 'learning_rate': 0.007527769784220374}. Best is trial 0 with value: 13.418334007263184.
[I 2023-12-27 11:17:10,509] Trial 46 finished with value: 62.41373062133789 and parameters: {'gradient_clip_val': 0.17882414764728002, 'hidden_size': 62, 'dropout': 0.15890547006220146, 'hidden_continuous_size': 5, 'attention_head_size': 2, 'learning_rate': 0.005081963416067997}. Best is trial 0 with value: 13.418334007263184.
[I 2023-12-27 11:17:10,959] Trial 47 finished with value: 57.50567626953125 and parameters: {'gradient_clip_val': 0.1541118618655049, 'hidden_size': 54, 'dropout': 0.11100086845036392, 'hidden_continuous_size': 14, 'attention_head_size': 3, 'learning_rate': 0.0033897045048074475}. Best is trial 0 with value: 13.418334007263184.
[I 2023-12-27 11:17:11,436] Trial 48 finished with value: 54.29396057128906 and parameters: {'gradient_clip_val': 0.20666264287447464, 'hidden_size': 81, 'dropout': 0.22151638020992848, 'hidden_continuous_size': 16, 'attention_head_size': 4, 'learning_rate': 0.0015503537852750871}. Best is trial 0 with value: 13.418334007263184.
[I 2023-12-27 11:17:12,232] Trial 49 finished with value: 69.4817886352539 and parameters: {'gradient_clip_val': 0.10103375743973857, 'hidden_size': 104, 'dropout': 0.19089282619967904, 'hidden_continuous_size': 18, 'attention_head_size': 3, 'learning_rate': 0.001986899904774423}. Best is trial 0 with value: 13.418334007263184.
[I 2023-12-27 11:17:12,347] A new study created in memory with name: no-name-9a7e573e-090e-496f-916c-4c7e17ca90bc
/home/le004/conda/anaconda3/envs/tsff_env/lib/python3.9/site-packages/lightning/fabric/plugins/environments/slurm.py:191: The `srun` command is available on your system but is not used. HINT: If your intention is to run Lightning on SLURM, prepend your python command with `srun` like so: srun python /home/le004/master_thesis/git/TSFusionForecast/code/ ...
[I 2023-12-27 11:17:36,148] Trial 0 finished with value: 11.51544189453125 and parameters: {'gradient_clip_val': 0.39843529350467355, 'hidden_size': 6, 'dropout': 0.2692500207272278, 'hidden_continuous_size': 5, 'attention_head_size': 4, 'learning_rate': 0.04900125183106598}. Best is trial 0 with value: 11.51544189453125.
[I 2023-12-27 11:17:36,618] Trial 1 finished with value: 43.30989074707031 and parameters: {'gradient_clip_val': 0.1984155963549547, 'hidden_size': 73, 'dropout': 0.46137703428853305, 'hidden_continuous_size': 7, 'attention_head_size': 1, 'learning_rate': 0.010295038315125812}. Best is trial 0 with value: 11.51544189453125.
[I 2023-12-27 11:17:37,061] Trial 2 finished with value: 29.175100326538086 and parameters: {'gradient_clip_val': 0.34082248605656823, 'hidden_size': 84, 'dropout': 0.3013979950384782, 'hidden_continuous_size': 5, 'attention_head_size': 2, 'learning_rate': 0.005797638324378796}. Best is trial 0 with value: 11.51544189453125.
[I 2023-12-27 11:17:37,395] Trial 3 finished with value: 25.81001853942871 and parameters: {'gradient_clip_val': 0.726785331689467, 'hidden_size': 10, 'dropout': 0.1991936113208193, 'hidden_continuous_size': 10, 'attention_head_size': 1, 'learning_rate': 0.08274607372134181}. Best is trial 0 with value: 11.51544189453125.
[I 2023-12-27 11:17:37,754] Trial 4 finished with value: 35.85074234008789 and parameters: {'gradient_clip_val': 0.18730194441187714, 'hidden_size': 13, 'dropout': 0.28129450269227574, 'hidden_continuous_size': 9, 'attention_head_size': 2, 'learning_rate': 0.011500649267579193}. Best is trial 0 with value: 11.51544189453125.
[I 2023-12-27 11:17:38,117] Trial 5 finished with value: 30.990989685058594 and parameters: {'gradient_clip_val': 0.6031107856401887, 'hidden_size': 22, 'dropout': 0.15660147583820835, 'hidden_continuous_size': 5, 'attention_head_size': 2, 'learning_rate': 0.001004322946260165}. Best is trial 0 with value: 11.51544189453125.
[I 2023-12-27 11:17:38,496] Trial 6 finished with value: 45.43880081176758 and parameters: {'gradient_clip_val': 0.8858707129151682, 'hidden_size': 40, 'dropout': 0.1611432374098153, 'hidden_continuous_size': 25, 'attention_head_size': 1, 'learning_rate': 0.003996873720752714}. Best is trial 0 with value: 11.51544189453125.
[I 2023-12-27 11:17:38,809] Trial 7 finished with value: 28.667617797851562 and parameters: {'gradient_clip_val': 0.47793515345731147, 'hidden_size': 5, 'dropout': 0.22234470031897613, 'hidden_continuous_size': 5, 'attention_head_size': 1, 'learning_rate': 0.012319599680905381}. Best is trial 0 with value: 11.51544189453125.
[I 2023-12-27 11:17:39,151] Trial 8 finished with value: 27.65997886657715 and parameters: {'gradient_clip_val': 0.125878667098349, 'hidden_size': 20, 'dropout': 0.42359593503398896, 'hidden_continuous_size': 13, 'attention_head_size': 3, 'learning_rate': 0.026249562043992813}. Best is trial 0 with value: 11.51544189453125.
[I 2023-12-27 11:17:39,672] Trial 9 finished with value: 22.492294311523438 and parameters: {'gradient_clip_val': 0.17025254547944801, 'hidden_size': 113, 'dropout': 0.33866432368067256, 'hidden_continuous_size': 88, 'attention_head_size': 2, 'learning_rate': 0.0007204710793935745}. Best is trial 0 with value: 11.51544189453125.
[I 2023-12-27 11:17:40,032] Trial 10 finished with value: 46.89376449584961 and parameters: {'gradient_clip_val': 0.37121288371725986, 'hidden_size': 6, 'dropout': 0.13058898825677734, 'hidden_continuous_size': 5, 'attention_head_size': 4, 'learning_rate': 0.08704834606355619}. Best is trial 0 with value: 11.51544189453125.
[I 2023-12-27 11:17:40,680] Trial 11 finished with value: 39.40974807739258 and parameters: {'gradient_clip_val': 0.24532345093619248, 'hidden_size': 39, 'dropout': 0.3289029879446609, 'hidden_continuous_size': 37, 'attention_head_size': 4, 'learning_rate': 0.0006368856327498976}. Best is trial 0 with value: 11.51544189453125.
[I 2023-12-27 11:17:41,321] Trial 12 finished with value: 37.39930725097656 and parameters: {'gradient_clip_val': 0.12072082083574467, 'hidden_size': 148, 'dropout': 0.37109555493269664, 'hidden_continuous_size': 120, 'attention_head_size': 3, 'learning_rate': 0.002370517845440869}. Best is trial 0 with value: 11.51544189453125.
[I 2023-12-27 11:17:41,683] Trial 13 finished with value: 31.225374221801758 and parameters: {'gradient_clip_val': 0.26458585420137803, 'hidden_size': 8, 'dropout': 0.2698352501319273, 'hidden_continuous_size': 5, 'attention_head_size': 3, 'learning_rate': 0.001280534341329652}. Best is trial 0 with value: 11.51544189453125.
[I 2023-12-27 11:17:42,055] Trial 14 finished with value: 24.35512351989746 and parameters: {'gradient_clip_val': 0.444310020267481, 'hidden_size': 14, 'dropout': 0.35314275232894177, 'hidden_continuous_size': 6, 'attention_head_size': 4, 'learning_rate': 0.0005216686068973142}. Best is trial 0 with value: 11.51544189453125.
[I 2023-12-27 11:17:42,417] Trial 15 finished with value: 26.35422706604004 and parameters: {'gradient_clip_val': 0.16418672800434797, 'hidden_size': 6, 'dropout': 0.3894484352755492, 'hidden_continuous_size': 5, 'attention_head_size': 3, 'learning_rate': 0.002775711054211136}. Best is trial 0 with value: 11.51544189453125.
[I 2023-12-27 11:17:42,803] Trial 16 finished with value: 37.87309646606445 and parameters: {'gradient_clip_val': 0.10273096175206331, 'hidden_size': 31, 'dropout': 0.4935891091960871, 'hidden_continuous_size': 7, 'attention_head_size': 2, 'learning_rate': 0.02784870963804284}. Best is trial 0 with value: 11.51544189453125.
[I 2023-12-27 11:17:43,165] Trial 17 finished with value: 31.424232482910156 and parameters: {'gradient_clip_val': 0.2775285420273089, 'hidden_size': 17, 'dropout': 0.2537479418963285, 'hidden_continuous_size': 6, 'attention_head_size': 4, 'learning_rate': 0.0016361463698122756}. Best is trial 0 with value: 11.51544189453125.
[I 2023-12-27 11:17:43,528] Trial 18 finished with value: 36.016761779785156 and parameters: {'gradient_clip_val': 0.2229480499478062, 'hidden_size': 9, 'dropout': 0.3167412960762577, 'hidden_continuous_size': 6, 'attention_head_size': 3, 'learning_rate': 0.004624637574214871}. Best is trial 0 with value: 11.51544189453125.
[I 2023-12-27 11:17:43,904] Trial 19 finished with value: 38.35138702392578 and parameters: {'gradient_clip_val': 0.3137577803718704, 'hidden_size': 28, 'dropout': 0.23623451688373923, 'hidden_continuous_size': 12, 'attention_head_size': 2, 'learning_rate': 0.002339049830843001}. Best is trial 0 with value: 11.51544189453125.
[I 2023-12-27 11:17:44,268] Trial 20 finished with value: 34.11439514160156 and parameters: {'gradient_clip_val': 0.15646257678288636, 'hidden_size': 12, 'dropout': 0.31647507855708557, 'hidden_continuous_size': 6, 'attention_head_size': 4, 'learning_rate': 0.0008032272886321373}. Best is trial 0 with value: 11.51544189453125.
[I 2023-12-27 11:17:44,653] Trial 21 finished with value: 27.372316360473633 and parameters: {'gradient_clip_val': 0.43594906823589097, 'hidden_size': 15, 'dropout': 0.34999968752596916, 'hidden_continuous_size': 6, 'attention_head_size': 4, 'learning_rate': 0.0005686519953309681}. Best is trial 0 with value: 11.51544189453125.
[I 2023-12-27 11:17:45,026] Trial 22 finished with value: 38.62528991699219 and parameters: {'gradient_clip_val': 0.4471602599969541, 'hidden_size': 8, 'dropout': 0.35535243581399184, 'hidden_continuous_size': 5, 'attention_head_size': 4, 'learning_rate': 0.000886755170356652}. Best is trial 0 with value: 11.51544189453125.
[I 2023-12-27 11:17:45,401] Trial 23 finished with value: 29.12853240966797 and parameters: {'gradient_clip_val': 0.5508813794528553, 'hidden_size': 12, 'dropout': 0.4005712956095509, 'hidden_continuous_size': 6, 'attention_head_size': 3, 'learning_rate': 0.0005140068041008943}. Best is trial 0 with value: 11.51544189453125.
[I 2023-12-27 11:17:46,023] Trial 24 finished with value: 31.18109703063965 and parameters: {'gradient_clip_val': 0.37770006545882484, 'hidden_size': 20, 'dropout': 0.28192733029537703, 'hidden_continuous_size': 7, 'attention_head_size': 4, 'learning_rate': 0.0010555549490581847}. Best is trial 0 with value: 11.51544189453125.
[I 2023-12-27 11:17:46,358] Trial 25 finished with value: 45.97755813598633 and parameters: {'gradient_clip_val': 0.29379439742575236, 'hidden_size': 5, 'dropout': 0.33344552833075114, 'hidden_continuous_size': 5, 'attention_head_size': 3, 'learning_rate': 0.0014169185654394787}. Best is trial 0 with value: 11.51544189453125.
[I 2023-12-27 11:17:46,736] Trial 26 finished with value: 28.330520629882812 and parameters: {'gradient_clip_val': 0.36970848535448403, 'hidden_size': 15, 'dropout': 0.29412618792623313, 'hidden_continuous_size': 7, 'attention_head_size': 2, 'learning_rate': 0.0006693222843136927}. Best is trial 0 with value: 11.51544189453125.
[I 2023-12-27 11:17:47,107] Trial 27 finished with value: 27.066390991210938 and parameters: {'gradient_clip_val': 0.23401356267934387, 'hidden_size': 7, 'dropout': 0.3495365079095762, 'hidden_continuous_size': 5, 'attention_head_size': 4, 'learning_rate': 0.0016933564577012034}. Best is trial 0 with value: 11.51544189453125.
[I 2023-12-27 11:17:47,477] Trial 28 finished with value: 42.24443435668945 and parameters: {'gradient_clip_val': 0.31243304780158004, 'hidden_size': 10, 'dropout': 0.2595037047286663, 'hidden_continuous_size': 6, 'attention_head_size': 3, 'learning_rate': 0.0005100109837759036}. Best is trial 0 with value: 11.51544189453125.
[I 2023-12-27 11:17:47,901] Trial 29 finished with value: 28.982009887695312 and parameters: {'gradient_clip_val': 0.21303618946575612, 'hidden_size': 59, 'dropout': 0.4332113270903615, 'hidden_continuous_size': 18, 'attention_head_size': 1, 'learning_rate': 0.0008392885150652676}. Best is trial 0 with value: 11.51544189453125.
[I 2023-12-27 11:17:48,283] Trial 30 finished with value: 43.04305648803711 and parameters: {'gradient_clip_val': 0.2618676946831253, 'hidden_size': 25, 'dropout': 0.39226287215410416, 'hidden_continuous_size': 9, 'attention_head_size': 4, 'learning_rate': 0.008014312849758443}. Best is trial 0 with value: 11.51544189453125.
[I 2023-12-27 11:17:48,640] Trial 31 finished with value: 27.322999954223633 and parameters: {'gradient_clip_val': 0.6856020157041403, 'hidden_size': 10, 'dropout': 0.20501996809378614, 'hidden_continuous_size': 6, 'attention_head_size': 1, 'learning_rate': 0.08911434342216308}. Best is trial 0 with value: 11.51544189453125.
[I 2023-12-27 11:17:49,000] Trial 32 finished with value: 24.219619750976562 and parameters: {'gradient_clip_val': 0.7631109820247964, 'hidden_size': 10, 'dropout': 0.2986706322796601, 'hidden_continuous_size': 6, 'attention_head_size': 1, 'learning_rate': 0.06497864019835768}. Best is trial 0 with value: 11.51544189453125.
[I 2023-12-27 11:17:49,580] Trial 33 finished with value: 36.24531555175781 and parameters: {'gradient_clip_val': 0.9460852883206176, 'hidden_size': 147, 'dropout': 0.3064542209970107, 'hidden_continuous_size': 46, 'attention_head_size': 1, 'learning_rate': 0.05661932947727254}. Best is trial 0 with value: 11.51544189453125.
[I 2023-12-27 11:17:50,061] Trial 34 finished with value: 33.16022491455078 and parameters: {'gradient_clip_val': 0.5588723000966039, 'hidden_size': 90, 'dropout': 0.2972457158791267, 'hidden_continuous_size': 9, 'attention_head_size': 2, 'learning_rate': 0.036375990383748315}. Best is trial 0 with value: 11.51544189453125.
[I 2023-12-27 11:17:50,428] Trial 35 finished with value: 38.50947952270508 and parameters: {'gradient_clip_val': 0.8052230222027128, 'hidden_size': 7, 'dropout': 0.2846615931075253, 'hidden_continuous_size': 5, 'attention_head_size': 1, 'learning_rate': 0.06039554167527132}. Best is trial 0 with value: 11.51544189453125.
[I 2023-12-27 11:17:50,812] Trial 36 finished with value: 32.139183044433594 and parameters: {'gradient_clip_val': 0.6701712454287958, 'hidden_size': 13, 'dropout': 0.32911726343998715, 'hidden_continuous_size': 7, 'attention_head_size': 2, 'learning_rate': 0.017686089539210657}. Best is trial 0 with value: 11.51544189453125.
[I 2023-12-27 11:17:51,491] Trial 37 finished with value: 30.947660446166992 and parameters: {'gradient_clip_val': 0.516191508744857, 'hidden_size': 11, 'dropout': 0.23530655512448545, 'hidden_continuous_size': 6, 'attention_head_size': 2, 'learning_rate': 0.007583444994592963}. Best is trial 0 with value: 11.51544189453125.
[I 2023-12-27 11:17:51,845] Trial 38 finished with value: 29.53900146484375 and parameters: {'gradient_clip_val': 0.7929884226082127, 'hidden_size': 16, 'dropout': 0.3681801482677186, 'hidden_continuous_size': 8, 'attention_head_size': 1, 'learning_rate': 0.014289149621784325}. Best is trial 0 with value: 11.51544189453125.
[I 2023-12-27 11:17:52,209] Trial 39 finished with value: 33.80421447753906 and parameters: {'gradient_clip_val': 0.6209481041109906, 'hidden_size': 9, 'dropout': 0.30584308648148023, 'hidden_continuous_size': 6, 'attention_head_size': 2, 'learning_rate': 0.005616878322379461}. Best is trial 0 with value: 11.51544189453125.
