[I 2023-12-27 10:55:59,231] Trial 44 finished with value: 209.8817901611328 and parameters: {'gradient_clip_val': 0.13952018349738687, 'hidden_size': 20, 'dropout': 0.3223755942000747, 'hidden_continuous_size': 9, 'attention_head_size': 1, 'learning_rate': 0.002001944494376483}. Best is trial 24 with value: 116.57715606689453.
[I 2023-12-27 10:55:59,628] Trial 45 finished with value: 282.0615234375 and parameters: {'gradient_clip_val': 0.1273705903943366, 'hidden_size': 28, 'dropout': 0.25724551514543603, 'hidden_continuous_size': 10, 'attention_head_size': 1, 'learning_rate': 0.0035702540705083653}. Best is trial 24 with value: 116.57715606689453.
[I 2023-12-27 10:55:59,982] Trial 46 finished with value: 258.6121826171875 and parameters: {'gradient_clip_val': 0.15214694057654224, 'hidden_size': 16, 'dropout': 0.29423702215596254, 'hidden_continuous_size': 8, 'attention_head_size': 1, 'learning_rate': 0.0009727189148492624}. Best is trial 24 with value: 116.57715606689453.
[I 2023-12-27 10:56:00,370] Trial 47 finished with value: 332.1850280761719 and parameters: {'gradient_clip_val': 0.11212936872693184, 'hidden_size': 13, 'dropout': 0.3298422982377589, 'hidden_continuous_size': 6, 'attention_head_size': 1, 'learning_rate': 0.0029452155695084015}. Best is trial 24 with value: 116.57715606689453.
[I 2023-12-27 10:56:00,742] Trial 48 finished with value: 237.2008819580078 and parameters: {'gradient_clip_val': 0.1771906182794238, 'hidden_size': 6, 'dropout': 0.3571085648767497, 'hidden_continuous_size': 5, 'attention_head_size': 1, 'learning_rate': 0.002207435845234516}. Best is trial 24 with value: 116.57715606689453.
[I 2023-12-27 10:56:01,316] Trial 49 finished with value: 280.1923828125 and parameters: {'gradient_clip_val': 0.10110270314356114, 'hidden_size': 21, 'dropout': 0.38065898848520907, 'hidden_continuous_size': 11, 'attention_head_size': 2, 'learning_rate': 0.0031582405839813282}. Best is trial 24 with value: 116.57715606689453.
[I 2023-12-27 10:56:01,432] A new study created in memory with name: no-name-2c904f71-7b03-400b-a969-d9b40b07dbba
/home/le004/conda/anaconda3/envs/tsff_env/lib/python3.9/site-packages/lightning/fabric/plugins/environments/slurm.py:191: The `srun` command is available on your system but is not used. HINT: If your intention is to run Lightning on SLURM, prepend your python command with `srun` like so: srun python /home/le004/master_thesis/git/TSFusionForecast/code/ ...
[I 2023-12-27 10:56:28,278] Trial 0 finished with value: 378.7828369140625 and parameters: {'gradient_clip_val': 0.8232632238912371, 'hidden_size': 22, 'dropout': 0.21402954579344488, 'hidden_continuous_size': 17, 'attention_head_size': 4, 'learning_rate': 0.0069628241908542615}. Best is trial 0 with value: 378.7828369140625.
[I 2023-12-27 10:56:28,751] Trial 1 finished with value: 634.3975830078125 and parameters: {'gradient_clip_val': 0.1474299651453016, 'hidden_size': 113, 'dropout': 0.4486108579452822, 'hidden_continuous_size': 16, 'attention_head_size': 2, 'learning_rate': 0.0008430604955296941}. Best is trial 0 with value: 378.7828369140625.
[I 2023-12-27 10:56:29,097] Trial 2 finished with value: 549.4321899414062 and parameters: {'gradient_clip_val': 0.48925310906094327, 'hidden_size': 33, 'dropout': 0.22184984413541217, 'hidden_continuous_size': 16, 'attention_head_size': 3, 'learning_rate': 0.09331860814649585}. Best is trial 0 with value: 378.7828369140625.
[I 2023-12-27 10:56:29,494] Trial 3 finished with value: 654.0122680664062 and parameters: {'gradient_clip_val': 0.10385101612242162, 'hidden_size': 57, 'dropout': 0.22540177886195636, 'hidden_continuous_size': 42, 'attention_head_size': 4, 'learning_rate': 0.0013317967336168805}. Best is trial 0 with value: 378.7828369140625.
[I 2023-12-27 10:56:29,825] Trial 4 finished with value: 627.9639892578125 and parameters: {'gradient_clip_val': 0.2810509310603805, 'hidden_size': 15, 'dropout': 0.34877633368142846, 'hidden_continuous_size': 12, 'attention_head_size': 2, 'learning_rate': 0.03951820056629662}. Best is trial 0 with value: 378.7828369140625.
[I 2023-12-27 10:56:30,155] Trial 5 finished with value: 480.6864318847656 and parameters: {'gradient_clip_val': 0.7653985328971353, 'hidden_size': 22, 'dropout': 0.32785135527804626, 'hidden_continuous_size': 7, 'attention_head_size': 1, 'learning_rate': 0.0010363785739017975}. Best is trial 0 with value: 378.7828369140625.
[I 2023-12-27 10:56:30,620] Trial 6 finished with value: 710.9804077148438 and parameters: {'gradient_clip_val': 0.8797300243309791, 'hidden_size': 118, 'dropout': 0.4613226973499962, 'hidden_continuous_size': 8, 'attention_head_size': 4, 'learning_rate': 0.08572829595666907}. Best is trial 0 with value: 378.7828369140625.
[I 2023-12-27 10:56:31,004] Trial 7 finished with value: 592.7803344726562 and parameters: {'gradient_clip_val': 0.40684970686372496, 'hidden_size': 60, 'dropout': 0.49732623983531077, 'hidden_continuous_size': 19, 'attention_head_size': 2, 'learning_rate': 0.0007990938043900277}. Best is trial 0 with value: 378.7828369140625.
[I 2023-12-27 10:56:31,357] Trial 8 finished with value: 587.707763671875 and parameters: {'gradient_clip_val': 0.17673023022392448, 'hidden_size': 31, 'dropout': 0.3774491649917753, 'hidden_continuous_size': 6, 'attention_head_size': 3, 'learning_rate': 0.011544306696834974}. Best is trial 0 with value: 378.7828369140625.
[I 2023-12-27 10:56:31,695] Trial 9 finished with value: 625.6094360351562 and parameters: {'gradient_clip_val': 0.18675473288107294, 'hidden_size': 12, 'dropout': 0.13191654010612597, 'hidden_continuous_size': 8, 'attention_head_size': 3, 'learning_rate': 0.0005992857715965697}. Best is trial 0 with value: 378.7828369140625.
[I 2023-12-27 10:56:32,207] Trial 10 finished with value: 598.8399047851562 and parameters: {'gradient_clip_val': 0.958639659532631, 'hidden_size': 5, 'dropout': 0.11468590153175981, 'hidden_continuous_size': 5, 'attention_head_size': 4, 'learning_rate': 0.006034557106928387}. Best is trial 0 with value: 378.7828369140625.
[I 2023-12-27 10:56:32,551] Trial 11 finished with value: 528.1987915039062 and parameters: {'gradient_clip_val': 0.6679598210704522, 'hidden_size': 17, 'dropout': 0.2808154166582667, 'hidden_continuous_size': 6, 'attention_head_size': 1, 'learning_rate': 0.0027487124478768887}. Best is trial 0 with value: 378.7828369140625.
[I 2023-12-27 10:56:32,897] Trial 12 finished with value: 565.0662231445312 and parameters: {'gradient_clip_val': 0.6463285079675064, 'hidden_size': 20, 'dropout': 0.28897370413153034, 'hidden_continuous_size': 9, 'attention_head_size': 1, 'learning_rate': 0.0024373854953961094}. Best is trial 0 with value: 378.7828369140625.
[I 2023-12-27 10:56:33,255] Trial 13 finished with value: 571.0748901367188 and parameters: {'gradient_clip_val': 0.6710961993299721, 'hidden_size': 10, 'dropout': 0.20037553286062867, 'hidden_continuous_size': 5, 'attention_head_size': 1, 'learning_rate': 0.008499508148945328}. Best is trial 0 with value: 378.7828369140625.
[I 2023-12-27 10:56:33,626] Trial 14 finished with value: 557.2142944335938 and parameters: {'gradient_clip_val': 0.9627341025600604, 'hidden_size': 30, 'dropout': 0.3419209406654589, 'hidden_continuous_size': 10, 'attention_head_size': 2, 'learning_rate': 0.002192486711326527}. Best is trial 0 with value: 378.7828369140625.
[I 2023-12-27 10:56:33,980] Trial 15 finished with value: 549.5701293945312 and parameters: {'gradient_clip_val': 0.4427653209178998, 'hidden_size': 9, 'dropout': 0.2582159041061785, 'hidden_continuous_size': 5, 'attention_head_size': 3, 'learning_rate': 0.004141588364506347}. Best is trial 0 with value: 378.7828369140625.
[I 2023-12-27 10:56:34,349] Trial 16 finished with value: 615.4478149414062 and parameters: {'gradient_clip_val': 0.307412982260965, 'hidden_size': 22, 'dropout': 0.16574019988087113, 'hidden_continuous_size': 7, 'attention_head_size': 1, 'learning_rate': 0.016619405214934803}. Best is trial 0 with value: 378.7828369140625.
[I 2023-12-27 10:56:34,750] Trial 17 finished with value: 688.676513671875 and parameters: {'gradient_clip_val': 0.7335130307428107, 'hidden_size': 47, 'dropout': 0.18227595068983005, 'hidden_continuous_size': 22, 'attention_head_size': 4, 'learning_rate': 0.0005012417037576763}. Best is trial 0 with value: 378.7828369140625.
[I 2023-12-27 10:56:35,102] Trial 18 finished with value: 562.636962890625 and parameters: {'gradient_clip_val': 0.5534301901874498, 'hidden_size': 24, 'dropout': 0.2589425966971672, 'hidden_continuous_size': 11, 'attention_head_size': 2, 'learning_rate': 0.0012280433186723817}. Best is trial 0 with value: 378.7828369140625.
[I 2023-12-27 10:56:35,464] Trial 19 finished with value: 506.1328430175781 and parameters: {'gradient_clip_val': 0.7982556868288864, 'hidden_size': 14, 'dropout': 0.3063121165705519, 'hidden_continuous_size': 7, 'attention_head_size': 3, 'learning_rate': 0.004750469518939478}. Best is trial 0 with value: 378.7828369140625.
[I 2023-12-27 10:56:35,806] Trial 20 finished with value: 661.3477172851562 and parameters: {'gradient_clip_val': 0.559209074601516, 'hidden_size': 8, 'dropout': 0.16536099691389525, 'hidden_continuous_size': 5, 'attention_head_size': 4, 'learning_rate': 0.021202936263553653}. Best is trial 0 with value: 378.7828369140625.
[I 2023-12-27 10:56:36,174] Trial 21 finished with value: 565.1080932617188 and parameters: {'gradient_clip_val': 0.808048264854887, 'hidden_size': 15, 'dropout': 0.30799907939046045, 'hidden_continuous_size': 7, 'attention_head_size': 3, 'learning_rate': 0.004197465922175744}. Best is trial 0 with value: 378.7828369140625.
[I 2023-12-27 10:56:36,528] Trial 22 finished with value: 636.8142700195312 and parameters: {'gradient_clip_val': 0.8028741751704578, 'hidden_size': 13, 'dropout': 0.31256133613264875, 'hidden_continuous_size': 6, 'attention_head_size': 3, 'learning_rate': 0.006721219383554104}. Best is trial 0 with value: 378.7828369140625.
[I 2023-12-27 10:56:37,125] Trial 23 finished with value: 530.3618774414062 and parameters: {'gradient_clip_val': 0.9473621584363056, 'hidden_size': 19, 'dropout': 0.25147793323168255, 'hidden_continuous_size': 7, 'attention_head_size': 4, 'learning_rate': 0.0015812924180189341}. Best is trial 0 with value: 378.7828369140625.
[I 2023-12-27 10:56:37,501] Trial 24 finished with value: 579.8577880859375 and parameters: {'gradient_clip_val': 0.7727557818339745, 'hidden_size': 25, 'dropout': 0.38018362686521623, 'hidden_continuous_size': 10, 'attention_head_size': 3, 'learning_rate': 0.004060415638377714}. Best is trial 0 with value: 378.7828369140625.
[I 2023-12-27 10:56:37,886] Trial 25 finished with value: 591.6235961914062 and parameters: {'gradient_clip_val': 0.9992676739404892, 'hidden_size': 19, 'dropout': 0.216118052291121, 'hidden_continuous_size': 8, 'attention_head_size': 2, 'learning_rate': 0.010507601940372887}. Best is trial 0 with value: 378.7828369140625.
[I 2023-12-27 10:56:38,288] Trial 26 finished with value: 616.6497192382812 and parameters: {'gradient_clip_val': 0.5932016997508662, 'hidden_size': 38, 'dropout': 0.3263708277834944, 'hidden_continuous_size': 14, 'attention_head_size': 4, 'learning_rate': 0.004900702777525075}. Best is trial 0 with value: 378.7828369140625.
[I 2023-12-27 10:56:38,677] Trial 27 finished with value: 589.2747802734375 and parameters: {'gradient_clip_val': 0.7476702462563284, 'hidden_size': 24, 'dropout': 0.28700516799174963, 'hidden_continuous_size': 9, 'attention_head_size': 1, 'learning_rate': 0.003008670832309143}. Best is trial 0 with value: 378.7828369140625.
[I 2023-12-27 10:56:39,063] Trial 28 finished with value: 578.1475830078125 and parameters: {'gradient_clip_val': 0.3785440976253741, 'hidden_size': 12, 'dropout': 0.24025924238304824, 'hidden_continuous_size': 6, 'attention_head_size': 3, 'learning_rate': 0.006156714170965834}. Best is trial 0 with value: 378.7828369140625.
[I 2023-12-27 10:56:39,480] Trial 29 finished with value: 628.1641235351562 and parameters: {'gradient_clip_val': 0.5092272332229729, 'hidden_size': 41, 'dropout': 0.3918831277608356, 'hidden_continuous_size': 12, 'attention_head_size': 2, 'learning_rate': 0.0009238597677835212}. Best is trial 0 with value: 378.7828369140625.
[I 2023-12-27 10:56:39,945] Trial 30 finished with value: 600.2977905273438 and parameters: {'gradient_clip_val': 0.6322395818958794, 'hidden_size': 82, 'dropout': 0.27398770698626934, 'hidden_continuous_size': 24, 'attention_head_size': 4, 'learning_rate': 0.0019819818970160798}. Best is trial 0 with value: 378.7828369140625.
[I 2023-12-27 10:56:40,314] Trial 31 finished with value: 611.0499877929688 and parameters: {'gradient_clip_val': 0.7038545278980695, 'hidden_size': 18, 'dropout': 0.27784679041939025, 'hidden_continuous_size': 6, 'attention_head_size': 1, 'learning_rate': 0.0032037363659561113}. Best is trial 0 with value: 378.7828369140625.
[I 2023-12-27 10:56:40,693] Trial 32 finished with value: 586.2437133789062 and parameters: {'gradient_clip_val': 0.8654579865839033, 'hidden_size': 28, 'dropout': 0.30449998953322766, 'hidden_continuous_size': 7, 'attention_head_size': 1, 'learning_rate': 0.0027280448491254564}. Best is trial 0 with value: 378.7828369140625.
[I 2023-12-27 10:56:41,034] Trial 33 finished with value: 500.083740234375 and parameters: {'gradient_clip_val': 0.6714137774386069, 'hidden_size': 16, 'dropout': 0.23500324868761396, 'hidden_continuous_size': 7, 'attention_head_size': 1, 'learning_rate': 0.0015806585540439225}. Best is trial 0 with value: 378.7828369140625.
[I 2023-12-27 10:56:41,417] Trial 34 finished with value: 545.911865234375 and parameters: {'gradient_clip_val': 0.4851184847135936, 'hidden_size': 33, 'dropout': 0.23171127089650198, 'hidden_continuous_size': 14, 'attention_head_size': 1, 'learning_rate': 0.0015433686361247235}. Best is trial 0 with value: 378.7828369140625.
[I 2023-12-27 10:56:41,800] Trial 35 finished with value: 549.9533081054688 and parameters: {'gradient_clip_val': 0.8353428804437593, 'hidden_size': 22, 'dropout': 0.20945045452088704, 'hidden_continuous_size': 9, 'attention_head_size': 2, 'learning_rate': 0.0011639876055153898}. Best is trial 0 with value: 378.7828369140625.
[I 2023-12-27 10:56:42,180] Trial 36 finished with value: 582.340087890625 and parameters: {'gradient_clip_val': 0.724709892723225, 'hidden_size': 15, 'dropout': 0.24668012982448514, 'hidden_continuous_size': 7, 'attention_head_size': 1, 'learning_rate': 0.001935538673533554}. Best is trial 0 with value: 378.7828369140625.
[I 2023-12-27 10:56:42,836] Trial 37 finished with value: 495.6581115722656 and parameters: {'gradient_clip_val': 0.598962532239176, 'hidden_size': 27, 'dropout': 0.347214059825851, 'hidden_continuous_size': 8, 'attention_head_size': 2, 'learning_rate': 0.0008771445268538172}. Best is trial 0 with value: 378.7828369140625.
[I 2023-12-27 10:56:43,237] Trial 38 finished with value: 554.7250366210938 and parameters: {'gradient_clip_val': 0.5835346924665797, 'hidden_size': 28, 'dropout': 0.35542096156741787, 'hidden_continuous_size': 11, 'attention_head_size': 2, 'learning_rate': 0.0008242293705350142}. Best is trial 0 with value: 378.7828369140625.
[I 2023-12-27 10:56:43,636] Trial 39 finished with value: 608.9673461914062 and parameters: {'gradient_clip_val': 0.6241653304358856, 'hidden_size': 38, 'dropout': 0.41022772010569536, 'hidden_continuous_size': 16, 'attention_head_size': 1, 'learning_rate': 0.001008978685800072}. Best is trial 0 with value: 378.7828369140625.
[I 2023-12-27 10:56:44,027] Trial 40 finished with value: 596.5343017578125 and parameters: {'gradient_clip_val': 0.5098635722012426, 'hidden_size': 26, 'dropout': 0.32846801206082915, 'hidden_continuous_size': 8, 'attention_head_size': 2, 'learning_rate': 0.0006480604922523213}. Best is trial 0 with value: 378.7828369140625.
[I 2023-12-27 10:56:44,394] Trial 41 finished with value: 600.199951171875 and parameters: {'gradient_clip_val': 0.8620436206697571, 'hidden_size': 17, 'dropout': 0.3460401158002382, 'hidden_continuous_size': 8, 'attention_head_size': 3, 'learning_rate': 0.001535716540839963}. Best is trial 0 with value: 378.7828369140625.
[I 2023-12-27 10:56:44,789] Trial 42 finished with value: 554.0165405273438 and parameters: {'gradient_clip_val': 0.7077238354735367, 'hidden_size': 21, 'dropout': 0.31902552379999105, 'hidden_continuous_size': 8, 'attention_head_size': 2, 'learning_rate': 0.0007555347031446532}. Best is trial 0 with value: 378.7828369140625.
[I 2023-12-27 10:56:45,150] Trial 43 finished with value: 530.7589721679688 and parameters: {'gradient_clip_val': 0.8983384035127292, 'hidden_size': 16, 'dropout': 0.29943348578162815, 'hidden_continuous_size': 7, 'attention_head_size': 1, 'learning_rate': 0.0010868566524706222}. Best is trial 0 with value: 378.7828369140625.
[I 2023-12-27 10:56:45,515] Trial 44 finished with value: 580.1411743164062 and parameters: {'gradient_clip_val': 0.7892591331313092, 'hidden_size': 32, 'dropout': 0.3577420272288323, 'hidden_continuous_size': 9, 'attention_head_size': 3, 'learning_rate': 0.0013969268436157041}. Best is trial 0 with value: 378.7828369140625.
[I 2023-12-27 10:56:45,883] Trial 45 finished with value: 542.5172729492188 and parameters: {'gradient_clip_val': 0.6452055989718192, 'hidden_size': 13, 'dropout': 0.33417820326123987, 'hidden_continuous_size': 6, 'attention_head_size': 2, 'learning_rate': 0.0007670391395467273}. Best is trial 0 with value: 378.7828369140625.
[I 2023-12-27 10:56:46,466] Trial 46 finished with value: 576.4891967773438 and parameters: {'gradient_clip_val': 0.8819685094281129, 'hidden_size': 149, 'dropout': 0.2676706758534131, 'hidden_continuous_size': 48, 'attention_head_size': 1, 'learning_rate': 0.0017729814435324654}. Best is trial 0 with value: 378.7828369140625.
[I 2023-12-27 10:56:46,844] Trial 47 finished with value: 546.8941040039062 and parameters: {'gradient_clip_val': 0.6977730991144077, 'hidden_size': 20, 'dropout': 0.23494468185777428, 'hidden_continuous_size': 8, 'attention_head_size': 4, 'learning_rate': 0.0021701640358600463}. Best is trial 0 with value: 378.7828369140625.
[I 2023-12-27 10:56:47,220] Trial 48 finished with value: 553.7282104492188 and parameters: {'gradient_clip_val': 0.6023725011122927, 'hidden_size': 23, 'dropout': 0.2830649943653905, 'hidden_continuous_size': 10, 'attention_head_size': 3, 'learning_rate': 0.0011875169714403299}. Best is trial 0 with value: 378.7828369140625.
[I 2023-12-27 10:56:47,594] Trial 49 finished with value: 493.6294860839844 and parameters: {'gradient_clip_val': 0.788283897542355, 'hidden_size': 28, 'dropout': 0.2979247218932243, 'hidden_continuous_size': 5, 'attention_head_size': 1, 'learning_rate': 0.0006227999614577939}. Best is trial 0 with value: 378.7828369140625.
[I 2023-12-27 10:56:47,702] A new study created in memory with name: no-name-70fcd18d-d6e5-4819-afb1-ed12eb9928a9
/home/le004/conda/anaconda3/envs/tsff_env/lib/python3.9/site-packages/lightning/fabric/plugins/environments/slurm.py:191: The `srun` command is available on your system but is not used. HINT: If your intention is to run Lightning on SLURM, prepend your python command with `srun` like so: srun python /home/le004/master_thesis/git/TSFusionForecast/code/ ...
[I 2023-12-27 10:57:05,821] Trial 0 finished with value: 6955.02099609375 and parameters: {'gradient_clip_val': 0.2383950379377134, 'hidden_size': 20, 'dropout': 0.20170125711997225, 'hidden_continuous_size': 8, 'attention_head_size': 1, 'learning_rate': 0.09518927480613626}. Best is trial 0 with value: 6955.02099609375.
[I 2023-12-27 10:57:06,240] Trial 1 finished with value: 20079.197265625 and parameters: {'gradient_clip_val': 0.2638175617366615, 'hidden_size': 61, 'dropout': 0.11611902566236583, 'hidden_continuous_size': 58, 'attention_head_size': 3, 'learning_rate': 0.04207678669995529}. Best is trial 0 with value: 6955.02099609375.
[I 2023-12-27 10:57:06,598] Trial 2 finished with value: 18472.787109375 and parameters: {'gradient_clip_val': 0.16288324416356567, 'hidden_size': 26, 'dropout': 0.13355970901455652, 'hidden_continuous_size': 9, 'attention_head_size': 3, 'learning_rate': 0.06016427197301615}. Best is trial 0 with value: 6955.02099609375.
[I 2023-12-27 10:57:07,055] Trial 3 finished with value: 15720.4384765625 and parameters: {'gradient_clip_val': 0.1624561013097407, 'hidden_size': 85, 'dropout': 0.20863470034717474, 'hidden_continuous_size': 62, 'attention_head_size': 3, 'learning_rate': 0.0029709547616194663}. Best is trial 0 with value: 6955.02099609375.
[I 2023-12-27 10:57:07,448] Trial 4 finished with value: 18118.291015625 and parameters: {'gradient_clip_val': 0.24945446711113506, 'hidden_size': 45, 'dropout': 0.4747646458560879, 'hidden_continuous_size': 38, 'attention_head_size': 2, 'learning_rate': 0.0018904929275590733}. Best is trial 0 with value: 6955.02099609375.
[I 2023-12-27 10:57:07,771] Trial 5 finished with value: 22674.681640625 and parameters: {'gradient_clip_val': 0.7804539872993435, 'hidden_size': 8, 'dropout': 0.29412344167613624, 'hidden_continuous_size': 6, 'attention_head_size': 2, 'learning_rate': 0.0038558311197675024}. Best is trial 0 with value: 6955.02099609375.
[I 2023-12-27 10:57:08,119] Trial 6 finished with value: 14689.21875 and parameters: {'gradient_clip_val': 0.5705613414344592, 'hidden_size': 33, 'dropout': 0.18731627295309694, 'hidden_continuous_size': 21, 'attention_head_size': 2, 'learning_rate': 0.0005111916206223588}. Best is trial 0 with value: 6955.02099609375.
[I 2023-12-27 10:57:08,609] Trial 7 finished with value: 18004.275390625 and parameters: {'gradient_clip_val': 0.31943994216133403, 'hidden_size': 132, 'dropout': 0.31507959488777604, 'hidden_continuous_size': 24, 'attention_head_size': 4, 'learning_rate': 0.0034663943931761304}. Best is trial 0 with value: 6955.02099609375.
