[I 2023-12-27 11:21:48,107] Trial 10 finished with value: 251.66412353515625 and parameters: {'gradient_clip_val': 0.27885298473912945, 'hidden_size': 129, 'dropout': 0.4627142974188073, 'hidden_continuous_size': 96, 'attention_head_size': 3, 'learning_rate': 0.011169233819808444}. Best is trial 0 with value: 222.4822235107422.
LOCAL_RANK: 0 - CUDA_VISIBLE_DEVICES: [0]
[I 2023-12-27 11:21:48,575] Trial 11 finished with value: 246.7413330078125 and parameters: {'gradient_clip_val': 0.3857371974311645, 'hidden_size': 12, 'dropout': 0.4329165425562683, 'hidden_continuous_size': 6, 'attention_head_size': 4, 'learning_rate': 0.08456966168398523}. Best is trial 0 with value: 222.4822235107422.
LOCAL_RANK: 0 - CUDA_VISIBLE_DEVICES: [0]
[I 2023-12-27 11:21:49,050] Trial 12 finished with value: 262.6069641113281 and parameters: {'gradient_clip_val': 0.5023095665439892, 'hidden_size': 14, 'dropout': 0.21501480601216216, 'hidden_continuous_size': 6, 'attention_head_size': 4, 'learning_rate': 0.00952087234416636}. Best is trial 0 with value: 222.4822235107422.
LOCAL_RANK: 0 - CUDA_VISIBLE_DEVICES: [0]
[I 2023-12-27 11:21:49,516] Trial 13 finished with value: 234.65184020996094 and parameters: {'gradient_clip_val': 0.22070830688498022, 'hidden_size': 6, 'dropout': 0.11442965499071886, 'hidden_continuous_size': 5, 'attention_head_size': 3, 'learning_rate': 0.018337568938154577}. Best is trial 0 with value: 222.4822235107422.
LOCAL_RANK: 0 - CUDA_VISIBLE_DEVICES: [0]
[I 2023-12-27 11:21:49,953] Trial 14 finished with value: 243.848876953125 and parameters: {'gradient_clip_val': 0.20700831027767047, 'hidden_size': 6, 'dropout': 0.10021726274245057, 'hidden_continuous_size': 5, 'attention_head_size': 3, 'learning_rate': 0.015753213135332924}. Best is trial 0 with value: 222.4822235107422.
LOCAL_RANK: 0 - CUDA_VISIBLE_DEVICES: [0]
[I 2023-12-27 11:21:50,438] Trial 15 finished with value: 234.5051727294922 and parameters: {'gradient_clip_val': 0.10021227395365019, 'hidden_size': 7, 'dropout': 0.2183056963378101, 'hidden_continuous_size': 5, 'attention_head_size': 3, 'learning_rate': 0.01733751569184413}. Best is trial 0 with value: 222.4822235107422.
LOCAL_RANK: 0 - CUDA_VISIBLE_DEVICES: [0]
[I 2023-12-27 11:21:50,890] Trial 16 finished with value: 278.2673034667969 and parameters: {'gradient_clip_val': 0.10276241997417383, 'hidden_size': 17, 'dropout': 0.2209380615094883, 'hidden_continuous_size': 6, 'attention_head_size': 3, 'learning_rate': 0.008166653571583214}. Best is trial 0 with value: 222.4822235107422.
LOCAL_RANK: 0 - CUDA_VISIBLE_DEVICES: [0]
[I 2023-12-27 11:21:51,350] Trial 17 finished with value: 264.1142883300781 and parameters: {'gradient_clip_val': 0.1008585222891373, 'hidden_size': 8, 'dropout': 0.20857853175513555, 'hidden_continuous_size': 5, 'attention_head_size': 1, 'learning_rate': 0.006167680705336237}. Best is trial 0 with value: 222.4822235107422.
LOCAL_RANK: 0 - CUDA_VISIBLE_DEVICES: [0]
[I 2023-12-27 11:22:01,279] Trial 18 finished with value: 211.16737365722656 and parameters: {'gradient_clip_val': 0.2929128059394377, 'hidden_size': 16, 'dropout': 0.24591821058239854, 'hidden_continuous_size': 6, 'attention_head_size': 4, 'learning_rate': 0.005380920047714074}. Best is trial 18 with value: 211.16737365722656.
LOCAL_RANK: 0 - CUDA_VISIBLE_DEVICES: [0]
[I 2023-12-27 11:22:01,750] Trial 19 finished with value: 271.1894836425781 and parameters: {'gradient_clip_val': 0.3126679596775349, 'hidden_size': 18, 'dropout': 0.2586156388544105, 'hidden_continuous_size': 6, 'attention_head_size': 4, 'learning_rate': 0.005428508534476229}. Best is trial 18 with value: 211.16737365722656.
LOCAL_RANK: 0 - CUDA_VISIBLE_DEVICES: [0]
[I 2023-12-27 11:22:02,223] Trial 20 finished with value: 274.8414001464844 and parameters: {'gradient_clip_val': 0.29500433227544637, 'hidden_size': 20, 'dropout': 0.3095104658237591, 'hidden_continuous_size': 8, 'attention_head_size': 4, 'learning_rate': 0.0016414581087572098}. Best is trial 18 with value: 211.16737365722656.
LOCAL_RANK: 0 - CUDA_VISIBLE_DEVICES: [0]
[I 2023-12-27 11:22:02,694] Trial 21 finished with value: 305.2588806152344 and parameters: {'gradient_clip_val': 0.14047015053432985, 'hidden_size': 9, 'dropout': 0.18325338144089337, 'hidden_continuous_size': 6, 'attention_head_size': 3, 'learning_rate': 0.005338972618055773}. Best is trial 18 with value: 211.16737365722656.
LOCAL_RANK: 0 - CUDA_VISIBLE_DEVICES: [0]
[I 2023-12-27 11:22:15,065] Trial 22 finished with value: 203.51258850097656 and parameters: {'gradient_clip_val': 0.242541691114815, 'hidden_size': 8, 'dropout': 0.2348183458522381, 'hidden_continuous_size': 5, 'attention_head_size': 4, 'learning_rate': 0.015517718516632058}. Best is trial 22 with value: 203.51258850097656.
LOCAL_RANK: 0 - CUDA_VISIBLE_DEVICES: [0]
[I 2023-12-27 11:22:15,519] Trial 23 finished with value: 213.30078125 and parameters: {'gradient_clip_val': 0.2606440571224816, 'hidden_size': 12, 'dropout': 0.2533989498911157, 'hidden_continuous_size': 6, 'attention_head_size': 4, 'learning_rate': 0.004343862550313812}. Best is trial 22 with value: 203.51258850097656.
LOCAL_RANK: 0 - CUDA_VISIBLE_DEVICES: [0]
[I 2023-12-27 11:22:15,996] Trial 24 finished with value: 268.4635009765625 and parameters: {'gradient_clip_val': 0.24727134899946773, 'hidden_size': 14, 'dropout': 0.26500130741206396, 'hidden_continuous_size': 7, 'attention_head_size': 4, 'learning_rate': 0.011006552556374729}. Best is trial 22 with value: 203.51258850097656.
LOCAL_RANK: 0 - CUDA_VISIBLE_DEVICES: [0]
[I 2023-12-27 11:22:16,500] Trial 25 finished with value: 240.9138946533203 and parameters: {'gradient_clip_val': 0.3353661852282889, 'hidden_size': 21, 'dropout': 0.25535610485414695, 'hidden_continuous_size': 7, 'attention_head_size': 4, 'learning_rate': 0.004134296238756713}. Best is trial 22 with value: 203.51258850097656.
LOCAL_RANK: 0 - CUDA_VISIBLE_DEVICES: [0]
[I 2023-12-27 11:22:16,942] Trial 26 finished with value: 253.5882110595703 and parameters: {'gradient_clip_val': 0.18329308662081747, 'hidden_size': 8, 'dropout': 0.18961134039787503, 'hidden_continuous_size': 5, 'attention_head_size': 4, 'learning_rate': 0.008162515113916326}. Best is trial 22 with value: 203.51258850097656.
LOCAL_RANK: 0 - CUDA_VISIBLE_DEVICES: [0]
[I 2023-12-27 11:22:17,412] Trial 27 finished with value: 294.7857971191406 and parameters: {'gradient_clip_val': 0.25201317871330875, 'hidden_size': 13, 'dropout': 0.3022113220409787, 'hidden_continuous_size': 6, 'attention_head_size': 3, 'learning_rate': 0.004066205134037583}. Best is trial 22 with value: 203.51258850097656.
LOCAL_RANK: 0 - CUDA_VISIBLE_DEVICES: [0]
[I 2023-12-27 11:22:17,825] Trial 28 finished with value: 252.645263671875 and parameters: {'gradient_clip_val': 0.18948534374488477, 'hidden_size': 5, 'dropout': 0.23370232177600897, 'hidden_continuous_size': 5, 'attention_head_size': 4, 'learning_rate': 0.012426999060905873}. Best is trial 22 with value: 203.51258850097656.
LOCAL_RANK: 0 - CUDA_VISIBLE_DEVICES: [0]
[I 2023-12-27 11:22:18,264] Trial 29 finished with value: 260.9546203613281 and parameters: {'gradient_clip_val': 0.2779172846384088, 'hidden_size': 10, 'dropout': 0.19751182222724697, 'hidden_continuous_size': 6, 'attention_head_size': 4, 'learning_rate': 0.006746618137466602}. Best is trial 22 with value: 203.51258850097656.
LOCAL_RANK: 0 - CUDA_VISIBLE_DEVICES: [0]
[I 2023-12-27 11:22:18,745] Trial 30 finished with value: 223.2561798095703 and parameters: {'gradient_clip_val': 0.3469754964577571, 'hidden_size': 15, 'dropout': 0.280578876093277, 'hidden_continuous_size': 6, 'attention_head_size': 4, 'learning_rate': 0.024112973641595675}. Best is trial 22 with value: 203.51258850097656.
LOCAL_RANK: 0 - CUDA_VISIBLE_DEVICES: [0]
[I 2023-12-27 11:22:19,184] Trial 31 finished with value: 237.7100830078125 and parameters: {'gradient_clip_val': 0.27071247557696415, 'hidden_size': 10, 'dropout': 0.2413783692533613, 'hidden_continuous_size': 6, 'attention_head_size': 4, 'learning_rate': 0.007635779799290144}. Best is trial 22 with value: 203.51258850097656.
LOCAL_RANK: 0 - CUDA_VISIBLE_DEVICES: [0]
[I 2023-12-27 11:22:19,642] Trial 32 finished with value: 236.4767303466797 and parameters: {'gradient_clip_val': 0.21953300531727107, 'hidden_size': 11, 'dropout': 0.23307017446341333, 'hidden_continuous_size': 6, 'attention_head_size': 4, 'learning_rate': 0.004960516985435037}. Best is trial 22 with value: 203.51258850097656.
LOCAL_RANK: 0 - CUDA_VISIBLE_DEVICES: [0]
[I 2023-12-27 11:22:20,090] Trial 33 finished with value: 235.0161895751953 and parameters: {'gradient_clip_val': 0.29457102692162995, 'hidden_size': 11, 'dropout': 0.1592197405014967, 'hidden_continuous_size': 5, 'attention_head_size': 4, 'learning_rate': 0.003516434091977455}. Best is trial 22 with value: 203.51258850097656.
LOCAL_RANK: 0 - CUDA_VISIBLE_DEVICES: [0]
[I 2023-12-27 11:22:20,842] Trial 34 finished with value: 266.9727478027344 and parameters: {'gradient_clip_val': 0.2579074466247423, 'hidden_size': 8, 'dropout': 0.272908537455003, 'hidden_continuous_size': 5, 'attention_head_size': 4, 'learning_rate': 0.0022581592590444075}. Best is trial 22 with value: 203.51258850097656.
LOCAL_RANK: 0 - CUDA_VISIBLE_DEVICES: [0]
[I 2023-12-27 11:22:21,299] Trial 35 finished with value: 237.79925537109375 and parameters: {'gradient_clip_val': 0.37367747933565487, 'hidden_size': 16, 'dropout': 0.23801554030433386, 'hidden_continuous_size': 7, 'attention_head_size': 3, 'learning_rate': 0.005667187573625564}. Best is trial 22 with value: 203.51258850097656.
LOCAL_RANK: 0 - CUDA_VISIBLE_DEVICES: [0]
[I 2023-12-27 11:22:21,753] Trial 36 finished with value: 240.95826721191406 and parameters: {'gradient_clip_val': 0.22676289666521865, 'hidden_size': 12, 'dropout': 0.3189819290562957, 'hidden_continuous_size': 6, 'attention_head_size': 4, 'learning_rate': 0.013422026043453049}. Best is trial 22 with value: 203.51258850097656.
LOCAL_RANK: 0 - CUDA_VISIBLE_DEVICES: [0]
[I 2023-12-27 11:22:22,263] Trial 37 finished with value: 261.9980773925781 and parameters: {'gradient_clip_val': 0.3212176248421854, 'hidden_size': 23, 'dropout': 0.28005331394251376, 'hidden_continuous_size': 7, 'attention_head_size': 4, 'learning_rate': 0.0025987832564144933}. Best is trial 22 with value: 203.51258850097656.
LOCAL_RANK: 0 - CUDA_VISIBLE_DEVICES: [0]
[I 2023-12-27 11:22:22,723] Trial 38 finished with value: 220.42884826660156 and parameters: {'gradient_clip_val': 0.2404970347108752, 'hidden_size': 9, 'dropout': 0.3570496408160718, 'hidden_continuous_size': 5, 'attention_head_size': 1, 'learning_rate': 0.00160440205425338}. Best is trial 22 with value: 203.51258850097656.
LOCAL_RANK: 0 - CUDA_VISIBLE_DEVICES: [0]
[I 2023-12-27 11:22:23,163] Trial 39 finished with value: 252.8982391357422 and parameters: {'gradient_clip_val': 0.2411848032631341, 'hidden_size': 9, 'dropout': 0.3609963233910774, 'hidden_continuous_size': 5, 'attention_head_size': 1, 'learning_rate': 0.0014921898148440413}. Best is trial 22 with value: 203.51258850097656.
LOCAL_RANK: 0 - CUDA_VISIBLE_DEVICES: [0]
[I 2023-12-27 11:22:23,620] Trial 40 finished with value: 270.67626953125 and parameters: {'gradient_clip_val': 0.1892445979195522, 'hidden_size': 18, 'dropout': 0.3711103023704157, 'hidden_continuous_size': 8, 'attention_head_size': 2, 'learning_rate': 0.0017880754863387816}. Best is trial 22 with value: 203.51258850097656.
LOCAL_RANK: 0 - CUDA_VISIBLE_DEVICES: [0]
[I 2023-12-27 11:22:24,050] Trial 41 finished with value: 252.6890106201172 and parameters: {'gradient_clip_val': 0.43144603493788447, 'hidden_size': 12, 'dropout': 0.33317274029624266, 'hidden_continuous_size': 5, 'attention_head_size': 1, 'learning_rate': 0.0033921156506261994}. Best is trial 22 with value: 203.51258850097656.
LOCAL_RANK: 0 - CUDA_VISIBLE_DEVICES: [0]
[I 2023-12-27 11:22:24,496] Trial 42 finished with value: 269.1457214355469 and parameters: {'gradient_clip_val': 0.29616288455745216, 'hidden_size': 7, 'dropout': 0.2892177190636152, 'hidden_continuous_size': 5, 'attention_head_size': 2, 'learning_rate': 0.0013286809293219146}. Best is trial 22 with value: 203.51258850097656.
LOCAL_RANK: 0 - CUDA_VISIBLE_DEVICES: [0]
[I 2023-12-27 11:22:24,935] Trial 43 finished with value: 265.6230163574219 and parameters: {'gradient_clip_val': 0.34972961264298186, 'hidden_size': 14, 'dropout': 0.25057548774419336, 'hidden_continuous_size': 7, 'attention_head_size': 1, 'learning_rate': 0.004128978708107631}. Best is trial 22 with value: 203.51258850097656.
LOCAL_RANK: 0 - CUDA_VISIBLE_DEVICES: [0]
[I 2023-12-27 11:22:25,372] Trial 44 finished with value: 263.8867492675781 and parameters: {'gradient_clip_val': 0.2624741343143033, 'hidden_size': 9, 'dropout': 0.3203692720415126, 'hidden_continuous_size': 6, 'attention_head_size': 2, 'learning_rate': 0.00257793060614522}. Best is trial 22 with value: 203.51258850097656.
LOCAL_RANK: 0 - CUDA_VISIBLE_DEVICES: [0]
[I 2023-12-27 11:22:25,817] Trial 45 finished with value: 231.21470642089844 and parameters: {'gradient_clip_val': 0.21499167420311843, 'hidden_size': 11, 'dropout': 0.2950909889731851, 'hidden_continuous_size': 5, 'attention_head_size': 3, 'learning_rate': 0.009818972840693009}. Best is trial 22 with value: 203.51258850097656.
LOCAL_RANK: 0 - CUDA_VISIBLE_DEVICES: [0]
[I 2023-12-27 11:22:26,262] Trial 46 finished with value: 277.7925720214844 and parameters: {'gradient_clip_val': 0.23987209115531005, 'hidden_size': 6, 'dropout': 0.26733731468807254, 'hidden_continuous_size': 5, 'attention_head_size': 4, 'learning_rate': 0.0011794028825862068}. Best is trial 22 with value: 203.51258850097656.
LOCAL_RANK: 0 - CUDA_VISIBLE_DEVICES: [0]
[I 2023-12-27 11:22:26,986] Trial 47 finished with value: 271.59844970703125 and parameters: {'gradient_clip_val': 0.3128512377269854, 'hidden_size': 15, 'dropout': 0.40866024637861137, 'hidden_continuous_size': 7, 'attention_head_size': 3, 'learning_rate': 0.0021557553938575153}. Best is trial 22 with value: 203.51258850097656.
LOCAL_RANK: 0 - CUDA_VISIBLE_DEVICES: [0]
[I 2023-12-27 11:22:27,455] Trial 48 finished with value: 289.6452941894531 and parameters: {'gradient_clip_val': 0.42925535727855757, 'hidden_size': 13, 'dropout': 0.22577370900588156, 'hidden_continuous_size': 6, 'attention_head_size': 4, 'learning_rate': 0.0010709441304150606}. Best is trial 22 with value: 203.51258850097656.
LOCAL_RANK: 0 - CUDA_VISIBLE_DEVICES: [0]
[I 2023-12-27 11:22:27,918] Trial 49 finished with value: 244.60728454589844 and parameters: {'gradient_clip_val': 0.2762612000972744, 'hidden_size': 28, 'dropout': 0.20663334336420275, 'hidden_continuous_size': 10, 'attention_head_size': 1, 'learning_rate': 0.006866216362450488}. Best is trial 22 with value: 203.51258850097656.
[I 2023-12-27 11:22:28,054] A new study created in memory with name: no-name-a88ae65c-b3bd-4256-a525-40b227f88b25
/home/le004/conda/anaconda3/envs/tsff_env/lib/python3.9/site-packages/lightning/fabric/plugins/environments/slurm.py:191: The `srun` command is available on your system but is not used. HINT: If your intention is to run Lightning on SLURM, prepend your python command with `srun` like so: srun python /home/le004/master_thesis/git/TSFusionForecast/code/ ...
LOCAL_RANK: 0 - CUDA_VISIBLE_DEVICES: [0]
[I 2023-12-27 11:22:54,090] Trial 0 finished with value: 10.894495964050293 and parameters: {'gradient_clip_val': 0.11061076039555395, 'hidden_size': 57, 'dropout': 0.458404285915492, 'hidden_continuous_size': 14, 'attention_head_size': 3, 'learning_rate': 0.013982407103038129}. Best is trial 0 with value: 10.894495964050293.
LOCAL_RANK: 0 - CUDA_VISIBLE_DEVICES: [0]
[I 2023-12-27 11:22:54,523] Trial 1 finished with value: 103.5772476196289 and parameters: {'gradient_clip_val': 0.8436932706807655, 'hidden_size': 18, 'dropout': 0.22101447520874437, 'hidden_continuous_size': 11, 'attention_head_size': 1, 'learning_rate': 0.0014743614346360244}. Best is trial 0 with value: 10.894495964050293.
LOCAL_RANK: 0 - CUDA_VISIBLE_DEVICES: [0]
[I 2023-12-27 11:22:54,998] Trial 2 finished with value: 102.24313354492188 and parameters: {'gradient_clip_val': 0.21979266065596015, 'hidden_size': 39, 'dropout': 0.34596743102925076, 'hidden_continuous_size': 16, 'attention_head_size': 4, 'learning_rate': 0.08909873390927311}. Best is trial 0 with value: 10.894495964050293.
LOCAL_RANK: 0 - CUDA_VISIBLE_DEVICES: [0]
[I 2023-12-27 11:22:55,409] Trial 3 finished with value: 72.33980560302734 and parameters: {'gradient_clip_val': 0.8606631443188736, 'hidden_size': 13, 'dropout': 0.3879998597203539, 'hidden_continuous_size': 11, 'attention_head_size': 3, 'learning_rate': 0.0031574412177975547}. Best is trial 0 with value: 10.894495964050293.
LOCAL_RANK: 0 - CUDA_VISIBLE_DEVICES: [0]
[I 2023-12-27 11:22:55,875] Trial 4 finished with value: 119.55501556396484 and parameters: {'gradient_clip_val': 0.37887671278738305, 'hidden_size': 47, 'dropout': 0.11953504273581533, 'hidden_continuous_size': 8, 'attention_head_size': 2, 'learning_rate': 0.006628946717139926}. Best is trial 0 with value: 10.894495964050293.
LOCAL_RANK: 0 - CUDA_VISIBLE_DEVICES: [0]
[I 2023-12-27 11:22:56,352] Trial 5 finished with value: 94.9609146118164 and parameters: {'gradient_clip_val': 0.14984436753765404, 'hidden_size': 113, 'dropout': 0.2859000323912658, 'hidden_continuous_size': 6, 'attention_head_size': 2, 'learning_rate': 0.0077817613533878215}. Best is trial 0 with value: 10.894495964050293.
LOCAL_RANK: 0 - CUDA_VISIBLE_DEVICES: [0]
[I 2023-12-27 11:22:56,805] Trial 6 finished with value: 93.8648452758789 and parameters: {'gradient_clip_val': 0.2457912933738992, 'hidden_size': 25, 'dropout': 0.4018581070378967, 'hidden_continuous_size': 7, 'attention_head_size': 4, 'learning_rate': 0.001431071359471648}. Best is trial 0 with value: 10.894495964050293.
LOCAL_RANK: 0 - CUDA_VISIBLE_DEVICES: [0]
[I 2023-12-27 11:22:57,284] Trial 7 finished with value: 142.60609436035156 and parameters: {'gradient_clip_val': 0.8159830029783133, 'hidden_size': 105, 'dropout': 0.28957374829561117, 'hidden_continuous_size': 67, 'attention_head_size': 1, 'learning_rate': 0.099279928270953}. Best is trial 0 with value: 10.894495964050293.
LOCAL_RANK: 0 - CUDA_VISIBLE_DEVICES: [0]
[I 2023-12-27 11:22:57,893] Trial 8 finished with value: 112.23062896728516 and parameters: {'gradient_clip_val': 0.14225420860140556, 'hidden_size': 8, 'dropout': 0.26630647950300135, 'hidden_continuous_size': 8, 'attention_head_size': 1, 'learning_rate': 0.043123037109843894}. Best is trial 0 with value: 10.894495964050293.
LOCAL_RANK: 0 - CUDA_VISIBLE_DEVICES: [0]
[I 2023-12-27 11:22:58,299] Trial 9 finished with value: 92.0149154663086 and parameters: {'gradient_clip_val': 0.9573478516768745, 'hidden_size': 13, 'dropout': 0.28538269857618204, 'hidden_continuous_size': 5, 'attention_head_size': 2, 'learning_rate': 0.005428476955309261}. Best is trial 0 with value: 10.894495964050293.
LOCAL_RANK: 0 - CUDA_VISIBLE_DEVICES: [0]
[I 2023-12-27 11:22:58,731] Trial 10 finished with value: 106.26172637939453 and parameters: {'gradient_clip_val': 0.11224240402759479, 'hidden_size': 6, 'dropout': 0.4928954938059199, 'hidden_continuous_size': 5, 'attention_head_size': 3, 'learning_rate': 0.020188287416000483}. Best is trial 0 with value: 10.894495964050293.
LOCAL_RANK: 0 - CUDA_VISIBLE_DEVICES: [0]
[I 2023-12-27 11:22:59,178] Trial 11 finished with value: 97.81109619140625 and parameters: {'gradient_clip_val': 0.4833192869857333, 'hidden_size': 13, 'dropout': 0.4528004324936264, 'hidden_continuous_size': 12, 'attention_head_size': 3, 'learning_rate': 0.0006731338930579966}. Best is trial 0 with value: 10.894495964050293.
LOCAL_RANK: 0 - CUDA_VISIBLE_DEVICES: [0]
[I 2023-12-27 11:22:59,678] Trial 12 finished with value: 101.094970703125 and parameters: {'gradient_clip_val': 0.5345992349839831, 'hidden_size': 53, 'dropout': 0.40444504777481544, 'hidden_continuous_size': 19, 'attention_head_size': 3, 'learning_rate': 0.018046820660282285}. Best is trial 0 with value: 10.894495964050293.
LOCAL_RANK: 0 - CUDA_VISIBLE_DEVICES: [0]
[I 2023-12-27 11:23:00,091] Trial 13 finished with value: 76.93253326416016 and parameters: {'gradient_clip_val': 0.260141107841143, 'hidden_size': 5, 'dropout': 0.49695343717096674, 'hidden_continuous_size': 5, 'attention_head_size': 3, 'learning_rate': 0.0034097131690334387}. Best is trial 0 with value: 10.894495964050293.
LOCAL_RANK: 0 - CUDA_VISIBLE_DEVICES: [0]
[I 2023-12-27 11:23:00,569] Trial 14 finished with value: 85.4974365234375 and parameters: {'gradient_clip_val': 0.34022902680162287, 'hidden_size': 30, 'dropout': 0.3804231458088988, 'hidden_continuous_size': 11, 'attention_head_size': 4, 'learning_rate': 0.012860246818719735}. Best is trial 0 with value: 10.894495964050293.
LOCAL_RANK: 0 - CUDA_VISIBLE_DEVICES: [0]
[I 2023-12-27 11:23:01,068] Trial 15 finished with value: 113.94625854492188 and parameters: {'gradient_clip_val': 0.1833660722547451, 'hidden_size': 72, 'dropout': 0.44289360757990237, 'hidden_continuous_size': 22, 'attention_head_size': 3, 'learning_rate': 0.0030116171154874172}. Best is trial 0 with value: 10.894495964050293.
LOCAL_RANK: 0 - CUDA_VISIBLE_DEVICES: [0]
[I 2023-12-27 11:23:01,563] Trial 16 finished with value: 83.4918441772461 and parameters: {'gradient_clip_val': 0.10554193645864372, 'hidden_size': 75, 'dropout': 0.3497667097940027, 'hidden_continuous_size': 26, 'attention_head_size': 2, 'learning_rate': 0.01070805154305036}. Best is trial 0 with value: 10.894495964050293.
LOCAL_RANK: 0 - CUDA_VISIBLE_DEVICES: [0]
[I 2023-12-27 11:23:02,087] Trial 17 finished with value: 111.2332763671875 and parameters: {'gradient_clip_val': 0.6086213851780539, 'hidden_size': 150, 'dropout': 0.4345885096445363, 'hidden_continuous_size': 36, 'attention_head_size': 4, 'learning_rate': 0.032707228061066025}. Best is trial 0 with value: 10.894495964050293.
LOCAL_RANK: 0 - CUDA_VISIBLE_DEVICES: [0]
