[I 2023-12-27 11:17:13,646] Trial 48 finished with value: 3.9901914596557617 and parameters: {'gradient_clip_val': 0.2848680884059764, 'hidden_size': 10, 'dropout': 0.1125533682307499, 'hidden_continuous_size': 8, 'attention_head_size': 3, 'learning_rate': 0.0045474209120089275}. Best is trial 10 with value: 2.1216466426849365.
[I 2023-12-27 11:17:46,894] Trial 49 finished with value: 1.1699694395065308 and parameters: {'gradient_clip_val': 0.48048304712393086, 'hidden_size': 8, 'dropout': 0.14528081718882688, 'hidden_continuous_size': 5, 'attention_head_size': 4, 'learning_rate': 0.0012728759170023752}. Best is trial 49 with value: 1.1699694395065308.
[I 2023-12-27 11:17:47,009] A new study created in memory with name: no-name-7d65da4a-50bc-46b9-8366-c3f1de00649e
/home/le004/conda/anaconda3/envs/tsff_env/lib/python3.9/site-packages/lightning/fabric/plugins/environments/slurm.py:191: The `srun` command is available on your system but is not used. HINT: If your intention is to run Lightning on SLURM, prepend your python command with `srun` like so: srun python /home/le004/master_thesis/git/TSFusionForecast/code/ ...
[I 2023-12-27 11:18:06,401] Trial 0 finished with value: 21.93461036682129 and parameters: {'gradient_clip_val': 0.10671642628650727, 'hidden_size': 39, 'dropout': 0.301950350502696, 'hidden_continuous_size': 19, 'attention_head_size': 3, 'learning_rate': 0.09731848164517147}. Best is trial 0 with value: 21.93461036682129.
[I 2023-12-27 11:18:06,814] Trial 1 finished with value: 46.76033401489258 and parameters: {'gradient_clip_val': 0.4126576477542506, 'hidden_size': 57, 'dropout': 0.32533237038611273, 'hidden_continuous_size': 8, 'attention_head_size': 4, 'learning_rate': 0.003427448196657449}. Best is trial 0 with value: 21.93461036682129.
[I 2023-12-27 11:18:07,181] Trial 2 finished with value: 65.96017456054688 and parameters: {'gradient_clip_val': 0.7733404179718032, 'hidden_size': 15, 'dropout': 0.295895072084737, 'hidden_continuous_size': 7, 'attention_head_size': 2, 'learning_rate': 0.004026457300200919}. Best is trial 0 with value: 21.93461036682129.
[I 2023-12-27 11:18:07,508] Trial 3 finished with value: 78.73945617675781 and parameters: {'gradient_clip_val': 0.21055186362776046, 'hidden_size': 5, 'dropout': 0.2409322456958959, 'hidden_continuous_size': 5, 'attention_head_size': 2, 'learning_rate': 0.059049458318909155}. Best is trial 0 with value: 21.93461036682129.
[I 2023-12-27 11:18:07,918] Trial 4 finished with value: 51.31497573852539 and parameters: {'gradient_clip_val': 0.10905877364854094, 'hidden_size': 60, 'dropout': 0.24235959956994116, 'hidden_continuous_size': 5, 'attention_head_size': 2, 'learning_rate': 0.025995144706609286}. Best is trial 0 with value: 21.93461036682129.
[I 2023-12-27 11:18:08,278] Trial 5 finished with value: 61.4701042175293 and parameters: {'gradient_clip_val': 0.1025861643686663, 'hidden_size': 8, 'dropout': 0.11406749896683102, 'hidden_continuous_size': 7, 'attention_head_size': 2, 'learning_rate': 0.010663410658435984}. Best is trial 0 with value: 21.93461036682129.
[I 2023-12-27 11:18:08,748] Trial 6 finished with value: 65.59044647216797 and parameters: {'gradient_clip_val': 0.8150230982715572, 'hidden_size': 93, 'dropout': 0.30751450592738727, 'hidden_continuous_size': 15, 'attention_head_size': 1, 'learning_rate': 0.008823409725259275}. Best is trial 0 with value: 21.93461036682129.
[I 2023-12-27 11:18:09,163] Trial 7 finished with value: 60.81230545043945 and parameters: {'gradient_clip_val': 0.19343407364776075, 'hidden_size': 53, 'dropout': 0.4067481242647707, 'hidden_continuous_size': 36, 'attention_head_size': 4, 'learning_rate': 0.03749481522525602}. Best is trial 0 with value: 21.93461036682129.
[I 2023-12-27 11:18:09,629] Trial 8 finished with value: 71.5401611328125 and parameters: {'gradient_clip_val': 0.6262015804252066, 'hidden_size': 78, 'dropout': 0.3258943090235882, 'hidden_continuous_size': 53, 'attention_head_size': 3, 'learning_rate': 0.0037140503447352876}. Best is trial 0 with value: 21.93461036682129.
[I 2023-12-27 11:18:10,191] Trial 9 finished with value: 77.99897766113281 and parameters: {'gradient_clip_val': 0.3387265548772766, 'hidden_size': 10, 'dropout': 0.49884973213172124, 'hidden_continuous_size': 7, 'attention_head_size': 1, 'learning_rate': 0.04633003695237366}. Best is trial 0 with value: 21.93461036682129.
[I 2023-12-27 11:18:10,602] Trial 10 finished with value: 66.87922668457031 and parameters: {'gradient_clip_val': 0.16281361909095107, 'hidden_size': 29, 'dropout': 0.13236289210490348, 'hidden_continuous_size': 17, 'attention_head_size': 3, 'learning_rate': 0.0008494027197018398}. Best is trial 0 with value: 21.93461036682129.
[I 2023-12-27 11:18:11,008] Trial 11 finished with value: 75.23635864257812 and parameters: {'gradient_clip_val': 0.3977780331756765, 'hidden_size': 33, 'dropout': 0.3725165014809482, 'hidden_continuous_size': 11, 'attention_head_size': 4, 'learning_rate': 0.09478690537014978}. Best is trial 0 with value: 21.93461036682129.
[I 2023-12-27 11:18:11,665] Trial 12 finished with value: 74.76567077636719 and parameters: {'gradient_clip_val': 0.4528138840020024, 'hidden_size': 138, 'dropout': 0.21850304153633837, 'hidden_continuous_size': 113, 'attention_head_size': 4, 'learning_rate': 0.015734543271160906}. Best is trial 0 with value: 21.93461036682129.
[I 2023-12-27 11:18:12,080] Trial 13 finished with value: 80.86570739746094 and parameters: {'gradient_clip_val': 0.4887482507016554, 'hidden_size': 40, 'dropout': 0.38756204648416215, 'hidden_continuous_size': 10, 'attention_head_size': 3, 'learning_rate': 0.004043070677533255}. Best is trial 0 with value: 21.93461036682129.
[I 2023-12-27 11:18:12,482] Trial 14 finished with value: 53.53834533691406 and parameters: {'gradient_clip_val': 0.2555537788146234, 'hidden_size': 19, 'dropout': 0.19034677739589184, 'hidden_continuous_size': 8, 'attention_head_size': 4, 'learning_rate': 0.01906031206145127}. Best is trial 0 with value: 21.93461036682129.
[I 2023-12-27 11:18:12,910] Trial 15 finished with value: 57.39603805541992 and parameters: {'gradient_clip_val': 0.2874435833480172, 'hidden_size': 49, 'dropout': 0.2783823465248673, 'hidden_continuous_size': 18, 'attention_head_size': 3, 'learning_rate': 0.0014426306744129607}. Best is trial 0 with value: 21.93461036682129.
[I 2023-12-27 11:18:13,312] Trial 16 finished with value: 68.07367706298828 and parameters: {'gradient_clip_val': 0.14666371196882821, 'hidden_size': 25, 'dropout': 0.3435108514824286, 'hidden_continuous_size': 10, 'attention_head_size': 4, 'learning_rate': 0.09791075835061748}. Best is trial 0 with value: 21.93461036682129.
[I 2023-12-27 11:18:13,735] Trial 17 finished with value: 69.53450775146484 and parameters: {'gradient_clip_val': 0.2541774742820949, 'hidden_size': 39, 'dropout': 0.4257131099186835, 'hidden_continuous_size': 15, 'attention_head_size': 3, 'learning_rate': 0.006351161993908714}. Best is trial 0 with value: 21.93461036682129.
[I 2023-12-27 11:18:14,187] Trial 18 finished with value: 76.63223266601562 and parameters: {'gradient_clip_val': 0.33574229592181876, 'hidden_size': 67, 'dropout': 0.3469464030953552, 'hidden_continuous_size': 20, 'attention_head_size': 4, 'learning_rate': 0.0017817257775665446}. Best is trial 0 with value: 21.93461036682129.
[I 2023-12-27 11:18:14,729] Trial 19 finished with value: 73.69417572021484 and parameters: {'gradient_clip_val': 0.5647798522844463, 'hidden_size': 111, 'dropout': 0.28285234246922253, 'hidden_continuous_size': 27, 'attention_head_size': 3, 'learning_rate': 0.0005118053378211828}. Best is trial 0 with value: 21.93461036682129.
[I 2023-12-27 11:18:15,155] Trial 20 finished with value: 67.08707427978516 and parameters: {'gradient_clip_val': 0.13185234219663208, 'hidden_size': 47, 'dropout': 0.34435072113564785, 'hidden_continuous_size': 12, 'attention_head_size': 4, 'learning_rate': 0.022915746211838783}. Best is trial 0 with value: 21.93461036682129.
[I 2023-12-27 11:18:15,579] Trial 21 finished with value: 59.804691314697266 and parameters: {'gradient_clip_val': 0.10498891772764724, 'hidden_size': 64, 'dropout': 0.25451579199870566, 'hidden_continuous_size': 5, 'attention_head_size': 2, 'learning_rate': 0.03670521299871722}. Best is trial 0 with value: 21.93461036682129.
[I 2023-12-27 11:18:16,044] Trial 22 finished with value: 92.81816864013672 and parameters: {'gradient_clip_val': 0.12479027071658189, 'hidden_size': 83, 'dropout': 0.19678184196250834, 'hidden_continuous_size': 5, 'attention_head_size': 2, 'learning_rate': 0.026334011829436635}. Best is trial 0 with value: 21.93461036682129.
[I 2023-12-27 11:18:16,684] Trial 23 finished with value: 66.70039367675781 and parameters: {'gradient_clip_val': 0.17317888712860863, 'hidden_size': 54, 'dropout': 0.2476550621376304, 'hidden_continuous_size': 6, 'attention_head_size': 1, 'learning_rate': 0.05997382797235979}. Best is trial 0 with value: 21.93461036682129.
[I 2023-12-27 11:18:17,127] Trial 24 finished with value: 68.88810729980469 and parameters: {'gradient_clip_val': 0.12235450789517388, 'hidden_size': 67, 'dropout': 0.3012499475350628, 'hidden_continuous_size': 9, 'attention_head_size': 2, 'learning_rate': 0.012627603511641253}. Best is trial 0 with value: 21.93461036682129.
[I 2023-12-27 11:18:17,537] Trial 25 finished with value: 55.50343322753906 and parameters: {'gradient_clip_val': 0.10162440651093459, 'hidden_size': 35, 'dropout': 0.2681156242680398, 'hidden_continuous_size': 6, 'attention_head_size': 3, 'learning_rate': 0.027024151644685846}. Best is trial 0 with value: 21.93461036682129.
[I 2023-12-27 11:18:18,026] Trial 26 finished with value: 58.6072998046875 and parameters: {'gradient_clip_val': 0.15363503940985246, 'hidden_size': 100, 'dropout': 0.30666177532372224, 'hidden_continuous_size': 13, 'attention_head_size': 2, 'learning_rate': 0.06835888575409682}. Best is trial 0 with value: 21.93461036682129.
[I 2023-12-27 11:18:18,444] Trial 27 finished with value: 57.20742416381836 and parameters: {'gradient_clip_val': 0.22461050089515217, 'hidden_size': 43, 'dropout': 0.22422796962791924, 'hidden_continuous_size': 9, 'attention_head_size': 3, 'learning_rate': 0.014891748518982844}. Best is trial 0 with value: 21.93461036682129.
[I 2023-12-27 11:18:18,840] Trial 28 finished with value: 66.05606842041016 and parameters: {'gradient_clip_val': 0.17718823731772598, 'hidden_size': 28, 'dropout': 0.2638019667237753, 'hidden_continuous_size': 6, 'attention_head_size': 1, 'learning_rate': 0.03330606595566489}. Best is trial 0 with value: 21.93461036682129.
[I 2023-12-27 11:18:19,229] Trial 29 finished with value: 65.50628662109375 and parameters: {'gradient_clip_val': 0.14649254228815545, 'hidden_size': 23, 'dropout': 0.29389514569575803, 'hidden_continuous_size': 8, 'attention_head_size': 2, 'learning_rate': 0.020265875062704056}. Best is trial 0 with value: 21.93461036682129.
[I 2023-12-27 11:18:19,691] Trial 30 finished with value: 73.95919036865234 and parameters: {'gradient_clip_val': 0.12136614282082835, 'hidden_size': 59, 'dropout': 0.17487874433800882, 'hidden_continuous_size': 13, 'attention_head_size': 3, 'learning_rate': 0.04707748840581435}. Best is trial 0 with value: 21.93461036682129.
[I 2023-12-27 11:18:20,063] Trial 31 finished with value: 62.50031661987305 and parameters: {'gradient_clip_val': 0.24931064539775438, 'hidden_size': 19, 'dropout': 0.17786396716734776, 'hidden_continuous_size': 8, 'attention_head_size': 4, 'learning_rate': 0.018242073279866253}. Best is trial 0 with value: 21.93461036682129.
[I 2023-12-27 11:18:20,445] Trial 32 finished with value: 70.4818344116211 and parameters: {'gradient_clip_val': 0.19108506759983135, 'hidden_size': 17, 'dropout': 0.20576852230605158, 'hidden_continuous_size': 8, 'attention_head_size': 4, 'learning_rate': 0.006712259583196285}. Best is trial 0 with value: 21.93461036682129.
[I 2023-12-27 11:18:20,850] Trial 33 finished with value: 81.60997009277344 and parameters: {'gradient_clip_val': 0.2097518001654847, 'hidden_size': 35, 'dropout': 0.22847003626029594, 'hidden_continuous_size': 5, 'attention_head_size': 4, 'learning_rate': 0.01229221940558059}. Best is trial 0 with value: 21.93461036682129.
[I 2023-12-27 11:18:21,239] Trial 34 finished with value: 56.40910720825195 and parameters: {'gradient_clip_val': 0.30529473961759523, 'hidden_size': 13, 'dropout': 0.2396163254377418, 'hidden_continuous_size': 7, 'attention_head_size': 4, 'learning_rate': 0.07139009145318208}. Best is trial 0 with value: 21.93461036682129.
[I 2023-12-27 11:18:21,643] Trial 35 finished with value: 76.98490905761719 and parameters: {'gradient_clip_val': 0.11224832125925487, 'hidden_size': 20, 'dropout': 0.26086350500884997, 'hidden_continuous_size': 6, 'attention_head_size': 2, 'learning_rate': 0.00980829852931637}. Best is trial 0 with value: 21.93461036682129.
[I 2023-12-27 11:18:22,285] Trial 36 finished with value: 77.33611297607422 and parameters: {'gradient_clip_val': 0.1352720651830618, 'hidden_size': 46, 'dropout': 0.3162132564663057, 'hidden_continuous_size': 11, 'attention_head_size': 4, 'learning_rate': 0.03149599044608337}. Best is trial 0 with value: 21.93461036682129.
[I 2023-12-27 11:18:22,762] Trial 37 finished with value: 83.71670532226562 and parameters: {'gradient_clip_val': 0.10045685546022083, 'hidden_size': 79, 'dropout': 0.2847872063015694, 'hidden_continuous_size': 5, 'attention_head_size': 3, 'learning_rate': 0.020429629827866874}. Best is trial 0 with value: 21.93461036682129.
[I 2023-12-27 11:18:23,098] Trial 38 finished with value: 64.15128326416016 and parameters: {'gradient_clip_val': 0.8622637936950465, 'hidden_size': 5, 'dropout': 0.14824371320465501, 'hidden_continuous_size': 5, 'attention_head_size': 1, 'learning_rate': 0.04902180378193902}. Best is trial 0 with value: 21.93461036682129.
[I 2023-12-27 11:18:23,513] Trial 39 finished with value: 86.35174560546875 and parameters: {'gradient_clip_val': 0.38831396783940203, 'hidden_size': 29, 'dropout': 0.2413446819132284, 'hidden_continuous_size': 7, 'attention_head_size': 4, 'learning_rate': 0.046193025394663106}. Best is trial 0 with value: 21.93461036682129.
[I 2023-12-27 11:18:23,964] Trial 40 finished with value: 65.57745361328125 and parameters: {'gradient_clip_val': 0.6625784103809386, 'hidden_size': 52, 'dropout': 0.11468932240496954, 'hidden_continuous_size': 15, 'attention_head_size': 3, 'learning_rate': 0.026507106643216906}. Best is trial 0 with value: 21.93461036682129.
[I 2023-12-27 11:18:24,367] Trial 41 finished with value: 72.78939056396484 and parameters: {'gradient_clip_val': 0.11050031433466749, 'hidden_size': 36, 'dropout': 0.26911966081472194, 'hidden_continuous_size': 6, 'attention_head_size': 3, 'learning_rate': 0.02976937347050058}. Best is trial 0 with value: 21.93461036682129.
[I 2023-12-27 11:18:24,760] Trial 42 finished with value: 78.08718872070312 and parameters: {'gradient_clip_val': 0.10318294308784026, 'hidden_size': 32, 'dropout': 0.32397849086370956, 'hidden_continuous_size': 7, 'attention_head_size': 3, 'learning_rate': 0.0398890999424792}. Best is trial 0 with value: 21.93461036682129.
[I 2023-12-27 11:18:25,183] Trial 43 finished with value: 70.22171783447266 and parameters: {'gradient_clip_val': 0.11402254693403382, 'hidden_size': 42, 'dropout': 0.27514240966106424, 'hidden_continuous_size': 6, 'attention_head_size': 2, 'learning_rate': 0.024014539755475853}. Best is trial 0 with value: 21.93461036682129.
[I 2023-12-27 11:18:25,574] Trial 44 finished with value: 64.80054473876953 and parameters: {'gradient_clip_val': 0.1421517240360177, 'hidden_size': 24, 'dropout': 0.2919128958591625, 'hidden_continuous_size': 9, 'attention_head_size': 3, 'learning_rate': 0.0811695048456119}. Best is trial 0 with value: 21.93461036682129.
[I 2023-12-27 11:18:25,959] Trial 45 finished with value: 70.17330169677734 and parameters: {'gradient_clip_val': 0.15735371489544078, 'hidden_size': 32, 'dropout': 0.2180130102910478, 'hidden_continuous_size': 8, 'attention_head_size': 3, 'learning_rate': 0.056493421361536504}. Best is trial 0 with value: 21.93461036682129.
[I 2023-12-27 11:18:26,370] Trial 46 finished with value: 64.82124328613281 and parameters: {'gradient_clip_val': 0.1317801592024589, 'hidden_size': 38, 'dropout': 0.2544613459524815, 'hidden_continuous_size': 6, 'attention_head_size': 4, 'learning_rate': 0.0159405917614158}. Best is trial 0 with value: 21.93461036682129.
[I 2023-12-27 11:18:26,808] Trial 47 finished with value: 76.39366149902344 and parameters: {'gradient_clip_val': 0.11459897703924314, 'hidden_size': 57, 'dropout': 0.31392307034743394, 'hidden_continuous_size': 21, 'attention_head_size': 4, 'learning_rate': 0.00815379292098143}. Best is trial 0 with value: 21.93461036682129.
[I 2023-12-27 11:18:27,218] Trial 48 finished with value: 66.16824340820312 and parameters: {'gradient_clip_val': 0.10135501782530246, 'hidden_size': 49, 'dropout': 0.3306659226134616, 'hidden_continuous_size': 10, 'attention_head_size': 3, 'learning_rate': 0.03865189272463758}. Best is trial 0 with value: 21.93461036682129.
[I 2023-12-27 11:18:27,914] Trial 49 finished with value: 61.80908203125 and parameters: {'gradient_clip_val': 0.16735755735940924, 'hidden_size': 28, 'dropout': 0.273172024932158, 'hidden_continuous_size': 7, 'attention_head_size': 2, 'learning_rate': 0.004913141565906913}. Best is trial 0 with value: 21.93461036682129.
[I 2023-12-27 11:18:28,025] A new study created in memory with name: no-name-9419b79e-fca6-4ce9-a3f0-41b13c901f3a
/home/le004/conda/anaconda3/envs/tsff_env/lib/python3.9/site-packages/lightning/fabric/plugins/environments/slurm.py:191: The `srun` command is available on your system but is not used. HINT: If your intention is to run Lightning on SLURM, prepend your python command with `srun` like so: srun python /home/le004/master_thesis/git/TSFusionForecast/code/ ...
[I 2023-12-27 11:18:59,962] Trial 0 finished with value: 0.09305303543806076 and parameters: {'gradient_clip_val': 0.5667198588873331, 'hidden_size': 14, 'dropout': 0.2853091456243187, 'hidden_continuous_size': 14, 'attention_head_size': 4, 'learning_rate': 0.04267960453771539}. Best is trial 0 with value: 0.09305303543806076.
[I 2023-12-27 11:19:07,987] Trial 1 finished with value: 3.6307766437530518 and parameters: {'gradient_clip_val': 0.2860650913525977, 'hidden_size': 12, 'dropout': 0.306249675431556, 'hidden_continuous_size': 6, 'attention_head_size': 3, 'learning_rate': 0.0020663176880995997}. Best is trial 0 with value: 0.09305303543806076.
[I 2023-12-27 11:19:08,358] Trial 2 finished with value: 2.960052490234375 and parameters: {'gradient_clip_val': 0.3536320258608403, 'hidden_size': 11, 'dropout': 0.30410521145579306, 'hidden_continuous_size': 9, 'attention_head_size': 3, 'learning_rate': 0.016123250800442353}. Best is trial 0 with value: 0.09305303543806076.
[I 2023-12-27 11:19:08,746] Trial 3 finished with value: 3.6082305908203125 and parameters: {'gradient_clip_val': 0.28206713396695904, 'hidden_size': 30, 'dropout': 0.4144326950992371, 'hidden_continuous_size': 18, 'attention_head_size': 1, 'learning_rate': 0.026871121023428524}. Best is trial 0 with value: 0.09305303543806076.
[I 2023-12-27 11:19:09,167] Trial 4 finished with value: 3.708927869796753 and parameters: {'gradient_clip_val': 0.24441093892419524, 'hidden_size': 59, 'dropout': 0.44582705891094787, 'hidden_continuous_size': 7, 'attention_head_size': 3, 'learning_rate': 0.080709757759053}. Best is trial 0 with value: 0.09305303543806076.
[I 2023-12-27 11:19:09,529] Trial 5 finished with value: 3.4470338821411133 and parameters: {'gradient_clip_val': 0.13811208218202461, 'hidden_size': 10, 'dropout': 0.1830359309400884, 'hidden_continuous_size': 7, 'attention_head_size': 1, 'learning_rate': 0.005452611342680352}. Best is trial 0 with value: 0.09305303543806076.
[I 2023-12-27 11:19:09,902] Trial 6 finished with value: 4.421861171722412 and parameters: {'gradient_clip_val': 0.16736152645569388, 'hidden_size': 18, 'dropout': 0.16024396100292218, 'hidden_continuous_size': 6, 'attention_head_size': 4, 'learning_rate': 0.003250384665291041}. Best is trial 0 with value: 0.09305303543806076.
[I 2023-12-27 11:19:10,261] Trial 7 finished with value: 3.3137896060943604 and parameters: {'gradient_clip_val': 0.28679220270710537, 'hidden_size': 18, 'dropout': 0.4448877633989897, 'hidden_continuous_size': 10, 'attention_head_size': 1, 'learning_rate': 0.007957594204816808}. Best is trial 0 with value: 0.09305303543806076.
[I 2023-12-27 11:19:10,656] Trial 8 finished with value: 4.5299224853515625 and parameters: {'gradient_clip_val': 0.1434853176509794, 'hidden_size': 37, 'dropout': 0.34372620302487367, 'hidden_continuous_size': 33, 'attention_head_size': 1, 'learning_rate': 0.003850383090839593}. Best is trial 0 with value: 0.09305303543806076.
[I 2023-12-27 11:19:11,253] Trial 9 finished with value: 2.995276689529419 and parameters: {'gradient_clip_val': 0.9010751160297205, 'hidden_size': 26, 'dropout': 0.3186729650043979, 'hidden_continuous_size': 8, 'attention_head_size': 3, 'learning_rate': 0.000528105935644206}. Best is trial 0 with value: 0.09305303543806076.
[I 2023-12-27 11:19:11,608] Trial 10 finished with value: 4.005786418914795 and parameters: {'gradient_clip_val': 0.6274529385768867, 'hidden_size': 5, 'dropout': 0.23376085362164883, 'hidden_continuous_size': 5, 'attention_head_size': 4, 'learning_rate': 0.09088513768792308}. Best is trial 0 with value: 0.09305303543806076.
[I 2023-12-27 11:19:12,273] Trial 11 finished with value: 4.058145999908447 and parameters: {'gradient_clip_val': 0.43127958727272314, 'hidden_size': 146, 'dropout': 0.24108698949912286, 'hidden_continuous_size': 100, 'attention_head_size': 4, 'learning_rate': 0.01835480899210532}. Best is trial 0 with value: 0.09305303543806076.
