[I 2023-12-27 10:59:57,226] Trial 3 finished with value: 7536.02880859375 and parameters: {'gradient_clip_val': 0.9587721748826499, 'hidden_size': 7, 'dropout': 0.31971010915544273, 'hidden_continuous_size': 6, 'attention_head_size': 3, 'learning_rate': 0.006056346359545369}. Best is trial 0 with value: 2726.620361328125.
LOCAL_RANK: 0 - CUDA_VISIBLE_DEVICES: [0]
[I 2023-12-27 10:59:57,645] Trial 4 finished with value: 6232.00390625 and parameters: {'gradient_clip_val': 0.7918560184291984, 'hidden_size': 27, 'dropout': 0.2818598518056681, 'hidden_continuous_size': 11, 'attention_head_size': 1, 'learning_rate': 0.002589029466130554}. Best is trial 0 with value: 2726.620361328125.
LOCAL_RANK: 0 - CUDA_VISIBLE_DEVICES: [0]
[I 2023-12-27 10:59:58,039] Trial 5 finished with value: 7760.873046875 and parameters: {'gradient_clip_val': 0.13612264506986968, 'hidden_size': 5, 'dropout': 0.4075109258118005, 'hidden_continuous_size': 5, 'attention_head_size': 4, 'learning_rate': 0.015005839844213248}. Best is trial 0 with value: 2726.620361328125.
LOCAL_RANK: 0 - CUDA_VISIBLE_DEVICES: [0]
[I 2023-12-27 10:59:58,489] Trial 6 finished with value: 6060.32421875 and parameters: {'gradient_clip_val': 0.12122918022806711, 'hidden_size': 21, 'dropout': 0.22173142659684564, 'hidden_continuous_size': 9, 'attention_head_size': 4, 'learning_rate': 0.0025181620196073535}. Best is trial 0 with value: 2726.620361328125.
LOCAL_RANK: 0 - CUDA_VISIBLE_DEVICES: [0]
[I 2023-12-27 10:59:58,867] Trial 7 finished with value: 6259.32421875 and parameters: {'gradient_clip_val': 0.17513535692562943, 'hidden_size': 5, 'dropout': 0.13726624197342088, 'hidden_continuous_size': 5, 'attention_head_size': 3, 'learning_rate': 0.0035233589810182773}. Best is trial 0 with value: 2726.620361328125.
LOCAL_RANK: 0 - CUDA_VISIBLE_DEVICES: [0]
[I 2023-12-27 10:59:59,301] Trial 8 finished with value: 6506.43798828125 and parameters: {'gradient_clip_val': 0.9012115010712582, 'hidden_size': 19, 'dropout': 0.482947437916907, 'hidden_continuous_size': 5, 'attention_head_size': 1, 'learning_rate': 0.008377646310239137}. Best is trial 0 with value: 2726.620361328125.
LOCAL_RANK: 0 - CUDA_VISIBLE_DEVICES: [0]
[I 2023-12-27 10:59:59,716] Trial 9 finished with value: 6799.50830078125 and parameters: {'gradient_clip_val': 0.5213107452996788, 'hidden_size': 7, 'dropout': 0.21934266658114832, 'hidden_continuous_size': 5, 'attention_head_size': 3, 'learning_rate': 0.0144001130426873}. Best is trial 0 with value: 2726.620361328125.
LOCAL_RANK: 0 - CUDA_VISIBLE_DEVICES: [0]
[I 2023-12-27 11:00:00,214] Trial 10 finished with value: 8824.95703125 and parameters: {'gradient_clip_val': 0.3184172233433302, 'hidden_size': 99, 'dropout': 0.10561306094453587, 'hidden_continuous_size': 50, 'attention_head_size': 2, 'learning_rate': 0.05447450463137271}. Best is trial 0 with value: 2726.620361328125.
LOCAL_RANK: 0 - CUDA_VISIBLE_DEVICES: [0]
[I 2023-12-27 11:00:00,695] Trial 11 finished with value: 7209.087890625 and parameters: {'gradient_clip_val': 0.10349676838610097, 'hidden_size': 58, 'dropout': 0.18030627445093528, 'hidden_continuous_size': 10, 'attention_head_size': 1, 'learning_rate': 0.0005876474751536969}. Best is trial 0 with value: 2726.620361328125.
LOCAL_RANK: 0 - CUDA_VISIBLE_DEVICES: [0]
[I 2023-12-27 11:00:01,159] Trial 12 finished with value: 7546.90234375 and parameters: {'gradient_clip_val': 0.2806102922193509, 'hidden_size': 58, 'dropout': 0.2109966590311127, 'hidden_continuous_size': 8, 'attention_head_size': 2, 'learning_rate': 0.001307764092275325}. Best is trial 0 with value: 2726.620361328125.
LOCAL_RANK: 0 - CUDA_VISIBLE_DEVICES: [0]
[I 2023-12-27 11:00:01,622] Trial 13 finished with value: 7088.546875 and parameters: {'gradient_clip_val': 0.11637949345371969, 'hidden_size': 41, 'dropout': 0.10132276722818323, 'hidden_continuous_size': 7, 'attention_head_size': 4, 'learning_rate': 0.0013755101488240327}. Best is trial 0 with value: 2726.620361328125.
LOCAL_RANK: 0 - CUDA_VISIBLE_DEVICES: [0]
[I 2023-12-27 11:00:02,131] Trial 14 finished with value: 7568.88037109375 and parameters: {'gradient_clip_val': 0.10048851638670608, 'hidden_size': 136, 'dropout': 0.1673989423346036, 'hidden_continuous_size': 17, 'attention_head_size': 2, 'learning_rate': 0.004067164614673713}. Best is trial 0 with value: 2726.620361328125.
LOCAL_RANK: 0 - CUDA_VISIBLE_DEVICES: [0]
[I 2023-12-27 11:00:02,897] Trial 15 finished with value: 8038.56396484375 and parameters: {'gradient_clip_val': 0.2718827676166836, 'hidden_size': 14, 'dropout': 0.23578209936535893, 'hidden_continuous_size': 6, 'attention_head_size': 3, 'learning_rate': 0.0005794970507537167}. Best is trial 0 with value: 2726.620361328125.
LOCAL_RANK: 0 - CUDA_VISIBLE_DEVICES: [0]
[I 2023-12-27 11:00:03,402] Trial 16 finished with value: 7765.07763671875 and parameters: {'gradient_clip_val': 0.1435308894099231, 'hidden_size': 77, 'dropout': 0.14848877052016837, 'hidden_continuous_size': 12, 'attention_head_size': 4, 'learning_rate': 0.0022581947387437023}. Best is trial 0 with value: 2726.620361328125.
LOCAL_RANK: 0 - CUDA_VISIBLE_DEVICES: [0]
[I 2023-12-27 11:00:03,854] Trial 17 finished with value: 7663.958984375 and parameters: {'gradient_clip_val': 0.3828810446981133, 'hidden_size': 38, 'dropout': 0.26061249327949076, 'hidden_continuous_size': 9, 'attention_head_size': 1, 'learning_rate': 0.005675269487368542}. Best is trial 0 with value: 2726.620361328125.
LOCAL_RANK: 0 - CUDA_VISIBLE_DEVICES: [0]
[I 2023-12-27 11:00:04,302] Trial 18 finished with value: 7053.32666015625 and parameters: {'gradient_clip_val': 0.22005855004535807, 'hidden_size': 14, 'dropout': 0.18984946627900814, 'hidden_continuous_size': 6, 'attention_head_size': 3, 'learning_rate': 0.0014710225539158717}. Best is trial 0 with value: 2726.620361328125.
LOCAL_RANK: 0 - CUDA_VISIBLE_DEVICES: [0]
[I 2023-12-27 11:00:04,763] Trial 19 finished with value: 5408.13916015625 and parameters: {'gradient_clip_val': 0.1300757207952179, 'hidden_size': 88, 'dropout': 0.15028813679167796, 'hidden_continuous_size': 14, 'attention_head_size': 2, 'learning_rate': 0.0007809553072544393}. Best is trial 0 with value: 2726.620361328125.
LOCAL_RANK: 0 - CUDA_VISIBLE_DEVICES: [0]
[I 2023-12-27 11:00:05,243] Trial 20 finished with value: 8002.01708984375 and parameters: {'gradient_clip_val': 0.14588066101813735, 'hidden_size': 100, 'dropout': 0.1320928987549929, 'hidden_continuous_size': 19, 'attention_head_size': 1, 'learning_rate': 0.0008098892359296359}. Best is trial 0 with value: 2726.620361328125.
LOCAL_RANK: 0 - CUDA_VISIBLE_DEVICES: [0]
[I 2023-12-27 11:00:05,705] Trial 21 finished with value: 5269.4150390625 and parameters: {'gradient_clip_val': 0.12292295622675821, 'hidden_size': 65, 'dropout': 0.17507158156296232, 'hidden_continuous_size': 14, 'attention_head_size': 2, 'learning_rate': 0.0008668845659654206}. Best is trial 0 with value: 2726.620361328125.
LOCAL_RANK: 0 - CUDA_VISIBLE_DEVICES: [0]
[I 2023-12-27 11:00:06,181] Trial 22 finished with value: 7989.02197265625 and parameters: {'gradient_clip_val': 0.18266578545365383, 'hidden_size': 77, 'dropout': 0.16789065878359655, 'hidden_continuous_size': 14, 'attention_head_size': 2, 'learning_rate': 0.0005771240874702177}. Best is trial 0 with value: 2726.620361328125.
LOCAL_RANK: 0 - CUDA_VISIBLE_DEVICES: [0]
[I 2023-12-27 11:00:06,718] Trial 23 finished with value: 8222.7216796875 and parameters: {'gradient_clip_val': 0.15272798265099352, 'hidden_size': 139, 'dropout': 0.1395610874423295, 'hidden_continuous_size': 33, 'attention_head_size': 2, 'learning_rate': 0.0008854814297451581}. Best is trial 0 with value: 2726.620361328125.
LOCAL_RANK: 0 - CUDA_VISIBLE_DEVICES: [0]
[I 2023-12-27 11:00:07,186] Trial 24 finished with value: 5730.06640625 and parameters: {'gradient_clip_val': 0.2264848856466208, 'hidden_size': 58, 'dropout': 0.1012543333055514, 'hidden_continuous_size': 13, 'attention_head_size': 1, 'learning_rate': 0.0015616595627674981}. Best is trial 0 with value: 2726.620361328125.
LOCAL_RANK: 0 - CUDA_VISIBLE_DEVICES: [0]
[I 2023-12-27 11:00:07,690] Trial 25 finished with value: 6918.09619140625 and parameters: {'gradient_clip_val': 0.12605647285041952, 'hidden_size': 94, 'dropout': 0.18824361052942618, 'hidden_continuous_size': 25, 'attention_head_size': 2, 'learning_rate': 0.0008886294442681311}. Best is trial 0 with value: 2726.620361328125.
LOCAL_RANK: 0 - CUDA_VISIBLE_DEVICES: [0]
[I 2023-12-27 11:00:08,182] Trial 26 finished with value: 7010.80126953125 and parameters: {'gradient_clip_val': 0.17251006306354372, 'hidden_size': 74, 'dropout': 0.16209940640722684, 'hidden_continuous_size': 15, 'attention_head_size': 2, 'learning_rate': 0.0016751820366991586}. Best is trial 0 with value: 2726.620361328125.
LOCAL_RANK: 0 - CUDA_VISIBLE_DEVICES: [0]
[I 2023-12-27 11:00:08,638] Trial 27 finished with value: 8492.5751953125 and parameters: {'gradient_clip_val': 0.11172965187232459, 'hidden_size': 44, 'dropout': 0.13120311310368435, 'hidden_continuous_size': 11, 'attention_head_size': 1, 'learning_rate': 0.0005114484087009863}. Best is trial 0 with value: 2726.620361328125.
LOCAL_RANK: 0 - CUDA_VISIBLE_DEVICES: [0]
[I 2023-12-27 11:00:09,393] Trial 28 finished with value: 6251.18359375 and parameters: {'gradient_clip_val': 0.13032926594351846, 'hidden_size': 148, 'dropout': 0.1946391694650969, 'hidden_continuous_size': 19, 'attention_head_size': 2, 'learning_rate': 0.0009002579457275576}. Best is trial 0 with value: 2726.620361328125.
LOCAL_RANK: 0 - CUDA_VISIBLE_DEVICES: [0]
[I 2023-12-27 11:00:09,893] Trial 29 finished with value: 5917.18408203125 and parameters: {'gradient_clip_val': 0.20343420387412783, 'hidden_size': 105, 'dropout': 0.318261943498624, 'hidden_continuous_size': 8, 'attention_head_size': 1, 'learning_rate': 0.0019419406298612732}. Best is trial 0 with value: 2726.620361328125.
LOCAL_RANK: 0 - CUDA_VISIBLE_DEVICES: [0]
[I 2023-12-27 11:00:10,387] Trial 30 finished with value: 7829.640625 and parameters: {'gradient_clip_val': 0.16247000798045702, 'hidden_size': 70, 'dropout': 0.2536239008678007, 'hidden_continuous_size': 15, 'attention_head_size': 3, 'learning_rate': 0.0010414037136320525}. Best is trial 0 with value: 2726.620361328125.
LOCAL_RANK: 0 - CUDA_VISIBLE_DEVICES: [0]
[I 2023-12-27 11:00:10,866] Trial 31 finished with value: 6665.71728515625 and parameters: {'gradient_clip_val': 0.2384392229092827, 'hidden_size': 59, 'dropout': 0.10696029283043686, 'hidden_continuous_size': 13, 'attention_head_size': 1, 'learning_rate': 0.0017407933542010281}. Best is trial 0 with value: 2726.620361328125.
LOCAL_RANK: 0 - CUDA_VISIBLE_DEVICES: [0]
[I 2023-12-27 11:00:11,361] Trial 32 finished with value: 7206.84619140625 and parameters: {'gradient_clip_val': 0.20006408087374777, 'hidden_size': 48, 'dropout': 0.12132258845623703, 'hidden_continuous_size': 12, 'attention_head_size': 1, 'learning_rate': 0.001254065665893078}. Best is trial 0 with value: 2726.620361328125.
LOCAL_RANK: 0 - CUDA_VISIBLE_DEVICES: [0]
[I 2023-12-27 11:00:11,899] Trial 33 finished with value: 7233.25244140625 and parameters: {'gradient_clip_val': 0.15496735028023553, 'hidden_size': 117, 'dropout': 0.1552053144733592, 'hidden_continuous_size': 22, 'attention_head_size': 2, 'learning_rate': 0.0007402046737142858}. Best is trial 0 with value: 2726.620361328125.
LOCAL_RANK: 0 - CUDA_VISIBLE_DEVICES: [0]
[I 2023-12-27 11:00:12,379] Trial 34 finished with value: 9343.4814453125 and parameters: {'gradient_clip_val': 0.2358251994181792, 'hidden_size': 88, 'dropout': 0.10146557636300588, 'hidden_continuous_size': 10, 'attention_head_size': 1, 'learning_rate': 0.0011038871586676092}. Best is trial 0 with value: 2726.620361328125.
LOCAL_RANK: 0 - CUDA_VISIBLE_DEVICES: [0]
[I 2023-12-27 11:00:12,885] Trial 35 finished with value: 8797.537109375 and parameters: {'gradient_clip_val': 0.19234610463709778, 'hidden_size': 116, 'dropout': 0.15071236126494195, 'hidden_continuous_size': 7, 'attention_head_size': 1, 'learning_rate': 0.0017599403083179929}. Best is trial 0 with value: 2726.620361328125.
LOCAL_RANK: 0 - CUDA_VISIBLE_DEVICES: [0]
[I 2023-12-27 11:00:13,382] Trial 36 finished with value: 9171.962890625 and parameters: {'gradient_clip_val': 0.14192741687081264, 'hidden_size': 33, 'dropout': 0.12250016507141331, 'hidden_continuous_size': 14, 'attention_head_size': 2, 'learning_rate': 0.0028418255185599446}. Best is trial 0 with value: 2726.620361328125.
LOCAL_RANK: 0 - CUDA_VISIBLE_DEVICES: [0]
[I 2023-12-27 11:00:13,853] Trial 37 finished with value: 8857.341796875 and parameters: {'gradient_clip_val': 0.12182287645376749, 'hidden_size': 65, 'dropout': 0.20115758392285693, 'hidden_continuous_size': 11, 'attention_head_size': 1, 'learning_rate': 0.001169898099969048}. Best is trial 0 with value: 2726.620361328125.
LOCAL_RANK: 0 - CUDA_VISIBLE_DEVICES: [0]
[I 2023-12-27 11:00:14,339] Trial 38 finished with value: 7200.50244140625 and parameters: {'gradient_clip_val': 0.175714828052004, 'hidden_size': 52, 'dropout': 0.1732304246377187, 'hidden_continuous_size': 13, 'attention_head_size': 1, 'learning_rate': 0.002155164792005172}. Best is trial 0 with value: 2726.620361328125.
LOCAL_RANK: 0 - CUDA_VISIBLE_DEVICES: [0]
[I 2023-12-27 11:00:14,850] Trial 39 finished with value: 7125.29931640625 and parameters: {'gradient_clip_val': 0.1313994202358985, 'hidden_size': 80, 'dropout': 0.1271251679548256, 'hidden_continuous_size': 17, 'attention_head_size': 2, 'learning_rate': 0.0007173409287857002}. Best is trial 0 with value: 2726.620361328125.
LOCAL_RANK: 0 - CUDA_VISIBLE_DEVICES: [0]
[I 2023-12-27 11:00:15,332] Trial 40 finished with value: 6749.97119140625 and parameters: {'gradient_clip_val': 0.11336445077903846, 'hidden_size': 85, 'dropout': 0.15667339789826518, 'hidden_continuous_size': 26, 'attention_head_size': 3, 'learning_rate': 0.0029342373951337995}. Best is trial 0 with value: 2726.620361328125.
LOCAL_RANK: 0 - CUDA_VISIBLE_DEVICES: [0]
[I 2023-12-27 11:00:16,124] Trial 41 finished with value: 7926.61572265625 and parameters: {'gradient_clip_val': 0.20046492970371307, 'hidden_size': 102, 'dropout': 0.3152272314824709, 'hidden_continuous_size': 8, 'attention_head_size': 1, 'learning_rate': 0.0019652607025520954}. Best is trial 0 with value: 2726.620361328125.
LOCAL_RANK: 0 - CUDA_VISIBLE_DEVICES: [0]
[I 2023-12-27 11:00:16,607] Trial 42 finished with value: 6025.88818359375 and parameters: {'gradient_clip_val': 0.16185756746867172, 'hidden_size': 109, 'dropout': 0.3457703876339402, 'hidden_continuous_size': 9, 'attention_head_size': 1, 'learning_rate': 0.0015402135537181249}. Best is trial 0 with value: 2726.620361328125.
LOCAL_RANK: 0 - CUDA_VISIBLE_DEVICES: [0]
[I 2023-12-27 11:00:17,074] Trial 43 finished with value: 7478.69580078125 and parameters: {'gradient_clip_val': 0.20975286501452056, 'hidden_size': 65, 'dropout': 0.2842606507484916, 'hidden_continuous_size': 5, 'attention_head_size': 1, 'learning_rate': 0.0011186511939081166}. Best is trial 0 with value: 2726.620361328125.
LOCAL_RANK: 0 - CUDA_VISIBLE_DEVICES: [0]
[I 2023-12-27 11:00:17,566] Trial 44 finished with value: 6401.41796875 and parameters: {'gradient_clip_val': 0.22817073123052892, 'hidden_size': 128, 'dropout': 0.21176109139965882, 'hidden_continuous_size': 7, 'attention_head_size': 1, 'learning_rate': 0.002523148528146066}. Best is trial 0 with value: 2726.620361328125.
LOCAL_RANK: 0 - CUDA_VISIBLE_DEVICES: [0]
[I 2023-12-27 11:00:18,022] Trial 45 finished with value: 6217.46484375 and parameters: {'gradient_clip_val': 0.2635398246871077, 'hidden_size': 88, 'dropout': 0.17556489233197858, 'hidden_continuous_size': 10, 'attention_head_size': 2, 'learning_rate': 0.002040163406966125}. Best is trial 0 with value: 2726.620361328125.
LOCAL_RANK: 0 - CUDA_VISIBLE_DEVICES: [0]
[I 2023-12-27 11:00:18,501] Trial 46 finished with value: 6311.40380859375 and parameters: {'gradient_clip_val': 0.3186521769720211, 'hidden_size': 51, 'dropout': 0.11732140757564706, 'hidden_continuous_size': 12, 'attention_head_size': 1, 'learning_rate': 0.00067691205847803}. Best is trial 0 with value: 2726.620361328125.
LOCAL_RANK: 0 - CUDA_VISIBLE_DEVICES: [0]
[I 2023-12-27 11:00:19,003] Trial 47 finished with value: 8161.91650390625 and parameters: {'gradient_clip_val': 0.18516018494388933, 'hidden_size': 114, 'dropout': 0.14643764047969515, 'hidden_continuous_size': 6, 'attention_head_size': 2, 'learning_rate': 0.003354622237425325}. Best is trial 0 with value: 2726.620361328125.
LOCAL_RANK: 0 - CUDA_VISIBLE_DEVICES: [0]
[I 2023-12-27 11:00:19,478] Trial 48 finished with value: 6763.68505859375 and parameters: {'gradient_clip_val': 0.10018408343497194, 'hidden_size': 68, 'dropout': 0.22904696755169152, 'hidden_continuous_size': 8, 'attention_head_size': 1, 'learning_rate': 0.004010413575628138}. Best is trial 0 with value: 2726.620361328125.
LOCAL_RANK: 0 - CUDA_VISIBLE_DEVICES: [0]
[I 2023-12-27 11:00:19,976] Trial 49 finished with value: 8906.4775390625 and parameters: {'gradient_clip_val': 0.13545611361385088, 'hidden_size': 92, 'dropout': 0.3448592266619933, 'hidden_continuous_size': 16, 'attention_head_size': 2, 'learning_rate': 0.0015445447597472414}. Best is trial 0 with value: 2726.620361328125.
[I 2023-12-27 11:00:20,104] A new study created in memory with name: no-name-b5752ef6-e0bc-4b3f-a245-69aa505d2600
/home/le004/conda/anaconda3/envs/tsff_env/lib/python3.9/site-packages/lightning/fabric/plugins/environments/slurm.py:191: The `srun` command is available on your system but is not used. HINT: If your intention is to run Lightning on SLURM, prepend your python command with `srun` like so: srun python /home/le004/master_thesis/git/TSFusionForecast/code/ ...
LOCAL_RANK: 0 - CUDA_VISIBLE_DEVICES: [0]
[I 2023-12-27 11:00:44,231] Trial 0 finished with value: 1145.46533203125 and parameters: {'gradient_clip_val': 0.7972875284389457, 'hidden_size': 30, 'dropout': 0.47747953549904176, 'hidden_continuous_size': 24, 'attention_head_size': 1, 'learning_rate': 0.025082025852668523}. Best is trial 0 with value: 1145.46533203125.
LOCAL_RANK: 0 - CUDA_VISIBLE_DEVICES: [0]
[I 2023-12-27 11:00:44,965] Trial 1 finished with value: 8524.5361328125 and parameters: {'gradient_clip_val': 0.1457171937644208, 'hidden_size': 28, 'dropout': 0.3408584416523083, 'hidden_continuous_size': 27, 'attention_head_size': 4, 'learning_rate': 0.004945963620597705}. Best is trial 0 with value: 1145.46533203125.
LOCAL_RANK: 0 - CUDA_VISIBLE_DEVICES: [0]
[I 2023-12-27 11:00:45,428] Trial 2 finished with value: 5323.529296875 and parameters: {'gradient_clip_val': 0.13593928034815483, 'hidden_size': 73, 'dropout': 0.30080521532403093, 'hidden_continuous_size': 14, 'attention_head_size': 4, 'learning_rate': 0.01920975275867905}. Best is trial 0 with value: 1145.46533203125.
LOCAL_RANK: 0 - CUDA_VISIBLE_DEVICES: [0]
[I 2023-12-27 11:00:45,845] Trial 3 finished with value: 5940.11083984375 and parameters: {'gradient_clip_val': 0.5208077436121774, 'hidden_size': 5, 'dropout': 0.4043837910187521, 'hidden_continuous_size': 5, 'attention_head_size': 3, 'learning_rate': 0.021408204428238643}. Best is trial 0 with value: 1145.46533203125.
LOCAL_RANK: 0 - CUDA_VISIBLE_DEVICES: [0]
[I 2023-12-27 11:00:46,273] Trial 4 finished with value: 4992.0732421875 and parameters: {'gradient_clip_val': 0.19412646639550346, 'hidden_size': 15, 'dropout': 0.21318946555146223, 'hidden_continuous_size': 15, 'attention_head_size': 3, 'learning_rate': 0.03619656221148078}. Best is trial 0 with value: 1145.46533203125.
LOCAL_RANK: 0 - CUDA_VISIBLE_DEVICES: [0]
[I 2023-12-27 11:00:46,731] Trial 5 finished with value: 5811.51806640625 and parameters: {'gradient_clip_val': 0.10601781366286059, 'hidden_size': 54, 'dropout': 0.1967654935579115, 'hidden_continuous_size': 19, 'attention_head_size': 1, 'learning_rate': 0.022989729961474314}. Best is trial 0 with value: 1145.46533203125.
LOCAL_RANK: 0 - CUDA_VISIBLE_DEVICES: [0]
[I 2023-12-27 11:00:47,141] Trial 6 finished with value: 7649.19921875 and parameters: {'gradient_clip_val': 0.1034553251747371, 'hidden_size': 13, 'dropout': 0.4487323736699219, 'hidden_continuous_size': 13, 'attention_head_size': 3, 'learning_rate': 0.005067483694069876}. Best is trial 0 with value: 1145.46533203125.
LOCAL_RANK: 0 - CUDA_VISIBLE_DEVICES: [0]
[I 2023-12-27 11:00:47,510] Trial 7 finished with value: 5940.017578125 and parameters: {'gradient_clip_val': 0.4384623821688179, 'hidden_size': 5, 'dropout': 0.23137199214723464, 'hidden_continuous_size': 5, 'attention_head_size': 1, 'learning_rate': 0.001822245468898267}. Best is trial 0 with value: 1145.46533203125.
LOCAL_RANK: 0 - CUDA_VISIBLE_DEVICES: [0]
[I 2023-12-27 11:00:47,956] Trial 8 finished with value: 5942.80712890625 and parameters: {'gradient_clip_val': 0.21513773391139426, 'hidden_size': 19, 'dropout': 0.22081098818282016, 'hidden_continuous_size': 14, 'attention_head_size': 4, 'learning_rate': 0.006146912904900431}. Best is trial 0 with value: 1145.46533203125.
LOCAL_RANK: 0 - CUDA_VISIBLE_DEVICES: [0]
[I 2023-12-27 11:00:48,418] Trial 9 finished with value: 5447.85107421875 and parameters: {'gradient_clip_val': 0.19178236547867758, 'hidden_size': 78, 'dropout': 0.4617857186515929, 'hidden_continuous_size': 26, 'attention_head_size': 3, 'learning_rate': 0.01099930638253054}. Best is trial 0 with value: 1145.46533203125.
LOCAL_RANK: 0 - CUDA_VISIBLE_DEVICES: [0]
[I 2023-12-27 11:00:48,942] Trial 10 finished with value: 7434.8984375 and parameters: {'gradient_clip_val': 0.9023221996965509, 'hidden_size': 147, 'dropout': 0.11855279259650423, 'hidden_continuous_size': 81, 'attention_head_size': 2, 'learning_rate': 0.09461845810304403}. Best is trial 0 with value: 1145.46533203125.
LOCAL_RANK: 0 - CUDA_VISIBLE_DEVICES: [0]
