[I 2023-12-27 11:17:46,668] Trial 13 finished with value: 327.3089904785156 and parameters: {'gradient_clip_val': 0.1843076223422893, 'hidden_size': 24, 'dropout': 0.4982332349947318, 'hidden_continuous_size': 12, 'attention_head_size': 1, 'learning_rate': 0.003014541897065137}. Best is trial 0 with value: 116.61870574951172.
[I 2023-12-27 11:17:47,015] Trial 14 finished with value: 332.2406921386719 and parameters: {'gradient_clip_val': 0.4667026647774585, 'hidden_size': 8, 'dropout': 0.42959568074970605, 'hidden_continuous_size': 6, 'attention_head_size': 3, 'learning_rate': 0.015629205828992198}. Best is trial 0 with value: 116.61870574951172.
[I 2023-12-27 11:17:47,373] Trial 15 finished with value: 344.1400451660156 and parameters: {'gradient_clip_val': 0.22176092759896185, 'hidden_size': 16, 'dropout': 0.3775726837041695, 'hidden_continuous_size': 11, 'attention_head_size': 2, 'learning_rate': 0.0018828651227907182}. Best is trial 0 with value: 116.61870574951172.
[I 2023-12-27 11:17:47,761] Trial 16 finished with value: 393.8465881347656 and parameters: {'gradient_clip_val': 0.4115405205770232, 'hidden_size': 38, 'dropout': 0.4408923001475645, 'hidden_continuous_size': 37, 'attention_head_size': 1, 'learning_rate': 0.0011896308136784036}. Best is trial 0 with value: 116.61870574951172.
[I 2023-12-27 11:17:48,123] Trial 17 finished with value: 497.2792053222656 and parameters: {'gradient_clip_val': 0.16235403729896788, 'hidden_size': 8, 'dropout': 0.44955944398095987, 'hidden_continuous_size': 5, 'attention_head_size': 4, 'learning_rate': 0.010056809840982834}. Best is trial 0 with value: 116.61870574951172.
[I 2023-12-27 11:17:48,489] Trial 18 finished with value: 302.7593688964844 and parameters: {'gradient_clip_val': 0.9665452386919766, 'hidden_size': 15, 'dropout': 0.35692515830456495, 'hidden_continuous_size': 7, 'attention_head_size': 2, 'learning_rate': 0.004037194567865313}. Best is trial 0 with value: 116.61870574951172.
[I 2023-12-27 11:17:49,083] Trial 19 finished with value: 388.225830078125 and parameters: {'gradient_clip_val': 0.8788144578130291, 'hidden_size': 11, 'dropout': 0.3433691989094597, 'hidden_continuous_size': 7, 'attention_head_size': 3, 'learning_rate': 0.003745155566730472}. Best is trial 0 with value: 116.61870574951172.
[I 2023-12-27 11:17:49,437] Trial 20 finished with value: 319.7998962402344 and parameters: {'gradient_clip_val': 0.7477363042632281, 'hidden_size': 18, 'dropout': 0.3871140016766473, 'hidden_continuous_size': 7, 'attention_head_size': 2, 'learning_rate': 0.028160092468163374}. Best is trial 0 with value: 116.61870574951172.
[I 2023-12-27 11:17:49,802] Trial 21 finished with value: 402.4692687988281 and parameters: {'gradient_clip_val': 0.9642930975877918, 'hidden_size': 19, 'dropout': 0.41790446906430245, 'hidden_continuous_size': 8, 'attention_head_size': 1, 'learning_rate': 0.008871908320611957}. Best is trial 0 with value: 116.61870574951172.
[I 2023-12-27 11:17:50,190] Trial 22 finished with value: 382.1092834472656 and parameters: {'gradient_clip_val': 0.7365123532043738, 'hidden_size': 39, 'dropout': 0.4728654725139332, 'hidden_continuous_size': 16, 'attention_head_size': 2, 'learning_rate': 0.0012250757040017627}. Best is trial 0 with value: 116.61870574951172.
[I 2023-12-27 11:17:50,536] Trial 23 finished with value: 413.9413757324219 and parameters: {'gradient_clip_val': 0.5838089304333626, 'hidden_size': 9, 'dropout': 0.3155644934120053, 'hidden_continuous_size': 6, 'attention_head_size': 1, 'learning_rate': 0.004511311569897384}. Best is trial 0 with value: 116.61870574951172.
[I 2023-12-27 11:17:50,891] Trial 24 finished with value: 452.4412536621094 and parameters: {'gradient_clip_val': 0.8331289695562242, 'hidden_size': 14, 'dropout': 0.36366566714690995, 'hidden_continuous_size': 7, 'attention_head_size': 2, 'learning_rate': 0.0032271527892867007}. Best is trial 0 with value: 116.61870574951172.
[I 2023-12-27 11:17:51,239] Trial 25 finished with value: 416.9208984375 and parameters: {'gradient_clip_val': 0.40436486959346823, 'hidden_size': 6, 'dropout': 0.4278641118398431, 'hidden_continuous_size': 5, 'attention_head_size': 3, 'learning_rate': 0.006863196613255826}. Best is trial 0 with value: 116.61870574951172.
[I 2023-12-27 11:17:51,602] Trial 26 finished with value: 315.5120544433594 and parameters: {'gradient_clip_val': 0.6089993611590562, 'hidden_size': 9, 'dropout': 0.3898515294359911, 'hidden_continuous_size': 6, 'attention_head_size': 1, 'learning_rate': 0.002081269161787901}. Best is trial 0 with value: 116.61870574951172.
[I 2023-12-27 11:17:51,951] Trial 27 finished with value: 409.0186767578125 and parameters: {'gradient_clip_val': 0.8241520616567708, 'hidden_size': 6, 'dropout': 0.49989355824168613, 'hidden_continuous_size': 5, 'attention_head_size': 4, 'learning_rate': 0.01016583245148358}. Best is trial 0 with value: 116.61870574951172.
[I 2023-12-27 11:17:52,325] Trial 28 finished with value: 307.9220886230469 and parameters: {'gradient_clip_val': 0.5077427950933985, 'hidden_size': 20, 'dropout': 0.45993765209049126, 'hidden_continuous_size': 10, 'attention_head_size': 2, 'learning_rate': 0.004313381300664629}. Best is trial 0 with value: 116.61870574951172.
[I 2023-12-27 11:17:52,688] Trial 29 finished with value: 416.1087341308594 and parameters: {'gradient_clip_val': 0.6356163939510363, 'hidden_size': 7, 'dropout': 0.29178716647785263, 'hidden_continuous_size': 6, 'attention_head_size': 2, 'learning_rate': 0.004280208893551397}. Best is trial 0 with value: 116.61870574951172.
[I 2023-12-27 11:17:53,044] Trial 30 finished with value: 463.8914794921875 and parameters: {'gradient_clip_val': 0.8172169654730846, 'hidden_size': 10, 'dropout': 0.43914261878657634, 'hidden_continuous_size': 8, 'attention_head_size': 3, 'learning_rate': 0.03755176563874998}. Best is trial 0 with value: 116.61870574951172.
[I 2023-12-27 11:17:53,409] Trial 31 finished with value: 340.468017578125 and parameters: {'gradient_clip_val': 0.5257052596195275, 'hidden_size': 20, 'dropout': 0.46468161974098554, 'hidden_continuous_size': 10, 'attention_head_size': 2, 'learning_rate': 0.007366885798474176}. Best is trial 0 with value: 116.61870574951172.
[I 2023-12-27 11:17:54,015] Trial 32 finished with value: 328.82659912109375 and parameters: {'gradient_clip_val': 0.697438306650252, 'hidden_size': 15, 'dropout': 0.48044145885336437, 'hidden_continuous_size': 9, 'attention_head_size': 4, 'learning_rate': 0.0168177233469805}. Best is trial 0 with value: 116.61870574951172.
[I 2023-12-27 11:17:54,372] Trial 33 finished with value: 412.0028381347656 and parameters: {'gradient_clip_val': 0.5036980420750263, 'hidden_size': 12, 'dropout': 0.41493946752201527, 'hidden_continuous_size': 7, 'attention_head_size': 1, 'learning_rate': 0.004926835590912406}. Best is trial 0 with value: 116.61870574951172.
[I 2023-12-27 11:17:54,750] Trial 34 finished with value: 385.6400146484375 and parameters: {'gradient_clip_val': 0.9899291565644263, 'hidden_size': 17, 'dropout': 0.4679299003285508, 'hidden_continuous_size': 11, 'attention_head_size': 2, 'learning_rate': 0.08898410864755138}. Best is trial 0 with value: 116.61870574951172.
[I 2023-12-27 11:17:55,109] Trial 35 finished with value: 280.4149475097656 and parameters: {'gradient_clip_val': 0.6856468809039316, 'hidden_size': 22, 'dropout': 0.4824957022739639, 'hidden_continuous_size': 10, 'attention_head_size': 2, 'learning_rate': 0.003358619089431013}. Best is trial 0 with value: 116.61870574951172.
[I 2023-12-27 11:17:55,476] Trial 36 finished with value: 385.3226623535156 and parameters: {'gradient_clip_val': 0.6543981890863214, 'hidden_size': 22, 'dropout': 0.45363238731921357, 'hidden_continuous_size': 10, 'attention_head_size': 2, 'learning_rate': 0.002691224375517339}. Best is trial 0 with value: 116.61870574951172.
[I 2023-12-27 11:17:55,855] Trial 37 finished with value: 373.3832702636719 and parameters: {'gradient_clip_val': 0.762284082000689, 'hidden_size': 29, 'dropout': 0.48381914027332346, 'hidden_continuous_size': 10, 'attention_head_size': 2, 'learning_rate': 0.005006177333623752}. Best is trial 0 with value: 116.61870574951172.
[I 2023-12-27 11:17:56,226] Trial 38 finished with value: 408.2672119140625 and parameters: {'gradient_clip_val': 0.8629662749426481, 'hidden_size': 15, 'dropout': 0.4366405272185974, 'hidden_continuous_size': 8, 'attention_head_size': 3, 'learning_rate': 0.003702379995125467}. Best is trial 0 with value: 116.61870574951172.
[I 2023-12-27 11:17:56,605] Trial 39 finished with value: 292.9939880371094 and parameters: {'gradient_clip_val': 0.6736238168899094, 'hidden_size': 30, 'dropout': 0.4038108060253418, 'hidden_continuous_size': 13, 'attention_head_size': 2, 'learning_rate': 0.006434367426149219}. Best is trial 0 with value: 116.61870574951172.
[I 2023-12-27 11:17:56,973] Trial 40 finished with value: 320.1149597167969 and parameters: {'gradient_clip_val': 0.6966190266377482, 'hidden_size': 29, 'dropout': 0.3740647747555163, 'hidden_continuous_size': 12, 'attention_head_size': 3, 'learning_rate': 0.005866003974825733}. Best is trial 0 with value: 116.61870574951172.
[I 2023-12-27 11:17:57,337] Trial 41 finished with value: 378.8378601074219 and parameters: {'gradient_clip_val': 0.6159306302284377, 'hidden_size': 23, 'dropout': 0.39710158134828283, 'hidden_continuous_size': 9, 'attention_head_size': 2, 'learning_rate': 0.007779944487406652}. Best is trial 0 with value: 116.61870574951172.
[I 2023-12-27 11:17:57,694] Trial 42 finished with value: 400.2851867675781 and parameters: {'gradient_clip_val': 0.8987811618637742, 'hidden_size': 20, 'dropout': 0.45375222053497455, 'hidden_continuous_size': 11, 'attention_head_size': 2, 'learning_rate': 0.005762011433461642}. Best is trial 0 with value: 116.61870574951172.
[I 2023-12-27 11:17:58,073] Trial 43 finished with value: 446.2569580078125 and parameters: {'gradient_clip_val': 0.7839066659169242, 'hidden_size': 34, 'dropout': 0.41689146195316634, 'hidden_continuous_size': 14, 'attention_head_size': 2, 'learning_rate': 0.011506550675410298}. Best is trial 0 with value: 116.61870574951172.
[I 2023-12-27 11:17:58,464] Trial 44 finished with value: 267.9488220214844 and parameters: {'gradient_clip_val': 0.6811367719559457, 'hidden_size': 45, 'dropout': 0.4027658358905829, 'hidden_continuous_size': 13, 'attention_head_size': 2, 'learning_rate': 0.002502737527647197}. Best is trial 0 with value: 116.61870574951172.
[I 2023-12-27 11:17:59,100] Trial 45 finished with value: 343.9144287109375 and parameters: {'gradient_clip_val': 0.9954903338965524, 'hidden_size': 48, 'dropout': 0.3509952518733004, 'hidden_continuous_size': 18, 'attention_head_size': 2, 'learning_rate': 0.0026011733566537916}. Best is trial 0 with value: 116.61870574951172.
[I 2023-12-27 11:17:59,501] Trial 46 finished with value: 378.6354064941406 and parameters: {'gradient_clip_val': 0.68555318492665, 'hidden_size': 50, 'dropout': 0.4016745485264961, 'hidden_continuous_size': 13, 'attention_head_size': 2, 'learning_rate': 0.003207017649788955}. Best is trial 0 with value: 116.61870574951172.
[I 2023-12-27 11:17:59,893] Trial 47 finished with value: 358.8572082519531 and parameters: {'gradient_clip_val': 0.7691474292938898, 'hidden_size': 26, 'dropout': 0.3788487642588066, 'hidden_continuous_size': 14, 'attention_head_size': 3, 'learning_rate': 0.0062312222039801685}. Best is trial 0 with value: 116.61870574951172.
[I 2023-12-27 11:18:00,253] Trial 48 finished with value: 423.3419494628906 and parameters: {'gradient_clip_val': 0.9165562386066022, 'hidden_size': 12, 'dropout': 0.42556520085944016, 'hidden_continuous_size': 7, 'attention_head_size': 4, 'learning_rate': 0.0017646217923218295}. Best is trial 0 with value: 116.61870574951172.
[I 2023-12-27 11:18:00,593] Trial 49 finished with value: 410.9605407714844 and parameters: {'gradient_clip_val': 0.8736968822009292, 'hidden_size': 16, 'dropout': 0.48352252389082484, 'hidden_continuous_size': 8, 'attention_head_size': 2, 'learning_rate': 0.002429409741603893}. Best is trial 0 with value: 116.61870574951172.
[I 2023-12-27 11:18:00,700] A new study created in memory with name: no-name-08e4fee0-9e8a-499e-b81a-93ea07f53a7e
/home/le004/conda/anaconda3/envs/tsff_env/lib/python3.9/site-packages/lightning/fabric/plugins/environments/slurm.py:191: The `srun` command is available on your system but is not used. HINT: If your intention is to run Lightning on SLURM, prepend your python command with `srun` like so: srun python /home/le004/master_thesis/git/TSFusionForecast/code/ ...
[I 2023-12-27 11:18:52,428] Trial 0 finished with value: 174.4221649169922 and parameters: {'gradient_clip_val': 0.106838977405919, 'hidden_size': 133, 'dropout': 0.39663147192284964, 'hidden_continuous_size': 98, 'attention_head_size': 1, 'learning_rate': 0.008641329063074072}. Best is trial 0 with value: 174.4221649169922.
[I 2023-12-27 11:18:52,759] Trial 1 finished with value: 1131.8604736328125 and parameters: {'gradient_clip_val': 0.14600417916198496, 'hidden_size': 6, 'dropout': 0.17456949966202773, 'hidden_continuous_size': 5, 'attention_head_size': 3, 'learning_rate': 0.0017181989122012366}. Best is trial 0 with value: 174.4221649169922.
[I 2023-12-27 11:18:53,088] Trial 2 finished with value: 606.8726196289062 and parameters: {'gradient_clip_val': 0.17133132397699502, 'hidden_size': 11, 'dropout': 0.22216757973760257, 'hidden_continuous_size': 6, 'attention_head_size': 1, 'learning_rate': 0.004879970253715602}. Best is trial 0 with value: 174.4221649169922.
[I 2023-12-27 11:18:53,413] Trial 3 finished with value: 1517.78515625 and parameters: {'gradient_clip_val': 0.32277062054240596, 'hidden_size': 11, 'dropout': 0.38944726036004773, 'hidden_continuous_size': 8, 'attention_head_size': 3, 'learning_rate': 0.002798344652358976}. Best is trial 0 with value: 174.4221649169922.
[I 2023-12-27 11:18:53,734] Trial 4 finished with value: 994.2897338867188 and parameters: {'gradient_clip_val': 0.16006779451413602, 'hidden_size': 8, 'dropout': 0.45065988553338643, 'hidden_continuous_size': 6, 'attention_head_size': 3, 'learning_rate': 0.0014478268989543714}. Best is trial 0 with value: 174.4221649169922.
[I 2023-12-27 11:18:54,055] Trial 5 finished with value: 1022.517578125 and parameters: {'gradient_clip_val': 0.6807016137815023, 'hidden_size': 8, 'dropout': 0.2554737617247307, 'hidden_continuous_size': 5, 'attention_head_size': 3, 'learning_rate': 0.0039029858467163553}. Best is trial 0 with value: 174.4221649169922.
[I 2023-12-27 11:18:54,381] Trial 6 finished with value: 1696.4249267578125 and parameters: {'gradient_clip_val': 0.37033256157623284, 'hidden_size': 7, 'dropout': 0.162703014718254, 'hidden_continuous_size': 6, 'attention_head_size': 3, 'learning_rate': 0.03925644660459723}. Best is trial 0 with value: 174.4221649169922.
[I 2023-12-27 11:18:54,969] Trial 7 finished with value: 1209.4361572265625 and parameters: {'gradient_clip_val': 0.5946007063938645, 'hidden_size': 11, 'dropout': 0.48195909043036733, 'hidden_continuous_size': 5, 'attention_head_size': 4, 'learning_rate': 0.010491403468010864}. Best is trial 0 with value: 174.4221649169922.
[I 2023-12-27 11:18:55,483] Trial 8 finished with value: 2053.767822265625 and parameters: {'gradient_clip_val': 0.5101956213815222, 'hidden_size': 135, 'dropout': 0.4117453231704783, 'hidden_continuous_size': 14, 'attention_head_size': 2, 'learning_rate': 0.08237621651335625}. Best is trial 0 with value: 174.4221649169922.
[I 2023-12-27 11:18:55,873] Trial 9 finished with value: 1517.6417236328125 and parameters: {'gradient_clip_val': 0.3918618262863627, 'hidden_size': 38, 'dropout': 0.2453365822761979, 'hidden_continuous_size': 17, 'attention_head_size': 4, 'learning_rate': 0.003962825520452724}. Best is trial 0 with value: 174.4221649169922.
[I 2023-12-27 11:18:56,520] Trial 10 finished with value: 1081.4102783203125 and parameters: {'gradient_clip_val': 0.10081537050344375, 'hidden_size': 147, 'dropout': 0.3346715274636427, 'hidden_continuous_size': 124, 'attention_head_size': 1, 'learning_rate': 0.0005924152196638235}. Best is trial 0 with value: 174.4221649169922.
[I 2023-12-27 11:18:56,878] Trial 11 finished with value: 1469.02197265625 and parameters: {'gradient_clip_val': 0.1990339804232791, 'hidden_size': 24, 'dropout': 0.33522910870976247, 'hidden_continuous_size': 21, 'attention_head_size': 1, 'learning_rate': 0.01129056183857329}. Best is trial 0 with value: 174.4221649169922.
[I 2023-12-27 11:18:57,336] Trial 12 finished with value: 1517.2471923828125 and parameters: {'gradient_clip_val': 0.22514778827947143, 'hidden_size': 71, 'dropout': 0.12896109047323792, 'hidden_continuous_size': 69, 'attention_head_size': 1, 'learning_rate': 0.016529423620059592}. Best is trial 0 with value: 174.4221649169922.
[I 2023-12-27 11:18:57,694] Trial 13 finished with value: 1153.6163330078125 and parameters: {'gradient_clip_val': 0.10988882377192649, 'hidden_size': 20, 'dropout': 0.27337956793377144, 'hidden_continuous_size': 9, 'attention_head_size': 2, 'learning_rate': 0.007130627377553427}. Best is trial 0 with value: 174.4221649169922.
[I 2023-12-27 11:18:58,090] Trial 14 finished with value: 1398.3214111328125 and parameters: {'gradient_clip_val': 0.24316135867607924, 'hidden_size': 49, 'dropout': 0.370255771430568, 'hidden_continuous_size': 25, 'attention_head_size': 2, 'learning_rate': 0.023624784072971482}. Best is trial 0 with value: 174.4221649169922.
[I 2023-12-27 11:18:58,432] Trial 15 finished with value: 1265.748046875 and parameters: {'gradient_clip_val': 0.15854029776031198, 'hidden_size': 17, 'dropout': 0.22228485634102, 'hidden_continuous_size': 8, 'attention_head_size': 1, 'learning_rate': 0.005971968379686244}. Best is trial 0 with value: 174.4221649169922.
[I 2023-12-27 11:18:58,746] Trial 16 finished with value: 1021.8458862304688 and parameters: {'gradient_clip_val': 0.9296685671311574, 'hidden_size': 5, 'dropout': 0.32191789225636047, 'hidden_continuous_size': 5, 'attention_head_size': 1, 'learning_rate': 0.0074852714206230485}. Best is trial 0 with value: 174.4221649169922.
[I 2023-12-27 11:18:59,115] Trial 17 finished with value: 1056.48193359375 and parameters: {'gradient_clip_val': 0.12129846598707716, 'hidden_size': 34, 'dropout': 0.2970332979414801, 'hidden_continuous_size': 11, 'attention_head_size': 2, 'learning_rate': 0.0204001213968038}. Best is trial 0 with value: 174.4221649169922.
[I 2023-12-27 11:18:59,553] Trial 18 finished with value: 1341.6817626953125 and parameters: {'gradient_clip_val': 0.12548832363363444, 'hidden_size': 78, 'dropout': 0.4378173767126552, 'hidden_continuous_size': 30, 'attention_head_size': 1, 'learning_rate': 0.00243613941947865}. Best is trial 0 with value: 174.4221649169922.
[I 2023-12-27 11:18:59,914] Trial 19 finished with value: 1129.94482421875 and parameters: {'gradient_clip_val': 0.10020639241637898, 'hidden_size': 15, 'dropout': 0.497699241262074, 'hidden_continuous_size': 7, 'attention_head_size': 2, 'learning_rate': 0.004469487246343041}. Best is trial 0 with value: 174.4221649169922.
[I 2023-12-27 11:19:00,283] Trial 20 finished with value: 961.5001831054688 and parameters: {'gradient_clip_val': 0.190301564782256, 'hidden_size': 27, 'dropout': 0.10171274676157835, 'hidden_continuous_size': 11, 'attention_head_size': 1, 'learning_rate': 0.011429643355996867}. Best is trial 0 with value: 174.4221649169922.
[I 2023-12-27 11:19:00,876] Trial 21 finished with value: 1308.878173828125 and parameters: {'gradient_clip_val': 0.1967226445880816, 'hidden_size': 28, 'dropout': 0.11166291225151156, 'hidden_continuous_size': 11, 'attention_head_size': 1, 'learning_rate': 0.010175457979618637}. Best is trial 0 with value: 174.4221649169922.
[I 2023-12-27 11:19:01,248] Trial 22 finished with value: 979.09326171875 and parameters: {'gradient_clip_val': 0.14239588355382057, 'hidden_size': 14, 'dropout': 0.2043032593161103, 'hidden_continuous_size': 6, 'attention_head_size': 1, 'learning_rate': 0.013553150631444655}. Best is trial 0 with value: 174.4221649169922.
[I 2023-12-27 11:19:01,628] Trial 23 finished with value: 970.27197265625 and parameters: {'gradient_clip_val': 0.17192000443117686, 'hidden_size': 23, 'dropout': 0.10747869531451762, 'hidden_continuous_size': 10, 'attention_head_size': 2, 'learning_rate': 0.0065531466821012255}. Best is trial 0 with value: 174.4221649169922.
[I 2023-12-27 11:19:02,027] Trial 24 finished with value: 1182.178466796875 and parameters: {'gradient_clip_val': 0.2524804092506039, 'hidden_size': 51, 'dropout': 0.1503362834286558, 'hidden_continuous_size': 14, 'attention_head_size': 1, 'learning_rate': 0.028258866148925893}. Best is trial 0 with value: 174.4221649169922.
[I 2023-12-27 11:19:02,492] Trial 25 finished with value: 1206.2193603515625 and parameters: {'gradient_clip_val': 0.1294409509454705, 'hidden_size': 97, 'dropout': 0.17818612013777368, 'hidden_continuous_size': 37, 'attention_head_size': 1, 'learning_rate': 0.014745062597972878}. Best is trial 0 with value: 174.4221649169922.
[I 2023-12-27 11:19:02,879] Trial 26 finished with value: 945.5613403320312 and parameters: {'gradient_clip_val': 0.1851964103592096, 'hidden_size': 31, 'dropout': 0.197450674372955, 'hidden_continuous_size': 13, 'attention_head_size': 2, 'learning_rate': 0.008263754787149174}. Best is trial 0 with value: 174.4221649169922.
[I 2023-12-27 11:19:03,280] Trial 27 finished with value: 1466.3099365234375 and parameters: {'gradient_clip_val': 0.1304692342442687, 'hidden_size': 54, 'dropout': 0.21020312176837389, 'hidden_continuous_size': 17, 'attention_head_size': 2, 'learning_rate': 0.0054661067623998395}. Best is trial 0 with value: 174.4221649169922.
