[I 2023-12-27 11:20:50,170] Trial 2 finished with value: 45.686920166015625 and parameters: {'gradient_clip_val': 0.1674381585817508, 'hidden_size': 41, 'dropout': 0.4925998215282942, 'hidden_continuous_size': 24, 'attention_head_size': 4, 'learning_rate': 0.006204500583718745}. Best is trial 0 with value: 15.177597999572754.
LOCAL_RANK: 0 - CUDA_VISIBLE_DEVICES: [0]
[I 2023-12-27 11:20:50,644] Trial 3 finished with value: 52.58150100708008 and parameters: {'gradient_clip_val': 0.12740433806033202, 'hidden_size': 53, 'dropout': 0.4203308002591132, 'hidden_continuous_size': 15, 'attention_head_size': 4, 'learning_rate': 0.001008109442996461}. Best is trial 0 with value: 15.177597999572754.
LOCAL_RANK: 0 - CUDA_VISIBLE_DEVICES: [0]
[I 2023-12-27 11:20:51,063] Trial 4 finished with value: 79.12427520751953 and parameters: {'gradient_clip_val': 0.16650775493546624, 'hidden_size': 11, 'dropout': 0.41933823388149905, 'hidden_continuous_size': 10, 'attention_head_size': 1, 'learning_rate': 0.0017438606390577129}. Best is trial 0 with value: 15.177597999572754.
LOCAL_RANK: 0 - CUDA_VISIBLE_DEVICES: [0]
[I 2023-12-27 11:20:51,487] Trial 5 finished with value: 81.8241195678711 and parameters: {'gradient_clip_val': 0.30469350868022615, 'hidden_size': 55, 'dropout': 0.38633797474190157, 'hidden_continuous_size': 7, 'attention_head_size': 3, 'learning_rate': 0.0024889659596551515}. Best is trial 0 with value: 15.177597999572754.
LOCAL_RANK: 0 - CUDA_VISIBLE_DEVICES: [0]
[I 2023-12-27 11:20:51,963] Trial 6 finished with value: 64.50667572021484 and parameters: {'gradient_clip_val': 0.9703637355583745, 'hidden_size': 52, 'dropout': 0.42064834064143986, 'hidden_continuous_size': 25, 'attention_head_size': 2, 'learning_rate': 0.010123906366509889}. Best is trial 0 with value: 15.177597999572754.
LOCAL_RANK: 0 - CUDA_VISIBLE_DEVICES: [0]
[I 2023-12-27 11:20:52,396] Trial 7 finished with value: 69.81659698486328 and parameters: {'gradient_clip_val': 0.2123927453366597, 'hidden_size': 63, 'dropout': 0.11476448290534097, 'hidden_continuous_size': 13, 'attention_head_size': 3, 'learning_rate': 0.09959743878583066}. Best is trial 0 with value: 15.177597999572754.
LOCAL_RANK: 0 - CUDA_VISIBLE_DEVICES: [0]
[I 2023-12-27 11:20:52,869] Trial 8 finished with value: 52.69780349731445 and parameters: {'gradient_clip_val': 0.752101694380287, 'hidden_size': 68, 'dropout': 0.3756566951391873, 'hidden_continuous_size': 39, 'attention_head_size': 1, 'learning_rate': 0.003793392441638107}. Best is trial 0 with value: 15.177597999572754.
LOCAL_RANK: 0 - CUDA_VISIBLE_DEVICES: [0]
[I 2023-12-27 11:20:53,539] Trial 9 finished with value: 62.41718673706055 and parameters: {'gradient_clip_val': 0.5990487449981734, 'hidden_size': 5, 'dropout': 0.1523499175637611, 'hidden_continuous_size': 5, 'attention_head_size': 3, 'learning_rate': 0.003866722206188975}. Best is trial 0 with value: 15.177597999572754.
LOCAL_RANK: 0 - CUDA_VISIBLE_DEVICES: [0]
[I 2023-12-27 11:20:54,086] Trial 10 finished with value: 65.81881713867188 and parameters: {'gradient_clip_val': 0.5100160323450087, 'hidden_size': 138, 'dropout': 0.2090083499236272, 'hidden_continuous_size': 116, 'attention_head_size': 2, 'learning_rate': 0.020426693040880375}. Best is trial 0 with value: 15.177597999572754.
LOCAL_RANK: 0 - CUDA_VISIBLE_DEVICES: [0]
[I 2023-12-27 11:20:54,574] Trial 11 finished with value: 62.02693557739258 and parameters: {'gradient_clip_val': 0.10241501279456533, 'hidden_size': 30, 'dropout': 0.27832623396785444, 'hidden_continuous_size': 9, 'attention_head_size': 4, 'learning_rate': 0.015434630827678573}. Best is trial 0 with value: 15.177597999572754.
LOCAL_RANK: 0 - CUDA_VISIBLE_DEVICES: [0]
[I 2023-12-27 11:20:55,056] Trial 12 finished with value: 54.65974044799805 and parameters: {'gradient_clip_val': 0.21709479931710016, 'hidden_size': 28, 'dropout': 0.48964645988538147, 'hidden_continuous_size': 8, 'attention_head_size': 4, 'learning_rate': 0.033408852344297704}. Best is trial 0 with value: 15.177597999572754.
LOCAL_RANK: 0 - CUDA_VISIBLE_DEVICES: [0]
[I 2023-12-27 11:20:55,570] Trial 13 finished with value: 74.2248306274414 and parameters: {'gradient_clip_val': 0.41490675798335225, 'hidden_size': 126, 'dropout': 0.49046179747031593, 'hidden_continuous_size': 20, 'attention_head_size': 4, 'learning_rate': 0.007172449448330132}. Best is trial 0 with value: 15.177597999572754.
LOCAL_RANK: 0 - CUDA_VISIBLE_DEVICES: [0]
[I 2023-12-27 11:20:56,073] Trial 14 finished with value: 58.82759475708008 and parameters: {'gradient_clip_val': 0.25685052190099017, 'hidden_size': 36, 'dropout': 0.3002342962474678, 'hidden_continuous_size': 14, 'attention_head_size': 3, 'learning_rate': 0.030953173324066763}. Best is trial 0 with value: 15.177597999572754.
LOCAL_RANK: 0 - CUDA_VISIBLE_DEVICES: [0]
[I 2023-12-27 11:20:56,569] Trial 15 finished with value: 49.674530029296875 and parameters: {'gradient_clip_val': 0.38745487987992233, 'hidden_size': 93, 'dropout': 0.24640309528903823, 'hidden_continuous_size': 28, 'attention_head_size': 4, 'learning_rate': 0.0005068799854949923}. Best is trial 0 with value: 15.177597999572754.
LOCAL_RANK: 0 - CUDA_VISIBLE_DEVICES: [0]
[I 2023-12-27 11:20:57,062] Trial 16 finished with value: 47.66176986694336 and parameters: {'gradient_clip_val': 0.17104912674476425, 'hidden_size': 38, 'dropout': 0.3480695646035244, 'hidden_continuous_size': 11, 'attention_head_size': 2, 'learning_rate': 0.009715819493248365}. Best is trial 0 with value: 15.177597999572754.
LOCAL_RANK: 0 - CUDA_VISIBLE_DEVICES: [0]
[I 2023-12-27 11:20:57,535] Trial 17 finished with value: 72.71887969970703 and parameters: {'gradient_clip_val': 0.24909286261852845, 'hidden_size': 20, 'dropout': 0.2522404460550428, 'hidden_continuous_size': 6, 'attention_head_size': 3, 'learning_rate': 0.0061648148393429495}. Best is trial 0 with value: 15.177597999572754.
LOCAL_RANK: 0 - CUDA_VISIBLE_DEVICES: [0]
[I 2023-12-27 11:20:58,030] Trial 18 finished with value: 61.48609924316406 and parameters: {'gradient_clip_val': 0.3741937798139332, 'hidden_size': 79, 'dropout': 0.33579545988196274, 'hidden_continuous_size': 17, 'attention_head_size': 4, 'learning_rate': 0.0171427199252089}. Best is trial 0 with value: 15.177597999572754.
LOCAL_RANK: 0 - CUDA_VISIBLE_DEVICES: [0]
[I 2023-12-27 11:20:58,518] Trial 19 finished with value: 59.4539909362793 and parameters: {'gradient_clip_val': 0.16378811261033122, 'hidden_size': 42, 'dropout': 0.45539407571472473, 'hidden_continuous_size': 11, 'attention_head_size': 3, 'learning_rate': 0.03913782106325308}. Best is trial 0 with value: 15.177597999572754.
LOCAL_RANK: 0 - CUDA_VISIBLE_DEVICES: [0]
[I 2023-12-27 11:20:59,025] Trial 20 finished with value: 74.40872955322266 and parameters: {'gradient_clip_val': 0.13622940180397294, 'hidden_size': 92, 'dropout': 0.3606100925569975, 'hidden_continuous_size': 37, 'attention_head_size': 4, 'learning_rate': 0.011402857072644572}. Best is trial 0 with value: 15.177597999572754.
LOCAL_RANK: 0 - CUDA_VISIBLE_DEVICES: [0]
[I 2023-12-27 11:20:59,478] Trial 21 finished with value: 64.23340606689453 and parameters: {'gradient_clip_val': 0.19126861230467906, 'hidden_size': 39, 'dropout': 0.34255362370003284, 'hidden_continuous_size': 12, 'attention_head_size': 2, 'learning_rate': 0.007612554975340743}. Best is trial 0 with value: 15.177597999572754.
LOCAL_RANK: 0 - CUDA_VISIBLE_DEVICES: [0]
[I 2023-12-27 11:21:00,243] Trial 22 finished with value: 82.26483917236328 and parameters: {'gradient_clip_val': 0.2633186014948627, 'hidden_size': 43, 'dropout': 0.31211955659112617, 'hidden_continuous_size': 10, 'attention_head_size': 2, 'learning_rate': 0.021767645403840234}. Best is trial 0 with value: 15.177597999572754.
LOCAL_RANK: 0 - CUDA_VISIBLE_DEVICES: [0]
[I 2023-12-27 11:21:00,731] Trial 23 finished with value: 65.8721694946289 and parameters: {'gradient_clip_val': 0.177835902487742, 'hidden_size': 23, 'dropout': 0.3827994959012322, 'hidden_continuous_size': 9, 'attention_head_size': 1, 'learning_rate': 0.012861467322968124}. Best is trial 0 with value: 15.177597999572754.
LOCAL_RANK: 0 - CUDA_VISIBLE_DEVICES: [0]
[I 2023-12-27 11:21:01,246] Trial 24 finished with value: 67.0091323852539 and parameters: {'gradient_clip_val': 0.1427723544777451, 'hidden_size': 34, 'dropout': 0.4486519164070555, 'hidden_continuous_size': 12, 'attention_head_size': 2, 'learning_rate': 0.005265156915129378}. Best is trial 0 with value: 15.177597999572754.
LOCAL_RANK: 0 - CUDA_VISIBLE_DEVICES: [0]
[I 2023-12-27 11:21:01,753] Trial 25 finished with value: 63.70026779174805 and parameters: {'gradient_clip_val': 0.21523640533804494, 'hidden_size': 48, 'dropout': 0.34156775880228246, 'hidden_continuous_size': 7, 'attention_head_size': 3, 'learning_rate': 0.011998423661562122}. Best is trial 0 with value: 15.177597999572754.
LOCAL_RANK: 0 - CUDA_VISIBLE_DEVICES: [0]
[I 2023-12-27 11:21:02,248] Trial 26 finished with value: 66.85881805419922 and parameters: {'gradient_clip_val': 0.12043039181024742, 'hidden_size': 71, 'dropout': 0.2891344566308779, 'hidden_continuous_size': 16, 'attention_head_size': 2, 'learning_rate': 0.008073316189000767}. Best is trial 0 with value: 15.177597999572754.
LOCAL_RANK: 0 - CUDA_VISIBLE_DEVICES: [0]
[I 2023-12-27 11:21:02,729] Trial 27 finished with value: 65.00790405273438 and parameters: {'gradient_clip_val': 0.15962080482504673, 'hidden_size': 29, 'dropout': 0.3960475523145297, 'hidden_continuous_size': 11, 'attention_head_size': 1, 'learning_rate': 0.027827832281782323}. Best is trial 0 with value: 15.177597999572754.
LOCAL_RANK: 0 - CUDA_VISIBLE_DEVICES: [0]
[I 2023-12-27 11:21:03,182] Trial 28 finished with value: 51.31485366821289 and parameters: {'gradient_clip_val': 0.10041644459940666, 'hidden_size': 39, 'dropout': 0.35704481868209526, 'hidden_continuous_size': 13, 'attention_head_size': 3, 'learning_rate': 0.017965054083688755}. Best is trial 0 with value: 15.177597999572754.
LOCAL_RANK: 0 - CUDA_VISIBLE_DEVICES: [0]
[I 2023-12-27 11:21:03,638] Trial 29 finished with value: 62.9879035949707 and parameters: {'gradient_clip_val': 0.30958152571462705, 'hidden_size': 17, 'dropout': 0.3237535143455804, 'hidden_continuous_size': 5, 'attention_head_size': 4, 'learning_rate': 0.04738900131223295}. Best is trial 0 with value: 15.177597999572754.
LOCAL_RANK: 0 - CUDA_VISIBLE_DEVICES: [0]
[I 2023-12-27 11:21:04,087] Trial 30 finished with value: 65.65850067138672 and parameters: {'gradient_clip_val': 0.18989683174695562, 'hidden_size': 22, 'dropout': 0.3185522375601649, 'hidden_continuous_size': 9, 'attention_head_size': 2, 'learning_rate': 0.0687499279367456}. Best is trial 0 with value: 15.177597999572754.
LOCAL_RANK: 0 - CUDA_VISIBLE_DEVICES: [0]
[I 2023-12-27 11:21:04,613] Trial 31 finished with value: 84.11064910888672 and parameters: {'gradient_clip_val': 0.36005923961462033, 'hidden_size': 107, 'dropout': 0.25678438822370797, 'hidden_continuous_size': 21, 'attention_head_size': 4, 'learning_rate': 0.0005890620318200097}. Best is trial 0 with value: 15.177597999572754.
LOCAL_RANK: 0 - CUDA_VISIBLE_DEVICES: [0]
[I 2023-12-27 11:21:05,125] Trial 32 finished with value: 65.89535522460938 and parameters: {'gradient_clip_val': 0.42953791304345634, 'hidden_size': 85, 'dropout': 0.21724071647933374, 'hidden_continuous_size': 24, 'attention_head_size': 4, 'learning_rate': 0.0013368524667260462}. Best is trial 0 with value: 15.177597999572754.
LOCAL_RANK: 0 - CUDA_VISIBLE_DEVICES: [0]
[I 2023-12-27 11:21:05,628] Trial 33 finished with value: 46.91654586791992 and parameters: {'gradient_clip_val': 0.2810987889326899, 'hidden_size': 60, 'dropout': 0.2784565373912577, 'hidden_continuous_size': 17, 'attention_head_size': 4, 'learning_rate': 0.0005810817574697193}. Best is trial 0 with value: 15.177597999572754.
LOCAL_RANK: 0 - CUDA_VISIBLE_DEVICES: [0]
[I 2023-12-27 11:21:06,137] Trial 34 finished with value: 63.67351150512695 and parameters: {'gradient_clip_val': 0.29274232468428407, 'hidden_size': 59, 'dropout': 0.2845502179765287, 'hidden_continuous_size': 16, 'attention_head_size': 4, 'learning_rate': 0.0024682465786958698}. Best is trial 0 with value: 15.177597999572754.
LOCAL_RANK: 0 - CUDA_VISIBLE_DEVICES: [0]
[I 2023-12-27 11:21:06,906] Trial 35 finished with value: 53.674991607666016 and parameters: {'gradient_clip_val': 0.3322486446673947, 'hidden_size': 50, 'dropout': 0.40644977300836904, 'hidden_continuous_size': 14, 'attention_head_size': 4, 'learning_rate': 0.0008967272490222777}. Best is trial 0 with value: 15.177597999572754.
LOCAL_RANK: 0 - CUDA_VISIBLE_DEVICES: [0]
[I 2023-12-27 11:21:07,495] Trial 36 finished with value: 48.054443359375 and parameters: {'gradient_clip_val': 0.24340578331004709, 'hidden_size': 57, 'dropout': 0.30675956991198294, 'hidden_continuous_size': 18, 'attention_head_size': 4, 'learning_rate': 0.001719748944320539}. Best is trial 0 with value: 15.177597999572754.
LOCAL_RANK: 0 - CUDA_VISIBLE_DEVICES: [0]
[I 2023-12-27 11:21:07,988] Trial 37 finished with value: 66.73714447021484 and parameters: {'gradient_clip_val': 0.2858387691623641, 'hidden_size': 67, 'dropout': 0.42808112288119693, 'hidden_continuous_size': 15, 'attention_head_size': 3, 'learning_rate': 0.009688861003655914}. Best is trial 0 with value: 15.177597999572754.
LOCAL_RANK: 0 - CUDA_VISIBLE_DEVICES: [0]
[I 2023-12-27 11:21:08,457] Trial 38 finished with value: 78.21685791015625 and parameters: {'gradient_clip_val': 0.2211267003665843, 'hidden_size': 52, 'dropout': 0.35726841534653087, 'hidden_continuous_size': 13, 'attention_head_size': 3, 'learning_rate': 0.004662783308987483}. Best is trial 0 with value: 15.177597999572754.
LOCAL_RANK: 0 - CUDA_VISIBLE_DEVICES: [0]
[I 2023-12-27 11:21:08,951] Trial 39 finished with value: 63.4749641418457 and parameters: {'gradient_clip_val': 0.1498868754316808, 'hidden_size': 45, 'dropout': 0.3839465175381342, 'hidden_continuous_size': 18, 'attention_head_size': 4, 'learning_rate': 0.0028504524569809946}. Best is trial 0 with value: 15.177597999572754.
LOCAL_RANK: 0 - CUDA_VISIBLE_DEVICES: [0]
[I 2023-12-27 11:21:09,394] Trial 40 finished with value: 86.3037109375 and parameters: {'gradient_clip_val': 0.1948959617568375, 'hidden_size': 34, 'dropout': 0.40549362733624855, 'hidden_continuous_size': 11, 'attention_head_size': 1, 'learning_rate': 0.003343351413099595}. Best is trial 0 with value: 15.177597999572754.
LOCAL_RANK: 0 - CUDA_VISIBLE_DEVICES: [0]
[I 2023-12-27 11:21:09,888] Trial 41 finished with value: 43.87051010131836 and parameters: {'gradient_clip_val': 0.24672093074498846, 'hidden_size': 62, 'dropout': 0.3042290219535028, 'hidden_continuous_size': 18, 'attention_head_size': 4, 'learning_rate': 0.001862225958764102}. Best is trial 0 with value: 15.177597999572754.
LOCAL_RANK: 0 - CUDA_VISIBLE_DEVICES: [0]
[I 2023-12-27 11:21:10,385] Trial 42 finished with value: 65.2806625366211 and parameters: {'gradient_clip_val': 0.17351503716123434, 'hidden_size': 75, 'dropout': 0.27844792650315, 'hidden_continuous_size': 22, 'attention_head_size': 4, 'learning_rate': 0.002242937602556109}. Best is trial 0 with value: 15.177597999572754.
LOCAL_RANK: 0 - CUDA_VISIBLE_DEVICES: [0]
[I 2023-12-27 11:21:10,854] Trial 43 finished with value: 74.91064453125 and parameters: {'gradient_clip_val': 0.3304158347651599, 'hidden_size': 60, 'dropout': 0.32945530805885037, 'hidden_continuous_size': 18, 'attention_head_size': 4, 'learning_rate': 0.0010955138021058132}. Best is trial 0 with value: 15.177597999572754.
LOCAL_RANK: 0 - CUDA_VISIBLE_DEVICES: [0]
[I 2023-12-27 11:21:11,320] Trial 44 finished with value: 58.48726272583008 and parameters: {'gradient_clip_val': 0.2335266448447838, 'hidden_size': 50, 'dropout': 0.30054909275563824, 'hidden_continuous_size': 20, 'attention_head_size': 4, 'learning_rate': 0.0018821372624219122}. Best is trial 0 with value: 15.177597999572754.
LOCAL_RANK: 0 - CUDA_VISIBLE_DEVICES: [0]
[I 2023-12-27 11:21:11,819] Trial 45 finished with value: 85.51876068115234 and parameters: {'gradient_clip_val': 0.27508049488379877, 'hidden_size': 65, 'dropout': 0.26679529323784923, 'hidden_continuous_size': 15, 'attention_head_size': 4, 'learning_rate': 0.004444824625271213}. Best is trial 0 with value: 15.177597999572754.
LOCAL_RANK: 0 - CUDA_VISIBLE_DEVICES: [0]
[I 2023-12-27 11:21:12,266] Trial 46 finished with value: 67.64462280273438 and parameters: {'gradient_clip_val': 0.20239401226180576, 'hidden_size': 34, 'dropout': 0.29370854340458313, 'hidden_continuous_size': 14, 'attention_head_size': 2, 'learning_rate': 0.005838994517693767}. Best is trial 0 with value: 15.177597999572754.
LOCAL_RANK: 0 - CUDA_VISIBLE_DEVICES: [0]
[I 2023-12-27 11:21:12,743] Trial 47 finished with value: 63.65321350097656 and parameters: {'gradient_clip_val': 0.278344475604507, 'hidden_size': 59, 'dropout': 0.23466605606575824, 'hidden_continuous_size': 29, 'attention_head_size': 3, 'learning_rate': 0.0034729828701135996}. Best is trial 0 with value: 15.177597999572754.
LOCAL_RANK: 0 - CUDA_VISIBLE_DEVICES: [0]
[I 2023-12-27 11:21:13,234] Trial 48 finished with value: 54.2071418762207 and parameters: {'gradient_clip_val': 0.23676306667373928, 'hidden_size': 44, 'dropout': 0.26594524820745424, 'hidden_continuous_size': 16, 'attention_head_size': 4, 'learning_rate': 0.0007106565462631478}. Best is trial 0 with value: 15.177597999572754.
LOCAL_RANK: 0 - CUDA_VISIBLE_DEVICES: [0]
[I 2023-12-27 11:21:13,979] Trial 49 finished with value: 62.873931884765625 and parameters: {'gradient_clip_val': 0.21556139079134445, 'hidden_size': 28, 'dropout': 0.3687915830688942, 'hidden_continuous_size': 10, 'attention_head_size': 3, 'learning_rate': 0.001519282664950438}. Best is trial 0 with value: 15.177597999572754.
[I 2023-12-27 11:21:14,105] A new study created in memory with name: no-name-429c06e5-adbc-457a-b0aa-4228905f1f9b
/home/le004/conda/anaconda3/envs/tsff_env/lib/python3.9/site-packages/lightning/fabric/plugins/environments/slurm.py:191: The `srun` command is available on your system but is not used. HINT: If your intention is to run Lightning on SLURM, prepend your python command with `srun` like so: srun python /home/le004/master_thesis/git/TSFusionForecast/code/ ...
LOCAL_RANK: 0 - CUDA_VISIBLE_DEVICES: [0]
[I 2023-12-27 11:21:43,423] Trial 0 finished with value: 222.4822235107422 and parameters: {'gradient_clip_val': 0.28252511775263095, 'hidden_size': 10, 'dropout': 0.2354416494868315, 'hidden_continuous_size': 6, 'attention_head_size': 4, 'learning_rate': 0.005504852497396888}. Best is trial 0 with value: 222.4822235107422.
LOCAL_RANK: 0 - CUDA_VISIBLE_DEVICES: [0]
[I 2023-12-27 11:21:43,833] Trial 1 finished with value: 239.7349090576172 and parameters: {'gradient_clip_val': 0.7055304576850118, 'hidden_size': 10, 'dropout': 0.3908937727956088, 'hidden_continuous_size': 7, 'attention_head_size': 4, 'learning_rate': 0.06401360636390421}. Best is trial 0 with value: 222.4822235107422.
LOCAL_RANK: 0 - CUDA_VISIBLE_DEVICES: [0]
[I 2023-12-27 11:21:44,272] Trial 2 finished with value: 247.1456298828125 and parameters: {'gradient_clip_val': 0.16654025467327016, 'hidden_size': 11, 'dropout': 0.34161714002164534, 'hidden_continuous_size': 5, 'attention_head_size': 2, 'learning_rate': 0.003077625963084331}. Best is trial 0 with value: 222.4822235107422.
LOCAL_RANK: 0 - CUDA_VISIBLE_DEVICES: [0]
[I 2023-12-27 11:21:44,701] Trial 3 finished with value: 286.9125061035156 and parameters: {'gradient_clip_val': 0.2358378756785217, 'hidden_size': 38, 'dropout': 0.1465440011340017, 'hidden_continuous_size': 10, 'attention_head_size': 4, 'learning_rate': 0.0358423309464728}. Best is trial 0 with value: 222.4822235107422.
LOCAL_RANK: 0 - CUDA_VISIBLE_DEVICES: [0]
[I 2023-12-27 11:21:45,101] Trial 4 finished with value: 256.6404724121094 and parameters: {'gradient_clip_val': 0.5303971312538605, 'hidden_size': 5, 'dropout': 0.2781830519962526, 'hidden_continuous_size': 5, 'attention_head_size': 2, 'learning_rate': 0.0019445836968656459}. Best is trial 0 with value: 222.4822235107422.
LOCAL_RANK: 0 - CUDA_VISIBLE_DEVICES: [0]
[I 2023-12-27 11:21:45,526] Trial 5 finished with value: 248.34954833984375 and parameters: {'gradient_clip_val': 0.7388506096132469, 'hidden_size': 65, 'dropout': 0.3386701612043985, 'hidden_continuous_size': 8, 'attention_head_size': 1, 'learning_rate': 0.0029918346411033914}. Best is trial 0 with value: 222.4822235107422.
LOCAL_RANK: 0 - CUDA_VISIBLE_DEVICES: [0]
[I 2023-12-27 11:21:45,959] Trial 6 finished with value: 272.8802185058594 and parameters: {'gradient_clip_val': 0.14338490923488753, 'hidden_size': 48, 'dropout': 0.34618643762166745, 'hidden_continuous_size': 7, 'attention_head_size': 3, 'learning_rate': 0.0007479247820859299}. Best is trial 0 with value: 222.4822235107422.
LOCAL_RANK: 0 - CUDA_VISIBLE_DEVICES: [0]
[I 2023-12-27 11:21:46,426] Trial 7 finished with value: 268.0137634277344 and parameters: {'gradient_clip_val': 0.408819431164208, 'hidden_size': 32, 'dropout': 0.29241178736704376, 'hidden_continuous_size': 5, 'attention_head_size': 2, 'learning_rate': 0.002898680893104151}. Best is trial 0 with value: 222.4822235107422.
LOCAL_RANK: 0 - CUDA_VISIBLE_DEVICES: [0]
[I 2023-12-27 11:21:46,860] Trial 8 finished with value: 277.4590148925781 and parameters: {'gradient_clip_val': 0.8420652179102495, 'hidden_size': 36, 'dropout': 0.25313134128976933, 'hidden_continuous_size': 32, 'attention_head_size': 2, 'learning_rate': 0.03575201510393572}. Best is trial 0 with value: 222.4822235107422.
LOCAL_RANK: 0 - CUDA_VISIBLE_DEVICES: [0]
[I 2023-12-27 11:21:47,587] Trial 9 finished with value: 252.1952362060547 and parameters: {'gradient_clip_val': 0.9596760276403083, 'hidden_size': 27, 'dropout': 0.16657988604706553, 'hidden_continuous_size': 20, 'attention_head_size': 4, 'learning_rate': 0.0005435701416876248}. Best is trial 0 with value: 222.4822235107422.
LOCAL_RANK: 0 - CUDA_VISIBLE_DEVICES: [0]
