[I 2023-12-27 11:28:45,043] Trial 48 finished with value: 222.7953643798828 and parameters: {'gradient_clip_val': 0.902115175947493, 'hidden_size': 31, 'dropout': 0.4519674650581403, 'hidden_continuous_size': 11, 'attention_head_size': 4, 'learning_rate': 0.00373422181116148}. Best is trial 1 with value: 63.4862174987793.
[I 2023-12-27 11:28:45,461] Trial 49 finished with value: 204.70726013183594 and parameters: {'gradient_clip_val': 0.7914102245735358, 'hidden_size': 62, 'dropout': 0.4031768628986423, 'hidden_continuous_size': 16, 'attention_head_size': 4, 'learning_rate': 0.016333976795940144}. Best is trial 1 with value: 63.4862174987793.
[I 2023-12-27 11:28:45,567] A new study created in memory with name: no-name-fad5c2bc-65e8-4437-9076-1588155dd330
/home/le004/conda/anaconda3/envs/tsff_env/lib/python3.9/site-packages/lightning/fabric/plugins/environments/slurm.py:191: The `srun` command is available on your system but is not used. HINT: If your intention is to run Lightning on SLURM, prepend your python command with `srun` like so: srun python /home/le004/master_thesis/git/TSFusionForecast/code/ ...
[I 2023-12-27 11:29:21,581] Trial 0 finished with value: 112.76871490478516 and parameters: {'gradient_clip_val': 0.16493396296978513, 'hidden_size': 43, 'dropout': 0.3065668331987439, 'hidden_continuous_size': 18, 'attention_head_size': 3, 'learning_rate': 0.0039084846017516115}. Best is trial 0 with value: 112.76871490478516.
[I 2023-12-27 11:29:26,415] Trial 1 finished with value: 126.96985626220703 and parameters: {'gradient_clip_val': 0.10064366348805646, 'hidden_size': 135, 'dropout': 0.25163416608684736, 'hidden_continuous_size': 9, 'attention_head_size': 3, 'learning_rate': 0.014759813935328115}. Best is trial 0 with value: 112.76871490478516.
[I 2023-12-27 11:29:26,794] Trial 2 finished with value: 146.6573486328125 and parameters: {'gradient_clip_val': 0.15292260071800562, 'hidden_size': 48, 'dropout': 0.4153891950580819, 'hidden_continuous_size': 33, 'attention_head_size': 1, 'learning_rate': 0.019435817264280765}. Best is trial 0 with value: 112.76871490478516.
[I 2023-12-27 11:29:27,116] Trial 3 finished with value: 176.7194061279297 and parameters: {'gradient_clip_val': 0.3334110730522443, 'hidden_size': 7, 'dropout': 0.46728094576006096, 'hidden_continuous_size': 5, 'attention_head_size': 4, 'learning_rate': 0.0024423164119702426}. Best is trial 0 with value: 112.76871490478516.
[I 2023-12-27 11:29:27,535] Trial 4 finished with value: 184.55397033691406 and parameters: {'gradient_clip_val': 0.16196934644584013, 'hidden_size': 58, 'dropout': 0.3044857192623819, 'hidden_continuous_size': 11, 'attention_head_size': 3, 'learning_rate': 0.0020377090523523603}. Best is trial 0 with value: 112.76871490478516.
[I 2023-12-27 11:29:28,160] Trial 5 finished with value: 165.36244201660156 and parameters: {'gradient_clip_val': 0.4473077415894544, 'hidden_size': 75, 'dropout': 0.23656595785882795, 'hidden_continuous_size': 12, 'attention_head_size': 1, 'learning_rate': 0.014194861361378255}. Best is trial 0 with value: 112.76871490478516.
[I 2023-12-27 11:29:28,511] Trial 6 finished with value: 167.5547332763672 and parameters: {'gradient_clip_val': 0.4421358587887825, 'hidden_size': 35, 'dropout': 0.269876397791324, 'hidden_continuous_size': 24, 'attention_head_size': 2, 'learning_rate': 0.0032049603738621923}. Best is trial 0 with value: 112.76871490478516.
[I 2023-12-27 11:29:28,848] Trial 7 finished with value: 160.45687866210938 and parameters: {'gradient_clip_val': 0.47187658819036343, 'hidden_size': 15, 'dropout': 0.3513292998581552, 'hidden_continuous_size': 7, 'attention_head_size': 3, 'learning_rate': 0.003668548508942458}. Best is trial 0 with value: 112.76871490478516.
[I 2023-12-27 11:29:29,177] Trial 8 finished with value: 163.6777801513672 and parameters: {'gradient_clip_val': 0.2802537968941738, 'hidden_size': 13, 'dropout': 0.4045048544932154, 'hidden_continuous_size': 7, 'attention_head_size': 2, 'learning_rate': 0.012460464817631035}. Best is trial 0 with value: 112.76871490478516.
[I 2023-12-27 11:29:29,502] Trial 9 finished with value: 161.7245635986328 and parameters: {'gradient_clip_val': 0.35317350140788073, 'hidden_size': 9, 'dropout': 0.12468551865053974, 'hidden_continuous_size': 8, 'attention_head_size': 3, 'learning_rate': 0.0013372255276333294}. Best is trial 0 with value: 112.76871490478516.
[I 2023-12-27 11:29:29,882] Trial 10 finished with value: 159.47341918945312 and parameters: {'gradient_clip_val': 0.9221957869096523, 'hidden_size': 19, 'dropout': 0.18346028459920874, 'hidden_continuous_size': 13, 'attention_head_size': 4, 'learning_rate': 0.000610374411670569}. Best is trial 0 with value: 112.76871490478516.
[I 2023-12-27 11:29:30,398] Trial 11 finished with value: 179.22569274902344 and parameters: {'gradient_clip_val': 0.10489489520437266, 'hidden_size': 118, 'dropout': 0.3160909624239829, 'hidden_continuous_size': 60, 'attention_head_size': 3, 'learning_rate': 0.057438617986085724}. Best is trial 0 with value: 112.76871490478516.
[I 2023-12-27 11:29:30,946] Trial 12 finished with value: 150.47068786621094 and parameters: {'gradient_clip_val': 0.10126484958838068, 'hidden_size': 146, 'dropout': 0.22571341818195828, 'hidden_continuous_size': 23, 'attention_head_size': 4, 'learning_rate': 0.007277616634282896}. Best is trial 0 with value: 112.76871490478516.
[I 2023-12-27 11:29:31,375] Trial 13 finished with value: 166.70089721679688 and parameters: {'gradient_clip_val': 0.15658930826750941, 'hidden_size': 85, 'dropout': 0.34318850428030795, 'hidden_continuous_size': 16, 'attention_head_size': 2, 'learning_rate': 0.034064849316430244}. Best is trial 0 with value: 112.76871490478516.
[I 2023-12-27 11:29:31,750] Trial 14 finished with value: 165.08006286621094 and parameters: {'gradient_clip_val': 0.12718091479825344, 'hidden_size': 34, 'dropout': 0.26073656731088063, 'hidden_continuous_size': 9, 'attention_head_size': 3, 'learning_rate': 0.09928234206721963}. Best is trial 0 with value: 112.76871490478516.
[I 2023-12-27 11:29:32,220] Trial 15 finished with value: 165.48289489746094 and parameters: {'gradient_clip_val': 0.19393023724830757, 'hidden_size': 103, 'dropout': 0.19491199307121748, 'hidden_continuous_size': 17, 'attention_head_size': 2, 'learning_rate': 0.0067897079109032745}. Best is trial 0 with value: 112.76871490478516.
[I 2023-12-27 11:29:32,868] Trial 16 finished with value: 153.81028747558594 and parameters: {'gradient_clip_val': 0.2150614564311768, 'hidden_size': 149, 'dropout': 0.28415019378816997, 'hidden_continuous_size': 140, 'attention_head_size': 4, 'learning_rate': 0.006346062384219078}. Best is trial 0 with value: 112.76871490478516.
[I 2023-12-27 11:29:33,271] Trial 17 finished with value: 173.22718811035156 and parameters: {'gradient_clip_val': 0.12322835764946528, 'hidden_size': 61, 'dropout': 0.14628151077664062, 'hidden_continuous_size': 5, 'attention_head_size': 3, 'learning_rate': 0.026159258696697312}. Best is trial 0 with value: 112.76871490478516.
[I 2023-12-27 11:29:33,642] Trial 18 finished with value: 159.00445556640625 and parameters: {'gradient_clip_val': 0.10152483181106811, 'hidden_size': 26, 'dropout': 0.219368164535242, 'hidden_continuous_size': 9, 'attention_head_size': 2, 'learning_rate': 0.009975922180919345}. Best is trial 0 with value: 112.76871490478516.
[I 2023-12-27 11:29:34,292] Trial 19 finished with value: 155.27276611328125 and parameters: {'gradient_clip_val': 0.21511257989059737, 'hidden_size': 88, 'dropout': 0.18335127786394184, 'hidden_continuous_size': 15, 'attention_head_size': 4, 'learning_rate': 0.00488611516274343}. Best is trial 0 with value: 112.76871490478516.
[I 2023-12-27 11:29:34,685] Trial 20 finished with value: 157.40904235839844 and parameters: {'gradient_clip_val': 0.13112854944130925, 'hidden_size': 45, 'dropout': 0.2558265986697752, 'hidden_continuous_size': 11, 'attention_head_size': 3, 'learning_rate': 0.010716566032081244}. Best is trial 0 with value: 112.76871490478516.
[I 2023-12-27 11:29:35,095] Trial 21 finished with value: 152.3341522216797 and parameters: {'gradient_clip_val': 0.14694721613908932, 'hidden_size': 55, 'dropout': 0.39492768263390277, 'hidden_continuous_size': 19, 'attention_head_size': 1, 'learning_rate': 0.0197431223742728}. Best is trial 0 with value: 112.76871490478516.
[I 2023-12-27 11:29:35,479] Trial 22 finished with value: 156.4123077392578 and parameters: {'gradient_clip_val': 0.1750444909985297, 'hidden_size': 44, 'dropout': 0.4808967045798081, 'hidden_continuous_size': 21, 'attention_head_size': 1, 'learning_rate': 0.016267758715333914}. Best is trial 0 with value: 112.76871490478516.
[I 2023-12-27 11:29:35,899] Trial 23 finished with value: 154.73182678222656 and parameters: {'gradient_clip_val': 0.13239582602322145, 'hidden_size': 70, 'dropout': 0.3259406883285064, 'hidden_continuous_size': 26, 'attention_head_size': 1, 'learning_rate': 0.028212409363789503}. Best is trial 0 with value: 112.76871490478516.
[I 2023-12-27 11:29:36,358] Trial 24 finished with value: 168.4624481201172 and parameters: {'gradient_clip_val': 0.17982485384083308, 'hidden_size': 104, 'dropout': 0.3753972097883145, 'hidden_continuous_size': 28, 'attention_head_size': 2, 'learning_rate': 0.009099356094006542}. Best is trial 0 with value: 112.76871490478516.
[I 2023-12-27 11:29:36,734] Trial 25 finished with value: 135.53640747070312 and parameters: {'gradient_clip_val': 0.12145640423247665, 'hidden_size': 29, 'dropout': 0.4504773056665284, 'hidden_continuous_size': 14, 'attention_head_size': 3, 'learning_rate': 0.01830448762042482}. Best is trial 0 with value: 112.76871490478516.
[I 2023-12-27 11:29:37,099] Trial 26 finished with value: 163.7084197998047 and parameters: {'gradient_clip_val': 0.11347512836172334, 'hidden_size': 26, 'dropout': 0.4997995499589895, 'hidden_continuous_size': 13, 'attention_head_size': 3, 'learning_rate': 0.005246767175275427}. Best is trial 0 with value: 112.76871490478516.
[I 2023-12-27 11:29:37,457] Trial 27 finished with value: 171.63185119628906 and parameters: {'gradient_clip_val': 0.11793240457428437, 'hidden_size': 32, 'dropout': 0.2922553430902406, 'hidden_continuous_size': 10, 'attention_head_size': 3, 'learning_rate': 0.043454273840898255}. Best is trial 0 with value: 112.76871490478516.
[I 2023-12-27 11:29:37,808] Trial 28 finished with value: 174.6067352294922 and parameters: {'gradient_clip_val': 0.13793293621727387, 'hidden_size': 22, 'dropout': 0.4309962283161982, 'hidden_continuous_size': 8, 'attention_head_size': 3, 'learning_rate': 0.014308292301834093}. Best is trial 0 with value: 112.76871490478516.
[I 2023-12-27 11:29:38,201] Trial 29 finished with value: 149.30191040039062 and parameters: {'gradient_clip_val': 0.10041439300879045, 'hidden_size': 45, 'dropout': 0.4305481430269181, 'hidden_continuous_size': 14, 'attention_head_size': 4, 'learning_rate': 0.0173847646715624}. Best is trial 0 with value: 112.76871490478516.
[I 2023-12-27 11:29:38,626] Trial 30 finished with value: 157.6682891845703 and parameters: {'gradient_clip_val': 0.14566586354219557, 'hidden_size': 65, 'dropout': 0.3677313064189555, 'hidden_continuous_size': 17, 'attention_head_size': 3, 'learning_rate': 0.019977634830671085}. Best is trial 0 with value: 112.76871490478516.
[I 2023-12-27 11:29:39,023] Trial 31 finished with value: 148.8410186767578 and parameters: {'gradient_clip_val': 0.11923454293791355, 'hidden_size': 39, 'dropout': 0.4153098541250342, 'hidden_continuous_size': 14, 'attention_head_size': 2, 'learning_rate': 0.023189958393870128}. Best is trial 0 with value: 112.76871490478516.
[I 2023-12-27 11:29:39,439] Trial 32 finished with value: 152.02947998046875 and parameters: {'gradient_clip_val': 0.15863645858501738, 'hidden_size': 55, 'dropout': 0.45308376979425674, 'hidden_continuous_size': 12, 'attention_head_size': 3, 'learning_rate': 0.009487652512584524}. Best is trial 0 with value: 112.76871490478516.
[I 2023-12-27 11:29:40,072] Trial 33 finished with value: 165.96469116210938 and parameters: {'gradient_clip_val': 0.14734544089384521, 'hidden_size': 32, 'dropout': 0.44784492160990275, 'hidden_continuous_size': 11, 'attention_head_size': 4, 'learning_rate': 0.013482462010203013}. Best is trial 0 with value: 112.76871490478516.
[I 2023-12-27 11:29:40,492] Trial 34 finished with value: 141.4240264892578 and parameters: {'gradient_clip_val': 0.11371814038275244, 'hidden_size': 52, 'dropout': 0.31055031573093783, 'hidden_continuous_size': 29, 'attention_head_size': 1, 'learning_rate': 0.03374592321592323}. Best is trial 0 with value: 112.76871490478516.
[I 2023-12-27 11:29:40,912] Trial 35 finished with value: 152.1935577392578 and parameters: {'gradient_clip_val': 0.11857699735679708, 'hidden_size': 49, 'dropout': 0.318091540891478, 'hidden_continuous_size': 19, 'attention_head_size': 2, 'learning_rate': 0.03417061675203766}. Best is trial 0 with value: 112.76871490478516.
[I 2023-12-27 11:29:41,369] Trial 36 finished with value: 154.26255798339844 and parameters: {'gradient_clip_val': 0.1119073199704946, 'hidden_size': 79, 'dropout': 0.2765461653312883, 'hidden_continuous_size': 36, 'attention_head_size': 1, 'learning_rate': 0.020940554122765638}. Best is trial 0 with value: 112.76871490478516.
[I 2023-12-27 11:29:41,757] Trial 37 finished with value: 198.83477783203125 and parameters: {'gradient_clip_val': 0.14065878103482932, 'hidden_size': 38, 'dropout': 0.3024551481454738, 'hidden_continuous_size': 12, 'attention_head_size': 3, 'learning_rate': 0.013375675439976096}. Best is trial 0 with value: 112.76871490478516.
[I 2023-12-27 11:29:42,191] Trial 38 finished with value: 146.99620056152344 and parameters: {'gradient_clip_val': 0.11191692893588752, 'hidden_size': 72, 'dropout': 0.3387244384137994, 'hidden_continuous_size': 21, 'attention_head_size': 3, 'learning_rate': 0.001932133471152905}. Best is trial 0 with value: 112.76871490478516.
[I 2023-12-27 11:29:42,598] Trial 39 finished with value: 157.2704315185547 and parameters: {'gradient_clip_val': 0.16683158306986245, 'hidden_size': 51, 'dropout': 0.38412325437820605, 'hidden_continuous_size': 15, 'attention_head_size': 2, 'learning_rate': 0.004547899612745981}. Best is trial 0 with value: 112.76871490478516.
[I 2023-12-27 11:29:42,997] Trial 40 finished with value: 168.326171875 and parameters: {'gradient_clip_val': 0.12933312180907652, 'hidden_size': 30, 'dropout': 0.35412081180412647, 'hidden_continuous_size': 10, 'attention_head_size': 3, 'learning_rate': 0.0035012335234562695}. Best is trial 0 with value: 112.76871490478516.
[I 2023-12-27 11:29:43,415] Trial 41 finished with value: 144.47311401367188 and parameters: {'gradient_clip_val': 0.1001119268653142, 'hidden_size': 64, 'dropout': 0.4058825259133079, 'hidden_continuous_size': 29, 'attention_head_size': 1, 'learning_rate': 0.017659399369229615}. Best is trial 0 with value: 112.76871490478516.
[I 2023-12-27 11:29:43,840] Trial 42 finished with value: 156.3599395751953 and parameters: {'gradient_clip_val': 0.10018819114850137, 'hidden_size': 60, 'dropout': 0.39943209550966186, 'hidden_continuous_size': 27, 'attention_head_size': 1, 'learning_rate': 0.017184406494588772}. Best is trial 0 with value: 112.76871490478516.
[I 2023-12-27 11:29:44,235] Trial 43 finished with value: 154.06639099121094 and parameters: {'gradient_clip_val': 0.11385319377590816, 'hidden_size': 41, 'dropout': 0.29485422472136535, 'hidden_continuous_size': 13, 'attention_head_size': 1, 'learning_rate': 0.02407717601696785}. Best is trial 0 with value: 112.76871490478516.
[I 2023-12-27 11:29:44,656] Trial 44 finished with value: 173.9027862548828 and parameters: {'gradient_clip_val': 0.13432609998148318, 'hidden_size': 68, 'dropout': 0.2532087642890914, 'hidden_continuous_size': 30, 'attention_head_size': 1, 'learning_rate': 0.008078300819201922}. Best is trial 0 with value: 112.76871490478516.
[I 2023-12-27 11:29:45,129] Trial 45 finished with value: 162.9161376953125 and parameters: {'gradient_clip_val': 0.11159250270974995, 'hidden_size': 89, 'dropout': 0.3154524706343999, 'hidden_continuous_size': 33, 'attention_head_size': 2, 'learning_rate': 0.012551139450017061}. Best is trial 0 with value: 112.76871490478516.
[I 2023-12-27 11:29:45,897] Trial 46 finished with value: 157.75550842285156 and parameters: {'gradient_clip_val': 0.1256606819600198, 'hidden_size': 122, 'dropout': 0.3628650624013147, 'hidden_continuous_size': 41, 'attention_head_size': 1, 'learning_rate': 0.0318763906301068}. Best is trial 0 with value: 112.76871490478516.
[I 2023-12-27 11:29:46,323] Trial 47 finished with value: 159.2167510986328 and parameters: {'gradient_clip_val': 0.10608335967978334, 'hidden_size': 56, 'dropout': 0.3390511753695851, 'hidden_continuous_size': 24, 'attention_head_size': 3, 'learning_rate': 0.04154564287247586}. Best is trial 0 with value: 112.76871490478516.
[I 2023-12-27 11:29:46,721] Trial 48 finished with value: 176.15631103515625 and parameters: {'gradient_clip_val': 0.15036771974612048, 'hidden_size': 37, 'dropout': 0.27680689826534743, 'hidden_continuous_size': 17, 'attention_head_size': 3, 'learning_rate': 0.015759398125208643}. Best is trial 0 with value: 112.76871490478516.
[I 2023-12-27 11:29:47,176] Trial 49 finished with value: 157.5570831298828 and parameters: {'gradient_clip_val': 0.1004093861865987, 'hidden_size': 78, 'dropout': 0.3776946623358296, 'hidden_continuous_size': 23, 'attention_head_size': 2, 'learning_rate': 0.0077881235702129325}. Best is trial 0 with value: 112.76871490478516.
[I 2023-12-27 11:29:47,286] A new study created in memory with name: no-name-8fa6564d-9b98-4ccf-8ad9-0ef17283917f
/home/le004/conda/anaconda3/envs/tsff_env/lib/python3.9/site-packages/lightning/fabric/plugins/environments/slurm.py:191: The `srun` command is available on your system but is not used. HINT: If your intention is to run Lightning on SLURM, prepend your python command with `srun` like so: srun python /home/le004/master_thesis/git/TSFusionForecast/code/ ...
[I 2023-12-27 11:30:16,009] Trial 0 finished with value: 111.01056671142578 and parameters: {'gradient_clip_val': 0.34235987773710397, 'hidden_size': 42, 'dropout': 0.3328373227748165, 'hidden_continuous_size': 23, 'attention_head_size': 4, 'learning_rate': 0.006261022188799553}. Best is trial 0 with value: 111.01056671142578.
[I 2023-12-27 11:30:16,619] Trial 1 finished with value: 259.1640319824219 and parameters: {'gradient_clip_val': 0.12754630306341852, 'hidden_size': 135, 'dropout': 0.20280822590673156, 'hidden_continuous_size': 134, 'attention_head_size': 1, 'learning_rate': 0.018014502968384954}. Best is trial 0 with value: 111.01056671142578.
[I 2023-12-27 11:30:16,964] Trial 2 finished with value: 220.36122131347656 and parameters: {'gradient_clip_val': 0.3995958907485823, 'hidden_size': 24, 'dropout': 0.2051278744757779, 'hidden_continuous_size': 11, 'attention_head_size': 4, 'learning_rate': 0.010442661108688021}. Best is trial 0 with value: 111.01056671142578.
[I 2023-12-27 11:30:17,327] Trial 3 finished with value: 240.06610107421875 and parameters: {'gradient_clip_val': 0.16077864150678808, 'hidden_size': 28, 'dropout': 0.20459023545724794, 'hidden_continuous_size': 7, 'attention_head_size': 3, 'learning_rate': 0.0021334196624468223}. Best is trial 0 with value: 111.01056671142578.
[I 2023-12-27 11:30:17,622] Trial 4 finished with value: 188.8759002685547 and parameters: {'gradient_clip_val': 0.1952407454715496, 'hidden_size': 8, 'dropout': 0.23952616667812762, 'hidden_continuous_size': 8, 'attention_head_size': 1, 'learning_rate': 0.029422912326996887}. Best is trial 0 with value: 111.01056671142578.
[I 2023-12-27 11:30:17,982] Trial 5 finished with value: 263.4208068847656 and parameters: {'gradient_clip_val': 0.6506199969589441, 'hidden_size': 41, 'dropout': 0.24133461030725686, 'hidden_continuous_size': 14, 'attention_head_size': 2, 'learning_rate': 0.009569114493640712}. Best is trial 0 with value: 111.01056671142578.
[I 2023-12-27 11:30:18,372] Trial 6 finished with value: 219.4347686767578 and parameters: {'gradient_clip_val': 0.1081435959713629, 'hidden_size': 67, 'dropout': 0.3837111291517171, 'hidden_continuous_size': 7, 'attention_head_size': 3, 'learning_rate': 0.004834173667055309}. Best is trial 0 with value: 111.01056671142578.
[I 2023-12-27 11:30:18,741] Trial 7 finished with value: 200.1294403076172 and parameters: {'gradient_clip_val': 0.30200335908787174, 'hidden_size': 52, 'dropout': 0.4664025873522082, 'hidden_continuous_size': 6, 'attention_head_size': 4, 'learning_rate': 0.033156811010949666}. Best is trial 0 with value: 111.01056671142578.
[I 2023-12-27 11:30:19,479] Trial 8 finished with value: 231.8469696044922 and parameters: {'gradient_clip_val': 0.9038307879689044, 'hidden_size': 109, 'dropout': 0.18878023735919955, 'hidden_continuous_size': 83, 'attention_head_size': 3, 'learning_rate': 0.057527439125624365}. Best is trial 0 with value: 111.01056671142578.
[I 2023-12-27 11:30:19,812] Trial 9 finished with value: 191.1044921875 and parameters: {'gradient_clip_val': 0.6346528927800891, 'hidden_size': 10, 'dropout': 0.4531436252808744, 'hidden_continuous_size': 6, 'attention_head_size': 2, 'learning_rate': 0.011181714445881457}. Best is trial 0 with value: 111.01056671142578.
[I 2023-12-27 11:30:20,158] Trial 10 finished with value: 265.5413513183594 and parameters: {'gradient_clip_val': 0.26747022211325017, 'hidden_size': 16, 'dropout': 0.10943403537645005, 'hidden_continuous_size': 5, 'attention_head_size': 4, 'learning_rate': 0.0006032470916837882}. Best is trial 0 with value: 111.01056671142578.
[I 2023-12-27 11:30:20,472] Trial 11 finished with value: 222.6451416015625 and parameters: {'gradient_clip_val': 0.20326267928930017, 'hidden_size': 5, 'dropout': 0.30536742697113756, 'hidden_continuous_size': 5, 'attention_head_size': 1, 'learning_rate': 0.09658441518100484}. Best is trial 0 with value: 111.01056671142578.
