[I 2023-12-27 11:30:40,584] Trial 30 finished with value: 1180.384765625 and parameters: {'gradient_clip_val': 0.11672193857957729, 'hidden_size': 22, 'dropout': 0.47716257799289313, 'hidden_continuous_size': 7, 'attention_head_size': 1, 'learning_rate': 0.017536698243856046}. Best is trial 0 with value: 427.9881896972656.
LOCAL_RANK: 0 - CUDA_VISIBLE_DEVICES: [0]
[I 2023-12-27 11:30:41,072] Trial 31 finished with value: 1049.6370849609375 and parameters: {'gradient_clip_val': 0.11083429466981139, 'hidden_size': 51, 'dropout': 0.3506956094980582, 'hidden_continuous_size': 8, 'attention_head_size': 1, 'learning_rate': 0.031118823500186257}. Best is trial 0 with value: 427.9881896972656.
LOCAL_RANK: 0 - CUDA_VISIBLE_DEVICES: [0]
[I 2023-12-27 11:30:41,563] Trial 32 finished with value: 962.5816040039062 and parameters: {'gradient_clip_val': 0.1277759962875923, 'hidden_size': 63, 'dropout': 0.3578628361636364, 'hidden_continuous_size': 11, 'attention_head_size': 1, 'learning_rate': 0.00969955508463112}. Best is trial 0 with value: 427.9881896972656.
LOCAL_RANK: 0 - CUDA_VISIBLE_DEVICES: [0]
[I 2023-12-27 11:30:42,041] Trial 33 finished with value: 1166.4852294921875 and parameters: {'gradient_clip_val': 0.10028526651547962, 'hidden_size': 45, 'dropout': 0.3250965022570251, 'hidden_continuous_size': 9, 'attention_head_size': 1, 'learning_rate': 0.01875164959634777}. Best is trial 0 with value: 427.9881896972656.
LOCAL_RANK: 0 - CUDA_VISIBLE_DEVICES: [0]
[I 2023-12-27 11:30:42,498] Trial 34 finished with value: 843.5132446289062 and parameters: {'gradient_clip_val': 0.15066290146308634, 'hidden_size': 34, 'dropout': 0.39373519351296404, 'hidden_continuous_size': 7, 'attention_head_size': 2, 'learning_rate': 0.028971484609201827}. Best is trial 0 with value: 427.9881896972656.
LOCAL_RANK: 0 - CUDA_VISIBLE_DEVICES: [0]
[I 2023-12-27 11:30:42,993] Trial 35 finished with value: 866.0185546875 and parameters: {'gradient_clip_val': 0.15426700401260074, 'hidden_size': 33, 'dropout': 0.4109282412345509, 'hidden_continuous_size': 6, 'attention_head_size': 2, 'learning_rate': 0.024221802891906116}. Best is trial 0 with value: 427.9881896972656.
LOCAL_RANK: 0 - CUDA_VISIBLE_DEVICES: [0]
[I 2023-12-27 11:30:43,474] Trial 36 finished with value: 813.6015014648438 and parameters: {'gradient_clip_val': 0.14762136802720416, 'hidden_size': 25, 'dropout': 0.38436649129787476, 'hidden_continuous_size': 5, 'attention_head_size': 2, 'learning_rate': 0.01267207333324424}. Best is trial 0 with value: 427.9881896972656.
LOCAL_RANK: 0 - CUDA_VISIBLE_DEVICES: [0]
[I 2023-12-27 11:30:43,913] Trial 37 finished with value: 1192.311279296875 and parameters: {'gradient_clip_val': 0.30331714489201106, 'hidden_size': 16, 'dropout': 0.37734501150518396, 'hidden_continuous_size': 5, 'attention_head_size': 3, 'learning_rate': 0.01088207818166111}. Best is trial 0 with value: 427.9881896972656.
LOCAL_RANK: 0 - CUDA_VISIBLE_DEVICES: [0]
[I 2023-12-27 11:30:44,380] Trial 38 finished with value: 1002.2605590820312 and parameters: {'gradient_clip_val': 0.1349846887767777, 'hidden_size': 7, 'dropout': 0.4374313991620137, 'hidden_continuous_size': 5, 'attention_head_size': 2, 'learning_rate': 0.014095364609753285}. Best is trial 0 with value: 427.9881896972656.
LOCAL_RANK: 0 - CUDA_VISIBLE_DEVICES: [0]
[I 2023-12-27 11:30:45,058] Trial 39 finished with value: 859.8828125 and parameters: {'gradient_clip_val': 0.34098024889023076, 'hidden_size': 5, 'dropout': 0.41172464162229055, 'hidden_continuous_size': 5, 'attention_head_size': 3, 'learning_rate': 0.006543293015845646}. Best is trial 0 with value: 427.9881896972656.
LOCAL_RANK: 0 - CUDA_VISIBLE_DEVICES: [0]
[I 2023-12-27 11:30:45,505] Trial 40 finished with value: 1078.723388671875 and parameters: {'gradient_clip_val': 0.11119460253680762, 'hidden_size': 25, 'dropout': 0.37599673825434415, 'hidden_continuous_size': 6, 'attention_head_size': 2, 'learning_rate': 0.007327384968532848}. Best is trial 0 with value: 427.9881896972656.
LOCAL_RANK: 0 - CUDA_VISIBLE_DEVICES: [0]
[I 2023-12-27 11:30:45,989] Trial 41 finished with value: 961.9581909179688 and parameters: {'gradient_clip_val': 0.14387387515678893, 'hidden_size': 30, 'dropout': 0.39914255382339314, 'hidden_continuous_size': 7, 'attention_head_size': 2, 'learning_rate': 0.01755501822636425}. Best is trial 0 with value: 427.9881896972656.
LOCAL_RANK: 0 - CUDA_VISIBLE_DEVICES: [0]
[I 2023-12-27 11:30:46,445] Trial 42 finished with value: 846.7868041992188 and parameters: {'gradient_clip_val': 0.16002083237033066, 'hidden_size': 25, 'dropout': 0.38910934983903755, 'hidden_continuous_size': 6, 'attention_head_size': 2, 'learning_rate': 0.04548680303377702}. Best is trial 0 with value: 427.9881896972656.
LOCAL_RANK: 0 - CUDA_VISIBLE_DEVICES: [0]
[I 2023-12-27 11:30:46,934] Trial 43 finished with value: 956.7189331054688 and parameters: {'gradient_clip_val': 0.18165793650916787, 'hidden_size': 18, 'dropout': 0.369209933414785, 'hidden_continuous_size': 7, 'attention_head_size': 2, 'learning_rate': 0.021884654269686984}. Best is trial 0 with value: 427.9881896972656.
LOCAL_RANK: 0 - CUDA_VISIBLE_DEVICES: [0]
[I 2023-12-27 11:30:47,430] Trial 44 finished with value: 974.4512329101562 and parameters: {'gradient_clip_val': 0.12242245052082316, 'hidden_size': 37, 'dropout': 0.435617092554789, 'hidden_continuous_size': 19, 'attention_head_size': 2, 'learning_rate': 0.012826724672617187}. Best is trial 0 with value: 427.9881896972656.
LOCAL_RANK: 0 - CUDA_VISIBLE_DEVICES: [0]
[I 2023-12-27 11:30:47,910] Trial 45 finished with value: 766.46533203125 and parameters: {'gradient_clip_val': 0.16617162838996302, 'hidden_size': 26, 'dropout': 0.4104143818652707, 'hidden_continuous_size': 9, 'attention_head_size': 2, 'learning_rate': 0.0657295889146059}. Best is trial 0 with value: 427.9881896972656.
LOCAL_RANK: 0 - CUDA_VISIBLE_DEVICES: [0]
[I 2023-12-27 11:30:48,357] Trial 46 finished with value: 1094.08349609375 and parameters: {'gradient_clip_val': 0.1640982797893545, 'hidden_size': 13, 'dropout': 0.41628898280237375, 'hidden_continuous_size': 8, 'attention_head_size': 2, 'learning_rate': 0.07373355729302143}. Best is trial 0 with value: 427.9881896972656.
LOCAL_RANK: 0 - CUDA_VISIBLE_DEVICES: [0]
[I 2023-12-27 11:30:48,810] Trial 47 finished with value: 972.8131713867188 and parameters: {'gradient_clip_val': 0.19752143644890946, 'hidden_size': 26, 'dropout': 0.3379953293270938, 'hidden_continuous_size': 10, 'attention_head_size': 3, 'learning_rate': 0.06300791781482402}. Best is trial 0 with value: 427.9881896972656.
LOCAL_RANK: 0 - CUDA_VISIBLE_DEVICES: [0]
[I 2023-12-27 11:30:49,298] Trial 48 finished with value: 984.0012817382812 and parameters: {'gradient_clip_val': 0.1684959018858764, 'hidden_size': 29, 'dropout': 0.30625719090155695, 'hidden_continuous_size': 11, 'attention_head_size': 4, 'learning_rate': 0.0391252776246663}. Best is trial 0 with value: 427.9881896972656.
LOCAL_RANK: 0 - CUDA_VISIBLE_DEVICES: [0]
[I 2023-12-27 11:30:49,814] Trial 49 finished with value: 1094.6806640625 and parameters: {'gradient_clip_val': 0.22036306395172378, 'hidden_size': 59, 'dropout': 0.3611562637319635, 'hidden_continuous_size': 26, 'attention_head_size': 2, 'learning_rate': 0.06793257706252245}. Best is trial 0 with value: 427.9881896972656.
[I 2023-12-27 11:30:49,940] A new study created in memory with name: no-name-936b7cdf-4769-4e63-9b94-736908270a13
/home/le004/conda/anaconda3/envs/tsff_env/lib/python3.9/site-packages/lightning/fabric/plugins/environments/slurm.py:191: The `srun` command is available on your system but is not used. HINT: If your intention is to run Lightning on SLURM, prepend your python command with `srun` like so: srun python /home/le004/master_thesis/git/TSFusionForecast/code/ ...
LOCAL_RANK: 0 - CUDA_VISIBLE_DEVICES: [0]
[I 2023-12-27 11:31:18,498] Trial 0 finished with value: 657.87646484375 and parameters: {'gradient_clip_val': 0.3987751099669542, 'hidden_size': 6, 'dropout': 0.40407744741078433, 'hidden_continuous_size': 5, 'attention_head_size': 1, 'learning_rate': 0.041154151871302024}. Best is trial 0 with value: 657.87646484375.
LOCAL_RANK: 0 - CUDA_VISIBLE_DEVICES: [0]
[I 2023-12-27 11:31:21,790] Trial 1 finished with value: 4752.85400390625 and parameters: {'gradient_clip_val': 0.20895371256858114, 'hidden_size': 11, 'dropout': 0.31977104910236065, 'hidden_continuous_size': 7, 'attention_head_size': 4, 'learning_rate': 0.010337648042505655}. Best is trial 0 with value: 657.87646484375.
LOCAL_RANK: 0 - CUDA_VISIBLE_DEVICES: [0]
[I 2023-12-27 11:31:22,251] Trial 2 finished with value: 6747.97265625 and parameters: {'gradient_clip_val': 0.7374036436588607, 'hidden_size': 119, 'dropout': 0.4457482466594199, 'hidden_continuous_size': 24, 'attention_head_size': 1, 'learning_rate': 0.052504851731083185}. Best is trial 0 with value: 657.87646484375.
LOCAL_RANK: 0 - CUDA_VISIBLE_DEVICES: [0]
[I 2023-12-27 11:31:22,664] Trial 3 finished with value: 5556.02880859375 and parameters: {'gradient_clip_val': 0.10338941228033281, 'hidden_size': 11, 'dropout': 0.37450376676539443, 'hidden_continuous_size': 5, 'attention_head_size': 2, 'learning_rate': 0.0014354300558793284}. Best is trial 0 with value: 657.87646484375.
LOCAL_RANK: 0 - CUDA_VISIBLE_DEVICES: [0]
[I 2023-12-27 11:31:23,102] Trial 4 finished with value: 4971.07861328125 and parameters: {'gradient_clip_val': 0.19089212321109392, 'hidden_size': 41, 'dropout': 0.2703156767610754, 'hidden_continuous_size': 13, 'attention_head_size': 4, 'learning_rate': 0.0007267684339687917}. Best is trial 0 with value: 657.87646484375.
LOCAL_RANK: 0 - CUDA_VISIBLE_DEVICES: [0]
[I 2023-12-27 11:31:23,503] Trial 5 finished with value: 6182.99755859375 and parameters: {'gradient_clip_val': 0.41896595320187274, 'hidden_size': 10, 'dropout': 0.3277325143889557, 'hidden_continuous_size': 5, 'attention_head_size': 1, 'learning_rate': 0.0012868138612335228}. Best is trial 0 with value: 657.87646484375.
LOCAL_RANK: 0 - CUDA_VISIBLE_DEVICES: [0]
[I 2023-12-27 11:31:23,906] Trial 6 finished with value: 5358.22412109375 and parameters: {'gradient_clip_val': 0.5607264720100826, 'hidden_size': 10, 'dropout': 0.2425379227865896, 'hidden_continuous_size': 6, 'attention_head_size': 1, 'learning_rate': 0.011536555523455262}. Best is trial 0 with value: 657.87646484375.
LOCAL_RANK: 0 - CUDA_VISIBLE_DEVICES: [0]
[I 2023-12-27 11:31:24,370] Trial 7 finished with value: 6052.17431640625 and parameters: {'gradient_clip_val': 0.12308548867766662, 'hidden_size': 46, 'dropout': 0.19593539855754957, 'hidden_continuous_size': 18, 'attention_head_size': 3, 'learning_rate': 0.0007510645905739977}. Best is trial 0 with value: 657.87646484375.
LOCAL_RANK: 0 - CUDA_VISIBLE_DEVICES: [0]
[I 2023-12-27 11:31:24,801] Trial 8 finished with value: 6048.28271484375 and parameters: {'gradient_clip_val': 0.7590314792204199, 'hidden_size': 9, 'dropout': 0.21642182514367134, 'hidden_continuous_size': 5, 'attention_head_size': 1, 'learning_rate': 0.0006354741409329011}. Best is trial 0 with value: 657.87646484375.
LOCAL_RANK: 0 - CUDA_VISIBLE_DEVICES: [0]
[I 2023-12-27 11:31:25,227] Trial 9 finished with value: 6411.638671875 and parameters: {'gradient_clip_val': 0.23002398431045365, 'hidden_size': 9, 'dropout': 0.36536698851933225, 'hidden_continuous_size': 5, 'attention_head_size': 4, 'learning_rate': 0.0014814269921267502}. Best is trial 0 with value: 657.87646484375.
LOCAL_RANK: 0 - CUDA_VISIBLE_DEVICES: [0]
[I 2023-12-27 11:31:25,628] Trial 10 finished with value: 6517.98876953125 and parameters: {'gradient_clip_val': 0.3556455884299016, 'hidden_size': 5, 'dropout': 0.12548183738004173, 'hidden_continuous_size': 5, 'attention_head_size': 2, 'learning_rate': 0.06081953505448497}. Best is trial 0 with value: 657.87646484375.
LOCAL_RANK: 0 - CUDA_VISIBLE_DEVICES: [0]
[I 2023-12-27 11:31:26,042] Trial 11 finished with value: 5471.90673828125 and parameters: {'gradient_clip_val': 0.26499981008959167, 'hidden_size': 5, 'dropout': 0.4914950544651375, 'hidden_continuous_size': 5, 'attention_head_size': 3, 'learning_rate': 0.015125486476788777}. Best is trial 0 with value: 657.87646484375.
LOCAL_RANK: 0 - CUDA_VISIBLE_DEVICES: [0]
[I 2023-12-27 11:31:26,759] Trial 12 finished with value: 4624.04833984375 and parameters: {'gradient_clip_val': 0.4257195001719249, 'hidden_size': 19, 'dropout': 0.40625181985444336, 'hidden_continuous_size': 7, 'attention_head_size': 3, 'learning_rate': 0.024721558012106}. Best is trial 0 with value: 657.87646484375.
LOCAL_RANK: 0 - CUDA_VISIBLE_DEVICES: [0]
[I 2023-12-27 11:31:27,209] Trial 13 finished with value: 10109.1494140625 and parameters: {'gradient_clip_val': 0.48262944838135247, 'hidden_size': 19, 'dropout': 0.42225849147762967, 'hidden_continuous_size': 8, 'attention_head_size': 3, 'learning_rate': 0.02797212697960344}. Best is trial 0 with value: 657.87646484375.
LOCAL_RANK: 0 - CUDA_VISIBLE_DEVICES: [0]
[I 2023-12-27 11:31:27,678] Trial 14 finished with value: 9038.076171875 and parameters: {'gradient_clip_val': 0.9984061486983212, 'hidden_size': 22, 'dropout': 0.40591161717486923, 'hidden_continuous_size': 9, 'attention_head_size': 2, 'learning_rate': 0.09155938035855686}. Best is trial 0 with value: 657.87646484375.
LOCAL_RANK: 0 - CUDA_VISIBLE_DEVICES: [0]
[I 2023-12-27 11:31:28,084] Trial 15 finished with value: 4895.009765625 and parameters: {'gradient_clip_val': 0.32724060900908497, 'hidden_size': 5, 'dropout': 0.4854867742522681, 'hidden_continuous_size': 5, 'attention_head_size': 2, 'learning_rate': 0.027694245454342785}. Best is trial 0 with value: 657.87646484375.
LOCAL_RANK: 0 - CUDA_VISIBLE_DEVICES: [0]
[I 2023-12-27 11:31:28,540] Trial 16 finished with value: 5831.640625 and parameters: {'gradient_clip_val': 0.4057622671607525, 'hidden_size': 18, 'dropout': 0.3829456951482683, 'hidden_continuous_size': 7, 'attention_head_size': 3, 'learning_rate': 0.003836136050805038}. Best is trial 0 with value: 657.87646484375.
LOCAL_RANK: 0 - CUDA_VISIBLE_DEVICES: [0]
[I 2023-12-27 11:31:28,988] Trial 17 finished with value: 6028.5546875 and parameters: {'gradient_clip_val': 0.29415664927380186, 'hidden_size': 33, 'dropout': 0.4452504662897726, 'hidden_continuous_size': 10, 'attention_head_size': 2, 'learning_rate': 0.026470298376535608}. Best is trial 0 with value: 657.87646484375.
LOCAL_RANK: 0 - CUDA_VISIBLE_DEVICES: [0]
[I 2023-12-27 11:31:29,462] Trial 18 finished with value: 5538.10546875 and parameters: {'gradient_clip_val': 0.518294423061237, 'hidden_size': 15, 'dropout': 0.34256514341938166, 'hidden_continuous_size': 6, 'attention_head_size': 3, 'learning_rate': 0.09914599694722503}. Best is trial 0 with value: 657.87646484375.
LOCAL_RANK: 0 - CUDA_VISIBLE_DEVICES: [0]
[I 2023-12-27 11:31:29,931] Trial 19 finished with value: 5706.43603515625 and parameters: {'gradient_clip_val': 0.3708735569678473, 'hidden_size': 30, 'dropout': 0.3017897301981769, 'hidden_continuous_size': 12, 'attention_head_size': 4, 'learning_rate': 0.005316940339532804}. Best is trial 0 with value: 657.87646484375.
LOCAL_RANK: 0 - CUDA_VISIBLE_DEVICES: [0]
[I 2023-12-27 11:31:30,355] Trial 20 finished with value: 6085.859375 and parameters: {'gradient_clip_val': 0.5809195656716479, 'hidden_size': 6, 'dropout': 0.3955340561716749, 'hidden_continuous_size': 5, 'attention_head_size': 1, 'learning_rate': 0.01858798139635704}. Best is trial 0 with value: 657.87646484375.
LOCAL_RANK: 0 - CUDA_VISIBLE_DEVICES: [0]
[I 2023-12-27 11:31:30,805] Trial 21 finished with value: 4783.4873046875 and parameters: {'gradient_clip_val': 0.212037996055431, 'hidden_size': 13, 'dropout': 0.33230443164774526, 'hidden_continuous_size': 6, 'attention_head_size': 4, 'learning_rate': 0.008031952136305382}. Best is trial 0 with value: 657.87646484375.
LOCAL_RANK: 0 - CUDA_VISIBLE_DEVICES: [0]
[I 2023-12-27 11:31:31,254] Trial 22 finished with value: 5571.33642578125 and parameters: {'gradient_clip_val': 0.2819868118389815, 'hidden_size': 7, 'dropout': 0.3020765962710296, 'hidden_continuous_size': 6, 'attention_head_size': 4, 'learning_rate': 0.039394659552927244}. Best is trial 0 with value: 657.87646484375.
LOCAL_RANK: 0 - CUDA_VISIBLE_DEVICES: [0]
[I 2023-12-27 11:31:31,697] Trial 23 finished with value: 5868.25146484375 and parameters: {'gradient_clip_val': 0.1755741517509207, 'hidden_size': 7, 'dropout': 0.4317218775854864, 'hidden_continuous_size': 6, 'attention_head_size': 3, 'learning_rate': 0.011302936004669738}. Best is trial 0 with value: 657.87646484375.
LOCAL_RANK: 0 - CUDA_VISIBLE_DEVICES: [0]
[I 2023-12-27 11:31:32,181] Trial 24 finished with value: 6085.68359375 and parameters: {'gradient_clip_val': 0.2492990229815543, 'hidden_size': 14, 'dropout': 0.3587015512859391, 'hidden_continuous_size': 7, 'attention_head_size': 4, 'learning_rate': 0.040076872320051984}. Best is trial 0 with value: 657.87646484375.
LOCAL_RANK: 0 - CUDA_VISIBLE_DEVICES: [0]
[I 2023-12-27 11:31:32,644] Trial 25 finished with value: 6403.35205078125 and parameters: {'gradient_clip_val': 0.3068127229756185, 'hidden_size': 7, 'dropout': 0.3933787141196989, 'hidden_continuous_size': 6, 'attention_head_size': 3, 'learning_rate': 0.018860879808105174}. Best is trial 0 with value: 657.87646484375.
LOCAL_RANK: 0 - CUDA_VISIBLE_DEVICES: [0]
[I 2023-12-27 11:31:33,369] Trial 26 finished with value: 5282.93408203125 and parameters: {'gradient_clip_val': 0.4659834969601146, 'hidden_size': 14, 'dropout': 0.46215425266020965, 'hidden_continuous_size': 7, 'attention_head_size': 2, 'learning_rate': 0.009243660137835188}. Best is trial 0 with value: 657.87646484375.
LOCAL_RANK: 0 - CUDA_VISIBLE_DEVICES: [0]
[I 2023-12-27 11:31:33,859] Trial 27 finished with value: 6502.10546875 and parameters: {'gradient_clip_val': 0.35098481092192607, 'hidden_size': 23, 'dropout': 0.4201095947912927, 'hidden_continuous_size': 8, 'attention_head_size': 4, 'learning_rate': 0.0057814611645731675}. Best is trial 0 with value: 657.87646484375.
LOCAL_RANK: 0 - CUDA_VISIBLE_DEVICES: [0]
[I 2023-12-27 11:31:34,316] Trial 28 finished with value: 6410.22900390625 and parameters: {'gradient_clip_val': 0.42115489549889196, 'hidden_size': 18, 'dropout': 0.34951157146601747, 'hidden_continuous_size': 7, 'attention_head_size': 3, 'learning_rate': 0.015337268460198105}. Best is trial 0 with value: 657.87646484375.
LOCAL_RANK: 0 - CUDA_VISIBLE_DEVICES: [0]
[I 2023-12-27 11:31:34,862] Trial 29 finished with value: 5205.37744140625 and parameters: {'gradient_clip_val': 0.16083480173642192, 'hidden_size': 135, 'dropout': 0.44261001581669707, 'hidden_continuous_size': 25, 'attention_head_size': 1, 'learning_rate': 0.06275421711758337}. Best is trial 0 with value: 657.87646484375.
LOCAL_RANK: 0 - CUDA_VISIBLE_DEVICES: [0]
[I 2023-12-27 11:31:35,383] Trial 30 finished with value: 7071.12353515625 and parameters: {'gradient_clip_val': 0.24731449553320412, 'hidden_size': 79, 'dropout': 0.40377875559490395, 'hidden_continuous_size': 35, 'attention_head_size': 4, 'learning_rate': 0.049863212465186706}. Best is trial 0 with value: 657.87646484375.
LOCAL_RANK: 0 - CUDA_VISIBLE_DEVICES: [0]
[I 2023-12-27 11:31:35,882] Trial 31 finished with value: 5471.22119140625 and parameters: {'gradient_clip_val': 0.230261489142464, 'hidden_size': 12, 'dropout': 0.32419271646256903, 'hidden_continuous_size': 6, 'attention_head_size': 4, 'learning_rate': 0.00860680950384394}. Best is trial 0 with value: 657.87646484375.
LOCAL_RANK: 0 - CUDA_VISIBLE_DEVICES: [0]
[I 2023-12-27 11:31:36,355] Trial 32 finished with value: 5735.30810546875 and parameters: {'gradient_clip_val': 0.1893247496711521, 'hidden_size': 8, 'dropout': 0.37534246913277397, 'hidden_continuous_size': 6, 'attention_head_size': 4, 'learning_rate': 0.007322892246231935}. Best is trial 0 with value: 657.87646484375.
LOCAL_RANK: 0 - CUDA_VISIBLE_DEVICES: [0]
[I 2023-12-27 11:31:36,799] Trial 33 finished with value: 7597.4296875 and parameters: {'gradient_clip_val': 0.20687651582214925, 'hidden_size': 11, 'dropout': 0.3392507482367122, 'hidden_continuous_size': 7, 'attention_head_size': 4, 'learning_rate': 0.024263469610587448}. Best is trial 0 with value: 657.87646484375.
LOCAL_RANK: 0 - CUDA_VISIBLE_DEVICES: [0]
[I 2023-12-27 11:31:37,264] Trial 34 finished with value: 5527.76318359375 and parameters: {'gradient_clip_val': 0.3149356881484464, 'hidden_size': 11, 'dropout': 0.31748854334537624, 'hidden_continuous_size': 7, 'attention_head_size': 4, 'learning_rate': 0.012441763831068145}. Best is trial 0 with value: 657.87646484375.
LOCAL_RANK: 0 - CUDA_VISIBLE_DEVICES: [0]
[I 2023-12-27 11:31:37,730] Trial 35 finished with value: 5734.88037109375 and parameters: {'gradient_clip_val': 0.15970915524588286, 'hidden_size': 13, 'dropout': 0.27889667236300164, 'hidden_continuous_size': 8, 'attention_head_size': 3, 'learning_rate': 0.02006088849459139}. Best is trial 0 with value: 657.87646484375.
LOCAL_RANK: 0 - CUDA_VISIBLE_DEVICES: [0]
[I 2023-12-27 11:31:38,208] Trial 36 finished with value: 6586.98681640625 and parameters: {'gradient_clip_val': 0.27763648342092156, 'hidden_size': 16, 'dropout': 0.3744969667802565, 'hidden_continuous_size': 6, 'attention_head_size': 4, 'learning_rate': 0.03604434118039647}. Best is trial 0 with value: 657.87646484375.
LOCAL_RANK: 0 - CUDA_VISIBLE_DEVICES: [0]
[I 2023-12-27 11:31:38,653] Trial 37 finished with value: 7029.97314453125 and parameters: {'gradient_clip_val': 0.2105800636028589, 'hidden_size': 9, 'dropout': 0.3622367028843647, 'hidden_continuous_size': 5, 'attention_head_size': 1, 'learning_rate': 0.014321737512632037}. Best is trial 0 with value: 657.87646484375.
LOCAL_RANK: 0 - CUDA_VISIBLE_DEVICES: [0]
