[rank: 0] Seed set to 42
[I 2023-12-27 10:51:52,818] A new study created in memory with name: no-name-2b360a18-228d-4e7c-900a-1de7c27477b2
/home/le004/conda/anaconda3/envs/tsff_env/lib/python3.9/site-packages/lightning/fabric/plugins/environments/slurm.py:191: The `srun` command is available on your system but is not used. HINT: If your intention is to run Lightning on SLURM, prepend your python command with `srun` like so: srun python /home/le004/master_thesis/git/TSFusionForecast/code/ ...
[I 2023-12-27 10:52:19,986] Trial 0 finished with value: 32.891624450683594 and parameters: {'gradient_clip_val': 0.13222350847316536, 'hidden_size': 5, 'dropout': 0.3073445661814958, 'hidden_continuous_size': 5, 'attention_head_size': 4, 'learning_rate': 0.032313239836625575}. Best is trial 0 with value: 32.891624450683594.
[I 2023-12-27 10:52:21,207] Trial 1 finished with value: 214.391845703125 and parameters: {'gradient_clip_val': 0.5775760085399962, 'hidden_size': 34, 'dropout': 0.2586661792887369, 'hidden_continuous_size': 15, 'attention_head_size': 4, 'learning_rate': 0.09799739509251268}. Best is trial 0 with value: 32.891624450683594.
[I 2023-12-27 10:52:21,542] Trial 2 finished with value: 179.5451202392578 and parameters: {'gradient_clip_val': 0.15079675102555176, 'hidden_size': 12, 'dropout': 0.23368144045544634, 'hidden_continuous_size': 11, 'attention_head_size': 3, 'learning_rate': 0.03110348300285999}. Best is trial 0 with value: 32.891624450683594.
[I 2023-12-27 10:52:21,994] Trial 3 finished with value: 165.6448516845703 and parameters: {'gradient_clip_val': 0.21913312829580892, 'hidden_size': 103, 'dropout': 0.19805859807417298, 'hidden_continuous_size': 15, 'attention_head_size': 2, 'learning_rate': 0.02399364350895569}. Best is trial 0 with value: 32.891624450683594.
[I 2023-12-27 10:52:22,512] Trial 4 finished with value: 151.96539306640625 and parameters: {'gradient_clip_val': 0.28038177981843176, 'hidden_size': 141, 'dropout': 0.1689063876021341, 'hidden_continuous_size': 6, 'attention_head_size': 3, 'learning_rate': 0.08494173528652234}. Best is trial 0 with value: 32.891624450683594.
[I 2023-12-27 10:52:22,807] Trial 5 finished with value: 124.93133544921875 and parameters: {'gradient_clip_val': 0.272666667395251, 'hidden_size': 5, 'dropout': 0.4900234698871717, 'hidden_continuous_size': 5, 'attention_head_size': 4, 'learning_rate': 0.0019191750043561105}. Best is trial 0 with value: 32.891624450683594.
[I 2023-12-27 10:52:23,294] Trial 6 finished with value: 142.48487854003906 and parameters: {'gradient_clip_val': 0.1415573887125831, 'hidden_size': 5, 'dropout': 0.31319179850750795, 'hidden_continuous_size': 5, 'attention_head_size': 1, 'learning_rate': 0.05828721942790904}. Best is trial 0 with value: 32.891624450683594.
[I 2023-12-27 10:52:23,607] Trial 7 finished with value: 166.6280975341797 and parameters: {'gradient_clip_val': 0.3835677622864714, 'hidden_size': 16, 'dropout': 0.3746298295369127, 'hidden_continuous_size': 15, 'attention_head_size': 1, 'learning_rate': 0.0012856951180331144}. Best is trial 0 with value: 32.891624450683594.
[I 2023-12-27 10:52:23,947] Trial 8 finished with value: 126.4393310546875 and parameters: {'gradient_clip_val': 0.5665771496231432, 'hidden_size': 9, 'dropout': 0.34733266714639566, 'hidden_continuous_size': 8, 'attention_head_size': 2, 'learning_rate': 0.008704518466241073}. Best is trial 0 with value: 32.891624450683594.
[I 2023-12-27 10:52:24,274] Trial 9 finished with value: 182.206787109375 and parameters: {'gradient_clip_val': 0.3454930975714261, 'hidden_size': 9, 'dropout': 0.37332220094990687, 'hidden_continuous_size': 6, 'attention_head_size': 2, 'learning_rate': 0.006443335417775791}. Best is trial 0 with value: 32.891624450683594.
[I 2023-12-27 10:52:24,652] Trial 10 finished with value: 112.08011627197266 and parameters: {'gradient_clip_val': 0.10370166641206352, 'hidden_size': 29, 'dropout': 0.10974897191764732, 'hidden_continuous_size': 25, 'attention_head_size': 4, 'learning_rate': 0.012637944518392131}. Best is trial 0 with value: 32.891624450683594.
[I 2023-12-27 10:52:25,018] Trial 11 finished with value: 157.24598693847656 and parameters: {'gradient_clip_val': 0.10305703809636645, 'hidden_size': 32, 'dropout': 0.1513293690088852, 'hidden_continuous_size': 29, 'attention_head_size': 4, 'learning_rate': 0.015622112236866248}. Best is trial 0 with value: 32.891624450683594.
[I 2023-12-27 10:52:25,372] Trial 12 finished with value: 165.5008544921875 and parameters: {'gradient_clip_val': 0.10113005040801076, 'hidden_size': 20, 'dropout': 0.10622095623409614, 'hidden_continuous_size': 8, 'attention_head_size': 3, 'learning_rate': 0.0058523223804514395}. Best is trial 0 with value: 32.891624450683594.
[I 2023-12-27 10:52:25,768] Trial 13 finished with value: 170.85545349121094 and parameters: {'gradient_clip_val': 0.16733573154952133, 'hidden_size': 44, 'dropout': 0.26570372722610647, 'hidden_continuous_size': 26, 'attention_head_size': 4, 'learning_rate': 0.0005742972167418274}. Best is trial 0 with value: 32.891624450683594.
[I 2023-12-27 10:52:26,192] Trial 14 finished with value: 201.08961486816406 and parameters: {'gradient_clip_val': 0.9461075656042677, 'hidden_size': 58, 'dropout': 0.19321233639295593, 'hidden_continuous_size': 53, 'attention_head_size': 4, 'learning_rate': 0.03462995354042814}. Best is trial 0 with value: 32.891624450683594.
[I 2023-12-27 10:52:26,548] Trial 15 finished with value: 145.9871063232422 and parameters: {'gradient_clip_val': 0.12432920551899743, 'hidden_size': 22, 'dropout': 0.11031083367857775, 'hidden_continuous_size': 7, 'attention_head_size': 3, 'learning_rate': 0.014385640071750845}. Best is trial 0 with value: 32.891624450683594.
[I 2023-12-27 10:52:26,906] Trial 16 finished with value: 142.1350860595703 and parameters: {'gradient_clip_val': 0.18161223623325037, 'hidden_size': 15, 'dropout': 0.22503364498744843, 'hidden_continuous_size': 5, 'attention_head_size': 4, 'learning_rate': 0.056648526852879286}. Best is trial 0 with value: 32.891624450683594.
[I 2023-12-27 10:52:27,268] Trial 17 finished with value: 169.27096557617188 and parameters: {'gradient_clip_val': 0.12068596557304374, 'hidden_size': 25, 'dropout': 0.3016135437222831, 'hidden_continuous_size': 10, 'attention_head_size': 3, 'learning_rate': 0.01723855943124985}. Best is trial 0 with value: 32.891624450683594.
[I 2023-12-27 10:52:27,684] Trial 18 finished with value: 167.55020141601562 and parameters: {'gradient_clip_val': 0.19315310008109662, 'hidden_size': 65, 'dropout': 0.13464029996665422, 'hidden_continuous_size': 22, 'attention_head_size': 4, 'learning_rate': 0.009146905184800458}. Best is trial 0 with value: 32.891624450683594.
[I 2023-12-27 10:52:28,240] Trial 19 finished with value: 159.50982666015625 and parameters: {'gradient_clip_val': 0.13438511149087803, 'hidden_size': 9, 'dropout': 0.1622840482981932, 'hidden_continuous_size': 5, 'attention_head_size': 3, 'learning_rate': 0.037404547473454695}. Best is trial 0 with value: 32.891624450683594.
[I 2023-12-27 10:52:28,618] Trial 20 finished with value: 173.23541259765625 and parameters: {'gradient_clip_val': 0.10448807775365007, 'hidden_size': 30, 'dropout': 0.10293107127180698, 'hidden_continuous_size': 9, 'attention_head_size': 4, 'learning_rate': 0.004522787226146715}. Best is trial 0 with value: 32.891624450683594.
[I 2023-12-27 10:52:28,937] Trial 21 finished with value: 187.3625946044922 and parameters: {'gradient_clip_val': 0.22282788539330597, 'hidden_size': 5, 'dropout': 0.44394231302990467, 'hidden_continuous_size': 5, 'attention_head_size': 4, 'learning_rate': 0.003075417647598815}. Best is trial 0 with value: 32.891624450683594.
[I 2023-12-27 10:52:29,255] Trial 22 finished with value: 118.62041473388672 and parameters: {'gradient_clip_val': 0.14747751492682556, 'hidden_size': 5, 'dropout': 0.4851256039236279, 'hidden_continuous_size': 5, 'attention_head_size': 4, 'learning_rate': 0.002804135268458634}. Best is trial 0 with value: 32.891624450683594.
[I 2023-12-27 10:52:29,615] Trial 23 finished with value: 119.72820281982422 and parameters: {'gradient_clip_val': 0.13979976806277, 'hidden_size': 7, 'dropout': 0.42281650161891704, 'hidden_continuous_size': 5, 'attention_head_size': 4, 'learning_rate': 0.009879025851350684}. Best is trial 0 with value: 32.891624450683594.
[I 2023-12-27 10:52:29,971] Trial 24 finished with value: 241.5625457763672 and parameters: {'gradient_clip_val': 0.12104901629693315, 'hidden_size': 6, 'dropout': 0.4959706071457572, 'hidden_continuous_size': 5, 'attention_head_size': 3, 'learning_rate': 0.0036800664239051723}. Best is trial 0 with value: 32.891624450683594.
[I 2023-12-27 10:52:30,325] Trial 25 finished with value: 143.4647674560547 and parameters: {'gradient_clip_val': 0.16267269597674733, 'hidden_size': 7, 'dropout': 0.3301454914718489, 'hidden_continuous_size': 5, 'attention_head_size': 4, 'learning_rate': 0.012303142909762229}. Best is trial 0 with value: 32.891624450683594.
[I 2023-12-27 10:52:30,683] Trial 26 finished with value: 196.9337615966797 and parameters: {'gradient_clip_val': 0.156647636199378, 'hidden_size': 13, 'dropout': 0.2716866533963416, 'hidden_continuous_size': 6, 'attention_head_size': 3, 'learning_rate': 0.019048512518524595}. Best is trial 0 with value: 32.891624450683594.
[I 2023-12-27 10:52:31,046] Trial 27 finished with value: 194.9832305908203 and parameters: {'gradient_clip_val': 0.11988505559010505, 'hidden_size': 19, 'dropout': 0.2974504420087005, 'hidden_continuous_size': 6, 'attention_head_size': 4, 'learning_rate': 0.006793614810233233}. Best is trial 0 with value: 32.891624450683594.
[I 2023-12-27 10:52:31,411] Trial 28 finished with value: 125.86468505859375 and parameters: {'gradient_clip_val': 0.1926724627869256, 'hidden_size': 11, 'dropout': 0.4025130034833627, 'hidden_continuous_size': 6, 'attention_head_size': 4, 'learning_rate': 0.02388937168658668}. Best is trial 0 with value: 32.891624450683594.
[I 2023-12-27 10:52:31,757] Trial 29 finished with value: 169.16432189941406 and parameters: {'gradient_clip_val': 0.10140133569112064, 'hidden_size': 7, 'dropout': 0.24898595297402748, 'hidden_continuous_size': 5, 'attention_head_size': 2, 'learning_rate': 0.011162045069027633}. Best is trial 0 with value: 32.891624450683594.
[I 2023-12-27 10:52:32,149] Trial 30 finished with value: 163.3095245361328 and parameters: {'gradient_clip_val': 0.13742593836222305, 'hidden_size': 38, 'dropout': 0.2887506549612127, 'hidden_continuous_size': 12, 'attention_head_size': 4, 'learning_rate': 0.0022701136695788154}. Best is trial 0 with value: 32.891624450683594.
[I 2023-12-27 10:52:32,495] Trial 31 finished with value: 139.37939453125 and parameters: {'gradient_clip_val': 0.14660206072147883, 'hidden_size': 7, 'dropout': 0.45267280168710267, 'hidden_continuous_size': 5, 'attention_head_size': 4, 'learning_rate': 0.010194657051404958}. Best is trial 0 with value: 32.891624450683594.
[I 2023-12-27 10:52:32,844] Trial 32 finished with value: 144.8477020263672 and parameters: {'gradient_clip_val': 0.11826089212458958, 'hidden_size': 6, 'dropout': 0.4173243638528718, 'hidden_continuous_size': 5, 'attention_head_size': 4, 'learning_rate': 0.004872502712858881}. Best is trial 0 with value: 32.891624450683594.
[I 2023-12-27 10:52:33,400] Trial 33 finished with value: 165.53579711914062 and parameters: {'gradient_clip_val': 0.15649348934526497, 'hidden_size': 5, 'dropout': 0.4676855855845944, 'hidden_continuous_size': 5, 'attention_head_size': 4, 'learning_rate': 0.007349514427228015}. Best is trial 0 with value: 32.891624450683594.
[I 2023-12-27 10:52:33,752] Trial 34 finished with value: 164.796875 and parameters: {'gradient_clip_val': 0.14360211445698404, 'hidden_size': 11, 'dropout': 0.21357669051266004, 'hidden_continuous_size': 7, 'attention_head_size': 3, 'learning_rate': 0.027351711188706048}. Best is trial 0 with value: 32.891624450683594.
[I 2023-12-27 10:52:34,101] Trial 35 finished with value: 173.96087646484375 and parameters: {'gradient_clip_val': 0.21157850918628685, 'hidden_size': 6, 'dropout': 0.25343203572598433, 'hidden_continuous_size': 5, 'attention_head_size': 4, 'learning_rate': 0.020376170023295448}. Best is trial 0 with value: 32.891624450683594.
[I 2023-12-27 10:52:34,445] Trial 36 finished with value: 109.333740234375 and parameters: {'gradient_clip_val': 0.1738932661654736, 'hidden_size': 8, 'dropout': 0.1876614081239038, 'hidden_continuous_size': 6, 'attention_head_size': 3, 'learning_rate': 0.014172549529369824}. Best is trial 0 with value: 32.891624450683594.
[I 2023-12-27 10:52:34,804] Trial 37 finished with value: 164.1688690185547 and parameters: {'gradient_clip_val': 0.17460999972017366, 'hidden_size': 16, 'dropout': 0.18539752954342242, 'hidden_continuous_size': 7, 'attention_head_size': 3, 'learning_rate': 0.013242775461012277}. Best is trial 0 with value: 32.891624450683594.
[I 2023-12-27 10:52:35,117] Trial 38 finished with value: 137.89132690429688 and parameters: {'gradient_clip_val': 0.23850977676593008, 'hidden_size': 5, 'dropout': 0.2229250706940004, 'hidden_continuous_size': 5, 'attention_head_size': 1, 'learning_rate': 0.023436237671958477}. Best is trial 0 with value: 32.891624450683594.
[I 2023-12-27 10:52:35,472] Trial 39 finished with value: 142.4984893798828 and parameters: {'gradient_clip_val': 0.17151516433837638, 'hidden_size': 9, 'dropout': 0.18312028751193032, 'hidden_continuous_size': 6, 'attention_head_size': 3, 'learning_rate': 0.0414326880856226}. Best is trial 0 with value: 32.891624450683594.
[I 2023-12-27 10:52:35,817] Trial 40 finished with value: 136.6894989013672 and parameters: {'gradient_clip_val': 0.11498257562086854, 'hidden_size': 8, 'dropout': 0.13795222859968523, 'hidden_continuous_size': 6, 'attention_head_size': 3, 'learning_rate': 0.028969959143961485}. Best is trial 0 with value: 32.891624450683594.
[I 2023-12-27 10:52:36,160] Trial 41 finished with value: 186.4708709716797 and parameters: {'gradient_clip_val': 0.13348826548379367, 'hidden_size': 6, 'dropout': 0.20789966969913, 'hidden_continuous_size': 5, 'attention_head_size': 2, 'learning_rate': 0.00915460044322663}. Best is trial 0 with value: 32.891624450683594.
[I 2023-12-27 10:52:36,512] Trial 42 finished with value: 124.43878173828125 and parameters: {'gradient_clip_val': 0.14818701506597087, 'hidden_size': 11, 'dropout': 0.48013688299860824, 'hidden_continuous_size': 6, 'attention_head_size': 4, 'learning_rate': 0.017083287416520956}. Best is trial 0 with value: 32.891624450683594.
[I 2023-12-27 10:52:36,832] Trial 43 finished with value: 160.40533447265625 and parameters: {'gradient_clip_val': 0.13288204732868178, 'hidden_size': 5, 'dropout': 0.2348631520934886, 'hidden_continuous_size': 5, 'attention_head_size': 4, 'learning_rate': 0.012661093572088555}. Best is trial 0 with value: 32.891624450683594.
[I 2023-12-27 10:52:37,186] Trial 44 finished with value: 156.30523681640625 and parameters: {'gradient_clip_val': 0.11177427992009441, 'hidden_size': 7, 'dropout': 0.1717043003062687, 'hidden_continuous_size': 5, 'attention_head_size': 4, 'learning_rate': 0.007656287442861206}. Best is trial 0 with value: 32.891624450683594.
[I 2023-12-27 10:52:37,546] Trial 45 finished with value: 136.05650329589844 and parameters: {'gradient_clip_val': 0.1540319063470192, 'hidden_size': 8, 'dropout': 0.35400438659841327, 'hidden_continuous_size': 6, 'attention_head_size': 4, 'learning_rate': 0.01003514504769805}. Best is trial 0 with value: 32.891624450683594.
[I 2023-12-27 10:52:38,104] Trial 46 finished with value: 134.648193359375 and parameters: {'gradient_clip_val': 0.12943775360408966, 'hidden_size': 14, 'dropout': 0.4974098946510425, 'hidden_continuous_size': 7, 'attention_head_size': 2, 'learning_rate': 0.014760214714290962}. Best is trial 0 with value: 32.891624450683594.
[I 2023-12-27 10:52:38,464] Trial 47 finished with value: 173.75233459472656 and parameters: {'gradient_clip_val': 0.1107332495578481, 'hidden_size': 12, 'dropout': 0.32654004705109363, 'hidden_continuous_size': 8, 'attention_head_size': 4, 'learning_rate': 0.09535671399237794}. Best is trial 0 with value: 32.891624450683594.
[I 2023-12-27 10:52:38,827] Trial 48 finished with value: 219.9527587890625 and parameters: {'gradient_clip_val': 0.17978710010281665, 'hidden_size': 10, 'dropout': 0.40225569785585946, 'hidden_continuous_size': 6, 'attention_head_size': 3, 'learning_rate': 0.005636585872556384}. Best is trial 0 with value: 32.891624450683594.
[I 2023-12-27 10:52:39,170] Trial 49 finished with value: 209.19309997558594 and parameters: {'gradient_clip_val': 0.13996442728684577, 'hidden_size': 8, 'dropout': 0.11789710715798518, 'hidden_continuous_size': 7, 'attention_head_size': 1, 'learning_rate': 0.020326963057820144}. Best is trial 0 with value: 32.891624450683594.
[I 2023-12-27 10:52:39,276] A new study created in memory with name: no-name-344d3f3b-7c8f-487c-9f15-23c12b2cc6c1
/home/le004/conda/anaconda3/envs/tsff_env/lib/python3.9/site-packages/lightning/fabric/plugins/environments/slurm.py:191: The `srun` command is available on your system but is not used. HINT: If your intention is to run Lightning on SLURM, prepend your python command with `srun` like so: srun python /home/le004/master_thesis/git/TSFusionForecast/code/ ...
[I 2023-12-27 10:53:12,440] Trial 0 finished with value: 13.724034309387207 and parameters: {'gradient_clip_val': 0.20759436256111316, 'hidden_size': 40, 'dropout': 0.4767995737095855, 'hidden_continuous_size': 6, 'attention_head_size': 4, 'learning_rate': 0.0007689241367989473}. Best is trial 0 with value: 13.724034309387207.
[I 2023-12-27 10:53:20,855] Trial 1 finished with value: 26.5417423248291 and parameters: {'gradient_clip_val': 0.2449356881588185, 'hidden_size': 5, 'dropout': 0.11219447371774752, 'hidden_continuous_size': 5, 'attention_head_size': 2, 'learning_rate': 0.0013319268795944058}. Best is trial 0 with value: 13.724034309387207.
[I 2023-12-27 10:53:21,283] Trial 2 finished with value: 35.0146369934082 and parameters: {'gradient_clip_val': 0.4538178789615108, 'hidden_size': 65, 'dropout': 0.31362173935137494, 'hidden_continuous_size': 54, 'attention_head_size': 1, 'learning_rate': 0.010929846230741976}. Best is trial 0 with value: 13.724034309387207.
[I 2023-12-27 10:53:21,650] Trial 3 finished with value: 26.425010681152344 and parameters: {'gradient_clip_val': 0.1762806325815505, 'hidden_size': 20, 'dropout': 0.2409694065403093, 'hidden_continuous_size': 11, 'attention_head_size': 4, 'learning_rate': 0.011612527086491511}. Best is trial 0 with value: 13.724034309387207.
[I 2023-12-27 10:53:22,006] Trial 4 finished with value: 31.340063095092773 and parameters: {'gradient_clip_val': 0.3700763537666147, 'hidden_size': 24, 'dropout': 0.38273030601116087, 'hidden_continuous_size': 7, 'attention_head_size': 2, 'learning_rate': 0.05696130153264501}. Best is trial 0 with value: 13.724034309387207.
[I 2023-12-27 10:53:22,406] Trial 5 finished with value: 30.650381088256836 and parameters: {'gradient_clip_val': 0.5978095311376278, 'hidden_size': 54, 'dropout': 0.38402692790078163, 'hidden_continuous_size': 25, 'attention_head_size': 4, 'learning_rate': 0.0039297756808982735}. Best is trial 0 with value: 13.724034309387207.
[I 2023-12-27 10:53:22,961] Trial 6 finished with value: 32.00198745727539 and parameters: {'gradient_clip_val': 0.5442954443848598, 'hidden_size': 6, 'dropout': 0.499695094471284, 'hidden_continuous_size': 5, 'attention_head_size': 3, 'learning_rate': 0.0008509613246129366}. Best is trial 0 with value: 13.724034309387207.
[I 2023-12-27 10:53:23,403] Trial 7 finished with value: 28.840444564819336 and parameters: {'gradient_clip_val': 0.2032841976412701, 'hidden_size': 78, 'dropout': 0.4023812885062491, 'hidden_continuous_size': 7, 'attention_head_size': 2, 'learning_rate': 0.06457498523864114}. Best is trial 0 with value: 13.724034309387207.
[I 2023-12-27 10:53:23,939] Trial 8 finished with value: 29.725000381469727 and parameters: {'gradient_clip_val': 0.12374971292895055, 'hidden_size': 137, 'dropout': 0.2881385118103801, 'hidden_continuous_size': 30, 'attention_head_size': 1, 'learning_rate': 0.006333865041581158}. Best is trial 0 with value: 13.724034309387207.
[I 2023-12-27 10:53:24,322] Trial 9 finished with value: 27.809206008911133 and parameters: {'gradient_clip_val': 0.11900140481770426, 'hidden_size': 27, 'dropout': 0.22990779129382172, 'hidden_continuous_size': 14, 'attention_head_size': 1, 'learning_rate': 0.0008550869135531209}. Best is trial 0 with value: 13.724034309387207.
[I 2023-12-27 10:53:24,692] Trial 10 finished with value: 27.40361976623535 and parameters: {'gradient_clip_val': 0.9924841548280996, 'hidden_size': 12, 'dropout': 0.49125672266636516, 'hidden_continuous_size': 5, 'attention_head_size': 3, 'learning_rate': 0.0006617047945726945}. Best is trial 0 with value: 13.724034309387207.
[I 2023-12-27 10:53:25,078] Trial 11 finished with value: 26.69795036315918 and parameters: {'gradient_clip_val': 0.18955240542978963, 'hidden_size': 24, 'dropout': 0.202712383508254, 'hidden_continuous_size': 9, 'attention_head_size': 4, 'learning_rate': 0.0024421773763850293}. Best is trial 0 with value: 13.724034309387207.
[I 2023-12-27 10:53:25,496] Trial 12 finished with value: 27.334402084350586 and parameters: {'gradient_clip_val': 0.16180059559943372, 'hidden_size': 37, 'dropout': 0.4426340188080923, 'hidden_continuous_size': 12, 'attention_head_size': 4, 'learning_rate': 0.013896238125856832}. Best is trial 0 with value: 13.724034309387207.
[I 2023-12-27 10:53:25,888] Trial 13 finished with value: 33.17387008666992 and parameters: {'gradient_clip_val': 0.2782662827647535, 'hidden_size': 14, 'dropout': 0.33173624324179873, 'hidden_continuous_size': 6, 'attention_head_size': 3, 'learning_rate': 0.0021933864135123683}. Best is trial 0 with value: 13.724034309387207.
