[I 2023-12-27 11:05:55,881] Trial 13 finished with value: 316.0874328613281 and parameters: {'gradient_clip_val': 0.2572243409337115, 'hidden_size': 25, 'dropout': 0.26178748664891716, 'hidden_continuous_size': 15, 'attention_head_size': 2, 'learning_rate': 0.027005150955553725}. Best is trial 0 with value: 50.32365036010742.
[I 2023-12-27 11:05:56,277] Trial 14 finished with value: 306.5845031738281 and parameters: {'gradient_clip_val': 0.13874878046679673, 'hidden_size': 42, 'dropout': 0.42133130874531466, 'hidden_continuous_size': 23, 'attention_head_size': 3, 'learning_rate': 0.0053498037651552935}. Best is trial 0 with value: 50.32365036010742.
[I 2023-12-27 11:05:56,632] Trial 15 finished with value: 266.328125 and parameters: {'gradient_clip_val': 0.30787193774831395, 'hidden_size': 20, 'dropout': 0.3478392212996926, 'hidden_continuous_size': 7, 'attention_head_size': 2, 'learning_rate': 0.021830128720583302}. Best is trial 0 with value: 50.32365036010742.
[I 2023-12-27 11:05:57,257] Trial 16 finished with value: 300.4920654296875 and parameters: {'gradient_clip_val': 0.13415925141000218, 'hidden_size': 40, 'dropout': 0.2773795219032407, 'hidden_continuous_size': 19, 'attention_head_size': 4, 'learning_rate': 0.0034508775737292423}. Best is trial 0 with value: 50.32365036010742.
[I 2023-12-27 11:05:57,598] Trial 17 finished with value: 214.30043029785156 and parameters: {'gradient_clip_val': 0.24403210927025845, 'hidden_size': 6, 'dropout': 0.4380684360522683, 'hidden_continuous_size': 5, 'attention_head_size': 3, 'learning_rate': 0.04373817166157961}. Best is trial 0 with value: 50.32365036010742.
[I 2023-12-27 11:05:57,941] Trial 18 finished with value: 211.3793182373047 and parameters: {'gradient_clip_val': 0.9977290410363865, 'hidden_size': 6, 'dropout': 0.44797092770561486, 'hidden_continuous_size': 5, 'attention_head_size': 2, 'learning_rate': 0.054201207093838466}. Best is trial 0 with value: 50.32365036010742.
[I 2023-12-27 11:05:58,296] Trial 19 finished with value: 336.0860900878906 and parameters: {'gradient_clip_val': 0.9890747973612687, 'hidden_size': 6, 'dropout': 0.4517204660891338, 'hidden_continuous_size': 5, 'attention_head_size': 2, 'learning_rate': 0.09735400884573599}. Best is trial 0 with value: 50.32365036010742.
[I 2023-12-27 11:05:58,619] Trial 20 finished with value: 269.0403747558594 and parameters: {'gradient_clip_val': 0.4124713641592642, 'hidden_size': 5, 'dropout': 0.44950554272868504, 'hidden_continuous_size': 5, 'attention_head_size': 1, 'learning_rate': 0.04528749277521803}. Best is trial 0 with value: 50.32365036010742.
[I 2023-12-27 11:05:58,934] Trial 21 finished with value: 251.7572784423828 and parameters: {'gradient_clip_val': 0.2595538949021457, 'hidden_size': 5, 'dropout': 0.44941829608410155, 'hidden_continuous_size': 5, 'attention_head_size': 3, 'learning_rate': 0.04975519731443362}. Best is trial 0 with value: 50.32365036010742.
[I 2023-12-27 11:05:59,274] Trial 22 finished with value: 307.8257141113281 and parameters: {'gradient_clip_val': 0.3959293844418041, 'hidden_size': 8, 'dropout': 0.3635296739938366, 'hidden_continuous_size': 5, 'attention_head_size': 2, 'learning_rate': 0.040813222875824985}. Best is trial 0 with value: 50.32365036010742.
[I 2023-12-27 11:05:59,628] Trial 23 finished with value: 311.5439758300781 and parameters: {'gradient_clip_val': 0.8593023180441283, 'hidden_size': 9, 'dropout': 0.43310566288554203, 'hidden_continuous_size': 6, 'attention_head_size': 2, 'learning_rate': 0.023672384865197797}. Best is trial 0 with value: 50.32365036010742.
[I 2023-12-27 11:05:59,949] Trial 24 finished with value: 197.72193908691406 and parameters: {'gradient_clip_val': 0.4510868327698894, 'hidden_size': 5, 'dropout': 0.4255093119276618, 'hidden_continuous_size': 5, 'attention_head_size': 3, 'learning_rate': 0.05899758838216692}. Best is trial 0 with value: 50.32365036010742.
[I 2023-12-27 11:06:00,270] Trial 25 finished with value: 269.24005126953125 and parameters: {'gradient_clip_val': 0.4745055556280942, 'hidden_size': 5, 'dropout': 0.3710545038797375, 'hidden_continuous_size': 5, 'attention_head_size': 2, 'learning_rate': 0.06960049947722902}. Best is trial 0 with value: 50.32365036010742.
[I 2023-12-27 11:06:00,622] Trial 26 finished with value: 274.1413269042969 and parameters: {'gradient_clip_val': 0.7912782436976026, 'hidden_size': 11, 'dropout': 0.40895920829769483, 'hidden_continuous_size': 6, 'attention_head_size': 3, 'learning_rate': 0.09245097870620994}. Best is trial 0 with value: 50.32365036010742.
[I 2023-12-27 11:06:00,964] Trial 27 finished with value: 263.83660888671875 and parameters: {'gradient_clip_val': 0.4952231861729563, 'hidden_size': 8, 'dropout': 0.4709434579948944, 'hidden_continuous_size': 5, 'attention_head_size': 2, 'learning_rate': 0.017134423918753697}. Best is trial 0 with value: 50.32365036010742.
[I 2023-12-27 11:06:01,323] Trial 28 finished with value: 296.19781494140625 and parameters: {'gradient_clip_val': 0.7005003435173658, 'hidden_size': 15, 'dropout': 0.4148292703843664, 'hidden_continuous_size': 7, 'attention_head_size': 1, 'learning_rate': 0.05972853662101148}. Best is trial 0 with value: 50.32365036010742.
[I 2023-12-27 11:06:01,696] Trial 29 finished with value: 166.61708068847656 and parameters: {'gradient_clip_val': 0.5952605078519643, 'hidden_size': 10, 'dropout': 0.4971353718877928, 'hidden_continuous_size': 6, 'attention_head_size': 3, 'learning_rate': 0.03326599211507429}. Best is trial 0 with value: 50.32365036010742.
[I 2023-12-27 11:06:02,263] Trial 30 finished with value: 230.77638244628906 and parameters: {'gradient_clip_val': 0.5508293319968025, 'hidden_size': 11, 'dropout': 0.49782255357934124, 'hidden_continuous_size': 6, 'attention_head_size': 3, 'learning_rate': 0.034650282989672626}. Best is trial 0 with value: 50.32365036010742.
[I 2023-12-27 11:06:02,614] Trial 31 finished with value: 274.5953369140625 and parameters: {'gradient_clip_val': 0.7652397176168746, 'hidden_size': 7, 'dropout': 0.47546097264236903, 'hidden_continuous_size': 5, 'attention_head_size': 3, 'learning_rate': 0.06081712273323004}. Best is trial 0 with value: 50.32365036010742.
[I 2023-12-27 11:06:02,962] Trial 32 finished with value: 223.54017639160156 and parameters: {'gradient_clip_val': 0.6377230152017833, 'hidden_size': 6, 'dropout': 0.4658518506202877, 'hidden_continuous_size': 5, 'attention_head_size': 3, 'learning_rate': 0.03190032921181429}. Best is trial 0 with value: 50.32365036010742.
[I 2023-12-27 11:06:03,315] Trial 33 finished with value: 350.4258728027344 and parameters: {'gradient_clip_val': 0.9781356528251693, 'hidden_size': 9, 'dropout': 0.44115238673061336, 'hidden_continuous_size': 6, 'attention_head_size': 2, 'learning_rate': 0.05425475448274526}. Best is trial 0 with value: 50.32365036010742.
[I 2023-12-27 11:06:03,675] Trial 34 finished with value: 276.3672790527344 and parameters: {'gradient_clip_val': 0.711861222030989, 'hidden_size': 7, 'dropout': 0.49556138173925945, 'hidden_continuous_size': 5, 'attention_head_size': 3, 'learning_rate': 0.033956652644474804}. Best is trial 0 with value: 50.32365036010742.
[I 2023-12-27 11:06:04,036] Trial 35 finished with value: 223.6444854736328 and parameters: {'gradient_clip_val': 0.5921890383847996, 'hidden_size': 11, 'dropout': 0.4247413145883271, 'hidden_continuous_size': 7, 'attention_head_size': 1, 'learning_rate': 0.06710394829233102}. Best is trial 0 with value: 50.32365036010742.
[I 2023-12-27 11:06:04,354] Trial 36 finished with value: 283.5216369628906 and parameters: {'gradient_clip_val': 0.35747183670852806, 'hidden_size': 5, 'dropout': 0.46125084322750187, 'hidden_continuous_size': 5, 'attention_head_size': 3, 'learning_rate': 0.015230289518376626}. Best is trial 0 with value: 50.32365036010742.
[I 2023-12-27 11:06:04,705] Trial 37 finished with value: 215.2310333251953 and parameters: {'gradient_clip_val': 0.442168210598629, 'hidden_size': 9, 'dropout': 0.4742085623963054, 'hidden_continuous_size': 6, 'attention_head_size': 2, 'learning_rate': 0.09962407243558076}. Best is trial 0 with value: 50.32365036010742.
[I 2023-12-27 11:06:05,046] Trial 38 finished with value: 205.02960205078125 and parameters: {'gradient_clip_val': 0.5138169354769738, 'hidden_size': 16, 'dropout': 0.3865334338763128, 'hidden_continuous_size': 8, 'attention_head_size': 3, 'learning_rate': 0.0494976182062307}. Best is trial 0 with value: 50.32365036010742.
[I 2023-12-27 11:06:05,404] Trial 39 finished with value: 243.21168518066406 and parameters: {'gradient_clip_val': 0.4904859311481958, 'hidden_size': 18, 'dropout': 0.378748672737544, 'hidden_continuous_size': 8, 'attention_head_size': 4, 'learning_rate': 0.03788760047139713}. Best is trial 0 with value: 50.32365036010742.
[I 2023-12-27 11:06:05,768] Trial 40 finished with value: 233.5381622314453 and parameters: {'gradient_clip_val': 0.36242820707992357, 'hidden_size': 15, 'dropout': 0.40004286522683896, 'hidden_continuous_size': 8, 'attention_head_size': 3, 'learning_rate': 0.009260714062092034}. Best is trial 0 with value: 50.32365036010742.
[I 2023-12-27 11:06:06,153] Trial 41 finished with value: 236.0827178955078 and parameters: {'gradient_clip_val': 0.5788434592135484, 'hidden_size': 13, 'dropout': 0.422920070711795, 'hidden_continuous_size': 9, 'attention_head_size': 3, 'learning_rate': 0.05111658484913447}. Best is trial 0 with value: 50.32365036010742.
[I 2023-12-27 11:06:06,530] Trial 42 finished with value: 334.8835754394531 and parameters: {'gradient_clip_val': 0.5148150128881052, 'hidden_size': 10, 'dropout': 0.4819345425866676, 'hidden_continuous_size': 7, 'attention_head_size': 2, 'learning_rate': 0.0753018852574178}. Best is trial 0 with value: 50.32365036010742.
[I 2023-12-27 11:06:07,152] Trial 43 finished with value: 247.42054748535156 and parameters: {'gradient_clip_val': 0.620835197250257, 'hidden_size': 13, 'dropout': 0.3873013455779627, 'hidden_continuous_size': 9, 'attention_head_size': 3, 'learning_rate': 0.0571953550813741}. Best is trial 0 with value: 50.32365036010742.
[I 2023-12-27 11:06:07,710] Trial 44 finished with value: 308.1595153808594 and parameters: {'gradient_clip_val': 0.4487519258486402, 'hidden_size': 121, 'dropout': 0.4043381012303477, 'hidden_continuous_size': 44, 'attention_head_size': 4, 'learning_rate': 0.07965628720956902}. Best is trial 0 with value: 50.32365036010742.
[I 2023-12-27 11:06:08,173] Trial 45 finished with value: 238.49940490722656 and parameters: {'gradient_clip_val': 0.5259422933703162, 'hidden_size': 75, 'dropout': 0.4340102669891337, 'hidden_continuous_size': 11, 'attention_head_size': 3, 'learning_rate': 0.029446916944332734}. Best is trial 0 with value: 50.32365036010742.
[I 2023-12-27 11:06:08,571] Trial 46 finished with value: 289.1902160644531 and parameters: {'gradient_clip_val': 0.6765110878011829, 'hidden_size': 31, 'dropout': 0.4872608788300109, 'hidden_continuous_size': 11, 'attention_head_size': 2, 'learning_rate': 0.04326775402515976}. Best is trial 0 with value: 50.32365036010742.
[I 2023-12-27 11:06:08,932] Trial 47 finished with value: 215.552001953125 and parameters: {'gradient_clip_val': 0.5653511910661962, 'hidden_size': 17, 'dropout': 0.34700859742671475, 'hidden_continuous_size': 10, 'attention_head_size': 3, 'learning_rate': 0.07309799890827791}. Best is trial 0 with value: 50.32365036010742.
[I 2023-12-27 11:06:09,297] Trial 48 finished with value: 320.01251220703125 and parameters: {'gradient_clip_val': 0.4204379184747702, 'hidden_size': 21, 'dropout': 0.45887748420523433, 'hidden_continuous_size': 13, 'attention_head_size': 2, 'learning_rate': 0.02894672680023633}. Best is trial 0 with value: 50.32365036010742.
[I 2023-12-27 11:06:09,697] Trial 49 finished with value: 306.2679748535156 and parameters: {'gradient_clip_val': 0.31456819895523286, 'hidden_size': 50, 'dropout': 0.32260353169876266, 'hidden_continuous_size': 18, 'attention_head_size': 4, 'learning_rate': 0.05069540455104308}. Best is trial 0 with value: 50.32365036010742.
[I 2023-12-27 11:06:09,804] A new study created in memory with name: no-name-6ef2090d-ec3e-43c2-befd-197f80fc716b
/home/le004/conda/anaconda3/envs/tsff_env/lib/python3.9/site-packages/lightning/fabric/plugins/environments/slurm.py:191: The `srun` command is available on your system but is not used. HINT: If your intention is to run Lightning on SLURM, prepend your python command with `srun` like so: srun python /home/le004/master_thesis/git/TSFusionForecast/code/ ...
[I 2023-12-27 11:06:40,438] Trial 0 finished with value: 263.30267333984375 and parameters: {'gradient_clip_val': 0.2953410325579386, 'hidden_size': 14, 'dropout': 0.4149513056662181, 'hidden_continuous_size': 9, 'attention_head_size': 3, 'learning_rate': 0.0029905867764381134}. Best is trial 0 with value: 263.30267333984375.
[I 2023-12-27 11:06:47,178] Trial 1 finished with value: 1381.6610107421875 and parameters: {'gradient_clip_val': 0.2633808415728218, 'hidden_size': 13, 'dropout': 0.4211125448718791, 'hidden_continuous_size': 10, 'attention_head_size': 2, 'learning_rate': 0.001940686872108723}. Best is trial 0 with value: 263.30267333984375.
[I 2023-12-27 11:06:47,590] Trial 2 finished with value: 1603.1002197265625 and parameters: {'gradient_clip_val': 0.7373200164759064, 'hidden_size': 74, 'dropout': 0.20563588813901848, 'hidden_continuous_size': 6, 'attention_head_size': 3, 'learning_rate': 0.03966378794735044}. Best is trial 0 with value: 263.30267333984375.
[I 2023-12-27 11:06:48,124] Trial 3 finished with value: 1032.3621826171875 and parameters: {'gradient_clip_val': 0.11007705866447101, 'hidden_size': 22, 'dropout': 0.21997484792795002, 'hidden_continuous_size': 8, 'attention_head_size': 3, 'learning_rate': 0.08187611772465338}. Best is trial 0 with value: 263.30267333984375.
[I 2023-12-27 11:06:48,423] Trial 4 finished with value: 1370.67578125 and parameters: {'gradient_clip_val': 0.8287542184703074, 'hidden_size': 5, 'dropout': 0.4168446961923634, 'hidden_continuous_size': 5, 'attention_head_size': 4, 'learning_rate': 0.014050720068930454}. Best is trial 0 with value: 263.30267333984375.
[I 2023-12-27 11:06:48,945] Trial 5 finished with value: 1070.365478515625 and parameters: {'gradient_clip_val': 0.1551602254880152, 'hidden_size': 141, 'dropout': 0.39729813592862784, 'hidden_continuous_size': 6, 'attention_head_size': 3, 'learning_rate': 0.022209235012624767}. Best is trial 0 with value: 263.30267333984375.
[I 2023-12-27 11:06:49,260] Trial 6 finished with value: 930.238037109375 and parameters: {'gradient_clip_val': 0.44674812722344737, 'hidden_size': 8, 'dropout': 0.38671182048619, 'hidden_continuous_size': 6, 'attention_head_size': 1, 'learning_rate': 0.0015075282655025155}. Best is trial 0 with value: 263.30267333984375.
[I 2023-12-27 11:06:49,665] Trial 7 finished with value: 1022.1209106445312 and parameters: {'gradient_clip_val': 0.10154221933082538, 'hidden_size': 75, 'dropout': 0.11238296294174832, 'hidden_continuous_size': 6, 'attention_head_size': 2, 'learning_rate': 0.03424249824520606}. Best is trial 0 with value: 263.30267333984375.
[I 2023-12-27 11:06:49,991] Trial 8 finished with value: 1313.109619140625 and parameters: {'gradient_clip_val': 0.8380930879072493, 'hidden_size': 14, 'dropout': 0.35899134525265886, 'hidden_continuous_size': 6, 'attention_head_size': 1, 'learning_rate': 0.041727841384017854}. Best is trial 0 with value: 263.30267333984375.
[I 2023-12-27 11:06:50,339] Trial 9 finished with value: 982.7578735351562 and parameters: {'gradient_clip_val': 0.10566678682086207, 'hidden_size': 23, 'dropout': 0.3599869275952041, 'hidden_continuous_size': 13, 'attention_head_size': 2, 'learning_rate': 0.0029786511618370465}. Best is trial 0 with value: 263.30267333984375.
[I 2023-12-27 11:06:50,670] Trial 10 finished with value: 1462.47509765625 and parameters: {'gradient_clip_val': 0.26975287619472416, 'hidden_size': 5, 'dropout': 0.4834693462102281, 'hidden_continuous_size': 5, 'attention_head_size': 4, 'learning_rate': 0.0005073726433608102}. Best is trial 0 with value: 263.30267333984375.
[I 2023-12-27 11:06:51,006] Trial 11 finished with value: 1115.882568359375 and parameters: {'gradient_clip_val': 0.44946220545395804, 'hidden_size': 8, 'dropout': 0.498935995576144, 'hidden_continuous_size': 7, 'attention_head_size': 1, 'learning_rate': 0.0043504432064989385}. Best is trial 0 with value: 263.30267333984375.
[I 2023-12-27 11:06:51,366] Trial 12 finished with value: 894.052490234375 and parameters: {'gradient_clip_val': 0.37756863113323563, 'hidden_size': 11, 'dropout': 0.314538646692376, 'hidden_continuous_size': 8, 'attention_head_size': 1, 'learning_rate': 0.0014373409018792805}. Best is trial 0 with value: 263.30267333984375.
[I 2023-12-27 11:06:51,753] Trial 13 finished with value: 1348.347412109375 and parameters: {'gradient_clip_val': 0.36758965722640957, 'hidden_size': 14, 'dropout': 0.30207931766605833, 'hidden_continuous_size': 10, 'attention_head_size': 3, 'learning_rate': 0.007539589537821864}. Best is trial 0 with value: 263.30267333984375.
[I 2023-12-27 11:06:52,167] Trial 14 finished with value: 1520.0699462890625 and parameters: {'gradient_clip_val': 0.20585547604358803, 'hidden_size': 34, 'dropout': 0.3004831301414578, 'hidden_continuous_size': 18, 'attention_head_size': 2, 'learning_rate': 0.0011127948316009342}. Best is trial 0 with value: 263.30267333984375.
[I 2023-12-27 11:06:52,547] Trial 15 finished with value: 1330.3536376953125 and parameters: {'gradient_clip_val': 0.5086016989791203, 'hidden_size': 9, 'dropout': 0.3247269998383805, 'hidden_continuous_size': 7, 'attention_head_size': 4, 'learning_rate': 0.005080478343398509}. Best is trial 0 with value: 263.30267333984375.
[I 2023-12-27 11:06:52,972] Trial 16 finished with value: 1489.5716552734375 and parameters: {'gradient_clip_val': 0.31908156275986294, 'hidden_size': 29, 'dropout': 0.4516295392070629, 'hidden_continuous_size': 14, 'attention_head_size': 1, 'learning_rate': 0.0025765435252571404}. Best is trial 0 with value: 263.30267333984375.
[I 2023-12-27 11:06:53,578] Trial 17 finished with value: 1124.707763671875 and parameters: {'gradient_clip_val': 0.5554301394371574, 'hidden_size': 18, 'dropout': 0.4569750081677106, 'hidden_continuous_size': 9, 'attention_head_size': 2, 'learning_rate': 0.0008659520654777195}. Best is trial 0 with value: 263.30267333984375.
[I 2023-12-27 11:06:53,979] Trial 18 finished with value: 1010.4694213867188 and parameters: {'gradient_clip_val': 0.36930665885280417, 'hidden_size': 10, 'dropout': 0.2548327087066109, 'hidden_continuous_size': 8, 'attention_head_size': 3, 'learning_rate': 0.0071096814422965315}. Best is trial 0 with value: 263.30267333984375.
[I 2023-12-27 11:06:54,361] Trial 19 finished with value: 1312.8739013671875 and parameters: {'gradient_clip_val': 0.2200367239628984, 'hidden_size': 6, 'dropout': 0.35071108688894254, 'hidden_continuous_size': 5, 'attention_head_size': 4, 'learning_rate': 0.0017167924194769618}. Best is trial 0 with value: 263.30267333984375.
[I 2023-12-27 11:06:54,751] Trial 20 finished with value: 1386.36328125 and parameters: {'gradient_clip_val': 0.6574951657958887, 'hidden_size': 11, 'dropout': 0.43681555555039936, 'hidden_continuous_size': 8, 'attention_head_size': 1, 'learning_rate': 0.0032639543529367956}. Best is trial 0 with value: 263.30267333984375.
[I 2023-12-27 11:06:55,130] Trial 21 finished with value: 1499.99169921875 and parameters: {'gradient_clip_val': 0.4242484069730542, 'hidden_size': 7, 'dropout': 0.3933317566826957, 'hidden_continuous_size': 5, 'attention_head_size': 1, 'learning_rate': 0.0014175408552885337}. Best is trial 0 with value: 263.30267333984375.
[I 2023-12-27 11:06:55,472] Trial 22 finished with value: 1277.2725830078125 and parameters: {'gradient_clip_val': 0.9985914108014143, 'hidden_size': 8, 'dropout': 0.38641879760035003, 'hidden_continuous_size': 6, 'attention_head_size': 1, 'learning_rate': 0.0008456486539607083}. Best is trial 0 with value: 263.30267333984375.
[I 2023-12-27 11:06:55,820] Trial 23 finished with value: 1201.4693603515625 and parameters: {'gradient_clip_val': 0.5218721849490677, 'hidden_size': 7, 'dropout': 0.3745300513542567, 'hidden_continuous_size': 5, 'attention_head_size': 2, 'learning_rate': 0.0017894097957484867}. Best is trial 0 with value: 263.30267333984375.
[I 2023-12-27 11:06:56,164] Trial 24 finished with value: 1204.823486328125 and parameters: {'gradient_clip_val': 0.37196310045968756, 'hidden_size': 11, 'dropout': 0.3328010407157153, 'hidden_continuous_size': 7, 'attention_head_size': 1, 'learning_rate': 0.002437798426461227}. Best is trial 0 with value: 263.30267333984375.
[I 2023-12-27 11:06:56,529] Trial 25 finished with value: 1441.99609375 and parameters: {'gradient_clip_val': 0.30211774749283854, 'hidden_size': 15, 'dropout': 0.4119727994171949, 'hidden_continuous_size': 9, 'attention_head_size': 2, 'learning_rate': 0.001245876364169597}. Best is trial 0 with value: 263.30267333984375.
[I 2023-12-27 11:06:56,884] Trial 26 finished with value: 1335.4888916015625 and parameters: {'gradient_clip_val': 0.4409231989198787, 'hidden_size': 10, 'dropout': 0.4638421158655824, 'hidden_continuous_size': 7, 'attention_head_size': 3, 'learning_rate': 0.003602312017449094}. Best is trial 0 with value: 263.30267333984375.
[I 2023-12-27 11:06:57,262] Trial 27 finished with value: 1214.6680908203125 and parameters: {'gradient_clip_val': 0.6049897638978584, 'hidden_size': 18, 'dropout': 0.4299729352481688, 'hidden_continuous_size': 10, 'attention_head_size': 1, 'learning_rate': 0.0005036632903643013}. Best is trial 0 with value: 263.30267333984375.
