[I 2023-12-27 11:17:52,535] Trial 40 finished with value: 37.68648147583008 and parameters: {'gradient_clip_val': 0.4316937343784478, 'hidden_size': 5, 'dropout': 0.28072423744911773, 'hidden_continuous_size': 5, 'attention_head_size': 1, 'learning_rate': 0.0553974042951814}. Best is trial 0 with value: 11.51544189453125.
[I 2023-12-27 11:17:52,916] Trial 41 finished with value: 34.82709884643555 and parameters: {'gradient_clip_val': 0.9762094303865755, 'hidden_size': 11, 'dropout': 0.21984196752021473, 'hidden_continuous_size': 8, 'attention_head_size': 1, 'learning_rate': 0.09219138872074754}. Best is trial 0 with value: 11.51544189453125.
[I 2023-12-27 11:17:53,289] Trial 42 finished with value: 33.15904998779297 and parameters: {'gradient_clip_val': 0.48452098746961775, 'hidden_size': 14, 'dropout': 0.18075702238879454, 'hidden_continuous_size': 7, 'attention_head_size': 1, 'learning_rate': 0.040075678592255075}. Best is trial 0 with value: 11.51544189453125.
[I 2023-12-27 11:17:53,664] Trial 43 finished with value: 38.549991607666016 and parameters: {'gradient_clip_val': 0.7369275414287076, 'hidden_size': 18, 'dropout': 0.2613883354233286, 'hidden_continuous_size': 10, 'attention_head_size': 1, 'learning_rate': 0.06660520082173922}. Best is trial 0 with value: 11.51544189453125.
[I 2023-12-27 11:17:54,040] Trial 44 finished with value: 36.47650146484375 and parameters: {'gradient_clip_val': 0.5982429980354806, 'hidden_size': 22, 'dropout': 0.10734999005429523, 'hidden_continuous_size': 10, 'attention_head_size': 2, 'learning_rate': 0.09942837788754233}. Best is trial 0 with value: 11.51544189453125.
[I 2023-12-27 11:17:54,409] Trial 45 finished with value: 23.70551109313965 and parameters: {'gradient_clip_val': 0.8291738174861759, 'hidden_size': 6, 'dropout': 0.18844937682148982, 'hidden_continuous_size': 5, 'attention_head_size': 1, 'learning_rate': 0.0729027441101696}. Best is trial 0 with value: 11.51544189453125.
[I 2023-12-27 11:17:54,772] Trial 46 finished with value: 26.796714782714844 and parameters: {'gradient_clip_val': 0.8628521814368753, 'hidden_size': 6, 'dropout': 0.1823911997046092, 'hidden_continuous_size': 5, 'attention_head_size': 1, 'learning_rate': 0.0683648265070944}. Best is trial 0 with value: 11.51544189453125.
[I 2023-12-27 11:17:55,163] Trial 47 finished with value: 39.1396369934082 and parameters: {'gradient_clip_val': 0.33323879618090857, 'hidden_size': 8, 'dropout': 0.15668120722571838, 'hidden_continuous_size': 5, 'attention_head_size': 4, 'learning_rate': 0.04070819449766746}. Best is trial 0 with value: 11.51544189453125.
[I 2023-12-27 11:17:55,527] Trial 48 finished with value: 34.00566482543945 and parameters: {'gradient_clip_val': 0.7087297286919324, 'hidden_size': 6, 'dropout': 0.245916382811516, 'hidden_continuous_size': 5, 'attention_head_size': 3, 'learning_rate': 0.020628230544889544}. Best is trial 0 with value: 11.51544189453125.
[I 2023-12-27 11:17:55,914] Trial 49 finished with value: 45.99964904785156 and parameters: {'gradient_clip_val': 0.6424493563156378, 'hidden_size': 13, 'dropout': 0.2738335352239485, 'hidden_continuous_size': 7, 'attention_head_size': 2, 'learning_rate': 0.07481493119126023}. Best is trial 0 with value: 11.51544189453125.
[I 2023-12-27 11:17:56,026] A new study created in memory with name: no-name-3a8ee6fb-c75b-48ed-b8bf-3466f40d6021
/home/le004/conda/anaconda3/envs/tsff_env/lib/python3.9/site-packages/lightning/fabric/plugins/environments/slurm.py:191: The `srun` command is available on your system but is not used. HINT: If your intention is to run Lightning on SLURM, prepend your python command with `srun` like so: srun python /home/le004/master_thesis/git/TSFusionForecast/code/ ...
[I 2023-12-27 11:18:23,192] Trial 0 finished with value: 6.290505886077881 and parameters: {'gradient_clip_val': 0.4526931497928054, 'hidden_size': 70, 'dropout': 0.45618818345371903, 'hidden_continuous_size': 23, 'attention_head_size': 4, 'learning_rate': 0.015895325816996816}. Best is trial 0 with value: 6.290505886077881.
[I 2023-12-27 11:18:23,788] Trial 1 finished with value: 21.0489501953125 and parameters: {'gradient_clip_val': 0.9083861755864214, 'hidden_size': 141, 'dropout': 0.14482781792961777, 'hidden_continuous_size': 44, 'attention_head_size': 3, 'learning_rate': 0.06215037940595228}. Best is trial 0 with value: 6.290505886077881.
[I 2023-12-27 11:18:24,175] Trial 2 finished with value: 15.559998512268066 and parameters: {'gradient_clip_val': 0.3278213756019958, 'hidden_size': 15, 'dropout': 0.11446860688519803, 'hidden_continuous_size': 14, 'attention_head_size': 4, 'learning_rate': 0.008380057581481302}. Best is trial 0 with value: 6.290505886077881.
[I 2023-12-27 11:18:24,561] Trial 3 finished with value: 15.002245903015137 and parameters: {'gradient_clip_val': 0.45499743922897384, 'hidden_size': 25, 'dropout': 0.2663460010360933, 'hidden_continuous_size': 14, 'attention_head_size': 2, 'learning_rate': 0.000796784927936582}. Best is trial 0 with value: 6.290505886077881.
[I 2023-12-27 11:18:24,922] Trial 4 finished with value: 19.191553115844727 and parameters: {'gradient_clip_val': 0.5797134179242297, 'hidden_size': 17, 'dropout': 0.3546442064578378, 'hidden_continuous_size': 16, 'attention_head_size': 1, 'learning_rate': 0.0057512095069335335}. Best is trial 0 with value: 6.290505886077881.
[I 2023-12-27 11:18:25,313] Trial 5 finished with value: 19.394317626953125 and parameters: {'gradient_clip_val': 0.9842942873970016, 'hidden_size': 29, 'dropout': 0.4110449211937194, 'hidden_continuous_size': 11, 'attention_head_size': 3, 'learning_rate': 0.038522841316958836}. Best is trial 0 with value: 6.290505886077881.
[I 2023-12-27 11:18:25,694] Trial 6 finished with value: 14.568058967590332 and parameters: {'gradient_clip_val': 0.18001795641207302, 'hidden_size': 33, 'dropout': 0.44243272100298636, 'hidden_continuous_size': 24, 'attention_head_size': 1, 'learning_rate': 0.0005178833592834875}. Best is trial 0 with value: 6.290505886077881.
[I 2023-12-27 11:18:26,103] Trial 7 finished with value: 17.425046920776367 and parameters: {'gradient_clip_val': 0.6968359484345961, 'hidden_size': 43, 'dropout': 0.3495663134273804, 'hidden_continuous_size': 37, 'attention_head_size': 2, 'learning_rate': 0.00988082114475988}. Best is trial 0 with value: 6.290505886077881.
[I 2023-12-27 11:18:26,464] Trial 8 finished with value: 16.663562774658203 and parameters: {'gradient_clip_val': 0.16693194518616514, 'hidden_size': 16, 'dropout': 0.38348736604363554, 'hidden_continuous_size': 11, 'attention_head_size': 4, 'learning_rate': 0.04032242097800612}. Best is trial 0 with value: 6.290505886077881.
[I 2023-12-27 11:18:26,838] Trial 9 finished with value: 22.607885360717773 and parameters: {'gradient_clip_val': 0.3965845615759423, 'hidden_size': 20, 'dropout': 0.3735230362546561, 'hidden_continuous_size': 14, 'attention_head_size': 4, 'learning_rate': 0.03654443717424222}. Best is trial 0 with value: 6.290505886077881.
[I 2023-12-27 11:18:27,181] Trial 10 finished with value: 22.22716522216797 and parameters: {'gradient_clip_val': 0.23939676133819315, 'hidden_size': 5, 'dropout': 0.49816636518865864, 'hidden_continuous_size': 5, 'attention_head_size': 3, 'learning_rate': 0.0023698375642322135}. Best is trial 0 with value: 6.290505886077881.
[I 2023-12-27 11:18:27,649] Trial 11 finished with value: 12.394927978515625 and parameters: {'gradient_clip_val': 0.12946925444767815, 'hidden_size': 73, 'dropout': 0.4852923692738302, 'hidden_continuous_size': 29, 'attention_head_size': 1, 'learning_rate': 0.0005354516877825062}. Best is trial 0 with value: 6.290505886077881.
[I 2023-12-27 11:18:28,156] Trial 12 finished with value: 24.33512306213379 and parameters: {'gradient_clip_val': 0.11064237253715853, 'hidden_size': 82, 'dropout': 0.4978518090598564, 'hidden_continuous_size': 76, 'attention_head_size': 2, 'learning_rate': 0.0013926037040815852}. Best is trial 0 with value: 6.290505886077881.
[I 2023-12-27 11:18:28,858] Trial 13 finished with value: 16.4160213470459 and parameters: {'gradient_clip_val': 0.10408444508254594, 'hidden_size': 64, 'dropout': 0.45562548700269384, 'hidden_continuous_size': 26, 'attention_head_size': 1, 'learning_rate': 0.0031785614242466533}. Best is trial 0 with value: 6.290505886077881.
[I 2023-12-27 11:18:29,506] Trial 14 finished with value: 19.25193214416504 and parameters: {'gradient_clip_val': 0.2719553105254019, 'hidden_size': 123, 'dropout': 0.43562017238051115, 'hidden_continuous_size': 118, 'attention_head_size': 3, 'learning_rate': 0.015527119384400684}. Best is trial 0 with value: 6.290505886077881.
[I 2023-12-27 11:18:29,956] Trial 15 finished with value: 15.236934661865234 and parameters: {'gradient_clip_val': 0.4571589752915013, 'hidden_size': 64, 'dropout': 0.4981885288152553, 'hidden_continuous_size': 22, 'attention_head_size': 2, 'learning_rate': 0.0014139673095698007}. Best is trial 0 with value: 6.290505886077881.
[I 2023-12-27 11:18:30,459] Trial 16 finished with value: 20.810771942138672 and parameters: {'gradient_clip_val': 0.21505986926726106, 'hidden_size': 89, 'dropout': 0.29047225852720393, 'hidden_continuous_size': 35, 'attention_head_size': 1, 'learning_rate': 0.01809030020488589}. Best is trial 0 with value: 6.290505886077881.
[I 2023-12-27 11:18:30,894] Trial 17 finished with value: 18.06422233581543 and parameters: {'gradient_clip_val': 0.33181050153915354, 'hidden_size': 48, 'dropout': 0.4332440354370469, 'hidden_continuous_size': 20, 'attention_head_size': 4, 'learning_rate': 0.0031583151315541357}. Best is trial 0 with value: 6.290505886077881.
[I 2023-12-27 11:18:31,470] Trial 18 finished with value: 20.924835205078125 and parameters: {'gradient_clip_val': 0.14054536800897457, 'hidden_size': 106, 'dropout': 0.46165489705056423, 'hidden_continuous_size': 45, 'attention_head_size': 3, 'learning_rate': 0.004977580485231982}. Best is trial 0 with value: 6.290505886077881.
[I 2023-12-27 11:18:32,127] Trial 19 finished with value: 15.156725883483887 and parameters: {'gradient_clip_val': 0.2683397716706711, 'hidden_size': 142, 'dropout': 0.39897797808533786, 'hidden_continuous_size': 63, 'attention_head_size': 2, 'learning_rate': 0.015163658855412671}. Best is trial 0 with value: 6.290505886077881.
[I 2023-12-27 11:18:32,592] Trial 20 finished with value: 14.868819236755371 and parameters: {'gradient_clip_val': 0.13223435413052417, 'hidden_size': 69, 'dropout': 0.342263740394114, 'hidden_continuous_size': 29, 'attention_head_size': 1, 'learning_rate': 0.0005075439719066464}. Best is trial 0 with value: 6.290505886077881.
[I 2023-12-27 11:18:33,027] Trial 21 finished with value: 17.275774002075195 and parameters: {'gradient_clip_val': 0.18894812869759905, 'hidden_size': 42, 'dropout': 0.4642293521207808, 'hidden_continuous_size': 21, 'attention_head_size': 1, 'learning_rate': 0.0005370191759270286}. Best is trial 0 with value: 6.290505886077881.
[I 2023-12-27 11:18:33,560] Trial 22 finished with value: 15.4772310256958 and parameters: {'gradient_clip_val': 0.16477550110789072, 'hidden_size': 98, 'dropout': 0.4163414735311005, 'hidden_continuous_size': 29, 'attention_head_size': 1, 'learning_rate': 0.0009727022834047916}. Best is trial 0 with value: 6.290505886077881.
[I 2023-12-27 11:18:34,007] Trial 23 finished with value: 15.303418159484863 and parameters: {'gradient_clip_val': 0.20758231082782108, 'hidden_size': 54, 'dropout': 0.4608701200969278, 'hidden_continuous_size': 25, 'attention_head_size': 1, 'learning_rate': 0.0008557818649345506}. Best is trial 0 with value: 6.290505886077881.
[I 2023-12-27 11:18:34,419] Trial 24 finished with value: 13.081764221191406 and parameters: {'gradient_clip_val': 0.12554919296193393, 'hidden_size': 35, 'dropout': 0.40862882565549097, 'hidden_continuous_size': 19, 'attention_head_size': 2, 'learning_rate': 0.001673750604760492}. Best is trial 0 with value: 6.290505886077881.
[I 2023-12-27 11:18:34,898] Trial 25 finished with value: 22.885351181030273 and parameters: {'gradient_clip_val': 0.12634117789241295, 'hidden_size': 81, 'dropout': 0.40952316201314576, 'hidden_continuous_size': 19, 'attention_head_size': 2, 'learning_rate': 0.002363295843696983}. Best is trial 0 with value: 6.290505886077881.
[I 2023-12-27 11:18:35,317] Trial 26 finished with value: 21.579200744628906 and parameters: {'gradient_clip_val': 0.10159344056893894, 'hidden_size': 38, 'dropout': 0.468299201215105, 'hidden_continuous_size': 16, 'attention_head_size': 2, 'learning_rate': 0.0016989007141382131}. Best is trial 0 with value: 6.290505886077881.
[I 2023-12-27 11:18:36,071] Trial 27 finished with value: 14.865160942077637 and parameters: {'gradient_clip_val': 0.13317629027508604, 'hidden_size': 57, 'dropout': 0.4157086354213334, 'hidden_continuous_size': 19, 'attention_head_size': 3, 'learning_rate': 0.0010997249908552395}. Best is trial 0 with value: 6.290505886077881.
[I 2023-12-27 11:18:36,619] Trial 28 finished with value: 20.807777404785156 and parameters: {'gradient_clip_val': 0.11883414886342301, 'hidden_size': 108, 'dropout': 0.47679550778526364, 'hidden_continuous_size': 33, 'attention_head_size': 4, 'learning_rate': 0.0007339307152134317}. Best is trial 0 with value: 6.290505886077881.
[I 2023-12-27 11:18:37,093] Trial 29 finished with value: 17.3779239654541 and parameters: {'gradient_clip_val': 0.1489351221573924, 'hidden_size': 51, 'dropout': 0.4349304466584971, 'hidden_continuous_size': 23, 'attention_head_size': 2, 'learning_rate': 0.004262690090176837}. Best is trial 0 with value: 6.290505886077881.
[I 2023-12-27 11:18:37,708] Trial 30 finished with value: 21.518600463867188 and parameters: {'gradient_clip_val': 0.15888493098135922, 'hidden_size': 133, 'dropout': 0.2314323864545188, 'hidden_continuous_size': 43, 'attention_head_size': 3, 'learning_rate': 0.0017252698331341801}. Best is trial 0 with value: 6.290505886077881.
[I 2023-12-27 11:18:38,109] Trial 31 finished with value: 11.463034629821777 and parameters: {'gradient_clip_val': 0.11774701330104183, 'hidden_size': 34, 'dropout': 0.4391842423511483, 'hidden_continuous_size': 19, 'attention_head_size': 1, 'learning_rate': 0.0006700624182209139}. Best is trial 0 with value: 6.290505886077881.
[I 2023-12-27 11:18:38,515] Trial 32 finished with value: 25.876251220703125 and parameters: {'gradient_clip_val': 0.11653227083290396, 'hidden_size': 36, 'dropout': 0.4820953929707313, 'hidden_continuous_size': 18, 'attention_head_size': 1, 'learning_rate': 0.001168628997646958}. Best is trial 0 with value: 6.290505886077881.
[I 2023-12-27 11:18:38,923] Trial 33 finished with value: 16.918859481811523 and parameters: {'gradient_clip_val': 0.12172629433555565, 'hidden_size': 26, 'dropout': 0.4360843090374479, 'hidden_continuous_size': 17, 'attention_head_size': 1, 'learning_rate': 0.0007180902246910777}. Best is trial 0 with value: 6.290505886077881.
[I 2023-12-27 11:18:39,412] Trial 34 finished with value: 22.401227951049805 and parameters: {'gradient_clip_val': 0.1456505421792724, 'hidden_size': 73, 'dropout': 0.38040608240173146, 'hidden_continuous_size': 28, 'attention_head_size': 2, 'learning_rate': 0.0007257436069348216}. Best is trial 0 with value: 6.290505886077881.
[I 2023-12-27 11:18:39,859] Trial 35 finished with value: 19.534168243408203 and parameters: {'gradient_clip_val': 0.14652261988680512, 'hidden_size': 49, 'dropout': 0.4462088555088884, 'hidden_continuous_size': 22, 'attention_head_size': 1, 'learning_rate': 0.0010898562463456023}. Best is trial 0 with value: 6.290505886077881.
[I 2023-12-27 11:18:40,269] Trial 36 finished with value: 18.098413467407227 and parameters: {'gradient_clip_val': 0.10044945678309532, 'hidden_size': 32, 'dropout': 0.4794471563430504, 'hidden_continuous_size': 15, 'attention_head_size': 2, 'learning_rate': 0.0006018941659849561}. Best is trial 0 with value: 6.290505886077881.
[I 2023-12-27 11:18:40,672] Trial 37 finished with value: 15.177092552185059 and parameters: {'gradient_clip_val': 0.18479179658588638, 'hidden_size': 22, 'dropout': 0.39621082359604765, 'hidden_continuous_size': 13, 'attention_head_size': 1, 'learning_rate': 0.0008707615317675601}. Best is trial 0 with value: 6.290505886077881.
[I 2023-12-27 11:18:41,094] Trial 38 finished with value: 19.049789428710938 and parameters: {'gradient_clip_val': 0.12306770230455932, 'hidden_size': 40, 'dropout': 0.3665883170370512, 'hidden_continuous_size': 18, 'attention_head_size': 4, 'learning_rate': 0.008030668276809542}. Best is trial 0 with value: 6.290505886077881.
[I 2023-12-27 11:18:41,537] Trial 39 finished with value: 21.231706619262695 and parameters: {'gradient_clip_val': 0.11099964778119639, 'hidden_size': 30, 'dropout': 0.3390170545629293, 'hidden_continuous_size': 20, 'attention_head_size': 2, 'learning_rate': 0.0006518196659345273}. Best is trial 0 with value: 6.290505886077881.
[I 2023-12-27 11:18:41,996] Trial 40 finished with value: 16.037696838378906 and parameters: {'gradient_clip_val': 0.16567085048707814, 'hidden_size': 59, 'dropout': 0.417883848899405, 'hidden_continuous_size': 24, 'attention_head_size': 1, 'learning_rate': 0.0008807416441314381}. Best is trial 0 with value: 6.290505886077881.
[I 2023-12-27 11:18:42,715] Trial 41 finished with value: 16.384859085083008 and parameters: {'gradient_clip_val': 0.12866218066072108, 'hidden_size': 33, 'dropout': 0.44798128179736163, 'hidden_continuous_size': 21, 'attention_head_size': 1, 'learning_rate': 0.0006754061402811517}. Best is trial 0 with value: 6.290505886077881.
[I 2023-12-27 11:18:43,119] Trial 42 finished with value: 17.271947860717773 and parameters: {'gradient_clip_val': 0.1799294359650098, 'hidden_size': 27, 'dropout': 0.47766011109825385, 'hidden_continuous_size': 16, 'attention_head_size': 1, 'learning_rate': 0.0005157471472618968}. Best is trial 0 with value: 6.290505886077881.
[I 2023-12-27 11:18:43,556] Trial 43 finished with value: 11.94507884979248 and parameters: {'gradient_clip_val': 0.14784974199897255, 'hidden_size': 43, 'dropout': 0.45070161534238445, 'hidden_continuous_size': 25, 'attention_head_size': 1, 'learning_rate': 0.0005125989449290508}. Best is trial 0 with value: 6.290505886077881.
[I 2023-12-27 11:18:44,000] Trial 44 finished with value: 22.88660430908203 and parameters: {'gradient_clip_val': 0.11247342602020616, 'hidden_size': 46, 'dropout': 0.42568593183278447, 'hidden_continuous_size': 25, 'attention_head_size': 1, 'learning_rate': 0.0005069922595030649}. Best is trial 0 with value: 6.290505886077881.
[I 2023-12-27 11:18:44,440] Trial 45 finished with value: 11.496604919433594 and parameters: {'gradient_clip_val': 0.13963628136585945, 'hidden_size': 42, 'dropout': 0.449208195520368, 'hidden_continuous_size': 22, 'attention_head_size': 1, 'learning_rate': 0.0011875676417659655}. Best is trial 0 with value: 6.290505886077881.
[I 2023-12-27 11:18:44,923] Trial 46 finished with value: 21.61492347717285 and parameters: {'gradient_clip_val': 0.1541470900945556, 'hidden_size': 74, 'dropout': 0.496533174714783, 'hidden_continuous_size': 31, 'attention_head_size': 1, 'learning_rate': 0.0008941653108960871}. Best is trial 0 with value: 6.290505886077881.
[I 2023-12-27 11:18:45,398] Trial 47 finished with value: 25.50372314453125 and parameters: {'gradient_clip_val': 0.5156368113637332, 'hidden_size': 61, 'dropout': 0.44935890158187347, 'hidden_continuous_size': 27, 'attention_head_size': 1, 'learning_rate': 0.0006655515626616886}. Best is trial 0 with value: 6.290505886077881.
[I 2023-12-27 11:18:45,828] Trial 48 finished with value: 17.55706024169922 and parameters: {'gradient_clip_val': 0.14097544858657096, 'hidden_size': 43, 'dropout': 0.45307348331586933, 'hidden_continuous_size': 22, 'attention_head_size': 1, 'learning_rate': 0.0011770074397480842}. Best is trial 0 with value: 6.290505886077881.
[I 2023-12-27 11:18:46,279] Trial 49 finished with value: 16.17392921447754 and parameters: {'gradient_clip_val': 0.35578156322470333, 'hidden_size': 53, 'dropout': 0.3939598796343226, 'hidden_continuous_size': 24, 'attention_head_size': 4, 'learning_rate': 0.0006328339363106746}. Best is trial 0 with value: 6.290505886077881.
[I 2023-12-27 11:18:46,400] A new study created in memory with name: no-name-70321500-5b54-4268-857f-1ecb675e1dc4
/home/le004/conda/anaconda3/envs/tsff_env/lib/python3.9/site-packages/lightning/fabric/plugins/environments/slurm.py:191: The `srun` command is available on your system but is not used. HINT: If your intention is to run Lightning on SLURM, prepend your python command with `srun` like so: srun python /home/le004/master_thesis/git/TSFusionForecast/code/ ...
[I 2023-12-27 11:19:15,294] Trial 0 finished with value: 28.08787727355957 and parameters: {'gradient_clip_val': 0.5803417935697615, 'hidden_size': 5, 'dropout': 0.1627469808559116, 'hidden_continuous_size': 5, 'attention_head_size': 4, 'learning_rate': 0.0011852216042078027}. Best is trial 0 with value: 28.08787727355957.
[I 2023-12-27 11:19:31,870] Trial 1 finished with value: 35.96870422363281 and parameters: {'gradient_clip_val': 0.10009864606133406, 'hidden_size': 96, 'dropout': 0.291338961920066, 'hidden_continuous_size': 48, 'attention_head_size': 4, 'learning_rate': 0.0005824533395412894}. Best is trial 0 with value: 28.08787727355957.
[I 2023-12-27 11:19:32,373] Trial 2 finished with value: 50.67795944213867 and parameters: {'gradient_clip_val': 0.16591676024655144, 'hidden_size': 107, 'dropout': 0.1876873298418727, 'hidden_continuous_size': 45, 'attention_head_size': 4, 'learning_rate': 0.06325949624668645}. Best is trial 0 with value: 28.08787727355957.
[I 2023-12-27 11:19:32,717] Trial 3 finished with value: 65.03870391845703 and parameters: {'gradient_clip_val': 0.7761104515124468, 'hidden_size': 8, 'dropout': 0.17446089589939306, 'hidden_continuous_size': 8, 'attention_head_size': 4, 'learning_rate': 0.012123332478875431}. Best is trial 0 with value: 28.08787727355957.
