[I 2023-12-27 11:09:27,770] Trial 24 finished with value: 3666.133544921875 and parameters: {'gradient_clip_val': 0.22155927901438657, 'hidden_size': 21, 'dropout': 0.10262705106668235, 'hidden_continuous_size': 6, 'attention_head_size': 4, 'learning_rate': 0.003288775279718896}. Best is trial 1 with value: 696.4833984375.
LOCAL_RANK: 0 - CUDA_VISIBLE_DEVICES: [0]
[I 2023-12-27 11:09:28,273] Trial 25 finished with value: 3586.002685546875 and parameters: {'gradient_clip_val': 0.444896443728677, 'hidden_size': 37, 'dropout': 0.20801875366809466, 'hidden_continuous_size': 10, 'attention_head_size': 3, 'learning_rate': 0.0018087368688949133}. Best is trial 1 with value: 696.4833984375.
LOCAL_RANK: 0 - CUDA_VISIBLE_DEVICES: [0]
[I 2023-12-27 11:09:28,747] Trial 26 finished with value: 4099.1015625 and parameters: {'gradient_clip_val': 0.5214940565570622, 'hidden_size': 30, 'dropout': 0.2753623814877678, 'hidden_continuous_size': 7, 'attention_head_size': 4, 'learning_rate': 0.0009528969116934475}. Best is trial 1 with value: 696.4833984375.
LOCAL_RANK: 0 - CUDA_VISIBLE_DEVICES: [0]
[I 2023-12-27 11:09:29,256] Trial 27 finished with value: 3079.496826171875 and parameters: {'gradient_clip_val': 0.6291666649746221, 'hidden_size': 66, 'dropout': 0.15782504554606963, 'hidden_continuous_size': 13, 'attention_head_size': 2, 'learning_rate': 0.0059561126518446455}. Best is trial 1 with value: 696.4833984375.
LOCAL_RANK: 0 - CUDA_VISIBLE_DEVICES: [0]
[I 2023-12-27 11:09:29,762] Trial 28 finished with value: 4211.080078125 and parameters: {'gradient_clip_val': 0.8057007703608607, 'hidden_size': 93, 'dropout': 0.16236674152002573, 'hidden_continuous_size': 17, 'attention_head_size': 2, 'learning_rate': 0.0022968027786167975}. Best is trial 1 with value: 696.4833984375.
LOCAL_RANK: 0 - CUDA_VISIBLE_DEVICES: [0]
[I 2023-12-27 11:09:30,279] Trial 29 finished with value: 3493.668212890625 and parameters: {'gradient_clip_val': 0.9856056282057597, 'hidden_size': 67, 'dropout': 0.1368150134341585, 'hidden_continuous_size': 19, 'attention_head_size': 2, 'learning_rate': 0.000768711246199311}. Best is trial 1 with value: 696.4833984375.
LOCAL_RANK: 0 - CUDA_VISIBLE_DEVICES: [0]
[I 2023-12-27 11:09:30,781] Trial 30 finished with value: 3965.018798828125 and parameters: {'gradient_clip_val': 0.7128443260421805, 'hidden_size': 49, 'dropout': 0.3131482399664072, 'hidden_continuous_size': 13, 'attention_head_size': 2, 'learning_rate': 0.0012171858891800679}. Best is trial 1 with value: 696.4833984375.
LOCAL_RANK: 0 - CUDA_VISIBLE_DEVICES: [0]
[I 2023-12-27 11:09:31,290] Trial 31 finished with value: 3353.358154296875 and parameters: {'gradient_clip_val': 0.5916994230865917, 'hidden_size': 70, 'dropout': 0.17894241085740528, 'hidden_continuous_size': 10, 'attention_head_size': 3, 'learning_rate': 0.0053848026846162475}. Best is trial 1 with value: 696.4833984375.
LOCAL_RANK: 0 - CUDA_VISIBLE_DEVICES: [0]
[I 2023-12-27 11:09:31,807] Trial 32 finished with value: 3998.036376953125 and parameters: {'gradient_clip_val': 0.38753679029563404, 'hidden_size': 99, 'dropout': 0.14239914998572945, 'hidden_continuous_size': 20, 'attention_head_size': 4, 'learning_rate': 0.006515811186689573}. Best is trial 1 with value: 696.4833984375.
LOCAL_RANK: 0 - CUDA_VISIBLE_DEVICES: [0]
[I 2023-12-27 11:09:32,563] Trial 33 finished with value: 3934.20703125 and parameters: {'gradient_clip_val': 0.27839066937713747, 'hidden_size': 54, 'dropout': 0.21225780968090746, 'hidden_continuous_size': 13, 'attention_head_size': 2, 'learning_rate': 0.0035132043723147682}. Best is trial 1 with value: 696.4833984375.
LOCAL_RANK: 0 - CUDA_VISIBLE_DEVICES: [0]
[I 2023-12-27 11:09:33,057] Trial 34 finished with value: 3647.705810546875 and parameters: {'gradient_clip_val': 0.33511391577842004, 'hidden_size': 26, 'dropout': 0.179352418050934, 'hidden_continuous_size': 9, 'attention_head_size': 3, 'learning_rate': 0.008469733321813241}. Best is trial 1 with value: 696.4833984375.
LOCAL_RANK: 0 - CUDA_VISIBLE_DEVICES: [0]
[I 2023-12-27 11:09:33,551] Trial 35 finished with value: 3676.490966796875 and parameters: {'gradient_clip_val': 0.6431896693979865, 'hidden_size': 124, 'dropout': 0.2633166491602924, 'hidden_continuous_size': 23, 'attention_head_size': 1, 'learning_rate': 0.004329668898511417}. Best is trial 1 with value: 696.4833984375.
LOCAL_RANK: 0 - CUDA_VISIBLE_DEVICES: [0]
[I 2023-12-27 11:09:34,041] Trial 36 finished with value: 3486.085205078125 and parameters: {'gradient_clip_val': 0.36233327959334316, 'hidden_size': 60, 'dropout': 0.249819453895182, 'hidden_continuous_size': 14, 'attention_head_size': 4, 'learning_rate': 0.012537754091902619}. Best is trial 1 with value: 696.4833984375.
LOCAL_RANK: 0 - CUDA_VISIBLE_DEVICES: [0]
[I 2023-12-27 11:09:34,524] Trial 37 finished with value: 3217.838623046875 and parameters: {'gradient_clip_val': 0.820146956325028, 'hidden_size': 45, 'dropout': 0.22217395547029611, 'hidden_continuous_size': 11, 'attention_head_size': 3, 'learning_rate': 0.006476352042033964}. Best is trial 1 with value: 696.4833984375.
LOCAL_RANK: 0 - CUDA_VISIBLE_DEVICES: [0]
[I 2023-12-27 11:09:35,005] Trial 38 finished with value: 4471.04052734375 and parameters: {'gradient_clip_val': 0.29425391728300765, 'hidden_size': 20, 'dropout': 0.3629499362997344, 'hidden_continuous_size': 9, 'attention_head_size': 4, 'learning_rate': 0.00815127316693305}. Best is trial 1 with value: 696.4833984375.
LOCAL_RANK: 0 - CUDA_VISIBLE_DEVICES: [0]
[I 2023-12-27 11:09:35,499] Trial 39 finished with value: 4101.18701171875 and parameters: {'gradient_clip_val': 0.33001167737375814, 'hidden_size': 32, 'dropout': 0.19170772855755192, 'hidden_continuous_size': 12, 'attention_head_size': 2, 'learning_rate': 0.0005173736884888339}. Best is trial 1 with value: 696.4833984375.
LOCAL_RANK: 0 - CUDA_VISIBLE_DEVICES: [0]
[I 2023-12-27 11:09:35,999] Trial 40 finished with value: 3387.641845703125 and parameters: {'gradient_clip_val': 0.17383832741511013, 'hidden_size': 16, 'dropout': 0.23080609118829698, 'hidden_continuous_size': 5, 'attention_head_size': 1, 'learning_rate': 0.01873342121772566}. Best is trial 1 with value: 696.4833984375.
LOCAL_RANK: 0 - CUDA_VISIBLE_DEVICES: [0]
[I 2023-12-27 11:09:36,518] Trial 41 finished with value: 3707.760009765625 and parameters: {'gradient_clip_val': 0.673483554064052, 'hidden_size': 81, 'dropout': 0.2836808525917518, 'hidden_continuous_size': 31, 'attention_head_size': 4, 'learning_rate': 0.0006752347055585888}. Best is trial 1 with value: 696.4833984375.
LOCAL_RANK: 0 - CUDA_VISIBLE_DEVICES: [0]
[I 2023-12-27 11:09:37,024] Trial 42 finished with value: 3939.119873046875 and parameters: {'gradient_clip_val': 0.7838866463382963, 'hidden_size': 95, 'dropout': 0.2545006559923261, 'hidden_continuous_size': 27, 'attention_head_size': 4, 'learning_rate': 0.000527195577729787}. Best is trial 1 with value: 696.4833984375.
LOCAL_RANK: 0 - CUDA_VISIBLE_DEVICES: [0]
[I 2023-12-27 11:09:37,524] Trial 43 finished with value: 3129.822509765625 and parameters: {'gradient_clip_val': 0.7011293911706205, 'hidden_size': 55, 'dropout': 0.2972291028739362, 'hidden_continuous_size': 16, 'attention_head_size': 4, 'learning_rate': 0.000789807849696836}. Best is trial 1 with value: 696.4833984375.
LOCAL_RANK: 0 - CUDA_VISIBLE_DEVICES: [0]
[I 2023-12-27 11:09:37,994] Trial 44 finished with value: 3170.944091796875 and parameters: {'gradient_clip_val': 0.535219345466787, 'hidden_size': 55, 'dropout': 0.30749020526254894, 'hidden_continuous_size': 16, 'attention_head_size': 4, 'learning_rate': 0.0008126462603227677}. Best is trial 1 with value: 696.4833984375.
LOCAL_RANK: 0 - CUDA_VISIBLE_DEVICES: [0]
[I 2023-12-27 11:09:38,496] Trial 45 finished with value: 3518.666748046875 and parameters: {'gradient_clip_val': 0.8643894302021419, 'hidden_size': 44, 'dropout': 0.34356067924919326, 'hidden_continuous_size': 15, 'attention_head_size': 3, 'learning_rate': 0.0027804222869616075}. Best is trial 1 with value: 696.4833984375.
LOCAL_RANK: 0 - CUDA_VISIBLE_DEVICES: [0]
[I 2023-12-27 11:09:38,972] Trial 46 finished with value: 3850.55859375 and parameters: {'gradient_clip_val': 0.6543177811433141, 'hidden_size': 34, 'dropout': 0.2970352383332254, 'hidden_continuous_size': 11, 'attention_head_size': 4, 'learning_rate': 0.0019163660712042784}. Best is trial 1 with value: 696.4833984375.
LOCAL_RANK: 0 - CUDA_VISIBLE_DEVICES: [0]
[I 2023-12-27 11:09:39,735] Trial 47 finished with value: 3680.4091796875 and parameters: {'gradient_clip_val': 0.7577285471849576, 'hidden_size': 26, 'dropout': 0.15653288665956572, 'hidden_continuous_size': 13, 'attention_head_size': 3, 'learning_rate': 0.0035831601361756087}. Best is trial 1 with value: 696.4833984375.
LOCAL_RANK: 0 - CUDA_VISIBLE_DEVICES: [0]
[I 2023-12-27 11:09:40,242] Trial 48 finished with value: 3280.946044921875 and parameters: {'gradient_clip_val': 0.8803369556655137, 'hidden_size': 65, 'dropout': 0.39605164513778, 'hidden_continuous_size': 16, 'attention_head_size': 4, 'learning_rate': 0.0015641014095265494}. Best is trial 1 with value: 696.4833984375.
LOCAL_RANK: 0 - CUDA_VISIBLE_DEVICES: [0]
[I 2023-12-27 11:09:40,748] Trial 49 finished with value: 3678.418212890625 and parameters: {'gradient_clip_val': 0.5040611768772556, 'hidden_size': 47, 'dropout': 0.2947904147217302, 'hidden_continuous_size': 18, 'attention_head_size': 2, 'learning_rate': 0.0043369823562324486}. Best is trial 1 with value: 696.4833984375.
[I 2023-12-27 11:09:40,877] A new study created in memory with name: no-name-654d8712-c4f0-4745-a47f-447f434dbcc9
/home/le004/conda/anaconda3/envs/tsff_env/lib/python3.9/site-packages/lightning/fabric/plugins/environments/slurm.py:191: The `srun` command is available on your system but is not used. HINT: If your intention is to run Lightning on SLURM, prepend your python command with `srun` like so: srun python /home/le004/master_thesis/git/TSFusionForecast/code/ ...
LOCAL_RANK: 0 - CUDA_VISIBLE_DEVICES: [0]
[I 2023-12-27 11:10:12,283] Trial 0 finished with value: 46.84321212768555 and parameters: {'gradient_clip_val': 0.15420026910360887, 'hidden_size': 123, 'dropout': 0.43329724291920124, 'hidden_continuous_size': 93, 'attention_head_size': 4, 'learning_rate': 0.00121331769543188}. Best is trial 0 with value: 46.84321212768555.
LOCAL_RANK: 0 - CUDA_VISIBLE_DEVICES: [0]
[I 2023-12-27 11:10:16,330] Trial 1 finished with value: 202.4423065185547 and parameters: {'gradient_clip_val': 0.12066848335310948, 'hidden_size': 116, 'dropout': 0.30472417815622455, 'hidden_continuous_size': 96, 'attention_head_size': 2, 'learning_rate': 0.001100099742948562}. Best is trial 0 with value: 46.84321212768555.
LOCAL_RANK: 0 - CUDA_VISIBLE_DEVICES: [0]
[I 2023-12-27 11:10:16,760] Trial 2 finished with value: 252.6173553466797 and parameters: {'gradient_clip_val': 0.2692200527947407, 'hidden_size': 66, 'dropout': 0.11819025525234905, 'hidden_continuous_size': 16, 'attention_head_size': 2, 'learning_rate': 0.001661783310530262}. Best is trial 0 with value: 46.84321212768555.
LOCAL_RANK: 0 - CUDA_VISIBLE_DEVICES: [0]
[I 2023-12-27 11:10:17,227] Trial 3 finished with value: 235.61827087402344 and parameters: {'gradient_clip_val': 0.18663186074817034, 'hidden_size': 19, 'dropout': 0.48537828827428164, 'hidden_continuous_size': 7, 'attention_head_size': 2, 'learning_rate': 0.027359557883194403}. Best is trial 0 with value: 46.84321212768555.
LOCAL_RANK: 0 - CUDA_VISIBLE_DEVICES: [0]
[I 2023-12-27 11:10:17,662] Trial 4 finished with value: 350.1451110839844 and parameters: {'gradient_clip_val': 0.2802685102242114, 'hidden_size': 45, 'dropout': 0.13978638216438496, 'hidden_continuous_size': 5, 'attention_head_size': 4, 'learning_rate': 0.03578685639574518}. Best is trial 0 with value: 46.84321212768555.
LOCAL_RANK: 0 - CUDA_VISIBLE_DEVICES: [0]
[I 2023-12-27 11:10:18,106] Trial 5 finished with value: 192.3893585205078 and parameters: {'gradient_clip_val': 0.3395410973168995, 'hidden_size': 8, 'dropout': 0.3712479800402222, 'hidden_continuous_size': 5, 'attention_head_size': 4, 'learning_rate': 0.04407501235914203}. Best is trial 0 with value: 46.84321212768555.
LOCAL_RANK: 0 - CUDA_VISIBLE_DEVICES: [0]
[I 2023-12-27 11:10:18,568] Trial 6 finished with value: 236.89544677734375 and parameters: {'gradient_clip_val': 0.6140630425801636, 'hidden_size': 56, 'dropout': 0.11444763333624493, 'hidden_continuous_size': 8, 'attention_head_size': 2, 'learning_rate': 0.010656466789425525}. Best is trial 0 with value: 46.84321212768555.
LOCAL_RANK: 0 - CUDA_VISIBLE_DEVICES: [0]
[I 2023-12-27 11:10:18,987] Trial 7 finished with value: 339.5932312011719 and parameters: {'gradient_clip_val': 0.20358172003512814, 'hidden_size': 8, 'dropout': 0.2828147624993916, 'hidden_continuous_size': 7, 'attention_head_size': 1, 'learning_rate': 0.001339449631568741}. Best is trial 0 with value: 46.84321212768555.
LOCAL_RANK: 0 - CUDA_VISIBLE_DEVICES: [0]
[I 2023-12-27 11:10:19,748] Trial 8 finished with value: 222.6776885986328 and parameters: {'gradient_clip_val': 0.3449561386493042, 'hidden_size': 87, 'dropout': 0.16935713982768397, 'hidden_continuous_size': 44, 'attention_head_size': 2, 'learning_rate': 0.06248241232605243}. Best is trial 0 with value: 46.84321212768555.
LOCAL_RANK: 0 - CUDA_VISIBLE_DEVICES: [0]
[I 2023-12-27 11:10:20,188] Trial 9 finished with value: 199.36598205566406 and parameters: {'gradient_clip_val': 0.6156025280216101, 'hidden_size': 34, 'dropout': 0.21371446053311682, 'hidden_continuous_size': 11, 'attention_head_size': 4, 'learning_rate': 0.03248887151087169}. Best is trial 0 with value: 46.84321212768555.
LOCAL_RANK: 0 - CUDA_VISIBLE_DEVICES: [0]
[I 2023-12-27 11:10:20,747] Trial 10 finished with value: 297.11334228515625 and parameters: {'gradient_clip_val': 0.1022066476903959, 'hidden_size': 141, 'dropout': 0.4893537068389408, 'hidden_continuous_size': 134, 'attention_head_size': 3, 'learning_rate': 0.0005857042457697563}. Best is trial 0 with value: 46.84321212768555.
LOCAL_RANK: 0 - CUDA_VISIBLE_DEVICES: [0]
[I 2023-12-27 11:10:21,203] Trial 11 finished with value: 225.61167907714844 and parameters: {'gradient_clip_val': 0.40872839398769006, 'hidden_size': 5, 'dropout': 0.3932598062226469, 'hidden_continuous_size': 5, 'attention_head_size': 4, 'learning_rate': 0.004772087521153251}. Best is trial 0 with value: 46.84321212768555.
LOCAL_RANK: 0 - CUDA_VISIBLE_DEVICES: [0]
[I 2023-12-27 11:10:21,707] Trial 12 finished with value: 265.0206604003906 and parameters: {'gradient_clip_val': 0.9762017899775534, 'hidden_size': 22, 'dropout': 0.4079722671900189, 'hidden_continuous_size': 11, 'attention_head_size': 3, 'learning_rate': 0.005784091183210969}. Best is trial 0 with value: 46.84321212768555.
LOCAL_RANK: 0 - CUDA_VISIBLE_DEVICES: [0]
[I 2023-12-27 11:10:22,226] Trial 13 finished with value: 243.81150817871094 and parameters: {'gradient_clip_val': 0.14983158797604607, 'hidden_size': 13, 'dropout': 0.39540291920024795, 'hidden_continuous_size': 5, 'attention_head_size': 4, 'learning_rate': 0.09706544885026165}. Best is trial 0 with value: 46.84321212768555.
LOCAL_RANK: 0 - CUDA_VISIBLE_DEVICES: [0]
[I 2023-12-27 11:10:22,697] Trial 14 finished with value: 326.4053039550781 and parameters: {'gradient_clip_val': 0.20071461022031098, 'hidden_size': 34, 'dropout': 0.34233702460218884, 'hidden_continuous_size': 16, 'attention_head_size': 3, 'learning_rate': 0.012977929835626347}. Best is trial 0 with value: 46.84321212768555.
LOCAL_RANK: 0 - CUDA_VISIBLE_DEVICES: [0]
[I 2023-12-27 11:10:23,172] Trial 15 finished with value: 294.5340576171875 and parameters: {'gradient_clip_val': 0.15599613488394298, 'hidden_size': 13, 'dropout': 0.44308430160441015, 'hidden_continuous_size': 6, 'attention_head_size': 4, 'learning_rate': 0.003815369923054005}. Best is trial 0 with value: 46.84321212768555.
LOCAL_RANK: 0 - CUDA_VISIBLE_DEVICES: [0]
[I 2023-12-27 11:10:23,683] Trial 16 finished with value: 260.4022521972656 and parameters: {'gradient_clip_val': 0.23876736877846697, 'hidden_size': 74, 'dropout': 0.3559980170475777, 'hidden_continuous_size': 23, 'attention_head_size': 3, 'learning_rate': 0.002778803140728229}. Best is trial 0 with value: 46.84321212768555.
LOCAL_RANK: 0 - CUDA_VISIBLE_DEVICES: [0]
[I 2023-12-27 11:10:24,211] Trial 17 finished with value: 329.9882507324219 and parameters: {'gradient_clip_val': 0.3496115945123366, 'hidden_size': 118, 'dropout': 0.4568707665359219, 'hidden_continuous_size': 41, 'attention_head_size': 1, 'learning_rate': 0.009002376195170813}. Best is trial 0 with value: 46.84321212768555.
LOCAL_RANK: 0 - CUDA_VISIBLE_DEVICES: [0]
[I 2023-12-27 11:10:24,717] Trial 18 finished with value: 227.1622314453125 and parameters: {'gradient_clip_val': 0.14425984977445855, 'hidden_size': 43, 'dropout': 0.43882346572351894, 'hidden_continuous_size': 9, 'attention_head_size': 4, 'learning_rate': 0.018964169334637467}. Best is trial 0 with value: 46.84321212768555.
LOCAL_RANK: 0 - CUDA_VISIBLE_DEVICES: [0]
[I 2023-12-27 11:10:25,140] Trial 19 finished with value: 284.03302001953125 and parameters: {'gradient_clip_val': 0.23446527791665892, 'hidden_size': 5, 'dropout': 0.3593032284055109, 'hidden_continuous_size': 5, 'attention_head_size': 3, 'learning_rate': 0.0005111206505723095}. Best is trial 0 with value: 46.84321212768555.
LOCAL_RANK: 0 - CUDA_VISIBLE_DEVICES: [0]
[I 2023-12-27 11:10:25,657] Trial 20 finished with value: 338.9209289550781 and parameters: {'gradient_clip_val': 0.17374859428713738, 'hidden_size': 96, 'dropout': 0.28409833632441256, 'hidden_continuous_size': 26, 'attention_head_size': 4, 'learning_rate': 0.002622190535501525}. Best is trial 0 with value: 46.84321212768555.
LOCAL_RANK: 0 - CUDA_VISIBLE_DEVICES: [0]
[I 2023-12-27 11:10:26,391] Trial 21 finished with value: 235.7210235595703 and parameters: {'gradient_clip_val': 0.44661759844671606, 'hidden_size': 32, 'dropout': 0.20448266141452845, 'hidden_continuous_size': 10, 'attention_head_size': 4, 'learning_rate': 0.0413066272474143}. Best is trial 0 with value: 46.84321212768555.
LOCAL_RANK: 0 - CUDA_VISIBLE_DEVICES: [0]
[I 2023-12-27 11:10:26,893] Trial 22 finished with value: 227.8744354248047 and parameters: {'gradient_clip_val': 0.5281177243369608, 'hidden_size': 58, 'dropout': 0.2305587271948791, 'hidden_continuous_size': 12, 'attention_head_size': 4, 'learning_rate': 0.0181139751580826}. Best is trial 0 with value: 46.84321212768555.
LOCAL_RANK: 0 - CUDA_VISIBLE_DEVICES: [0]
[I 2023-12-27 11:10:27,382] Trial 23 finished with value: 256.0669860839844 and parameters: {'gradient_clip_val': 0.3090762901178975, 'hidden_size': 29, 'dropout': 0.24479891656921812, 'hidden_continuous_size': 6, 'attention_head_size': 3, 'learning_rate': 0.04537034939554743}. Best is trial 0 with value: 46.84321212768555.
LOCAL_RANK: 0 - CUDA_VISIBLE_DEVICES: [0]
[I 2023-12-27 11:10:27,851] Trial 24 finished with value: 335.0631408691406 and parameters: {'gradient_clip_val': 0.6431863286802686, 'hidden_size': 19, 'dropout': 0.3096609137566022, 'hidden_continuous_size': 6, 'attention_head_size': 4, 'learning_rate': 0.007117934391500048}. Best is trial 0 with value: 46.84321212768555.
LOCAL_RANK: 0 - CUDA_VISIBLE_DEVICES: [0]
[I 2023-12-27 11:10:28,399] Trial 25 finished with value: 269.4548034667969 and parameters: {'gradient_clip_val': 0.3935130828944913, 'hidden_size': 146, 'dropout': 0.4211192453830199, 'hidden_continuous_size': 66, 'attention_head_size': 4, 'learning_rate': 0.022722003030178305}. Best is trial 0 with value: 46.84321212768555.
LOCAL_RANK: 0 - CUDA_VISIBLE_DEVICES: [0]
[I 2023-12-27 11:10:28,895] Trial 26 finished with value: 239.6958770751953 and parameters: {'gradient_clip_val': 0.30664092912373314, 'hidden_size': 42, 'dropout': 0.38175838425425745, 'hidden_continuous_size': 12, 'attention_head_size': 3, 'learning_rate': 0.012857431259700245}. Best is trial 0 with value: 46.84321212768555.
LOCAL_RANK: 0 - CUDA_VISIBLE_DEVICES: [0]
[I 2023-12-27 11:10:29,429] Trial 27 finished with value: 357.45556640625 and parameters: {'gradient_clip_val': 0.25511428406751313, 'hidden_size': 79, 'dropout': 0.3329399991228489, 'hidden_continuous_size': 15, 'attention_head_size': 4, 'learning_rate': 0.06360943404511973}. Best is trial 0 with value: 46.84321212768555.
LOCAL_RANK: 0 - CUDA_VISIBLE_DEVICES: [0]
[I 2023-12-27 11:10:29,925] Trial 28 finished with value: 269.86590576171875 and parameters: {'gradient_clip_val': 0.4464818492683585, 'hidden_size': 25, 'dropout': 0.3769179154563666, 'hidden_continuous_size': 9, 'attention_head_size': 3, 'learning_rate': 0.02595820406002962}. Best is trial 0 with value: 46.84321212768555.
LOCAL_RANK: 0 - CUDA_VISIBLE_DEVICES: [0]
[I 2023-12-27 11:10:30,444] Trial 29 finished with value: 263.8564453125 and parameters: {'gradient_clip_val': 0.11483569552325555, 'hidden_size': 110, 'dropout': 0.32742686528388426, 'hidden_continuous_size': 27, 'attention_head_size': 4, 'learning_rate': 0.0008606027923111548}. Best is trial 0 with value: 46.84321212768555.
LOCAL_RANK: 0 - CUDA_VISIBLE_DEVICES: [0]
[I 2023-12-27 11:10:30,974] Trial 30 finished with value: 202.4519805908203 and parameters: {'gradient_clip_val': 0.22357254688090708, 'hidden_size': 97, 'dropout': 0.46121989513290385, 'hidden_continuous_size': 19, 'attention_head_size': 4, 'learning_rate': 0.015722152833001556}. Best is trial 0 with value: 46.84321212768555.
LOCAL_RANK: 0 - CUDA_VISIBLE_DEVICES: [0]
[I 2023-12-27 11:10:31,479] Trial 31 finished with value: 231.3675537109375 and parameters: {'gradient_clip_val': 0.12922372161816878, 'hidden_size': 63, 'dropout': 0.30178257684237636, 'hidden_continuous_size': 8, 'attention_head_size': 2, 'learning_rate': 0.0014209205199562298}. Best is trial 0 with value: 46.84321212768555.
LOCAL_RANK: 0 - CUDA_VISIBLE_DEVICES: [0]
