[I 2023-12-27 11:03:09,867] Trial 35 finished with value: 8852.548828125 and parameters: {'gradient_clip_val': 0.6089858731452947, 'hidden_size': 100, 'dropout': 0.3893179330907421, 'hidden_continuous_size': 8, 'attention_head_size': 2, 'learning_rate': 0.01551960289130689}. Best is trial 0 with value: 4111.80419921875.
LOCAL_RANK: 0 - CUDA_VISIBLE_DEVICES: [0]
[I 2023-12-27 11:03:10,345] Trial 36 finished with value: 8099.89208984375 and parameters: {'gradient_clip_val': 0.7994524316271263, 'hidden_size': 50, 'dropout': 0.46843571528616673, 'hidden_continuous_size': 7, 'attention_head_size': 1, 'learning_rate': 0.04956621128866466}. Best is trial 0 with value: 4111.80419921875.
LOCAL_RANK: 0 - CUDA_VISIBLE_DEVICES: [0]
[I 2023-12-27 11:03:10,848] Trial 37 finished with value: 8671.8994140625 and parameters: {'gradient_clip_val': 0.8680413831892184, 'hidden_size': 86, 'dropout': 0.42039353037065286, 'hidden_continuous_size': 22, 'attention_head_size': 3, 'learning_rate': 0.029666276470478765}. Best is trial 0 with value: 4111.80419921875.
LOCAL_RANK: 0 - CUDA_VISIBLE_DEVICES: [0]
[I 2023-12-27 11:03:11,325] Trial 38 finished with value: 8949.1357421875 and parameters: {'gradient_clip_val': 0.677085995020299, 'hidden_size': 20, 'dropout': 0.3857811024040078, 'hidden_continuous_size': 9, 'attention_head_size': 2, 'learning_rate': 0.09851640398195677}. Best is trial 0 with value: 4111.80419921875.
LOCAL_RANK: 0 - CUDA_VISIBLE_DEVICES: [0]
[I 2023-12-27 11:03:11,795] Trial 39 finished with value: 9759.470703125 and parameters: {'gradient_clip_val': 0.6033382011712589, 'hidden_size': 14, 'dropout': 0.29257157417419516, 'hidden_continuous_size': 6, 'attention_head_size': 1, 'learning_rate': 0.022489178434674857}. Best is trial 0 with value: 4111.80419921875.
LOCAL_RANK: 0 - CUDA_VISIBLE_DEVICES: [0]
[I 2023-12-27 11:03:12,255] Trial 40 finished with value: 9870.435546875 and parameters: {'gradient_clip_val': 0.7474358361061553, 'hidden_size': 37, 'dropout': 0.3251106890780735, 'hidden_continuous_size': 16, 'attention_head_size': 2, 'learning_rate': 0.07034726371536083}. Best is trial 0 with value: 4111.80419921875.
LOCAL_RANK: 0 - CUDA_VISIBLE_DEVICES: [0]
[I 2023-12-27 11:03:12,752] Trial 41 finished with value: 8094.39208984375 and parameters: {'gradient_clip_val': 0.5323952986575018, 'hidden_size': 78, 'dropout': 0.25097790878642173, 'hidden_continuous_size': 23, 'attention_head_size': 2, 'learning_rate': 0.010678317978979853}. Best is trial 0 with value: 4111.80419921875.
LOCAL_RANK: 0 - CUDA_VISIBLE_DEVICES: [0]
[I 2023-12-27 11:03:13,228] Trial 42 finished with value: 8470.6865234375 and parameters: {'gradient_clip_val': 0.8719533618759756, 'hidden_size': 68, 'dropout': 0.34233306538264013, 'hidden_continuous_size': 17, 'attention_head_size': 2, 'learning_rate': 0.04427765609100488}. Best is trial 0 with value: 4111.80419921875.
LOCAL_RANK: 0 - CUDA_VISIBLE_DEVICES: [0]
[I 2023-12-27 11:03:13,703] Trial 43 finished with value: 7777.23876953125 and parameters: {'gradient_clip_val': 0.6936886705836174, 'hidden_size': 88, 'dropout': 0.3019201656499563, 'hidden_continuous_size': 28, 'attention_head_size': 3, 'learning_rate': 0.00755331644664743}. Best is trial 0 with value: 4111.80419921875.
LOCAL_RANK: 0 - CUDA_VISIBLE_DEVICES: [0]
[I 2023-12-27 11:03:14,207] Trial 44 finished with value: 8648.8642578125 and parameters: {'gradient_clip_val': 0.5818149401145977, 'hidden_size': 123, 'dropout': 0.37735611203734903, 'hidden_continuous_size': 35, 'attention_head_size': 2, 'learning_rate': 0.03906821005794367}. Best is trial 0 with value: 4111.80419921875.
LOCAL_RANK: 0 - CUDA_VISIBLE_DEVICES: [0]
[I 2023-12-27 11:03:14,678] Trial 45 finished with value: 9318.1787109375 and parameters: {'gradient_clip_val': 0.5054133878826315, 'hidden_size': 58, 'dropout': 0.31144634770508306, 'hidden_continuous_size': 18, 'attention_head_size': 2, 'learning_rate': 0.027919021190751323}. Best is trial 0 with value: 4111.80419921875.
LOCAL_RANK: 0 - CUDA_VISIBLE_DEVICES: [0]
[I 2023-12-27 11:03:15,151] Trial 46 finished with value: 6709.44091796875 and parameters: {'gradient_clip_val': 0.5730240974240965, 'hidden_size': 92, 'dropout': 0.41022498466309754, 'hidden_continuous_size': 15, 'attention_head_size': 1, 'learning_rate': 0.018869743402395476}. Best is trial 0 with value: 4111.80419921875.
LOCAL_RANK: 0 - CUDA_VISIBLE_DEVICES: [0]
[I 2023-12-27 11:03:15,637] Trial 47 finished with value: 8134.70849609375 and parameters: {'gradient_clip_val': 0.5764922466548148, 'hidden_size': 101, 'dropout': 0.408546973190587, 'hidden_continuous_size': 14, 'attention_head_size': 1, 'learning_rate': 0.019659829605910187}. Best is trial 0 with value: 4111.80419921875.
LOCAL_RANK: 0 - CUDA_VISIBLE_DEVICES: [0]
[I 2023-12-27 11:03:16,143] Trial 48 finished with value: 7889.74755859375 and parameters: {'gradient_clip_val': 0.7775301469783992, 'hidden_size': 122, 'dropout': 0.4515241739474235, 'hidden_continuous_size': 11, 'attention_head_size': 1, 'learning_rate': 0.013800445544524765}. Best is trial 0 with value: 4111.80419921875.
LOCAL_RANK: 0 - CUDA_VISIBLE_DEVICES: [0]
[I 2023-12-27 11:03:16,938] Trial 49 finished with value: 8969.2373046875 and parameters: {'gradient_clip_val': 0.8968546825761611, 'hidden_size': 43, 'dropout': 0.3700209225871101, 'hidden_continuous_size': 15, 'attention_head_size': 1, 'learning_rate': 0.0713270464179699}. Best is trial 0 with value: 4111.80419921875.
[I 2023-12-27 11:03:17,068] A new study created in memory with name: no-name-0771c518-274c-4806-9bb6-64a2b77d052b
/home/le004/conda/anaconda3/envs/tsff_env/lib/python3.9/site-packages/lightning/fabric/plugins/environments/slurm.py:191: The `srun` command is available on your system but is not used. HINT: If your intention is to run Lightning on SLURM, prepend your python command with `srun` like so: srun python /home/le004/master_thesis/git/TSFusionForecast/code/ ...
LOCAL_RANK: 0 - CUDA_VISIBLE_DEVICES: [0]
[I 2023-12-27 11:03:46,282] Trial 0 finished with value: 3827.739990234375 and parameters: {'gradient_clip_val': 0.3948302975280331, 'hidden_size': 11, 'dropout': 0.3989017533034088, 'hidden_continuous_size': 6, 'attention_head_size': 3, 'learning_rate': 0.004536960232040742}. Best is trial 0 with value: 3827.739990234375.
LOCAL_RANK: 0 - CUDA_VISIBLE_DEVICES: [0]
[I 2023-12-27 11:04:10,699] Trial 1 finished with value: 2826.2138671875 and parameters: {'gradient_clip_val': 0.17988869961956055, 'hidden_size': 8, 'dropout': 0.4992544354300523, 'hidden_continuous_size': 6, 'attention_head_size': 2, 'learning_rate': 0.053978944432083155}. Best is trial 1 with value: 2826.2138671875.
LOCAL_RANK: 0 - CUDA_VISIBLE_DEVICES: [0]
[I 2023-12-27 11:04:11,157] Trial 2 finished with value: 6959.1796875 and parameters: {'gradient_clip_val': 0.29187269121428183, 'hidden_size': 21, 'dropout': 0.24380147434007468, 'hidden_continuous_size': 9, 'attention_head_size': 4, 'learning_rate': 0.0051967556099345065}. Best is trial 1 with value: 2826.2138671875.
LOCAL_RANK: 0 - CUDA_VISIBLE_DEVICES: [0]
[I 2023-12-27 11:04:11,607] Trial 3 finished with value: 5885.08740234375 and parameters: {'gradient_clip_val': 0.16119920496634574, 'hidden_size': 17, 'dropout': 0.3711795743889639, 'hidden_continuous_size': 9, 'attention_head_size': 2, 'learning_rate': 0.006531229382335586}. Best is trial 1 with value: 2826.2138671875.
LOCAL_RANK: 0 - CUDA_VISIBLE_DEVICES: [0]
[I 2023-12-27 11:04:12,055] Trial 4 finished with value: 5174.43310546875 and parameters: {'gradient_clip_val': 0.12646031819072512, 'hidden_size': 44, 'dropout': 0.22885741564373419, 'hidden_continuous_size': 41, 'attention_head_size': 4, 'learning_rate': 0.021526044713980213}. Best is trial 1 with value: 2826.2138671875.
LOCAL_RANK: 0 - CUDA_VISIBLE_DEVICES: [0]
[I 2023-12-27 11:04:12,550] Trial 5 finished with value: 6152.6484375 and parameters: {'gradient_clip_val': 0.16709363763926371, 'hidden_size': 149, 'dropout': 0.4818579763364119, 'hidden_continuous_size': 28, 'attention_head_size': 3, 'learning_rate': 0.0006039950036758647}. Best is trial 1 with value: 2826.2138671875.
LOCAL_RANK: 0 - CUDA_VISIBLE_DEVICES: [0]
[I 2023-12-27 11:04:12,997] Trial 6 finished with value: 6564.48681640625 and parameters: {'gradient_clip_val': 0.546493878527935, 'hidden_size': 15, 'dropout': 0.49073961227685603, 'hidden_continuous_size': 11, 'attention_head_size': 2, 'learning_rate': 0.024298657009740824}. Best is trial 1 with value: 2826.2138671875.
LOCAL_RANK: 0 - CUDA_VISIBLE_DEVICES: [0]
[I 2023-12-27 11:04:13,733] Trial 7 finished with value: 6506.15283203125 and parameters: {'gradient_clip_val': 0.6170902672371513, 'hidden_size': 48, 'dropout': 0.44451309052177523, 'hidden_continuous_size': 16, 'attention_head_size': 2, 'learning_rate': 0.00440057863404569}. Best is trial 1 with value: 2826.2138671875.
LOCAL_RANK: 0 - CUDA_VISIBLE_DEVICES: [0]
[I 2023-12-27 11:04:14,194] Trial 8 finished with value: 6124.49609375 and parameters: {'gradient_clip_val': 0.10667211939293558, 'hidden_size': 125, 'dropout': 0.26487833934485905, 'hidden_continuous_size': 6, 'attention_head_size': 1, 'learning_rate': 0.012211534757904716}. Best is trial 1 with value: 2826.2138671875.
LOCAL_RANK: 0 - CUDA_VISIBLE_DEVICES: [0]
[I 2023-12-27 11:04:14,648] Trial 9 finished with value: 6457.50390625 and parameters: {'gradient_clip_val': 0.9355078838957231, 'hidden_size': 26, 'dropout': 0.17775429572071919, 'hidden_continuous_size': 25, 'attention_head_size': 3, 'learning_rate': 0.002392266798069422}. Best is trial 1 with value: 2826.2138671875.
LOCAL_RANK: 0 - CUDA_VISIBLE_DEVICES: [0]
[I 2023-12-27 11:04:15,069] Trial 10 finished with value: 6298.00244140625 and parameters: {'gradient_clip_val': 0.21447057372791645, 'hidden_size': 5, 'dropout': 0.3344322451545303, 'hidden_continuous_size': 5, 'attention_head_size': 1, 'learning_rate': 0.09657763100903068}. Best is trial 1 with value: 2826.2138671875.
LOCAL_RANK: 0 - CUDA_VISIBLE_DEVICES: [0]
[I 2023-12-27 11:04:15,539] Trial 11 finished with value: 7025.15869140625 and parameters: {'gradient_clip_val': 0.3117270272324295, 'hidden_size': 7, 'dropout': 0.4007963840431455, 'hidden_continuous_size': 5, 'attention_head_size': 3, 'learning_rate': 0.03148664224188871}. Best is trial 1 with value: 2826.2138671875.
LOCAL_RANK: 0 - CUDA_VISIBLE_DEVICES: [0]
[I 2023-12-27 11:04:15,983] Trial 12 finished with value: 7298.78662109375 and parameters: {'gradient_clip_val': 0.22642832883446312, 'hidden_size': 8, 'dropout': 0.4186318469886882, 'hidden_continuous_size': 6, 'attention_head_size': 2, 'learning_rate': 0.07894990092576731}. Best is trial 1 with value: 2826.2138671875.
LOCAL_RANK: 0 - CUDA_VISIBLE_DEVICES: [0]
[I 2023-12-27 11:04:16,449] Trial 13 finished with value: 6526.04248046875 and parameters: {'gradient_clip_val': 0.418871750248562, 'hidden_size': 10, 'dropout': 0.3441565861596839, 'hidden_continuous_size': 6, 'attention_head_size': 3, 'learning_rate': 0.001999925038601315}. Best is trial 1 with value: 2826.2138671875.
LOCAL_RANK: 0 - CUDA_VISIBLE_DEVICES: [0]
[I 2023-12-27 11:04:16,853] Trial 14 finished with value: 5882.55712890625 and parameters: {'gradient_clip_val': 0.3473129287854062, 'hidden_size': 5, 'dropout': 0.4387773352915462, 'hidden_continuous_size': 5, 'attention_head_size': 1, 'learning_rate': 0.054293981413291316}. Best is trial 1 with value: 2826.2138671875.
LOCAL_RANK: 0 - CUDA_VISIBLE_DEVICES: [0]
[I 2023-12-27 11:04:17,295] Trial 15 finished with value: 6238.9375 and parameters: {'gradient_clip_val': 0.24193131120614728, 'hidden_size': 11, 'dropout': 0.48760284951089083, 'hidden_continuous_size': 6, 'attention_head_size': 4, 'learning_rate': 0.012674280858102481}. Best is trial 1 with value: 2826.2138671875.
LOCAL_RANK: 0 - CUDA_VISIBLE_DEVICES: [0]
[I 2023-12-27 11:04:17,768] Trial 16 finished with value: 5132.24951171875 and parameters: {'gradient_clip_val': 0.16019237105765957, 'hidden_size': 12, 'dropout': 0.11102186573774919, 'hidden_continuous_size': 7, 'attention_head_size': 3, 'learning_rate': 0.04751485751855278}. Best is trial 1 with value: 2826.2138671875.
LOCAL_RANK: 0 - CUDA_VISIBLE_DEVICES: [0]
[I 2023-12-27 11:04:18,204] Trial 17 finished with value: 6288.40869140625 and parameters: {'gradient_clip_val': 0.433052975948118, 'hidden_size': 8, 'dropout': 0.39806969751253085, 'hidden_continuous_size': 5, 'attention_head_size': 2, 'learning_rate': 0.012795827738775474}. Best is trial 1 with value: 2826.2138671875.
LOCAL_RANK: 0 - CUDA_VISIBLE_DEVICES: [0]
[I 2023-12-27 11:04:18,670] Trial 18 finished with value: 6813.810546875 and parameters: {'gradient_clip_val': 0.10086518501225106, 'hidden_size': 13, 'dropout': 0.31478362538968174, 'hidden_continuous_size': 7, 'attention_head_size': 3, 'learning_rate': 0.04277913769201565}. Best is trial 1 with value: 2826.2138671875.
LOCAL_RANK: 0 - CUDA_VISIBLE_DEVICES: [0]
[I 2023-12-27 11:04:19,121] Trial 19 finished with value: 6911.23828125 and parameters: {'gradient_clip_val': 0.20095285556962963, 'hidden_size': 7, 'dropout': 0.43244293189213756, 'hidden_continuous_size': 5, 'attention_head_size': 2, 'learning_rate': 0.017093944491856396}. Best is trial 1 with value: 2826.2138671875.
LOCAL_RANK: 0 - CUDA_VISIBLE_DEVICES: [0]
[I 2023-12-27 11:04:19,870] Trial 20 finished with value: 5802.97412109375 and parameters: {'gradient_clip_val': 0.2708519260695966, 'hidden_size': 19, 'dropout': 0.3695013724379959, 'hidden_continuous_size': 8, 'attention_head_size': 4, 'learning_rate': 0.02830079445592398}. Best is trial 1 with value: 2826.2138671875.
LOCAL_RANK: 0 - CUDA_VISIBLE_DEVICES: [0]
[I 2023-12-27 11:04:20,312] Trial 21 finished with value: 5655.05224609375 and parameters: {'gradient_clip_val': 0.15638489423532986, 'hidden_size': 12, 'dropout': 0.13444064445187723, 'hidden_continuous_size': 7, 'attention_head_size': 3, 'learning_rate': 0.058031419805232964}. Best is trial 1 with value: 2826.2138671875.
LOCAL_RANK: 0 - CUDA_VISIBLE_DEVICES: [0]
[I 2023-12-27 11:04:20,753] Trial 22 finished with value: 6086.205078125 and parameters: {'gradient_clip_val': 0.19436396359934507, 'hidden_size': 10, 'dropout': 0.30239792228253826, 'hidden_continuous_size': 6, 'attention_head_size': 3, 'learning_rate': 0.04107227409578414}. Best is trial 1 with value: 2826.2138671875.
LOCAL_RANK: 0 - CUDA_VISIBLE_DEVICES: [0]
[I 2023-12-27 11:04:21,201] Trial 23 finished with value: 5908.01904296875 and parameters: {'gradient_clip_val': 0.14068427712639353, 'hidden_size': 14, 'dropout': 0.10209180215929599, 'hidden_continuous_size': 7, 'attention_head_size': 3, 'learning_rate': 0.09295298707569712}. Best is trial 1 with value: 2826.2138671875.
LOCAL_RANK: 0 - CUDA_VISIBLE_DEVICES: [0]
[I 2023-12-27 11:04:21,669] Trial 24 finished with value: 7537.27978515625 and parameters: {'gradient_clip_val': 0.17487396473645897, 'hidden_size': 6, 'dropout': 0.2808708987935626, 'hidden_continuous_size': 5, 'attention_head_size': 2, 'learning_rate': 0.0562781429509166}. Best is trial 1 with value: 2826.2138671875.
LOCAL_RANK: 0 - CUDA_VISIBLE_DEVICES: [0]
[I 2023-12-27 11:04:22,135] Trial 25 finished with value: 6915.69921875 and parameters: {'gradient_clip_val': 0.1218853025214172, 'hidden_size': 9, 'dropout': 0.4620280645287637, 'hidden_continuous_size': 6, 'attention_head_size': 3, 'learning_rate': 0.009028953550780464}. Best is trial 1 with value: 2826.2138671875.
LOCAL_RANK: 0 - CUDA_VISIBLE_DEVICES: [0]
[I 2023-12-27 11:04:22,584] Trial 26 finished with value: 6658.13525390625 and parameters: {'gradient_clip_val': 0.2593735163482074, 'hidden_size': 6, 'dropout': 0.4601464093404698, 'hidden_continuous_size': 5, 'attention_head_size': 4, 'learning_rate': 0.03522436447214388}. Best is trial 1 with value: 2826.2138671875.
LOCAL_RANK: 0 - CUDA_VISIBLE_DEVICES: [0]
[I 2023-12-27 11:04:23,024] Trial 27 finished with value: 5538.72265625 and parameters: {'gradient_clip_val': 0.19691854611424772, 'hidden_size': 11, 'dropout': 0.498859176174849, 'hidden_continuous_size': 7, 'attention_head_size': 2, 'learning_rate': 0.021043448690592676}. Best is trial 1 with value: 2826.2138671875.
LOCAL_RANK: 0 - CUDA_VISIBLE_DEVICES: [0]
[I 2023-12-27 11:04:23,485] Trial 28 finished with value: 7134.64697265625 and parameters: {'gradient_clip_val': 0.13908641356832815, 'hidden_size': 15, 'dropout': 0.1779609399198528, 'hidden_continuous_size': 8, 'attention_head_size': 1, 'learning_rate': 0.0661219358038716}. Best is trial 1 with value: 2826.2138671875.
LOCAL_RANK: 0 - CUDA_VISIBLE_DEVICES: [0]
[I 2023-12-27 11:04:23,963] Trial 29 finished with value: 6543.92431640625 and parameters: {'gradient_clip_val': 0.31068332139940263, 'hidden_size': 22, 'dropout': 0.25053140164383836, 'hidden_continuous_size': 10, 'attention_head_size': 4, 'learning_rate': 0.041461659348854096}. Best is trial 1 with value: 2826.2138671875.
LOCAL_RANK: 0 - CUDA_VISIBLE_DEVICES: [0]
[I 2023-12-27 11:04:24,398] Trial 30 finished with value: 7167.87060546875 and parameters: {'gradient_clip_val': 0.2471391620711381, 'hidden_size': 8, 'dropout': 0.41271488900695713, 'hidden_continuous_size': 6, 'attention_head_size': 3, 'learning_rate': 0.07727750892807392}. Best is trial 1 with value: 2826.2138671875.
LOCAL_RANK: 0 - CUDA_VISIBLE_DEVICES: [0]
[I 2023-12-27 11:04:24,894] Trial 31 finished with value: 5901.181640625 and parameters: {'gradient_clip_val': 0.12711065046690653, 'hidden_size': 34, 'dropout': 0.22753760126982694, 'hidden_continuous_size': 33, 'attention_head_size': 4, 'learning_rate': 0.022332322387767656}. Best is trial 1 with value: 2826.2138671875.
LOCAL_RANK: 0 - CUDA_VISIBLE_DEVICES: [0]
[I 2023-12-27 11:04:25,388] Trial 32 finished with value: 6045.251953125 and parameters: {'gradient_clip_val': 0.1526737026652555, 'hidden_size': 36, 'dropout': 0.21702701710863817, 'hidden_continuous_size': 13, 'attention_head_size': 4, 'learning_rate': 0.031269938788962656}. Best is trial 1 with value: 2826.2138671875.
LOCAL_RANK: 0 - CUDA_VISIBLE_DEVICES: [0]
[I 2023-12-27 11:04:25,886] Trial 33 finished with value: 6812.35546875 and parameters: {'gradient_clip_val': 0.17317184803402075, 'hidden_size': 16, 'dropout': 0.36874593005462364, 'hidden_continuous_size': 8, 'attention_head_size': 4, 'learning_rate': 0.018096402279512726}. Best is trial 1 with value: 2826.2138671875.
LOCAL_RANK: 0 - CUDA_VISIBLE_DEVICES: [0]
[I 2023-12-27 11:04:26,656] Trial 34 finished with value: 6128.57958984375 and parameters: {'gradient_clip_val': 0.1754125625929696, 'hidden_size': 18, 'dropout': 0.28840924250023137, 'hidden_continuous_size': 9, 'attention_head_size': 2, 'learning_rate': 0.04738783723151399}. Best is trial 1 with value: 2826.2138671875.
LOCAL_RANK: 0 - CUDA_VISIBLE_DEVICES: [0]
[I 2023-12-27 11:04:27,108] Trial 35 finished with value: 6318.48291015625 and parameters: {'gradient_clip_val': 0.11628501086197729, 'hidden_size': 11, 'dropout': 0.47200266282687586, 'hidden_continuous_size': 7, 'attention_head_size': 3, 'learning_rate': 0.005121886930695764}. Best is trial 1 with value: 2826.2138671875.
LOCAL_RANK: 0 - CUDA_VISIBLE_DEVICES: [0]
[I 2023-12-27 11:04:27,576] Trial 36 finished with value: 5771.79443359375 and parameters: {'gradient_clip_val': 0.13512339217753264, 'hidden_size': 22, 'dropout': 0.38743250204587293, 'hidden_continuous_size': 17, 'attention_head_size': 2, 'learning_rate': 0.025848458115222957}. Best is trial 1 with value: 2826.2138671875.
LOCAL_RANK: 0 - CUDA_VISIBLE_DEVICES: [0]
[I 2023-12-27 11:04:28,054] Trial 37 finished with value: 6598.37255859375 and parameters: {'gradient_clip_val': 0.11290888303745578, 'hidden_size': 14, 'dropout': 0.2650042323953433, 'hidden_continuous_size': 9, 'attention_head_size': 4, 'learning_rate': 0.0070938506000627075}. Best is trial 1 with value: 2826.2138671875.
LOCAL_RANK: 0 - CUDA_VISIBLE_DEVICES: [0]
[I 2023-12-27 11:04:28,571] Trial 38 finished with value: 5944.73046875 and parameters: {'gradient_clip_val': 0.12460555875527644, 'hidden_size': 69, 'dropout': 0.4520169107448988, 'hidden_continuous_size': 63, 'attention_head_size': 3, 'learning_rate': 0.06626012220172497}. Best is trial 1 with value: 2826.2138671875.
LOCAL_RANK: 0 - CUDA_VISIBLE_DEVICES: [0]
[I 2023-12-27 11:04:29,019] Trial 39 finished with value: 6389.83837890625 and parameters: {'gradient_clip_val': 0.10662628116699745, 'hidden_size': 17, 'dropout': 0.47175439878568126, 'hidden_continuous_size': 8, 'attention_head_size': 2, 'learning_rate': 0.035548318660963585}. Best is trial 1 with value: 2826.2138671875.
LOCAL_RANK: 0 - CUDA_VISIBLE_DEVICES: [0]
[I 2023-12-27 11:04:29,469] Trial 40 finished with value: 6061.48095703125 and parameters: {'gradient_clip_val': 0.15860081408529306, 'hidden_size': 13, 'dropout': 0.35154191546095725, 'hidden_continuous_size': 7, 'attention_head_size': 3, 'learning_rate': 0.0037713504294737683}. Best is trial 1 with value: 2826.2138671875.
LOCAL_RANK: 0 - CUDA_VISIBLE_DEVICES: [0]
[I 2023-12-27 11:04:29,913] Trial 41 finished with value: 6328.13818359375 and parameters: {'gradient_clip_val': 0.2033787593074707, 'hidden_size': 10, 'dropout': 0.4852650923256476, 'hidden_continuous_size': 6, 'attention_head_size': 2, 'learning_rate': 0.02212896025492076}. Best is trial 1 with value: 2826.2138671875.
LOCAL_RANK: 0 - CUDA_VISIBLE_DEVICES: [0]
[I 2023-12-27 11:04:30,362] Trial 42 finished with value: 6105.91796875 and parameters: {'gradient_clip_val': 0.18899122013437297, 'hidden_size': 12, 'dropout': 0.49873925817067183, 'hidden_continuous_size': 7, 'attention_head_size': 2, 'learning_rate': 0.017331303117610726}. Best is trial 1 with value: 2826.2138671875.
LOCAL_RANK: 0 - CUDA_VISIBLE_DEVICES: [0]
