[I 2023-12-27 10:54:44,361] Trial 14 finished with value: 202.87646484375 and parameters: {'gradient_clip_val': 0.5113114953285502, 'hidden_size': 16, 'dropout': 0.1943435203534472, 'hidden_continuous_size': 8, 'attention_head_size': 3, 'learning_rate': 0.01556361020908087}. Best is trial 0 with value: 73.4336166381836.
LOCAL_RANK: 0 - CUDA_VISIBLE_DEVICES: [0]
[I 2023-12-27 10:54:44,825] Trial 15 finished with value: 208.2799072265625 and parameters: {'gradient_clip_val': 0.4752934632971243, 'hidden_size': 46, 'dropout': 0.1907098978575342, 'hidden_continuous_size': 9, 'attention_head_size': 1, 'learning_rate': 0.031000024482715372}. Best is trial 0 with value: 73.4336166381836.
LOCAL_RANK: 0 - CUDA_VISIBLE_DEVICES: [0]
[I 2023-12-27 10:54:45,368] Trial 16 finished with value: 280.09625244140625 and parameters: {'gradient_clip_val': 0.9506161011596501, 'hidden_size': 150, 'dropout': 0.17334189268245417, 'hidden_continuous_size': 148, 'attention_head_size': 2, 'learning_rate': 0.008999896900238736}. Best is trial 0 with value: 73.4336166381836.
LOCAL_RANK: 0 - CUDA_VISIBLE_DEVICES: [0]
[I 2023-12-27 10:54:45,808] Trial 17 finished with value: 220.13014221191406 and parameters: {'gradient_clip_val': 0.17943129946068218, 'hidden_size': 16, 'dropout': 0.14315527894838875, 'hidden_continuous_size': 8, 'attention_head_size': 3, 'learning_rate': 0.04587953506827897}. Best is trial 0 with value: 73.4336166381836.
LOCAL_RANK: 0 - CUDA_VISIBLE_DEVICES: [0]
[I 2023-12-27 10:54:46,267] Trial 18 finished with value: 236.04197692871094 and parameters: {'gradient_clip_val': 0.1353035247088865, 'hidden_size': 41, 'dropout': 0.22824670257556717, 'hidden_continuous_size': 11, 'attention_head_size': 2, 'learning_rate': 0.052505692150745}. Best is trial 0 with value: 73.4336166381836.
LOCAL_RANK: 0 - CUDA_VISIBLE_DEVICES: [0]
[I 2023-12-27 10:54:46,996] Trial 19 finished with value: 157.29217529296875 and parameters: {'gradient_clip_val': 0.25616141822279964, 'hidden_size': 19, 'dropout': 0.12110436772841694, 'hidden_continuous_size': 8, 'attention_head_size': 3, 'learning_rate': 0.011347877286679303}. Best is trial 0 with value: 73.4336166381836.
LOCAL_RANK: 0 - CUDA_VISIBLE_DEVICES: [0]
[I 2023-12-27 10:54:47,489] Trial 20 finished with value: 263.9645690917969 and parameters: {'gradient_clip_val': 0.2235145961201982, 'hidden_size': 71, 'dropout': 0.10704242831000046, 'hidden_continuous_size': 22, 'attention_head_size': 1, 'learning_rate': 0.007736620454802661}. Best is trial 0 with value: 73.4336166381836.
LOCAL_RANK: 0 - CUDA_VISIBLE_DEVICES: [0]
[I 2023-12-27 10:54:47,925] Trial 21 finished with value: 220.4798583984375 and parameters: {'gradient_clip_val': 0.3191468442757165, 'hidden_size': 20, 'dropout': 0.13845571168521528, 'hidden_continuous_size': 8, 'attention_head_size': 3, 'learning_rate': 0.013346931710377482}. Best is trial 0 with value: 73.4336166381836.
LOCAL_RANK: 0 - CUDA_VISIBLE_DEVICES: [0]
[I 2023-12-27 10:54:48,351] Trial 22 finished with value: 232.3179931640625 and parameters: {'gradient_clip_val': 0.13383138380351672, 'hidden_size': 14, 'dropout': 0.20127025309573288, 'hidden_continuous_size': 7, 'attention_head_size': 3, 'learning_rate': 0.024638800916471745}. Best is trial 0 with value: 73.4336166381836.
LOCAL_RANK: 0 - CUDA_VISIBLE_DEVICES: [0]
[I 2023-12-27 10:54:48,792] Trial 23 finished with value: 293.6444396972656 and parameters: {'gradient_clip_val': 0.25789213799221217, 'hidden_size': 18, 'dropout': 0.14988770529764087, 'hidden_continuous_size': 9, 'attention_head_size': 4, 'learning_rate': 0.010913766570212884}. Best is trial 0 with value: 73.4336166381836.
LOCAL_RANK: 0 - CUDA_VISIBLE_DEVICES: [0]
[I 2023-12-27 10:54:49,239] Trial 24 finished with value: 291.6455078125 and parameters: {'gradient_clip_val': 0.45045848265405103, 'hidden_size': 23, 'dropout': 0.21540924129854472, 'hidden_continuous_size': 10, 'attention_head_size': 3, 'learning_rate': 0.026525253411917717}. Best is trial 0 with value: 73.4336166381836.
LOCAL_RANK: 0 - CUDA_VISIBLE_DEVICES: [0]
[I 2023-12-27 10:54:49,694] Trial 25 finished with value: 237.7891082763672 and parameters: {'gradient_clip_val': 0.37511791879024786, 'hidden_size': 34, 'dropout': 0.17053790454548917, 'hidden_continuous_size': 12, 'attention_head_size': 2, 'learning_rate': 0.01310697932884855}. Best is trial 0 with value: 73.4336166381836.
LOCAL_RANK: 0 - CUDA_VISIBLE_DEVICES: [0]
[I 2023-12-27 10:54:50,133] Trial 26 finished with value: 358.94189453125 and parameters: {'gradient_clip_val': 0.5522916583018344, 'hidden_size': 12, 'dropout': 0.12680597472945293, 'hidden_continuous_size': 6, 'attention_head_size': 3, 'learning_rate': 0.04596704778569536}. Best is trial 0 with value: 73.4336166381836.
LOCAL_RANK: 0 - CUDA_VISIBLE_DEVICES: [0]
[I 2023-12-27 10:54:50,574] Trial 27 finished with value: 267.3049011230469 and parameters: {'gradient_clip_val': 0.18121124575519584, 'hidden_size': 24, 'dropout': 0.1929929718022368, 'hidden_continuous_size': 10, 'attention_head_size': 4, 'learning_rate': 0.005687881269086491}. Best is trial 0 with value: 73.4336166381836.
LOCAL_RANK: 0 - CUDA_VISIBLE_DEVICES: [0]
[I 2023-12-27 10:54:51,013] Trial 28 finished with value: 223.8466796875 and parameters: {'gradient_clip_val': 0.2813008744671833, 'hidden_size': 20, 'dropout': 0.10002042678919564, 'hidden_continuous_size': 8, 'attention_head_size': 2, 'learning_rate': 0.019401393741833355}. Best is trial 0 with value: 73.4336166381836.
LOCAL_RANK: 0 - CUDA_VISIBLE_DEVICES: [0]
[I 2023-12-27 10:54:51,487] Trial 29 finished with value: 239.7642822265625 and parameters: {'gradient_clip_val': 0.21894810585131794, 'hidden_size': 40, 'dropout': 0.1526507456668703, 'hidden_continuous_size': 13, 'attention_head_size': 3, 'learning_rate': 0.010669759021372183}. Best is trial 0 with value: 73.4336166381836.
LOCAL_RANK: 0 - CUDA_VISIBLE_DEVICES: [0]
[I 2023-12-27 10:54:51,964] Trial 30 finished with value: 226.22906494140625 and parameters: {'gradient_clip_val': 0.21105404484035187, 'hidden_size': 51, 'dropout': 0.21567528610351752, 'hidden_continuous_size': 12, 'attention_head_size': 2, 'learning_rate': 0.004739830851006435}. Best is trial 0 with value: 73.4336166381836.
LOCAL_RANK: 0 - CUDA_VISIBLE_DEVICES: [0]
[I 2023-12-27 10:54:52,434] Trial 31 finished with value: 291.576416015625 and parameters: {'gradient_clip_val': 0.42234913212287795, 'hidden_size': 56, 'dropout': 0.18725668365281273, 'hidden_continuous_size': 10, 'attention_head_size': 1, 'learning_rate': 0.03056038439732068}. Best is trial 0 with value: 73.4336166381836.
LOCAL_RANK: 0 - CUDA_VISIBLE_DEVICES: [0]
[I 2023-12-27 10:54:53,129] Trial 32 finished with value: 259.9577941894531 and parameters: {'gradient_clip_val': 0.4922065111674515, 'hidden_size': 34, 'dropout': 0.12988351049473523, 'hidden_continuous_size': 9, 'attention_head_size': 1, 'learning_rate': 0.023934271714493364}. Best is trial 0 with value: 73.4336166381836.
LOCAL_RANK: 0 - CUDA_VISIBLE_DEVICES: [0]
[I 2023-12-27 10:54:53,584] Trial 33 finished with value: 279.863525390625 and parameters: {'gradient_clip_val': 0.6228395381739318, 'hidden_size': 46, 'dropout': 0.16701510101813366, 'hidden_continuous_size': 14, 'attention_head_size': 1, 'learning_rate': 0.014241770287557897}. Best is trial 0 with value: 73.4336166381836.
LOCAL_RANK: 0 - CUDA_VISIBLE_DEVICES: [0]
[I 2023-12-27 10:54:54,039] Trial 34 finished with value: 269.9695129394531 and parameters: {'gradient_clip_val': 0.4580020522201941, 'hidden_size': 26, 'dropout': 0.19344999883174302, 'hidden_continuous_size': 7, 'attention_head_size': 4, 'learning_rate': 0.03618676605607997}. Best is trial 0 with value: 73.4336166381836.
LOCAL_RANK: 0 - CUDA_VISIBLE_DEVICES: [0]
[I 2023-12-27 10:54:54,488] Trial 35 finished with value: 289.6565246582031 and parameters: {'gradient_clip_val': 0.35058816818231503, 'hidden_size': 31, 'dropout': 0.245622190417335, 'hidden_continuous_size': 11, 'attention_head_size': 3, 'learning_rate': 0.020625324463013732}. Best is trial 0 with value: 73.4336166381836.
LOCAL_RANK: 0 - CUDA_VISIBLE_DEVICES: [0]
[I 2023-12-27 10:54:54,954] Trial 36 finished with value: 268.6114501953125 and parameters: {'gradient_clip_val': 0.3033987826265717, 'hidden_size': 56, 'dropout': 0.1275795529584476, 'hidden_continuous_size': 18, 'attention_head_size': 4, 'learning_rate': 0.006945821117425419}. Best is trial 0 with value: 73.4336166381836.
LOCAL_RANK: 0 - CUDA_VISIBLE_DEVICES: [0]
[I 2023-12-27 10:54:55,394] Trial 37 finished with value: 251.5329132080078 and parameters: {'gradient_clip_val': 0.3750291096973681, 'hidden_size': 27, 'dropout': 0.15969954806457962, 'hidden_continuous_size': 9, 'attention_head_size': 3, 'learning_rate': 0.06847918395333512}. Best is trial 0 with value: 73.4336166381836.
LOCAL_RANK: 0 - CUDA_VISIBLE_DEVICES: [0]
[I 2023-12-27 10:54:55,850] Trial 38 finished with value: 317.7441711425781 and parameters: {'gradient_clip_val': 0.7096007860574302, 'hidden_size': 38, 'dropout': 0.27010061210146435, 'hidden_continuous_size': 6, 'attention_head_size': 1, 'learning_rate': 0.038270319021741994}. Best is trial 0 with value: 73.4336166381836.
LOCAL_RANK: 0 - CUDA_VISIBLE_DEVICES: [0]
[I 2023-12-27 10:54:56,312] Trial 39 finished with value: 202.9027862548828 and parameters: {'gradient_clip_val': 0.40102660711896715, 'hidden_size': 11, 'dropout': 0.22943832729650782, 'hidden_continuous_size': 5, 'attention_head_size': 2, 'learning_rate': 0.0035036731109980143}. Best is trial 0 with value: 73.4336166381836.
LOCAL_RANK: 0 - CUDA_VISIBLE_DEVICES: [0]
[I 2023-12-27 10:54:56,750] Trial 40 finished with value: 259.9767761230469 and parameters: {'gradient_clip_val': 0.42686641459155633, 'hidden_size': 11, 'dropout': 0.2233488238919728, 'hidden_continuous_size': 5, 'attention_head_size': 2, 'learning_rate': 0.00438175360323367}. Best is trial 0 with value: 73.4336166381836.
LOCAL_RANK: 0 - CUDA_VISIBLE_DEVICES: [0]
[I 2023-12-27 10:54:57,204] Trial 41 finished with value: 184.7913818359375 and parameters: {'gradient_clip_val': 0.5192118385958531, 'hidden_size': 6, 'dropout': 0.1872190547456086, 'hidden_continuous_size': 5, 'attention_head_size': 2, 'learning_rate': 0.023706690328663786}. Best is trial 0 with value: 73.4336166381836.
LOCAL_RANK: 0 - CUDA_VISIBLE_DEVICES: [0]
[I 2023-12-27 10:54:57,627] Trial 42 finished with value: 209.35107421875 and parameters: {'gradient_clip_val': 0.40524741694997896, 'hidden_size': 6, 'dropout': 0.24036609750890583, 'hidden_continuous_size': 5, 'attention_head_size': 2, 'learning_rate': 0.003488599815765898}. Best is trial 0 with value: 73.4336166381836.
LOCAL_RANK: 0 - CUDA_VISIBLE_DEVICES: [0]
[I 2023-12-27 10:54:58,126] Trial 43 finished with value: 262.2434997558594 and parameters: {'gradient_clip_val': 0.5562559599562823, 'hidden_size': 7, 'dropout': 0.20461197216235044, 'hidden_continuous_size': 5, 'attention_head_size': 2, 'learning_rate': 0.010109564203734014}. Best is trial 0 with value: 73.4336166381836.
LOCAL_RANK: 0 - CUDA_VISIBLE_DEVICES: [0]
[I 2023-12-27 10:54:58,521] Trial 44 finished with value: 277.1246032714844 and parameters: {'gradient_clip_val': 0.3294245636681753, 'hidden_size': 5, 'dropout': 0.27239912620382983, 'hidden_continuous_size': 5, 'attention_head_size': 2, 'learning_rate': 0.01589078244468827}. Best is trial 0 with value: 73.4336166381836.
LOCAL_RANK: 0 - CUDA_VISIBLE_DEVICES: [0]
[I 2023-12-27 10:54:58,974] Trial 45 finished with value: 172.97845458984375 and parameters: {'gradient_clip_val': 0.5157041378934393, 'hidden_size': 10, 'dropout': 0.1787344106216405, 'hidden_continuous_size': 6, 'attention_head_size': 2, 'learning_rate': 0.0030025424225410217}. Best is trial 0 with value: 73.4336166381836.
LOCAL_RANK: 0 - CUDA_VISIBLE_DEVICES: [0]
[I 2023-12-27 10:54:59,678] Trial 46 finished with value: 281.59814453125 and parameters: {'gradient_clip_val': 0.8260482299052585, 'hidden_size': 9, 'dropout': 0.17133171508072417, 'hidden_continuous_size': 6, 'attention_head_size': 2, 'learning_rate': 0.0015361209258137121}. Best is trial 0 with value: 73.4336166381836.
LOCAL_RANK: 0 - CUDA_VISIBLE_DEVICES: [0]
[I 2023-12-27 10:55:00,117] Trial 47 finished with value: 270.8095397949219 and parameters: {'gradient_clip_val': 0.628117997922497, 'hidden_size': 6, 'dropout': 0.1811744995254487, 'hidden_continuous_size': 5, 'attention_head_size': 3, 'learning_rate': 0.022434727805628295}. Best is trial 0 with value: 73.4336166381836.
LOCAL_RANK: 0 - CUDA_VISIBLE_DEVICES: [0]
[I 2023-12-27 10:55:00,573] Trial 48 finished with value: 298.3899841308594 and parameters: {'gradient_clip_val': 0.5471747860148766, 'hidden_size': 8, 'dropout': 0.16150630894814336, 'hidden_continuous_size': 6, 'attention_head_size': 2, 'learning_rate': 0.016437150107104566}. Best is trial 0 with value: 73.4336166381836.
LOCAL_RANK: 0 - CUDA_VISIBLE_DEVICES: [0]
[I 2023-12-27 10:55:01,076] Trial 49 finished with value: 329.82305908203125 and parameters: {'gradient_clip_val': 0.5067169715075077, 'hidden_size': 17, 'dropout': 0.11811678567008822, 'hidden_continuous_size': 7, 'attention_head_size': 2, 'learning_rate': 0.012161315801809586}. Best is trial 0 with value: 73.4336166381836.
[I 2023-12-27 10:55:01,207] A new study created in memory with name: no-name-1941a4bb-3bc4-40f5-a558-7a075c7b277d
/home/le004/conda/anaconda3/envs/tsff_env/lib/python3.9/site-packages/lightning/fabric/plugins/environments/slurm.py:191: The `srun` command is available on your system but is not used. HINT: If your intention is to run Lightning on SLURM, prepend your python command with `srun` like so: srun python /home/le004/master_thesis/git/TSFusionForecast/code/ ...
LOCAL_RANK: 0 - CUDA_VISIBLE_DEVICES: [0]
[I 2023-12-27 10:55:31,158] Trial 0 finished with value: 8.144782066345215 and parameters: {'gradient_clip_val': 0.13946321227126116, 'hidden_size': 13, 'dropout': 0.2786050999968899, 'hidden_continuous_size': 12, 'attention_head_size': 3, 'learning_rate': 0.02213955732592501}. Best is trial 0 with value: 8.144782066345215.
LOCAL_RANK: 0 - CUDA_VISIBLE_DEVICES: [0]
[I 2023-12-27 10:55:31,589] Trial 1 finished with value: 65.56644439697266 and parameters: {'gradient_clip_val': 0.2710292452240324, 'hidden_size': 7, 'dropout': 0.239528280290328, 'hidden_continuous_size': 5, 'attention_head_size': 1, 'learning_rate': 0.017654336163200758}. Best is trial 0 with value: 8.144782066345215.
LOCAL_RANK: 0 - CUDA_VISIBLE_DEVICES: [0]
[I 2023-12-27 10:55:32,062] Trial 2 finished with value: 88.34957885742188 and parameters: {'gradient_clip_val': 0.48544898586199514, 'hidden_size': 113, 'dropout': 0.49575302303313473, 'hidden_continuous_size': 10, 'attention_head_size': 1, 'learning_rate': 0.0037280986590834675}. Best is trial 0 with value: 8.144782066345215.
LOCAL_RANK: 0 - CUDA_VISIBLE_DEVICES: [0]
[I 2023-12-27 10:55:32,464] Trial 3 finished with value: 103.7286148071289 and parameters: {'gradient_clip_val': 0.10591788346553124, 'hidden_size': 5, 'dropout': 0.1844631218905081, 'hidden_continuous_size': 5, 'attention_head_size': 3, 'learning_rate': 0.0008934246141895049}. Best is trial 0 with value: 8.144782066345215.
LOCAL_RANK: 0 - CUDA_VISIBLE_DEVICES: [0]
[I 2023-12-27 10:55:32,932] Trial 4 finished with value: 87.8689956665039 and parameters: {'gradient_clip_val': 0.10126033618177482, 'hidden_size': 64, 'dropout': 0.2488687361304499, 'hidden_continuous_size': 16, 'attention_head_size': 3, 'learning_rate': 0.0012869087113336762}. Best is trial 0 with value: 8.144782066345215.
LOCAL_RANK: 0 - CUDA_VISIBLE_DEVICES: [0]
[I 2023-12-27 10:55:33,410] Trial 5 finished with value: 84.9707260131836 and parameters: {'gradient_clip_val': 0.6814103187187082, 'hidden_size': 124, 'dropout': 0.15437449137459724, 'hidden_continuous_size': 7, 'attention_head_size': 2, 'learning_rate': 0.0011338192193722971}. Best is trial 0 with value: 8.144782066345215.
LOCAL_RANK: 0 - CUDA_VISIBLE_DEVICES: [0]
[I 2023-12-27 10:55:34,143] Trial 6 finished with value: 66.19319915771484 and parameters: {'gradient_clip_val': 0.6692727704668097, 'hidden_size': 12, 'dropout': 0.3686317396545856, 'hidden_continuous_size': 11, 'attention_head_size': 4, 'learning_rate': 0.015819227953298886}. Best is trial 0 with value: 8.144782066345215.
LOCAL_RANK: 0 - CUDA_VISIBLE_DEVICES: [0]
[I 2023-12-27 10:55:34,516] Trial 7 finished with value: 73.91716003417969 and parameters: {'gradient_clip_val': 0.19890828190229015, 'hidden_size': 5, 'dropout': 0.3470416912712776, 'hidden_continuous_size': 5, 'attention_head_size': 1, 'learning_rate': 0.07046795651950691}. Best is trial 0 with value: 8.144782066345215.
LOCAL_RANK: 0 - CUDA_VISIBLE_DEVICES: [0]
[I 2023-12-27 10:55:34,927] Trial 8 finished with value: 65.35751342773438 and parameters: {'gradient_clip_val': 0.2133764324804109, 'hidden_size': 17, 'dropout': 0.2314358504564297, 'hidden_continuous_size': 5, 'attention_head_size': 2, 'learning_rate': 0.007403373089366838}. Best is trial 0 with value: 8.144782066345215.
LOCAL_RANK: 0 - CUDA_VISIBLE_DEVICES: [0]
[I 2023-12-27 10:55:35,378] Trial 9 finished with value: 69.0500717163086 and parameters: {'gradient_clip_val': 0.4630834202672251, 'hidden_size': 39, 'dropout': 0.161541883752089, 'hidden_continuous_size': 7, 'attention_head_size': 3, 'learning_rate': 0.0010152210806928215}. Best is trial 0 with value: 8.144782066345215.
LOCAL_RANK: 0 - CUDA_VISIBLE_DEVICES: [0]
[I 2023-12-27 10:55:35,810] Trial 10 finished with value: 66.81204223632812 and parameters: {'gradient_clip_val': 0.16371437411564738, 'hidden_size': 26, 'dropout': 0.10662614784178362, 'hidden_continuous_size': 26, 'attention_head_size': 4, 'learning_rate': 0.09590513197053206}. Best is trial 0 with value: 8.144782066345215.
LOCAL_RANK: 0 - CUDA_VISIBLE_DEVICES: [0]
[I 2023-12-27 10:55:36,245] Trial 11 finished with value: 79.41383361816406 and parameters: {'gradient_clip_val': 0.19309577599663563, 'hidden_size': 17, 'dropout': 0.2801771651316467, 'hidden_continuous_size': 7, 'attention_head_size': 2, 'learning_rate': 0.007345956647207494}. Best is trial 0 with value: 8.144782066345215.
LOCAL_RANK: 0 - CUDA_VISIBLE_DEVICES: [0]
[I 2023-12-27 10:55:36,684] Trial 12 finished with value: 71.97928619384766 and parameters: {'gradient_clip_val': 0.14730350987819366, 'hidden_size': 12, 'dropout': 0.32220490510582706, 'hidden_continuous_size': 6, 'attention_head_size': 2, 'learning_rate': 0.03059717131544101}. Best is trial 0 with value: 8.144782066345215.
LOCAL_RANK: 0 - CUDA_VISIBLE_DEVICES: [0]
[I 2023-12-27 10:55:37,140] Trial 13 finished with value: 68.67736053466797 and parameters: {'gradient_clip_val': 0.2664804179041386, 'hidden_size': 23, 'dropout': 0.22795101477073387, 'hidden_continuous_size': 10, 'attention_head_size': 3, 'learning_rate': 0.005352318206966223}. Best is trial 0 with value: 8.144782066345215.
LOCAL_RANK: 0 - CUDA_VISIBLE_DEVICES: [0]
[I 2023-12-27 10:55:37,577] Trial 14 finished with value: 83.2488784790039 and parameters: {'gradient_clip_val': 0.13725760689155378, 'hidden_size': 11, 'dropout': 0.29463260596220353, 'hidden_continuous_size': 6, 'attention_head_size': 2, 'learning_rate': 0.010408033831729866}. Best is trial 0 with value: 8.144782066345215.
LOCAL_RANK: 0 - CUDA_VISIBLE_DEVICES: [0]
[I 2023-12-27 10:55:38,048] Trial 15 finished with value: 75.0717544555664 and parameters: {'gradient_clip_val': 0.22150189424417974, 'hidden_size': 38, 'dropout': 0.20992731687043686, 'hidden_continuous_size': 17, 'attention_head_size': 4, 'learning_rate': 0.0027514379169342445}. Best is trial 0 with value: 8.144782066345215.
LOCAL_RANK: 0 - CUDA_VISIBLE_DEVICES: [0]
[I 2023-12-27 10:55:38,503] Trial 16 finished with value: 57.7255744934082 and parameters: {'gradient_clip_val': 0.32738059201829456, 'hidden_size': 18, 'dropout': 0.26681394252966406, 'hidden_continuous_size': 8, 'attention_head_size': 3, 'learning_rate': 0.029048688420059466}. Best is trial 0 with value: 8.144782066345215.
LOCAL_RANK: 0 - CUDA_VISIBLE_DEVICES: [0]
[I 2023-12-27 10:55:38,950] Trial 17 finished with value: 70.71127319335938 and parameters: {'gradient_clip_val': 0.3962273049214453, 'hidden_size': 8, 'dropout': 0.3835134685693379, 'hidden_continuous_size': 6, 'attention_head_size': 3, 'learning_rate': 0.03688290831845898}. Best is trial 0 with value: 8.144782066345215.
LOCAL_RANK: 0 - CUDA_VISIBLE_DEVICES: [0]
[I 2023-12-27 10:55:39,406] Trial 18 finished with value: 76.274658203125 and parameters: {'gradient_clip_val': 0.31993723939359087, 'hidden_size': 18, 'dropout': 0.28724126935957073, 'hidden_continuous_size': 8, 'attention_head_size': 4, 'learning_rate': 0.03637097665707714}. Best is trial 0 with value: 8.144782066345215.
LOCAL_RANK: 0 - CUDA_VISIBLE_DEVICES: [0]
[I 2023-12-27 10:55:39,881] Trial 19 finished with value: 71.0750503540039 and parameters: {'gradient_clip_val': 0.9116367773931828, 'hidden_size': 35, 'dropout': 0.3248135618522808, 'hidden_continuous_size': 13, 'attention_head_size': 3, 'learning_rate': 0.01925399548880103}. Best is trial 0 with value: 8.144782066345215.
LOCAL_RANK: 0 - CUDA_VISIBLE_DEVICES: [0]
[I 2023-12-27 10:55:40,596] Trial 20 finished with value: 70.44473266601562 and parameters: {'gradient_clip_val': 0.3253901790743499, 'hidden_size': 9, 'dropout': 0.4016862122050058, 'hidden_continuous_size': 6, 'attention_head_size': 4, 'learning_rate': 0.04157045766436328}. Best is trial 0 with value: 8.144782066345215.
LOCAL_RANK: 0 - CUDA_VISIBLE_DEVICES: [0]
[I 2023-12-27 10:55:41,055] Trial 21 finished with value: 48.21875 and parameters: {'gradient_clip_val': 0.23524976636294692, 'hidden_size': 16, 'dropout': 0.26258250397650906, 'hidden_continuous_size': 8, 'attention_head_size': 2, 'learning_rate': 0.009782586596576154}. Best is trial 0 with value: 8.144782066345215.
LOCAL_RANK: 0 - CUDA_VISIBLE_DEVICES: [0]
