[I 2023-12-27 11:11:16,956] Trial 40 finished with value: 213.499755859375 and parameters: {'gradient_clip_val': 0.7016138321463796, 'hidden_size': 11, 'dropout': 0.203936462240421, 'hidden_continuous_size': 5, 'attention_head_size': 4, 'learning_rate': 0.023988756026565767}. Best is trial 0 with value: 39.28621292114258.
LOCAL_RANK: 0 - CUDA_VISIBLE_DEVICES: [0]
[I 2023-12-27 11:11:17,461] Trial 41 finished with value: 151.2415771484375 and parameters: {'gradient_clip_val': 0.8942691796577219, 'hidden_size': 49, 'dropout': 0.17896497128049396, 'hidden_continuous_size': 10, 'attention_head_size': 3, 'learning_rate': 0.009922373536228263}. Best is trial 0 with value: 39.28621292114258.
LOCAL_RANK: 0 - CUDA_VISIBLE_DEVICES: [0]
[I 2023-12-27 11:11:17,960] Trial 42 finished with value: 128.70437622070312 and parameters: {'gradient_clip_val': 0.6189544944078984, 'hidden_size': 36, 'dropout': 0.14620152756732466, 'hidden_continuous_size': 6, 'attention_head_size': 2, 'learning_rate': 0.02044708545931679}. Best is trial 0 with value: 39.28621292114258.
LOCAL_RANK: 0 - CUDA_VISIBLE_DEVICES: [0]
[I 2023-12-27 11:11:18,421] Trial 43 finished with value: 145.60284423828125 and parameters: {'gradient_clip_val': 0.6312195965109051, 'hidden_size': 15, 'dropout': 0.1516114362005134, 'hidden_continuous_size': 7, 'attention_head_size': 2, 'learning_rate': 0.01697701567138831}. Best is trial 0 with value: 39.28621292114258.
LOCAL_RANK: 0 - CUDA_VISIBLE_DEVICES: [0]
[I 2023-12-27 11:11:18,892] Trial 44 finished with value: 171.2232208251953 and parameters: {'gradient_clip_val': 0.3915583243677042, 'hidden_size': 36, 'dropout': 0.12612326849700745, 'hidden_continuous_size': 8, 'attention_head_size': 3, 'learning_rate': 0.03127336826632535}. Best is trial 0 with value: 39.28621292114258.
LOCAL_RANK: 0 - CUDA_VISIBLE_DEVICES: [0]
[I 2023-12-27 11:11:19,371] Trial 45 finished with value: 167.5760955810547 and parameters: {'gradient_clip_val': 0.6107413168286073, 'hidden_size': 30, 'dropout': 0.10077216417262246, 'hidden_continuous_size': 6, 'attention_head_size': 2, 'learning_rate': 0.023656883939878852}. Best is trial 0 with value: 39.28621292114258.
LOCAL_RANK: 0 - CUDA_VISIBLE_DEVICES: [0]
[I 2023-12-27 11:11:19,822] Trial 46 finished with value: 139.3005828857422 and parameters: {'gradient_clip_val': 0.9994734535457978, 'hidden_size': 20, 'dropout': 0.14385189713737437, 'hidden_continuous_size': 9, 'attention_head_size': 3, 'learning_rate': 0.034454512641158376}. Best is trial 0 with value: 39.28621292114258.
LOCAL_RANK: 0 - CUDA_VISIBLE_DEVICES: [0]
[I 2023-12-27 11:11:20,270] Trial 47 finished with value: 195.2826385498047 and parameters: {'gradient_clip_val': 0.5234682959015787, 'hidden_size': 17, 'dropout': 0.22025404970267615, 'hidden_continuous_size': 7, 'attention_head_size': 2, 'learning_rate': 0.014596766730369871}. Best is trial 0 with value: 39.28621292114258.
LOCAL_RANK: 0 - CUDA_VISIBLE_DEVICES: [0]
[I 2023-12-27 11:11:20,752] Trial 48 finished with value: 223.64398193359375 and parameters: {'gradient_clip_val': 0.5773270034303778, 'hidden_size': 25, 'dropout': 0.12047378251676101, 'hidden_continuous_size': 6, 'attention_head_size': 1, 'learning_rate': 0.027883339860107513}. Best is trial 0 with value: 39.28621292114258.
LOCAL_RANK: 0 - CUDA_VISIBLE_DEVICES: [0]
[I 2023-12-27 11:11:21,500] Trial 49 finished with value: 165.60801696777344 and parameters: {'gradient_clip_val': 0.7225559316839988, 'hidden_size': 30, 'dropout': 0.1968796725859368, 'hidden_continuous_size': 10, 'attention_head_size': 4, 'learning_rate': 0.011782555893040919}. Best is trial 0 with value: 39.28621292114258.
[I 2023-12-27 11:11:21,627] A new study created in memory with name: no-name-f0421819-7cb0-4cbf-ad9f-923f62637152
/home/le004/conda/anaconda3/envs/tsff_env/lib/python3.9/site-packages/lightning/fabric/plugins/environments/slurm.py:191: The `srun` command is available on your system but is not used. HINT: If your intention is to run Lightning on SLURM, prepend your python command with `srun` like so: srun python /home/le004/master_thesis/git/TSFusionForecast/code/ ...
LOCAL_RANK: 0 - CUDA_VISIBLE_DEVICES: [0]
[I 2023-12-27 11:11:52,225] Trial 0 finished with value: 995.6713256835938 and parameters: {'gradient_clip_val': 0.17552766958251653, 'hidden_size': 70, 'dropout': 0.16628964036060606, 'hidden_continuous_size': 67, 'attention_head_size': 2, 'learning_rate': 0.0008751010401103498}. Best is trial 0 with value: 995.6713256835938.
LOCAL_RANK: 0 - CUDA_VISIBLE_DEVICES: [0]
[I 2023-12-27 11:11:57,229] Trial 1 finished with value: 8687.1298828125 and parameters: {'gradient_clip_val': 0.10162444287354788, 'hidden_size': 14, 'dropout': 0.1303838700723551, 'hidden_continuous_size': 8, 'attention_head_size': 4, 'learning_rate': 0.00594893777766333}. Best is trial 0 with value: 995.6713256835938.
LOCAL_RANK: 0 - CUDA_VISIBLE_DEVICES: [0]
[I 2023-12-27 11:11:57,659] Trial 2 finished with value: 8699.359375 and parameters: {'gradient_clip_val': 0.21126149310346473, 'hidden_size': 70, 'dropout': 0.32351596177310943, 'hidden_continuous_size': 6, 'attention_head_size': 3, 'learning_rate': 0.011093255062048392}. Best is trial 0 with value: 995.6713256835938.
LOCAL_RANK: 0 - CUDA_VISIBLE_DEVICES: [0]
[I 2023-12-27 11:11:58,079] Trial 3 finished with value: 12872.7158203125 and parameters: {'gradient_clip_val': 0.11880574230057442, 'hidden_size': 11, 'dropout': 0.3085363391361624, 'hidden_continuous_size': 5, 'attention_head_size': 2, 'learning_rate': 0.001072327670804788}. Best is trial 0 with value: 995.6713256835938.
LOCAL_RANK: 0 - CUDA_VISIBLE_DEVICES: [0]
[I 2023-12-27 11:11:58,544] Trial 4 finished with value: 9396.9208984375 and parameters: {'gradient_clip_val': 0.8001765367670772, 'hidden_size': 39, 'dropout': 0.3667808366818587, 'hidden_continuous_size': 20, 'attention_head_size': 2, 'learning_rate': 0.004177625033526231}. Best is trial 0 with value: 995.6713256835938.
LOCAL_RANK: 0 - CUDA_VISIBLE_DEVICES: [0]
[I 2023-12-27 11:11:59,007] Trial 5 finished with value: 11527.8359375 and parameters: {'gradient_clip_val': 0.15593060125818645, 'hidden_size': 50, 'dropout': 0.11903279754813041, 'hidden_continuous_size': 11, 'attention_head_size': 2, 'learning_rate': 0.02487007197877791}. Best is trial 0 with value: 995.6713256835938.
LOCAL_RANK: 0 - CUDA_VISIBLE_DEVICES: [0]
[I 2023-12-27 11:11:59,476] Trial 6 finished with value: 11261.9130859375 and parameters: {'gradient_clip_val': 0.23214954572176635, 'hidden_size': 64, 'dropout': 0.43175955374068653, 'hidden_continuous_size': 24, 'attention_head_size': 3, 'learning_rate': 0.0012550262262897042}. Best is trial 0 with value: 995.6713256835938.
LOCAL_RANK: 0 - CUDA_VISIBLE_DEVICES: [0]
[I 2023-12-27 11:11:59,879] Trial 7 finished with value: 9538.0595703125 and parameters: {'gradient_clip_val': 0.3697733909170236, 'hidden_size': 28, 'dropout': 0.4732082965358293, 'hidden_continuous_size': 28, 'attention_head_size': 4, 'learning_rate': 0.0011736239276918432}. Best is trial 0 with value: 995.6713256835938.
LOCAL_RANK: 0 - CUDA_VISIBLE_DEVICES: [0]
[I 2023-12-27 11:12:00,624] Trial 8 finished with value: 9217.6865234375 and parameters: {'gradient_clip_val': 0.21866305075896056, 'hidden_size': 68, 'dropout': 0.13109159607152832, 'hidden_continuous_size': 11, 'attention_head_size': 1, 'learning_rate': 0.010652980855214728}. Best is trial 0 with value: 995.6713256835938.
LOCAL_RANK: 0 - CUDA_VISIBLE_DEVICES: [0]
[I 2023-12-27 11:12:01,059] Trial 9 finished with value: 10569.0869140625 and parameters: {'gradient_clip_val': 0.23831433907926933, 'hidden_size': 27, 'dropout': 0.33301512313280635, 'hidden_continuous_size': 5, 'attention_head_size': 3, 'learning_rate': 0.009194477190849351}. Best is trial 0 with value: 995.6713256835938.
LOCAL_RANK: 0 - CUDA_VISIBLE_DEVICES: [0]
[I 2023-12-27 11:12:01,589] Trial 10 finished with value: 8477.46484375 and parameters: {'gradient_clip_val': 0.3891507882935563, 'hidden_size': 119, 'dropout': 0.2231211475585828, 'hidden_continuous_size': 102, 'attention_head_size': 1, 'learning_rate': 0.0005234395564429814}. Best is trial 0 with value: 995.6713256835938.
LOCAL_RANK: 0 - CUDA_VISIBLE_DEVICES: [0]
[I 2023-12-27 11:12:02,117] Trial 11 finished with value: 9556.6064453125 and parameters: {'gradient_clip_val': 0.41498476971729464, 'hidden_size': 145, 'dropout': 0.21843784817680512, 'hidden_continuous_size': 106, 'attention_head_size': 1, 'learning_rate': 0.0005532013611959252}. Best is trial 0 with value: 995.6713256835938.
LOCAL_RANK: 0 - CUDA_VISIBLE_DEVICES: [0]
[I 2023-12-27 11:12:02,647] Trial 12 finished with value: 10239.4658203125 and parameters: {'gradient_clip_val': 0.47603581725931776, 'hidden_size': 137, 'dropout': 0.22559759152002445, 'hidden_continuous_size': 109, 'attention_head_size': 1, 'learning_rate': 0.0005540075129478078}. Best is trial 0 with value: 995.6713256835938.
LOCAL_RANK: 0 - CUDA_VISIBLE_DEVICES: [0]
[I 2023-12-27 11:12:03,072] Trial 13 finished with value: 10661.4072265625 and parameters: {'gradient_clip_val': 0.31114771815198583, 'hidden_size': 6, 'dropout': 0.21921582805385986, 'hidden_continuous_size': 6, 'attention_head_size': 1, 'learning_rate': 0.002360953116087653}. Best is trial 0 with value: 995.6713256835938.
LOCAL_RANK: 0 - CUDA_VISIBLE_DEVICES: [0]
[I 2023-12-27 11:12:03,573] Trial 14 finished with value: 14600.7275390625 and parameters: {'gradient_clip_val': 0.568527989943796, 'hidden_size': 93, 'dropout': 0.18080725451875967, 'hidden_continuous_size': 64, 'attention_head_size': 2, 'learning_rate': 0.09264334848182718}. Best is trial 0 with value: 995.6713256835938.
LOCAL_RANK: 0 - CUDA_VISIBLE_DEVICES: [0]
[I 2023-12-27 11:12:04,054] Trial 15 finished with value: 8411.64453125 and parameters: {'gradient_clip_val': 0.1561164094564007, 'hidden_size': 93, 'dropout': 0.26403396539204244, 'hidden_continuous_size': 56, 'attention_head_size': 1, 'learning_rate': 0.0005046943936872513}. Best is trial 0 with value: 995.6713256835938.
LOCAL_RANK: 0 - CUDA_VISIBLE_DEVICES: [0]
[I 2023-12-27 11:12:04,553] Trial 16 finished with value: 7707.55859375 and parameters: {'gradient_clip_val': 0.14954731665716092, 'hidden_size': 88, 'dropout': 0.26842499076891085, 'hidden_continuous_size': 41, 'attention_head_size': 2, 'learning_rate': 0.0028519808426934776}. Best is trial 0 with value: 995.6713256835938.
LOCAL_RANK: 0 - CUDA_VISIBLE_DEVICES: [0]
[I 2023-12-27 11:12:05,038] Trial 17 finished with value: 9765.509765625 and parameters: {'gradient_clip_val': 0.14439879641040532, 'hidden_size': 43, 'dropout': 0.17004244315831593, 'hidden_continuous_size': 16, 'attention_head_size': 2, 'learning_rate': 0.0025907044620028324}. Best is trial 0 with value: 995.6713256835938.
LOCAL_RANK: 0 - CUDA_VISIBLE_DEVICES: [0]
[I 2023-12-27 11:12:05,538] Trial 18 finished with value: 9963.33203125 and parameters: {'gradient_clip_val': 0.17724723709179066, 'hidden_size': 91, 'dropout': 0.27312694329843135, 'hidden_continuous_size': 39, 'attention_head_size': 3, 'learning_rate': 0.0019803102904045826}. Best is trial 0 with value: 995.6713256835938.
LOCAL_RANK: 0 - CUDA_VISIBLE_DEVICES: [0]
[I 2023-12-27 11:12:06,041] Trial 19 finished with value: 9056.7919921875 and parameters: {'gradient_clip_val': 0.11800454825168064, 'hidden_size': 38, 'dropout': 0.17916995609171488, 'hidden_continuous_size': 15, 'attention_head_size': 2, 'learning_rate': 0.004011866140365667}. Best is trial 0 with value: 995.6713256835938.
LOCAL_RANK: 0 - CUDA_VISIBLE_DEVICES: [0]
[I 2023-12-27 11:12:06,539] Trial 20 finished with value: 11741.43359375 and parameters: {'gradient_clip_val': 0.29371719897914583, 'hidden_size': 56, 'dropout': 0.10335592014618587, 'hidden_continuous_size': 30, 'attention_head_size': 3, 'learning_rate': 0.0009825612529585038}. Best is trial 0 with value: 995.6713256835938.
LOCAL_RANK: 0 - CUDA_VISIBLE_DEVICES: [0]
[I 2023-12-27 11:12:07,300] Trial 21 finished with value: 10286.2939453125 and parameters: {'gradient_clip_val': 0.17085816064731, 'hidden_size': 91, 'dropout': 0.2764213996444288, 'hidden_continuous_size': 47, 'attention_head_size': 1, 'learning_rate': 0.0008529185470859037}. Best is trial 0 with value: 995.6713256835938.
LOCAL_RANK: 0 - CUDA_VISIBLE_DEVICES: [0]
[I 2023-12-27 11:12:07,832] Trial 22 finished with value: 12647.8173828125 and parameters: {'gradient_clip_val': 0.13911430939533773, 'hidden_size': 103, 'dropout': 0.2613517220156793, 'hidden_continuous_size': 60, 'attention_head_size': 2, 'learning_rate': 0.0016607928015271878}. Best is trial 0 with value: 995.6713256835938.
LOCAL_RANK: 0 - CUDA_VISIBLE_DEVICES: [0]
[I 2023-12-27 11:12:08,362] Trial 23 finished with value: 7687.17138671875 and parameters: {'gradient_clip_val': 0.18483136954925786, 'hidden_size': 75, 'dropout': 0.26016936471682967, 'hidden_continuous_size': 37, 'attention_head_size': 2, 'learning_rate': 0.0007162588156711054}. Best is trial 0 with value: 995.6713256835938.
LOCAL_RANK: 0 - CUDA_VISIBLE_DEVICES: [0]
[I 2023-12-27 11:12:08,885] Trial 24 finished with value: 10135.734375 and parameters: {'gradient_clip_val': 0.18278848425730324, 'hidden_size': 148, 'dropout': 0.2951171796009555, 'hidden_continuous_size': 36, 'attention_head_size': 2, 'learning_rate': 0.0015501707926115918}. Best is trial 0 with value: 995.6713256835938.
LOCAL_RANK: 0 - CUDA_VISIBLE_DEVICES: [0]
[I 2023-12-27 11:12:09,345] Trial 25 finished with value: 10618.1240234375 and parameters: {'gradient_clip_val': 0.2702927367969105, 'hidden_size': 70, 'dropout': 0.34364135593390754, 'hidden_continuous_size': 38, 'attention_head_size': 2, 'learning_rate': 0.0008108549189914028}. Best is trial 0 with value: 995.6713256835938.
LOCAL_RANK: 0 - CUDA_VISIBLE_DEVICES: [0]
[I 2023-12-27 11:12:09,809] Trial 26 finished with value: 6936.17138671875 and parameters: {'gradient_clip_val': 0.19261776180706655, 'hidden_size': 50, 'dropout': 0.24774021421579046, 'hidden_continuous_size': 30, 'attention_head_size': 3, 'learning_rate': 0.0027303471442403863}. Best is trial 0 with value: 995.6713256835938.
LOCAL_RANK: 0 - CUDA_VISIBLE_DEVICES: [0]
[I 2023-12-27 11:12:10,269] Trial 27 finished with value: 6688.125 and parameters: {'gradient_clip_val': 0.18722436409926152, 'hidden_size': 56, 'dropout': 0.1555509585213916, 'hidden_continuous_size': 30, 'attention_head_size': 4, 'learning_rate': 0.0016146202682298901}. Best is trial 0 with value: 995.6713256835938.
LOCAL_RANK: 0 - CUDA_VISIBLE_DEVICES: [0]
[I 2023-12-27 11:12:10,760] Trial 28 finished with value: 9272.0595703125 and parameters: {'gradient_clip_val': 0.2583989951843149, 'hidden_size': 54, 'dropout': 0.15484669480709692, 'hidden_continuous_size': 22, 'attention_head_size': 4, 'learning_rate': 0.0014161040442434518}. Best is trial 0 with value: 995.6713256835938.
LOCAL_RANK: 0 - CUDA_VISIBLE_DEVICES: [0]
[I 2023-12-27 11:12:11,248] Trial 29 finished with value: 10041.3115234375 and parameters: {'gradient_clip_val': 0.10391627347932267, 'hidden_size': 23, 'dropout': 0.14449897614304702, 'hidden_continuous_size': 14, 'attention_head_size': 4, 'learning_rate': 0.0020844719327803816}. Best is trial 0 with value: 995.6713256835938.
LOCAL_RANK: 0 - CUDA_VISIBLE_DEVICES: [0]
[I 2023-12-27 11:12:11,739] Trial 30 finished with value: 12451.2470703125 and parameters: {'gradient_clip_val': 0.2198785902951957, 'hidden_size': 34, 'dropout': 0.1917062299035039, 'hidden_continuous_size': 18, 'attention_head_size': 4, 'learning_rate': 0.003738508819122661}. Best is trial 0 with value: 995.6713256835938.
LOCAL_RANK: 0 - CUDA_VISIBLE_DEVICES: [0]
[I 2023-12-27 11:12:12,227] Trial 31 finished with value: 12989.3056640625 and parameters: {'gradient_clip_val': 0.1929712130867273, 'hidden_size': 48, 'dropout': 0.15119004556935828, 'hidden_continuous_size': 27, 'attention_head_size': 3, 'learning_rate': 0.0008171392516399611}. Best is trial 0 with value: 995.6713256835938.
LOCAL_RANK: 0 - CUDA_VISIBLE_DEVICES: [0]
[I 2023-12-27 11:12:12,700] Trial 32 finished with value: 8510.568359375 and parameters: {'gradient_clip_val': 0.19441106729845684, 'hidden_size': 75, 'dropout': 0.19749171300717092, 'hidden_continuous_size': 32, 'attention_head_size': 3, 'learning_rate': 0.001602437342720804}. Best is trial 0 with value: 995.6713256835938.
LOCAL_RANK: 0 - CUDA_VISIBLE_DEVICES: [0]
[I 2023-12-27 11:12:13,191] Trial 33 finished with value: 7814.9921875 and parameters: {'gradient_clip_val': 0.20403466836333262, 'hidden_size': 60, 'dropout': 0.23655239700285333, 'hidden_continuous_size': 25, 'attention_head_size': 4, 'learning_rate': 0.0007316520153273861}. Best is trial 0 with value: 995.6713256835938.
LOCAL_RANK: 0 - CUDA_VISIBLE_DEVICES: [0]
[I 2023-12-27 11:12:13,905] Trial 34 finished with value: 11727.71875 and parameters: {'gradient_clip_val': 0.17012744366968527, 'hidden_size': 50, 'dropout': 0.19652878528963255, 'hidden_continuous_size': 32, 'attention_head_size': 3, 'learning_rate': 0.0011805213646382538}. Best is trial 0 with value: 995.6713256835938.
LOCAL_RANK: 0 - CUDA_VISIBLE_DEVICES: [0]
[I 2023-12-27 11:12:14,425] Trial 35 finished with value: 8935.8798828125 and parameters: {'gradient_clip_val': 0.24468426171760513, 'hidden_size': 73, 'dropout': 0.12480031142807413, 'hidden_continuous_size': 23, 'attention_head_size': 4, 'learning_rate': 0.005614232995622232}. Best is trial 0 with value: 995.6713256835938.
LOCAL_RANK: 0 - CUDA_VISIBLE_DEVICES: [0]
[I 2023-12-27 11:12:14,931] Trial 36 finished with value: 10170.7763671875 and parameters: {'gradient_clip_val': 0.12735071668770823, 'hidden_size': 42, 'dropout': 0.1013044919583708, 'hidden_continuous_size': 21, 'attention_head_size': 3, 'learning_rate': 0.0010299011761189802}. Best is trial 0 with value: 995.6713256835938.
LOCAL_RANK: 0 - CUDA_VISIBLE_DEVICES: [0]
[I 2023-12-27 11:12:15,420] Trial 37 finished with value: 9247.2041015625 and parameters: {'gradient_clip_val': 0.1958044679219882, 'hidden_size': 58, 'dropout': 0.24556273617507818, 'hidden_continuous_size': 28, 'attention_head_size': 2, 'learning_rate': 0.0030742543763409703}. Best is trial 0 with value: 995.6713256835938.
LOCAL_RANK: 0 - CUDA_VISIBLE_DEVICES: [0]
[I 2023-12-27 11:12:15,944] Trial 38 finished with value: 12111.4970703125 and parameters: {'gradient_clip_val': 0.16369527272716528, 'hidden_size': 117, 'dropout': 0.3027643228784447, 'hidden_continuous_size': 51, 'attention_head_size': 2, 'learning_rate': 0.0018702393396642046}. Best is trial 0 with value: 995.6713256835938.
LOCAL_RANK: 0 - CUDA_VISIBLE_DEVICES: [0]
[I 2023-12-27 11:12:16,455] Trial 39 finished with value: 7325.595703125 and parameters: {'gradient_clip_val': 0.21335604064950892, 'hidden_size': 77, 'dropout': 0.1584280073598396, 'hidden_continuous_size': 44, 'attention_head_size': 4, 'learning_rate': 0.0012859269144482176}. Best is trial 0 with value: 995.6713256835938.
LOCAL_RANK: 0 - CUDA_VISIBLE_DEVICES: [0]
[I 2023-12-27 11:12:16,941] Trial 40 finished with value: 8715.9052734375 and parameters: {'gradient_clip_val': 0.2237000954550421, 'hidden_size': 33, 'dropout': 0.16607647180388058, 'hidden_continuous_size': 20, 'attention_head_size': 4, 'learning_rate': 0.0012212646932402472}. Best is trial 0 with value: 995.6713256835938.
LOCAL_RANK: 0 - CUDA_VISIBLE_DEVICES: [0]
[I 2023-12-27 11:12:17,442] Trial 41 finished with value: 7805.146484375 and parameters: {'gradient_clip_val': 0.20792610087054492, 'hidden_size': 71, 'dropout': 0.13940467585258778, 'hidden_continuous_size': 44, 'attention_head_size': 4, 'learning_rate': 0.0013482762652725657}. Best is trial 0 with value: 995.6713256835938.
LOCAL_RANK: 0 - CUDA_VISIBLE_DEVICES: [0]
[I 2023-12-27 11:12:17,939] Trial 42 finished with value: 9907.4560546875 and parameters: {'gradient_clip_val': 0.2638494361731779, 'hidden_size': 81, 'dropout': 0.204693075951988, 'hidden_continuous_size': 37, 'attention_head_size': 4, 'learning_rate': 0.0006935579673220924}. Best is trial 0 with value: 995.6713256835938.
LOCAL_RANK: 0 - CUDA_VISIBLE_DEVICES: [0]
[I 2023-12-27 11:12:18,447] Trial 43 finished with value: 9101.8125 and parameters: {'gradient_clip_val': 0.18050998537138882, 'hidden_size': 63, 'dropout': 0.16357256255600097, 'hidden_continuous_size': 34, 'attention_head_size': 4, 'learning_rate': 0.0010079232640028378}. Best is trial 0 with value: 995.6713256835938.
LOCAL_RANK: 0 - CUDA_VISIBLE_DEVICES: [0]
[I 2023-12-27 11:12:18,914] Trial 44 finished with value: 10709.7392578125 and parameters: {'gradient_clip_val': 0.2248028572655003, 'hidden_size': 64, 'dropout': 0.12353365122478813, 'hidden_continuous_size': 43, 'attention_head_size': 3, 'learning_rate': 0.0020976089777680943}. Best is trial 0 with value: 995.6713256835938.
LOCAL_RANK: 0 - CUDA_VISIBLE_DEVICES: [0]
[I 2023-12-27 11:12:19,421] Trial 45 finished with value: 8056.78125 and parameters: {'gradient_clip_val': 0.1557302908093555, 'hidden_size': 82, 'dropout': 0.21046484620959732, 'hidden_continuous_size': 25, 'attention_head_size': 3, 'learning_rate': 0.0006727714872525849}. Best is trial 0 with value: 995.6713256835938.
LOCAL_RANK: 0 - CUDA_VISIBLE_DEVICES: [0]
[I 2023-12-27 11:12:19,925] Trial 46 finished with value: 12536.3515625 and parameters: {'gradient_clip_val': 0.24128016231433222, 'hidden_size': 111, 'dropout': 0.18298866773373218, 'hidden_continuous_size': 73, 'attention_head_size': 2, 'learning_rate': 0.0013208313089378035}. Best is trial 0 with value: 995.6713256835938.
LOCAL_RANK: 0 - CUDA_VISIBLE_DEVICES: [0]
[I 2023-12-27 11:12:20,691] Trial 47 finished with value: 9734.6728515625 and parameters: {'gradient_clip_val': 0.13605375848059437, 'hidden_size': 51, 'dropout': 0.23811342738953517, 'hidden_continuous_size': 33, 'attention_head_size': 4, 'learning_rate': 0.0009230748755105262}. Best is trial 0 with value: 995.6713256835938.
LOCAL_RANK: 0 - CUDA_VISIBLE_DEVICES: [0]
