[I 2023-12-27 11:26:13,420] Trial 16 finished with value: 53.71781921386719 and parameters: {'gradient_clip_val': 0.34771975811330036, 'hidden_size': 16, 'dropout': 0.20148077205752996, 'hidden_continuous_size': 6, 'attention_head_size': 1, 'learning_rate': 0.002850932169330926}. Best is trial 0 with value: 17.935861587524414.
[I 2023-12-27 11:26:14,020] Trial 17 finished with value: 54.23515701293945 and parameters: {'gradient_clip_val': 0.6036165608016639, 'hidden_size': 9, 'dropout': 0.33161619605675874, 'hidden_continuous_size': 5, 'attention_head_size': 2, 'learning_rate': 0.001221010219003127}. Best is trial 0 with value: 17.935861587524414.
[I 2023-12-27 11:26:14,337] Trial 18 finished with value: 52.872066497802734 and parameters: {'gradient_clip_val': 0.25617323378540935, 'hidden_size': 5, 'dropout': 0.21794507272889607, 'hidden_continuous_size': 5, 'attention_head_size': 3, 'learning_rate': 0.0005754491103728013}. Best is trial 0 with value: 17.935861587524414.
[I 2023-12-27 11:26:14,692] Trial 19 finished with value: 44.37533187866211 and parameters: {'gradient_clip_val': 0.35194043701496486, 'hidden_size': 7, 'dropout': 0.4469380868269899, 'hidden_continuous_size': 5, 'attention_head_size': 4, 'learning_rate': 0.007839366776920514}. Best is trial 0 with value: 17.935861587524414.
[I 2023-12-27 11:26:15,048] Trial 20 finished with value: 50.55470657348633 and parameters: {'gradient_clip_val': 0.44948835026366063, 'hidden_size': 18, 'dropout': 0.3195299141941821, 'hidden_continuous_size': 6, 'attention_head_size': 1, 'learning_rate': 0.0031975653802923574}. Best is trial 0 with value: 17.935861587524414.
[I 2023-12-27 11:26:15,407] Trial 21 finished with value: 52.73124313354492 and parameters: {'gradient_clip_val': 0.3578130515451432, 'hidden_size': 8, 'dropout': 0.4592578458266585, 'hidden_continuous_size': 5, 'attention_head_size': 4, 'learning_rate': 0.007680908479546624}. Best is trial 0 with value: 17.935861587524414.
[I 2023-12-27 11:26:15,774] Trial 22 finished with value: 48.20103073120117 and parameters: {'gradient_clip_val': 0.31356489684150163, 'hidden_size': 12, 'dropout': 0.39034899668026796, 'hidden_continuous_size': 6, 'attention_head_size': 4, 'learning_rate': 0.007897392270933236}. Best is trial 0 with value: 17.935861587524414.
[I 2023-12-27 11:26:16,136] Trial 23 finished with value: 46.665340423583984 and parameters: {'gradient_clip_val': 0.23999445434376446, 'hidden_size': 8, 'dropout': 0.432597083401557, 'hidden_continuous_size': 5, 'attention_head_size': 3, 'learning_rate': 0.00527950110401701}. Best is trial 0 with value: 17.935861587524414.
[I 2023-12-27 11:26:16,485] Trial 24 finished with value: 52.74638366699219 and parameters: {'gradient_clip_val': 0.3884087215422118, 'hidden_size': 6, 'dropout': 0.4805820048826745, 'hidden_continuous_size': 5, 'attention_head_size': 4, 'learning_rate': 0.001848278857014999}. Best is trial 0 with value: 17.935861587524414.
[I 2023-12-27 11:26:16,886] Trial 25 finished with value: 47.21297073364258 and parameters: {'gradient_clip_val': 0.29051121321313345, 'hidden_size': 13, 'dropout': 0.44965411031588587, 'hidden_continuous_size': 6, 'attention_head_size': 3, 'learning_rate': 0.004094181651828349}. Best is trial 0 with value: 17.935861587524414.
[I 2023-12-27 11:26:17,199] Trial 26 finished with value: 74.4651870727539 and parameters: {'gradient_clip_val': 0.20637436656082445, 'hidden_size': 5, 'dropout': 0.4028453868935927, 'hidden_continuous_size': 5, 'attention_head_size': 2, 'learning_rate': 0.0037168221372247336}. Best is trial 0 with value: 17.935861587524414.
[I 2023-12-27 11:26:17,559] Trial 27 finished with value: 53.045166015625 and parameters: {'gradient_clip_val': 0.322794008269077, 'hidden_size': 10, 'dropout': 0.3685202056798897, 'hidden_continuous_size': 6, 'attention_head_size': 4, 'learning_rate': 0.0019923950535988663}. Best is trial 0 with value: 17.935861587524414.
[I 2023-12-27 11:26:17,910] Trial 28 finished with value: 41.61049270629883 and parameters: {'gradient_clip_val': 0.5355490104229931, 'hidden_size': 7, 'dropout': 0.4149836678653177, 'hidden_continuous_size': 5, 'attention_head_size': 3, 'learning_rate': 0.011700373796996658}. Best is trial 0 with value: 17.935861587524414.
[I 2023-12-27 11:26:18,262] Trial 29 finished with value: 48.157012939453125 and parameters: {'gradient_clip_val': 0.5436396520930019, 'hidden_size': 17, 'dropout': 0.4151820730504618, 'hidden_continuous_size': 7, 'attention_head_size': 3, 'learning_rate': 0.0009685250019959078}. Best is trial 0 with value: 17.935861587524414.
[I 2023-12-27 11:26:18,578] Trial 30 finished with value: 63.66457748413086 and parameters: {'gradient_clip_val': 0.6883278891381007, 'hidden_size': 5, 'dropout': 0.4318218305446736, 'hidden_continuous_size': 5, 'attention_head_size': 3, 'learning_rate': 0.01104268283980967}. Best is trial 0 with value: 17.935861587524414.
[I 2023-12-27 11:26:19,180] Trial 31 finished with value: 59.6705207824707 and parameters: {'gradient_clip_val': 0.4093795555531828, 'hidden_size': 7, 'dropout': 0.47080887771407065, 'hidden_continuous_size': 5, 'attention_head_size': 3, 'learning_rate': 0.005976495587637157}. Best is trial 0 with value: 17.935861587524414.
[I 2023-12-27 11:26:19,536] Trial 32 finished with value: 50.825103759765625 and parameters: {'gradient_clip_val': 0.46761988305357777, 'hidden_size': 11, 'dropout': 0.4387969092742683, 'hidden_continuous_size': 5, 'attention_head_size': 4, 'learning_rate': 0.009631244646554215}. Best is trial 0 with value: 17.935861587524414.
[I 2023-12-27 11:26:19,887] Trial 33 finished with value: 48.576995849609375 and parameters: {'gradient_clip_val': 0.27220613903663565, 'hidden_size': 7, 'dropout': 0.4163975372693555, 'hidden_continuous_size': 5, 'attention_head_size': 3, 'learning_rate': 0.016464143795580657}. Best is trial 0 with value: 17.935861587524414.
[I 2023-12-27 11:26:20,265] Trial 34 finished with value: 43.04740524291992 and parameters: {'gradient_clip_val': 0.4072673477576413, 'hidden_size': 6, 'dropout': 0.45647969684870465, 'hidden_continuous_size': 5, 'attention_head_size': 2, 'learning_rate': 0.006527773525732706}. Best is trial 0 with value: 17.935861587524414.
[I 2023-12-27 11:26:20,645] Trial 35 finished with value: 47.73512268066406 and parameters: {'gradient_clip_val': 0.4089267283823114, 'hidden_size': 6, 'dropout': 0.49773132588179636, 'hidden_continuous_size': 5, 'attention_head_size': 2, 'learning_rate': 0.006395461748280855}. Best is trial 0 with value: 17.935861587524414.
[I 2023-12-27 11:26:21,016] Trial 36 finished with value: 53.233489990234375 and parameters: {'gradient_clip_val': 0.5184245952669624, 'hidden_size': 14, 'dropout': 0.3685402435852486, 'hidden_continuous_size': 6, 'attention_head_size': 1, 'learning_rate': 0.0034862531862363297}. Best is trial 0 with value: 17.935861587524414.
[I 2023-12-27 11:26:21,382] Trial 37 finished with value: 59.47373962402344 and parameters: {'gradient_clip_val': 0.28598188083256015, 'hidden_size': 6, 'dropout': 0.30411725880989404, 'hidden_continuous_size': 5, 'attention_head_size': 2, 'learning_rate': 0.011617985724932382}. Best is trial 0 with value: 17.935861587524414.
[I 2023-12-27 11:26:21,770] Trial 38 finished with value: 52.19902038574219 and parameters: {'gradient_clip_val': 0.6665204456040409, 'hidden_size': 9, 'dropout': 0.4758928942280079, 'hidden_continuous_size': 5, 'attention_head_size': 1, 'learning_rate': 0.0021373201531614495}. Best is trial 0 with value: 17.935861587524414.
[I 2023-12-27 11:26:22,161] Trial 39 finished with value: 49.86100387573242 and parameters: {'gradient_clip_val': 0.4240206342552624, 'hidden_size': 22, 'dropout': 0.25706046545322864, 'hidden_continuous_size': 7, 'attention_head_size': 3, 'learning_rate': 0.01911615042819994}. Best is trial 0 with value: 17.935861587524414.
[I 2023-12-27 11:26:22,582] Trial 40 finished with value: 57.89607238769531 and parameters: {'gradient_clip_val': 0.32309981839175317, 'hidden_size': 27, 'dropout': 0.38526003003519094, 'hidden_continuous_size': 10, 'attention_head_size': 2, 'learning_rate': 0.013564385692158119}. Best is trial 0 with value: 17.935861587524414.
[I 2023-12-27 11:26:22,958] Trial 41 finished with value: 49.67970657348633 and parameters: {'gradient_clip_val': 0.3590479205852166, 'hidden_size': 7, 'dropout': 0.45660638591915764, 'hidden_continuous_size': 5, 'attention_head_size': 4, 'learning_rate': 0.007449727749249911}. Best is trial 0 with value: 17.935861587524414.
[I 2023-12-27 11:26:23,338] Trial 42 finished with value: 62.88409423828125 and parameters: {'gradient_clip_val': 0.4911793446423806, 'hidden_size': 11, 'dropout': 0.4451965098696917, 'hidden_continuous_size': 6, 'attention_head_size': 3, 'learning_rate': 0.010237322947680646}. Best is trial 0 with value: 17.935861587524414.
[I 2023-12-27 11:26:23,674] Trial 43 finished with value: 46.763641357421875 and parameters: {'gradient_clip_val': 0.38827220581172717, 'hidden_size': 5, 'dropout': 0.4166602313482614, 'hidden_continuous_size': 5, 'attention_head_size': 1, 'learning_rate': 0.004844477462590303}. Best is trial 0 with value: 17.935861587524414.
[I 2023-12-27 11:26:24,256] Trial 44 finished with value: 68.70970916748047 and parameters: {'gradient_clip_val': 0.4482192717866269, 'hidden_size': 6, 'dropout': 0.4604587253657195, 'hidden_continuous_size': 5, 'attention_head_size': 2, 'learning_rate': 0.00611348617100399}. Best is trial 0 with value: 17.935861587524414.
[I 2023-12-27 11:26:24,600] Trial 45 finished with value: 55.70966720581055 and parameters: {'gradient_clip_val': 0.5093655260984049, 'hidden_size': 8, 'dropout': 0.4269933343977595, 'hidden_continuous_size': 5, 'attention_head_size': 4, 'learning_rate': 0.002795404084395588}. Best is trial 0 with value: 17.935861587524414.
[I 2023-12-27 11:26:24,956] Trial 46 finished with value: 63.80134963989258 and parameters: {'gradient_clip_val': 0.333832270804575, 'hidden_size': 15, 'dropout': 0.48264611371806176, 'hidden_continuous_size': 6, 'attention_head_size': 3, 'learning_rate': 0.008492240875776803}. Best is trial 0 with value: 17.935861587524414.
[I 2023-12-27 11:26:25,310] Trial 47 finished with value: 50.373748779296875 and parameters: {'gradient_clip_val': 0.3868338402212406, 'hidden_size': 13, 'dropout': 0.4020235210206099, 'hidden_continuous_size': 6, 'attention_head_size': 2, 'learning_rate': 0.004445765265359779}. Best is trial 0 with value: 17.935861587524414.
[I 2023-12-27 11:26:25,668] Trial 48 finished with value: 55.48418045043945 and parameters: {'gradient_clip_val': 0.3068153078141915, 'hidden_size': 10, 'dropout': 0.35669540682322665, 'hidden_continuous_size': 5, 'attention_head_size': 3, 'learning_rate': 0.021103385768728035}. Best is trial 0 with value: 17.935861587524414.
[I 2023-12-27 11:26:26,035] Trial 49 finished with value: 48.34025955200195 and parameters: {'gradient_clip_val': 0.5741591339488409, 'hidden_size': 35, 'dropout': 0.44325634459451585, 'hidden_continuous_size': 7, 'attention_head_size': 1, 'learning_rate': 0.013616657269546945}. Best is trial 0 with value: 17.935861587524414.
[I 2023-12-27 11:26:26,141] A new study created in memory with name: no-name-760150d5-76a4-40b1-9304-00668778d312
/home/le004/conda/anaconda3/envs/tsff_env/lib/python3.9/site-packages/lightning/fabric/plugins/environments/slurm.py:191: The `srun` command is available on your system but is not used. HINT: If your intention is to run Lightning on SLURM, prepend your python command with `srun` like so: srun python /home/le004/master_thesis/git/TSFusionForecast/code/ ...
[I 2023-12-27 11:26:55,563] Trial 0 finished with value: 71.4282455444336 and parameters: {'gradient_clip_val': 0.2836503715241934, 'hidden_size': 7, 'dropout': 0.4982680214931413, 'hidden_continuous_size': 6, 'attention_head_size': 3, 'learning_rate': 0.0530816005896069}. Best is trial 0 with value: 71.4282455444336.
[I 2023-12-27 11:27:06,542] Trial 1 finished with value: 95.9347915649414 and parameters: {'gradient_clip_val': 0.42506097101778595, 'hidden_size': 73, 'dropout': 0.38016486706108565, 'hidden_continuous_size': 8, 'attention_head_size': 1, 'learning_rate': 0.09175417047812488}. Best is trial 0 with value: 71.4282455444336.
[I 2023-12-27 11:27:06,892] Trial 2 finished with value: 304.44561767578125 and parameters: {'gradient_clip_val': 0.2008450271632092, 'hidden_size': 28, 'dropout': 0.20837453937996778, 'hidden_continuous_size': 8, 'attention_head_size': 1, 'learning_rate': 0.0906538132091363}. Best is trial 0 with value: 71.4282455444336.
[I 2023-12-27 11:27:07,240] Trial 3 finished with value: 394.5747985839844 and parameters: {'gradient_clip_val': 0.1479121990877855, 'hidden_size': 28, 'dropout': 0.4463909364950952, 'hidden_continuous_size': 6, 'attention_head_size': 1, 'learning_rate': 0.059255809855078084}. Best is trial 0 with value: 71.4282455444336.
[I 2023-12-27 11:27:07,802] Trial 4 finished with value: 358.585205078125 and parameters: {'gradient_clip_val': 0.5419884111022274, 'hidden_size': 38, 'dropout': 0.15592476064488203, 'hidden_continuous_size': 5, 'attention_head_size': 2, 'learning_rate': 0.007183236729194642}. Best is trial 0 with value: 71.4282455444336.
[I 2023-12-27 11:27:08,135] Trial 5 finished with value: 299.4490051269531 and parameters: {'gradient_clip_val': 0.3976624912568198, 'hidden_size': 11, 'dropout': 0.4567595184022011, 'hidden_continuous_size': 8, 'attention_head_size': 4, 'learning_rate': 0.020180490200475642}. Best is trial 0 with value: 71.4282455444336.
[I 2023-12-27 11:27:08,487] Trial 6 finished with value: 326.7720947265625 and parameters: {'gradient_clip_val': 0.1685759436004927, 'hidden_size': 22, 'dropout': 0.3956889390654612, 'hidden_continuous_size': 20, 'attention_head_size': 3, 'learning_rate': 0.003304648931827458}. Best is trial 0 with value: 71.4282455444336.
[I 2023-12-27 11:27:08,888] Trial 7 finished with value: 407.0216979980469 and parameters: {'gradient_clip_val': 0.5893210715694545, 'hidden_size': 64, 'dropout': 0.3165893935157094, 'hidden_continuous_size': 6, 'attention_head_size': 4, 'learning_rate': 0.002360552733061822}. Best is trial 0 with value: 71.4282455444336.
[I 2023-12-27 11:27:09,222] Trial 8 finished with value: 374.102294921875 and parameters: {'gradient_clip_val': 0.49474143703879214, 'hidden_size': 10, 'dropout': 0.16359169120509592, 'hidden_continuous_size': 6, 'attention_head_size': 1, 'learning_rate': 0.00810534135050851}. Best is trial 0 with value: 71.4282455444336.
[I 2023-12-27 11:27:09,552] Trial 9 finished with value: 435.3529968261719 and parameters: {'gradient_clip_val': 0.2173605236481925, 'hidden_size': 13, 'dropout': 0.40528078429352943, 'hidden_continuous_size': 8, 'attention_head_size': 1, 'learning_rate': 0.008162903763565616}. Best is trial 0 with value: 71.4282455444336.
[I 2023-12-27 11:27:09,889] Trial 10 finished with value: 452.1064453125 and parameters: {'gradient_clip_val': 0.9592706228371973, 'hidden_size': 5, 'dropout': 0.4949140240231736, 'hidden_continuous_size': 5, 'attention_head_size': 3, 'learning_rate': 0.0005619322652517699}. Best is trial 0 with value: 71.4282455444336.
[I 2023-12-27 11:27:10,527] Trial 11 finished with value: 255.85179138183594 and parameters: {'gradient_clip_val': 0.2719122821399418, 'hidden_size': 145, 'dropout': 0.34904765078979555, 'hidden_continuous_size': 134, 'attention_head_size': 2, 'learning_rate': 0.035465214066681836}. Best is trial 0 with value: 71.4282455444336.
[I 2023-12-27 11:27:10,970] Trial 12 finished with value: 338.47076416015625 and parameters: {'gradient_clip_val': 0.3187974233529834, 'hidden_size': 70, 'dropout': 0.4991923826070937, 'hidden_continuous_size': 13, 'attention_head_size': 3, 'learning_rate': 0.0989768665513213}. Best is trial 0 with value: 71.4282455444336.
[I 2023-12-27 11:27:11,311] Trial 13 finished with value: 363.6191101074219 and parameters: {'gradient_clip_val': 0.1294422767694815, 'hidden_size': 6, 'dropout': 0.27223194984442095, 'hidden_continuous_size': 5, 'attention_head_size': 2, 'learning_rate': 0.03496865365332889}. Best is trial 0 with value: 71.4282455444336.
[I 2023-12-27 11:27:11,654] Trial 14 finished with value: 493.2455139160156 and parameters: {'gradient_clip_val': 0.29722852730419375, 'hidden_size': 16, 'dropout': 0.3720511437600345, 'hidden_continuous_size': 7, 'attention_head_size': 3, 'learning_rate': 0.02348111199388104}. Best is trial 0 with value: 71.4282455444336.
[I 2023-12-27 11:27:11,991] Trial 15 finished with value: 328.3154602050781 and parameters: {'gradient_clip_val': 0.10113456968992017, 'hidden_size': 8, 'dropout': 0.4287367793100986, 'hidden_continuous_size': 6, 'attention_head_size': 2, 'learning_rate': 0.05432632111384095}. Best is trial 0 with value: 71.4282455444336.
[I 2023-12-27 11:27:12,335] Trial 16 finished with value: 305.5576171875 and parameters: {'gradient_clip_val': 0.3651684575580095, 'hidden_size': 7, 'dropout': 0.3421266448247413, 'hidden_continuous_size': 5, 'attention_head_size': 4, 'learning_rate': 0.09313260466100871}. Best is trial 0 with value: 71.4282455444336.
[I 2023-12-27 11:27:12,645] Trial 17 finished with value: 265.9370422363281 and parameters: {'gradient_clip_val': 0.24422431453499385, 'hidden_size': 5, 'dropout': 0.2691289795766866, 'hidden_continuous_size': 5, 'attention_head_size': 2, 'learning_rate': 0.019269745690389882}. Best is trial 0 with value: 71.4282455444336.
[I 2023-12-27 11:27:13,231] Trial 18 finished with value: 238.9151611328125 and parameters: {'gradient_clip_val': 0.4227001442704854, 'hidden_size': 17, 'dropout': 0.3917602862531593, 'hidden_continuous_size': 7, 'attention_head_size': 3, 'learning_rate': 0.049433753328700876}. Best is trial 0 with value: 71.4282455444336.
[I 2023-12-27 11:27:13,582] Trial 19 finished with value: 351.8283386230469 and parameters: {'gradient_clip_val': 0.31335431301535344, 'hidden_size': 8, 'dropout': 0.4493745795504481, 'hidden_continuous_size': 6, 'attention_head_size': 4, 'learning_rate': 0.015401883391714784}. Best is trial 0 with value: 71.4282455444336.
[I 2023-12-27 11:27:13,968] Trial 20 finished with value: 319.3094177246094 and parameters: {'gradient_clip_val': 0.19616100684761748, 'hidden_size': 44, 'dropout': 0.4978367293128652, 'hidden_continuous_size': 10, 'attention_head_size': 1, 'learning_rate': 0.03587384886020653}. Best is trial 0 with value: 71.4282455444336.
[I 2023-12-27 11:27:14,309] Trial 21 finished with value: 236.4589080810547 and parameters: {'gradient_clip_val': 0.4113708418816862, 'hidden_size': 16, 'dropout': 0.38583680233220463, 'hidden_continuous_size': 7, 'attention_head_size': 3, 'learning_rate': 0.06193780262348328}. Best is trial 0 with value: 71.4282455444336.
[I 2023-12-27 11:27:14,675] Trial 22 finished with value: 326.942138671875 and parameters: {'gradient_clip_val': 0.25624368372672357, 'hidden_size': 12, 'dropout': 0.36457392676256095, 'hidden_continuous_size': 7, 'attention_head_size': 3, 'learning_rate': 0.0669523570226556}. Best is trial 0 with value: 71.4282455444336.
[I 2023-12-27 11:27:15,045] Trial 23 finished with value: 380.9813232421875 and parameters: {'gradient_clip_val': 0.4488938454807673, 'hidden_size': 17, 'dropout': 0.3153861669024856, 'hidden_continuous_size': 7, 'attention_head_size': 3, 'learning_rate': 0.09982055248944449}. Best is trial 0 with value: 71.4282455444336.
[I 2023-12-27 11:27:15,415] Trial 24 finished with value: 198.26795959472656 and parameters: {'gradient_clip_val': 0.3584311965601213, 'hidden_size': 9, 'dropout': 0.4332788763268405, 'hidden_continuous_size': 6, 'attention_head_size': 2, 'learning_rate': 0.04704168369458726}. Best is trial 0 with value: 71.4282455444336.
[I 2023-12-27 11:27:15,784] Trial 25 finished with value: 327.5848693847656 and parameters: {'gradient_clip_val': 0.3439141512211104, 'hidden_size': 9, 'dropout': 0.42223067701020844, 'hidden_continuous_size': 6, 'attention_head_size': 2, 'learning_rate': 0.03609340956356353}. Best is trial 0 with value: 71.4282455444336.
[I 2023-12-27 11:27:16,143] Trial 26 finished with value: 338.9416809082031 and parameters: {'gradient_clip_val': 0.6111862813009646, 'hidden_size': 6, 'dropout': 0.4722488512308272, 'hidden_continuous_size': 5, 'attention_head_size': 1, 'learning_rate': 0.04524339687933464}. Best is trial 0 with value: 71.4282455444336.
[I 2023-12-27 11:27:16,513] Trial 27 finished with value: 344.3974609375 and parameters: {'gradient_clip_val': 0.34105367763350514, 'hidden_size': 7, 'dropout': 0.41353710417586276, 'hidden_continuous_size': 5, 'attention_head_size': 2, 'learning_rate': 0.06611780836902013}. Best is trial 0 with value: 71.4282455444336.
[I 2023-12-27 11:27:16,920] Trial 28 finished with value: 324.5469055175781 and parameters: {'gradient_clip_val': 0.2833329580398194, 'hidden_size': 9, 'dropout': 0.4698447572274832, 'hidden_continuous_size': 6, 'attention_head_size': 2, 'learning_rate': 0.02911487741741841}. Best is trial 0 with value: 71.4282455444336.
[I 2023-12-27 11:27:17,324] Trial 29 finished with value: 354.2484130859375 and parameters: {'gradient_clip_val': 0.2487116422280301, 'hidden_size': 23, 'dropout': 0.4355294816231754, 'hidden_continuous_size': 8, 'attention_head_size': 1, 'learning_rate': 0.07740247987403248}. Best is trial 0 with value: 71.4282455444336.
[I 2023-12-27 11:27:17,707] Trial 30 finished with value: 348.7569885253906 and parameters: {'gradient_clip_val': 0.3740227595921781, 'hidden_size': 13, 'dropout': 0.4724565988250199, 'hidden_continuous_size': 7, 'attention_head_size': 1, 'learning_rate': 0.012976283187809991}. Best is trial 0 with value: 71.4282455444336.
[I 2023-12-27 11:27:18,094] Trial 31 finished with value: 328.1287841796875 and parameters: {'gradient_clip_val': 0.45465730763542805, 'hidden_size': 15, 'dropout': 0.394781312958562, 'hidden_continuous_size': 7, 'attention_head_size': 3, 'learning_rate': 0.048713690180537256}. Best is trial 0 with value: 71.4282455444336.
