[I 2023-12-27 11:10:08,540] Trial 24 finished with value: 55.09382247924805 and parameters: {'gradient_clip_val': 0.4947132384863702, 'hidden_size': 64, 'dropout': 0.2860065711195185, 'hidden_continuous_size': 34, 'attention_head_size': 4, 'learning_rate': 0.0031651623332456967}. Best is trial 0 with value: 10.99981689453125.
LOCAL_RANK: 0 - CUDA_VISIBLE_DEVICES: [0]
[I 2023-12-27 11:10:09,044] Trial 25 finished with value: 57.06303024291992 and parameters: {'gradient_clip_val': 0.2926902232790316, 'hidden_size': 116, 'dropout': 0.22531610597588925, 'hidden_continuous_size': 44, 'attention_head_size': 3, 'learning_rate': 0.002093676340163581}. Best is trial 0 with value: 10.99981689453125.
LOCAL_RANK: 0 - CUDA_VISIBLE_DEVICES: [0]
[I 2023-12-27 11:10:09,545] Trial 26 finished with value: 44.5040283203125 and parameters: {'gradient_clip_val': 0.6000793764823685, 'hidden_size': 80, 'dropout': 0.315938286654457, 'hidden_continuous_size': 32, 'attention_head_size': 4, 'learning_rate': 0.0005162099454190447}. Best is trial 0 with value: 10.99981689453125.
LOCAL_RANK: 0 - CUDA_VISIBLE_DEVICES: [0]
[I 2023-12-27 11:10:10,032] Trial 27 finished with value: 50.639556884765625 and parameters: {'gradient_clip_val': 0.3615910368120382, 'hidden_size': 114, 'dropout': 0.27642229844446525, 'hidden_continuous_size': 23, 'attention_head_size': 3, 'learning_rate': 0.0009359740754412531}. Best is trial 0 with value: 10.99981689453125.
LOCAL_RANK: 0 - CUDA_VISIBLE_DEVICES: [0]
[I 2023-12-27 11:10:10,500] Trial 28 finished with value: 57.98063278198242 and parameters: {'gradient_clip_val': 0.4969503641706637, 'hidden_size': 56, 'dropout': 0.22347231916252855, 'hidden_continuous_size': 20, 'attention_head_size': 2, 'learning_rate': 0.000914355134596533}. Best is trial 0 with value: 10.99981689453125.
LOCAL_RANK: 0 - CUDA_VISIBLE_DEVICES: [0]
[I 2023-12-27 11:10:10,977] Trial 29 finished with value: 41.801513671875 and parameters: {'gradient_clip_val': 0.32535987427370705, 'hidden_size': 41, 'dropout': 0.18474308165114056, 'hidden_continuous_size': 15, 'attention_head_size': 1, 'learning_rate': 0.004600807455074825}. Best is trial 0 with value: 10.99981689453125.
LOCAL_RANK: 0 - CUDA_VISIBLE_DEVICES: [0]
[I 2023-12-27 11:10:11,442] Trial 30 finished with value: 52.68873977661133 and parameters: {'gradient_clip_val': 0.24674062078601067, 'hidden_size': 38, 'dropout': 0.21947394062130174, 'hidden_continuous_size': 15, 'attention_head_size': 1, 'learning_rate': 0.007258748826472991}. Best is trial 0 with value: 10.99981689453125.
LOCAL_RANK: 0 - CUDA_VISIBLE_DEVICES: [0]
[I 2023-12-27 11:10:11,925] Trial 31 finished with value: 75.03404998779297 and parameters: {'gradient_clip_val': 0.29883010371896507, 'hidden_size': 72, 'dropout': 0.17921558042152477, 'hidden_continuous_size': 14, 'attention_head_size': 1, 'learning_rate': 0.005271177759028123}. Best is trial 0 with value: 10.99981689453125.
LOCAL_RANK: 0 - CUDA_VISIBLE_DEVICES: [0]
[I 2023-12-27 11:10:12,430] Trial 32 finished with value: 36.41326141357422 and parameters: {'gradient_clip_val': 0.34598029836731625, 'hidden_size': 87, 'dropout': 0.14346694720935954, 'hidden_continuous_size': 40, 'attention_head_size': 2, 'learning_rate': 0.0022812646257707307}. Best is trial 0 with value: 10.99981689453125.
LOCAL_RANK: 0 - CUDA_VISIBLE_DEVICES: [0]
[I 2023-12-27 11:10:12,918] Trial 33 finished with value: 44.69459915161133 and parameters: {'gradient_clip_val': 0.3612791114933203, 'hidden_size': 81, 'dropout': 0.12840078122828197, 'hidden_continuous_size': 10, 'attention_head_size': 1, 'learning_rate': 0.002170624287614454}. Best is trial 0 with value: 10.99981689453125.
LOCAL_RANK: 0 - CUDA_VISIBLE_DEVICES: [0]
[I 2023-12-27 11:10:13,639] Trial 34 finished with value: 45.39903259277344 and parameters: {'gradient_clip_val': 0.3294708699608286, 'hidden_size': 38, 'dropout': 0.13459511769536991, 'hidden_continuous_size': 15, 'attention_head_size': 1, 'learning_rate': 0.003907148271549586}. Best is trial 0 with value: 10.99981689453125.
LOCAL_RANK: 0 - CUDA_VISIBLE_DEVICES: [0]
[I 2023-12-27 11:10:14,125] Trial 35 finished with value: 49.9443473815918 and parameters: {'gradient_clip_val': 0.26652575466289746, 'hidden_size': 47, 'dropout': 0.15176321339485466, 'hidden_continuous_size': 10, 'attention_head_size': 2, 'learning_rate': 0.00244754830443965}. Best is trial 0 with value: 10.99981689453125.
LOCAL_RANK: 0 - CUDA_VISIBLE_DEVICES: [0]
[I 2023-12-27 11:10:14,611] Trial 36 finished with value: 39.72616195678711 and parameters: {'gradient_clip_val': 0.7786103634535493, 'hidden_size': 29, 'dropout': 0.17963668735788585, 'hidden_continuous_size': 12, 'attention_head_size': 2, 'learning_rate': 0.005124843050358393}. Best is trial 0 with value: 10.99981689453125.
LOCAL_RANK: 0 - CUDA_VISIBLE_DEVICES: [0]
[I 2023-12-27 11:10:15,102] Trial 37 finished with value: 60.545745849609375 and parameters: {'gradient_clip_val': 0.7979691726489382, 'hidden_size': 25, 'dropout': 0.18599926576950004, 'hidden_continuous_size': 13, 'attention_head_size': 2, 'learning_rate': 0.0057197603636219485}. Best is trial 0 with value: 10.99981689453125.
LOCAL_RANK: 0 - CUDA_VISIBLE_DEVICES: [0]
[I 2023-12-27 11:10:15,598] Trial 38 finished with value: 52.16962814331055 and parameters: {'gradient_clip_val': 0.8444971959948002, 'hidden_size': 32, 'dropout': 0.21138877342628176, 'hidden_continuous_size': 9, 'attention_head_size': 1, 'learning_rate': 0.010591834015102898}. Best is trial 0 with value: 10.99981689453125.
LOCAL_RANK: 0 - CUDA_VISIBLE_DEVICES: [0]
[I 2023-12-27 11:10:16,095] Trial 39 finished with value: 60.0673713684082 and parameters: {'gradient_clip_val': 0.6918866032093405, 'hidden_size': 19, 'dropout': 0.2010337734874989, 'hidden_continuous_size': 12, 'attention_head_size': 2, 'learning_rate': 0.004208143265538934}. Best is trial 0 with value: 10.99981689453125.
LOCAL_RANK: 0 - CUDA_VISIBLE_DEVICES: [0]
[I 2023-12-27 11:10:16,555] Trial 40 finished with value: 62.2033576965332 and parameters: {'gradient_clip_val': 0.9941910470878734, 'hidden_size': 34, 'dropout': 0.17144555054385696, 'hidden_continuous_size': 11, 'attention_head_size': 2, 'learning_rate': 0.005560716005865196}. Best is trial 0 with value: 10.99981689453125.
LOCAL_RANK: 0 - CUDA_VISIBLE_DEVICES: [0]
[I 2023-12-27 11:10:17,053] Trial 41 finished with value: 56.82301712036133 and parameters: {'gradient_clip_val': 0.5402515578582467, 'hidden_size': 63, 'dropout': 0.19425295752671579, 'hidden_continuous_size': 15, 'attention_head_size': 2, 'learning_rate': 0.0018053149237556043}. Best is trial 0 with value: 10.99981689453125.
LOCAL_RANK: 0 - CUDA_VISIBLE_DEVICES: [0]
[I 2023-12-27 11:10:17,551] Trial 42 finished with value: 50.13250732421875 and parameters: {'gradient_clip_val': 0.7851185128266559, 'hidden_size': 89, 'dropout': 0.1340722750126806, 'hidden_continuous_size': 35, 'attention_head_size': 2, 'learning_rate': 0.0029296957616531017}. Best is trial 0 with value: 10.99981689453125.
LOCAL_RANK: 0 - CUDA_VISIBLE_DEVICES: [0]
[I 2023-12-27 11:10:18,018] Trial 43 finished with value: 66.94196319580078 and parameters: {'gradient_clip_val': 0.6164766249816157, 'hidden_size': 31, 'dropout': 0.2395480527379513, 'hidden_continuous_size': 13, 'attention_head_size': 1, 'learning_rate': 0.002697659675297691}. Best is trial 0 with value: 10.99981689453125.
LOCAL_RANK: 0 - CUDA_VISIBLE_DEVICES: [0]
[I 2023-12-27 11:10:18,511] Trial 44 finished with value: 64.16178131103516 and parameters: {'gradient_clip_val': 0.5638920437368025, 'hidden_size': 124, 'dropout': 0.2784964078306853, 'hidden_continuous_size': 8, 'attention_head_size': 2, 'learning_rate': 0.004095343932821418}. Best is trial 0 with value: 10.99981689453125.
LOCAL_RANK: 0 - CUDA_VISIBLE_DEVICES: [0]
[I 2023-12-27 11:10:18,993] Trial 45 finished with value: 50.484893798828125 and parameters: {'gradient_clip_val': 0.6481578614325307, 'hidden_size': 74, 'dropout': 0.16511893806803227, 'hidden_continuous_size': 40, 'attention_head_size': 1, 'learning_rate': 0.09634750376242539}. Best is trial 0 with value: 10.99981689453125.
LOCAL_RANK: 0 - CUDA_VISIBLE_DEVICES: [0]
[I 2023-12-27 11:10:19,502] Trial 46 finished with value: 54.7960205078125 and parameters: {'gradient_clip_val': 0.41162246130855307, 'hidden_size': 96, 'dropout': 0.20284845736486168, 'hidden_continuous_size': 18, 'attention_head_size': 3, 'learning_rate': 0.0019245417279738618}. Best is trial 0 with value: 10.99981689453125.
LOCAL_RANK: 0 - CUDA_VISIBLE_DEVICES: [0]
[I 2023-12-27 11:10:20,281] Trial 47 finished with value: 46.54701232910156 and parameters: {'gradient_clip_val': 0.47033445932163004, 'hidden_size': 123, 'dropout': 0.10232778774142699, 'hidden_continuous_size': 21, 'attention_head_size': 3, 'learning_rate': 0.01638129123399216}. Best is trial 0 with value: 10.99981689453125.
LOCAL_RANK: 0 - CUDA_VISIBLE_DEVICES: [0]
[I 2023-12-27 11:10:20,738] Trial 48 finished with value: 54.87190628051758 and parameters: {'gradient_clip_val': 0.38091898680554104, 'hidden_size': 57, 'dropout': 0.18730119715560684, 'hidden_continuous_size': 19, 'attention_head_size': 4, 'learning_rate': 0.059142614217603105}. Best is trial 0 with value: 10.99981689453125.
LOCAL_RANK: 0 - CUDA_VISIBLE_DEVICES: [0]
[I 2023-12-27 11:10:21,222] Trial 49 finished with value: 49.144229888916016 and parameters: {'gradient_clip_val': 0.32730544501242453, 'hidden_size': 40, 'dropout': 0.26743664557559665, 'hidden_continuous_size': 16, 'attention_head_size': 2, 'learning_rate': 0.009356615238217056}. Best is trial 0 with value: 10.99981689453125.
[I 2023-12-27 11:10:21,353] A new study created in memory with name: no-name-3a0be641-cb2d-4b2d-a0a8-c4255d10e73d
/home/le004/conda/anaconda3/envs/tsff_env/lib/python3.9/site-packages/lightning/fabric/plugins/environments/slurm.py:191: The `srun` command is available on your system but is not used. HINT: If your intention is to run Lightning on SLURM, prepend your python command with `srun` like so: srun python /home/le004/master_thesis/git/TSFusionForecast/code/ ...
LOCAL_RANK: 0 - CUDA_VISIBLE_DEVICES: [0]
[I 2023-12-27 11:10:50,800] Trial 0 finished with value: 5.288651943206787 and parameters: {'gradient_clip_val': 0.12790165666793266, 'hidden_size': 40, 'dropout': 0.37180766363035944, 'hidden_continuous_size': 32, 'attention_head_size': 2, 'learning_rate': 0.01314503178545424}. Best is trial 0 with value: 5.288651943206787.
LOCAL_RANK: 0 - CUDA_VISIBLE_DEVICES: [0]
[I 2023-12-27 11:11:00,199] Trial 1 finished with value: 46.6636848449707 and parameters: {'gradient_clip_val': 0.3484587473579952, 'hidden_size': 8, 'dropout': 0.2936271122934102, 'hidden_continuous_size': 6, 'attention_head_size': 2, 'learning_rate': 0.005805536907500073}. Best is trial 0 with value: 5.288651943206787.
LOCAL_RANK: 0 - CUDA_VISIBLE_DEVICES: [0]
[I 2023-12-27 11:11:00,741] Trial 2 finished with value: 50.0474967956543 and parameters: {'gradient_clip_val': 0.21326163815572022, 'hidden_size': 10, 'dropout': 0.2970089122839099, 'hidden_continuous_size': 7, 'attention_head_size': 4, 'learning_rate': 0.03858631574733648}. Best is trial 0 with value: 5.288651943206787.
LOCAL_RANK: 0 - CUDA_VISIBLE_DEVICES: [0]
[I 2023-12-27 11:11:01,285] Trial 3 finished with value: 70.58609008789062 and parameters: {'gradient_clip_val': 0.6521668395068411, 'hidden_size': 126, 'dropout': 0.10491119667071241, 'hidden_continuous_size': 15, 'attention_head_size': 4, 'learning_rate': 0.03734328459823898}. Best is trial 0 with value: 5.288651943206787.
LOCAL_RANK: 0 - CUDA_VISIBLE_DEVICES: [0]
[I 2023-12-27 11:11:01,778] Trial 4 finished with value: 40.58647918701172 and parameters: {'gradient_clip_val': 0.36358938997586776, 'hidden_size': 19, 'dropout': 0.31442744736764605, 'hidden_continuous_size': 10, 'attention_head_size': 4, 'learning_rate': 0.05307472922914574}. Best is trial 0 with value: 5.288651943206787.
LOCAL_RANK: 0 - CUDA_VISIBLE_DEVICES: [0]
[I 2023-12-27 11:11:02,294] Trial 5 finished with value: 48.14145278930664 and parameters: {'gradient_clip_val': 0.7091803707702484, 'hidden_size': 7, 'dropout': 0.3523735301926012, 'hidden_continuous_size': 5, 'attention_head_size': 2, 'learning_rate': 0.002040580921166969}. Best is trial 0 with value: 5.288651943206787.
LOCAL_RANK: 0 - CUDA_VISIBLE_DEVICES: [0]
[I 2023-12-27 11:11:02,755] Trial 6 finished with value: 66.8280258178711 and parameters: {'gradient_clip_val': 0.22820287663869568, 'hidden_size': 6, 'dropout': 0.28993583816048274, 'hidden_continuous_size': 6, 'attention_head_size': 3, 'learning_rate': 0.03642865221267347}. Best is trial 0 with value: 5.288651943206787.
LOCAL_RANK: 0 - CUDA_VISIBLE_DEVICES: [0]
[I 2023-12-27 11:11:03,544] Trial 7 finished with value: 55.72849655151367 and parameters: {'gradient_clip_val': 0.3175498046430679, 'hidden_size': 59, 'dropout': 0.11235155923652812, 'hidden_continuous_size': 47, 'attention_head_size': 1, 'learning_rate': 0.03171657467855881}. Best is trial 0 with value: 5.288651943206787.
LOCAL_RANK: 0 - CUDA_VISIBLE_DEVICES: [0]
[I 2023-12-27 11:11:04,037] Trial 8 finished with value: 68.0483627319336 and parameters: {'gradient_clip_val': 0.35998729428243464, 'hidden_size': 5, 'dropout': 0.12306644151206743, 'hidden_continuous_size': 5, 'attention_head_size': 4, 'learning_rate': 0.06821684366706901}. Best is trial 0 with value: 5.288651943206787.
LOCAL_RANK: 0 - CUDA_VISIBLE_DEVICES: [0]
[I 2023-12-27 11:11:04,520] Trial 9 finished with value: 51.62771987915039 and parameters: {'gradient_clip_val': 0.4658677059432878, 'hidden_size': 6, 'dropout': 0.3572603100583017, 'hidden_continuous_size': 5, 'attention_head_size': 1, 'learning_rate': 0.05852656929799548}. Best is trial 0 with value: 5.288651943206787.
LOCAL_RANK: 0 - CUDA_VISIBLE_DEVICES: [0]
[I 2023-12-27 11:11:05,079] Trial 10 finished with value: 65.23138427734375 and parameters: {'gradient_clip_val': 0.10387831773747042, 'hidden_size': 36, 'dropout': 0.49616012822841044, 'hidden_continuous_size': 29, 'attention_head_size': 3, 'learning_rate': 0.0010129213571387651}. Best is trial 0 with value: 5.288651943206787.
LOCAL_RANK: 0 - CUDA_VISIBLE_DEVICES: [0]
[I 2023-12-27 11:11:05,620] Trial 11 finished with value: 61.01505661010742 and parameters: {'gradient_clip_val': 0.10133874868084318, 'hidden_size': 17, 'dropout': 0.4160451366111329, 'hidden_continuous_size': 9, 'attention_head_size': 2, 'learning_rate': 0.014034936867273686}. Best is trial 0 with value: 5.288651943206787.
LOCAL_RANK: 0 - CUDA_VISIBLE_DEVICES: [0]
[I 2023-12-27 11:11:06,162] Trial 12 finished with value: 61.25358963012695 and parameters: {'gradient_clip_val': 0.967465287965885, 'hidden_size': 23, 'dropout': 0.20093780540068323, 'hidden_continuous_size': 12, 'attention_head_size': 3, 'learning_rate': 0.011133170575266561}. Best is trial 0 with value: 5.288651943206787.
LOCAL_RANK: 0 - CUDA_VISIBLE_DEVICES: [0]
[I 2023-12-27 11:11:06,700] Trial 13 finished with value: 54.50579833984375 and parameters: {'gradient_clip_val': 0.18195864735782846, 'hidden_size': 36, 'dropout': 0.22810503159835277, 'hidden_continuous_size': 19, 'attention_head_size': 2, 'learning_rate': 0.08507081488251461}. Best is trial 0 with value: 5.288651943206787.
LOCAL_RANK: 0 - CUDA_VISIBLE_DEVICES: [0]
[I 2023-12-27 11:11:07,173] Trial 14 finished with value: 71.13077545166016 and parameters: {'gradient_clip_val': 0.14963322147560754, 'hidden_size': 16, 'dropout': 0.3904041289276953, 'hidden_continuous_size': 8, 'attention_head_size': 3, 'learning_rate': 0.01579553622055616}. Best is trial 0 with value: 5.288651943206787.
LOCAL_RANK: 0 - CUDA_VISIBLE_DEVICES: [0]
[I 2023-12-27 11:11:07,633] Trial 15 finished with value: 75.99927520751953 and parameters: {'gradient_clip_val': 0.24927554348897746, 'hidden_size': 13, 'dropout': 0.4349245068297884, 'hidden_continuous_size': 8, 'attention_head_size': 1, 'learning_rate': 0.004951732172176717}. Best is trial 0 with value: 5.288651943206787.
LOCAL_RANK: 0 - CUDA_VISIBLE_DEVICES: [0]
[I 2023-12-27 11:11:08,081] Trial 16 finished with value: 68.29158782958984 and parameters: {'gradient_clip_val': 0.1571961830159512, 'hidden_size': 25, 'dropout': 0.34323902808781803, 'hidden_continuous_size': 11, 'attention_head_size': 4, 'learning_rate': 0.09472619674765202}. Best is trial 0 with value: 5.288651943206787.
LOCAL_RANK: 0 - CUDA_VISIBLE_DEVICES: [0]
[I 2023-12-27 11:11:08,561] Trial 17 finished with value: 52.669219970703125 and parameters: {'gradient_clip_val': 0.4408984473918379, 'hidden_size': 53, 'dropout': 0.25703923745421353, 'hidden_continuous_size': 21, 'attention_head_size': 3, 'learning_rate': 0.02012349799466887}. Best is trial 0 with value: 5.288651943206787.
LOCAL_RANK: 0 - CUDA_VISIBLE_DEVICES: [0]
[I 2023-12-27 11:11:09,019] Trial 18 finished with value: 62.88056564331055 and parameters: {'gradient_clip_val': 0.26634998543288657, 'hidden_size': 11, 'dropout': 0.3376195247086329, 'hidden_continuous_size': 6, 'attention_head_size': 2, 'learning_rate': 0.009439566484127906}. Best is trial 0 with value: 5.288651943206787.
LOCAL_RANK: 0 - CUDA_VISIBLE_DEVICES: [0]
[I 2023-12-27 11:11:09,476] Trial 19 finished with value: 71.0160903930664 and parameters: {'gradient_clip_val': 0.12425182155521192, 'hidden_size': 18, 'dropout': 0.38881769155007373, 'hidden_continuous_size': 10, 'attention_head_size': 1, 'learning_rate': 0.02313777129887747}. Best is trial 0 with value: 5.288651943206787.
LOCAL_RANK: 0 - CUDA_VISIBLE_DEVICES: [0]
[I 2023-12-27 11:11:09,925] Trial 20 finished with value: 60.85782241821289 and parameters: {'gradient_clip_val': 0.17909924640793606, 'hidden_size': 29, 'dropout': 0.4772628086883383, 'hidden_continuous_size': 13, 'attention_head_size': 4, 'learning_rate': 0.007545754750299953}. Best is trial 0 with value: 5.288651943206787.
LOCAL_RANK: 0 - CUDA_VISIBLE_DEVICES: [0]
[I 2023-12-27 11:11:10,629] Trial 21 finished with value: 54.87724685668945 and parameters: {'gradient_clip_val': 0.3035311701873073, 'hidden_size': 8, 'dropout': 0.3035065055788799, 'hidden_continuous_size': 6, 'attention_head_size': 2, 'learning_rate': 0.004631140738225789}. Best is trial 0 with value: 5.288651943206787.
LOCAL_RANK: 0 - CUDA_VISIBLE_DEVICES: [0]
[I 2023-12-27 11:11:11,117] Trial 22 finished with value: 54.18463134765625 and parameters: {'gradient_clip_val': 0.39723730224974463, 'hidden_size': 9, 'dropout': 0.32370744877073626, 'hidden_continuous_size': 6, 'attention_head_size': 2, 'learning_rate': 0.005259983987305974}. Best is trial 0 with value: 5.288651943206787.
LOCAL_RANK: 0 - CUDA_VISIBLE_DEVICES: [0]
[I 2023-12-27 11:11:11,600] Trial 23 finished with value: 65.82360076904297 and parameters: {'gradient_clip_val': 0.2983953304309437, 'hidden_size': 14, 'dropout': 0.2694559826460132, 'hidden_continuous_size': 7, 'attention_head_size': 2, 'learning_rate': 0.019609977972987955}. Best is trial 0 with value: 5.288651943206787.
LOCAL_RANK: 0 - CUDA_VISIBLE_DEVICES: [0]
[I 2023-12-27 11:11:12,064] Trial 24 finished with value: 54.05192184448242 and parameters: {'gradient_clip_val': 0.3566042561432835, 'hidden_size': 10, 'dropout': 0.3787611384863937, 'hidden_continuous_size': 7, 'attention_head_size': 3, 'learning_rate': 0.010557106853768684}. Best is trial 0 with value: 5.288651943206787.
LOCAL_RANK: 0 - CUDA_VISIBLE_DEVICES: [0]
[I 2023-12-27 11:11:12,549] Trial 25 finished with value: 68.3542709350586 and parameters: {'gradient_clip_val': 0.2530662588995889, 'hidden_size': 20, 'dropout': 0.3163325323817794, 'hidden_continuous_size': 9, 'attention_head_size': 2, 'learning_rate': 0.05201152729189829}. Best is trial 0 with value: 5.288651943206787.
LOCAL_RANK: 0 - CUDA_VISIBLE_DEVICES: [0]
[I 2023-12-27 11:11:12,996] Trial 26 finished with value: 44.186588287353516 and parameters: {'gradient_clip_val': 0.20664253507259903, 'hidden_size': 13, 'dropout': 0.26120064084345623, 'hidden_continuous_size': 7, 'attention_head_size': 1, 'learning_rate': 0.0029463882415669547}. Best is trial 0 with value: 5.288651943206787.
LOCAL_RANK: 0 - CUDA_VISIBLE_DEVICES: [0]
[I 2023-12-27 11:11:13,445] Trial 27 finished with value: 44.91481399536133 and parameters: {'gradient_clip_val': 0.12943864732487873, 'hidden_size': 13, 'dropout': 0.24884467629868667, 'hidden_continuous_size': 8, 'attention_head_size': 1, 'learning_rate': 0.0030762019026789995}. Best is trial 0 with value: 5.288651943206787.
LOCAL_RANK: 0 - CUDA_VISIBLE_DEVICES: [0]
[I 2023-12-27 11:11:13,927] Trial 28 finished with value: 50.795013427734375 and parameters: {'gradient_clip_val': 0.2012529882720489, 'hidden_size': 21, 'dropout': 0.208036348049115, 'hidden_continuous_size': 10, 'attention_head_size': 1, 'learning_rate': 0.0028400141381988513}. Best is trial 0 with value: 5.288651943206787.
LOCAL_RANK: 0 - CUDA_VISIBLE_DEVICES: [0]
[I 2023-12-27 11:11:14,405] Trial 29 finished with value: 59.73785400390625 and parameters: {'gradient_clip_val': 0.18667009768988, 'hidden_size': 12, 'dropout': 0.28260956995323516, 'hidden_continuous_size': 7, 'attention_head_size': 1, 'learning_rate': 0.006680108091397251}. Best is trial 0 with value: 5.288651943206787.
LOCAL_RANK: 0 - CUDA_VISIBLE_DEVICES: [0]
[I 2023-12-27 11:11:14,870] Trial 30 finished with value: 68.07898712158203 and parameters: {'gradient_clip_val': 0.15662590575424717, 'hidden_size': 16, 'dropout': 0.3121118699569435, 'hidden_continuous_size': 9, 'attention_head_size': 1, 'learning_rate': 0.027767011430629342}. Best is trial 0 with value: 5.288651943206787.
LOCAL_RANK: 0 - CUDA_VISIBLE_DEVICES: [0]
[I 2023-12-27 11:11:15,321] Trial 31 finished with value: 69.2191390991211 and parameters: {'gradient_clip_val': 0.1268450491209113, 'hidden_size': 13, 'dropout': 0.2569543457632771, 'hidden_continuous_size': 8, 'attention_head_size': 1, 'learning_rate': 0.003225045548330872}. Best is trial 0 with value: 5.288651943206787.
LOCAL_RANK: 0 - CUDA_VISIBLE_DEVICES: [0]
