[I 2023-12-27 11:13:37,727] Trial 36 finished with value: 409.1044921875 and parameters: {'gradient_clip_val': 0.115019392270314, 'hidden_size': 45, 'dropout': 0.2771018211864374, 'hidden_continuous_size': 10, 'attention_head_size': 3, 'learning_rate': 0.006063209764252753}. Best is trial 0 with value: 76.26866912841797.
[I 2023-12-27 11:13:38,159] Trial 37 finished with value: 367.5214538574219 and parameters: {'gradient_clip_val': 0.13760416744596787, 'hidden_size': 46, 'dropout': 0.3009709904429275, 'hidden_continuous_size': 11, 'attention_head_size': 4, 'learning_rate': 0.053988934279694506}. Best is trial 0 with value: 76.26866912841797.
[I 2023-12-27 11:13:38,605] Trial 38 finished with value: 330.7403259277344 and parameters: {'gradient_clip_val': 0.11535217092197649, 'hidden_size': 65, 'dropout': 0.2733256254203397, 'hidden_continuous_size': 15, 'attention_head_size': 3, 'learning_rate': 0.043916902502152924}. Best is trial 0 with value: 76.26866912841797.
[I 2023-12-27 11:13:39,010] Trial 39 finished with value: 276.7685852050781 and parameters: {'gradient_clip_val': 0.16788786043724482, 'hidden_size': 33, 'dropout': 0.3245737284709006, 'hidden_continuous_size': 7, 'attention_head_size': 4, 'learning_rate': 0.0005213430055407199}. Best is trial 0 with value: 76.26866912841797.
[I 2023-12-27 11:13:39,419] Trial 40 finished with value: 376.118408203125 and parameters: {'gradient_clip_val': 0.17113066917377218, 'hidden_size': 33, 'dropout': 0.32612675680095754, 'hidden_continuous_size': 7, 'attention_head_size': 4, 'learning_rate': 0.0009196072522624891}. Best is trial 0 with value: 76.26866912841797.
[I 2023-12-27 11:13:39,838] Trial 41 finished with value: 443.7791442871094 and parameters: {'gradient_clip_val': 0.1429285214338353, 'hidden_size': 37, 'dropout': 0.32064694150740725, 'hidden_continuous_size': 7, 'attention_head_size': 4, 'learning_rate': 0.0006478769969956632}. Best is trial 0 with value: 76.26866912841797.
[I 2023-12-27 11:13:40,233] Trial 42 finished with value: 285.7726135253906 and parameters: {'gradient_clip_val': 0.11125524889999087, 'hidden_size': 25, 'dropout': 0.2234018372058409, 'hidden_continuous_size': 9, 'attention_head_size': 3, 'learning_rate': 0.0014366324241453503}. Best is trial 0 with value: 76.26866912841797.
[I 2023-12-27 11:13:40,647] Trial 43 finished with value: 334.7806396484375 and parameters: {'gradient_clip_val': 0.17052323571829142, 'hidden_size': 26, 'dropout': 0.2231752384295047, 'hidden_continuous_size': 9, 'attention_head_size': 4, 'learning_rate': 0.0012846579681230542}. Best is trial 0 with value: 76.26866912841797.
[I 2023-12-27 11:13:41,296] Trial 44 finished with value: 350.1524353027344 and parameters: {'gradient_clip_val': 0.20256038922930525, 'hidden_size': 22, 'dropout': 0.17953786101295582, 'hidden_continuous_size': 7, 'attention_head_size': 3, 'learning_rate': 0.0006484906769949817}. Best is trial 0 with value: 76.26866912841797.
[I 2023-12-27 11:13:41,717] Trial 45 finished with value: 333.7436828613281 and parameters: {'gradient_clip_val': 0.10743102565757338, 'hidden_size': 28, 'dropout': 0.2541077154643736, 'hidden_continuous_size': 9, 'attention_head_size': 4, 'learning_rate': 0.0005410826841922491}. Best is trial 0 with value: 76.26866912841797.
[I 2023-12-27 11:13:42,097] Trial 46 finished with value: 357.0802307128906 and parameters: {'gradient_clip_val': 0.3717236375523101, 'hidden_size': 21, 'dropout': 0.19447850126648347, 'hidden_continuous_size': 8, 'attention_head_size': 2, 'learning_rate': 0.0012922681577983565}. Best is trial 0 with value: 76.26866912841797.
[I 2023-12-27 11:13:42,474] Trial 47 finished with value: 280.3544616699219 and parameters: {'gradient_clip_val': 0.24721022255983005, 'hidden_size': 16, 'dropout': 0.20640015598366546, 'hidden_continuous_size': 9, 'attention_head_size': 3, 'learning_rate': 0.0005014655562575955}. Best is trial 0 with value: 76.26866912841797.
[I 2023-12-27 11:13:42,858] Trial 48 finished with value: 495.3355712890625 and parameters: {'gradient_clip_val': 0.15943172946317755, 'hidden_size': 12, 'dropout': 0.2444304285232321, 'hidden_continuous_size': 9, 'attention_head_size': 2, 'learning_rate': 0.0005121535820633515}. Best is trial 0 with value: 76.26866912841797.
[I 2023-12-27 11:13:43,235] Trial 49 finished with value: 322.0002136230469 and parameters: {'gradient_clip_val': 0.21367401198842562, 'hidden_size': 17, 'dropout': 0.21608171029309425, 'hidden_continuous_size': 10, 'attention_head_size': 1, 'learning_rate': 0.0007774449207996494}. Best is trial 0 with value: 76.26866912841797.
[I 2023-12-27 11:13:43,352] A new study created in memory with name: no-name-646ef19f-0c59-4cc3-8f69-995acb350e49
/home/le004/conda/anaconda3/envs/tsff_env/lib/python3.9/site-packages/lightning/fabric/plugins/environments/slurm.py:191: The `srun` command is available on your system but is not used. HINT: If your intention is to run Lightning on SLURM, prepend your python command with `srun` like so: srun python /home/le004/master_thesis/git/TSFusionForecast/code/ ...
[I 2023-12-27 11:14:11,451] Trial 0 finished with value: 392.6484375 and parameters: {'gradient_clip_val': 0.1030085813837425, 'hidden_size': 5, 'dropout': 0.4782047235219956, 'hidden_continuous_size': 5, 'attention_head_size': 1, 'learning_rate': 0.0013827634117426141}. Best is trial 0 with value: 392.6484375.
[I 2023-12-27 11:14:42,184] Trial 1 finished with value: 132.8378143310547 and parameters: {'gradient_clip_val': 0.3354331560569148, 'hidden_size': 8, 'dropout': 0.11278635536452036, 'hidden_continuous_size': 5, 'attention_head_size': 2, 'learning_rate': 0.03293139621093365}. Best is trial 1 with value: 132.8378143310547.
[I 2023-12-27 11:14:52,685] Trial 2 finished with value: 346.7929992675781 and parameters: {'gradient_clip_val': 0.30314952292160197, 'hidden_size': 6, 'dropout': 0.26759371332943593, 'hidden_continuous_size': 5, 'attention_head_size': 2, 'learning_rate': 0.006444157141206763}. Best is trial 1 with value: 132.8378143310547.
[I 2023-12-27 11:14:53,092] Trial 3 finished with value: 580.4406127929688 and parameters: {'gradient_clip_val': 0.18976219112819817, 'hidden_size': 34, 'dropout': 0.30971412547065547, 'hidden_continuous_size': 14, 'attention_head_size': 4, 'learning_rate': 0.002801165196187331}. Best is trial 1 with value: 132.8378143310547.
[I 2023-12-27 11:14:53,706] Trial 4 finished with value: 542.8772583007812 and parameters: {'gradient_clip_val': 0.46001675916557094, 'hidden_size': 141, 'dropout': 0.24539118539227256, 'hidden_continuous_size': 53, 'attention_head_size': 1, 'learning_rate': 0.016998442474458118}. Best is trial 1 with value: 132.8378143310547.
[I 2023-12-27 11:14:54,083] Trial 5 finished with value: 433.2467956542969 and parameters: {'gradient_clip_val': 0.9624242616167566, 'hidden_size': 19, 'dropout': 0.41561964304781984, 'hidden_continuous_size': 18, 'attention_head_size': 3, 'learning_rate': 0.012407526398972751}. Best is trial 1 with value: 132.8378143310547.
[I 2023-12-27 11:14:54,506] Trial 6 finished with value: 462.4825744628906 and parameters: {'gradient_clip_val': 0.20829633093788189, 'hidden_size': 58, 'dropout': 0.48179331911264733, 'hidden_continuous_size': 5, 'attention_head_size': 1, 'learning_rate': 0.001282848805579405}. Best is trial 1 with value: 132.8378143310547.
[I 2023-12-27 11:14:54,862] Trial 7 finished with value: 441.4691467285156 and parameters: {'gradient_clip_val': 0.5764047557380192, 'hidden_size': 18, 'dropout': 0.26880493856991383, 'hidden_continuous_size': 8, 'attention_head_size': 1, 'learning_rate': 0.0005600539838537024}. Best is trial 1 with value: 132.8378143310547.
[I 2023-12-27 11:14:55,232] Trial 8 finished with value: 541.7381591796875 and parameters: {'gradient_clip_val': 0.4251871140874582, 'hidden_size': 7, 'dropout': 0.29118106032140556, 'hidden_continuous_size': 5, 'attention_head_size': 2, 'learning_rate': 0.0030702156201425344}. Best is trial 1 with value: 132.8378143310547.
[I 2023-12-27 11:14:55,646] Trial 9 finished with value: 508.924560546875 and parameters: {'gradient_clip_val': 0.6071274396518688, 'hidden_size': 41, 'dropout': 0.24388932886238956, 'hidden_continuous_size': 26, 'attention_head_size': 4, 'learning_rate': 0.0031848987275432143}. Best is trial 1 with value: 132.8378143310547.
[I 2023-12-27 11:14:56,063] Trial 10 finished with value: 614.5055541992188 and parameters: {'gradient_clip_val': 0.2872774285489137, 'hidden_size': 10, 'dropout': 0.11006216096202946, 'hidden_continuous_size': 6, 'attention_head_size': 3, 'learning_rate': 0.06732128763320093}. Best is trial 1 with value: 132.8378143310547.
[I 2023-12-27 11:14:56,413] Trial 11 finished with value: 549.1344604492188 and parameters: {'gradient_clip_val': 0.3126508978245936, 'hidden_size': 5, 'dropout': 0.1266172804329586, 'hidden_continuous_size': 5, 'attention_head_size': 2, 'learning_rate': 0.03314712602886945}. Best is trial 1 with value: 132.8378143310547.
[I 2023-12-27 11:14:56,797] Trial 12 finished with value: 433.9833984375 and parameters: {'gradient_clip_val': 0.23641785150770042, 'hidden_size': 11, 'dropout': 0.17285171263329857, 'hidden_continuous_size': 6, 'attention_head_size': 2, 'learning_rate': 0.08986166357971166}. Best is trial 1 with value: 132.8378143310547.
[I 2023-12-27 11:14:57,194] Trial 13 finished with value: 667.5835571289062 and parameters: {'gradient_clip_val': 0.37571773418406756, 'hidden_size': 9, 'dropout': 0.1862205748115509, 'hidden_continuous_size': 5, 'attention_head_size': 3, 'learning_rate': 0.007991334065715373}. Best is trial 1 with value: 132.8378143310547.
[I 2023-12-27 11:14:57,542] Trial 14 finished with value: 688.9402465820312 and parameters: {'gradient_clip_val': 0.15313983499568998, 'hidden_size': 5, 'dropout': 0.35329294431566804, 'hidden_continuous_size': 5, 'attention_head_size': 2, 'learning_rate': 0.013677039187807454}. Best is trial 1 with value: 132.8378143310547.
[I 2023-12-27 11:14:58,183] Trial 15 finished with value: 642.5945434570312 and parameters: {'gradient_clip_val': 0.28455816574522436, 'hidden_size': 13, 'dropout': 0.17382503847285666, 'hidden_continuous_size': 6, 'attention_head_size': 2, 'learning_rate': 0.0325226917372597}. Best is trial 1 with value: 132.8378143310547.
[I 2023-12-27 11:14:58,577] Trial 16 finished with value: 402.2069396972656 and parameters: {'gradient_clip_val': 0.3663147612477088, 'hidden_size': 7, 'dropout': 0.10426163786745776, 'hidden_continuous_size': 5, 'attention_head_size': 3, 'learning_rate': 0.006053727920978938}. Best is trial 1 with value: 132.8378143310547.
[I 2023-12-27 11:14:58,965] Trial 17 finished with value: 453.8415832519531 and parameters: {'gradient_clip_val': 0.2553589332848444, 'hidden_size': 17, 'dropout': 0.21274423825407587, 'hidden_continuous_size': 7, 'attention_head_size': 2, 'learning_rate': 0.02588967908567938}. Best is trial 1 with value: 132.8378143310547.
[I 2023-12-27 11:14:59,349] Trial 18 finished with value: 754.0396118164062 and parameters: {'gradient_clip_val': 0.18925130870182522, 'hidden_size': 8, 'dropout': 0.32644862790482626, 'hidden_continuous_size': 5, 'attention_head_size': 3, 'learning_rate': 0.05508786167821862}. Best is trial 1 with value: 132.8378143310547.
[I 2023-12-27 11:14:59,746] Trial 19 finished with value: 551.1097412109375 and parameters: {'gradient_clip_val': 0.3420257580610066, 'hidden_size': 14, 'dropout': 0.15841078409803463, 'hidden_continuous_size': 6, 'attention_head_size': 1, 'learning_rate': 0.045729451174462935}. Best is trial 1 with value: 132.8378143310547.
[I 2023-12-27 11:15:00,135] Trial 20 finished with value: 582.5248413085938 and parameters: {'gradient_clip_val': 0.4788688022052092, 'hidden_size': 7, 'dropout': 0.2150627811981427, 'hidden_continuous_size': 5, 'attention_head_size': 2, 'learning_rate': 0.09851779514736606}. Best is trial 1 with value: 132.8378143310547.
[I 2023-12-27 11:15:00,487] Trial 21 finished with value: 591.61328125 and parameters: {'gradient_clip_val': 0.11242020701212112, 'hidden_size': 5, 'dropout': 0.36526384100953435, 'hidden_continuous_size': 5, 'attention_head_size': 1, 'learning_rate': 0.00536029192644452}. Best is trial 1 with value: 132.8378143310547.
[I 2023-12-27 11:15:00,835] Trial 22 finished with value: 785.416748046875 and parameters: {'gradient_clip_val': 0.12634804470342373, 'hidden_size': 5, 'dropout': 0.41463334490103076, 'hidden_continuous_size': 5, 'attention_head_size': 1, 'learning_rate': 0.018520385903752566}. Best is trial 1 with value: 132.8378143310547.
[I 2023-12-27 11:15:01,232] Trial 23 finished with value: 619.8372802734375 and parameters: {'gradient_clip_val': 0.10506746663538698, 'hidden_size': 7, 'dropout': 0.4898210125989006, 'hidden_continuous_size': 5, 'attention_head_size': 2, 'learning_rate': 0.008218183932785618}. Best is trial 1 with value: 132.8378143310547.
[I 2023-12-27 11:15:01,636] Trial 24 finished with value: 704.5755004882812 and parameters: {'gradient_clip_val': 0.15301227457687333, 'hidden_size': 10, 'dropout': 0.14772625152157257, 'hidden_continuous_size': 6, 'attention_head_size': 1, 'learning_rate': 0.0016826687827035975}. Best is trial 1 with value: 132.8378143310547.
[I 2023-12-27 11:15:02,015] Trial 25 finished with value: 674.94873046875 and parameters: {'gradient_clip_val': 0.22612973890661145, 'hidden_size': 6, 'dropout': 0.26789010474823527, 'hidden_continuous_size': 5, 'attention_head_size': 2, 'learning_rate': 0.011593117547216024}. Best is trial 1 with value: 132.8378143310547.
[I 2023-12-27 11:15:02,423] Trial 26 finished with value: 461.6488342285156 and parameters: {'gradient_clip_val': 0.15783280651951312, 'hidden_size': 9, 'dropout': 0.1345144251087283, 'hidden_continuous_size': 5, 'attention_head_size': 1, 'learning_rate': 0.025143766677302778}. Best is trial 1 with value: 132.8378143310547.
[I 2023-12-27 11:15:02,814] Trial 27 finished with value: 533.827880859375 and parameters: {'gradient_clip_val': 0.10005118310615775, 'hidden_size': 6, 'dropout': 0.20333885793111717, 'hidden_continuous_size': 5, 'attention_head_size': 2, 'learning_rate': 0.004048759255655487}. Best is trial 1 with value: 132.8378143310547.
[I 2023-12-27 11:15:03,215] Trial 28 finished with value: 673.4974975585938 and parameters: {'gradient_clip_val': 0.2605146241897847, 'hidden_size': 12, 'dropout': 0.23744719592883828, 'hidden_continuous_size': 6, 'attention_head_size': 3, 'learning_rate': 0.00848303273288602}. Best is trial 1 with value: 132.8378143310547.
[I 2023-12-27 11:15:03,864] Trial 29 finished with value: 559.4791870117188 and parameters: {'gradient_clip_val': 0.19539807374831647, 'hidden_size': 8, 'dropout': 0.3047963460283519, 'hidden_continuous_size': 5, 'attention_head_size': 4, 'learning_rate': 0.0017969697115108186}. Best is trial 1 with value: 132.8378143310547.
[I 2023-12-27 11:15:04,240] Trial 30 finished with value: 584.6867065429688 and parameters: {'gradient_clip_val': 0.13394915648905725, 'hidden_size': 6, 'dropout': 0.14525861119381622, 'hidden_continuous_size': 5, 'attention_head_size': 1, 'learning_rate': 0.004216024820048814}. Best is trial 1 with value: 132.8378143310547.
[I 2023-12-27 11:15:04,652] Trial 31 finished with value: 519.794677734375 and parameters: {'gradient_clip_val': 0.33897805965879163, 'hidden_size': 8, 'dropout': 0.1030047740343549, 'hidden_continuous_size': 5, 'attention_head_size': 3, 'learning_rate': 0.005654474163570708}. Best is trial 1 with value: 132.8378143310547.
[I 2023-12-27 11:15:05,052] Trial 32 finished with value: 615.9896850585938 and parameters: {'gradient_clip_val': 0.37014459116063797, 'hidden_size': 6, 'dropout': 0.10148042093359858, 'hidden_continuous_size': 5, 'attention_head_size': 4, 'learning_rate': 0.005944869580899592}. Best is trial 1 with value: 132.8378143310547.
[I 2023-12-27 11:15:05,423] Trial 33 finished with value: 561.0439453125 and parameters: {'gradient_clip_val': 0.30194727546149347, 'hidden_size': 5, 'dropout': 0.13101506707936977, 'hidden_continuous_size': 5, 'attention_head_size': 3, 'learning_rate': 0.010358450885536684}. Best is trial 1 with value: 132.8378143310547.
[I 2023-12-27 11:15:05,836] Trial 34 finished with value: 496.8641052246094 and parameters: {'gradient_clip_val': 0.22118551947683668, 'hidden_size': 25, 'dropout': 0.19281894392860327, 'hidden_continuous_size': 7, 'attention_head_size': 3, 'learning_rate': 0.015977414091476624}. Best is trial 1 with value: 132.8378143310547.
[I 2023-12-27 11:15:06,243] Trial 35 finished with value: 426.4997253417969 and parameters: {'gradient_clip_val': 0.18069040353540286, 'hidden_size': 11, 'dropout': 0.4609708864528711, 'hidden_continuous_size': 6, 'attention_head_size': 3, 'learning_rate': 0.0022249570470899483}. Best is trial 1 with value: 132.8378143310547.
[I 2023-12-27 11:15:06,639] Trial 36 finished with value: 768.3423461914062 and parameters: {'gradient_clip_val': 0.2560758034836325, 'hidden_size': 14, 'dropout': 0.15332291139249848, 'hidden_continuous_size': 7, 'attention_head_size': 2, 'learning_rate': 0.0009786943765697882}. Best is trial 1 with value: 132.8378143310547.
[I 2023-12-27 11:15:07,010] Trial 37 finished with value: 488.6412658691406 and parameters: {'gradient_clip_val': 0.42137379227496197, 'hidden_size': 7, 'dropout': 0.11868616931804928, 'hidden_continuous_size': 5, 'attention_head_size': 1, 'learning_rate': 0.0037961135845637228}. Best is trial 1 with value: 132.8378143310547.
[I 2023-12-27 11:15:07,410] Trial 38 finished with value: 693.7548828125 and parameters: {'gradient_clip_val': 0.4896359098968222, 'hidden_size': 9, 'dropout': 0.2704998543781928, 'hidden_continuous_size': 6, 'attention_head_size': 4, 'learning_rate': 0.01026564920071937}. Best is trial 1 with value: 132.8378143310547.
[I 2023-12-27 11:15:07,826] Trial 39 finished with value: 527.7966918945312 and parameters: {'gradient_clip_val': 0.7379516985737565, 'hidden_size': 23, 'dropout': 0.22776959457691126, 'hidden_continuous_size': 9, 'attention_head_size': 2, 'learning_rate': 0.002566055172688926}. Best is trial 1 with value: 132.8378143310547.
[I 2023-12-27 11:15:08,239] Trial 40 finished with value: 512.15576171875 and parameters: {'gradient_clip_val': 0.2848720769355217, 'hidden_size': 16, 'dropout': 0.2557989571881858, 'hidden_continuous_size': 9, 'attention_head_size': 3, 'learning_rate': 0.0009251864154048454}. Best is trial 1 with value: 132.8378143310547.
[I 2023-12-27 11:15:08,625] Trial 41 finished with value: 546.517578125 and parameters: {'gradient_clip_val': 0.18681629783442819, 'hidden_size': 11, 'dropout': 0.46334988253308407, 'hidden_continuous_size': 6, 'attention_head_size': 3, 'learning_rate': 0.002436585337373965}. Best is trial 1 with value: 132.8378143310547.
[I 2023-12-27 11:15:09,245] Trial 42 finished with value: 722.9555053710938 and parameters: {'gradient_clip_val': 0.2065161664642665, 'hidden_size': 11, 'dropout': 0.464823003601793, 'hidden_continuous_size': 6, 'attention_head_size': 3, 'learning_rate': 0.0021759538407426027}. Best is trial 1 with value: 132.8378143310547.
[I 2023-12-27 11:15:09,647] Trial 43 finished with value: 591.7462768554688 and parameters: {'gradient_clip_val': 0.32151531551323503, 'hidden_size': 6, 'dropout': 0.42277203833845783, 'hidden_continuous_size': 5, 'attention_head_size': 3, 'learning_rate': 0.003399607722816978}. Best is trial 1 with value: 132.8378143310547.
[I 2023-12-27 11:15:10,086] Trial 44 finished with value: 603.4099731445312 and parameters: {'gradient_clip_val': 0.17194386819406415, 'hidden_size': 33, 'dropout': 0.4983698235591838, 'hidden_continuous_size': 11, 'attention_head_size': 3, 'learning_rate': 0.006720347444045346}. Best is trial 1 with value: 132.8378143310547.
[I 2023-12-27 11:15:10,480] Trial 45 finished with value: 573.9050903320312 and parameters: {'gradient_clip_val': 0.387655490713865, 'hidden_size': 10, 'dropout': 0.17725479380442982, 'hidden_continuous_size': 6, 'attention_head_size': 2, 'learning_rate': 0.0014188371736144716}. Best is trial 1 with value: 132.8378143310547.
[I 2023-12-27 11:15:10,880] Trial 46 finished with value: 658.18994140625 and parameters: {'gradient_clip_val': 0.22647924163104116, 'hidden_size': 8, 'dropout': 0.12179274820357947, 'hidden_continuous_size': 5, 'attention_head_size': 2, 'learning_rate': 0.004623750386340478}. Best is trial 1 with value: 132.8378143310547.
[I 2023-12-27 11:15:11,251] Trial 47 finished with value: 567.8385620117188 and parameters: {'gradient_clip_val': 0.12358839657478565, 'hidden_size': 5, 'dropout': 0.2960529316435657, 'hidden_continuous_size': 5, 'attention_head_size': 4, 'learning_rate': 0.002969656463069564}. Best is trial 1 with value: 132.8378143310547.
[I 2023-12-27 11:15:11,677] Trial 48 finished with value: 645.1340942382812 and parameters: {'gradient_clip_val': 0.2595561355939938, 'hidden_size': 20, 'dropout': 0.320054887575191, 'hidden_continuous_size': 7, 'attention_head_size': 3, 'learning_rate': 0.0051884660834848545}. Best is trial 1 with value: 132.8378143310547.
[I 2023-12-27 11:15:12,078] Trial 49 finished with value: 604.1969604492188 and parameters: {'gradient_clip_val': 0.31836779371699103, 'hidden_size': 13, 'dropout': 0.1857952913099302, 'hidden_continuous_size': 6, 'attention_head_size': 2, 'learning_rate': 0.006862950950603802}. Best is trial 1 with value: 132.8378143310547.
[I 2023-12-27 11:15:12,202] A new study created in memory with name: no-name-aea961a2-160a-4994-a9c8-14b6b1ddd8ca
/home/le004/conda/anaconda3/envs/tsff_env/lib/python3.9/site-packages/lightning/fabric/plugins/environments/slurm.py:191: The `srun` command is available on your system but is not used. HINT: If your intention is to run Lightning on SLURM, prepend your python command with `srun` like so: srun python /home/le004/master_thesis/git/TSFusionForecast/code/ ...
