[I 2023-12-27 11:19:03,660] Trial 28 finished with value: 1216.8135986328125 and parameters: {'gradient_clip_val': 0.17402112669560493, 'hidden_size': 36, 'dropout': 0.28281285703473363, 'hidden_continuous_size': 9, 'attention_head_size': 2, 'learning_rate': 0.008464901541830045}. Best is trial 0 with value: 174.4221649169922.
[I 2023-12-27 11:19:04,180] Trial 29 finished with value: 1265.1103515625 and parameters: {'gradient_clip_val': 0.14855464011122024, 'hidden_size': 121, 'dropout': 0.24816775834344063, 'hidden_continuous_size': 51, 'attention_head_size': 2, 'learning_rate': 0.005036365350593657}. Best is trial 0 with value: 174.4221649169922.
[I 2023-12-27 11:19:04,652] Trial 30 finished with value: 970.3720092773438 and parameters: {'gradient_clip_val': 0.11641613467363615, 'hidden_size': 92, 'dropout': 0.18721654561821746, 'hidden_continuous_size': 13, 'attention_head_size': 4, 'learning_rate': 0.007904381938717623}. Best is trial 0 with value: 174.4221649169922.
[I 2023-12-27 11:19:05,009] Trial 31 finished with value: 1492.2947998046875 and parameters: {'gradient_clip_val': 0.19239756177269945, 'hidden_size': 21, 'dropout': 0.14186693703333095, 'hidden_continuous_size': 12, 'attention_head_size': 1, 'learning_rate': 0.011187716918796437}. Best is trial 0 with value: 174.4221649169922.
[I 2023-12-27 11:19:05,374] Trial 32 finished with value: 1028.692138671875 and parameters: {'gradient_clip_val': 0.26969430285358187, 'hidden_size': 27, 'dropout': 0.16804478765700584, 'hidden_continuous_size': 7, 'attention_head_size': 1, 'learning_rate': 0.0029902479536824864}. Best is trial 0 with value: 174.4221649169922.
[I 2023-12-27 11:19:05,728] Trial 33 finished with value: 1417.0753173828125 and parameters: {'gradient_clip_val': 0.14380321096816812, 'hidden_size': 12, 'dropout': 0.1030930595420213, 'hidden_continuous_size': 8, 'attention_head_size': 1, 'learning_rate': 0.016541158864488398}. Best is trial 0 with value: 174.4221649169922.
[I 2023-12-27 11:19:06,320] Trial 34 finished with value: 1001.814697265625 and parameters: {'gradient_clip_val': 0.2203647724775902, 'hidden_size': 9, 'dropout': 0.13459339760924593, 'hidden_continuous_size': 6, 'attention_head_size': 3, 'learning_rate': 0.009038705300225963}. Best is trial 0 with value: 174.4221649169922.
[I 2023-12-27 11:19:06,684] Trial 35 finished with value: 1085.6829833984375 and parameters: {'gradient_clip_val': 0.29286152229124374, 'hidden_size': 18, 'dropout': 0.22937588621270846, 'hidden_continuous_size': 10, 'attention_head_size': 1, 'learning_rate': 0.003265499331748104}. Best is trial 0 with value: 174.4221649169922.
[I 2023-12-27 11:19:07,031] Trial 36 finished with value: 1111.9244384765625 and parameters: {'gradient_clip_val': 0.1736935116664842, 'hidden_size': 6, 'dropout': 0.193488599860997, 'hidden_continuous_size': 5, 'attention_head_size': 3, 'learning_rate': 0.006026064994802587}. Best is trial 0 with value: 174.4221649169922.
[I 2023-12-27 11:19:07,386] Trial 37 finished with value: 1248.7423095703125 and parameters: {'gradient_clip_val': 0.15812664164125412, 'hidden_size': 9, 'dropout': 0.18252898883946544, 'hidden_continuous_size': 6, 'attention_head_size': 2, 'learning_rate': 0.0021466886844795185}. Best is trial 0 with value: 174.4221649169922.
[I 2023-12-27 11:19:07,775] Trial 38 finished with value: 1147.5 and parameters: {'gradient_clip_val': 0.13619161327747992, 'hidden_size': 31, 'dropout': 0.16327528755163523, 'hidden_continuous_size': 14, 'attention_head_size': 1, 'learning_rate': 0.004046436040684559}. Best is trial 0 with value: 174.4221649169922.
[I 2023-12-27 11:19:08,157] Trial 39 finished with value: 1116.4801025390625 and parameters: {'gradient_clip_val': 0.3225446199506064, 'hidden_size': 39, 'dropout': 0.2279874589302021, 'hidden_continuous_size': 17, 'attention_head_size': 2, 'learning_rate': 0.001722763372596066}. Best is trial 0 with value: 174.4221649169922.
[I 2023-12-27 11:19:08,516] Trial 40 finished with value: 1282.857666015625 and parameters: {'gradient_clip_val': 0.11166811864988117, 'hidden_size': 23, 'dropout': 0.2622518496114293, 'hidden_continuous_size': 12, 'attention_head_size': 1, 'learning_rate': 0.00501788572544442}. Best is trial 0 with value: 174.4221649169922.
[I 2023-12-27 11:19:08,907] Trial 41 finished with value: 1165.0296630859375 and parameters: {'gradient_clip_val': 0.17612149327209828, 'hidden_size': 28, 'dropout': 0.12252398150871854, 'hidden_continuous_size': 9, 'attention_head_size': 2, 'learning_rate': 0.007619593766558272}. Best is trial 0 with value: 174.4221649169922.
[I 2023-12-27 11:19:09,275] Trial 42 finished with value: 1146.966796875 and parameters: {'gradient_clip_val': 0.20180105537881876, 'hidden_size': 24, 'dropout': 0.14493338172591538, 'hidden_continuous_size': 10, 'attention_head_size': 3, 'learning_rate': 0.01185686939995499}. Best is trial 0 with value: 174.4221649169922.
[I 2023-12-27 11:19:09,638] Trial 43 finished with value: 988.15380859375 and parameters: {'gradient_clip_val': 0.158371749131689, 'hidden_size': 20, 'dropout': 0.10214782768105646, 'hidden_continuous_size': 10, 'attention_head_size': 2, 'learning_rate': 0.006244138212711812}. Best is trial 0 with value: 174.4221649169922.
[I 2023-12-27 11:19:09,996] Trial 44 finished with value: 1459.8074951171875 and parameters: {'gradient_clip_val': 0.2285775334131607, 'hidden_size': 13, 'dropout': 0.16118528549376376, 'hidden_continuous_size': 7, 'attention_head_size': 3, 'learning_rate': 0.003927509851239048}. Best is trial 0 with value: 174.4221649169922.
[I 2023-12-27 11:19:10,346] Trial 45 finished with value: 990.4647827148438 and parameters: {'gradient_clip_val': 0.18505859350952264, 'hidden_size': 11, 'dropout': 0.1165847943324953, 'hidden_continuous_size': 8, 'attention_head_size': 2, 'learning_rate': 0.01005844139752634}. Best is trial 0 with value: 174.4221649169922.
[I 2023-12-27 11:19:10,682] Trial 46 finished with value: 1194.2501220703125 and parameters: {'gradient_clip_val': 0.2133105089037968, 'hidden_size': 16, 'dropout': 0.1282848313475786, 'hidden_continuous_size': 10, 'attention_head_size': 1, 'learning_rate': 0.006893466822223753}. Best is trial 0 with value: 174.4221649169922.
[I 2023-12-27 11:19:11,304] Trial 47 finished with value: 1007.2002563476562 and parameters: {'gradient_clip_val': 0.17638698784969123, 'hidden_size': 40, 'dropout': 0.15420144924181786, 'hidden_continuous_size': 15, 'attention_head_size': 2, 'learning_rate': 0.013422443962753524}. Best is trial 0 with value: 174.4221649169922.
[I 2023-12-27 11:19:11,674] Trial 48 finished with value: 1011.2980346679688 and parameters: {'gradient_clip_val': 0.1470700940140459, 'hidden_size': 18, 'dropout': 0.202037304225039, 'hidden_continuous_size': 11, 'attention_head_size': 1, 'learning_rate': 0.009476797403402223}. Best is trial 0 with value: 174.4221649169922.
[I 2023-12-27 11:19:12,088] Trial 49 finished with value: 886.71240234375 and parameters: {'gradient_clip_val': 0.11044287139557711, 'hidden_size': 57, 'dropout': 0.10061731085145148, 'hidden_continuous_size': 19, 'attention_head_size': 4, 'learning_rate': 0.006036776730266096}. Best is trial 0 with value: 174.4221649169922.
[I 2023-12-27 11:19:12,194] A new study created in memory with name: no-name-afa53f81-9f36-4fd4-bb51-feb6cfe82084
/home/le004/conda/anaconda3/envs/tsff_env/lib/python3.9/site-packages/lightning/fabric/plugins/environments/slurm.py:191: The `srun` command is available on your system but is not used. HINT: If your intention is to run Lightning on SLURM, prepend your python command with `srun` like so: srun python /home/le004/master_thesis/git/TSFusionForecast/code/ ...
[I 2023-12-27 11:19:39,994] Trial 0 finished with value: 344.1499938964844 and parameters: {'gradient_clip_val': 0.1880423829308895, 'hidden_size': 6, 'dropout': 0.36966345977670956, 'hidden_continuous_size': 5, 'attention_head_size': 1, 'learning_rate': 0.005134978120795828}. Best is trial 0 with value: 344.1499938964844.
[I 2023-12-27 11:19:50,445] Trial 1 finished with value: 538.1049194335938 and parameters: {'gradient_clip_val': 0.3491273202318507, 'hidden_size': 26, 'dropout': 0.24376960730960576, 'hidden_continuous_size': 5, 'attention_head_size': 2, 'learning_rate': 0.0028397128755863347}. Best is trial 0 with value: 344.1499938964844.
[I 2023-12-27 11:19:50,914] Trial 2 finished with value: 971.4151000976562 and parameters: {'gradient_clip_val': 0.8623777020606289, 'hidden_size': 94, 'dropout': 0.2116571757429458, 'hidden_continuous_size': 17, 'attention_head_size': 4, 'learning_rate': 0.001907493577259212}. Best is trial 0 with value: 344.1499938964844.
[I 2023-12-27 11:19:51,364] Trial 3 finished with value: 1072.1119384765625 and parameters: {'gradient_clip_val': 0.7865246857528894, 'hidden_size': 97, 'dropout': 0.48961935690153435, 'hidden_continuous_size': 39, 'attention_head_size': 2, 'learning_rate': 0.0005495397869373057}. Best is trial 0 with value: 344.1499938964844.
[I 2023-12-27 11:19:51,690] Trial 4 finished with value: 1111.667724609375 and parameters: {'gradient_clip_val': 0.16737619531570683, 'hidden_size': 7, 'dropout': 0.30738694575440095, 'hidden_continuous_size': 7, 'attention_head_size': 4, 'learning_rate': 0.003723544999028483}. Best is trial 0 with value: 344.1499938964844.
[I 2023-12-27 11:19:52,048] Trial 5 finished with value: 768.0632934570312 and parameters: {'gradient_clip_val': 0.31158073323585433, 'hidden_size': 36, 'dropout': 0.23473626032443798, 'hidden_continuous_size': 5, 'attention_head_size': 2, 'learning_rate': 0.011091240709494441}. Best is trial 0 with value: 344.1499938964844.
[I 2023-12-27 11:19:52,418] Trial 6 finished with value: 818.6174926757812 and parameters: {'gradient_clip_val': 0.6632847938803711, 'hidden_size': 39, 'dropout': 0.41907885997500605, 'hidden_continuous_size': 7, 'attention_head_size': 3, 'learning_rate': 0.001497830650803443}. Best is trial 0 with value: 344.1499938964844.
[I 2023-12-27 11:19:53,018] Trial 7 finished with value: 1040.6007080078125 and parameters: {'gradient_clip_val': 0.15612883479511272, 'hidden_size': 14, 'dropout': 0.49589602849720904, 'hidden_continuous_size': 14, 'attention_head_size': 2, 'learning_rate': 0.0018914061459897873}. Best is trial 0 with value: 344.1499938964844.
[I 2023-12-27 11:19:53,355] Trial 8 finished with value: 1338.3292236328125 and parameters: {'gradient_clip_val': 0.4952434285677301, 'hidden_size': 10, 'dropout': 0.4730419191740449, 'hidden_continuous_size': 5, 'attention_head_size': 3, 'learning_rate': 0.09028910164956455}. Best is trial 0 with value: 344.1499938964844.
[I 2023-12-27 11:19:53,696] Trial 9 finished with value: 999.7123413085938 and parameters: {'gradient_clip_val': 0.1519194190814108, 'hidden_size': 27, 'dropout': 0.1738497567611615, 'hidden_continuous_size': 27, 'attention_head_size': 3, 'learning_rate': 0.08721174472486942}. Best is trial 0 with value: 344.1499938964844.
[I 2023-12-27 11:19:54,023] Trial 10 finished with value: 1002.387939453125 and parameters: {'gradient_clip_val': 0.10125478643558818, 'hidden_size': 5, 'dropout': 0.3564699717878999, 'hidden_continuous_size': 5, 'attention_head_size': 1, 'learning_rate': 0.011893952746852392}. Best is trial 0 with value: 344.1499938964844.
[I 2023-12-27 11:19:54,381] Trial 11 finished with value: 840.640625 and parameters: {'gradient_clip_val': 0.30547167120867946, 'hidden_size': 15, 'dropout': 0.11221697847233764, 'hidden_continuous_size': 6, 'attention_head_size': 1, 'learning_rate': 0.006183267832242813}. Best is trial 0 with value: 344.1499938964844.
[I 2023-12-27 11:19:54,717] Trial 12 finished with value: 927.2941284179688 and parameters: {'gradient_clip_val': 0.24268537771703247, 'hidden_size': 5, 'dropout': 0.3089394427201343, 'hidden_continuous_size': 5, 'attention_head_size': 1, 'learning_rate': 0.020659848953685046}. Best is trial 0 with value: 344.1499938964844.
[I 2023-12-27 11:19:55,071] Trial 13 finished with value: 969.8295288085938 and parameters: {'gradient_clip_val': 0.4377298862510538, 'hidden_size': 17, 'dropout': 0.37022681481201886, 'hidden_continuous_size': 6, 'attention_head_size': 1, 'learning_rate': 0.004083612190567674}. Best is trial 0 with value: 344.1499938964844.
[I 2023-12-27 11:19:55,477] Trial 14 finished with value: 958.6976928710938 and parameters: {'gradient_clip_val': 0.24029706675167306, 'hidden_size': 53, 'dropout': 0.257771140797009, 'hidden_continuous_size': 9, 'attention_head_size': 2, 'learning_rate': 0.0007043310908147847}. Best is trial 0 with value: 344.1499938964844.
[I 2023-12-27 11:19:55,835] Trial 15 finished with value: 1077.5213623046875 and parameters: {'gradient_clip_val': 0.41840424996194925, 'hidden_size': 9, 'dropout': 0.269830501156587, 'hidden_continuous_size': 5, 'attention_head_size': 1, 'learning_rate': 0.003255867406322346}. Best is trial 0 with value: 344.1499938964844.
[I 2023-12-27 11:19:56,199] Trial 16 finished with value: 735.5255737304688 and parameters: {'gradient_clip_val': 0.22382326570204325, 'hidden_size': 19, 'dropout': 0.3483657803160707, 'hidden_continuous_size': 8, 'attention_head_size': 2, 'learning_rate': 0.000986286749513985}. Best is trial 0 with value: 344.1499938964844.
[I 2023-12-27 11:19:56,556] Trial 17 finished with value: 982.4638061523438 and parameters: {'gradient_clip_val': 0.5818116134096942, 'hidden_size': 10, 'dropout': 0.3921512212228342, 'hidden_continuous_size': 6, 'attention_head_size': 1, 'learning_rate': 0.002619326904364989}. Best is trial 0 with value: 344.1499938964844.
[I 2023-12-27 11:19:56,916] Trial 18 finished with value: 1166.1361083984375 and parameters: {'gradient_clip_val': 0.3709772444748731, 'hidden_size': 23, 'dropout': 0.31605975807344716, 'hidden_continuous_size': 11, 'attention_head_size': 2, 'learning_rate': 0.0011663454016231911}. Best is trial 0 with value: 344.1499938964844.
[I 2023-12-27 11:19:57,271] Trial 19 finished with value: 957.9718627929688 and parameters: {'gradient_clip_val': 0.3191401703782474, 'hidden_size': 13, 'dropout': 0.42322197981546256, 'hidden_continuous_size': 6, 'attention_head_size': 3, 'learning_rate': 0.004390404859369735}. Best is trial 0 with value: 344.1499938964844.
[I 2023-12-27 11:19:57,829] Trial 20 finished with value: 608.544189453125 and parameters: {'gradient_clip_val': 0.4870152079406143, 'hidden_size': 144, 'dropout': 0.2747805397011346, 'hidden_continuous_size': 84, 'attention_head_size': 1, 'learning_rate': 0.006993358678058963}. Best is trial 0 with value: 344.1499938964844.
[I 2023-12-27 11:19:58,635] Trial 21 finished with value: 869.62109375 and parameters: {'gradient_clip_val': 0.5380094987714671, 'hidden_size': 146, 'dropout': 0.27734209745867583, 'hidden_continuous_size': 100, 'attention_head_size': 1, 'learning_rate': 0.007432094146623179}. Best is trial 0 with value: 344.1499938964844.
[I 2023-12-27 11:19:59,038] Trial 22 finished with value: 1062.1015625 and parameters: {'gradient_clip_val': 0.6560727953551038, 'hidden_size': 60, 'dropout': 0.3317595724105147, 'hidden_continuous_size': 9, 'attention_head_size': 1, 'learning_rate': 0.0022647272018121436}. Best is trial 0 with value: 344.1499938964844.
[I 2023-12-27 11:19:59,403] Trial 23 finished with value: 759.7655639648438 and parameters: {'gradient_clip_val': 0.4497620080587862, 'hidden_size': 25, 'dropout': 0.2242742192671252, 'hidden_continuous_size': 7, 'attention_head_size': 2, 'learning_rate': 0.005452573269100102}. Best is trial 0 with value: 344.1499938964844.
[I 2023-12-27 11:19:59,768] Trial 24 finished with value: 800.6327514648438 and parameters: {'gradient_clip_val': 0.3990414169485229, 'hidden_size': 32, 'dropout': 0.2874803236516251, 'hidden_continuous_size': 11, 'attention_head_size': 1, 'learning_rate': 0.0026655125005758925}. Best is trial 0 with value: 344.1499938964844.
[I 2023-12-27 11:20:00,139] Trial 25 finished with value: 1082.1436767578125 and parameters: {'gradient_clip_val': 0.5151518241951049, 'hidden_size': 21, 'dropout': 0.3200257694318722, 'hidden_continuous_size': 6, 'attention_head_size': 2, 'learning_rate': 0.007277540920711045}. Best is trial 0 with value: 344.1499938964844.
[I 2023-12-27 11:20:00,525] Trial 26 finished with value: 852.7693481445312 and parameters: {'gradient_clip_val': 0.9710540697122653, 'hidden_size': 45, 'dropout': 0.2528256727213002, 'hidden_continuous_size': 15, 'attention_head_size': 1, 'learning_rate': 0.0032004815769879178}. Best is trial 0 with value: 344.1499938964844.
[I 2023-12-27 11:20:00,892] Trial 27 finished with value: 1113.8519287109375 and parameters: {'gradient_clip_val': 0.368704375839433, 'hidden_size': 27, 'dropout': 0.19451905097961347, 'hidden_continuous_size': 8, 'attention_head_size': 1, 'learning_rate': 0.0012895059149606548}. Best is trial 0 with value: 344.1499938964844.
[I 2023-12-27 11:20:01,317] Trial 28 finished with value: 763.2179565429688 and parameters: {'gradient_clip_val': 0.6117095020198193, 'hidden_size': 66, 'dropout': 0.29805752271485514, 'hidden_continuous_size': 20, 'attention_head_size': 2, 'learning_rate': 0.009762562795157055}. Best is trial 0 with value: 344.1499938964844.
[I 2023-12-27 11:20:01,759] Trial 29 finished with value: 523.3820190429688 and parameters: {'gradient_clip_val': 0.47962084246260805, 'hidden_size': 73, 'dropout': 0.24441760415674094, 'hidden_continuous_size': 41, 'attention_head_size': 4, 'learning_rate': 0.0017346128515404852}. Best is trial 0 with value: 344.1499938964844.
[I 2023-12-27 11:20:02,148] Trial 30 finished with value: 1146.016357421875 and parameters: {'gradient_clip_val': 0.2775380206141337, 'hidden_size': 45, 'dropout': 0.21031442141439055, 'hidden_continuous_size': 10, 'attention_head_size': 4, 'learning_rate': 0.0019307854481747245}. Best is trial 0 with value: 344.1499938964844.
[I 2023-12-27 11:20:02,601] Trial 31 finished with value: 913.0717163085938 and parameters: {'gradient_clip_val': 0.48900824904124396, 'hidden_size': 82, 'dropout': 0.2371543614279784, 'hidden_continuous_size': 54, 'attention_head_size': 4, 'learning_rate': 0.0016883769608968583}. Best is trial 0 with value: 344.1499938964844.
[I 2023-12-27 11:20:03,164] Trial 32 finished with value: 774.0847778320312 and parameters: {'gradient_clip_val': 0.3749769792567848, 'hidden_size': 142, 'dropout': 0.2772825768635616, 'hidden_continuous_size': 60, 'attention_head_size': 3, 'learning_rate': 0.005187109527543557}. Best is trial 0 with value: 344.1499938964844.
[I 2023-12-27 11:20:03,657] Trial 33 finished with value: 916.9081420898438 and parameters: {'gradient_clip_val': 0.7128303384179278, 'hidden_size': 115, 'dropout': 0.24877156801656625, 'hidden_continuous_size': 32, 'attention_head_size': 4, 'learning_rate': 0.002411520762375049}. Best is trial 0 with value: 344.1499938964844.
[I 2023-12-27 11:20:04,132] Trial 34 finished with value: 1028.8902587890625 and parameters: {'gradient_clip_val': 0.7918753119746784, 'hidden_size': 103, 'dropout': 0.29072989236172153, 'hidden_continuous_size': 20, 'attention_head_size': 3, 'learning_rate': 0.0036659412357677307}. Best is trial 0 with value: 344.1499938964844.
[I 2023-12-27 11:20:04,796] Trial 35 finished with value: 1082.86474609375 and parameters: {'gradient_clip_val': 0.5620116174890735, 'hidden_size': 80, 'dropout': 0.20758373588608353, 'hidden_continuous_size': 24, 'attention_head_size': 2, 'learning_rate': 0.000861033065693143}. Best is trial 0 with value: 344.1499938964844.
[I 2023-12-27 11:20:05,328] Trial 36 finished with value: 912.9163208007812 and parameters: {'gradient_clip_val': 0.33876255905222735, 'hidden_size': 116, 'dropout': 0.3342785984288833, 'hidden_continuous_size': 40, 'attention_head_size': 4, 'learning_rate': 0.001617748162736795}. Best is trial 0 with value: 344.1499938964844.
[I 2023-12-27 11:20:05,785] Trial 37 finished with value: 708.1170043945312 and parameters: {'gradient_clip_val': 0.4943894879646722, 'hidden_size': 73, 'dropout': 0.26379171124295275, 'hidden_continuous_size': 13, 'attention_head_size': 2, 'learning_rate': 0.0006333394794537457}. Best is trial 0 with value: 344.1499938964844.
[I 2023-12-27 11:20:06,253] Trial 38 finished with value: 868.6035766601562 and parameters: {'gradient_clip_val': 0.455416116528882, 'hidden_size': 86, 'dropout': 0.22914224771782674, 'hidden_continuous_size': 18, 'attention_head_size': 3, 'learning_rate': 0.0012575566788905709}. Best is trial 0 with value: 344.1499938964844.
[I 2023-12-27 11:20:06,644] Trial 39 finished with value: 845.2404174804688 and parameters: {'gradient_clip_val': 0.42926841930187415, 'hidden_size': 33, 'dropout': 0.30943400125092513, 'hidden_continuous_size': 16, 'attention_head_size': 1, 'learning_rate': 0.003165207434194748}. Best is trial 0 with value: 344.1499938964844.
[I 2023-12-27 11:20:07,135] Trial 40 finished with value: 840.9381713867188 and parameters: {'gradient_clip_val': 0.27889552854226557, 'hidden_size': 95, 'dropout': 0.18766922926388185, 'hidden_continuous_size': 13, 'attention_head_size': 4, 'learning_rate': 0.004627815682263678}. Best is trial 0 with value: 344.1499938964844.
[I 2023-12-27 11:20:07,559] Trial 41 finished with value: 1158.404541015625 and parameters: {'gradient_clip_val': 0.512337977621245, 'hidden_size': 71, 'dropout': 0.262971251119137, 'hidden_continuous_size': 14, 'attention_head_size': 2, 'learning_rate': 0.0007364408408127341}. Best is trial 0 with value: 344.1499938964844.
[I 2023-12-27 11:20:07,968] Trial 42 finished with value: 788.5813598632812 and parameters: {'gradient_clip_val': 0.4755243579383669, 'hidden_size': 58, 'dropout': 0.24307895681451566, 'hidden_continuous_size': 25, 'attention_head_size': 2, 'learning_rate': 0.0005243804849809161}. Best is trial 0 with value: 344.1499938964844.
