[I 2023-12-27 11:25:17,513] Trial 35 finished with value: 2.9409892559051514 and parameters: {'gradient_clip_val': 0.25578401633511816, 'hidden_size': 69, 'dropout': 0.4074484818820455, 'hidden_continuous_size': 12, 'attention_head_size': 2, 'learning_rate': 0.00972722343328607}. Best is trial 0 with value: 0.07838339358568192.
[I 2023-12-27 11:25:17,975] Trial 36 finished with value: 3.8103504180908203 and parameters: {'gradient_clip_val': 0.18217238901051036, 'hidden_size': 79, 'dropout': 0.3779703274970355, 'hidden_continuous_size': 10, 'attention_head_size': 3, 'learning_rate': 0.0010504561427475201}. Best is trial 0 with value: 0.07838339358568192.
[I 2023-12-27 11:25:18,371] Trial 37 finished with value: 3.920478105545044 and parameters: {'gradient_clip_val': 0.3531547516214941, 'hidden_size': 48, 'dropout': 0.4453879070424891, 'hidden_continuous_size': 19, 'attention_head_size': 1, 'learning_rate': 0.006116246616675521}. Best is trial 0 with value: 0.07838339358568192.
[I 2023-12-27 11:25:18,868] Trial 38 finished with value: 2.263559579849243 and parameters: {'gradient_clip_val': 0.3111935826967148, 'hidden_size': 110, 'dropout': 0.38566586912308826, 'hidden_continuous_size': 7, 'attention_head_size': 2, 'learning_rate': 0.020731478523635095}. Best is trial 0 with value: 0.07838339358568192.
[I 2023-12-27 11:25:19,605] Trial 39 finished with value: 3.666010856628418 and parameters: {'gradient_clip_val': 0.37162909777757297, 'hidden_size': 117, 'dropout': 0.3550229545899042, 'hidden_continuous_size': 7, 'attention_head_size': 2, 'learning_rate': 0.021734012407508833}. Best is trial 0 with value: 0.07838339358568192.
[I 2023-12-27 11:25:20,079] Trial 40 finished with value: 3.114041566848755 and parameters: {'gradient_clip_val': 0.44349093207265505, 'hidden_size': 92, 'dropout': 0.3841172784382165, 'hidden_continuous_size': 5, 'attention_head_size': 1, 'learning_rate': 0.01673983990056783}. Best is trial 0 with value: 0.07838339358568192.
[I 2023-12-27 11:25:20,660] Trial 41 finished with value: 4.394758701324463 and parameters: {'gradient_clip_val': 0.28406889327876994, 'hidden_size': 147, 'dropout': 0.4087006819463112, 'hidden_continuous_size': 9, 'attention_head_size': 2, 'learning_rate': 0.00984694897289249}. Best is trial 0 with value: 0.07838339358568192.
[I 2023-12-27 11:25:21,185] Trial 42 finished with value: 2.656888008117676 and parameters: {'gradient_clip_val': 0.3177555029778034, 'hidden_size': 116, 'dropout': 0.4305749943467462, 'hidden_continuous_size': 12, 'attention_head_size': 2, 'learning_rate': 0.03419325092929798}. Best is trial 0 with value: 0.07838339358568192.
[I 2023-12-27 11:25:21,701] Trial 43 finished with value: 3.25075364112854 and parameters: {'gradient_clip_val': 0.3410968070238579, 'hidden_size': 121, 'dropout': 0.42893094950267147, 'hidden_continuous_size': 7, 'attention_head_size': 2, 'learning_rate': 0.03564215145159381}. Best is trial 0 with value: 0.07838339358568192.
[I 2023-12-27 11:25:22,193] Trial 44 finished with value: 4.187375545501709 and parameters: {'gradient_clip_val': 0.2610312382122451, 'hidden_size': 112, 'dropout': 0.3706686653956971, 'hidden_continuous_size': 11, 'attention_head_size': 3, 'learning_rate': 0.03226402542948066}. Best is trial 0 with value: 0.07838339358568192.
[I 2023-12-27 11:25:22,738] Trial 45 finished with value: 3.4185078144073486 and parameters: {'gradient_clip_val': 0.31473897651267246, 'hidden_size': 134, 'dropout': 0.3873731599594079, 'hidden_continuous_size': 8, 'attention_head_size': 2, 'learning_rate': 0.07004359877015315}. Best is trial 0 with value: 0.07838339358568192.
[I 2023-12-27 11:25:23,210] Trial 46 finished with value: 2.708847999572754 and parameters: {'gradient_clip_val': 0.3667939979768707, 'hidden_size': 98, 'dropout': 0.34504799610894266, 'hidden_continuous_size': 12, 'attention_head_size': 1, 'learning_rate': 0.057824847034599176}. Best is trial 0 with value: 0.07838339358568192.
[I 2023-12-27 11:25:23,680] Trial 47 finished with value: 4.433291912078857 and parameters: {'gradient_clip_val': 0.39066217014101395, 'hidden_size': 83, 'dropout': 0.42354125082111527, 'hidden_continuous_size': 16, 'attention_head_size': 2, 'learning_rate': 0.03563752629699395}. Best is trial 0 with value: 0.07838339358568192.
[I 2023-12-27 11:25:24,049] Trial 48 finished with value: 3.88006854057312 and parameters: {'gradient_clip_val': 0.2362225439084034, 'hidden_size': 7, 'dropout': 0.3721283091394169, 'hidden_continuous_size': 5, 'attention_head_size': 4, 'learning_rate': 0.01367324457441809}. Best is trial 0 with value: 0.07838339358568192.
[I 2023-12-27 11:25:24,450] Trial 49 finished with value: 4.0353569984436035 and parameters: {'gradient_clip_val': 0.28678264491523914, 'hidden_size': 39, 'dropout': 0.394782175158901, 'hidden_continuous_size': 18, 'attention_head_size': 1, 'learning_rate': 0.020209232769696}. Best is trial 0 with value: 0.07838339358568192.
[I 2023-12-27 11:25:24,568] A new study created in memory with name: no-name-34bb72a1-24e8-451a-8e4d-e09305a97e30
/home/le004/conda/anaconda3/envs/tsff_env/lib/python3.9/site-packages/lightning/fabric/plugins/environments/slurm.py:191: The `srun` command is available on your system but is not used. HINT: If your intention is to run Lightning on SLURM, prepend your python command with `srun` like so: srun python /home/le004/master_thesis/git/TSFusionForecast/code/ ...
[I 2023-12-27 11:26:01,814] Trial 0 finished with value: 0.1238117441534996 and parameters: {'gradient_clip_val': 0.1061209446252906, 'hidden_size': 28, 'dropout': 0.3264511733609703, 'hidden_continuous_size': 16, 'attention_head_size': 4, 'learning_rate': 0.011328152431278948}. Best is trial 0 with value: 0.1238117441534996.
[I 2023-12-27 11:26:15,270] Trial 1 finished with value: 1.7044447660446167 and parameters: {'gradient_clip_val': 0.1359563878504767, 'hidden_size': 47, 'dropout': 0.28247787075582675, 'hidden_continuous_size': 14, 'attention_head_size': 4, 'learning_rate': 0.005085644032324758}. Best is trial 0 with value: 0.1238117441534996.
[I 2023-12-27 11:26:15,662] Trial 2 finished with value: 3.332697629928589 and parameters: {'gradient_clip_val': 0.7844353991173675, 'hidden_size': 11, 'dropout': 0.16058276760726745, 'hidden_continuous_size': 5, 'attention_head_size': 3, 'learning_rate': 0.026274377256129303}. Best is trial 0 with value: 0.1238117441534996.
[I 2023-12-27 11:26:16,042] Trial 3 finished with value: 4.441943645477295 and parameters: {'gradient_clip_val': 0.2997209017743413, 'hidden_size': 13, 'dropout': 0.4635745993636968, 'hidden_continuous_size': 11, 'attention_head_size': 3, 'learning_rate': 0.001348493941227919}. Best is trial 0 with value: 0.1238117441534996.
[I 2023-12-27 11:26:16,432] Trial 4 finished with value: 6.483439922332764 and parameters: {'gradient_clip_val': 0.23500734424514338, 'hidden_size': 31, 'dropout': 0.3627708639513203, 'hidden_continuous_size': 7, 'attention_head_size': 2, 'learning_rate': 0.0009862681702723672}. Best is trial 0 with value: 0.1238117441534996.
[I 2023-12-27 11:26:16,892] Trial 5 finished with value: 4.204004764556885 and parameters: {'gradient_clip_val': 0.2603933229011256, 'hidden_size': 30, 'dropout': 0.28618828610318486, 'hidden_continuous_size': 9, 'attention_head_size': 3, 'learning_rate': 0.009101815054982374}. Best is trial 0 with value: 0.1238117441534996.
[I 2023-12-27 11:26:17,477] Trial 6 finished with value: 4.804863452911377 and parameters: {'gradient_clip_val': 0.2719481664079676, 'hidden_size': 111, 'dropout': 0.4891277900378437, 'hidden_continuous_size': 96, 'attention_head_size': 1, 'learning_rate': 0.0008533622805993979}. Best is trial 0 with value: 0.1238117441534996.
[I 2023-12-27 11:26:17,846] Trial 7 finished with value: 3.7185580730438232 and parameters: {'gradient_clip_val': 0.31555780706113773, 'hidden_size': 9, 'dropout': 0.3075879030005811, 'hidden_continuous_size': 5, 'attention_head_size': 2, 'learning_rate': 0.01539393309457445}. Best is trial 0 with value: 0.1238117441534996.
[I 2023-12-27 11:26:18,196] Trial 8 finished with value: 5.075806140899658 and parameters: {'gradient_clip_val': 0.22965772269781548, 'hidden_size': 10, 'dropout': 0.24046656353063992, 'hidden_continuous_size': 10, 'attention_head_size': 1, 'learning_rate': 0.004784496133278856}. Best is trial 0 with value: 0.1238117441534996.
[I 2023-12-27 11:26:18,718] Trial 9 finished with value: 4.591533184051514 and parameters: {'gradient_clip_val': 0.9592632262522675, 'hidden_size': 106, 'dropout': 0.15012304901331852, 'hidden_continuous_size': 31, 'attention_head_size': 4, 'learning_rate': 0.00314451507685144}. Best is trial 0 with value: 0.1238117441534996.
[I 2023-12-27 11:26:19,133] Trial 10 finished with value: 5.3311991691589355 and parameters: {'gradient_clip_val': 0.10655177496759197, 'hidden_size': 19, 'dropout': 0.3692345637748484, 'hidden_continuous_size': 13, 'attention_head_size': 4, 'learning_rate': 0.07738236475406847}. Best is trial 0 with value: 0.1238117441534996.
[I 2023-12-27 11:26:19,587] Trial 11 finished with value: 4.542095184326172 and parameters: {'gradient_clip_val': 0.11533002828377482, 'hidden_size': 54, 'dropout': 0.22678268674070903, 'hidden_continuous_size': 18, 'attention_head_size': 4, 'learning_rate': 0.003435244944397898}. Best is trial 0 with value: 0.1238117441534996.
[I 2023-12-27 11:26:20,198] Trial 12 finished with value: 4.903825283050537 and parameters: {'gradient_clip_val': 0.14820275216607254, 'hidden_size': 5, 'dropout': 0.10457755280378633, 'hidden_continuous_size': 5, 'attention_head_size': 4, 'learning_rate': 0.008889686560565803}. Best is trial 0 with value: 0.1238117441534996.
[I 2023-12-27 11:26:20,659] Trial 13 finished with value: 4.384156703948975 and parameters: {'gradient_clip_val': 0.14751601859602156, 'hidden_size': 52, 'dropout': 0.35639404030588084, 'hidden_continuous_size': 17, 'attention_head_size': 4, 'learning_rate': 0.0021116658076474715}. Best is trial 0 with value: 0.1238117441534996.
[I 2023-12-27 11:26:21,095] Trial 14 finished with value: 3.7838046550750732 and parameters: {'gradient_clip_val': 0.16522138432732533, 'hidden_size': 48, 'dropout': 0.2994155113631427, 'hidden_continuous_size': 19, 'attention_head_size': 3, 'learning_rate': 0.006141654666321098}. Best is trial 0 with value: 0.1238117441534996.
[I 2023-12-27 11:26:21,481] Trial 15 finished with value: 4.236645698547363 and parameters: {'gradient_clip_val': 0.10068995983131328, 'hidden_size': 21, 'dropout': 0.4239230637916287, 'hidden_continuous_size': 14, 'attention_head_size': 4, 'learning_rate': 0.019868420828430274}. Best is trial 0 with value: 0.1238117441534996.
[I 2023-12-27 11:26:21,930] Trial 16 finished with value: 5.764603137969971 and parameters: {'gradient_clip_val': 0.17775168259305552, 'hidden_size': 72, 'dropout': 0.24402013412005275, 'hidden_continuous_size': 31, 'attention_head_size': 2, 'learning_rate': 0.01118408142747582}. Best is trial 0 with value: 0.1238117441534996.
[I 2023-12-27 11:26:22,514] Trial 17 finished with value: 3.3793227672576904 and parameters: {'gradient_clip_val': 0.1309749854795359, 'hidden_size': 140, 'dropout': 0.40924290866471136, 'hidden_continuous_size': 26, 'attention_head_size': 3, 'learning_rate': 0.0022421785907487204}. Best is trial 0 with value: 0.1238117441534996.
[I 2023-12-27 11:26:22,945] Trial 18 finished with value: 5.936023712158203 and parameters: {'gradient_clip_val': 0.10110211444301717, 'hidden_size': 38, 'dropout': 0.3287129518081445, 'hidden_continuous_size': 8, 'attention_head_size': 4, 'learning_rate': 0.0005245735308722271}. Best is trial 0 with value: 0.1238117441534996.
[I 2023-12-27 11:26:23,345] Trial 19 finished with value: 5.26221227645874 and parameters: {'gradient_clip_val': 0.19083242246682441, 'hidden_size': 22, 'dropout': 0.26597104858402787, 'hidden_continuous_size': 12, 'attention_head_size': 3, 'learning_rate': 0.005176287657094963}. Best is trial 0 with value: 0.1238117441534996.
[I 2023-12-27 11:26:23,804] Trial 20 finished with value: 4.795871734619141 and parameters: {'gradient_clip_val': 0.13294882080656362, 'hidden_size': 80, 'dropout': 0.33055404100106806, 'hidden_continuous_size': 25, 'attention_head_size': 4, 'learning_rate': 0.024044578881831404}. Best is trial 0 with value: 0.1238117441534996.
[I 2023-12-27 11:26:24,200] Trial 21 finished with value: 5.5115742683410645 and parameters: {'gradient_clip_val': 0.4418176824215726, 'hidden_size': 35, 'dropout': 0.20051846699127512, 'hidden_continuous_size': 6, 'attention_head_size': 3, 'learning_rate': 0.03431442483048049}. Best is trial 0 with value: 0.1238117441534996.
[I 2023-12-27 11:26:24,571] Trial 22 finished with value: 5.713662624359131 and parameters: {'gradient_clip_val': 0.4150999591603471, 'hidden_size': 16, 'dropout': 0.19555401400473102, 'hidden_continuous_size': 6, 'attention_head_size': 3, 'learning_rate': 0.01316868479388604}. Best is trial 0 with value: 0.1238117441534996.
[I 2023-12-27 11:26:24,968] Trial 23 finished with value: 5.411031723022461 and parameters: {'gradient_clip_val': 0.12483685641887106, 'hidden_size': 28, 'dropout': 0.27530657195079267, 'hidden_continuous_size': 8, 'attention_head_size': 4, 'learning_rate': 0.034719743236381585}. Best is trial 0 with value: 0.1238117441534996.
[I 2023-12-27 11:26:25,346] Trial 24 finished with value: 6.146607875823975 and parameters: {'gradient_clip_val': 0.19358543486655433, 'hidden_size': 24, 'dropout': 0.17155098351033315, 'hidden_continuous_size': 5, 'attention_head_size': 2, 'learning_rate': 0.007624230403497595}. Best is trial 0 with value: 0.1238117441534996.
[I 2023-12-27 11:26:25,729] Trial 25 finished with value: 6.008420944213867 and parameters: {'gradient_clip_val': 0.9705659058335762, 'hidden_size': 15, 'dropout': 0.1161403770568816, 'hidden_continuous_size': 6, 'attention_head_size': 3, 'learning_rate': 0.014039855143107915}. Best is trial 0 with value: 0.1238117441534996.
[I 2023-12-27 11:26:26,400] Trial 26 finished with value: 4.387542247772217 and parameters: {'gradient_clip_val': 0.633640510634739, 'hidden_size': 45, 'dropout': 0.1492175413219881, 'hidden_continuous_size': 10, 'attention_head_size': 4, 'learning_rate': 0.008208036776352545}. Best is trial 0 with value: 0.1238117441534996.
[I 2023-12-27 11:26:26,816] Trial 27 finished with value: 4.280886173248291 and parameters: {'gradient_clip_val': 0.3794102354353728, 'hidden_size': 38, 'dropout': 0.2561165816912111, 'hidden_continuous_size': 14, 'attention_head_size': 4, 'learning_rate': 0.004893810296192778}. Best is trial 0 with value: 0.1238117441534996.
[I 2023-12-27 11:26:27,235] Trial 28 finished with value: 4.100935935974121 and parameters: {'gradient_clip_val': 0.12087410888436492, 'hidden_size': 26, 'dropout': 0.2175122186008362, 'hidden_continuous_size': 7, 'attention_head_size': 3, 'learning_rate': 0.020764575975356834}. Best is trial 0 with value: 0.1238117441534996.
[I 2023-12-27 11:26:27,605] Trial 29 finished with value: 4.304434299468994 and parameters: {'gradient_clip_val': 0.15950664087578617, 'hidden_size': 13, 'dropout': 0.2699743143203826, 'hidden_continuous_size': 5, 'attention_head_size': 3, 'learning_rate': 0.010642331759541029}. Best is trial 0 with value: 0.1238117441534996.
[I 2023-12-27 11:26:27,973] Trial 30 finished with value: 4.604039669036865 and parameters: {'gradient_clip_val': 0.2027407893398948, 'hidden_size': 18, 'dropout': 0.2091543638656158, 'hidden_continuous_size': 11, 'attention_head_size': 2, 'learning_rate': 0.05714743474458233}. Best is trial 0 with value: 0.1238117441534996.
[I 2023-12-27 11:26:28,568] Trial 31 finished with value: 5.647700786590576 and parameters: {'gradient_clip_val': 0.13285031578813797, 'hidden_size': 149, 'dropout': 0.40214037092020477, 'hidden_continuous_size': 23, 'attention_head_size': 3, 'learning_rate': 0.0018399104765190267}. Best is trial 0 with value: 0.1238117441534996.
[I 2023-12-27 11:26:29,034] Trial 32 finished with value: 4.934243202209473 and parameters: {'gradient_clip_val': 0.14241559544847496, 'hidden_size': 67, 'dropout': 0.44059246619022513, 'hidden_continuous_size': 15, 'attention_head_size': 3, 'learning_rate': 0.002844586439902774}. Best is trial 0 with value: 0.1238117441534996.
[I 2023-12-27 11:26:29,436] Trial 33 finished with value: 3.8066303730010986 and parameters: {'gradient_clip_val': 0.11730977881888373, 'hidden_size': 31, 'dropout': 0.3869449457528915, 'hidden_continuous_size': 12, 'attention_head_size': 3, 'learning_rate': 0.0063180742342723}. Best is trial 0 with value: 0.1238117441534996.
[I 2023-12-27 11:26:29,860] Trial 34 finished with value: 5.5046868324279785 and parameters: {'gradient_clip_val': 0.16744765395797467, 'hidden_size': 59, 'dropout': 0.3373694991920417, 'hidden_continuous_size': 9, 'attention_head_size': 1, 'learning_rate': 0.001139051189334951}. Best is trial 0 with value: 0.1238117441534996.
[I 2023-12-27 11:26:30,328] Trial 35 finished with value: 4.019477367401123 and parameters: {'gradient_clip_val': 0.21782349378991095, 'hidden_size': 85, 'dropout': 0.3028127349229287, 'hidden_continuous_size': 23, 'attention_head_size': 2, 'learning_rate': 0.001523512463095916}. Best is trial 0 with value: 0.1238117441534996.
[I 2023-12-27 11:26:30,911] Trial 36 finished with value: 6.757850646972656 and parameters: {'gradient_clip_val': 0.252816706430586, 'hidden_size': 150, 'dropout': 0.4600460511846122, 'hidden_continuous_size': 33, 'attention_head_size': 4, 'learning_rate': 0.0024357362578501197}. Best is trial 0 with value: 0.1238117441534996.
[I 2023-12-27 11:26:31,318] Trial 37 finished with value: 5.843654155731201 and parameters: {'gradient_clip_val': 0.29479032987348547, 'hidden_size': 44, 'dropout': 0.2907085783200322, 'hidden_continuous_size': 11, 'attention_head_size': 3, 'learning_rate': 0.003874347585282811}. Best is trial 0 with value: 0.1238117441534996.
[I 2023-12-27 11:26:31,830] Trial 38 finished with value: 5.524685382843018 and parameters: {'gradient_clip_val': 0.11079094526889642, 'hidden_size': 101, 'dropout': 0.4938642097454036, 'hidden_continuous_size': 16, 'attention_head_size': 4, 'learning_rate': 0.004356735981133267}. Best is trial 0 with value: 0.1238117441534996.
[I 2023-12-27 11:26:32,223] Trial 39 finished with value: 4.517190933227539 and parameters: {'gradient_clip_val': 0.1312412264669184, 'hidden_size': 31, 'dropout': 0.31337422376555213, 'hidden_continuous_size': 13, 'attention_head_size': 1, 'learning_rate': 0.002746353266065746}. Best is trial 0 with value: 0.1238117441534996.
[I 2023-12-27 11:26:32,890] Trial 40 finished with value: 4.0383782386779785 and parameters: {'gradient_clip_val': 0.23297757579256584, 'hidden_size': 64, 'dropout': 0.3556803309750791, 'hidden_continuous_size': 19, 'attention_head_size': 3, 'learning_rate': 0.006681911928818345}. Best is trial 0 with value: 0.1238117441534996.
[I 2023-12-27 11:26:33,265] Trial 41 finished with value: 4.312941551208496 and parameters: {'gradient_clip_val': 0.31859442321257025, 'hidden_size': 10, 'dropout': 0.23345133779966137, 'hidden_continuous_size': 5, 'attention_head_size': 2, 'learning_rate': 0.01416108678928076}. Best is trial 0 with value: 0.1238117441534996.
[I 2023-12-27 11:26:33,639] Trial 42 finished with value: 4.845906734466553 and parameters: {'gradient_clip_val': 0.149030902687388, 'hidden_size': 9, 'dropout': 0.37861094455607525, 'hidden_continuous_size': 7, 'attention_head_size': 2, 'learning_rate': 0.0035603104402529375}. Best is trial 0 with value: 0.1238117441534996.
[I 2023-12-27 11:26:33,999] Trial 43 finished with value: 3.54929518699646 and parameters: {'gradient_clip_val': 0.11454084311114376, 'hidden_size': 8, 'dropout': 0.3480224967340363, 'hidden_continuous_size': 5, 'attention_head_size': 2, 'learning_rate': 0.008770147194421107}. Best is trial 0 with value: 0.1238117441534996.
[I 2023-12-27 11:26:34,363] Trial 44 finished with value: 4.553394794464111 and parameters: {'gradient_clip_val': 0.10788868417488007, 'hidden_size': 6, 'dropout': 0.4043359256206292, 'hidden_continuous_size': 5, 'attention_head_size': 2, 'learning_rate': 0.00887429610141953}. Best is trial 0 with value: 0.1238117441534996.
[I 2023-12-27 11:26:34,751] Trial 45 finished with value: 3.6984670162200928 and parameters: {'gradient_clip_val': 0.11851872084196542, 'hidden_size': 19, 'dropout': 0.3619375583721368, 'hidden_continuous_size': 12, 'attention_head_size': 2, 'learning_rate': 0.009625442748174005}. Best is trial 0 with value: 0.1238117441534996.
[I 2023-12-27 11:26:35,201] Trial 46 finished with value: 4.510688304901123 and parameters: {'gradient_clip_val': 0.10920722195384816, 'hidden_size': 54, 'dropout': 0.3466129505313471, 'hidden_continuous_size': 10, 'attention_head_size': 4, 'learning_rate': 0.006004343870426264}. Best is trial 0 with value: 0.1238117441534996.
[I 2023-12-27 11:26:35,595] Trial 47 finished with value: 4.693030834197998 and parameters: {'gradient_clip_val': 0.1401922676981748, 'hidden_size': 25, 'dropout': 0.32381574630133897, 'hidden_continuous_size': 17, 'attention_head_size': 1, 'learning_rate': 0.0041505890089834985}. Best is trial 0 with value: 0.1238117441534996.
[I 2023-12-27 11:26:35,974] Trial 48 finished with value: 4.936946868896484 and parameters: {'gradient_clip_val': 0.10081198048198874, 'hidden_size': 8, 'dropout': 0.3136762721524563, 'hidden_continuous_size': 7, 'attention_head_size': 4, 'learning_rate': 0.017976200193572937}. Best is trial 0 with value: 0.1238117441534996.
