[I 2023-12-27 10:57:41,306] Trial 39 finished with value: 354.43408203125 and parameters: {'gradient_clip_val': 0.13508638827227135, 'hidden_size': 18, 'dropout': 0.3360314435606352, 'hidden_continuous_size': 8, 'attention_head_size': 3, 'learning_rate': 0.0005006083942756932}. Best is trial 1 with value: 94.55330657958984.
LOCAL_RANK: 0 - CUDA_VISIBLE_DEVICES: [0]
[I 2023-12-27 10:57:41,782] Trial 40 finished with value: 427.2020568847656 and parameters: {'gradient_clip_val': 0.34552771411081307, 'hidden_size': 28, 'dropout': 0.29468811716108056, 'hidden_continuous_size': 16, 'attention_head_size': 2, 'learning_rate': 0.0007681209726108657}. Best is trial 1 with value: 94.55330657958984.
LOCAL_RANK: 0 - CUDA_VISIBLE_DEVICES: [0]
[I 2023-12-27 10:57:42,474] Trial 41 finished with value: 301.6678771972656 and parameters: {'gradient_clip_val': 0.11361382521883931, 'hidden_size': 21, 'dropout': 0.1647922051328424, 'hidden_continuous_size': 11, 'attention_head_size': 3, 'learning_rate': 0.0025813727555585773}. Best is trial 1 with value: 94.55330657958984.
LOCAL_RANK: 0 - CUDA_VISIBLE_DEVICES: [0]
[I 2023-12-27 10:57:42,927] Trial 42 finished with value: 421.8489685058594 and parameters: {'gradient_clip_val': 0.10171102903486066, 'hidden_size': 19, 'dropout': 0.17579312553796178, 'hidden_continuous_size': 10, 'attention_head_size': 3, 'learning_rate': 0.0017252640707962324}. Best is trial 1 with value: 94.55330657958984.
LOCAL_RANK: 0 - CUDA_VISIBLE_DEVICES: [0]
[I 2023-12-27 10:57:43,398] Trial 43 finished with value: 428.8235778808594 and parameters: {'gradient_clip_val': 0.1569491348383654, 'hidden_size': 14, 'dropout': 0.13496116233589717, 'hidden_continuous_size': 9, 'attention_head_size': 3, 'learning_rate': 0.004854827882973621}. Best is trial 1 with value: 94.55330657958984.
LOCAL_RANK: 0 - CUDA_VISIBLE_DEVICES: [0]
[I 2023-12-27 10:57:43,862] Trial 44 finished with value: 416.4593811035156 and parameters: {'gradient_clip_val': 0.10795776830674314, 'hidden_size': 10, 'dropout': 0.19207407135118418, 'hidden_continuous_size': 6, 'attention_head_size': 3, 'learning_rate': 0.0021646422206171327}. Best is trial 1 with value: 94.55330657958984.
LOCAL_RANK: 0 - CUDA_VISIBLE_DEVICES: [0]
[I 2023-12-27 10:57:44,309] Trial 45 finished with value: 341.3408203125 and parameters: {'gradient_clip_val': 0.13383857035258884, 'hidden_size': 17, 'dropout': 0.21907831840601585, 'hidden_continuous_size': 10, 'attention_head_size': 3, 'learning_rate': 0.0011169654394002863}. Best is trial 1 with value: 94.55330657958984.
LOCAL_RANK: 0 - CUDA_VISIBLE_DEVICES: [0]
[I 2023-12-27 10:57:44,753] Trial 46 finished with value: 404.1124572753906 and parameters: {'gradient_clip_val': 0.10796466481843656, 'hidden_size': 12, 'dropout': 0.1005389541801877, 'hidden_continuous_size': 9, 'attention_head_size': 4, 'learning_rate': 0.05762559428033586}. Best is trial 1 with value: 94.55330657958984.
LOCAL_RANK: 0 - CUDA_VISIBLE_DEVICES: [0]
[I 2023-12-27 10:57:45,191] Trial 47 finished with value: 407.6717834472656 and parameters: {'gradient_clip_val': 0.13018234062538542, 'hidden_size': 24, 'dropout': 0.15254256633301866, 'hidden_continuous_size': 12, 'attention_head_size': 2, 'learning_rate': 0.0006375088833102609}. Best is trial 1 with value: 94.55330657958984.
LOCAL_RANK: 0 - CUDA_VISIBLE_DEVICES: [0]
[I 2023-12-27 10:57:45,636] Trial 48 finished with value: 409.025390625 and parameters: {'gradient_clip_val': 0.11421297132048218, 'hidden_size': 14, 'dropout': 0.18031188128396022, 'hidden_continuous_size': 8, 'attention_head_size': 1, 'learning_rate': 0.0075285561663794845}. Best is trial 1 with value: 94.55330657958984.
LOCAL_RANK: 0 - CUDA_VISIBLE_DEVICES: [0]
[I 2023-12-27 10:57:46,128] Trial 49 finished with value: 349.3975524902344 and parameters: {'gradient_clip_val': 0.17060665845542347, 'hidden_size': 34, 'dropout': 0.2339820224515535, 'hidden_continuous_size': 13, 'attention_head_size': 3, 'learning_rate': 0.0014118219675432568}. Best is trial 1 with value: 94.55330657958984.
[I 2023-12-27 10:57:46,257] A new study created in memory with name: no-name-352bef56-157b-4e1c-ab46-c339c18f376a
/home/le004/conda/anaconda3/envs/tsff_env/lib/python3.9/site-packages/lightning/fabric/plugins/environments/slurm.py:191: The `srun` command is available on your system but is not used. HINT: If your intention is to run Lightning on SLURM, prepend your python command with `srun` like so: srun python /home/le004/master_thesis/git/TSFusionForecast/code/ ...
LOCAL_RANK: 0 - CUDA_VISIBLE_DEVICES: [0]
[I 2023-12-27 10:58:14,927] Trial 0 finished with value: 119.4833755493164 and parameters: {'gradient_clip_val': 0.15026984526860782, 'hidden_size': 17, 'dropout': 0.12218025780534157, 'hidden_continuous_size': 9, 'attention_head_size': 1, 'learning_rate': 0.01198666223362455}. Best is trial 0 with value: 119.4833755493164.
LOCAL_RANK: 0 - CUDA_VISIBLE_DEVICES: [0]
[I 2023-12-27 10:58:16,584] Trial 1 finished with value: 438.3360290527344 and parameters: {'gradient_clip_val': 0.15211247765510816, 'hidden_size': 47, 'dropout': 0.2472020178277512, 'hidden_continuous_size': 32, 'attention_head_size': 2, 'learning_rate': 0.08701811079658102}. Best is trial 0 with value: 119.4833755493164.
LOCAL_RANK: 0 - CUDA_VISIBLE_DEVICES: [0]
[I 2023-12-27 10:58:17,046] Trial 2 finished with value: 707.6707153320312 and parameters: {'gradient_clip_val': 0.22960918930268917, 'hidden_size': 84, 'dropout': 0.23051726479611473, 'hidden_continuous_size': 14, 'attention_head_size': 3, 'learning_rate': 0.004929485712947566}. Best is trial 0 with value: 119.4833755493164.
LOCAL_RANK: 0 - CUDA_VISIBLE_DEVICES: [0]
[I 2023-12-27 10:58:17,457] Trial 3 finished with value: 494.6263122558594 and parameters: {'gradient_clip_val': 0.4629310284603457, 'hidden_size': 18, 'dropout': 0.1661900949961171, 'hidden_continuous_size': 9, 'attention_head_size': 3, 'learning_rate': 0.007473449526693727}. Best is trial 0 with value: 119.4833755493164.
LOCAL_RANK: 0 - CUDA_VISIBLE_DEVICES: [0]
[I 2023-12-27 10:58:17,869] Trial 4 finished with value: 435.9063415527344 and parameters: {'gradient_clip_val': 0.16749740433256935, 'hidden_size': 26, 'dropout': 0.1525253258069398, 'hidden_continuous_size': 13, 'attention_head_size': 1, 'learning_rate': 0.005965053922925239}. Best is trial 0 with value: 119.4833755493164.
LOCAL_RANK: 0 - CUDA_VISIBLE_DEVICES: [0]
[I 2023-12-27 10:58:18,251] Trial 5 finished with value: 520.533935546875 and parameters: {'gradient_clip_val': 0.884089162283969, 'hidden_size': 10, 'dropout': 0.3131842744826586, 'hidden_continuous_size': 10, 'attention_head_size': 3, 'learning_rate': 0.0007664725694911512}. Best is trial 0 with value: 119.4833755493164.
LOCAL_RANK: 0 - CUDA_VISIBLE_DEVICES: [0]
[I 2023-12-27 10:58:18,683] Trial 6 finished with value: 456.7984313964844 and parameters: {'gradient_clip_val': 0.274776418778915, 'hidden_size': 27, 'dropout': 0.49671095219093464, 'hidden_continuous_size': 15, 'attention_head_size': 4, 'learning_rate': 0.0016167783181432079}. Best is trial 0 with value: 119.4833755493164.
LOCAL_RANK: 0 - CUDA_VISIBLE_DEVICES: [0]
[I 2023-12-27 10:58:19,105] Trial 7 finished with value: 555.1416015625 and parameters: {'gradient_clip_val': 0.4821793826651923, 'hidden_size': 20, 'dropout': 0.16651703270476736, 'hidden_continuous_size': 9, 'attention_head_size': 4, 'learning_rate': 0.002624972277844699}. Best is trial 0 with value: 119.4833755493164.
LOCAL_RANK: 0 - CUDA_VISIBLE_DEVICES: [0]
[I 2023-12-27 10:58:19,583] Trial 8 finished with value: 508.2535400390625 and parameters: {'gradient_clip_val': 0.1906830111992513, 'hidden_size': 122, 'dropout': 0.3069019105570633, 'hidden_continuous_size': 46, 'attention_head_size': 1, 'learning_rate': 0.030046572023820623}. Best is trial 0 with value: 119.4833755493164.
LOCAL_RANK: 0 - CUDA_VISIBLE_DEVICES: [0]
[I 2023-12-27 10:58:20,051] Trial 9 finished with value: 529.0048217773438 and parameters: {'gradient_clip_val': 0.2518386506307278, 'hidden_size': 83, 'dropout': 0.13363978311339833, 'hidden_continuous_size': 31, 'attention_head_size': 3, 'learning_rate': 0.0013194736370743395}. Best is trial 0 with value: 119.4833755493164.
LOCAL_RANK: 0 - CUDA_VISIBLE_DEVICES: [0]
[I 2023-12-27 10:58:20,454] Trial 10 finished with value: 443.1570129394531 and parameters: {'gradient_clip_val': 0.11440363623054975, 'hidden_size': 5, 'dropout': 0.11588148158174827, 'hidden_continuous_size': 5, 'attention_head_size': 2, 'learning_rate': 0.01953202286840309}. Best is trial 0 with value: 119.4833755493164.
LOCAL_RANK: 0 - CUDA_VISIBLE_DEVICES: [0]
[I 2023-12-27 10:58:20,913] Trial 11 finished with value: 504.8089294433594 and parameters: {'gradient_clip_val': 0.10645168349973928, 'hidden_size': 31, 'dropout': 0.19640085827988907, 'hidden_continuous_size': 7, 'attention_head_size': 1, 'learning_rate': 0.008936381768026108}. Best is trial 0 with value: 119.4833755493164.
LOCAL_RANK: 0 - CUDA_VISIBLE_DEVICES: [0]
[I 2023-12-27 10:58:21,344] Trial 12 finished with value: 606.7214965820312 and parameters: {'gradient_clip_val': 0.15228122137167202, 'hidden_size': 11, 'dropout': 0.12752676812922023, 'hidden_continuous_size': 5, 'attention_head_size': 1, 'learning_rate': 0.0041695156286591095}. Best is trial 0 with value: 119.4833755493164.
LOCAL_RANK: 0 - CUDA_VISIBLE_DEVICES: [0]
[I 2023-12-27 10:58:21,792] Trial 13 finished with value: 414.0415344238281 and parameters: {'gradient_clip_val': 0.16313906962396074, 'hidden_size': 41, 'dropout': 0.1015702255254419, 'hidden_continuous_size': 17, 'attention_head_size': 2, 'learning_rate': 0.013021975110166612}. Best is trial 0 with value: 119.4833755493164.
LOCAL_RANK: 0 - CUDA_VISIBLE_DEVICES: [0]
[I 2023-12-27 10:58:22,553] Trial 14 finished with value: 441.5814514160156 and parameters: {'gradient_clip_val': 0.10938617512606612, 'hidden_size': 45, 'dropout': 0.1020868344986068, 'hidden_continuous_size': 19, 'attention_head_size': 2, 'learning_rate': 0.015852442570906383}. Best is trial 0 with value: 119.4833755493164.
LOCAL_RANK: 0 - CUDA_VISIBLE_DEVICES: [0]
[I 2023-12-27 10:58:23,004] Trial 15 finished with value: 534.717041015625 and parameters: {'gradient_clip_val': 0.1867884057610545, 'hidden_size': 45, 'dropout': 0.10941280585308177, 'hidden_continuous_size': 21, 'attention_head_size': 2, 'learning_rate': 0.013075738786736773}. Best is trial 0 with value: 119.4833755493164.
LOCAL_RANK: 0 - CUDA_VISIBLE_DEVICES: [0]
[I 2023-12-27 10:58:23,437] Trial 16 finished with value: 460.9988708496094 and parameters: {'gradient_clip_val': 0.13284387479408316, 'hidden_size': 14, 'dropout': 0.20839428906680538, 'hidden_continuous_size': 7, 'attention_head_size': 1, 'learning_rate': 0.03760329051179709}. Best is trial 0 with value: 119.4833755493164.
LOCAL_RANK: 0 - CUDA_VISIBLE_DEVICES: [0]
[I 2023-12-27 10:58:23,877] Trial 17 finished with value: 523.1583862304688 and parameters: {'gradient_clip_val': 0.20441464605135654, 'hidden_size': 8, 'dropout': 0.10227271974236299, 'hidden_continuous_size': 5, 'attention_head_size': 2, 'learning_rate': 0.010433681140699544}. Best is trial 0 with value: 119.4833755493164.
LOCAL_RANK: 0 - CUDA_VISIBLE_DEVICES: [0]
[I 2023-12-27 10:58:24,315] Trial 18 finished with value: 413.6047668457031 and parameters: {'gradient_clip_val': 0.1374080490798151, 'hidden_size': 18, 'dropout': 0.26387413088748685, 'hidden_continuous_size': 10, 'attention_head_size': 1, 'learning_rate': 0.003549695480859743}. Best is trial 0 with value: 119.4833755493164.
LOCAL_RANK: 0 - CUDA_VISIBLE_DEVICES: [0]
[I 2023-12-27 10:58:24,757] Trial 19 finished with value: 399.8147888183594 and parameters: {'gradient_clip_val': 0.1018398600957568, 'hidden_size': 16, 'dropout': 0.2786392254421296, 'hidden_continuous_size': 8, 'attention_head_size': 1, 'learning_rate': 0.003785552752478315}. Best is trial 0 with value: 119.4833755493164.
LOCAL_RANK: 0 - CUDA_VISIBLE_DEVICES: [0]
[I 2023-12-27 10:58:25,209] Trial 20 finished with value: 467.3457946777344 and parameters: {'gradient_clip_val': 0.11079725144173054, 'hidden_size': 6, 'dropout': 0.3474744442676313, 'hidden_continuous_size': 5, 'attention_head_size': 1, 'learning_rate': 0.0025489573514519996}. Best is trial 0 with value: 119.4833755493164.
LOCAL_RANK: 0 - CUDA_VISIBLE_DEVICES: [0]
[I 2023-12-27 10:58:25,646] Trial 21 finished with value: 478.5419616699219 and parameters: {'gradient_clip_val': 0.13468615500370337, 'hidden_size': 15, 'dropout': 0.25713402255274254, 'hidden_continuous_size': 8, 'attention_head_size': 1, 'learning_rate': 0.00313386404524889}. Best is trial 0 with value: 119.4833755493164.
LOCAL_RANK: 0 - CUDA_VISIBLE_DEVICES: [0]
[I 2023-12-27 10:58:26,096] Trial 22 finished with value: 581.0712280273438 and parameters: {'gradient_clip_val': 0.12798630518059764, 'hidden_size': 13, 'dropout': 0.28067279224186087, 'hidden_continuous_size': 8, 'attention_head_size': 1, 'learning_rate': 0.005341310357686439}. Best is trial 0 with value: 119.4833755493164.
LOCAL_RANK: 0 - CUDA_VISIBLE_DEVICES: [0]
[I 2023-12-27 10:58:26,532] Trial 23 finished with value: 422.32666015625 and parameters: {'gradient_clip_val': 0.10152257159836775, 'hidden_size': 19, 'dropout': 0.2029034038442937, 'hidden_continuous_size': 10, 'attention_head_size': 1, 'learning_rate': 0.007798851454565799}. Best is trial 0 with value: 119.4833755493164.
LOCAL_RANK: 0 - CUDA_VISIBLE_DEVICES: [0]
[I 2023-12-27 10:58:26,998] Trial 24 finished with value: 516.3931884765625 and parameters: {'gradient_clip_val': 0.13459270436937118, 'hidden_size': 9, 'dropout': 0.26263910613542235, 'hidden_continuous_size': 6, 'attention_head_size': 1, 'learning_rate': 0.003713692338815756}. Best is trial 0 with value: 119.4833755493164.
LOCAL_RANK: 0 - CUDA_VISIBLE_DEVICES: [0]
[I 2023-12-27 10:58:27,451] Trial 25 finished with value: 473.0404968261719 and parameters: {'gradient_clip_val': 0.10200997612910966, 'hidden_size': 12, 'dropout': 0.3380047168972511, 'hidden_continuous_size': 6, 'attention_head_size': 2, 'learning_rate': 0.001804944526968167}. Best is trial 0 with value: 119.4833755493164.
LOCAL_RANK: 0 - CUDA_VISIBLE_DEVICES: [0]
[I 2023-12-27 10:58:27,881] Trial 26 finished with value: 591.1449584960938 and parameters: {'gradient_clip_val': 0.16714678850959327, 'hidden_size': 17, 'dropout': 0.22350767365116764, 'hidden_continuous_size': 10, 'attention_head_size': 1, 'learning_rate': 0.006145124506977819}. Best is trial 0 with value: 119.4833755493164.
LOCAL_RANK: 0 - CUDA_VISIBLE_DEVICES: [0]
[I 2023-12-27 10:58:28,343] Trial 27 finished with value: 394.9211730957031 and parameters: {'gradient_clip_val': 0.1288020308670763, 'hidden_size': 22, 'dropout': 0.28600179655635105, 'hidden_continuous_size': 12, 'attention_head_size': 2, 'learning_rate': 0.0005099913631088497}. Best is trial 0 with value: 119.4833755493164.
LOCAL_RANK: 0 - CUDA_VISIBLE_DEVICES: [0]
[I 2023-12-27 10:58:29,055] Trial 28 finished with value: 435.0971984863281 and parameters: {'gradient_clip_val': 0.12437379819878186, 'hidden_size': 22, 'dropout': 0.1886725010872424, 'hidden_continuous_size': 12, 'attention_head_size': 2, 'learning_rate': 0.0005087271169731816}. Best is trial 0 with value: 119.4833755493164.
LOCAL_RANK: 0 - CUDA_VISIBLE_DEVICES: [0]
[I 2023-12-27 10:58:29,508] Trial 29 finished with value: 488.4244384765625 and parameters: {'gradient_clip_val': 0.19830055433344887, 'hidden_size': 34, 'dropout': 0.23553184536794453, 'hidden_continuous_size': 12, 'attention_head_size': 2, 'learning_rate': 0.0011424676934757838}. Best is trial 0 with value: 119.4833755493164.
LOCAL_RANK: 0 - CUDA_VISIBLE_DEVICES: [0]
[I 2023-12-27 10:58:29,978] Trial 30 finished with value: 508.8316650390625 and parameters: {'gradient_clip_val': 0.1479833028197459, 'hidden_size': 23, 'dropout': 0.3740573983896238, 'hidden_continuous_size': 11, 'attention_head_size': 3, 'learning_rate': 0.0005519982957726216}. Best is trial 0 with value: 119.4833755493164.
LOCAL_RANK: 0 - CUDA_VISIBLE_DEVICES: [0]
[I 2023-12-27 10:58:30,413] Trial 31 finished with value: 551.1056518554688 and parameters: {'gradient_clip_val': 0.12375626092229276, 'hidden_size': 15, 'dropout': 0.2803764987202786, 'hidden_continuous_size': 9, 'attention_head_size': 1, 'learning_rate': 0.002525096115686995}. Best is trial 0 with value: 119.4833755493164.
LOCAL_RANK: 0 - CUDA_VISIBLE_DEVICES: [0]
[I 2023-12-27 10:58:30,855] Trial 32 finished with value: 458.9124450683594 and parameters: {'gradient_clip_val': 0.1506739113539651, 'hidden_size': 23, 'dropout': 0.24978741300159615, 'hidden_continuous_size': 11, 'attention_head_size': 1, 'learning_rate': 0.0009661629266416204}. Best is trial 0 with value: 119.4833755493164.
LOCAL_RANK: 0 - CUDA_VISIBLE_DEVICES: [0]
[I 2023-12-27 10:58:31,299] Trial 33 finished with value: 378.056396484375 and parameters: {'gradient_clip_val': 0.1189606750133924, 'hidden_size': 17, 'dropout': 0.22490456714789603, 'hidden_continuous_size': 8, 'attention_head_size': 2, 'learning_rate': 0.00435069608479115}. Best is trial 0 with value: 119.4833755493164.
LOCAL_RANK: 0 - CUDA_VISIBLE_DEVICES: [0]
[I 2023-12-27 10:58:31,733] Trial 34 finished with value: 571.5758666992188 and parameters: {'gradient_clip_val': 0.1189642705921411, 'hidden_size': 15, 'dropout': 0.1548394607435477, 'hidden_continuous_size': 8, 'attention_head_size': 2, 'learning_rate': 0.004792011985619338}. Best is trial 0 with value: 119.4833755493164.
LOCAL_RANK: 0 - CUDA_VISIBLE_DEVICES: [0]
[I 2023-12-27 10:58:32,179] Trial 35 finished with value: 353.5584411621094 and parameters: {'gradient_clip_val': 0.1706285013209623, 'hidden_size': 27, 'dropout': 0.22781332325552253, 'hidden_continuous_size': 13, 'attention_head_size': 2, 'learning_rate': 0.001898937352344294}. Best is trial 0 with value: 119.4833755493164.
LOCAL_RANK: 0 - CUDA_VISIBLE_DEVICES: [0]
[I 2023-12-27 10:58:32,651] Trial 36 finished with value: 340.5887145996094 and parameters: {'gradient_clip_val': 0.17153365566789494, 'hidden_size': 29, 'dropout': 0.17337468387266936, 'hidden_continuous_size': 13, 'attention_head_size': 3, 'learning_rate': 0.0007200073490729212}. Best is trial 0 with value: 119.4833755493164.
LOCAL_RANK: 0 - CUDA_VISIBLE_DEVICES: [0]
[I 2023-12-27 10:58:33,118] Trial 37 finished with value: 502.1097717285156 and parameters: {'gradient_clip_val': 0.22604182494406005, 'hidden_size': 30, 'dropout': 0.1798943910118756, 'hidden_continuous_size': 14, 'attention_head_size': 3, 'learning_rate': 0.0018035130515428014}. Best is trial 0 with value: 119.4833755493164.
LOCAL_RANK: 0 - CUDA_VISIBLE_DEVICES: [0]
[I 2023-12-27 10:58:33,567] Trial 38 finished with value: 451.1443786621094 and parameters: {'gradient_clip_val': 0.16857657997619938, 'hidden_size': 26, 'dropout': 0.14632836794638, 'hidden_continuous_size': 13, 'attention_head_size': 3, 'learning_rate': 0.0007345042556382559}. Best is trial 0 with value: 119.4833755493164.
LOCAL_RANK: 0 - CUDA_VISIBLE_DEVICES: [0]
[I 2023-12-27 10:58:34,036] Trial 39 finished with value: 445.7265625 and parameters: {'gradient_clip_val': 0.32051133114216024, 'hidden_size': 36, 'dropout': 0.17017940872976162, 'hidden_continuous_size': 15, 'attention_head_size': 3, 'learning_rate': 0.00658487886525938}. Best is trial 0 with value: 119.4833755493164.
LOCAL_RANK: 0 - CUDA_VISIBLE_DEVICES: [0]
[I 2023-12-27 10:58:34,483] Trial 40 finished with value: 441.2763977050781 and parameters: {'gradient_clip_val': 0.17863644767721382, 'hidden_size': 27, 'dropout': 0.22237765965335018, 'hidden_continuous_size': 11, 'attention_head_size': 4, 'learning_rate': 0.0013991004670450807}. Best is trial 0 with value: 119.4833755493164.
LOCAL_RANK: 0 - CUDA_VISIBLE_DEVICES: [0]
[I 2023-12-27 10:58:35,228] Trial 41 finished with value: 474.4297180175781 and parameters: {'gradient_clip_val': 0.1476219923117883, 'hidden_size': 24, 'dropout': 0.14638738866463963, 'hidden_continuous_size': 12, 'attention_head_size': 3, 'learning_rate': 0.0006778848025598197}. Best is trial 0 with value: 119.4833755493164.
LOCAL_RANK: 0 - CUDA_VISIBLE_DEVICES: [0]
[I 2023-12-27 10:58:35,683] Trial 42 finished with value: 422.60400390625 and parameters: {'gradient_clip_val': 0.16062118407412315, 'hidden_size': 18, 'dropout': 0.1711307508079946, 'hidden_continuous_size': 9, 'attention_head_size': 2, 'learning_rate': 0.0009361027827690158}. Best is trial 0 with value: 119.4833755493164.
LOCAL_RANK: 0 - CUDA_VISIBLE_DEVICES: [0]
[I 2023-12-27 10:58:36,149] Trial 43 finished with value: 454.0698547363281 and parameters: {'gradient_clip_val': 0.11835517821782804, 'hidden_size': 20, 'dropout': 0.205974977902166, 'hidden_continuous_size': 13, 'attention_head_size': 2, 'learning_rate': 0.0009051483353052083}. Best is trial 0 with value: 119.4833755493164.
LOCAL_RANK: 0 - CUDA_VISIBLE_DEVICES: [0]
[I 2023-12-27 10:58:36,645] Trial 44 finished with value: 456.2093811035156 and parameters: {'gradient_clip_val': 0.2124188368287986, 'hidden_size': 55, 'dropout': 0.13480400124956315, 'hidden_continuous_size': 16, 'attention_head_size': 3, 'learning_rate': 0.0005990393696100141}. Best is trial 0 with value: 119.4833755493164.
LOCAL_RANK: 0 - CUDA_VISIBLE_DEVICES: [0]
[I 2023-12-27 10:58:37,104] Trial 45 finished with value: 532.8316040039062 and parameters: {'gradient_clip_val': 0.18633802098808164, 'hidden_size': 30, 'dropout': 0.1829422959716618, 'hidden_continuous_size': 13, 'attention_head_size': 4, 'learning_rate': 0.0007507767486614325}. Best is trial 0 with value: 119.4833755493164.
LOCAL_RANK: 0 - CUDA_VISIBLE_DEVICES: [0]
[I 2023-12-27 10:58:37,569] Trial 46 finished with value: 440.72607421875 and parameters: {'gradient_clip_val': 0.143788332182131, 'hidden_size': 21, 'dropout': 0.2289250453689772, 'hidden_continuous_size': 11, 'attention_head_size': 2, 'learning_rate': 0.0020598915937658766}. Best is trial 0 with value: 119.4833755493164.
LOCAL_RANK: 0 - CUDA_VISIBLE_DEVICES: [0]
