[I 2023-12-27 11:11:25,944] Trial 38 finished with value: 224.6007080078125 and parameters: {'gradient_clip_val': 0.1353178167663793, 'hidden_size': 30, 'dropout': 0.4389560327776978, 'hidden_continuous_size': 15, 'attention_head_size': 3, 'learning_rate': 0.0407376252872282}. Best is trial 0 with value: 90.67626953125.
[I 2023-12-27 11:11:26,340] Trial 39 finished with value: 279.3542175292969 and parameters: {'gradient_clip_val': 0.17852378633239652, 'hidden_size': 43, 'dropout': 0.3348838510071926, 'hidden_continuous_size': 17, 'attention_head_size': 1, 'learning_rate': 0.009568960793274017}. Best is trial 0 with value: 90.67626953125.
[I 2023-12-27 11:11:26,712] Trial 40 finished with value: 267.3085632324219 and parameters: {'gradient_clip_val': 0.23193006312966322, 'hidden_size': 21, 'dropout': 0.31645507911025006, 'hidden_continuous_size': 6, 'attention_head_size': 4, 'learning_rate': 0.06559669994850553}. Best is trial 0 with value: 90.67626953125.
[I 2023-12-27 11:11:27,101] Trial 41 finished with value: 164.46112060546875 and parameters: {'gradient_clip_val': 0.13830025416081848, 'hidden_size': 28, 'dropout': 0.20991090616436905, 'hidden_continuous_size': 17, 'attention_head_size': 4, 'learning_rate': 0.039872216398279994}. Best is trial 0 with value: 90.67626953125.
[I 2023-12-27 11:11:27,490] Trial 42 finished with value: 246.435546875 and parameters: {'gradient_clip_val': 0.1990724035580793, 'hidden_size': 26, 'dropout': 0.21204721619404668, 'hidden_continuous_size': 13, 'attention_head_size': 4, 'learning_rate': 0.03639557144589473}. Best is trial 0 with value: 90.67626953125.
[I 2023-12-27 11:11:27,858] Trial 43 finished with value: 183.5001678466797 and parameters: {'gradient_clip_val': 0.16167595187509182, 'hidden_size': 15, 'dropout': 0.21182052633565301, 'hidden_continuous_size': 13, 'attention_head_size': 4, 'learning_rate': 0.054969009335388334}. Best is trial 0 with value: 90.67626953125.
[I 2023-12-27 11:11:28,249] Trial 44 finished with value: 202.08741760253906 and parameters: {'gradient_clip_val': 0.10980424107593115, 'hidden_size': 31, 'dropout': 0.25598653043786046, 'hidden_continuous_size': 20, 'attention_head_size': 4, 'learning_rate': 0.04417661286838815}. Best is trial 0 with value: 90.67626953125.
[I 2023-12-27 11:11:28,651] Trial 45 finished with value: 256.8424987792969 and parameters: {'gradient_clip_val': 0.127617392246032, 'hidden_size': 50, 'dropout': 0.2888340256399609, 'hidden_continuous_size': 21, 'attention_head_size': 3, 'learning_rate': 0.06609895801044041}. Best is trial 0 with value: 90.67626953125.
[I 2023-12-27 11:11:29,016] Trial 46 finished with value: 220.9536590576172 and parameters: {'gradient_clip_val': 0.14218184234601405, 'hidden_size': 19, 'dropout': 0.1921621417723264, 'hidden_continuous_size': 11, 'attention_head_size': 1, 'learning_rate': 0.08076895305617991}. Best is trial 0 with value: 90.67626953125.
[I 2023-12-27 11:11:29,384] Trial 47 finished with value: 260.8142395019531 and parameters: {'gradient_clip_val': 0.1063791096977028, 'hidden_size': 24, 'dropout': 0.2715406535477509, 'hidden_continuous_size': 12, 'attention_head_size': 2, 'learning_rate': 0.0327716149160704}. Best is trial 0 with value: 90.67626953125.
[I 2023-12-27 11:11:29,744] Trial 48 finished with value: 215.04273986816406 and parameters: {'gradient_clip_val': 0.17048930908632834, 'hidden_size': 10, 'dropout': 0.24230658150687628, 'hidden_continuous_size': 8, 'attention_head_size': 3, 'learning_rate': 0.008384967227163101}. Best is trial 0 with value: 90.67626953125.
[I 2023-12-27 11:11:30,129] Trial 49 finished with value: 236.1953125 and parameters: {'gradient_clip_val': 0.20353513053047503, 'hidden_size': 29, 'dropout': 0.30260597386167704, 'hidden_continuous_size': 14, 'attention_head_size': 4, 'learning_rate': 0.09566684244626607}. Best is trial 0 with value: 90.67626953125.
[I 2023-12-27 11:11:30,236] A new study created in memory with name: no-name-b49b2968-c605-4694-9016-07604565bc9b
/home/le004/conda/anaconda3/envs/tsff_env/lib/python3.9/site-packages/lightning/fabric/plugins/environments/slurm.py:191: The `srun` command is available on your system but is not used. HINT: If your intention is to run Lightning on SLURM, prepend your python command with `srun` like so: srun python /home/le004/master_thesis/git/TSFusionForecast/code/ ...
[I 2023-12-27 11:11:59,861] Trial 0 finished with value: 43.889095306396484 and parameters: {'gradient_clip_val': 0.6473210074301713, 'hidden_size': 12, 'dropout': 0.2570254526374901, 'hidden_continuous_size': 8, 'attention_head_size': 2, 'learning_rate': 0.0022701873000682935}. Best is trial 0 with value: 43.889095306396484.
[I 2023-12-27 11:12:18,682] Trial 1 finished with value: 40.57460021972656 and parameters: {'gradient_clip_val': 0.1067980900499749, 'hidden_size': 73, 'dropout': 0.1858276402514114, 'hidden_continuous_size': 28, 'attention_head_size': 4, 'learning_rate': 0.03981696655035231}. Best is trial 1 with value: 40.57460021972656.
[I 2023-12-27 11:12:19,070] Trial 2 finished with value: 93.6160888671875 and parameters: {'gradient_clip_val': 0.7591981821384529, 'hidden_size': 40, 'dropout': 0.4678027051615824, 'hidden_continuous_size': 6, 'attention_head_size': 4, 'learning_rate': 0.09188329387435092}. Best is trial 1 with value: 40.57460021972656.
[I 2023-12-27 11:12:19,528] Trial 3 finished with value: 100.11627960205078 and parameters: {'gradient_clip_val': 0.7747087925568666, 'hidden_size': 101, 'dropout': 0.33076175852120204, 'hidden_continuous_size': 7, 'attention_head_size': 2, 'learning_rate': 0.0351171078669327}. Best is trial 1 with value: 40.57460021972656.
[I 2023-12-27 11:12:19,878] Trial 4 finished with value: 82.56497955322266 and parameters: {'gradient_clip_val': 0.35468843348201134, 'hidden_size': 26, 'dropout': 0.1803596516909953, 'hidden_continuous_size': 12, 'attention_head_size': 3, 'learning_rate': 0.003969858578951479}. Best is trial 1 with value: 40.57460021972656.
[I 2023-12-27 11:12:20,200] Trial 5 finished with value: 69.50631713867188 and parameters: {'gradient_clip_val': 0.4636450584899705, 'hidden_size': 17, 'dropout': 0.4523879526855278, 'hidden_continuous_size': 10, 'attention_head_size': 1, 'learning_rate': 0.024533876499461885}. Best is trial 1 with value: 40.57460021972656.
[I 2023-12-27 11:12:20,582] Trial 6 finished with value: 77.69329833984375 and parameters: {'gradient_clip_val': 0.1458446692563684, 'hidden_size': 53, 'dropout': 0.2957090216695373, 'hidden_continuous_size': 17, 'attention_head_size': 3, 'learning_rate': 0.0006358877995200074}. Best is trial 1 with value: 40.57460021972656.
[I 2023-12-27 11:12:20,972] Trial 7 finished with value: 98.91573333740234 and parameters: {'gradient_clip_val': 0.7192830343800483, 'hidden_size': 61, 'dropout': 0.31284796624636246, 'hidden_continuous_size': 29, 'attention_head_size': 1, 'learning_rate': 0.004466369373012515}. Best is trial 1 with value: 40.57460021972656.
[I 2023-12-27 11:12:21,285] Trial 8 finished with value: 94.2247543334961 and parameters: {'gradient_clip_val': 0.3519207006861816, 'hidden_size': 7, 'dropout': 0.11718452562725235, 'hidden_continuous_size': 7, 'attention_head_size': 4, 'learning_rate': 0.009741992622933382}. Best is trial 1 with value: 40.57460021972656.
[I 2023-12-27 11:12:21,825] Trial 9 finished with value: 89.23877716064453 and parameters: {'gradient_clip_val': 0.6000584111752855, 'hidden_size': 7, 'dropout': 0.16138657767089915, 'hidden_continuous_size': 5, 'attention_head_size': 2, 'learning_rate': 0.011474625133684548}. Best is trial 1 with value: 40.57460021972656.
[I 2023-12-27 11:12:22,374] Trial 10 finished with value: 72.00933074951172 and parameters: {'gradient_clip_val': 0.10277602068138363, 'hidden_size': 130, 'dropout': 0.11249316274587778, 'hidden_continuous_size': 63, 'attention_head_size': 4, 'learning_rate': 0.08696589840224252}. Best is trial 1 with value: 40.57460021972656.
[I 2023-12-27 11:12:22,729] Trial 11 finished with value: 71.81272888183594 and parameters: {'gradient_clip_val': 0.2025361287329273, 'hidden_size': 13, 'dropout': 0.23344723266780504, 'hidden_continuous_size': 5, 'attention_head_size': 2, 'learning_rate': 0.002027993098962802}. Best is trial 1 with value: 40.57460021972656.
[I 2023-12-27 11:12:23,085] Trial 12 finished with value: 77.1549301147461 and parameters: {'gradient_clip_val': 0.997022025374462, 'hidden_size': 14, 'dropout': 0.2250894938800276, 'hidden_continuous_size': 8, 'attention_head_size': 3, 'learning_rate': 0.0011460934116688391}. Best is trial 1 with value: 40.57460021972656.
[I 2023-12-27 11:12:23,399] Trial 13 finished with value: 90.51741790771484 and parameters: {'gradient_clip_val': 0.2565875977696706, 'hidden_size': 5, 'dropout': 0.245505364571434, 'hidden_continuous_size': 5, 'attention_head_size': 2, 'learning_rate': 0.0023115517813439065}. Best is trial 1 with value: 40.57460021972656.
[I 2023-12-27 11:12:23,856] Trial 14 finished with value: 87.13607788085938 and parameters: {'gradient_clip_val': 0.20389459085432085, 'hidden_size': 83, 'dropout': 0.18019930722052044, 'hidden_continuous_size': 26, 'attention_head_size': 3, 'learning_rate': 0.01999032973237325}. Best is trial 1 with value: 40.57460021972656.
[I 2023-12-27 11:12:24,227] Trial 15 finished with value: 100.98806762695312 and parameters: {'gradient_clip_val': 0.10191183645627355, 'hidden_size': 29, 'dropout': 0.25987123797135336, 'hidden_continuous_size': 10, 'attention_head_size': 1, 'learning_rate': 0.0058675037418326435}. Best is trial 1 with value: 40.57460021972656.
[I 2023-12-27 11:12:24,673] Trial 16 finished with value: 93.02273559570312 and parameters: {'gradient_clip_val': 0.4492594364202298, 'hidden_size': 76, 'dropout': 0.3631411346370894, 'hidden_continuous_size': 16, 'attention_head_size': 4, 'learning_rate': 0.0005573296569484392}. Best is trial 1 with value: 40.57460021972656.
[I 2023-12-27 11:12:25,054] Trial 17 finished with value: 78.21990203857422 and parameters: {'gradient_clip_val': 0.15842300028819997, 'hidden_size': 39, 'dropout': 0.18749217717297273, 'hidden_continuous_size': 9, 'attention_head_size': 3, 'learning_rate': 0.04941774139805976}. Best is trial 1 with value: 40.57460021972656.
[I 2023-12-27 11:12:25,621] Trial 18 finished with value: 75.06396484375 and parameters: {'gradient_clip_val': 0.27841914530431033, 'hidden_size': 149, 'dropout': 0.2775441463666204, 'hidden_continuous_size': 41, 'attention_head_size': 2, 'learning_rate': 0.013584896476386771}. Best is trial 1 with value: 40.57460021972656.
[I 2023-12-27 11:12:25,974] Trial 19 finished with value: 85.56928253173828 and parameters: {'gradient_clip_val': 0.4729697453431478, 'hidden_size': 21, 'dropout': 0.22735444475152528, 'hidden_continuous_size': 12, 'attention_head_size': 1, 'learning_rate': 0.007895667139242387}. Best is trial 1 with value: 40.57460021972656.
[I 2023-12-27 11:12:26,326] Trial 20 finished with value: 75.55030059814453 and parameters: {'gradient_clip_val': 0.3134010144520711, 'hidden_size': 10, 'dropout': 0.35997547802481017, 'hidden_continuous_size': 6, 'attention_head_size': 4, 'learning_rate': 0.018296658790735373}. Best is trial 1 with value: 40.57460021972656.
[I 2023-12-27 11:12:26,674] Trial 21 finished with value: 81.63402557373047 and parameters: {'gradient_clip_val': 0.475492881355931, 'hidden_size': 18, 'dropout': 0.495962665239701, 'hidden_continuous_size': 9, 'attention_head_size': 1, 'learning_rate': 0.0285576074532831}. Best is trial 1 with value: 40.57460021972656.
[I 2023-12-27 11:12:27,014] Trial 22 finished with value: 96.65438079833984 and parameters: {'gradient_clip_val': 0.5480338367156711, 'hidden_size': 17, 'dropout': 0.42210980985142893, 'hidden_continuous_size': 8, 'attention_head_size': 1, 'learning_rate': 0.04930808020351648}. Best is trial 1 with value: 40.57460021972656.
[I 2023-12-27 11:12:27,597] Trial 23 finished with value: 87.27395629882812 and parameters: {'gradient_clip_val': 0.39444858586851766, 'hidden_size': 25, 'dropout': 0.41232113934669024, 'hidden_continuous_size': 12, 'attention_head_size': 2, 'learning_rate': 0.019776627450110544}. Best is trial 1 with value: 40.57460021972656.
[I 2023-12-27 11:12:27,952] Trial 24 finished with value: 79.02124786376953 and parameters: {'gradient_clip_val': 0.5796206779812995, 'hidden_size': 11, 'dropout': 0.2794842932761871, 'hidden_continuous_size': 6, 'attention_head_size': 1, 'learning_rate': 0.00681124020197682}. Best is trial 1 with value: 40.57460021972656.
[I 2023-12-27 11:12:28,304] Trial 25 finished with value: 97.08181762695312 and parameters: {'gradient_clip_val': 0.36105004415111386, 'hidden_size': 17, 'dropout': 0.3303007301469173, 'hidden_continuous_size': 10, 'attention_head_size': 2, 'learning_rate': 0.03193162023029222}. Best is trial 1 with value: 40.57460021972656.
[I 2023-12-27 11:12:28,678] Trial 26 finished with value: 86.05699920654297 and parameters: {'gradient_clip_val': 0.4143631465454291, 'hidden_size': 34, 'dropout': 0.262093131737511, 'hidden_continuous_size': 15, 'attention_head_size': 3, 'learning_rate': 0.061001566506084286}. Best is trial 1 with value: 40.57460021972656.
[I 2023-12-27 11:12:29,034] Trial 27 finished with value: 86.6215591430664 and parameters: {'gradient_clip_val': 0.49384611750994684, 'hidden_size': 22, 'dropout': 0.20892373287781674, 'hidden_continuous_size': 9, 'attention_head_size': 1, 'learning_rate': 0.014185674668959482}. Best is trial 1 with value: 40.57460021972656.
[I 2023-12-27 11:12:29,418] Trial 28 finished with value: 100.47624969482422 and parameters: {'gradient_clip_val': 0.6608542532739625, 'hidden_size': 48, 'dropout': 0.14226943095177302, 'hidden_continuous_size': 19, 'attention_head_size': 2, 'learning_rate': 0.021527500810448217}. Best is trial 1 with value: 40.57460021972656.
[I 2023-12-27 11:12:29,788] Trial 29 finished with value: 87.6296157836914 and parameters: {'gradient_clip_val': 0.8225588094178888, 'hidden_size': 33, 'dropout': 0.4973110193691258, 'hidden_continuous_size': 14, 'attention_head_size': 3, 'learning_rate': 0.08939064972283711}. Best is trial 1 with value: 40.57460021972656.
[I 2023-12-27 11:12:30,183] Trial 30 finished with value: 90.18714141845703 and parameters: {'gradient_clip_val': 0.5298677430490067, 'hidden_size': 42, 'dropout': 0.42277816869227275, 'hidden_continuous_size': 19, 'attention_head_size': 4, 'learning_rate': 0.03987334448379785}. Best is trial 1 with value: 40.57460021972656.
[I 2023-12-27 11:12:30,526] Trial 31 finished with value: 73.68402862548828 and parameters: {'gradient_clip_val': 0.22193030836148434, 'hidden_size': 11, 'dropout': 0.2117125967968957, 'hidden_continuous_size': 5, 'attention_head_size': 2, 'learning_rate': 0.0022442593966247267}. Best is trial 1 with value: 40.57460021972656.
[I 2023-12-27 11:12:30,891] Trial 32 finished with value: 94.04351806640625 and parameters: {'gradient_clip_val': 0.1700197082683311, 'hidden_size': 14, 'dropout': 0.2400251137667099, 'hidden_continuous_size': 7, 'attention_head_size': 2, 'learning_rate': 0.0026984227552217205}. Best is trial 1 with value: 40.57460021972656.
[I 2023-12-27 11:12:31,268] Trial 33 finished with value: 82.4623031616211 and parameters: {'gradient_clip_val': 0.13041621301417375, 'hidden_size': 26, 'dropout': 0.2517965600242094, 'hidden_continuous_size': 11, 'attention_head_size': 2, 'learning_rate': 0.0013494795887931735}. Best is trial 1 with value: 40.57460021972656.
[I 2023-12-27 11:12:31,626] Trial 34 finished with value: 82.31697082519531 and parameters: {'gradient_clip_val': 0.18477095301806962, 'hidden_size': 14, 'dropout': 0.2077128213406047, 'hidden_continuous_size': 6, 'attention_head_size': 2, 'learning_rate': 0.0036072287916719043}. Best is trial 1 with value: 40.57460021972656.
[I 2023-12-27 11:12:32,035] Trial 35 finished with value: 95.99048614501953 and parameters: {'gradient_clip_val': 0.13014548884986987, 'hidden_size': 67, 'dropout': 0.295892227982828, 'hidden_continuous_size': 7, 'attention_head_size': 1, 'learning_rate': 0.00559904956583184}. Best is trial 1 with value: 40.57460021972656.
[I 2023-12-27 11:12:32,504] Trial 36 finished with value: 69.80060577392578 and parameters: {'gradient_clip_val': 0.23896537540561089, 'hidden_size': 100, 'dropout': 0.27982148420924646, 'hidden_continuous_size': 23, 'attention_head_size': 3, 'learning_rate': 0.0015869124945296121}. Best is trial 1 with value: 40.57460021972656.
[I 2023-12-27 11:12:33,215] Trial 37 finished with value: 75.29721069335938 and parameters: {'gradient_clip_val': 0.316138645360046, 'hidden_size': 101, 'dropout': 0.3105908067546148, 'hidden_continuous_size': 24, 'attention_head_size': 4, 'learning_rate': 0.0008180160914496147}. Best is trial 1 with value: 40.57460021972656.
[I 2023-12-27 11:12:33,620] Trial 38 finished with value: 100.76338958740234 and parameters: {'gradient_clip_val': 0.24419066452446242, 'hidden_size': 53, 'dropout': 0.2846301522943698, 'hidden_continuous_size': 22, 'attention_head_size': 3, 'learning_rate': 0.009086567636008845}. Best is trial 1 with value: 40.57460021972656.
[I 2023-12-27 11:12:34,130] Trial 39 finished with value: 82.84866333007812 and parameters: {'gradient_clip_val': 0.41426162159793917, 'hidden_size': 119, 'dropout': 0.26605878403156097, 'hidden_continuous_size': 33, 'attention_head_size': 3, 'learning_rate': 0.0037981055917326533}. Best is trial 1 with value: 40.57460021972656.
[I 2023-12-27 11:12:34,570] Trial 40 finished with value: 96.23592376708984 and parameters: {'gradient_clip_val': 0.6117741907037052, 'hidden_size': 76, 'dropout': 0.3207845058270449, 'hidden_continuous_size': 14, 'attention_head_size': 4, 'learning_rate': 0.0017080493935057817}. Best is trial 1 with value: 40.57460021972656.
[I 2023-12-27 11:12:35,033] Trial 41 finished with value: 95.52091217041016 and parameters: {'gradient_clip_val': 0.20575261178718038, 'hidden_size': 104, 'dropout': 0.22921170593891332, 'hidden_continuous_size': 19, 'attention_head_size': 2, 'learning_rate': 0.001365318869413657}. Best is trial 1 with value: 40.57460021972656.
[I 2023-12-27 11:12:35,471] Trial 42 finished with value: 88.82604217529297 and parameters: {'gradient_clip_val': 0.24826234530700994, 'hidden_size': 84, 'dropout': 0.29325747751668496, 'hidden_continuous_size': 5, 'attention_head_size': 3, 'learning_rate': 0.0007835986603747397}. Best is trial 1 with value: 40.57460021972656.
[I 2023-12-27 11:12:35,875] Trial 43 finished with value: 96.22003936767578 and parameters: {'gradient_clip_val': 0.2769435124563113, 'hidden_size': 60, 'dropout': 0.24305310908499606, 'hidden_continuous_size': 8, 'attention_head_size': 3, 'learning_rate': 0.0018269196204014151}. Best is trial 1 with value: 40.57460021972656.
[I 2023-12-27 11:12:36,226] Trial 44 finished with value: 82.6482925415039 and parameters: {'gradient_clip_val': 0.11800749295115036, 'hidden_size': 9, 'dropout': 0.1846967983154545, 'hidden_continuous_size': 6, 'attention_head_size': 2, 'learning_rate': 0.0025483952485438055}. Best is trial 1 with value: 40.57460021972656.
[I 2023-12-27 11:12:36,694] Trial 45 finished with value: 83.14089965820312 and parameters: {'gradient_clip_val': 0.18048410026420506, 'hidden_size': 92, 'dropout': 0.26625444176209656, 'hidden_continuous_size': 28, 'attention_head_size': 4, 'learning_rate': 0.0011050192838150325}. Best is trial 1 with value: 40.57460021972656.
[I 2023-12-27 11:12:37,192] Trial 46 finished with value: 80.10233306884766 and parameters: {'gradient_clip_val': 0.14671557259197587, 'hidden_size': 114, 'dropout': 0.3023441387579647, 'hidden_continuous_size': 32, 'attention_head_size': 3, 'learning_rate': 0.0030830366917774677}. Best is trial 1 with value: 40.57460021972656.
[I 2023-12-27 11:12:37,746] Trial 47 finished with value: 90.93053436279297 and parameters: {'gradient_clip_val': 0.113358758914397, 'hidden_size': 147, 'dropout': 0.16421047179075343, 'hidden_continuous_size': 44, 'attention_head_size': 1, 'learning_rate': 0.004398245997408212}. Best is trial 1 with value: 40.57460021972656.
[I 2023-12-27 11:12:38,169] Trial 48 finished with value: 92.88622283935547 and parameters: {'gradient_clip_val': 0.15583920865782075, 'hidden_size': 65, 'dropout': 0.34407369231302287, 'hidden_continuous_size': 13, 'attention_head_size': 2, 'learning_rate': 0.001976584747860032}. Best is trial 1 with value: 40.57460021972656.
[I 2023-12-27 11:12:38,890] Trial 49 finished with value: 90.61087799072266 and parameters: {'gradient_clip_val': 0.21685987222295802, 'hidden_size': 122, 'dropout': 0.1974623864475445, 'hidden_continuous_size': 22, 'attention_head_size': 4, 'learning_rate': 0.003627085186651253}. Best is trial 1 with value: 40.57460021972656.
[I 2023-12-27 11:12:38,998] A new study created in memory with name: no-name-559abda6-1746-4bea-8624-af4e2d9feeb6
/home/le004/conda/anaconda3/envs/tsff_env/lib/python3.9/site-packages/lightning/fabric/plugins/environments/slurm.py:191: The `srun` command is available on your system but is not used. HINT: If your intention is to run Lightning on SLURM, prepend your python command with `srun` like so: srun python /home/le004/master_thesis/git/TSFusionForecast/code/ ...
[I 2023-12-27 11:13:27,528] Trial 0 finished with value: 46.91545486450195 and parameters: {'gradient_clip_val': 0.20713310717070732, 'hidden_size': 101, 'dropout': 0.20146692968497454, 'hidden_continuous_size': 52, 'attention_head_size': 1, 'learning_rate': 0.0007631518560987354}. Best is trial 0 with value: 46.91545486450195.
[I 2023-12-27 11:13:32,431] Trial 1 finished with value: 105.27108764648438 and parameters: {'gradient_clip_val': 0.16456070841453305, 'hidden_size': 5, 'dropout': 0.34161413745202307, 'hidden_continuous_size': 5, 'attention_head_size': 2, 'learning_rate': 0.004521900602046003}. Best is trial 0 with value: 46.91545486450195.
