[I 2023-12-27 10:58:15,645] Trial 6 finished with value: 4.801145553588867 and parameters: {'gradient_clip_val': 0.1447036417623959, 'hidden_size': 13, 'dropout': 0.2634431936666677, 'hidden_continuous_size': 10, 'attention_head_size': 1, 'learning_rate': 0.035322641604060324}. Best is trial 0 with value: 0.2628077566623688.
[I 2023-12-27 10:58:16,073] Trial 7 finished with value: 3.645017623901367 and parameters: {'gradient_clip_val': 0.6374132654260586, 'hidden_size': 82, 'dropout': 0.4290753889594491, 'hidden_continuous_size': 7, 'attention_head_size': 2, 'learning_rate': 0.010011153796963277}. Best is trial 0 with value: 0.2628077566623688.
[I 2023-12-27 10:58:16,561] Trial 8 finished with value: 4.219139575958252 and parameters: {'gradient_clip_val': 0.3280366656670954, 'hidden_size': 99, 'dropout': 0.3496444248968068, 'hidden_continuous_size': 67, 'attention_head_size': 4, 'learning_rate': 0.09362375981368794}. Best is trial 0 with value: 0.2628077566623688.
[I 2023-12-27 10:58:16,912] Trial 9 finished with value: 3.6071484088897705 and parameters: {'gradient_clip_val': 0.4812872262451883, 'hidden_size': 11, 'dropout': 0.38410671843418465, 'hidden_continuous_size': 9, 'attention_head_size': 2, 'learning_rate': 0.00531577979150842}. Best is trial 0 with value: 0.2628077566623688.
[I 2023-12-27 10:58:17,280] Trial 10 finished with value: 3.8225018978118896 and parameters: {'gradient_clip_val': 0.9422409640814012, 'hidden_size': 7, 'dropout': 0.10242773424091794, 'hidden_continuous_size': 5, 'attention_head_size': 3, 'learning_rate': 0.0006320537115532288}. Best is trial 0 with value: 0.2628077566623688.
[I 2023-12-27 10:58:17,679] Trial 11 finished with value: 3.4950084686279297 and parameters: {'gradient_clip_val': 0.9154724425470522, 'hidden_size': 33, 'dropout': 0.10450270474090054, 'hidden_continuous_size': 12, 'attention_head_size': 4, 'learning_rate': 0.0030635363386156407}. Best is trial 0 with value: 0.2628077566623688.
[I 2023-12-27 10:58:18,006] Trial 12 finished with value: 3.9088191986083984 and parameters: {'gradient_clip_val': 0.5459019161413625, 'hidden_size': 5, 'dropout': 0.1710423168445903, 'hidden_continuous_size': 5, 'attention_head_size': 4, 'learning_rate': 0.0018321131692560528}. Best is trial 0 with value: 0.2628077566623688.
[I 2023-12-27 10:58:18,400] Trial 13 finished with value: 3.7233545780181885 and parameters: {'gradient_clip_val': 0.9885124955854268, 'hidden_size': 33, 'dropout': 0.1627397391056235, 'hidden_continuous_size': 7, 'attention_head_size': 4, 'learning_rate': 0.010409163722210936}. Best is trial 0 with value: 0.2628077566623688.
[I 2023-12-27 10:58:18,817] Trial 14 finished with value: 3.306067705154419 and parameters: {'gradient_clip_val': 0.436401823387772, 'hidden_size': 47, 'dropout': 0.27091741012812615, 'hidden_continuous_size': 21, 'attention_head_size': 3, 'learning_rate': 0.0177302418496169}. Best is trial 0 with value: 0.2628077566623688.
[I 2023-12-27 10:58:19,413] Trial 15 finished with value: 3.7050535678863525 and parameters: {'gradient_clip_val': 0.7128866688829077, 'hidden_size': 21, 'dropout': 0.1641030169059353, 'hidden_continuous_size': 7, 'attention_head_size': 1, 'learning_rate': 0.0018450605301740595}. Best is trial 0 with value: 0.2628077566623688.
[I 2023-12-27 10:58:19,847] Trial 16 finished with value: 4.395859241485596 and parameters: {'gradient_clip_val': 0.3967065905623684, 'hidden_size': 57, 'dropout': 0.20285532277871254, 'hidden_continuous_size': 21, 'attention_head_size': 4, 'learning_rate': 0.01864880651278381}. Best is trial 0 with value: 0.2628077566623688.
[I 2023-12-27 10:58:20,468] Trial 17 finished with value: 2.6416661739349365 and parameters: {'gradient_clip_val': 0.7008451666022372, 'hidden_size': 150, 'dropout': 0.10495625046958175, 'hidden_continuous_size': 36, 'attention_head_size': 3, 'learning_rate': 0.004335358525983296}. Best is trial 0 with value: 0.2628077566623688.
[I 2023-12-27 10:58:20,878] Trial 18 finished with value: 4.871976375579834 and parameters: {'gradient_clip_val': 0.5898866279102037, 'hidden_size': 44, 'dropout': 0.49011097332087006, 'hidden_continuous_size': 12, 'attention_head_size': 4, 'learning_rate': 0.007810429613091688}. Best is trial 0 with value: 0.2628077566623688.
[I 2023-12-27 10:58:21,246] Trial 19 finished with value: 3.5355422496795654 and parameters: {'gradient_clip_val': 0.7536169223113712, 'hidden_size': 12, 'dropout': 0.13882945279407244, 'hidden_continuous_size': 6, 'attention_head_size': 3, 'learning_rate': 0.0005876281712459757}. Best is trial 0 with value: 0.2628077566623688.
[I 2023-12-27 10:58:21,668] Trial 20 finished with value: 2.953014612197876 and parameters: {'gradient_clip_val': 0.5177617973931209, 'hidden_size': 27, 'dropout': 0.2223889592468417, 'hidden_continuous_size': 8, 'attention_head_size': 4, 'learning_rate': 0.045884528862776636}. Best is trial 0 with value: 0.2628077566623688.
[I 2023-12-27 10:58:22,249] Trial 21 finished with value: 4.323245525360107 and parameters: {'gradient_clip_val': 0.7724463440518526, 'hidden_size': 144, 'dropout': 0.10281288459599841, 'hidden_continuous_size': 33, 'attention_head_size': 3, 'learning_rate': 0.0046501307578817146}. Best is trial 0 with value: 0.2628077566623688.
[I 2023-12-27 10:58:22,759] Trial 22 finished with value: 3.485365152359009 and parameters: {'gradient_clip_val': 0.777189388067195, 'hidden_size': 120, 'dropout': 0.13905906808542387, 'hidden_continuous_size': 30, 'attention_head_size': 3, 'learning_rate': 0.003388010678945348}. Best is trial 0 with value: 0.2628077566623688.
[I 2023-12-27 10:58:23,283] Trial 23 finished with value: 5.308469772338867 and parameters: {'gradient_clip_val': 0.6039920002661134, 'hidden_size': 111, 'dropout': 0.1344497727756, 'hidden_continuous_size': 31, 'attention_head_size': 4, 'learning_rate': 0.0019761983798218}. Best is trial 0 with value: 0.2628077566623688.
[I 2023-12-27 10:58:23,731] Trial 24 finished with value: 3.1094019412994385 and parameters: {'gradient_clip_val': 0.813237580991486, 'hidden_size': 66, 'dropout': 0.18817640586735673, 'hidden_continuous_size': 11, 'attention_head_size': 2, 'learning_rate': 0.0011808659332545979}. Best is trial 0 with value: 0.2628077566623688.
[I 2023-12-27 10:58:24,318] Trial 25 finished with value: 4.128990173339844 and parameters: {'gradient_clip_val': 0.9861377534891368, 'hidden_size': 150, 'dropout': 0.13435712974931618, 'hidden_continuous_size': 42, 'attention_head_size': 3, 'learning_rate': 0.004926118588275348}. Best is trial 0 with value: 0.2628077566623688.
[I 2023-12-27 10:58:24,797] Trial 26 finished with value: 5.171290874481201 and parameters: {'gradient_clip_val': 0.6345037191325722, 'hidden_size': 83, 'dropout': 0.18898772527333968, 'hidden_continuous_size': 14, 'attention_head_size': 4, 'learning_rate': 0.018428493835065222}. Best is trial 0 with value: 0.2628077566623688.
[I 2023-12-27 10:58:25,230] Trial 27 finished with value: 4.272838592529297 and parameters: {'gradient_clip_val': 0.824141686080765, 'hidden_size': 57, 'dropout': 0.1017877997530043, 'hidden_continuous_size': 13, 'attention_head_size': 4, 'learning_rate': 0.0030240561503016546}. Best is trial 0 with value: 0.2628077566623688.
[I 2023-12-27 10:58:25,958] Trial 28 finished with value: 3.192532777786255 and parameters: {'gradient_clip_val': 0.6603714607922313, 'hidden_size': 109, 'dropout': 0.24585910397474647, 'hidden_continuous_size': 17, 'attention_head_size': 3, 'learning_rate': 0.00704973484837871}. Best is trial 0 with value: 0.2628077566623688.
[I 2023-12-27 10:58:26,356] Trial 29 finished with value: 3.8743085861206055 and parameters: {'gradient_clip_val': 0.7004448474544565, 'hidden_size': 16, 'dropout': 0.15476497328865224, 'hidden_continuous_size': 8, 'attention_head_size': 4, 'learning_rate': 0.04819167997819604}. Best is trial 0 with value: 0.2628077566623688.
[I 2023-12-27 10:58:26,819] Trial 30 finished with value: 4.301260948181152 and parameters: {'gradient_clip_val': 0.5413992781364736, 'hidden_size': 86, 'dropout': 0.189307868658175, 'hidden_continuous_size': 10, 'attention_head_size': 2, 'learning_rate': 0.0690750982153616}. Best is trial 0 with value: 0.2628077566623688.
[I 2023-12-27 10:58:27,208] Trial 31 finished with value: 4.165180206298828 and parameters: {'gradient_clip_val': 0.4939982834991279, 'hidden_size': 25, 'dropout': 0.12546970610168362, 'hidden_continuous_size': 8, 'attention_head_size': 4, 'learning_rate': 0.06298037829786779}. Best is trial 0 with value: 0.2628077566623688.
[I 2023-12-27 10:58:27,608] Trial 32 finished with value: 3.8295154571533203 and parameters: {'gradient_clip_val': 0.7354700033811916, 'hidden_size': 36, 'dropout': 0.233235826436904, 'hidden_continuous_size': 11, 'attention_head_size': 4, 'learning_rate': 0.04665363969602618}. Best is trial 0 with value: 0.2628077566623688.
[I 2023-12-27 10:58:27,997] Trial 33 finished with value: 5.427981853485107 and parameters: {'gradient_clip_val': 0.8589575837814188, 'hidden_size': 25, 'dropout': 0.22086869157121158, 'hidden_continuous_size': 10, 'attention_head_size': 4, 'learning_rate': 0.03468688508786502}. Best is trial 0 with value: 0.2628077566623688.
[I 2023-12-27 10:58:28,436] Trial 34 finished with value: 4.255756855010986 and parameters: {'gradient_clip_val': 0.5558132638520675, 'hidden_size': 71, 'dropout': 0.20821048776031065, 'hidden_continuous_size': 15, 'attention_head_size': 3, 'learning_rate': 0.09911984746101646}. Best is trial 0 with value: 0.2628077566623688.
[I 2023-12-27 10:58:28,802] Trial 35 finished with value: 4.6601033210754395 and parameters: {'gradient_clip_val': 0.6644816364714089, 'hidden_size': 16, 'dropout': 0.12133235145431798, 'hidden_continuous_size': 9, 'attention_head_size': 4, 'learning_rate': 0.06597271184788243}. Best is trial 0 with value: 0.2628077566623688.
[I 2023-12-27 10:58:29,337] Trial 36 finished with value: 4.376957416534424 and parameters: {'gradient_clip_val': 0.8559757333898801, 'hidden_size': 125, 'dropout': 0.15296556621483837, 'hidden_continuous_size': 18, 'attention_head_size': 1, 'learning_rate': 0.026319399726910126}. Best is trial 0 with value: 0.2628077566623688.
[I 2023-12-27 10:58:29,818] Trial 37 finished with value: 4.896442413330078 and parameters: {'gradient_clip_val': 0.9998660423287599, 'hidden_size': 95, 'dropout': 0.17547086090042702, 'hidden_continuous_size': 6, 'attention_head_size': 4, 'learning_rate': 0.07014634226476825}. Best is trial 0 with value: 0.2628077566623688.
[I 2023-12-27 10:58:30,360] Trial 38 finished with value: 4.221068859100342 and parameters: {'gradient_clip_val': 0.2343723923744307, 'hidden_size': 123, 'dropout': 0.12130876773699813, 'hidden_continuous_size': 14, 'attention_head_size': 3, 'learning_rate': 0.05452533853822894}. Best is trial 0 with value: 0.2628077566623688.
[I 2023-12-27 10:58:30,805] Trial 39 finished with value: 5.111661434173584 and parameters: {'gradient_clip_val': 0.6828802646007178, 'hidden_size': 74, 'dropout': 0.15018683057764498, 'hidden_continuous_size': 8, 'attention_head_size': 4, 'learning_rate': 0.09312033061593458}. Best is trial 0 with value: 0.2628077566623688.
[I 2023-12-27 10:58:31,284] Trial 40 finished with value: 4.694084167480469 and parameters: {'gradient_clip_val': 0.8207448443707329, 'hidden_size': 100, 'dropout': 0.31772994751021283, 'hidden_continuous_size': 17, 'attention_head_size': 2, 'learning_rate': 0.03296978970626882}. Best is trial 0 with value: 0.2628077566623688.
[I 2023-12-27 10:58:31,924] Trial 41 finished with value: 4.21754789352417 and parameters: {'gradient_clip_val': 0.8584439404029879, 'hidden_size': 64, 'dropout': 0.1813625782201463, 'hidden_continuous_size': 12, 'attention_head_size': 2, 'learning_rate': 0.0011357379741935257}. Best is trial 0 with value: 0.2628077566623688.
[I 2023-12-27 10:58:32,376] Trial 42 finished with value: 4.090205669403076 and parameters: {'gradient_clip_val': 0.7933795931173164, 'hidden_size': 75, 'dropout': 0.20126704998512263, 'hidden_continuous_size': 10, 'attention_head_size': 2, 'learning_rate': 0.000842598427074517}. Best is trial 0 with value: 0.2628077566623688.
[I 2023-12-27 10:58:32,794] Trial 43 finished with value: 4.042641639709473 and parameters: {'gradient_clip_val': 0.6090924945842731, 'hidden_size': 46, 'dropout': 0.1158133592574069, 'hidden_continuous_size': 11, 'attention_head_size': 2, 'learning_rate': 0.0012270243648512822}. Best is trial 0 with value: 0.2628077566623688.
[I 2023-12-27 10:58:33,179] Trial 44 finished with value: 4.068004131317139 and parameters: {'gradient_clip_val': 0.9012868916706359, 'hidden_size': 9, 'dropout': 0.14711246808162123, 'hidden_continuous_size': 6, 'attention_head_size': 2, 'learning_rate': 0.0022014212272435645}. Best is trial 0 with value: 0.2628077566623688.
[I 2023-12-27 10:58:33,585] Trial 45 finished with value: 4.1737961769104 and parameters: {'gradient_clip_val': 0.7227819920867037, 'hidden_size': 29, 'dropout': 0.11748775830523142, 'hidden_continuous_size': 9, 'attention_head_size': 1, 'learning_rate': 0.0799276129881415}. Best is trial 0 with value: 0.2628077566623688.
[I 2023-12-27 10:58:34,080] Trial 46 finished with value: 3.3954553604125977 and parameters: {'gradient_clip_val': 0.9120409392096974, 'hidden_size': 91, 'dropout': 0.1674840908327091, 'hidden_continuous_size': 13, 'attention_head_size': 3, 'learning_rate': 0.0013887392141076799}. Best is trial 0 with value: 0.2628077566623688.
[I 2023-12-27 10:58:34,502] Trial 47 finished with value: 3.9215030670166016 and parameters: {'gradient_clip_val': 0.6472517724551292, 'hidden_size': 39, 'dropout': 0.1001954104250173, 'hidden_continuous_size': 11, 'attention_head_size': 4, 'learning_rate': 0.0027304773036165024}. Best is trial 0 with value: 0.2628077566623688.
[I 2023-12-27 10:58:34,911] Trial 48 finished with value: 3.9188613891601562 and parameters: {'gradient_clip_val': 0.5015825090293091, 'hidden_size': 49, 'dropout': 0.1748655117680954, 'hidden_continuous_size': 9, 'attention_head_size': 2, 'learning_rate': 0.003910269014383646}. Best is trial 0 with value: 0.2628077566623688.
[I 2023-12-27 10:58:35,347] Trial 49 finished with value: 3.9606621265411377 and parameters: {'gradient_clip_val': 0.795813925895889, 'hidden_size': 64, 'dropout': 0.1541770704081891, 'hidden_continuous_size': 7, 'attention_head_size': 3, 'learning_rate': 0.0025339186113682985}. Best is trial 0 with value: 0.2628077566623688.
[I 2023-12-27 10:58:35,464] A new study created in memory with name: no-name-3c34887d-a2b0-4b7f-b844-5ea9fc583e42
/home/le004/conda/anaconda3/envs/tsff_env/lib/python3.9/site-packages/lightning/fabric/plugins/environments/slurm.py:191: The `srun` command is available on your system but is not used. HINT: If your intention is to run Lightning on SLURM, prepend your python command with `srun` like so: srun python /home/le004/master_thesis/git/TSFusionForecast/code/ ...
[I 2023-12-27 10:59:06,064] Trial 0 finished with value: 0.11444845050573349 and parameters: {'gradient_clip_val': 0.16451291861389636, 'hidden_size': 12, 'dropout': 0.16082157082236814, 'hidden_continuous_size': 7, 'attention_head_size': 3, 'learning_rate': 0.023999187345711576}. Best is trial 0 with value: 0.11444845050573349.
[I 2023-12-27 10:59:10,487] Trial 1 finished with value: 2.3756916522979736 and parameters: {'gradient_clip_val': 0.2682259606387142, 'hidden_size': 7, 'dropout': 0.2355206241779529, 'hidden_continuous_size': 7, 'attention_head_size': 3, 'learning_rate': 0.046414017286596575}. Best is trial 0 with value: 0.11444845050573349.
[I 2023-12-27 10:59:10,849] Trial 2 finished with value: 4.066073894500732 and parameters: {'gradient_clip_val': 0.12069089170692093, 'hidden_size': 10, 'dropout': 0.11600414706954197, 'hidden_continuous_size': 9, 'attention_head_size': 1, 'learning_rate': 0.060712150754777545}. Best is trial 0 with value: 0.11444845050573349.
[I 2023-12-27 10:59:11,413] Trial 3 finished with value: 4.40872049331665 and parameters: {'gradient_clip_val': 0.8978725383327035, 'hidden_size': 148, 'dropout': 0.1399934856620736, 'hidden_continuous_size': 9, 'attention_head_size': 1, 'learning_rate': 0.0014461824974621779}. Best is trial 0 with value: 0.11444845050573349.
[I 2023-12-27 10:59:11,786] Trial 4 finished with value: 4.061947822570801 and parameters: {'gradient_clip_val': 0.219872284220791, 'hidden_size': 9, 'dropout': 0.2717653257167386, 'hidden_continuous_size': 6, 'attention_head_size': 4, 'learning_rate': 0.006426987408402248}. Best is trial 0 with value: 0.11444845050573349.
[I 2023-12-27 10:59:12,150] Trial 5 finished with value: 3.856201410293579 and parameters: {'gradient_clip_val': 0.22932071011812233, 'hidden_size': 27, 'dropout': 0.23855488085871063, 'hidden_continuous_size': 10, 'attention_head_size': 3, 'learning_rate': 0.01756494303900157}. Best is trial 0 with value: 0.11444845050573349.
[I 2023-12-27 10:59:12,532] Trial 6 finished with value: 4.675475120544434 and parameters: {'gradient_clip_val': 0.5554734998700472, 'hidden_size': 40, 'dropout': 0.12522921166677123, 'hidden_continuous_size': 25, 'attention_head_size': 3, 'learning_rate': 0.02936841124913821}. Best is trial 0 with value: 0.11444845050573349.
[I 2023-12-27 10:59:12,888] Trial 7 finished with value: 3.836261034011841 and parameters: {'gradient_clip_val': 0.4672477926482906, 'hidden_size': 23, 'dropout': 0.20319156834546975, 'hidden_continuous_size': 5, 'attention_head_size': 2, 'learning_rate': 0.00671474014216185}. Best is trial 0 with value: 0.11444845050573349.
[I 2023-12-27 10:59:13,230] Trial 8 finished with value: 3.807851552963257 and parameters: {'gradient_clip_val': 0.11827783363587399, 'hidden_size': 19, 'dropout': 0.18440084390408043, 'hidden_continuous_size': 10, 'attention_head_size': 1, 'learning_rate': 0.0005716050213160209}. Best is trial 0 with value: 0.11444845050573349.
[I 2023-12-27 10:59:13,584] Trial 9 finished with value: 4.139977931976318 and parameters: {'gradient_clip_val': 0.1964274615078907, 'hidden_size': 15, 'dropout': 0.43211606803475366, 'hidden_continuous_size': 5, 'attention_head_size': 3, 'learning_rate': 0.0016641937092842305}. Best is trial 0 with value: 0.11444845050573349.
[I 2023-12-27 10:59:13,924] Trial 10 finished with value: 4.227680206298828 and parameters: {'gradient_clip_val': 0.1477767521095539, 'hidden_size': 5, 'dropout': 0.3355496612317299, 'hidden_continuous_size': 5, 'attention_head_size': 4, 'learning_rate': 0.016636870833977975}. Best is trial 0 with value: 0.11444845050573349.
[I 2023-12-27 10:59:14,267] Trial 11 finished with value: 4.648808002471924 and parameters: {'gradient_clip_val': 0.3146477315526854, 'hidden_size': 5, 'dropout': 0.31115797796518935, 'hidden_continuous_size': 5, 'attention_head_size': 2, 'learning_rate': 0.09532088721420036}. Best is trial 0 with value: 0.11444845050573349.
[I 2023-12-27 10:59:14,651] Trial 12 finished with value: 3.931697130203247 and parameters: {'gradient_clip_val': 0.16612612951401382, 'hidden_size': 9, 'dropout': 0.19694524751543024, 'hidden_continuous_size': 7, 'attention_head_size': 3, 'learning_rate': 0.04337096857000278}. Best is trial 0 with value: 0.11444845050573349.
[I 2023-12-27 10:59:14,981] Trial 13 finished with value: 4.558292865753174 and parameters: {'gradient_clip_val': 0.24475674893750524, 'hidden_size': 5, 'dropout': 0.252268448894461, 'hidden_continuous_size': 5, 'attention_head_size': 4, 'learning_rate': 0.026249058184131285}. Best is trial 0 with value: 0.11444845050573349.
[I 2023-12-27 10:59:15,556] Trial 14 finished with value: 4.057495594024658 and parameters: {'gradient_clip_val': 0.10861322339989923, 'hidden_size': 11, 'dropout': 0.17181830641075124, 'hidden_continuous_size': 7, 'attention_head_size': 2, 'learning_rate': 0.052081580666670256}. Best is trial 0 with value: 0.11444845050573349.
[I 2023-12-27 10:59:15,919] Trial 15 finished with value: 4.811206340789795 and parameters: {'gradient_clip_val': 0.3024733899030137, 'hidden_size': 7, 'dropout': 0.10737109214553117, 'hidden_continuous_size': 6, 'attention_head_size': 3, 'learning_rate': 0.09964036538268195}. Best is trial 0 with value: 0.11444845050573349.
[I 2023-12-27 10:59:16,305] Trial 16 finished with value: 4.212793350219727 and parameters: {'gradient_clip_val': 0.17643768981837007, 'hidden_size': 15, 'dropout': 0.3488149663449846, 'hidden_continuous_size': 8, 'attention_head_size': 2, 'learning_rate': 0.012684109037838925}. Best is trial 0 with value: 0.11444845050573349.
[I 2023-12-27 10:59:16,675] Trial 17 finished with value: 3.315535306930542 and parameters: {'gradient_clip_val': 0.14967863167458748, 'hidden_size': 7, 'dropout': 0.2321578188838726, 'hidden_continuous_size': 6, 'attention_head_size': 4, 'learning_rate': 0.032438053544710535}. Best is trial 0 with value: 0.11444845050573349.
[I 2023-12-27 10:59:17,048] Trial 18 finished with value: 3.908946990966797 and parameters: {'gradient_clip_val': 0.39987120452403935, 'hidden_size': 14, 'dropout': 0.14661384729759888, 'hidden_continuous_size': 7, 'attention_head_size': 3, 'learning_rate': 0.010625952204212143}. Best is trial 0 with value: 0.11444845050573349.
[I 2023-12-27 10:59:17,415] Trial 19 finished with value: 3.754002809524536 and parameters: {'gradient_clip_val': 0.10113940057649808, 'hidden_size': 7, 'dropout': 0.2798378797637855, 'hidden_continuous_size': 6, 'attention_head_size': 2, 'learning_rate': 0.022571130870933365}. Best is trial 0 with value: 0.11444845050573349.
[I 2023-12-27 10:59:17,798] Trial 20 finished with value: 3.094318151473999 and parameters: {'gradient_clip_val': 0.2536551824036006, 'hidden_size': 32, 'dropout': 0.21957087462751693, 'hidden_continuous_size': 13, 'attention_head_size': 4, 'learning_rate': 0.057598525333504014}. Best is trial 0 with value: 0.11444845050573349.
