[I 2023-12-27 11:06:00,664] Trial 0 finished with value: 79.09395599365234 and parameters: {'gradient_clip_val': 0.6609309716596501, 'hidden_size': 138, 'dropout': 0.2203142598149999, 'hidden_continuous_size': 15, 'attention_head_size': 4, 'learning_rate': 0.0009520065639891033}. Best is trial 0 with value: 79.09395599365234.
LOCAL_RANK: 0 - CUDA_VISIBLE_DEVICES: [0]
[I 2023-12-27 11:06:01,089] Trial 1 finished with value: 155.4964141845703 and parameters: {'gradient_clip_val': 0.43664237125819344, 'hidden_size': 10, 'dropout': 0.17861211667853483, 'hidden_continuous_size': 10, 'attention_head_size': 2, 'learning_rate': 0.03700122184971956}. Best is trial 0 with value: 79.09395599365234.
LOCAL_RANK: 0 - CUDA_VISIBLE_DEVICES: [0]
[I 2023-12-27 11:06:01,559] Trial 2 finished with value: 158.7526092529297 and parameters: {'gradient_clip_val': 0.1818361553125606, 'hidden_size': 14, 'dropout': 0.2052722591388333, 'hidden_continuous_size': 5, 'attention_head_size': 4, 'learning_rate': 0.013037784023799426}. Best is trial 0 with value: 79.09395599365234.
LOCAL_RANK: 0 - CUDA_VISIBLE_DEVICES: [0]
[I 2023-12-27 11:06:02,017] Trial 3 finished with value: 137.1527099609375 and parameters: {'gradient_clip_val': 0.17953477390294773, 'hidden_size': 31, 'dropout': 0.1786024463553409, 'hidden_continuous_size': 25, 'attention_head_size': 1, 'learning_rate': 0.05982630193390074}. Best is trial 0 with value: 79.09395599365234.
LOCAL_RANK: 0 - CUDA_VISIBLE_DEVICES: [0]
[I 2023-12-27 11:06:02,482] Trial 4 finished with value: 143.41357421875 and parameters: {'gradient_clip_val': 0.7796744886315747, 'hidden_size': 36, 'dropout': 0.30216011532468723, 'hidden_continuous_size': 11, 'attention_head_size': 1, 'learning_rate': 0.0021016041358101335}. Best is trial 0 with value: 79.09395599365234.
LOCAL_RANK: 0 - CUDA_VISIBLE_DEVICES: [0]
[I 2023-12-27 11:06:02,927] Trial 5 finished with value: 140.25035095214844 and parameters: {'gradient_clip_val': 0.17180475649503477, 'hidden_size': 10, 'dropout': 0.1732004533077789, 'hidden_continuous_size': 6, 'attention_head_size': 4, 'learning_rate': 0.02962836743522167}. Best is trial 0 with value: 79.09395599365234.
LOCAL_RANK: 0 - CUDA_VISIBLE_DEVICES: [0]
[I 2023-12-27 11:06:03,406] Trial 6 finished with value: 158.41806030273438 and parameters: {'gradient_clip_val': 0.7056470998483879, 'hidden_size': 84, 'dropout': 0.13871311028231711, 'hidden_continuous_size': 37, 'attention_head_size': 2, 'learning_rate': 0.008654742625664683}. Best is trial 0 with value: 79.09395599365234.
LOCAL_RANK: 0 - CUDA_VISIBLE_DEVICES: [0]
[I 2023-12-27 11:06:03,866] Trial 7 finished with value: 142.12620544433594 and parameters: {'gradient_clip_val': 0.3484546199640486, 'hidden_size': 73, 'dropout': 0.3580076244131778, 'hidden_continuous_size': 11, 'attention_head_size': 1, 'learning_rate': 0.0011075840111491953}. Best is trial 0 with value: 79.09395599365234.
LOCAL_RANK: 0 - CUDA_VISIBLE_DEVICES: [0]
[I 2023-12-27 11:06:04,550] Trial 8 finished with value: 154.78526306152344 and parameters: {'gradient_clip_val': 0.1000512706942206, 'hidden_size': 34, 'dropout': 0.3683893241070503, 'hidden_continuous_size': 11, 'attention_head_size': 1, 'learning_rate': 0.012259934648441799}. Best is trial 0 with value: 79.09395599365234.
LOCAL_RANK: 0 - CUDA_VISIBLE_DEVICES: [0]
[I 2023-12-27 11:06:05,039] Trial 9 finished with value: 187.43975830078125 and parameters: {'gradient_clip_val': 0.4072520866946247, 'hidden_size': 127, 'dropout': 0.2702090810892711, 'hidden_continuous_size': 92, 'attention_head_size': 1, 'learning_rate': 0.0056601622215388}. Best is trial 0 with value: 79.09395599365234.
LOCAL_RANK: 0 - CUDA_VISIBLE_DEVICES: [0]
[I 2023-12-27 11:06:05,555] Trial 10 finished with value: 172.1239471435547 and parameters: {'gradient_clip_val': 0.9936258754295022, 'hidden_size': 146, 'dropout': 0.4834437993297541, 'hidden_continuous_size': 30, 'attention_head_size': 3, 'learning_rate': 0.0009084127193633276}. Best is trial 0 with value: 79.09395599365234.
LOCAL_RANK: 0 - CUDA_VISIBLE_DEVICES: [0]
[I 2023-12-27 11:06:05,972] Trial 11 finished with value: 173.29164123535156 and parameters: {'gradient_clip_val': 0.23620215427843744, 'hidden_size': 5, 'dropout': 0.10531919131327208, 'hidden_continuous_size': 5, 'attention_head_size': 3, 'learning_rate': 0.06566972161187333}. Best is trial 0 with value: 79.09395599365234.
LOCAL_RANK: 0 - CUDA_VISIBLE_DEVICES: [0]
[I 2023-12-27 11:06:06,469] Trial 12 finished with value: 156.37017822265625 and parameters: {'gradient_clip_val': 0.5653690665449582, 'hidden_size': 52, 'dropout': 0.226514411873168, 'hidden_continuous_size': 19, 'attention_head_size': 3, 'learning_rate': 0.09733805653493317}. Best is trial 0 with value: 79.09395599365234.
LOCAL_RANK: 0 - CUDA_VISIBLE_DEVICES: [0]
[I 2023-12-27 11:06:06,951] Trial 13 finished with value: 169.10780334472656 and parameters: {'gradient_clip_val': 0.2746242376580468, 'hidden_size': 22, 'dropout': 0.10970526146985773, 'hidden_continuous_size': 15, 'attention_head_size': 2, 'learning_rate': 0.0039508422795776175}. Best is trial 0 with value: 79.09395599365234.
LOCAL_RANK: 0 - CUDA_VISIBLE_DEVICES: [0]
[I 2023-12-27 11:06:07,452] Trial 14 finished with value: 139.87205505371094 and parameters: {'gradient_clip_val': 0.4855951871637757, 'hidden_size': 67, 'dropout': 0.23529097600756194, 'hidden_continuous_size': 22, 'attention_head_size': 4, 'learning_rate': 0.0005929060188820912}. Best is trial 0 with value: 79.09395599365234.
LOCAL_RANK: 0 - CUDA_VISIBLE_DEVICES: [0]
[I 2023-12-27 11:06:07,922] Trial 15 finished with value: 168.4284210205078 and parameters: {'gradient_clip_val': 0.5982077046316925, 'hidden_size': 115, 'dropout': 0.16040562092572505, 'hidden_continuous_size': 42, 'attention_head_size': 3, 'learning_rate': 0.002644931830556926}. Best is trial 0 with value: 79.09395599365234.
LOCAL_RANK: 0 - CUDA_VISIBLE_DEVICES: [0]
[I 2023-12-27 11:06:08,375] Trial 16 finished with value: 151.86962890625 and parameters: {'gradient_clip_val': 0.32870980472108124, 'hidden_size': 52, 'dropout': 0.19424517825206328, 'hidden_continuous_size': 16, 'attention_head_size': 2, 'learning_rate': 0.018566454704905196}. Best is trial 0 with value: 79.09395599365234.
LOCAL_RANK: 0 - CUDA_VISIBLE_DEVICES: [0]
[I 2023-12-27 11:06:08,873] Trial 17 finished with value: 172.64109802246094 and parameters: {'gradient_clip_val': 0.91740931031603, 'hidden_size': 93, 'dropout': 0.2555278943341234, 'hidden_continuous_size': 29, 'attention_head_size': 4, 'learning_rate': 0.005860642592882451}. Best is trial 0 with value: 79.09395599365234.
LOCAL_RANK: 0 - CUDA_VISIBLE_DEVICES: [0]
[I 2023-12-27 11:06:09,396] Trial 18 finished with value: 150.79832458496094 and parameters: {'gradient_clip_val': 0.5515995930515677, 'hidden_size': 149, 'dropout': 0.1375234307850693, 'hidden_continuous_size': 55, 'attention_head_size': 3, 'learning_rate': 0.001979318656067649}. Best is trial 0 with value: 79.09395599365234.
LOCAL_RANK: 0 - CUDA_VISIBLE_DEVICES: [0]
[I 2023-12-27 11:06:09,872] Trial 19 finished with value: 161.76698303222656 and parameters: {'gradient_clip_val': 0.7186495595527853, 'hidden_size': 24, 'dropout': 0.20490226878257506, 'hidden_continuous_size': 13, 'attention_head_size': 2, 'learning_rate': 0.027074298256197102}. Best is trial 0 with value: 79.09395599365234.
LOCAL_RANK: 0 - CUDA_VISIBLE_DEVICES: [0]
[I 2023-12-27 11:06:10,336] Trial 20 finished with value: 208.1669464111328 and parameters: {'gradient_clip_val': 0.25063069090346185, 'hidden_size': 52, 'dropout': 0.2813008795139925, 'hidden_continuous_size': 21, 'attention_head_size': 4, 'learning_rate': 0.0005177909142310263}. Best is trial 0 with value: 79.09395599365234.
LOCAL_RANK: 0 - CUDA_VISIBLE_DEVICES: [0]
[I 2023-12-27 11:06:10,798] Trial 21 finished with value: 141.8669891357422 and parameters: {'gradient_clip_val': 0.4618792938285305, 'hidden_size': 87, 'dropout': 0.2517459590474933, 'hidden_continuous_size': 22, 'attention_head_size': 4, 'learning_rate': 0.0005057131862974862}. Best is trial 0 with value: 79.09395599365234.
LOCAL_RANK: 0 - CUDA_VISIBLE_DEVICES: [0]
[I 2023-12-27 11:06:11,588] Trial 22 finished with value: 176.6360321044922 and parameters: {'gradient_clip_val': 0.5165078751288815, 'hidden_size': 63, 'dropout': 0.22857987932319423, 'hidden_continuous_size': 21, 'attention_head_size': 4, 'learning_rate': 0.0010543710341192841}. Best is trial 0 with value: 79.09395599365234.
LOCAL_RANK: 0 - CUDA_VISIBLE_DEVICES: [0]
[I 2023-12-27 11:06:12,132] Trial 23 finished with value: 153.80828857421875 and parameters: {'gradient_clip_val': 0.4105103223782968, 'hidden_size': 95, 'dropout': 0.22229003435847453, 'hidden_continuous_size': 26, 'attention_head_size': 4, 'learning_rate': 0.0033349480081669553}. Best is trial 0 with value: 79.09395599365234.
LOCAL_RANK: 0 - CUDA_VISIBLE_DEVICES: [0]
[I 2023-12-27 11:06:12,654] Trial 24 finished with value: 153.48519897460938 and parameters: {'gradient_clip_val': 0.5890072091438957, 'hidden_size': 112, 'dropout': 0.17338068387059738, 'hidden_continuous_size': 17, 'attention_head_size': 3, 'learning_rate': 0.0017435075788868977}. Best is trial 0 with value: 79.09395599365234.
LOCAL_RANK: 0 - CUDA_VISIBLE_DEVICES: [0]
[I 2023-12-27 11:06:13,172] Trial 25 finished with value: 175.9262237548828 and parameters: {'gradient_clip_val': 0.3805616167085445, 'hidden_size': 65, 'dropout': 0.14133051473368005, 'hidden_continuous_size': 23, 'attention_head_size': 4, 'learning_rate': 0.0006823440948172564}. Best is trial 0 with value: 79.09395599365234.
LOCAL_RANK: 0 - CUDA_VISIBLE_DEVICES: [0]
[I 2023-12-27 11:06:13,663] Trial 26 finished with value: 190.94996643066406 and parameters: {'gradient_clip_val': 0.4663718900232362, 'hidden_size': 112, 'dropout': 0.2318210634978318, 'hidden_continuous_size': 32, 'attention_head_size': 3, 'learning_rate': 0.0013127866804109431}. Best is trial 0 with value: 79.09395599365234.
LOCAL_RANK: 0 - CUDA_VISIBLE_DEVICES: [0]
[I 2023-12-27 11:06:14,127] Trial 27 finished with value: 146.1832275390625 and parameters: {'gradient_clip_val': 0.6520727294491228, 'hidden_size': 36, 'dropout': 0.1949392220540218, 'hidden_continuous_size': 18, 'attention_head_size': 1, 'learning_rate': 0.0008451719235539624}. Best is trial 0 with value: 79.09395599365234.
LOCAL_RANK: 0 - CUDA_VISIBLE_DEVICES: [0]
[I 2023-12-27 11:06:14,608] Trial 28 finished with value: 155.4828338623047 and parameters: {'gradient_clip_val': 0.8385899108092242, 'hidden_size': 67, 'dropout': 0.2993618735651295, 'hidden_continuous_size': 24, 'attention_head_size': 4, 'learning_rate': 0.0015162939642871126}. Best is trial 0 with value: 79.09395599365234.
LOCAL_RANK: 0 - CUDA_VISIBLE_DEVICES: [0]
[I 2023-12-27 11:06:15,101] Trial 29 finished with value: 151.71505737304688 and parameters: {'gradient_clip_val': 0.4729916161611678, 'hidden_size': 44, 'dropout': 0.19796595810429385, 'hidden_continuous_size': 15, 'attention_head_size': 2, 'learning_rate': 0.050740413293212154}. Best is trial 0 with value: 79.09395599365234.
LOCAL_RANK: 0 - CUDA_VISIBLE_DEVICES: [0]
[I 2023-12-27 11:06:15,595] Trial 30 finished with value: 156.6544189453125 and parameters: {'gradient_clip_val': 0.7753824335487243, 'hidden_size': 32, 'dropout': 0.16302829702770885, 'hidden_continuous_size': 13, 'attention_head_size': 3, 'learning_rate': 0.0007232029185038449}. Best is trial 0 with value: 79.09395599365234.
LOCAL_RANK: 0 - CUDA_VISIBLE_DEVICES: [0]
[I 2023-12-27 11:06:16,078] Trial 31 finished with value: 129.35887145996094 and parameters: {'gradient_clip_val': 0.16794834342380788, 'hidden_size': 18, 'dropout': 0.17741126489058706, 'hidden_continuous_size': 8, 'attention_head_size': 4, 'learning_rate': 0.027301312956891324}. Best is trial 0 with value: 79.09395599365234.
LOCAL_RANK: 0 - CUDA_VISIBLE_DEVICES: [0]
[I 2023-12-27 11:06:16,535] Trial 32 finished with value: 164.2113494873047 and parameters: {'gradient_clip_val': 0.163570967633749, 'hidden_size': 18, 'dropout': 0.18390811779161978, 'hidden_continuous_size': 8, 'attention_head_size': 4, 'learning_rate': 0.0426938615428134}. Best is trial 0 with value: 79.09395599365234.
LOCAL_RANK: 0 - CUDA_VISIBLE_DEVICES: [0]
[I 2023-12-27 11:06:17,039] Trial 33 finished with value: 158.35926818847656 and parameters: {'gradient_clip_val': 0.1296641487798233, 'hidden_size': 27, 'dropout': 0.2127004144581142, 'hidden_continuous_size': 9, 'attention_head_size': 4, 'learning_rate': 0.021336679104496457}. Best is trial 0 with value: 79.09395599365234.
LOCAL_RANK: 0 - CUDA_VISIBLE_DEVICES: [0]
[I 2023-12-27 11:06:17,528] Trial 34 finished with value: 166.0933074951172 and parameters: {'gradient_clip_val': 0.20439974370097092, 'hidden_size': 16, 'dropout': 0.24526851865818966, 'hidden_continuous_size': 8, 'attention_head_size': 4, 'learning_rate': 0.03423813208900743}. Best is trial 0 with value: 79.09395599365234.
LOCAL_RANK: 0 - CUDA_VISIBLE_DEVICES: [0]
[I 2023-12-27 11:06:18,326] Trial 35 finished with value: 128.72247314453125 and parameters: {'gradient_clip_val': 0.28873863957686097, 'hidden_size': 12, 'dropout': 0.17941041365839017, 'hidden_continuous_size': 7, 'attention_head_size': 4, 'learning_rate': 0.05541394724334457}. Best is trial 0 with value: 79.09395599365234.
LOCAL_RANK: 0 - CUDA_VISIBLE_DEVICES: [0]
[I 2023-12-27 11:06:18,817] Trial 36 finished with value: 160.84507751464844 and parameters: {'gradient_clip_val': 0.3083829832176877, 'hidden_size': 11, 'dropout': 0.15474557660727983, 'hidden_continuous_size': 7, 'attention_head_size': 4, 'learning_rate': 0.0576766108282011}. Best is trial 0 with value: 79.09395599365234.
LOCAL_RANK: 0 - CUDA_VISIBLE_DEVICES: [0]
[I 2023-12-27 11:06:19,294] Trial 37 finished with value: 156.72984313964844 and parameters: {'gradient_clip_val': 0.19400242733793036, 'hidden_size': 13, 'dropout': 0.1797594700604913, 'hidden_continuous_size': 7, 'attention_head_size': 1, 'learning_rate': 0.03934348253766892}. Best is trial 0 with value: 79.09395599365234.
LOCAL_RANK: 0 - CUDA_VISIBLE_DEVICES: [0]
[I 2023-12-27 11:06:19,784] Trial 38 finished with value: 153.060546875 and parameters: {'gradient_clip_val': 0.15554543826314862, 'hidden_size': 8, 'dropout': 0.14461837454931714, 'hidden_continuous_size': 6, 'attention_head_size': 3, 'learning_rate': 0.07942265171723524}. Best is trial 0 with value: 79.09395599365234.
LOCAL_RANK: 0 - CUDA_VISIBLE_DEVICES: [0]
[I 2023-12-27 11:06:20,275] Trial 39 finished with value: 145.474365234375 and parameters: {'gradient_clip_val': 0.22029100511294483, 'hidden_size': 21, 'dropout': 0.13236529299581734, 'hidden_continuous_size': 10, 'attention_head_size': 4, 'learning_rate': 0.04807383216653328}. Best is trial 0 with value: 79.09395599365234.
LOCAL_RANK: 0 - CUDA_VISIBLE_DEVICES: [0]
[I 2023-12-27 11:06:20,728] Trial 40 finished with value: 146.0800323486328 and parameters: {'gradient_clip_val': 0.28033616415960905, 'hidden_size': 16, 'dropout': 0.17709828674491648, 'hidden_continuous_size': 10, 'attention_head_size': 1, 'learning_rate': 0.06486472433543235}. Best is trial 0 with value: 79.09395599365234.
LOCAL_RANK: 0 - CUDA_VISIBLE_DEVICES: [0]
[I 2023-12-27 11:06:21,192] Trial 41 finished with value: 152.39804077148438 and parameters: {'gradient_clip_val': 0.3610656705872339, 'hidden_size': 27, 'dropout': 0.20614260479218793, 'hidden_continuous_size': 13, 'attention_head_size': 4, 'learning_rate': 0.011169253318586222}. Best is trial 0 with value: 79.09395599365234.
LOCAL_RANK: 0 - CUDA_VISIBLE_DEVICES: [0]
[I 2023-12-27 11:06:21,712] Trial 42 finished with value: 157.4829864501953 and parameters: {'gradient_clip_val': 0.18598098911750255, 'hidden_size': 20, 'dropout': 0.2091720721023469, 'hidden_continuous_size': 9, 'attention_head_size': 4, 'learning_rate': 0.033353720051593296}. Best is trial 0 with value: 79.09395599365234.
LOCAL_RANK: 0 - CUDA_VISIBLE_DEVICES: [0]
[I 2023-12-27 11:06:22,213] Trial 43 finished with value: 177.7579803466797 and parameters: {'gradient_clip_val': 0.21529570172373053, 'hidden_size': 75, 'dropout': 0.18301574156614409, 'hidden_continuous_size': 6, 'attention_head_size': 4, 'learning_rate': 0.09495413668563538}. Best is trial 0 with value: 79.09395599365234.
LOCAL_RANK: 0 - CUDA_VISIBLE_DEVICES: [0]
[I 2023-12-27 11:06:22,708] Trial 44 finished with value: 169.01043701171875 and parameters: {'gradient_clip_val': 0.2518595741555845, 'hidden_size': 40, 'dropout': 0.23744110660070494, 'hidden_continuous_size': 12, 'attention_head_size': 4, 'learning_rate': 0.06849762579733006}. Best is trial 0 with value: 79.09395599365234.
LOCAL_RANK: 0 - CUDA_VISIBLE_DEVICES: [0]
[I 2023-12-27 11:06:23,166] Trial 45 finished with value: 143.4801788330078 and parameters: {'gradient_clip_val': 0.1430063490476795, 'hidden_size': 27, 'dropout': 0.12594323865178003, 'hidden_continuous_size': 19, 'attention_head_size': 3, 'learning_rate': 0.023138676565236122}. Best is trial 0 with value: 79.09395599365234.
LOCAL_RANK: 0 - CUDA_VISIBLE_DEVICES: [0]
[I 2023-12-27 11:06:23,678] Trial 46 finished with value: 159.74732971191406 and parameters: {'gradient_clip_val': 0.31498887574089984, 'hidden_size': 132, 'dropout': 0.1658410786040183, 'hidden_continuous_size': 5, 'attention_head_size': 4, 'learning_rate': 0.015270300141364532}. Best is trial 0 with value: 79.09395599365234.
LOCAL_RANK: 0 - CUDA_VISIBLE_DEVICES: [0]
[I 2023-12-27 11:06:24,168] Trial 47 finished with value: 155.21815490722656 and parameters: {'gradient_clip_val': 0.1758777185687002, 'hidden_size': 77, 'dropout': 0.21903603658230272, 'hidden_continuous_size': 19, 'attention_head_size': 2, 'learning_rate': 0.008372389041089012}. Best is trial 0 with value: 79.09395599365234.
LOCAL_RANK: 0 - CUDA_VISIBLE_DEVICES: [0]
[I 2023-12-27 11:06:24,934] Trial 48 finished with value: 148.72274780273438 and parameters: {'gradient_clip_val': 0.37510117609582533, 'hidden_size': 98, 'dropout': 0.26499013845132985, 'hidden_continuous_size': 26, 'attention_head_size': 3, 'learning_rate': 0.027819339134538504}. Best is trial 0 with value: 79.09395599365234.
LOCAL_RANK: 0 - CUDA_VISIBLE_DEVICES: [0]
[I 2023-12-27 11:06:25,436] Trial 49 finished with value: 187.67694091796875 and parameters: {'gradient_clip_val': 0.41369823924151344, 'hidden_size': 55, 'dropout': 0.15371590255035683, 'hidden_continuous_size': 15, 'attention_head_size': 4, 'learning_rate': 0.046398035454519884}. Best is trial 0 with value: 79.09395599365234.
[I 2023-12-27 11:06:25,565] A new study created in memory with name: no-name-4eda5df6-c547-49d2-b4d4-b533bc941a9b
/home/le004/conda/anaconda3/envs/tsff_env/lib/python3.9/site-packages/lightning/fabric/plugins/environments/slurm.py:191: The `srun` command is available on your system but is not used. HINT: If your intention is to run Lightning on SLURM, prepend your python command with `srun` like so: srun python /home/le004/master_thesis/git/TSFusionForecast/code/ ...
LOCAL_RANK: 0 - CUDA_VISIBLE_DEVICES: [0]
[I 2023-12-27 11:06:54,104] Trial 0 finished with value: 35.9183235168457 and parameters: {'gradient_clip_val': 0.22025847956801844, 'hidden_size': 36, 'dropout': 0.2540801240282963, 'hidden_continuous_size': 18, 'attention_head_size': 2, 'learning_rate': 0.0072262267702237}. Best is trial 0 with value: 35.9183235168457.
LOCAL_RANK: 0 - CUDA_VISIBLE_DEVICES: [0]
[I 2023-12-27 11:06:55,683] Trial 1 finished with value: 85.05517578125 and parameters: {'gradient_clip_val': 0.2742551719398595, 'hidden_size': 81, 'dropout': 0.24007977633263053, 'hidden_continuous_size': 5, 'attention_head_size': 3, 'learning_rate': 0.0039609000847752015}. Best is trial 0 with value: 35.9183235168457.
LOCAL_RANK: 0 - CUDA_VISIBLE_DEVICES: [0]
[I 2023-12-27 11:06:56,074] Trial 2 finished with value: 112.27942657470703 and parameters: {'gradient_clip_val': 0.5324754028033899, 'hidden_size': 5, 'dropout': 0.36467496948091327, 'hidden_continuous_size': 5, 'attention_head_size': 2, 'learning_rate': 0.0007666726761813345}. Best is trial 0 with value: 35.9183235168457.
LOCAL_RANK: 0 - CUDA_VISIBLE_DEVICES: [0]
[I 2023-12-27 11:06:56,520] Trial 3 finished with value: 113.51900482177734 and parameters: {'gradient_clip_val': 0.3903087047308052, 'hidden_size': 62, 'dropout': 0.14631020112022086, 'hidden_continuous_size': 8, 'attention_head_size': 1, 'learning_rate': 0.006651835369204151}. Best is trial 0 with value: 35.9183235168457.
LOCAL_RANK: 0 - CUDA_VISIBLE_DEVICES: [0]
[I 2023-12-27 11:06:56,961] Trial 4 finished with value: 119.57288360595703 and parameters: {'gradient_clip_val': 0.7263882917857144, 'hidden_size': 10, 'dropout': 0.18806603698375685, 'hidden_continuous_size': 6, 'attention_head_size': 4, 'learning_rate': 0.008929891338067635}. Best is trial 0 with value: 35.9183235168457.
LOCAL_RANK: 0 - CUDA_VISIBLE_DEVICES: [0]
[I 2023-12-27 11:06:57,431] Trial 5 finished with value: 86.93184661865234 and parameters: {'gradient_clip_val': 0.16247834615090306, 'hidden_size': 116, 'dropout': 0.33699302475759785, 'hidden_continuous_size': 11, 'attention_head_size': 3, 'learning_rate': 0.009455787144628195}. Best is trial 0 with value: 35.9183235168457.
LOCAL_RANK: 0 - CUDA_VISIBLE_DEVICES: [0]
[I 2023-12-27 11:06:57,895] Trial 6 finished with value: 104.37582397460938 and parameters: {'gradient_clip_val': 0.5529884169287105, 'hidden_size': 61, 'dropout': 0.2622786670834798, 'hidden_continuous_size': 13, 'attention_head_size': 3, 'learning_rate': 0.014622154834927008}. Best is trial 0 with value: 35.9183235168457.
LOCAL_RANK: 0 - CUDA_VISIBLE_DEVICES: [0]
[I 2023-12-27 11:06:58,381] Trial 7 finished with value: 76.85018157958984 and parameters: {'gradient_clip_val': 0.1792455591255358, 'hidden_size': 90, 'dropout': 0.20823394794521477, 'hidden_continuous_size': 47, 'attention_head_size': 3, 'learning_rate': 0.004548820796319225}. Best is trial 0 with value: 35.9183235168457.
LOCAL_RANK: 0 - CUDA_VISIBLE_DEVICES: [0]
