[I 2023-12-27 11:03:26,533] Trial 18 finished with value: 929.6229858398438 and parameters: {'gradient_clip_val': 0.23845791117161455, 'hidden_size': 19, 'dropout': 0.38963625029589016, 'hidden_continuous_size': 10, 'attention_head_size': 2, 'learning_rate': 0.059480584159191704}. Best is trial 0 with value: 344.3802795410156.
[I 2023-12-27 11:03:26,901] Trial 19 finished with value: 828.5582885742188 and parameters: {'gradient_clip_val': 0.15131356691031858, 'hidden_size': 11, 'dropout': 0.29442889745455775, 'hidden_continuous_size': 6, 'attention_head_size': 3, 'learning_rate': 0.010489208093142152}. Best is trial 0 with value: 344.3802795410156.
[I 2023-12-27 11:03:27,275] Trial 20 finished with value: 742.9755249023438 and parameters: {'gradient_clip_val': 0.3267952536652019, 'hidden_size': 21, 'dropout': 0.17400026606028782, 'hidden_continuous_size': 9, 'attention_head_size': 1, 'learning_rate': 0.005742150986308131}. Best is trial 0 with value: 344.3802795410156.
[I 2023-12-27 11:03:27,657] Trial 21 finished with value: 951.8080444335938 and parameters: {'gradient_clip_val': 0.10435233866521161, 'hidden_size': 8, 'dropout': 0.25367501934795583, 'hidden_continuous_size': 6, 'attention_head_size': 3, 'learning_rate': 0.05566221643378763}. Best is trial 0 with value: 344.3802795410156.
[I 2023-12-27 11:03:28,046] Trial 22 finished with value: 1241.5538330078125 and parameters: {'gradient_clip_val': 0.1324566599455822, 'hidden_size': 7, 'dropout': 0.3287139026671121, 'hidden_continuous_size': 5, 'attention_head_size': 3, 'learning_rate': 0.0585906934977922}. Best is trial 0 with value: 344.3802795410156.
[I 2023-12-27 11:03:28,642] Trial 23 finished with value: 918.6729125976562 and parameters: {'gradient_clip_val': 0.11963875519452419, 'hidden_size': 10, 'dropout': 0.26518428486282897, 'hidden_continuous_size': 7, 'attention_head_size': 4, 'learning_rate': 0.027083038075745913}. Best is trial 0 with value: 344.3802795410156.
[I 2023-12-27 11:03:29,013] Trial 24 finished with value: 910.4451293945312 and parameters: {'gradient_clip_val': 0.16865993596529683, 'hidden_size': 7, 'dropout': 0.21686997313843234, 'hidden_continuous_size': 5, 'attention_head_size': 3, 'learning_rate': 0.09736425813484023}. Best is trial 0 with value: 344.3802795410156.
[I 2023-12-27 11:03:29,379] Trial 25 finished with value: 774.1565551757812 and parameters: {'gradient_clip_val': 0.21041441191442878, 'hidden_size': 12, 'dropout': 0.29592214984483034, 'hidden_continuous_size': 7, 'attention_head_size': 2, 'learning_rate': 0.047233057632755523}. Best is trial 0 with value: 344.3802795410156.
[I 2023-12-27 11:03:29,745] Trial 26 finished with value: 1197.9466552734375 and parameters: {'gradient_clip_val': 0.16260198634440545, 'hidden_size': 6, 'dropout': 0.3096286642104651, 'hidden_continuous_size': 5, 'attention_head_size': 3, 'learning_rate': 0.024819087551907853}. Best is trial 0 with value: 344.3802795410156.
[I 2023-12-27 11:03:30,136] Trial 27 finished with value: 805.8184204101562 and parameters: {'gradient_clip_val': 0.12368399657970022, 'hidden_size': 17, 'dropout': 0.18097493639828308, 'hidden_continuous_size': 8, 'attention_head_size': 4, 'learning_rate': 0.06592644098722385}. Best is trial 0 with value: 344.3802795410156.
[I 2023-12-27 11:03:30,511] Trial 28 finished with value: 975.0098266601562 and parameters: {'gradient_clip_val': 0.16611270847039325, 'hidden_size': 9, 'dropout': 0.2471791799959247, 'hidden_continuous_size': 6, 'attention_head_size': 2, 'learning_rate': 0.03666983593653161}. Best is trial 0 with value: 344.3802795410156.
[I 2023-12-27 11:03:30,889] Trial 29 finished with value: 1050.1300048828125 and parameters: {'gradient_clip_val': 0.22032155750437404, 'hidden_size': 12, 'dropout': 0.32468123685655, 'hidden_continuous_size': 7, 'attention_head_size': 3, 'learning_rate': 0.016743927076509273}. Best is trial 0 with value: 344.3802795410156.
[I 2023-12-27 11:03:31,274] Trial 30 finished with value: 976.29833984375 and parameters: {'gradient_clip_val': 0.27302819957849345, 'hidden_size': 15, 'dropout': 0.27043464969388253, 'hidden_continuous_size': 8, 'attention_head_size': 2, 'learning_rate': 0.013026725637546551}. Best is trial 0 with value: 344.3802795410156.
[I 2023-12-27 11:03:31,662] Trial 31 finished with value: 1364.6878662109375 and parameters: {'gradient_clip_val': 0.32352991657339825, 'hidden_size': 21, 'dropout': 0.1765870772410662, 'hidden_continuous_size': 9, 'attention_head_size': 1, 'learning_rate': 0.006312398316683822}. Best is trial 0 with value: 344.3802795410156.
[I 2023-12-27 11:03:32,060] Trial 32 finished with value: 846.29345703125 and parameters: {'gradient_clip_val': 0.2538068014281381, 'hidden_size': 24, 'dropout': 0.17275142230495233, 'hidden_continuous_size': 11, 'attention_head_size': 1, 'learning_rate': 0.0178247899231741}. Best is trial 0 with value: 344.3802795410156.
[I 2023-12-27 11:03:32,431] Trial 33 finished with value: 1278.499267578125 and parameters: {'gradient_clip_val': 0.1865887193590267, 'hidden_size': 12, 'dropout': 0.22953955614189825, 'hidden_continuous_size': 7, 'attention_head_size': 1, 'learning_rate': 0.03544797776448435}. Best is trial 0 with value: 344.3802795410156.
[I 2023-12-27 11:03:32,807] Trial 34 finished with value: 841.928466796875 and parameters: {'gradient_clip_val': 0.30523759677758544, 'hidden_size': 19, 'dropout': 0.15789728530550123, 'hidden_continuous_size': 10, 'attention_head_size': 1, 'learning_rate': 0.006489078268089772}. Best is trial 0 with value: 344.3802795410156.
[I 2023-12-27 11:03:33,172] Trial 35 finished with value: 924.8179321289062 and parameters: {'gradient_clip_val': 0.4235411879531311, 'hidden_size': 16, 'dropout': 0.14187797238633493, 'hidden_continuous_size': 8, 'attention_head_size': 3, 'learning_rate': 0.07522185380776478}. Best is trial 0 with value: 344.3802795410156.
[I 2023-12-27 11:03:33,808] Trial 36 finished with value: 854.1648559570312 and parameters: {'gradient_clip_val': 0.14259353096690022, 'hidden_size': 32, 'dropout': 0.21176780900422346, 'hidden_continuous_size': 13, 'attention_head_size': 4, 'learning_rate': 0.00400721972431784}. Best is trial 0 with value: 344.3802795410156.
[I 2023-12-27 11:03:34,200] Trial 37 finished with value: 996.3827514648438 and parameters: {'gradient_clip_val': 0.2334031746907882, 'hidden_size': 14, 'dropout': 0.10544019109032682, 'hidden_continuous_size': 9, 'attention_head_size': 3, 'learning_rate': 0.04730169096017234}. Best is trial 0 with value: 344.3802795410156.
[I 2023-12-27 11:03:34,560] Trial 38 finished with value: 884.905029296875 and parameters: {'gradient_clip_val': 0.27160703429571315, 'hidden_size': 11, 'dropout': 0.20000880184201128, 'hidden_continuous_size': 8, 'attention_head_size': 1, 'learning_rate': 0.02271217459620926}. Best is trial 0 with value: 344.3802795410156.
[I 2023-12-27 11:03:34,951] Trial 39 finished with value: 977.688720703125 and parameters: {'gradient_clip_val': 0.961795315657251, 'hidden_size': 26, 'dropout': 0.23781703416593217, 'hidden_continuous_size': 12, 'attention_head_size': 3, 'learning_rate': 0.008281665713159555}. Best is trial 0 with value: 344.3802795410156.
[I 2023-12-27 11:03:35,392] Trial 40 finished with value: 1010.9308471679688 and parameters: {'gradient_clip_val': 0.21374446098909577, 'hidden_size': 67, 'dropout': 0.2588530418084074, 'hidden_continuous_size': 17, 'attention_head_size': 4, 'learning_rate': 0.07450732815486713}. Best is trial 0 with value: 344.3802795410156.
[I 2023-12-27 11:03:35,803] Trial 41 finished with value: 1176.9666748046875 and parameters: {'gradient_clip_val': 0.14823461188982665, 'hidden_size': 35, 'dropout': 0.2739080272086972, 'hidden_continuous_size': 15, 'attention_head_size': 1, 'learning_rate': 0.01127917507659415}. Best is trial 0 with value: 344.3802795410156.
[I 2023-12-27 11:03:36,221] Trial 42 finished with value: 886.9124145507812 and parameters: {'gradient_clip_val': 0.13291831151600011, 'hidden_size': 44, 'dropout': 0.28990159108288577, 'hidden_continuous_size': 19, 'attention_head_size': 1, 'learning_rate': 0.008191301521442998}. Best is trial 0 with value: 344.3802795410156.
[I 2023-12-27 11:03:36,628] Trial 43 finished with value: 899.3560180664062 and parameters: {'gradient_clip_val': 0.11165380862172453, 'hidden_size': 26, 'dropout': 0.30966037072683517, 'hidden_continuous_size': 22, 'attention_head_size': 1, 'learning_rate': 0.014030689294461832}. Best is trial 0 with value: 344.3802795410156.
[I 2023-12-27 11:03:37,213] Trial 44 finished with value: 831.1454467773438 and parameters: {'gradient_clip_val': 0.10028112248436138, 'hidden_size': 139, 'dropout': 0.23663362742945154, 'hidden_continuous_size': 27, 'attention_head_size': 1, 'learning_rate': 0.020538933663565257}. Best is trial 0 with value: 344.3802795410156.
[I 2023-12-27 11:03:37,630] Trial 45 finished with value: 939.8386840820312 and parameters: {'gradient_clip_val': 0.11525068754742095, 'hidden_size': 37, 'dropout': 0.2851346405967729, 'hidden_continuous_size': 13, 'attention_head_size': 2, 'learning_rate': 0.0027926496934323163}. Best is trial 0 with value: 344.3802795410156.
[I 2023-12-27 11:03:38,023] Trial 46 finished with value: 807.5849609375 and parameters: {'gradient_clip_val': 0.1814942541263366, 'hidden_size': 30, 'dropout': 0.2532177279778743, 'hidden_continuous_size': 10, 'attention_head_size': 2, 'learning_rate': 0.034342780828442276}. Best is trial 0 with value: 344.3802795410156.
[I 2023-12-27 11:03:38,405] Trial 47 finished with value: 1095.6080322265625 and parameters: {'gradient_clip_val': 0.13292277514677847, 'hidden_size': 22, 'dropout': 0.2093965754419453, 'hidden_continuous_size': 11, 'attention_head_size': 1, 'learning_rate': 0.028720537075888702}. Best is trial 0 with value: 344.3802795410156.
[I 2023-12-27 11:03:38,782] Trial 48 finished with value: 835.7764282226562 and parameters: {'gradient_clip_val': 0.15303862592679585, 'hidden_size': 14, 'dropout': 0.2723387585656395, 'hidden_continuous_size': 9, 'attention_head_size': 3, 'learning_rate': 0.019759025035205605}. Best is trial 0 with value: 344.3802795410156.
[I 2023-12-27 11:03:39,208] Trial 49 finished with value: 907.466552734375 and parameters: {'gradient_clip_val': 0.2013355576501851, 'hidden_size': 44, 'dropout': 0.22206246078471906, 'hidden_continuous_size': 15, 'attention_head_size': 2, 'learning_rate': 0.01073690071446888}. Best is trial 0 with value: 344.3802795410156.
[I 2023-12-27 11:03:39,329] A new study created in memory with name: no-name-a2acb88e-27e5-4a5d-a267-81a90b43cf41
/home/le004/conda/anaconda3/envs/tsff_env/lib/python3.9/site-packages/lightning/fabric/plugins/environments/slurm.py:191: The `srun` command is available on your system but is not used. HINT: If your intention is to run Lightning on SLURM, prepend your python command with `srun` like so: srun python /home/le004/master_thesis/git/TSFusionForecast/code/ ...
[I 2023-12-27 11:04:02,768] Trial 0 finished with value: 99.90831756591797 and parameters: {'gradient_clip_val': 0.5798957921359593, 'hidden_size': 5, 'dropout': 0.33743033199144445, 'hidden_continuous_size': 5, 'attention_head_size': 3, 'learning_rate': 0.0025480245561419774}. Best is trial 0 with value: 99.90831756591797.
[I 2023-12-27 11:04:03,112] Trial 1 finished with value: 143.03424072265625 and parameters: {'gradient_clip_val': 0.4597500341032762, 'hidden_size': 7, 'dropout': 0.4485037150222556, 'hidden_continuous_size': 7, 'attention_head_size': 2, 'learning_rate': 0.000561065990631157}. Best is trial 0 with value: 99.90831756591797.
[I 2023-12-27 11:04:03,443] Trial 2 finished with value: 266.9536437988281 and parameters: {'gradient_clip_val': 0.19229919649193525, 'hidden_size': 5, 'dropout': 0.3927870612466444, 'hidden_continuous_size': 5, 'attention_head_size': 4, 'learning_rate': 0.04388721114937481}. Best is trial 0 with value: 99.90831756591797.
[I 2023-12-27 11:04:03,759] Trial 3 finished with value: 179.08018493652344 and parameters: {'gradient_clip_val': 0.17242018788789074, 'hidden_size': 5, 'dropout': 0.46455624139722607, 'hidden_continuous_size': 5, 'attention_head_size': 1, 'learning_rate': 0.0007490153359802215}. Best is trial 0 with value: 99.90831756591797.
[I 2023-12-27 11:04:04,167] Trial 4 finished with value: 271.4959411621094 and parameters: {'gradient_clip_val': 0.8717925461745035, 'hidden_size': 55, 'dropout': 0.44682335637134263, 'hidden_continuous_size': 7, 'attention_head_size': 3, 'learning_rate': 0.0012728795495884732}. Best is trial 0 with value: 99.90831756591797.
[I 2023-12-27 11:04:04,552] Trial 5 finished with value: 334.8125305175781 and parameters: {'gradient_clip_val': 0.1246623520159247, 'hidden_size': 31, 'dropout': 0.37807591259721507, 'hidden_continuous_size': 15, 'attention_head_size': 2, 'learning_rate': 0.0014364663399309525}. Best is trial 0 with value: 99.90831756591797.
[I 2023-12-27 11:04:04,919] Trial 6 finished with value: 212.80340576171875 and parameters: {'gradient_clip_val': 0.777157884534742, 'hidden_size': 25, 'dropout': 0.46133241053407126, 'hidden_continuous_size': 20, 'attention_head_size': 2, 'learning_rate': 0.004682959293326782}. Best is trial 0 with value: 99.90831756591797.
[I 2023-12-27 11:04:05,285] Trial 7 finished with value: 257.4542541503906 and parameters: {'gradient_clip_val': 0.20093255180821407, 'hidden_size': 9, 'dropout': 0.1517176032818433, 'hidden_continuous_size': 5, 'attention_head_size': 3, 'learning_rate': 0.05557934353200311}. Best is trial 0 with value: 99.90831756591797.
[I 2023-12-27 11:04:05,648] Trial 8 finished with value: 288.7593078613281 and parameters: {'gradient_clip_val': 0.13818262699603218, 'hidden_size': 13, 'dropout': 0.44626529526342573, 'hidden_continuous_size': 8, 'attention_head_size': 2, 'learning_rate': 0.011349174465726137}. Best is trial 0 with value: 99.90831756591797.
[I 2023-12-27 11:04:06,089] Trial 9 finished with value: 221.37107849121094 and parameters: {'gradient_clip_val': 0.37734874930815127, 'hidden_size': 81, 'dropout': 0.31796181237005233, 'hidden_continuous_size': 6, 'attention_head_size': 4, 'learning_rate': 0.000964904417130862}. Best is trial 0 with value: 99.90831756591797.
[I 2023-12-27 11:04:06,456] Trial 10 finished with value: 205.33807373046875 and parameters: {'gradient_clip_val': 0.5331868363922222, 'hidden_size': 16, 'dropout': 0.23824970155721265, 'hidden_continuous_size': 10, 'attention_head_size': 1, 'learning_rate': 0.0034028110298965244}. Best is trial 0 with value: 99.90831756591797.
[I 2023-12-27 11:04:07,041] Trial 11 finished with value: 239.9365234375 and parameters: {'gradient_clip_val': 0.4254890012388711, 'hidden_size': 7, 'dropout': 0.32258924567954855, 'hidden_continuous_size': 5, 'attention_head_size': 3, 'learning_rate': 0.0005265566403600737}. Best is trial 0 with value: 99.90831756591797.
[I 2023-12-27 11:04:07,415] Trial 12 finished with value: 211.76145935058594 and parameters: {'gradient_clip_val': 0.5778732259314887, 'hidden_size': 9, 'dropout': 0.49217432225520663, 'hidden_continuous_size': 6, 'attention_head_size': 2, 'learning_rate': 0.001983517674374749}. Best is trial 0 with value: 99.90831756591797.
[I 2023-12-27 11:04:07,755] Trial 13 finished with value: 341.3941650390625 and parameters: {'gradient_clip_val': 0.32764842959848683, 'hidden_size': 5, 'dropout': 0.379734333927905, 'hidden_continuous_size': 5, 'attention_head_size': 3, 'learning_rate': 0.000561204306371457}. Best is trial 0 with value: 99.90831756591797.
[I 2023-12-27 11:04:08,312] Trial 14 finished with value: 299.3580322265625 and parameters: {'gradient_clip_val': 0.26666145216139975, 'hidden_size': 136, 'dropout': 0.2549128209188599, 'hidden_continuous_size': 42, 'attention_head_size': 1, 'learning_rate': 0.002412506291271978}. Best is trial 0 with value: 99.90831756591797.
[I 2023-12-27 11:04:08,694] Trial 15 finished with value: 194.41734313964844 and parameters: {'gradient_clip_val': 0.6250479407584428, 'hidden_size': 13, 'dropout': 0.4077638300301011, 'hidden_continuous_size': 6, 'attention_head_size': 4, 'learning_rate': 0.007168530095339051}. Best is trial 0 with value: 99.90831756591797.
[I 2023-12-27 11:04:09,091] Trial 16 finished with value: 196.15260314941406 and parameters: {'gradient_clip_val': 0.9550302698935504, 'hidden_size': 7, 'dropout': 0.34516722708025116, 'hidden_continuous_size': 5, 'attention_head_size': 3, 'learning_rate': 0.0010550622633067371}. Best is trial 0 with value: 99.90831756591797.
[I 2023-12-27 11:04:09,466] Trial 17 finished with value: 223.26100158691406 and parameters: {'gradient_clip_val': 0.4414504273592066, 'hidden_size': 9, 'dropout': 0.2747650399056434, 'hidden_continuous_size': 6, 'attention_head_size': 2, 'learning_rate': 0.0021780786219741818}. Best is trial 0 with value: 99.90831756591797.
[I 2023-12-27 11:04:09,846] Trial 18 finished with value: 258.7907409667969 and parameters: {'gradient_clip_val': 0.6509818519165238, 'hidden_size': 19, 'dropout': 0.49842958179552727, 'hidden_continuous_size': 7, 'attention_head_size': 3, 'learning_rate': 0.0005451456002592323}. Best is trial 0 with value: 99.90831756591797.
[I 2023-12-27 11:04:10,215] Trial 19 finished with value: 274.3385314941406 and parameters: {'gradient_clip_val': 0.2874306356565369, 'hidden_size': 7, 'dropout': 0.4212866420516224, 'hidden_continuous_size': 5, 'attention_head_size': 2, 'learning_rate': 0.00136064468596982}. Best is trial 0 with value: 99.90831756591797.
[I 2023-12-27 11:04:10,542] Trial 20 finished with value: 281.857421875 and parameters: {'gradient_clip_val': 0.46604791162466697, 'hidden_size': 5, 'dropout': 0.3504834706268079, 'hidden_continuous_size': 5, 'attention_head_size': 4, 'learning_rate': 0.003843438102890641}. Best is trial 0 with value: 99.90831756591797.
[I 2023-12-27 11:04:10,890] Trial 21 finished with value: 237.66558837890625 and parameters: {'gradient_clip_val': 0.10763163592221224, 'hidden_size': 5, 'dropout': 0.4264589699382141, 'hidden_continuous_size': 5, 'attention_head_size': 1, 'learning_rate': 0.0008647666111664378}. Best is trial 0 with value: 99.90831756591797.
[I 2023-12-27 11:04:11,251] Trial 22 finished with value: 252.0910186767578 and parameters: {'gradient_clip_val': 0.726387231914066, 'hidden_size': 7, 'dropout': 0.48746450834905064, 'hidden_continuous_size': 5, 'attention_head_size': 1, 'learning_rate': 0.0007520511738451503}. Best is trial 0 with value: 99.90831756591797.
[I 2023-12-27 11:04:11,586] Trial 23 finished with value: 273.1659240722656 and parameters: {'gradient_clip_val': 0.5582695648644329, 'hidden_size': 5, 'dropout': 0.46707284241685076, 'hidden_continuous_size': 5, 'attention_head_size': 1, 'learning_rate': 0.0007412355502017489}. Best is trial 0 with value: 99.90831756591797.
[I 2023-12-27 11:04:12,179] Trial 24 finished with value: 223.5985107421875 and parameters: {'gradient_clip_val': 0.3658546303151611, 'hidden_size': 11, 'dropout': 0.43223734471732433, 'hidden_continuous_size': 6, 'attention_head_size': 1, 'learning_rate': 0.001524501888110426}. Best is trial 0 with value: 99.90831756591797.
[I 2023-12-27 11:04:12,544] Trial 25 finished with value: 198.0284881591797 and parameters: {'gradient_clip_val': 0.5114325657937923, 'hidden_size': 7, 'dropout': 0.4086844548362217, 'hidden_continuous_size': 5, 'attention_head_size': 2, 'learning_rate': 0.0008232684148637606}. Best is trial 0 with value: 99.90831756591797.
[I 2023-12-27 11:04:12,936] Trial 26 finished with value: 164.67674255371094 and parameters: {'gradient_clip_val': 0.7271674568346944, 'hidden_size': 11, 'dropout': 0.4622719020785701, 'hidden_continuous_size': 6, 'attention_head_size': 3, 'learning_rate': 0.0005331011855080454}. Best is trial 0 with value: 99.90831756591797.
[I 2023-12-27 11:04:13,334] Trial 27 finished with value: 178.2913055419922 and parameters: {'gradient_clip_val': 0.7343323146291354, 'hidden_size': 11, 'dropout': 0.36896948162329624, 'hidden_continuous_size': 6, 'attention_head_size': 3, 'learning_rate': 0.0005009210392137917}. Best is trial 0 with value: 99.90831756591797.
[I 2023-12-27 11:04:13,717] Trial 28 finished with value: 200.71058654785156 and parameters: {'gradient_clip_val': 0.978041305956712, 'hidden_size': 18, 'dropout': 0.40022205578123116, 'hidden_continuous_size': 7, 'attention_head_size': 3, 'learning_rate': 0.0015661216249649539}. Best is trial 0 with value: 99.90831756591797.
[I 2023-12-27 11:04:14,107] Trial 29 finished with value: 283.6640319824219 and parameters: {'gradient_clip_val': 0.6571558921476114, 'hidden_size': 6, 'dropout': 0.3920608881788422, 'hidden_continuous_size': 5, 'attention_head_size': 4, 'learning_rate': 0.09375536000989707}. Best is trial 0 with value: 99.90831756591797.
[I 2023-12-27 11:04:14,513] Trial 30 finished with value: 151.97665405273438 and parameters: {'gradient_clip_val': 0.4925956648424588, 'hidden_size': 10, 'dropout': 0.47144574881048384, 'hidden_continuous_size': 6, 'attention_head_size': 3, 'learning_rate': 0.0010998624802367428}. Best is trial 0 with value: 99.90831756591797.
[I 2023-12-27 11:04:14,889] Trial 31 finished with value: 202.8434600830078 and parameters: {'gradient_clip_val': 0.49271147623347966, 'hidden_size': 9, 'dropout': 0.4731042916562774, 'hidden_continuous_size': 6, 'attention_head_size': 3, 'learning_rate': 0.0011602985314628272}. Best is trial 0 with value: 99.90831756591797.
[I 2023-12-27 11:04:15,255] Trial 32 finished with value: 285.5475158691406 and parameters: {'gradient_clip_val': 0.5730342424155876, 'hidden_size': 6, 'dropout': 0.44655035408962973, 'hidden_continuous_size': 5, 'attention_head_size': 3, 'learning_rate': 0.0007363798873025881}. Best is trial 0 with value: 99.90831756591797.
