[I 2023-12-27 10:56:27,081] Trial 31 finished with value: 215.3759307861328 and parameters: {'gradient_clip_val': 0.18534656875639116, 'hidden_size': 120, 'dropout': 0.3883013890986203, 'hidden_continuous_size': 11, 'attention_head_size': 3, 'learning_rate': 0.0019861136829427777}. Best is trial 0 with value: 104.49468994140625.
LOCAL_RANK: 0 - CUDA_VISIBLE_DEVICES: [0]
[I 2023-12-27 10:56:27,588] Trial 32 finished with value: 256.4063415527344 and parameters: {'gradient_clip_val': 0.2318959717202644, 'hidden_size': 73, 'dropout': 0.430567994255123, 'hidden_continuous_size': 13, 'attention_head_size': 4, 'learning_rate': 0.0036507382580447854}. Best is trial 0 with value: 104.49468994140625.
LOCAL_RANK: 0 - CUDA_VISIBLE_DEVICES: [0]
[I 2023-12-27 10:56:28,102] Trial 33 finished with value: 175.3122100830078 and parameters: {'gradient_clip_val': 0.16118242567832755, 'hidden_size': 114, 'dropout': 0.3711809538142967, 'hidden_continuous_size': 8, 'attention_head_size': 3, 'learning_rate': 0.0013357554736080476}. Best is trial 0 with value: 104.49468994140625.
LOCAL_RANK: 0 - CUDA_VISIBLE_DEVICES: [0]
[I 2023-12-27 10:56:28,603] Trial 34 finished with value: 233.1295928955078 and parameters: {'gradient_clip_val': 0.14880845669614073, 'hidden_size': 86, 'dropout': 0.42200261583250587, 'hidden_continuous_size': 10, 'attention_head_size': 4, 'learning_rate': 0.002554352563978699}. Best is trial 0 with value: 104.49468994140625.
LOCAL_RANK: 0 - CUDA_VISIBLE_DEVICES: [0]
[I 2023-12-27 10:56:29,076] Trial 35 finished with value: 202.83856201171875 and parameters: {'gradient_clip_val': 0.22050837567107973, 'hidden_size': 123, 'dropout': 0.21779916358270307, 'hidden_continuous_size': 5, 'attention_head_size': 3, 'learning_rate': 0.000946328851698492}. Best is trial 0 with value: 104.49468994140625.
LOCAL_RANK: 0 - CUDA_VISIBLE_DEVICES: [0]
[I 2023-12-27 10:56:29,566] Trial 36 finished with value: 159.4680938720703 and parameters: {'gradient_clip_val': 0.18193406556894615, 'hidden_size': 65, 'dropout': 0.32917968617773474, 'hidden_continuous_size': 15, 'attention_head_size': 3, 'learning_rate': 0.0019483530571684053}. Best is trial 0 with value: 104.49468994140625.
LOCAL_RANK: 0 - CUDA_VISIBLE_DEVICES: [0]
[I 2023-12-27 10:56:30,059] Trial 37 finished with value: 181.30859375 and parameters: {'gradient_clip_val': 0.2925062218935692, 'hidden_size': 122, 'dropout': 0.40901659325982626, 'hidden_continuous_size': 6, 'attention_head_size': 2, 'learning_rate': 0.0006274405266624019}. Best is trial 0 with value: 104.49468994140625.
LOCAL_RANK: 0 - CUDA_VISIBLE_DEVICES: [0]
[I 2023-12-27 10:56:30,538] Trial 38 finished with value: 160.6306915283203 and parameters: {'gradient_clip_val': 0.33191759662702375, 'hidden_size': 91, 'dropout': 0.4505823700112464, 'hidden_continuous_size': 7, 'attention_head_size': 1, 'learning_rate': 0.0007495031367875536}. Best is trial 0 with value: 104.49468994140625.
LOCAL_RANK: 0 - CUDA_VISIBLE_DEVICES: [0]
[I 2023-12-27 10:56:30,999] Trial 39 finished with value: 142.5660858154297 and parameters: {'gradient_clip_val': 0.26232538817818907, 'hidden_size': 47, 'dropout': 0.1616983750777583, 'hidden_continuous_size': 13, 'attention_head_size': 4, 'learning_rate': 0.0011681021621319722}. Best is trial 0 with value: 104.49468994140625.
LOCAL_RANK: 0 - CUDA_VISIBLE_DEVICES: [0]
[I 2023-12-27 10:56:31,488] Trial 40 finished with value: 144.4129180908203 and parameters: {'gradient_clip_val': 0.3762117357665983, 'hidden_size': 46, 'dropout': 0.1408811498010759, 'hidden_continuous_size': 13, 'attention_head_size': 4, 'learning_rate': 0.0010898236368824844}. Best is trial 0 with value: 104.49468994140625.
LOCAL_RANK: 0 - CUDA_VISIBLE_DEVICES: [0]
[I 2023-12-27 10:56:31,941] Trial 41 finished with value: 209.9398651123047 and parameters: {'gradient_clip_val': 0.37736702948621975, 'hidden_size': 45, 'dropout': 0.1298429956623251, 'hidden_continuous_size': 13, 'attention_head_size': 4, 'learning_rate': 0.0011277229247885817}. Best is trial 0 with value: 104.49468994140625.
LOCAL_RANK: 0 - CUDA_VISIBLE_DEVICES: [0]
[I 2023-12-27 10:56:32,425] Trial 42 finished with value: 192.3441619873047 and parameters: {'gradient_clip_val': 0.2695630175217667, 'hidden_size': 50, 'dropout': 0.1550660624091708, 'hidden_continuous_size': 12, 'attention_head_size': 4, 'learning_rate': 0.0007506762686003402}. Best is trial 0 with value: 104.49468994140625.
LOCAL_RANK: 0 - CUDA_VISIBLE_DEVICES: [0]
[I 2023-12-27 10:56:33,163] Trial 43 finished with value: 248.66493225097656 and parameters: {'gradient_clip_val': 0.4417214944286266, 'hidden_size': 69, 'dropout': 0.13951773261562697, 'hidden_continuous_size': 17, 'attention_head_size': 4, 'learning_rate': 0.0014909483254359893}. Best is trial 0 with value: 104.49468994140625.
LOCAL_RANK: 0 - CUDA_VISIBLE_DEVICES: [0]
[I 2023-12-27 10:56:33,644] Trial 44 finished with value: 154.12457275390625 and parameters: {'gradient_clip_val': 0.24539522583276574, 'hidden_size': 39, 'dropout': 0.11998603207138286, 'hidden_continuous_size': 14, 'attention_head_size': 4, 'learning_rate': 0.000503940028443456}. Best is trial 0 with value: 104.49468994140625.
LOCAL_RANK: 0 - CUDA_VISIBLE_DEVICES: [0]
[I 2023-12-27 10:56:34,116] Trial 45 finished with value: 187.7639617919922 and parameters: {'gradient_clip_val': 0.2832017286601541, 'hidden_size': 33, 'dropout': 0.17135913778616357, 'hidden_continuous_size': 11, 'attention_head_size': 4, 'learning_rate': 0.0010067860081595954}. Best is trial 0 with value: 104.49468994140625.
LOCAL_RANK: 0 - CUDA_VISIBLE_DEVICES: [0]
[I 2023-12-27 10:56:34,605] Trial 46 finished with value: 174.2134246826172 and parameters: {'gradient_clip_val': 0.2256738054418485, 'hidden_size': 51, 'dropout': 0.10028993055636096, 'hidden_continuous_size': 10, 'attention_head_size': 4, 'learning_rate': 0.0013077605490263383}. Best is trial 0 with value: 104.49468994140625.
LOCAL_RANK: 0 - CUDA_VISIBLE_DEVICES: [0]
[I 2023-12-27 10:56:35,093] Trial 47 finished with value: 280.0904541015625 and parameters: {'gradient_clip_val': 0.32624531485922026, 'hidden_size': 62, 'dropout': 0.13133574742808443, 'hidden_continuous_size': 17, 'attention_head_size': 3, 'learning_rate': 0.001941753665248758}. Best is trial 0 with value: 104.49468994140625.
LOCAL_RANK: 0 - CUDA_VISIBLE_DEVICES: [0]
[I 2023-12-27 10:56:35,591] Trial 48 finished with value: 182.8660888671875 and parameters: {'gradient_clip_val': 0.2443468639470166, 'hidden_size': 72, 'dropout': 0.1669247198276444, 'hidden_continuous_size': 15, 'attention_head_size': 4, 'learning_rate': 0.0007277518665103149}. Best is trial 0 with value: 104.49468994140625.
LOCAL_RANK: 0 - CUDA_VISIBLE_DEVICES: [0]
[I 2023-12-27 10:56:36,102] Trial 49 finished with value: 192.65618896484375 and parameters: {'gradient_clip_val': 0.12126821917929527, 'hidden_size': 81, 'dropout': 0.11954289696901195, 'hidden_continuous_size': 9, 'attention_head_size': 3, 'learning_rate': 0.0010901906133938862}. Best is trial 0 with value: 104.49468994140625.
[I 2023-12-27 10:56:36,231] A new study created in memory with name: no-name-ec37d893-6c23-4acb-a0ab-b00438cc6ff2
/home/le004/conda/anaconda3/envs/tsff_env/lib/python3.9/site-packages/lightning/fabric/plugins/environments/slurm.py:191: The `srun` command is available on your system but is not used. HINT: If your intention is to run Lightning on SLURM, prepend your python command with `srun` like so: srun python /home/le004/master_thesis/git/TSFusionForecast/code/ ...
LOCAL_RANK: 0 - CUDA_VISIBLE_DEVICES: [0]
[I 2023-12-27 10:57:05,772] Trial 0 finished with value: 196.6671905517578 and parameters: {'gradient_clip_val': 0.10319110041612542, 'hidden_size': 18, 'dropout': 0.1997557216269184, 'hidden_continuous_size': 7, 'attention_head_size': 3, 'learning_rate': 0.0006046521418276795}. Best is trial 0 with value: 196.6671905517578.
LOCAL_RANK: 0 - CUDA_VISIBLE_DEVICES: [0]
[I 2023-12-27 10:57:23,278] Trial 1 finished with value: 94.55330657958984 and parameters: {'gradient_clip_val': 0.1709879461933701, 'hidden_size': 13, 'dropout': 0.1684670430323917, 'hidden_continuous_size': 9, 'attention_head_size': 1, 'learning_rate': 0.052528434112551384}. Best is trial 1 with value: 94.55330657958984.
LOCAL_RANK: 0 - CUDA_VISIBLE_DEVICES: [0]
[I 2023-12-27 10:57:23,723] Trial 2 finished with value: 301.6938171386719 and parameters: {'gradient_clip_val': 0.49246592939834277, 'hidden_size': 49, 'dropout': 0.11616489939895419, 'hidden_continuous_size': 6, 'attention_head_size': 2, 'learning_rate': 0.008921999116965357}. Best is trial 1 with value: 94.55330657958984.
LOCAL_RANK: 0 - CUDA_VISIBLE_DEVICES: [0]
[I 2023-12-27 10:57:24,192] Trial 3 finished with value: 341.5 and parameters: {'gradient_clip_val': 0.18593986111820676, 'hidden_size': 130, 'dropout': 0.14596060928624466, 'hidden_continuous_size': 13, 'attention_head_size': 2, 'learning_rate': 0.002388523788188297}. Best is trial 1 with value: 94.55330657958984.
LOCAL_RANK: 0 - CUDA_VISIBLE_DEVICES: [0]
[I 2023-12-27 10:57:24,617] Trial 4 finished with value: 438.0782775878906 and parameters: {'gradient_clip_val': 0.7846699857254886, 'hidden_size': 49, 'dropout': 0.37100583141285215, 'hidden_continuous_size': 13, 'attention_head_size': 2, 'learning_rate': 0.0006881626845838495}. Best is trial 1 with value: 94.55330657958984.
LOCAL_RANK: 0 - CUDA_VISIBLE_DEVICES: [0]
[I 2023-12-27 10:57:25,060] Trial 5 finished with value: 351.413330078125 and parameters: {'gradient_clip_val': 0.22745788000051398, 'hidden_size': 17, 'dropout': 0.4664614530292135, 'hidden_continuous_size': 15, 'attention_head_size': 1, 'learning_rate': 0.0403215332357642}. Best is trial 1 with value: 94.55330657958984.
LOCAL_RANK: 0 - CUDA_VISIBLE_DEVICES: [0]
[I 2023-12-27 10:57:25,539] Trial 6 finished with value: 393.1864929199219 and parameters: {'gradient_clip_val': 0.262308565551463, 'hidden_size': 116, 'dropout': 0.31534601867766665, 'hidden_continuous_size': 23, 'attention_head_size': 4, 'learning_rate': 0.010656929616168107}. Best is trial 1 with value: 94.55330657958984.
LOCAL_RANK: 0 - CUDA_VISIBLE_DEVICES: [0]
[I 2023-12-27 10:57:25,977] Trial 7 finished with value: 423.4941711425781 and parameters: {'gradient_clip_val': 0.45283235088913704, 'hidden_size': 5, 'dropout': 0.18230518273048887, 'hidden_continuous_size': 5, 'attention_head_size': 4, 'learning_rate': 0.05972534987500838}. Best is trial 1 with value: 94.55330657958984.
LOCAL_RANK: 0 - CUDA_VISIBLE_DEVICES: [0]
[I 2023-12-27 10:57:26,456] Trial 8 finished with value: 441.9385681152344 and parameters: {'gradient_clip_val': 0.28016922549227136, 'hidden_size': 118, 'dropout': 0.3381148869964024, 'hidden_continuous_size': 6, 'attention_head_size': 2, 'learning_rate': 0.0009922224416958688}. Best is trial 1 with value: 94.55330657958984.
LOCAL_RANK: 0 - CUDA_VISIBLE_DEVICES: [0]
[I 2023-12-27 10:57:26,911] Trial 9 finished with value: 416.6492614746094 and parameters: {'gradient_clip_val': 0.3809846919526614, 'hidden_size': 35, 'dropout': 0.23269585168126353, 'hidden_continuous_size': 5, 'attention_head_size': 2, 'learning_rate': 0.0064581013994744075}. Best is trial 1 with value: 94.55330657958984.
LOCAL_RANK: 0 - CUDA_VISIBLE_DEVICES: [0]
[I 2023-12-27 10:57:27,384] Trial 10 finished with value: 458.5276794433594 and parameters: {'gradient_clip_val': 0.16005933136157852, 'hidden_size': 8, 'dropout': 0.25029167475937647, 'hidden_continuous_size': 7, 'attention_head_size': 1, 'learning_rate': 0.09559352983160341}. Best is trial 1 with value: 94.55330657958984.
LOCAL_RANK: 0 - CUDA_VISIBLE_DEVICES: [0]
[I 2023-12-27 10:57:27,870] Trial 11 finished with value: 373.50537109375 and parameters: {'gradient_clip_val': 0.10130671142909004, 'hidden_size': 16, 'dropout': 0.19098823784162816, 'hidden_continuous_size': 8, 'attention_head_size': 3, 'learning_rate': 0.02553852087845829}. Best is trial 1 with value: 94.55330657958984.
LOCAL_RANK: 0 - CUDA_VISIBLE_DEVICES: [0]
[I 2023-12-27 10:57:28,334] Trial 12 finished with value: 394.6591796875 and parameters: {'gradient_clip_val': 0.10267714172486825, 'hidden_size': 13, 'dropout': 0.10037823709068755, 'hidden_continuous_size': 8, 'attention_head_size': 3, 'learning_rate': 0.001675045328267756}. Best is trial 1 with value: 94.55330657958984.
LOCAL_RANK: 0 - CUDA_VISIBLE_DEVICES: [0]
[I 2023-12-27 10:57:28,812] Trial 13 finished with value: 352.1133728027344 and parameters: {'gradient_clip_val': 0.13758663243972877, 'hidden_size': 24, 'dropout': 0.2437903384087625, 'hidden_continuous_size': 10, 'attention_head_size': 3, 'learning_rate': 0.0005095198946014747}. Best is trial 1 with value: 94.55330657958984.
LOCAL_RANK: 0 - CUDA_VISIBLE_DEVICES: [0]
[I 2023-12-27 10:57:29,265] Trial 14 finished with value: 430.4337158203125 and parameters: {'gradient_clip_val': 0.13773521718088547, 'hidden_size': 9, 'dropout': 0.169367579255311, 'hidden_continuous_size': 6, 'attention_head_size': 1, 'learning_rate': 0.0034974991095091165}. Best is trial 1 with value: 94.55330657958984.
LOCAL_RANK: 0 - CUDA_VISIBLE_DEVICES: [0]
[I 2023-12-27 10:57:30,000] Trial 15 finished with value: 395.2877502441406 and parameters: {'gradient_clip_val': 0.1987224278199152, 'hidden_size': 23, 'dropout': 0.21103119728090086, 'hidden_continuous_size': 9, 'attention_head_size': 3, 'learning_rate': 0.021940114327268785}. Best is trial 1 with value: 94.55330657958984.
LOCAL_RANK: 0 - CUDA_VISIBLE_DEVICES: [0]
[I 2023-12-27 10:57:30,477] Trial 16 finished with value: 324.7227783203125 and parameters: {'gradient_clip_val': 0.1293370721972587, 'hidden_size': 12, 'dropout': 0.1489571070463937, 'hidden_continuous_size': 7, 'attention_head_size': 4, 'learning_rate': 0.0011823176821202464}. Best is trial 1 with value: 94.55330657958984.
LOCAL_RANK: 0 - CUDA_VISIBLE_DEVICES: [0]
[I 2023-12-27 10:57:30,885] Trial 17 finished with value: 439.6912536621094 and parameters: {'gradient_clip_val': 0.17630730160468058, 'hidden_size': 5, 'dropout': 0.25662948379591793, 'hidden_continuous_size': 5, 'attention_head_size': 1, 'learning_rate': 0.003929951713460885}. Best is trial 1 with value: 94.55330657958984.
LOCAL_RANK: 0 - CUDA_VISIBLE_DEVICES: [0]
[I 2023-12-27 10:57:31,333] Trial 18 finished with value: 402.587158203125 and parameters: {'gradient_clip_val': 0.11812487532995185, 'hidden_size': 8, 'dropout': 0.28002004938001046, 'hidden_continuous_size': 5, 'attention_head_size': 3, 'learning_rate': 0.016012606609786473}. Best is trial 1 with value: 94.55330657958984.
LOCAL_RANK: 0 - CUDA_VISIBLE_DEVICES: [0]
[I 2023-12-27 10:57:31,837] Trial 19 finished with value: 279.2673645019531 and parameters: {'gradient_clip_val': 0.15689490749640073, 'hidden_size': 22, 'dropout': 0.19354579087409204, 'hidden_continuous_size': 10, 'attention_head_size': 4, 'learning_rate': 0.0019728033970121115}. Best is trial 1 with value: 94.55330657958984.
LOCAL_RANK: 0 - CUDA_VISIBLE_DEVICES: [0]
[I 2023-12-27 10:57:32,305] Trial 20 finished with value: 365.2488098144531 and parameters: {'gradient_clip_val': 0.2156666591770276, 'hidden_size': 32, 'dropout': 0.1456346019883674, 'hidden_continuous_size': 11, 'attention_head_size': 1, 'learning_rate': 0.0062258258518924905}. Best is trial 1 with value: 94.55330657958984.
LOCAL_RANK: 0 - CUDA_VISIBLE_DEVICES: [0]
[I 2023-12-27 10:57:32,775] Trial 21 finished with value: 438.5018615722656 and parameters: {'gradient_clip_val': 0.14704394491086975, 'hidden_size': 19, 'dropout': 0.1970198598191782, 'hidden_continuous_size': 9, 'attention_head_size': 4, 'learning_rate': 0.001477275695580947}. Best is trial 1 with value: 94.55330657958984.
LOCAL_RANK: 0 - CUDA_VISIBLE_DEVICES: [0]
[I 2023-12-27 10:57:33,217] Trial 22 finished with value: 394.5429992675781 and parameters: {'gradient_clip_val': 0.16261583770535604, 'hidden_size': 13, 'dropout': 0.20988032733605952, 'hidden_continuous_size': 7, 'attention_head_size': 4, 'learning_rate': 0.0007364774887236074}. Best is trial 1 with value: 94.55330657958984.
LOCAL_RANK: 0 - CUDA_VISIBLE_DEVICES: [0]
[I 2023-12-27 10:57:33,687] Trial 23 finished with value: 295.8487243652344 and parameters: {'gradient_clip_val': 0.10755675410056953, 'hidden_size': 20, 'dropout': 0.16569341997651627, 'hidden_continuous_size': 10, 'attention_head_size': 3, 'learning_rate': 0.002101635961134377}. Best is trial 1 with value: 94.55330657958984.
LOCAL_RANK: 0 - CUDA_VISIBLE_DEVICES: [0]
[I 2023-12-27 10:57:34,156] Trial 24 finished with value: 481.865478515625 and parameters: {'gradient_clip_val': 0.12606599195584395, 'hidden_size': 30, 'dropout': 0.11685204895804396, 'hidden_continuous_size': 12, 'attention_head_size': 4, 'learning_rate': 0.0009865735031079513}. Best is trial 1 with value: 94.55330657958984.
LOCAL_RANK: 0 - CUDA_VISIBLE_DEVICES: [0]
[I 2023-12-27 10:57:34,590] Trial 25 finished with value: 310.6760559082031 and parameters: {'gradient_clip_val': 0.16230032543037923, 'hidden_size': 16, 'dropout': 0.21550075507999952, 'hidden_continuous_size': 8, 'attention_head_size': 3, 'learning_rate': 0.0030289693898684464}. Best is trial 1 with value: 94.55330657958984.
LOCAL_RANK: 0 - CUDA_VISIBLE_DEVICES: [0]
[I 2023-12-27 10:57:35,027] Trial 26 finished with value: 244.29827880859375 and parameters: {'gradient_clip_val': 0.12047592857176544, 'hidden_size': 24, 'dropout': 0.2797760293367878, 'hidden_continuous_size': 9, 'attention_head_size': 2, 'learning_rate': 0.0005115917562987661}. Best is trial 1 with value: 94.55330657958984.
LOCAL_RANK: 0 - CUDA_VISIBLE_DEVICES: [0]
[I 2023-12-27 10:57:35,495] Trial 27 finished with value: 361.1390380859375 and parameters: {'gradient_clip_val': 0.12103711906341007, 'hidden_size': 11, 'dropout': 0.2797614847441531, 'hidden_continuous_size': 8, 'attention_head_size': 2, 'learning_rate': 0.0006319043551812252}. Best is trial 1 with value: 94.55330657958984.
LOCAL_RANK: 0 - CUDA_VISIBLE_DEVICES: [0]
[I 2023-12-27 10:57:36,249] Trial 28 finished with value: 381.7698669433594 and parameters: {'gradient_clip_val': 0.10191203165601505, 'hidden_size': 15, 'dropout': 0.22722550234639585, 'hidden_continuous_size': 9, 'attention_head_size': 1, 'learning_rate': 0.0012226227248919638}. Best is trial 1 with value: 94.55330657958984.
LOCAL_RANK: 0 - CUDA_VISIBLE_DEVICES: [0]
[I 2023-12-27 10:57:36,740] Trial 29 finished with value: 496.6628723144531 and parameters: {'gradient_clip_val': 0.12065728531356276, 'hidden_size': 27, 'dropout': 0.26950451015557064, 'hidden_continuous_size': 6, 'attention_head_size': 2, 'learning_rate': 0.0005071839443161665}. Best is trial 1 with value: 94.55330657958984.
LOCAL_RANK: 0 - CUDA_VISIBLE_DEVICES: [0]
[I 2023-12-27 10:57:37,218] Trial 30 finished with value: 416.0947570800781 and parameters: {'gradient_clip_val': 0.18621547464664723, 'hidden_size': 41, 'dropout': 0.24360489816840422, 'hidden_continuous_size': 15, 'attention_head_size': 2, 'learning_rate': 0.0008602889930631281}. Best is trial 1 with value: 94.55330657958984.
LOCAL_RANK: 0 - CUDA_VISIBLE_DEVICES: [0]
[I 2023-12-27 10:57:37,690] Trial 31 finished with value: 435.8836364746094 and parameters: {'gradient_clip_val': 0.14809587150348097, 'hidden_size': 21, 'dropout': 0.18698525524317666, 'hidden_continuous_size': 11, 'attention_head_size': 3, 'learning_rate': 0.001758052751317251}. Best is trial 1 with value: 94.55330657958984.
LOCAL_RANK: 0 - CUDA_VISIBLE_DEVICES: [0]
[I 2023-12-27 10:57:38,140] Trial 32 finished with value: 371.2936096191406 and parameters: {'gradient_clip_val': 0.14407612749747853, 'hidden_size': 21, 'dropout': 0.13368813747141986, 'hidden_continuous_size': 9, 'attention_head_size': 1, 'learning_rate': 0.001261652146568312}. Best is trial 1 with value: 94.55330657958984.
LOCAL_RANK: 0 - CUDA_VISIBLE_DEVICES: [0]
[I 2023-12-27 10:57:38,612] Trial 33 finished with value: 394.5224914550781 and parameters: {'gradient_clip_val': 0.17833630417484098, 'hidden_size': 26, 'dropout': 0.16047748616602614, 'hidden_continuous_size': 10, 'attention_head_size': 2, 'learning_rate': 0.0006942133254718829}. Best is trial 1 with value: 94.55330657958984.
LOCAL_RANK: 0 - CUDA_VISIBLE_DEVICES: [0]
[I 2023-12-27 10:57:39,064] Trial 34 finished with value: 332.4055480957031 and parameters: {'gradient_clip_val': 0.1204738880344421, 'hidden_size': 41, 'dropout': 0.17502172458674026, 'hidden_continuous_size': 14, 'attention_head_size': 2, 'learning_rate': 0.002089987488580441}. Best is trial 1 with value: 94.55330657958984.
LOCAL_RANK: 0 - CUDA_VISIBLE_DEVICES: [0]
[I 2023-12-27 10:57:39,508] Trial 35 finished with value: 317.9568786621094 and parameters: {'gradient_clip_val': 0.23344402766713188, 'hidden_size': 18, 'dropout': 0.12671309563840216, 'hidden_continuous_size': 10, 'attention_head_size': 4, 'learning_rate': 0.0009256369576274297}. Best is trial 1 with value: 94.55330657958984.
LOCAL_RANK: 0 - CUDA_VISIBLE_DEVICES: [0]
[I 2023-12-27 10:57:39,988] Trial 36 finished with value: 360.4510498046875 and parameters: {'gradient_clip_val': 0.21411842298501602, 'hidden_size': 60, 'dropout': 0.31017410596420636, 'hidden_continuous_size': 20, 'attention_head_size': 2, 'learning_rate': 0.002467682720086076}. Best is trial 1 with value: 94.55330657958984.
LOCAL_RANK: 0 - CUDA_VISIBLE_DEVICES: [0]
[I 2023-12-27 10:57:40,434] Trial 37 finished with value: 375.7527770996094 and parameters: {'gradient_clip_val': 0.11283586422797785, 'hidden_size': 24, 'dropout': 0.20096333178302084, 'hidden_continuous_size': 12, 'attention_head_size': 4, 'learning_rate': 0.0047743233533689014}. Best is trial 1 with value: 94.55330657958984.
LOCAL_RANK: 0 - CUDA_VISIBLE_DEVICES: [0]
[I 2023-12-27 10:57:40,868] Trial 38 finished with value: 345.6067199707031 and parameters: {'gradient_clip_val': 0.29175610368338367, 'hidden_size': 15, 'dropout': 0.22701536656412533, 'hidden_continuous_size': 7, 'attention_head_size': 1, 'learning_rate': 0.00943305204294658}. Best is trial 1 with value: 94.55330657958984.
LOCAL_RANK: 0 - CUDA_VISIBLE_DEVICES: [0]
