[I 2023-12-27 11:21:20,206] Trial 34 finished with value: 68.92341613769531 and parameters: {'gradient_clip_val': 0.12362867469308993, 'hidden_size': 82, 'dropout': 0.4404884242196145, 'hidden_continuous_size': 15, 'attention_head_size': 3, 'learning_rate': 0.0016638367992048795}. Best is trial 0 with value: 25.36787223815918.
[I 2023-12-27 11:21:20,606] Trial 35 finished with value: 50.323062896728516 and parameters: {'gradient_clip_val': 0.14592032115355869, 'hidden_size': 35, 'dropout': 0.34939101472934386, 'hidden_continuous_size': 11, 'attention_head_size': 4, 'learning_rate': 0.0025553822708828324}. Best is trial 0 with value: 25.36787223815918.
[I 2023-12-27 11:21:21,033] Trial 36 finished with value: 69.28791809082031 and parameters: {'gradient_clip_val': 0.15101443140586152, 'hidden_size': 49, 'dropout': 0.34747017282972514, 'hidden_continuous_size': 10, 'attention_head_size': 3, 'learning_rate': 0.0022320742383320925}. Best is trial 0 with value: 25.36787223815918.
[I 2023-12-27 11:21:21,435] Trial 37 finished with value: 74.20242309570312 and parameters: {'gradient_clip_val': 0.2116986542509346, 'hidden_size': 33, 'dropout': 0.4097934262386062, 'hidden_continuous_size': 12, 'attention_head_size': 4, 'learning_rate': 0.001113329069647543}. Best is trial 0 with value: 25.36787223815918.
[I 2023-12-27 11:21:21,866] Trial 38 finished with value: 65.98075103759766 and parameters: {'gradient_clip_val': 0.18351863499510862, 'hidden_size': 60, 'dropout': 0.3123566250781135, 'hidden_continuous_size': 20, 'attention_head_size': 1, 'learning_rate': 0.002635487857047007}. Best is trial 0 with value: 25.36787223815918.
[I 2023-12-27 11:21:22,297] Trial 39 finished with value: 74.98201751708984 and parameters: {'gradient_clip_val': 0.23263065377025338, 'hidden_size': 59, 'dropout': 0.36262154597856916, 'hidden_continuous_size': 14, 'attention_head_size': 4, 'learning_rate': 0.016474734920311478}. Best is trial 0 with value: 25.36787223815918.
[I 2023-12-27 11:21:22,779] Trial 40 finished with value: 55.869293212890625 and parameters: {'gradient_clip_val': 0.26381507317525893, 'hidden_size': 89, 'dropout': 0.405709338667445, 'hidden_continuous_size': 24, 'attention_head_size': 3, 'learning_rate': 0.023736968796025965}. Best is trial 0 with value: 25.36787223815918.
[I 2023-12-27 11:21:23,201] Trial 41 finished with value: 64.57735443115234 and parameters: {'gradient_clip_val': 0.11406956630552582, 'hidden_size': 38, 'dropout': 0.37472305842213033, 'hidden_continuous_size': 18, 'attention_head_size': 4, 'learning_rate': 0.00375016327892085}. Best is trial 0 with value: 25.36787223815918.
[I 2023-12-27 11:21:23,606] Trial 42 finished with value: 52.42086410522461 and parameters: {'gradient_clip_val': 0.174602832560674, 'hidden_size': 31, 'dropout': 0.3500971043437677, 'hidden_continuous_size': 11, 'attention_head_size': 4, 'learning_rate': 0.005669521724672376}. Best is trial 0 with value: 25.36787223815918.
[I 2023-12-27 11:21:24,020] Trial 43 finished with value: 61.844024658203125 and parameters: {'gradient_clip_val': 0.17225135931657212, 'hidden_size': 30, 'dropout': 0.34829747533373634, 'hidden_continuous_size': 11, 'attention_head_size': 4, 'learning_rate': 0.005512417408128656}. Best is trial 0 with value: 25.36787223815918.
[I 2023-12-27 11:21:24,642] Trial 44 finished with value: 55.37080001831055 and parameters: {'gradient_clip_val': 0.21074918604689005, 'hidden_size': 25, 'dropout': 0.29805371040535356, 'hidden_continuous_size': 10, 'attention_head_size': 4, 'learning_rate': 0.008573674057942998}. Best is trial 0 with value: 25.36787223815918.
[I 2023-12-27 11:21:25,059] Trial 45 finished with value: 65.11793518066406 and parameters: {'gradient_clip_val': 0.14782349547441576, 'hidden_size': 50, 'dropout': 0.3185876754805684, 'hidden_continuous_size': 8, 'attention_head_size': 4, 'learning_rate': 0.006987732693329268}. Best is trial 0 with value: 25.36787223815918.
[I 2023-12-27 11:21:25,457] Trial 46 finished with value: 60.056121826171875 and parameters: {'gradient_clip_val': 0.18390719907602443, 'hidden_size': 31, 'dropout': 0.3514058879641955, 'hidden_continuous_size': 12, 'attention_head_size': 2, 'learning_rate': 0.0029232825664611355}. Best is trial 0 with value: 25.36787223815918.
[I 2023-12-27 11:21:25,840] Trial 47 finished with value: 62.01156234741211 and parameters: {'gradient_clip_val': 0.16284891820996383, 'hidden_size': 22, 'dropout': 0.39702338215085664, 'hidden_continuous_size': 9, 'attention_head_size': 4, 'learning_rate': 0.005925475718613436}. Best is trial 0 with value: 25.36787223815918.
[I 2023-12-27 11:21:26,240] Trial 48 finished with value: 74.33443450927734 and parameters: {'gradient_clip_val': 0.1392563304375356, 'hidden_size': 34, 'dropout': 0.43717014645753216, 'hidden_continuous_size': 13, 'attention_head_size': 4, 'learning_rate': 0.012988340858006785}. Best is trial 0 with value: 25.36787223815918.
[I 2023-12-27 11:21:26,617] Trial 49 finished with value: 55.5536003112793 and parameters: {'gradient_clip_val': 0.25697724008536493, 'hidden_size': 18, 'dropout': 0.42212657600675174, 'hidden_continuous_size': 10, 'attention_head_size': 4, 'learning_rate': 0.004868451646055223}. Best is trial 0 with value: 25.36787223815918.
[I 2023-12-27 11:21:26,743] A new study created in memory with name: no-name-3ea9b9e4-d573-4f59-b01b-8e699926b573
/home/le004/conda/anaconda3/envs/tsff_env/lib/python3.9/site-packages/lightning/fabric/plugins/environments/slurm.py:191: The `srun` command is available on your system but is not used. HINT: If your intention is to run Lightning on SLURM, prepend your python command with `srun` like so: srun python /home/le004/master_thesis/git/TSFusionForecast/code/ ...
[I 2023-12-27 11:21:58,757] Trial 0 finished with value: 22.415117263793945 and parameters: {'gradient_clip_val': 0.1063455218976444, 'hidden_size': 24, 'dropout': 0.3461543025496622, 'hidden_continuous_size': 7, 'attention_head_size': 1, 'learning_rate': 0.0011222362399874633}. Best is trial 0 with value: 22.415117263793945.
[I 2023-12-27 11:22:27,237] Trial 1 finished with value: 12.310574531555176 and parameters: {'gradient_clip_val': 0.4668544175384309, 'hidden_size': 66, 'dropout': 0.2657638853484181, 'hidden_continuous_size': 63, 'attention_head_size': 2, 'learning_rate': 0.017902922109485655}. Best is trial 1 with value: 12.310574531555176.
[I 2023-12-27 11:22:27,852] Trial 2 finished with value: 78.16380310058594 and parameters: {'gradient_clip_val': 0.3305602600711325, 'hidden_size': 141, 'dropout': 0.4657167841429498, 'hidden_continuous_size': 118, 'attention_head_size': 2, 'learning_rate': 0.001840176354124066}. Best is trial 1 with value: 12.310574531555176.
[I 2023-12-27 11:22:28,280] Trial 3 finished with value: 70.10391235351562 and parameters: {'gradient_clip_val': 0.48982520453820455, 'hidden_size': 86, 'dropout': 0.19835311455038873, 'hidden_continuous_size': 7, 'attention_head_size': 2, 'learning_rate': 0.08594283956677609}. Best is trial 1 with value: 12.310574531555176.
[I 2023-12-27 11:22:28,856] Trial 4 finished with value: 50.40790939331055 and parameters: {'gradient_clip_val': 0.4537759725882833, 'hidden_size': 16, 'dropout': 0.3893359528672048, 'hidden_continuous_size': 8, 'attention_head_size': 3, 'learning_rate': 0.0008025120915942516}. Best is trial 1 with value: 12.310574531555176.
[I 2023-12-27 11:22:29,162] Trial 5 finished with value: 64.73136138916016 and parameters: {'gradient_clip_val': 0.6962580681906948, 'hidden_size': 5, 'dropout': 0.13893494371697637, 'hidden_continuous_size': 5, 'attention_head_size': 1, 'learning_rate': 0.06283495853392619}. Best is trial 1 with value: 12.310574531555176.
[I 2023-12-27 11:22:29,670] Trial 6 finished with value: 59.75326919555664 and parameters: {'gradient_clip_val': 0.10769044804034929, 'hidden_size': 103, 'dropout': 0.4694063351953276, 'hidden_continuous_size': 44, 'attention_head_size': 1, 'learning_rate': 0.024549948539704724}. Best is trial 1 with value: 12.310574531555176.
[I 2023-12-27 11:22:30,022] Trial 7 finished with value: 76.4660873413086 and parameters: {'gradient_clip_val': 0.720970340325098, 'hidden_size': 12, 'dropout': 0.4523428663333292, 'hidden_continuous_size': 11, 'attention_head_size': 4, 'learning_rate': 0.0017590904349830563}. Best is trial 1 with value: 12.310574531555176.
[I 2023-12-27 11:22:30,418] Trial 8 finished with value: 55.44533157348633 and parameters: {'gradient_clip_val': 0.2138897726890667, 'hidden_size': 38, 'dropout': 0.21049732139799185, 'hidden_continuous_size': 22, 'attention_head_size': 4, 'learning_rate': 0.02472760472266436}. Best is trial 1 with value: 12.310574531555176.
[I 2023-12-27 11:22:30,780] Trial 9 finished with value: 56.07078552246094 and parameters: {'gradient_clip_val': 0.6318155333273016, 'hidden_size': 22, 'dropout': 0.2131490879357898, 'hidden_continuous_size': 18, 'attention_head_size': 1, 'learning_rate': 0.002476908252721204}. Best is trial 1 with value: 12.310574531555176.
[I 2023-12-27 11:22:31,209] Trial 10 finished with value: 67.56239318847656 and parameters: {'gradient_clip_val': 0.9677048731335463, 'hidden_size': 53, 'dropout': 0.28881093379752293, 'hidden_continuous_size': 31, 'attention_head_size': 3, 'learning_rate': 0.006306903380791132}. Best is trial 1 with value: 12.310574531555176.
[I 2023-12-27 11:22:31,637] Trial 11 finished with value: 78.33090209960938 and parameters: {'gradient_clip_val': 0.18676161646807451, 'hidden_size': 42, 'dropout': 0.32029294374689177, 'hidden_continuous_size': 11, 'attention_head_size': 2, 'learning_rate': 0.0006316926611549736}. Best is trial 1 with value: 12.310574531555176.
[I 2023-12-27 11:22:32,064] Trial 12 finished with value: 76.51786804199219 and parameters: {'gradient_clip_val': 0.10307316794421162, 'hidden_size': 72, 'dropout': 0.3179403652502109, 'hidden_continuous_size': 5, 'attention_head_size': 1, 'learning_rate': 0.0071567531698256675}. Best is trial 1 with value: 12.310574531555176.
[I 2023-12-27 11:22:32,455] Trial 13 finished with value: 78.87887573242188 and parameters: {'gradient_clip_val': 0.28217697567465555, 'hidden_size': 33, 'dropout': 0.37410144905816806, 'hidden_continuous_size': 8, 'attention_head_size': 2, 'learning_rate': 0.006468845545839369}. Best is trial 1 with value: 12.310574531555176.
[I 2023-12-27 11:22:32,877] Trial 14 finished with value: 54.71223449707031 and parameters: {'gradient_clip_val': 0.15595634064622962, 'hidden_size': 59, 'dropout': 0.2726517523901068, 'hidden_continuous_size': 13, 'attention_head_size': 3, 'learning_rate': 0.0005440249753984042}. Best is trial 1 with value: 12.310574531555176.
[I 2023-12-27 11:22:33,255] Trial 15 finished with value: 69.83910369873047 and parameters: {'gradient_clip_val': 0.32008416983056215, 'hidden_size': 25, 'dropout': 0.37244815249520163, 'hidden_continuous_size': 6, 'attention_head_size': 1, 'learning_rate': 0.014985365630992053}. Best is trial 1 with value: 12.310574531555176.
[I 2023-12-27 11:22:33,849] Trial 16 finished with value: 62.23912048339844 and parameters: {'gradient_clip_val': 0.13623318578927063, 'hidden_size': 146, 'dropout': 0.10080677769932597, 'hidden_continuous_size': 65, 'attention_head_size': 2, 'learning_rate': 0.0034695954359648825}. Best is trial 1 with value: 12.310574531555176.
[I 2023-12-27 11:22:34,492] Trial 17 finished with value: 79.13260650634766 and parameters: {'gradient_clip_val': 0.24767086331902347, 'hidden_size': 52, 'dropout': 0.24807916539923788, 'hidden_continuous_size': 16, 'attention_head_size': 1, 'learning_rate': 0.0011262334394345147}. Best is trial 1 with value: 12.310574531555176.
[I 2023-12-27 11:22:34,889] Trial 18 finished with value: 68.8774185180664 and parameters: {'gradient_clip_val': 0.17893708557608234, 'hidden_size': 31, 'dropout': 0.3446828364076544, 'hidden_continuous_size': 9, 'attention_head_size': 2, 'learning_rate': 0.0011940794358925996}. Best is trial 1 with value: 12.310574531555176.
[I 2023-12-27 11:22:35,340] Trial 19 finished with value: 61.22518539428711 and parameters: {'gradient_clip_val': 0.13890362431971617, 'hidden_size': 82, 'dropout': 0.2587922890471673, 'hidden_continuous_size': 21, 'attention_head_size': 3, 'learning_rate': 0.0040416545961444944}. Best is trial 1 with value: 12.310574531555176.
[I 2023-12-27 11:22:35,716] Trial 20 finished with value: 75.27584838867188 and parameters: {'gradient_clip_val': 0.39669970274823846, 'hidden_size': 20, 'dropout': 0.42461997407567315, 'hidden_continuous_size': 6, 'attention_head_size': 1, 'learning_rate': 0.009311728837874799}. Best is trial 1 with value: 12.310574531555176.
[I 2023-12-27 11:22:36,089] Trial 21 finished with value: 65.49139404296875 and parameters: {'gradient_clip_val': 0.47454012384864325, 'hidden_size': 17, 'dropout': 0.40280768426784236, 'hidden_continuous_size': 8, 'attention_head_size': 3, 'learning_rate': 0.000816257457792877}. Best is trial 1 with value: 12.310574531555176.
[I 2023-12-27 11:22:36,468] Trial 22 finished with value: 73.17684173583984 and parameters: {'gradient_clip_val': 0.4027827804379011, 'hidden_size': 15, 'dropout': 0.34119786258829565, 'hidden_continuous_size': 7, 'attention_head_size': 3, 'learning_rate': 0.0009364945920422779}. Best is trial 1 with value: 12.310574531555176.
[I 2023-12-27 11:22:36,864] Trial 23 finished with value: 52.88701248168945 and parameters: {'gradient_clip_val': 0.25129511233218793, 'hidden_size': 26, 'dropout': 0.49679464129952783, 'hidden_continuous_size': 10, 'attention_head_size': 4, 'learning_rate': 0.0016364987578662774}. Best is trial 1 with value: 12.310574531555176.
[I 2023-12-27 11:22:37,232] Trial 24 finished with value: 72.30582427978516 and parameters: {'gradient_clip_val': 0.3513807462043749, 'hidden_size': 12, 'dropout': 0.39260119924837517, 'hidden_continuous_size': 6, 'attention_head_size': 3, 'learning_rate': 0.000548071936606649}. Best is trial 1 with value: 12.310574531555176.
[I 2023-12-27 11:22:37,631] Trial 25 finished with value: 52.85804748535156 and parameters: {'gradient_clip_val': 0.507055761693257, 'hidden_size': 41, 'dropout': 0.30262178943061946, 'hidden_continuous_size': 13, 'attention_head_size': 2, 'learning_rate': 0.0008716083087738906}. Best is trial 1 with value: 12.310574531555176.
[I 2023-12-27 11:22:38,020] Trial 26 finished with value: 54.528934478759766 and parameters: {'gradient_clip_val': 0.2768625638943306, 'hidden_size': 27, 'dropout': 0.42984968651714595, 'hidden_continuous_size': 9, 'attention_head_size': 3, 'learning_rate': 0.0005052979078852582}. Best is trial 1 with value: 12.310574531555176.
[I 2023-12-27 11:22:38,406] Trial 27 finished with value: 57.910552978515625 and parameters: {'gradient_clip_val': 0.22296827874030015, 'hidden_size': 19, 'dropout': 0.3506673148720566, 'hidden_continuous_size': 8, 'attention_head_size': 2, 'learning_rate': 0.0029766754810158116}. Best is trial 1 with value: 12.310574531555176.
[I 2023-12-27 11:22:38,793] Trial 28 finished with value: 65.53378295898438 and parameters: {'gradient_clip_val': 0.3794376479381174, 'hidden_size': 33, 'dropout': 0.30265374723102484, 'hidden_continuous_size': 12, 'attention_head_size': 4, 'learning_rate': 0.0013787636457059304}. Best is trial 1 with value: 12.310574531555176.
[I 2023-12-27 11:22:39,375] Trial 29 finished with value: 72.37751007080078 and parameters: {'gradient_clip_val': 0.31602368695211513, 'hidden_size': 119, 'dropout': 0.35228862453472465, 'hidden_continuous_size': 104, 'attention_head_size': 2, 'learning_rate': 0.0022239536494319434}. Best is trial 1 with value: 12.310574531555176.
[I 2023-12-27 11:22:39,913] Trial 30 finished with value: 50.28627014160156 and parameters: {'gradient_clip_val': 0.4369588947660779, 'hidden_size': 120, 'dropout': 0.40169211992637255, 'hidden_continuous_size': 27, 'attention_head_size': 3, 'learning_rate': 0.0015774332558557995}. Best is trial 1 with value: 12.310574531555176.
[I 2023-12-27 11:22:40,689] Trial 31 finished with value: 56.030521392822266 and parameters: {'gradient_clip_val': 0.43215528627932687, 'hidden_size': 128, 'dropout': 0.4012292819582387, 'hidden_continuous_size': 28, 'attention_head_size': 3, 'learning_rate': 0.0015726593323951484}. Best is trial 1 with value: 12.310574531555176.
[I 2023-12-27 11:22:41,186] Trial 32 finished with value: 64.99858856201172 and parameters: {'gradient_clip_val': 0.5403369604630265, 'hidden_size': 108, 'dropout': 0.382007486834437, 'hidden_continuous_size': 15, 'attention_head_size': 3, 'learning_rate': 0.0008130858983732665}. Best is trial 1 with value: 12.310574531555176.
[I 2023-12-27 11:22:41,669] Trial 33 finished with value: 65.03207397460938 and parameters: {'gradient_clip_val': 0.4469046111814013, 'hidden_size': 89, 'dropout': 0.4177451343230526, 'hidden_continuous_size': 41, 'attention_head_size': 2, 'learning_rate': 0.0021583062573291675}. Best is trial 1 with value: 12.310574531555176.
[I 2023-12-27 11:22:42,113] Trial 34 finished with value: 77.10587310791016 and parameters: {'gradient_clip_val': 0.35784238019877623, 'hidden_size': 68, 'dropout': 0.3695344783587387, 'hidden_continuous_size': 14, 'attention_head_size': 3, 'learning_rate': 0.0012891324228924358}. Best is trial 1 with value: 12.310574531555176.
[I 2023-12-27 11:22:42,598] Trial 35 finished with value: 61.80255126953125 and parameters: {'gradient_clip_val': 0.5460466165847128, 'hidden_size': 93, 'dropout': 0.4365830474309857, 'hidden_continuous_size': 18, 'attention_head_size': 4, 'learning_rate': 0.0019025249164052963}. Best is trial 1 with value: 12.310574531555176.
[I 2023-12-27 11:22:43,106] Trial 36 finished with value: 71.14968872070312 and parameters: {'gradient_clip_val': 0.43574861341549864, 'hidden_size': 120, 'dropout': 0.4514920673436363, 'hidden_continuous_size': 25, 'attention_head_size': 1, 'learning_rate': 0.0007511666501922659}. Best is trial 1 with value: 12.310574531555176.
[I 2023-12-27 11:22:43,703] Trial 37 finished with value: 60.57232666015625 and parameters: {'gradient_clip_val': 0.602331020731562, 'hidden_size': 143, 'dropout': 0.4063181199006345, 'hidden_continuous_size': 35, 'attention_head_size': 2, 'learning_rate': 0.0010965180111397524}. Best is trial 1 with value: 12.310574531555176.
[I 2023-12-27 11:22:44,190] Trial 38 finished with value: 82.61817169189453 and parameters: {'gradient_clip_val': 0.115646989191266, 'hidden_size': 93, 'dropout': 0.3329836699029009, 'hidden_continuous_size': 18, 'attention_head_size': 4, 'learning_rate': 0.0006629023501496618}. Best is trial 1 with value: 12.310574531555176.
[I 2023-12-27 11:22:44,574] Trial 39 finished with value: 58.00545120239258 and parameters: {'gradient_clip_val': 0.4857797875269868, 'hidden_size': 10, 'dropout': 0.3589966975951679, 'hidden_continuous_size': 7, 'attention_head_size': 3, 'learning_rate': 0.041709423793685016}. Best is trial 1 with value: 12.310574531555176.
[I 2023-12-27 11:22:45,030] Trial 40 finished with value: 52.37320327758789 and parameters: {'gradient_clip_val': 0.7113680656552538, 'hidden_size': 73, 'dropout': 0.38838693978054833, 'hidden_continuous_size': 24, 'attention_head_size': 1, 'learning_rate': 0.0026166372024349974}. Best is trial 1 with value: 12.310574531555176.
[I 2023-12-27 11:22:45,479] Trial 41 finished with value: 58.09719467163086 and parameters: {'gradient_clip_val': 0.7406736351460772, 'hidden_size': 77, 'dropout': 0.38200336783794736, 'hidden_continuous_size': 22, 'attention_head_size': 1, 'learning_rate': 0.001595596540268727}. Best is trial 1 with value: 12.310574531555176.
[I 2023-12-27 11:22:45,965] Trial 42 finished with value: 65.00875854492188 and parameters: {'gradient_clip_val': 0.6435620676738248, 'hidden_size': 101, 'dropout': 0.32257556126565556, 'hidden_continuous_size': 32, 'attention_head_size': 1, 'learning_rate': 0.002814262792194133}. Best is trial 1 with value: 12.310574531555176.
[I 2023-12-27 11:22:46,385] Trial 43 finished with value: 72.95848846435547 and parameters: {'gradient_clip_val': 0.5508969026681001, 'hidden_size': 53, 'dropout': 0.3836204376133202, 'hidden_continuous_size': 25, 'attention_head_size': 1, 'learning_rate': 0.0010402869100847355}. Best is trial 1 with value: 12.310574531555176.
[I 2023-12-27 11:22:46,814] Trial 44 finished with value: 57.5869026184082 and parameters: {'gradient_clip_val': 0.7685008999112136, 'hidden_size': 66, 'dropout': 0.36098881198216287, 'hidden_continuous_size': 20, 'attention_head_size': 1, 'learning_rate': 0.0019667920882715426}. Best is trial 1 with value: 12.310574531555176.
[I 2023-12-27 11:22:47,578] Trial 45 finished with value: 68.36119842529297 and parameters: {'gradient_clip_val': 0.4105139697179746, 'hidden_size': 108, 'dropout': 0.3994656113355782, 'hidden_continuous_size': 50, 'attention_head_size': 1, 'learning_rate': 0.00465317542255144}. Best is trial 1 with value: 12.310574531555176.
[I 2023-12-27 11:22:48,020] Trial 46 finished with value: 59.12452697753906 and parameters: {'gradient_clip_val': 0.8069603152050303, 'hidden_size': 80, 'dropout': 0.3344630998092867, 'hidden_continuous_size': 16, 'attention_head_size': 2, 'learning_rate': 0.002567326386008029}. Best is trial 1 with value: 12.310574531555176.
[I 2023-12-27 11:22:48,443] Trial 47 finished with value: 54.361572265625 and parameters: {'gradient_clip_val': 0.6669692144861751, 'hidden_size': 45, 'dropout': 0.2888125418706989, 'hidden_continuous_size': 11, 'attention_head_size': 2, 'learning_rate': 0.0012545348775840049}. Best is trial 1 with value: 12.310574531555176.
[I 2023-12-27 11:22:48,900] Trial 48 finished with value: 51.738861083984375 and parameters: {'gradient_clip_val': 0.6086471375415522, 'hidden_size': 63, 'dropout': 0.23382419020003145, 'hidden_continuous_size': 26, 'attention_head_size': 1, 'learning_rate': 0.000960138691471091}. Best is trial 1 with value: 12.310574531555176.
