[I 2023-12-27 11:19:12,650] Trial 12 finished with value: 3.8865621089935303 and parameters: {'gradient_clip_val': 0.4799145613235443, 'hidden_size': 7, 'dropout': 0.11055818915137372, 'hidden_continuous_size': 5, 'attention_head_size': 2, 'learning_rate': 0.03349685934370304}. Best is trial 0 with value: 0.09305303543806076.
[I 2023-12-27 11:19:13,032] Trial 13 finished with value: 4.753298282623291 and parameters: {'gradient_clip_val': 0.4374091766953501, 'hidden_size': 9, 'dropout': 0.3693089524792155, 'hidden_continuous_size': 5, 'attention_head_size': 2, 'learning_rate': 0.014343760825658462}. Best is trial 0 with value: 0.09305303543806076.
[I 2023-12-27 11:19:13,443] Trial 14 finished with value: 4.492854118347168 and parameters: {'gradient_clip_val': 0.6792400354721845, 'hidden_size': 14, 'dropout': 0.2646243641704011, 'hidden_continuous_size': 10, 'attention_head_size': 4, 'learning_rate': 0.037282985867316265}. Best is trial 0 with value: 0.09305303543806076.
[I 2023-12-27 11:19:13,823] Trial 15 finished with value: 3.6513049602508545 and parameters: {'gradient_clip_val': 0.37426236474487107, 'hidden_size': 6, 'dropout': 0.36216891043383365, 'hidden_continuous_size': 5, 'attention_head_size': 3, 'learning_rate': 0.011680480198542887}. Best is trial 0 with value: 0.09305303543806076.
[I 2023-12-27 11:19:14,194] Trial 16 finished with value: 3.1756227016448975 and parameters: {'gradient_clip_val': 0.20739530560856861, 'hidden_size': 8, 'dropout': 0.2824603272093318, 'hidden_continuous_size': 6, 'attention_head_size': 2, 'learning_rate': 0.052209230030396576}. Best is trial 0 with value: 0.09305303543806076.
[I 2023-12-27 11:19:14,593] Trial 17 finished with value: 3.464616537094116 and parameters: {'gradient_clip_val': 0.10683476096396204, 'hidden_size': 13, 'dropout': 0.3813600706650688, 'hidden_continuous_size': 9, 'attention_head_size': 4, 'learning_rate': 0.02240082585630817}. Best is trial 0 with value: 0.09305303543806076.
[I 2023-12-27 11:19:14,941] Trial 18 finished with value: 4.267343044281006 and parameters: {'gradient_clip_val': 0.3433067165204769, 'hidden_size': 5, 'dropout': 0.31360334019174524, 'hidden_continuous_size': 5, 'attention_head_size': 3, 'learning_rate': 0.04773768947178648}. Best is trial 0 with value: 0.09305303543806076.
[I 2023-12-27 11:19:15,324] Trial 19 finished with value: 3.8407716751098633 and parameters: {'gradient_clip_val': 0.5483457602813407, 'hidden_size': 8, 'dropout': 0.47322049123778187, 'hidden_continuous_size': 6, 'attention_head_size': 4, 'learning_rate': 0.01099261651940052}. Best is trial 0 with value: 0.09305303543806076.
[I 2023-12-27 11:19:15,714] Trial 20 finished with value: 3.179973840713501 and parameters: {'gradient_clip_val': 0.8225017222966463, 'hidden_size': 18, 'dropout': 0.2723363396031489, 'hidden_continuous_size': 11, 'attention_head_size': 3, 'learning_rate': 0.02306552117346473}. Best is trial 0 with value: 0.09305303543806076.
[I 2023-12-27 11:19:16,122] Trial 21 finished with value: 3.595677614212036 and parameters: {'gradient_clip_val': 0.9670564482451809, 'hidden_size': 26, 'dropout': 0.3353965464415071, 'hidden_continuous_size': 12, 'attention_head_size': 3, 'learning_rate': 0.0005802644569354278}. Best is trial 0 with value: 0.09305303543806076.
[I 2023-12-27 11:19:16,515] Trial 22 finished with value: 4.100347518920898 and parameters: {'gradient_clip_val': 0.7129142158014627, 'hidden_size': 13, 'dropout': 0.3300425476805092, 'hidden_continuous_size': 8, 'attention_head_size': 2, 'learning_rate': 0.0006130503669303203}. Best is trial 0 with value: 0.09305303543806076.
[I 2023-12-27 11:19:17,155] Trial 23 finished with value: 3.2310731410980225 and parameters: {'gradient_clip_val': 0.9846249183389567, 'hidden_size': 24, 'dropout': 0.2903696376058422, 'hidden_continuous_size': 8, 'attention_head_size': 3, 'learning_rate': 0.0011720009578483099}. Best is trial 0 with value: 0.09305303543806076.
[I 2023-12-27 11:19:17,552] Trial 24 finished with value: 4.504645347595215 and parameters: {'gradient_clip_val': 0.5552572871128568, 'hidden_size': 10, 'dropout': 0.3168448887568764, 'hidden_continuous_size': 8, 'attention_head_size': 3, 'learning_rate': 0.007414864884737588}. Best is trial 0 with value: 0.09305303543806076.
[I 2023-12-27 11:19:17,933] Trial 25 finished with value: 2.978543996810913 and parameters: {'gradient_clip_val': 0.8126563197273683, 'hidden_size': 16, 'dropout': 0.38699999910733907, 'hidden_continuous_size': 7, 'attention_head_size': 4, 'learning_rate': 0.0011004787488247136}. Best is trial 0 with value: 0.09305303543806076.
[I 2023-12-27 11:19:18,316] Trial 26 finished with value: 3.2274169921875 and parameters: {'gradient_clip_val': 0.7624821486748764, 'hidden_size': 7, 'dropout': 0.39736667843675, 'hidden_continuous_size': 5, 'attention_head_size': 4, 'learning_rate': 0.018033439748017313}. Best is trial 0 with value: 0.09305303543806076.
[I 2023-12-27 11:19:18,706] Trial 27 finished with value: 3.8101608753204346 and parameters: {'gradient_clip_val': 0.6038887985496715, 'hidden_size': 11, 'dropout': 0.3599382671036353, 'hidden_continuous_size': 7, 'attention_head_size': 4, 'learning_rate': 0.011260394160846121}. Best is trial 0 with value: 0.09305303543806076.
[I 2023-12-27 11:19:19,094] Trial 28 finished with value: 2.9329957962036133 and parameters: {'gradient_clip_val': 0.5153860162468155, 'hidden_size': 16, 'dropout': 0.3886425741242228, 'hidden_continuous_size': 9, 'attention_head_size': 4, 'learning_rate': 0.06156518760833427}. Best is trial 0 with value: 0.09305303543806076.
[I 2023-12-27 11:19:19,484] Trial 29 finished with value: 3.8015363216400146 and parameters: {'gradient_clip_val': 0.37367448586801894, 'hidden_size': 11, 'dropout': 0.30727795440170147, 'hidden_continuous_size': 9, 'attention_head_size': 4, 'learning_rate': 0.061259326523354585}. Best is trial 0 with value: 0.09305303543806076.
[I 2023-12-27 11:19:19,878] Trial 30 finished with value: 4.1360764503479 and parameters: {'gradient_clip_val': 0.4721250411113905, 'hidden_size': 13, 'dropout': 0.34420619471417363, 'hidden_continuous_size': 9, 'attention_head_size': 4, 'learning_rate': 0.03352002544196911}. Best is trial 0 with value: 0.09305303543806076.
[I 2023-12-27 11:19:20,260] Trial 31 finished with value: 3.696104049682617 and parameters: {'gradient_clip_val': 0.7232113723810061, 'hidden_size': 16, 'dropout': 0.408139451419821, 'hidden_continuous_size': 7, 'attention_head_size': 4, 'learning_rate': 0.06653908328640734}. Best is trial 0 with value: 0.09305303543806076.
[I 2023-12-27 11:19:20,662] Trial 32 finished with value: 3.445563554763794 and parameters: {'gradient_clip_val': 0.5303967504026924, 'hidden_size': 21, 'dropout': 0.3975108965927144, 'hidden_continuous_size': 12, 'attention_head_size': 4, 'learning_rate': 0.041582952414118905}. Best is trial 0 with value: 0.09305303543806076.
[I 2023-12-27 11:19:21,046] Trial 33 finished with value: 4.922550201416016 and parameters: {'gradient_clip_val': 0.6486876915839923, 'hidden_size': 16, 'dropout': 0.42539242676228994, 'hidden_continuous_size': 7, 'attention_head_size': 4, 'learning_rate': 0.08735652655525968}. Best is trial 0 with value: 0.09305303543806076.
[I 2023-12-27 11:19:21,449] Trial 34 finished with value: 3.470227003097534 and parameters: {'gradient_clip_val': 0.7840586133802002, 'hidden_size': 11, 'dropout': 0.48767246948599596, 'hidden_continuous_size': 6, 'attention_head_size': 3, 'learning_rate': 0.026950694638582216}. Best is trial 0 with value: 0.09305303543806076.
[I 2023-12-27 11:19:22,093] Trial 35 finished with value: 5.320384979248047 and parameters: {'gradient_clip_val': 0.3123083181798205, 'hidden_size': 21, 'dropout': 0.38017068109101293, 'hidden_continuous_size': 11, 'attention_head_size': 4, 'learning_rate': 0.055481326646809985}. Best is trial 0 with value: 0.09305303543806076.
[I 2023-12-27 11:19:22,480] Trial 36 finished with value: 2.9509589672088623 and parameters: {'gradient_clip_val': 0.5939862100086735, 'hidden_size': 15, 'dropout': 0.43528744221878546, 'hidden_continuous_size': 9, 'attention_head_size': 3, 'learning_rate': 0.0022234923498709504}. Best is trial 0 with value: 0.09305303543806076.
[I 2023-12-27 11:19:22,884] Trial 37 finished with value: 4.00300931930542 and parameters: {'gradient_clip_val': 0.3937320260484069, 'hidden_size': 33, 'dropout': 0.42508252173959565, 'hidden_continuous_size': 15, 'attention_head_size': 3, 'learning_rate': 0.09985121341614142}. Best is trial 0 with value: 0.09305303543806076.
[I 2023-12-27 11:19:23,266] Trial 38 finished with value: 3.211888074874878 and parameters: {'gradient_clip_val': 0.5066305260327949, 'hidden_size': 9, 'dropout': 0.4510245567236911, 'hidden_continuous_size': 6, 'attention_head_size': 2, 'learning_rate': 0.004960137611622336}. Best is trial 0 with value: 0.09305303543806076.
[I 2023-12-27 11:19:23,638] Trial 39 finished with value: 4.25059700012207 and parameters: {'gradient_clip_val': 0.5958874501333944, 'hidden_size': 12, 'dropout': 0.3531550430642362, 'hidden_continuous_size': 9, 'attention_head_size': 3, 'learning_rate': 0.0024122475660321076}. Best is trial 0 with value: 0.09305303543806076.
[I 2023-12-27 11:19:24,032] Trial 40 finished with value: 3.2966525554656982 and parameters: {'gradient_clip_val': 0.2677197751744768, 'hidden_size': 21, 'dropout': 0.2992662198582053, 'hidden_continuous_size': 10, 'attention_head_size': 3, 'learning_rate': 0.06496134491033512}. Best is trial 0 with value: 0.09305303543806076.
[I 2023-12-27 11:19:24,403] Trial 41 finished with value: 2.9232876300811768 and parameters: {'gradient_clip_val': 0.8567540118369428, 'hidden_size': 16, 'dropout': 0.4339205846486687, 'hidden_continuous_size': 8, 'attention_head_size': 4, 'learning_rate': 0.0018743126568612019}. Best is trial 0 with value: 0.09305303543806076.
[I 2023-12-27 11:19:24,794] Trial 42 finished with value: 3.5829524993896484 and parameters: {'gradient_clip_val': 0.6339753457310929, 'hidden_size': 15, 'dropout': 0.447343168111609, 'hidden_continuous_size': 9, 'attention_head_size': 4, 'learning_rate': 0.003283962578400511}. Best is trial 0 with value: 0.09305303543806076.
[I 2023-12-27 11:19:25,186] Trial 43 finished with value: 4.117358684539795 and parameters: {'gradient_clip_val': 0.45049765069074194, 'hidden_size': 18, 'dropout': 0.41443479904358643, 'hidden_continuous_size': 8, 'attention_head_size': 3, 'learning_rate': 0.005180045705960873}. Best is trial 0 with value: 0.09305303543806076.
[I 2023-12-27 11:19:25,593] Trial 44 finished with value: 3.969165802001953 and parameters: {'gradient_clip_val': 0.5034674907739793, 'hidden_size': 14, 'dropout': 0.4687171414381396, 'hidden_continuous_size': 10, 'attention_head_size': 4, 'learning_rate': 0.07341697198160307}. Best is trial 0 with value: 0.09305303543806076.
[I 2023-12-27 11:19:25,978] Trial 45 finished with value: 3.8218777179718018 and parameters: {'gradient_clip_val': 0.5636157520884573, 'hidden_size': 12, 'dropout': 0.4289108935889311, 'hidden_continuous_size': 8, 'attention_head_size': 2, 'learning_rate': 0.04663526916601423}. Best is trial 0 with value: 0.09305303543806076.
[I 2023-12-27 11:19:26,386] Trial 46 finished with value: 3.3858726024627686 and parameters: {'gradient_clip_val': 0.6928195230051749, 'hidden_size': 31, 'dropout': 0.49698374232662146, 'hidden_continuous_size': 13, 'attention_head_size': 4, 'learning_rate': 0.029694969758011898}. Best is trial 0 with value: 0.09305303543806076.
[I 2023-12-27 11:19:26,780] Trial 47 finished with value: 3.93497371673584 and parameters: {'gradient_clip_val': 0.8827383050171619, 'hidden_size': 10, 'dropout': 0.23660965465463474, 'hidden_continuous_size': 8, 'attention_head_size': 1, 'learning_rate': 0.03734653623670288}. Best is trial 0 with value: 0.09305303543806076.
[I 2023-12-27 11:19:27,168] Trial 48 finished with value: 3.705719232559204 and parameters: {'gradient_clip_val': 0.40622356562580664, 'hidden_size': 18, 'dropout': 0.3735236947828472, 'hidden_continuous_size': 10, 'attention_head_size': 3, 'learning_rate': 0.008467223723222873}. Best is trial 0 with value: 0.09305303543806076.
[I 2023-12-27 11:19:27,841] Trial 49 finished with value: 3.5388383865356445 and parameters: {'gradient_clip_val': 0.5044212410933956, 'hidden_size': 40, 'dropout': 0.2606128085967172, 'hidden_continuous_size': 16, 'attention_head_size': 4, 'learning_rate': 0.002356915695812416}. Best is trial 0 with value: 0.09305303543806076.
[I 2023-12-27 11:19:27,956] A new study created in memory with name: no-name-eabcc0f6-0ea6-4e5b-9ec7-391dcd8b68d8
/home/le004/conda/anaconda3/envs/tsff_env/lib/python3.9/site-packages/lightning/fabric/plugins/environments/slurm.py:191: The `srun` command is available on your system but is not used. HINT: If your intention is to run Lightning on SLURM, prepend your python command with `srun` like so: srun python /home/le004/master_thesis/git/TSFusionForecast/code/ ...
[I 2023-12-27 11:19:55,894] Trial 0 finished with value: 0.28695663809776306 and parameters: {'gradient_clip_val': 0.7263517848531792, 'hidden_size': 5, 'dropout': 0.17298737256586127, 'hidden_continuous_size': 5, 'attention_head_size': 3, 'learning_rate': 0.018045273228980814}. Best is trial 0 with value: 0.28695663809776306.
[I 2023-12-27 11:20:06,966] Trial 1 finished with value: 1.669925332069397 and parameters: {'gradient_clip_val': 0.20624669026252904, 'hidden_size': 22, 'dropout': 0.3939144395709119, 'hidden_continuous_size': 17, 'attention_head_size': 2, 'learning_rate': 0.0025191054327842566}. Best is trial 0 with value: 0.28695663809776306.
[I 2023-12-27 11:20:07,280] Trial 2 finished with value: 3.1419551372528076 and parameters: {'gradient_clip_val': 0.6865884808767851, 'hidden_size': 5, 'dropout': 0.16920216964896656, 'hidden_continuous_size': 5, 'attention_head_size': 3, 'learning_rate': 0.07665951299262944}. Best is trial 0 with value: 0.28695663809776306.
[I 2023-12-27 11:20:07,646] Trial 3 finished with value: 3.7707698345184326 and parameters: {'gradient_clip_val': 0.19213384844172865, 'hidden_size': 21, 'dropout': 0.23872546817171997, 'hidden_continuous_size': 8, 'attention_head_size': 3, 'learning_rate': 0.037750670132435375}. Best is trial 0 with value: 0.28695663809776306.
[I 2023-12-27 11:20:08,080] Trial 4 finished with value: 2.87383770942688 and parameters: {'gradient_clip_val': 0.12116069979791946, 'hidden_size': 58, 'dropout': 0.19757847102826026, 'hidden_continuous_size': 38, 'attention_head_size': 2, 'learning_rate': 0.00876586649391358}. Best is trial 0 with value: 0.28695663809776306.
[I 2023-12-27 11:20:08,396] Trial 5 finished with value: 3.1556155681610107 and parameters: {'gradient_clip_val': 0.178225870308086, 'hidden_size': 5, 'dropout': 0.46640113357865365, 'hidden_continuous_size': 5, 'attention_head_size': 4, 'learning_rate': 0.07065085646360147}. Best is trial 0 with value: 0.28695663809776306.
[I 2023-12-27 11:20:08,749] Trial 6 finished with value: 3.284217596054077 and parameters: {'gradient_clip_val': 0.19883520436398705, 'hidden_size': 13, 'dropout': 0.20427671571668246, 'hidden_continuous_size': 7, 'attention_head_size': 1, 'learning_rate': 0.0024710539015793814}. Best is trial 0 with value: 0.28695663809776306.
[I 2023-12-27 11:20:09,106] Trial 7 finished with value: 3.6160659790039062 and parameters: {'gradient_clip_val': 0.3556727374892754, 'hidden_size': 10, 'dropout': 0.13868486392028287, 'hidden_continuous_size': 5, 'attention_head_size': 4, 'learning_rate': 0.0008421333563298309}. Best is trial 0 with value: 0.28695663809776306.
[I 2023-12-27 11:20:09,447] Trial 8 finished with value: 3.176987886428833 and parameters: {'gradient_clip_val': 0.286541843556449, 'hidden_size': 16, 'dropout': 0.30144429495767416, 'hidden_continuous_size': 13, 'attention_head_size': 4, 'learning_rate': 0.017294220790100397}. Best is trial 0 with value: 0.28695663809776306.
[I 2023-12-27 11:20:10,126] Trial 9 finished with value: 2.798079252243042 and parameters: {'gradient_clip_val': 0.22627879940860562, 'hidden_size': 88, 'dropout': 0.2665057538815473, 'hidden_continuous_size': 46, 'attention_head_size': 1, 'learning_rate': 0.007578147809306033}. Best is trial 0 with value: 0.28695663809776306.
[I 2023-12-27 11:20:10,530] Trial 10 finished with value: 3.7830874919891357 and parameters: {'gradient_clip_val': 0.9900104321239793, 'hidden_size': 43, 'dropout': 0.10270888973034002, 'hidden_continuous_size': 9, 'attention_head_size': 3, 'learning_rate': 0.022351516533748787}. Best is trial 0 with value: 0.28695663809776306.
[I 2023-12-27 11:20:10,922] Trial 11 finished with value: 4.2835564613342285 and parameters: {'gradient_clip_val': 0.47350217486776514, 'hidden_size': 30, 'dropout': 0.35001515591771015, 'hidden_continuous_size': 16, 'attention_head_size': 2, 'learning_rate': 0.0028388034890923855}. Best is trial 0 with value: 0.28695663809776306.
[I 2023-12-27 11:20:11,504] Trial 12 finished with value: 3.0853137969970703 and parameters: {'gradient_clip_val': 0.44564281021766305, 'hidden_size': 116, 'dropout': 0.3743359980046761, 'hidden_continuous_size': 111, 'attention_head_size': 2, 'learning_rate': 0.0034491697505482813}. Best is trial 0 with value: 0.28695663809776306.
[I 2023-12-27 11:20:11,872] Trial 13 finished with value: 3.420330762863159 and parameters: {'gradient_clip_val': 0.6568418738869664, 'hidden_size': 9, 'dropout': 0.4382217305222845, 'hidden_continuous_size': 5, 'attention_head_size': 2, 'learning_rate': 0.0005618893168240058}. Best is trial 0 with value: 0.28695663809776306.
[I 2023-12-27 11:20:12,259] Trial 14 finished with value: 3.1140787601470947 and parameters: {'gradient_clip_val': 0.10353108352996247, 'hidden_size': 32, 'dropout': 0.389049752773562, 'hidden_continuous_size': 7, 'attention_head_size': 3, 'learning_rate': 0.01270485523506558}. Best is trial 0 with value: 0.28695663809776306.
[I 2023-12-27 11:20:12,641] Trial 15 finished with value: 3.6185007095336914 and parameters: {'gradient_clip_val': 0.2732440110422238, 'hidden_size': 22, 'dropout': 0.31769861139829936, 'hidden_continuous_size': 6, 'attention_head_size': 1, 'learning_rate': 0.004513016393879991}. Best is trial 0 with value: 0.28695663809776306.
[I 2023-12-27 11:20:13,013] Trial 16 finished with value: 4.132469177246094 and parameters: {'gradient_clip_val': 0.35788420790112896, 'hidden_size': 8, 'dropout': 0.2594637832395147, 'hidden_continuous_size': 5, 'attention_head_size': 2, 'learning_rate': 0.0014830667040640407}. Best is trial 0 with value: 0.28695663809776306.
[I 2023-12-27 11:20:13,396] Trial 17 finished with value: 3.59224534034729 and parameters: {'gradient_clip_val': 0.1338985709738146, 'hidden_size': 14, 'dropout': 0.49702431075226394, 'hidden_continuous_size': 6, 'attention_head_size': 3, 'learning_rate': 0.005374262658926147}. Best is trial 0 with value: 0.28695663809776306.
[I 2023-12-27 11:20:13,760] Trial 18 finished with value: 3.365163803100586 and parameters: {'gradient_clip_val': 0.14916751984724624, 'hidden_size': 7, 'dropout': 0.42180753899100304, 'hidden_continuous_size': 5, 'attention_head_size': 2, 'learning_rate': 0.0016624819402103958}. Best is trial 0 with value: 0.28695663809776306.
[I 2023-12-27 11:20:14,145] Trial 19 finished with value: 5.0381293296813965 and parameters: {'gradient_clip_val': 0.24765642484836012, 'hidden_size': 17, 'dropout': 0.32633251878656366, 'hidden_continuous_size': 6, 'attention_head_size': 3, 'learning_rate': 0.009237699820863515}. Best is trial 0 with value: 0.28695663809776306.
[I 2023-12-27 11:20:14,526] Trial 20 finished with value: 4.056995868682861 and parameters: {'gradient_clip_val': 0.31615136049940346, 'hidden_size': 12, 'dropout': 0.3694678443971766, 'hidden_continuous_size': 6, 'attention_head_size': 4, 'learning_rate': 0.027747316805318348}. Best is trial 0 with value: 0.28695663809776306.
[I 2023-12-27 11:20:14,968] Trial 21 finished with value: 3.051865339279175 and parameters: {'gradient_clip_val': 0.22664485800016398, 'hidden_size': 72, 'dropout': 0.26363000781265733, 'hidden_continuous_size': 25, 'attention_head_size': 1, 'learning_rate': 0.0065701597734605915}. Best is trial 0 with value: 0.28695663809776306.
[I 2023-12-27 11:20:15,773] Trial 22 finished with value: 3.146313428878784 and parameters: {'gradient_clip_val': 0.22851711203675534, 'hidden_size': 128, 'dropout': 0.2806624977317196, 'hidden_continuous_size': 45, 'attention_head_size': 1, 'learning_rate': 0.012398939244713374}. Best is trial 0 with value: 0.28695663809776306.
[I 2023-12-27 11:20:16,166] Trial 23 finished with value: 3.474297523498535 and parameters: {'gradient_clip_val': 0.15917981512812956, 'hidden_size': 36, 'dropout': 0.22683224816968683, 'hidden_continuous_size': 10, 'attention_head_size': 1, 'learning_rate': 0.005977702604584644}. Best is trial 0 with value: 0.28695663809776306.
[I 2023-12-27 11:20:16,537] Trial 24 finished with value: 3.192331552505493 and parameters: {'gradient_clip_val': 0.19515563345055176, 'hidden_size': 24, 'dropout': 0.30016041036151286, 'hidden_continuous_size': 12, 'attention_head_size': 1, 'learning_rate': 0.0037525196079655388}. Best is trial 0 with value: 0.28695663809776306.
[I 2023-12-27 11:20:16,961] Trial 25 finished with value: 3.3418948650360107 and parameters: {'gradient_clip_val': 0.24101768440963017, 'hidden_size': 45, 'dropout': 0.33902933136010127, 'hidden_continuous_size': 17, 'attention_head_size': 2, 'learning_rate': 0.007551424769360842}. Best is trial 0 with value: 0.28695663809776306.
[I 2023-12-27 11:20:17,431] Trial 26 finished with value: 3.5172367095947266 and parameters: {'gradient_clip_val': 0.16009025519913428, 'hidden_size': 76, 'dropout': 0.2718941245831418, 'hidden_continuous_size': 22, 'attention_head_size': 3, 'learning_rate': 0.01345062664427808}. Best is trial 0 with value: 0.28695663809776306.
