[I 2023-12-27 11:13:27,709] Trial 48 finished with value: 16.421682357788086 and parameters: {'gradient_clip_val': 0.7178904246555937, 'hidden_size': 15, 'dropout': 0.28243543643870744, 'hidden_continuous_size': 9, 'attention_head_size': 3, 'learning_rate': 0.004611912880489155}. Best is trial 0 with value: 5.395663738250732.
LOCAL_RANK: 0 - CUDA_VISIBLE_DEVICES: [0]
[I 2023-12-27 11:13:28,425] Trial 49 finished with value: 22.500600814819336 and parameters: {'gradient_clip_val': 0.15511246344521132, 'hidden_size': 9, 'dropout': 0.1333005479179285, 'hidden_continuous_size': 6, 'attention_head_size': 2, 'learning_rate': 0.010326013772928716}. Best is trial 0 with value: 5.395663738250732.
[I 2023-12-27 11:13:28,553] A new study created in memory with name: no-name-e652781e-e786-4171-8e34-71a589baef15
/home/le004/conda/anaconda3/envs/tsff_env/lib/python3.9/site-packages/lightning/fabric/plugins/environments/slurm.py:191: The `srun` command is available on your system but is not used. HINT: If your intention is to run Lightning on SLURM, prepend your python command with `srun` like so: srun python /home/le004/master_thesis/git/TSFusionForecast/code/ ...
LOCAL_RANK: 0 - CUDA_VISIBLE_DEVICES: [0]
[I 2023-12-27 11:14:00,626] Trial 0 finished with value: 17.876623153686523 and parameters: {'gradient_clip_val': 0.29170239911860774, 'hidden_size': 53, 'dropout': 0.34076268354035155, 'hidden_continuous_size': 29, 'attention_head_size': 1, 'learning_rate': 0.0009264731800683006}. Best is trial 0 with value: 17.876623153686523.
LOCAL_RANK: 0 - CUDA_VISIBLE_DEVICES: [0]
[I 2023-12-27 11:14:28,593] Trial 1 finished with value: 15.293144226074219 and parameters: {'gradient_clip_val': 0.39311199341122366, 'hidden_size': 28, 'dropout': 0.316078518418649, 'hidden_continuous_size': 7, 'attention_head_size': 2, 'learning_rate': 0.01201081612389988}. Best is trial 1 with value: 15.293144226074219.
LOCAL_RANK: 0 - CUDA_VISIBLE_DEVICES: [0]
[I 2023-12-27 11:14:29,131] Trial 2 finished with value: 60.48848342895508 and parameters: {'gradient_clip_val': 0.8566129923458, 'hidden_size': 80, 'dropout': 0.38065887678399324, 'hidden_continuous_size': 26, 'attention_head_size': 1, 'learning_rate': 0.09506481503712867}. Best is trial 1 with value: 15.293144226074219.
LOCAL_RANK: 0 - CUDA_VISIBLE_DEVICES: [0]
[I 2023-12-27 11:14:29,680] Trial 3 finished with value: 60.20772933959961 and parameters: {'gradient_clip_val': 0.5082349928798492, 'hidden_size': 77, 'dropout': 0.3485390409246859, 'hidden_continuous_size': 42, 'attention_head_size': 4, 'learning_rate': 0.011372923522117839}. Best is trial 1 with value: 15.293144226074219.
LOCAL_RANK: 0 - CUDA_VISIBLE_DEVICES: [0]
[I 2023-12-27 11:14:30,168] Trial 4 finished with value: 63.35462951660156 and parameters: {'gradient_clip_val': 0.12913345311983546, 'hidden_size': 22, 'dropout': 0.29573882095221543, 'hidden_continuous_size': 9, 'attention_head_size': 4, 'learning_rate': 0.013344497838600436}. Best is trial 1 with value: 15.293144226074219.
LOCAL_RANK: 0 - CUDA_VISIBLE_DEVICES: [0]
[I 2023-12-27 11:14:30,709] Trial 5 finished with value: 49.140838623046875 and parameters: {'gradient_clip_val': 0.12741501020449045, 'hidden_size': 97, 'dropout': 0.11467047709505801, 'hidden_continuous_size': 35, 'attention_head_size': 2, 'learning_rate': 0.0012054131163488093}. Best is trial 1 with value: 15.293144226074219.
LOCAL_RANK: 0 - CUDA_VISIBLE_DEVICES: [0]
[I 2023-12-27 11:14:31,255] Trial 6 finished with value: 55.851654052734375 and parameters: {'gradient_clip_val': 0.17384089534761984, 'hidden_size': 79, 'dropout': 0.19064005818222945, 'hidden_continuous_size': 69, 'attention_head_size': 1, 'learning_rate': 0.021526091964159562}. Best is trial 1 with value: 15.293144226074219.
LOCAL_RANK: 0 - CUDA_VISIBLE_DEVICES: [0]
[I 2023-12-27 11:14:31,998] Trial 7 finished with value: 60.65947341918945 and parameters: {'gradient_clip_val': 0.42728541010727633, 'hidden_size': 6, 'dropout': 0.2677214151852091, 'hidden_continuous_size': 5, 'attention_head_size': 3, 'learning_rate': 0.001621181745686395}. Best is trial 1 with value: 15.293144226074219.
LOCAL_RANK: 0 - CUDA_VISIBLE_DEVICES: [0]
[I 2023-12-27 11:14:32,496] Trial 8 finished with value: 57.134586334228516 and parameters: {'gradient_clip_val': 0.10882694922877871, 'hidden_size': 14, 'dropout': 0.17620708678547042, 'hidden_continuous_size': 6, 'attention_head_size': 3, 'learning_rate': 0.0021032168035615066}. Best is trial 1 with value: 15.293144226074219.
LOCAL_RANK: 0 - CUDA_VISIBLE_DEVICES: [0]
[I 2023-12-27 11:14:32,979] Trial 9 finished with value: 61.80224609375 and parameters: {'gradient_clip_val': 0.29784083600041106, 'hidden_size': 7, 'dropout': 0.11985783924168421, 'hidden_continuous_size': 5, 'attention_head_size': 3, 'learning_rate': 0.009634317360844502}. Best is trial 1 with value: 15.293144226074219.
LOCAL_RANK: 0 - CUDA_VISIBLE_DEVICES: [0]
[I 2023-12-27 11:14:33,532] Trial 10 finished with value: 52.96613693237305 and parameters: {'gradient_clip_val': 0.9059049385840383, 'hidden_size': 38, 'dropout': 0.45899997885866056, 'hidden_continuous_size': 10, 'attention_head_size': 2, 'learning_rate': 0.004085201237680156}. Best is trial 1 with value: 15.293144226074219.
LOCAL_RANK: 0 - CUDA_VISIBLE_DEVICES: [0]
[I 2023-12-27 11:14:34,084] Trial 11 finished with value: 50.06333541870117 and parameters: {'gradient_clip_val': 0.2524175996929396, 'hidden_size': 37, 'dropout': 0.37477226484433435, 'hidden_continuous_size': 15, 'attention_head_size': 1, 'learning_rate': 0.0005477555218614725}. Best is trial 1 with value: 15.293144226074219.
LOCAL_RANK: 0 - CUDA_VISIBLE_DEVICES: [0]
[I 2023-12-27 11:14:34,641] Trial 12 finished with value: 51.4747314453125 and parameters: {'gradient_clip_val': 0.2423480159381903, 'hidden_size': 43, 'dropout': 0.27686370264686655, 'hidden_continuous_size': 17, 'attention_head_size': 2, 'learning_rate': 0.000530341340835603}. Best is trial 1 with value: 15.293144226074219.
LOCAL_RANK: 0 - CUDA_VISIBLE_DEVICES: [0]
[I 2023-12-27 11:14:35,244] Trial 13 finished with value: 56.01812744140625 and parameters: {'gradient_clip_val': 0.4125057147803926, 'hidden_size': 127, 'dropout': 0.4554614705836512, 'hidden_continuous_size': 115, 'attention_head_size': 1, 'learning_rate': 0.003758324822392459}. Best is trial 1 with value: 15.293144226074219.
LOCAL_RANK: 0 - CUDA_VISIBLE_DEVICES: [0]
[I 2023-12-27 11:14:35,753] Trial 14 finished with value: 53.26798629760742 and parameters: {'gradient_clip_val': 0.19879656846141228, 'hidden_size': 17, 'dropout': 0.35479800699600966, 'hidden_continuous_size': 7, 'attention_head_size': 2, 'learning_rate': 0.00499167890317261}. Best is trial 1 with value: 15.293144226074219.
LOCAL_RANK: 0 - CUDA_VISIBLE_DEVICES: [0]
[I 2023-12-27 11:14:36,297] Trial 15 finished with value: 60.33534622192383 and parameters: {'gradient_clip_val': 0.3421232042446212, 'hidden_size': 48, 'dropout': 0.4121473209941378, 'hidden_continuous_size': 11, 'attention_head_size': 1, 'learning_rate': 0.02543418513315987}. Best is trial 1 with value: 15.293144226074219.
LOCAL_RANK: 0 - CUDA_VISIBLE_DEVICES: [0]
[I 2023-12-27 11:14:36,841] Trial 16 finished with value: 59.586700439453125 and parameters: {'gradient_clip_val': 0.5818616018460132, 'hidden_size': 27, 'dropout': 0.3215851328331687, 'hidden_continuous_size': 8, 'attention_head_size': 2, 'learning_rate': 0.006294608887302945}. Best is trial 1 with value: 15.293144226074219.
LOCAL_RANK: 0 - CUDA_VISIBLE_DEVICES: [0]
[I 2023-12-27 11:14:37,377] Trial 17 finished with value: 65.28993225097656 and parameters: {'gradient_clip_val': 0.33334510153527647, 'hidden_size': 51, 'dropout': 0.49327040963320495, 'hidden_continuous_size': 14, 'attention_head_size': 1, 'learning_rate': 0.0027160041668282454}. Best is trial 1 with value: 15.293144226074219.
LOCAL_RANK: 0 - CUDA_VISIBLE_DEVICES: [0]
[I 2023-12-27 11:14:37,870] Trial 18 finished with value: 74.78682708740234 and parameters: {'gradient_clip_val': 0.6497455775956384, 'hidden_size': 11, 'dropout': 0.26467860906623, 'hidden_continuous_size': 6, 'attention_head_size': 2, 'learning_rate': 0.0009560770051913549}. Best is trial 1 with value: 15.293144226074219.
LOCAL_RANK: 0 - CUDA_VISIBLE_DEVICES: [0]
[I 2023-12-27 11:14:38,385] Trial 19 finished with value: 58.82455062866211 and parameters: {'gradient_clip_val': 0.37687246519321504, 'hidden_size': 28, 'dropout': 0.3131613575057418, 'hidden_continuous_size': 8, 'attention_head_size': 3, 'learning_rate': 0.0028357233231785205}. Best is trial 1 with value: 15.293144226074219.
LOCAL_RANK: 0 - CUDA_VISIBLE_DEVICES: [0]
[I 2023-12-27 11:14:39,166] Trial 20 finished with value: 65.2576675415039 and parameters: {'gradient_clip_val': 0.2764353964761944, 'hidden_size': 60, 'dropout': 0.23302848928838488, 'hidden_continuous_size': 23, 'attention_head_size': 1, 'learning_rate': 0.0008590681772583554}. Best is trial 1 with value: 15.293144226074219.
LOCAL_RANK: 0 - CUDA_VISIBLE_DEVICES: [0]
[I 2023-12-27 11:14:39,739] Trial 21 finished with value: 55.04996109008789 and parameters: {'gradient_clip_val': 0.14946395123732206, 'hidden_size': 128, 'dropout': 0.11764316386143023, 'hidden_continuous_size': 35, 'attention_head_size': 2, 'learning_rate': 0.0015871950309185564}. Best is trial 1 with value: 15.293144226074219.
LOCAL_RANK: 0 - CUDA_VISIBLE_DEVICES: [0]
[I 2023-12-27 11:14:40,307] Trial 22 finished with value: 51.49496078491211 and parameters: {'gradient_clip_val': 0.2104538612765551, 'hidden_size': 100, 'dropout': 0.3274215379023509, 'hidden_continuous_size': 30, 'attention_head_size': 2, 'learning_rate': 0.0014117079522386374}. Best is trial 1 with value: 15.293144226074219.
LOCAL_RANK: 0 - CUDA_VISIBLE_DEVICES: [0]
[I 2023-12-27 11:14:40,875] Trial 23 finished with value: 59.28645706176758 and parameters: {'gradient_clip_val': 0.11098913506416988, 'hidden_size': 65, 'dropout': 0.23061487988635893, 'hidden_continuous_size': 20, 'attention_head_size': 2, 'learning_rate': 0.0009430639476220114}. Best is trial 1 with value: 15.293144226074219.
LOCAL_RANK: 0 - CUDA_VISIBLE_DEVICES: [0]
[I 2023-12-27 11:14:41,472] Trial 24 finished with value: 57.6439094543457 and parameters: {'gradient_clip_val': 0.1587169602156895, 'hidden_size': 148, 'dropout': 0.2987713789310861, 'hidden_continuous_size': 42, 'attention_head_size': 3, 'learning_rate': 0.002699095090651774}. Best is trial 1 with value: 15.293144226074219.
LOCAL_RANK: 0 - CUDA_VISIBLE_DEVICES: [0]
[I 2023-12-27 11:14:42,037] Trial 25 finished with value: 55.53386306762695 and parameters: {'gradient_clip_val': 0.2253721435117648, 'hidden_size': 102, 'dropout': 0.16379506035761435, 'hidden_continuous_size': 20, 'attention_head_size': 2, 'learning_rate': 0.006473175191971961}. Best is trial 1 with value: 15.293144226074219.
LOCAL_RANK: 0 - CUDA_VISIBLE_DEVICES: [0]
[I 2023-12-27 11:14:42,589] Trial 26 finished with value: 51.39829635620117 and parameters: {'gradient_clip_val': 0.2776524311504661, 'hidden_size': 32, 'dropout': 0.2280835306750827, 'hidden_continuous_size': 13, 'attention_head_size': 1, 'learning_rate': 0.001257809168413832}. Best is trial 1 with value: 15.293144226074219.
LOCAL_RANK: 0 - CUDA_VISIBLE_DEVICES: [0]
[I 2023-12-27 11:14:43,154] Trial 27 finished with value: 59.2083740234375 and parameters: {'gradient_clip_val': 0.18502136011540066, 'hidden_size': 55, 'dropout': 0.3424305304600095, 'hidden_continuous_size': 11, 'attention_head_size': 2, 'learning_rate': 0.0007696679693919943}. Best is trial 1 with value: 15.293144226074219.
LOCAL_RANK: 0 - CUDA_VISIBLE_DEVICES: [0]
[I 2023-12-27 11:14:43,699] Trial 28 finished with value: 58.427425384521484 and parameters: {'gradient_clip_val': 0.14438267126196117, 'hidden_size': 40, 'dropout': 0.10889190411931227, 'hidden_continuous_size': 16, 'attention_head_size': 3, 'learning_rate': 0.002004852819700448}. Best is trial 1 with value: 15.293144226074219.
LOCAL_RANK: 0 - CUDA_VISIBLE_DEVICES: [0]
[I 2023-12-27 11:14:44,202] Trial 29 finished with value: 61.07853317260742 and parameters: {'gradient_clip_val': 0.2223717020373643, 'hidden_size': 70, 'dropout': 0.4009788549367272, 'hidden_continuous_size': 25, 'attention_head_size': 1, 'learning_rate': 0.06342503738590861}. Best is trial 1 with value: 15.293144226074219.
LOCAL_RANK: 0 - CUDA_VISIBLE_DEVICES: [0]
[I 2023-12-27 11:14:44,702] Trial 30 finished with value: 55.628726959228516 and parameters: {'gradient_clip_val': 0.7182223700210693, 'hidden_size': 56, 'dropout': 0.36887002273798103, 'hidden_continuous_size': 28, 'attention_head_size': 1, 'learning_rate': 0.0012184566662612126}. Best is trial 1 with value: 15.293144226074219.
LOCAL_RANK: 0 - CUDA_VISIBLE_DEVICES: [0]
[I 2023-12-27 11:14:45,185] Trial 31 finished with value: 78.45145416259766 and parameters: {'gradient_clip_val': 0.25108171283511377, 'hidden_size': 34, 'dropout': 0.3808422581688585, 'hidden_continuous_size': 14, 'attention_head_size': 1, 'learning_rate': 0.0005415587430623926}. Best is trial 1 with value: 15.293144226074219.
LOCAL_RANK: 0 - CUDA_VISIBLE_DEVICES: [0]
[I 2023-12-27 11:14:45,671] Trial 32 finished with value: 64.96568298339844 and parameters: {'gradient_clip_val': 0.466525661763006, 'hidden_size': 44, 'dropout': 0.3297656702124211, 'hidden_continuous_size': 12, 'attention_head_size': 1, 'learning_rate': 0.0006608527834145114}. Best is trial 1 with value: 15.293144226074219.
LOCAL_RANK: 0 - CUDA_VISIBLE_DEVICES: [0]
[I 2023-12-27 11:14:46,426] Trial 33 finished with value: 51.5898551940918 and parameters: {'gradient_clip_val': 0.3197418288575719, 'hidden_size': 23, 'dropout': 0.35491141359031914, 'hidden_continuous_size': 9, 'attention_head_size': 1, 'learning_rate': 0.0005426902783206826}. Best is trial 1 with value: 15.293144226074219.
LOCAL_RANK: 0 - CUDA_VISIBLE_DEVICES: [0]
[I 2023-12-27 11:14:46,910] Trial 34 finished with value: 63.28042221069336 and parameters: {'gradient_clip_val': 0.36057964585839986, 'hidden_size': 79, 'dropout': 0.30484396168802036, 'hidden_continuous_size': 23, 'attention_head_size': 4, 'learning_rate': 0.0009432878385187774}. Best is trial 1 with value: 15.293144226074219.
LOCAL_RANK: 0 - CUDA_VISIBLE_DEVICES: [0]
[I 2023-12-27 11:14:47,383] Trial 35 finished with value: 64.86477661132812 and parameters: {'gradient_clip_val': 0.17681290351147155, 'hidden_size': 31, 'dropout': 0.2858453644637697, 'hidden_continuous_size': 17, 'attention_head_size': 2, 'learning_rate': 0.0007128815121029316}. Best is trial 1 with value: 15.293144226074219.
LOCAL_RANK: 0 - CUDA_VISIBLE_DEVICES: [0]
[I 2023-12-27 11:14:47,831] Trial 36 finished with value: 57.12209701538086 and parameters: {'gradient_clip_val': 0.1259279940743873, 'hidden_size': 70, 'dropout': 0.33898774665137793, 'hidden_continuous_size': 35, 'attention_head_size': 1, 'learning_rate': 0.0011464917345809663}. Best is trial 1 with value: 15.293144226074219.
LOCAL_RANK: 0 - CUDA_VISIBLE_DEVICES: [0]
[I 2023-12-27 11:14:48,271] Trial 37 finished with value: 64.3892593383789 and parameters: {'gradient_clip_val': 0.519787603160542, 'hidden_size': 22, 'dropout': 0.3807855553673557, 'hidden_continuous_size': 10, 'attention_head_size': 2, 'learning_rate': 0.0017905658225675417}. Best is trial 1 with value: 15.293144226074219.
LOCAL_RANK: 0 - CUDA_VISIBLE_DEVICES: [0]
[I 2023-12-27 11:14:48,753] Trial 38 finished with value: 69.70357513427734 and parameters: {'gradient_clip_val': 0.10058731159729412, 'hidden_size': 41, 'dropout': 0.31091343469104016, 'hidden_continuous_size': 19, 'attention_head_size': 4, 'learning_rate': 0.0006634769774100696}. Best is trial 1 with value: 15.293144226074219.
LOCAL_RANK: 0 - CUDA_VISIBLE_DEVICES: [0]
[I 2023-12-27 11:14:49,248] Trial 39 finished with value: 49.258182525634766 and parameters: {'gradient_clip_val': 0.3030235411771938, 'hidden_size': 93, 'dropout': 0.14983512611363295, 'hidden_continuous_size': 48, 'attention_head_size': 3, 'learning_rate': 0.008947229823634635}. Best is trial 1 with value: 15.293144226074219.
LOCAL_RANK: 0 - CUDA_VISIBLE_DEVICES: [0]
[I 2023-12-27 11:14:49,741] Trial 40 finished with value: 57.336971282958984 and parameters: {'gradient_clip_val': 0.3982160437880046, 'hidden_size': 84, 'dropout': 0.13967731462327715, 'hidden_continuous_size': 55, 'attention_head_size': 3, 'learning_rate': 0.008775851547315}. Best is trial 1 with value: 15.293144226074219.
LOCAL_RANK: 0 - CUDA_VISIBLE_DEVICES: [0]
[I 2023-12-27 11:14:50,207] Trial 41 finished with value: 57.82221984863281 and parameters: {'gradient_clip_val': 0.25018564024528284, 'hidden_size': 93, 'dropout': 0.13177335981977606, 'hidden_continuous_size': 31, 'attention_head_size': 3, 'learning_rate': 0.015762387693976188}. Best is trial 1 with value: 15.293144226074219.
LOCAL_RANK: 0 - CUDA_VISIBLE_DEVICES: [0]
[I 2023-12-27 11:14:50,687] Trial 42 finished with value: 60.5258674621582 and parameters: {'gradient_clip_val': 0.3001633192677956, 'hidden_size': 62, 'dropout': 0.10202212317511412, 'hidden_continuous_size': 27, 'attention_head_size': 3, 'learning_rate': 0.012795625240679452}. Best is trial 1 with value: 15.293144226074219.
LOCAL_RANK: 0 - CUDA_VISIBLE_DEVICES: [0]
[I 2023-12-27 11:14:51,168] Trial 43 finished with value: 44.14411926269531 and parameters: {'gradient_clip_val': 0.34448678069482674, 'hidden_size': 50, 'dropout': 0.1561223788133086, 'hidden_continuous_size': 5, 'attention_head_size': 4, 'learning_rate': 0.008451769581762527}. Best is trial 1 with value: 15.293144226074219.
LOCAL_RANK: 0 - CUDA_VISIBLE_DEVICES: [0]
[I 2023-12-27 11:14:51,621] Trial 44 finished with value: 73.70238494873047 and parameters: {'gradient_clip_val': 0.43711825335593096, 'hidden_size': 50, 'dropout': 0.1524934304565788, 'hidden_continuous_size': 6, 'attention_head_size': 4, 'learning_rate': 0.009253249728755103}. Best is trial 1 with value: 15.293144226074219.
LOCAL_RANK: 0 - CUDA_VISIBLE_DEVICES: [0]
[I 2023-12-27 11:14:52,079] Trial 45 finished with value: 59.09111404418945 and parameters: {'gradient_clip_val': 0.36587047090820163, 'hidden_size': 77, 'dropout': 0.18493512216341268, 'hidden_continuous_size': 5, 'attention_head_size': 4, 'learning_rate': 0.0050564560295442325}. Best is trial 1 with value: 15.293144226074219.
LOCAL_RANK: 0 - CUDA_VISIBLE_DEVICES: [0]
[I 2023-12-27 11:14:52,567] Trial 46 finished with value: 67.33349609375 and parameters: {'gradient_clip_val': 0.3201373106290806, 'hidden_size': 109, 'dropout': 0.13244817305163958, 'hidden_continuous_size': 5, 'attention_head_size': 4, 'learning_rate': 0.014859337499113357}. Best is trial 1 with value: 15.293144226074219.
LOCAL_RANK: 0 - CUDA_VISIBLE_DEVICES: [0]
[I 2023-12-27 11:14:53,274] Trial 47 finished with value: 49.87591552734375 and parameters: {'gradient_clip_val': 0.28256544815179546, 'hidden_size': 46, 'dropout': 0.17036301466517273, 'hidden_continuous_size': 7, 'attention_head_size': 3, 'learning_rate': 0.010808821351991005}. Best is trial 1 with value: 15.293144226074219.
LOCAL_RANK: 0 - CUDA_VISIBLE_DEVICES: [0]
[I 2023-12-27 11:14:53,799] Trial 48 finished with value: 55.00358581542969 and parameters: {'gradient_clip_val': 0.40203274181094484, 'hidden_size': 80, 'dropout': 0.20602644963205008, 'hidden_continuous_size': 45, 'attention_head_size': 4, 'learning_rate': 0.007332868277028294}. Best is trial 1 with value: 15.293144226074219.
LOCAL_RANK: 0 - CUDA_VISIBLE_DEVICES: [0]
[I 2023-12-27 11:14:54,295] Trial 49 finished with value: 51.364925384521484 and parameters: {'gradient_clip_val': 0.3492526495245137, 'hidden_size': 91, 'dropout': 0.14118621990316688, 'hidden_continuous_size': 5, 'attention_head_size': 2, 'learning_rate': 0.0036578412218822003}. Best is trial 1 with value: 15.293144226074219.
[I 2023-12-27 11:14:54,424] A new study created in memory with name: no-name-167c9e46-cc33-4ed6-8ba9-e1f063c82c23
/home/le004/conda/anaconda3/envs/tsff_env/lib/python3.9/site-packages/lightning/fabric/plugins/environments/slurm.py:191: The `srun` command is available on your system but is not used. HINT: If your intention is to run Lightning on SLURM, prepend your python command with `srun` like so: srun python /home/le004/master_thesis/git/TSFusionForecast/code/ ...
LOCAL_RANK: 0 - CUDA_VISIBLE_DEVICES: [0]
[I 2023-12-27 11:15:19,193] Trial 0 finished with value: 425.7100524902344 and parameters: {'gradient_clip_val': 0.5379749123541642, 'hidden_size': 5, 'dropout': 0.29349754786920723, 'hidden_continuous_size': 5, 'attention_head_size': 2, 'learning_rate': 0.004650610265329666}. Best is trial 0 with value: 425.7100524902344.
LOCAL_RANK: 0 - CUDA_VISIBLE_DEVICES: [0]
[I 2023-12-27 11:15:47,145] Trial 1 finished with value: 153.90318298339844 and parameters: {'gradient_clip_val': 0.18516187011881774, 'hidden_size': 7, 'dropout': 0.19590176652018704, 'hidden_continuous_size': 6, 'attention_head_size': 1, 'learning_rate': 0.023327938962089383}. Best is trial 1 with value: 153.90318298339844.
LOCAL_RANK: 0 - CUDA_VISIBLE_DEVICES: [0]
[I 2023-12-27 11:15:51,219] Trial 2 finished with value: 247.10316467285156 and parameters: {'gradient_clip_val': 0.2475860256561126, 'hidden_size': 48, 'dropout': 0.43347612428542437, 'hidden_continuous_size': 40, 'attention_head_size': 4, 'learning_rate': 0.018431512822684095}. Best is trial 1 with value: 153.90318298339844.
LOCAL_RANK: 0 - CUDA_VISIBLE_DEVICES: [0]
[I 2023-12-27 11:15:51,651] Trial 3 finished with value: 752.3729858398438 and parameters: {'gradient_clip_val': 0.15892037908713072, 'hidden_size': 48, 'dropout': 0.1368772584608296, 'hidden_continuous_size': 20, 'attention_head_size': 4, 'learning_rate': 0.007157678128744103}. Best is trial 1 with value: 153.90318298339844.
LOCAL_RANK: 0 - CUDA_VISIBLE_DEVICES: [0]
