[I 2023-12-27 11:08:37,465] Trial 9 finished with value: 3.9228336811065674 and parameters: {'gradient_clip_val': 0.5717729228962634, 'hidden_size': 12, 'dropout': 0.17805762293190505, 'hidden_continuous_size': 7, 'attention_head_size': 4, 'learning_rate': 0.0033123532818121254}. Best is trial 0 with value: 2.3008179664611816.
[I 2023-12-27 11:08:38,090] Trial 10 finished with value: 3.9311554431915283 and parameters: {'gradient_clip_val': 0.8840582752990304, 'hidden_size': 145, 'dropout': 0.49135782050332966, 'hidden_continuous_size': 79, 'attention_head_size': 1, 'learning_rate': 0.0005393669506903986}. Best is trial 0 with value: 2.3008179664611816.
[I 2023-12-27 11:08:38,528] Trial 11 finished with value: 3.6789438724517822 and parameters: {'gradient_clip_val': 0.18439829948743675, 'hidden_size': 54, 'dropout': 0.27570871454546314, 'hidden_continuous_size': 14, 'attention_head_size': 3, 'learning_rate': 0.01168002231529093}. Best is trial 0 with value: 2.3008179664611816.
[I 2023-12-27 11:08:38,965] Trial 12 finished with value: 4.643127918243408 and parameters: {'gradient_clip_val': 0.23483930965872718, 'hidden_size': 57, 'dropout': 0.3191146451098826, 'hidden_continuous_size': 29, 'attention_head_size': 2, 'learning_rate': 0.016285609624077744}. Best is trial 0 with value: 2.3008179664611816.
[I 2023-12-27 11:08:39,380] Trial 13 finished with value: 3.4331300258636475 and parameters: {'gradient_clip_val': 0.10408319711831777, 'hidden_size': 47, 'dropout': 0.2673523619629886, 'hidden_continuous_size': 11, 'attention_head_size': 3, 'learning_rate': 0.003984453323335084}. Best is trial 0 with value: 2.3008179664611816.
[I 2023-12-27 11:08:39,989] Trial 14 finished with value: 3.3893606662750244 and parameters: {'gradient_clip_val': 0.27295439691470247, 'hidden_size': 143, 'dropout': 0.2188677298208137, 'hidden_continuous_size': 44, 'attention_head_size': 2, 'learning_rate': 0.0017429175088405264}. Best is trial 0 with value: 2.3008179664611816.
[I 2023-12-27 11:08:40,447] Trial 15 finished with value: 4.083503246307373 and parameters: {'gradient_clip_val': 0.20484753963152952, 'hidden_size': 80, 'dropout': 0.35747718153498975, 'hidden_continuous_size': 26, 'attention_head_size': 3, 'learning_rate': 0.024112751744111528}. Best is trial 0 with value: 2.3008179664611816.
[I 2023-12-27 11:08:40,867] Trial 16 finished with value: 3.190192937850952 and parameters: {'gradient_clip_val': 0.27928725959587963, 'hidden_size': 44, 'dropout': 0.12598120157957765, 'hidden_continuous_size': 10, 'attention_head_size': 1, 'learning_rate': 0.009345556964892799}. Best is trial 0 with value: 2.3008179664611816.
[I 2023-12-27 11:08:41,316] Trial 17 finished with value: 5.298365116119385 and parameters: {'gradient_clip_val': 0.9681129202535249, 'hidden_size': 68, 'dropout': 0.24471721109464703, 'hidden_continuous_size': 20, 'attention_head_size': 3, 'learning_rate': 0.021324488637026667}. Best is trial 0 with value: 2.3008179664611816.
[I 2023-12-27 11:08:41,719] Trial 18 finished with value: 4.8022284507751465 and parameters: {'gradient_clip_val': 0.6498470674589547, 'hidden_size': 37, 'dropout': 0.43010078365775906, 'hidden_continuous_size': 11, 'attention_head_size': 2, 'learning_rate': 0.006112364879599276}. Best is trial 0 with value: 2.3008179664611816.
[I 2023-12-27 11:08:42,212] Trial 19 finished with value: 3.2306575775146484 and parameters: {'gradient_clip_val': 0.32767277657243465, 'hidden_size': 104, 'dropout': 0.18120916684062066, 'hidden_continuous_size': 18, 'attention_head_size': 1, 'learning_rate': 0.09166795948773035}. Best is trial 0 with value: 2.3008179664611816.
[I 2023-12-27 11:08:42,908] Trial 20 finished with value: 3.971086263656616 and parameters: {'gradient_clip_val': 0.7437655233195176, 'hidden_size': 71, 'dropout': 0.13517789784655682, 'hidden_continuous_size': 21, 'attention_head_size': 4, 'learning_rate': 0.012722673057272633}. Best is trial 0 with value: 2.3008179664611816.
[I 2023-12-27 11:08:43,318] Trial 21 finished with value: 2.554222345352173 and parameters: {'gradient_clip_val': 0.26901340607423485, 'hidden_size': 40, 'dropout': 0.14796054720253438, 'hidden_continuous_size': 10, 'attention_head_size': 1, 'learning_rate': 0.008489354573413183}. Best is trial 0 with value: 2.3008179664611816.
[I 2023-12-27 11:08:43,710] Trial 22 finished with value: 3.3659543991088867 and parameters: {'gradient_clip_val': 0.16604180000643304, 'hidden_size': 37, 'dropout': 0.1487825869337735, 'hidden_continuous_size': 9, 'attention_head_size': 1, 'learning_rate': 0.006744972751485327}. Best is trial 0 with value: 2.3008179664611816.
[I 2023-12-27 11:08:44,153] Trial 23 finished with value: 4.113948345184326 and parameters: {'gradient_clip_val': 0.24629748809450963, 'hidden_size': 62, 'dropout': 0.16186644249275903, 'hidden_continuous_size': 12, 'attention_head_size': 2, 'learning_rate': 0.009647054841195716}. Best is trial 0 with value: 2.3008179664611816.
[I 2023-12-27 11:08:44,680] Trial 24 finished with value: 3.9882843494415283 and parameters: {'gradient_clip_val': 0.30835196908082907, 'hidden_size': 119, 'dropout': 0.22205307251399065, 'hidden_continuous_size': 15, 'attention_head_size': 1, 'learning_rate': 0.004979576786104754}. Best is trial 0 with value: 2.3008179664611816.
[I 2023-12-27 11:08:45,129] Trial 25 finished with value: 3.514612913131714 and parameters: {'gradient_clip_val': 0.22347752761321563, 'hidden_size': 80, 'dropout': 0.1053276460867702, 'hidden_continuous_size': 9, 'attention_head_size': 2, 'learning_rate': 0.01827082922628595}. Best is trial 0 with value: 2.3008179664611816.
[I 2023-12-27 11:08:45,534] Trial 26 finished with value: 3.6774215698242188 and parameters: {'gradient_clip_val': 0.1716453096448139, 'hidden_size': 40, 'dropout': 0.15771947882375947, 'hidden_continuous_size': 13, 'attention_head_size': 3, 'learning_rate': 0.0024832294950778255}. Best is trial 0 with value: 2.3008179664611816.
[I 2023-12-27 11:08:46,065] Trial 27 finished with value: 3.8748257160186768 and parameters: {'gradient_clip_val': 0.37919330827525405, 'hidden_size': 117, 'dropout': 0.20376479779926343, 'hidden_continuous_size': 18, 'attention_head_size': 1, 'learning_rate': 0.00801200660432629}. Best is trial 0 with value: 2.3008179664611816.
[I 2023-12-27 11:08:46,492] Trial 28 finished with value: 4.105239391326904 and parameters: {'gradient_clip_val': 0.3060387650490662, 'hidden_size': 55, 'dropout': 0.24734787735441316, 'hidden_continuous_size': 12, 'attention_head_size': 2, 'learning_rate': 0.004618050549306249}. Best is trial 0 with value: 2.3008179664611816.
[I 2023-12-27 11:08:46,860] Trial 29 finished with value: 4.8551716804504395 and parameters: {'gradient_clip_val': 0.5404173816096879, 'hidden_size': 17, 'dropout': 0.31188873795310296, 'hidden_continuous_size': 8, 'attention_head_size': 1, 'learning_rate': 0.029288385312464357}. Best is trial 0 with value: 2.3008179664611816.
[I 2023-12-27 11:08:47,267] Trial 30 finished with value: 4.105082035064697 and parameters: {'gradient_clip_val': 0.46294616616682466, 'hidden_size': 27, 'dropout': 0.13242492739456863, 'hidden_continuous_size': 10, 'attention_head_size': 3, 'learning_rate': 0.012668286318084348}. Best is trial 0 with value: 2.3008179664611816.
[I 2023-12-27 11:08:47,683] Trial 31 finished with value: 4.707460880279541 and parameters: {'gradient_clip_val': 0.2625805884848096, 'hidden_size': 42, 'dropout': 0.1266970753914038, 'hidden_continuous_size': 10, 'attention_head_size': 1, 'learning_rate': 0.009508087334187645}. Best is trial 0 with value: 2.3008179664611816.
[I 2023-12-27 11:08:48,098] Trial 32 finished with value: 4.353602409362793 and parameters: {'gradient_clip_val': 0.306503472151228, 'hidden_size': 47, 'dropout': 0.11932697699328385, 'hidden_continuous_size': 8, 'attention_head_size': 1, 'learning_rate': 0.006074112780970703}. Best is trial 0 with value: 2.3008179664611816.
[I 2023-12-27 11:08:48,561] Trial 33 finished with value: 3.3881728649139404 and parameters: {'gradient_clip_val': 0.2767483771806594, 'hidden_size': 79, 'dropout': 0.1741945470755279, 'hidden_continuous_size': 7, 'attention_head_size': 2, 'learning_rate': 0.008111586354838222}. Best is trial 0 with value: 2.3008179664611816.
[I 2023-12-27 11:08:49,224] Trial 34 finished with value: 3.2663891315460205 and parameters: {'gradient_clip_val': 0.20282401403879924, 'hidden_size': 32, 'dropout': 0.10469184347319406, 'hidden_continuous_size': 9, 'attention_head_size': 1, 'learning_rate': 0.015649636417757642}. Best is trial 0 with value: 2.3008179664611816.
[I 2023-12-27 11:08:49,610] Trial 35 finished with value: 3.2211430072784424 and parameters: {'gradient_clip_val': 0.3787039791605472, 'hidden_size': 22, 'dropout': 0.14235716810795446, 'hidden_continuous_size': 6, 'attention_head_size': 1, 'learning_rate': 0.010701324975053246}. Best is trial 0 with value: 2.3008179664611816.
[I 2023-12-27 11:08:50,041] Trial 36 finished with value: 4.125654697418213 and parameters: {'gradient_clip_val': 0.1475886572532547, 'hidden_size': 50, 'dropout': 0.1018546791380513, 'hidden_continuous_size': 12, 'attention_head_size': 2, 'learning_rate': 0.006011605372246422}. Best is trial 0 with value: 2.3008179664611816.
[I 2023-12-27 11:08:50,436] Trial 37 finished with value: 4.070328235626221 and parameters: {'gradient_clip_val': 0.4443798533123313, 'hidden_size': 33, 'dropout': 0.1941882067478396, 'hidden_continuous_size': 11, 'attention_head_size': 2, 'learning_rate': 0.0313853229246662}. Best is trial 0 with value: 2.3008179664611816.
[I 2023-12-27 11:08:50,870] Trial 38 finished with value: 4.104062080383301 and parameters: {'gradient_clip_val': 0.2262189530466172, 'hidden_size': 64, 'dropout': 0.15913408728576467, 'hidden_continuous_size': 16, 'attention_head_size': 4, 'learning_rate': 0.00767258889641352}. Best is trial 0 with value: 2.3008179664611816.
[I 2023-12-27 11:08:51,328] Trial 39 finished with value: 4.073509693145752 and parameters: {'gradient_clip_val': 0.4789110711654678, 'hidden_size': 88, 'dropout': 0.18138978643767903, 'hidden_continuous_size': 5, 'attention_head_size': 1, 'learning_rate': 0.0036949373878115243}. Best is trial 0 with value: 2.3008179664611816.
[I 2023-12-27 11:08:51,753] Trial 40 finished with value: 4.538858890533447 and parameters: {'gradient_clip_val': 0.3469867289383269, 'hidden_size': 45, 'dropout': 0.15341375604372412, 'hidden_continuous_size': 14, 'attention_head_size': 1, 'learning_rate': 0.0029165955247318727}. Best is trial 0 with value: 2.3008179664611816.
[I 2023-12-27 11:08:52,140] Trial 41 finished with value: 2.999100685119629 and parameters: {'gradient_clip_val': 0.4044125901775342, 'hidden_size': 22, 'dropout': 0.13684257929360616, 'hidden_continuous_size': 6, 'attention_head_size': 1, 'learning_rate': 0.009629151277246733}. Best is trial 0 with value: 2.3008179664611816.
[I 2023-12-27 11:08:52,535] Trial 42 finished with value: 3.414036750793457 and parameters: {'gradient_clip_val': 0.4081107388517011, 'hidden_size': 22, 'dropout': 0.12539716675742313, 'hidden_continuous_size': 6, 'attention_head_size': 1, 'learning_rate': 0.013993454167122502}. Best is trial 0 with value: 2.3008179664611816.
[I 2023-12-27 11:08:52,908] Trial 43 finished with value: 4.878385066986084 and parameters: {'gradient_clip_val': 0.5921787043691605, 'hidden_size': 16, 'dropout': 0.11583837763364556, 'hidden_continuous_size': 7, 'attention_head_size': 1, 'learning_rate': 0.009308815824810635}. Best is trial 0 with value: 2.3008179664611816.
[I 2023-12-27 11:08:53,314] Trial 44 finished with value: 4.402858257293701 and parameters: {'gradient_clip_val': 0.2874678761271143, 'hidden_size': 34, 'dropout': 0.14171218932539315, 'hidden_continuous_size': 10, 'attention_head_size': 4, 'learning_rate': 0.004834900805060366}. Best is trial 0 with value: 2.3008179664611816.
[I 2023-12-27 11:08:53,716] Trial 45 finished with value: 3.652892827987671 and parameters: {'gradient_clip_val': 0.35539872175470677, 'hidden_size': 29, 'dropout': 0.20380463206742616, 'hidden_continuous_size': 13, 'attention_head_size': 2, 'learning_rate': 0.011477020945037383}. Best is trial 0 with value: 2.3008179664611816.
[I 2023-12-27 11:08:54,138] Trial 46 finished with value: 4.080661296844482 and parameters: {'gradient_clip_val': 0.25362290842967705, 'hidden_size': 55, 'dropout': 0.17329450395315635, 'hidden_continuous_size': 8, 'attention_head_size': 1, 'learning_rate': 0.01917913816112527}. Best is trial 0 with value: 2.3008179664611816.
[I 2023-12-27 11:08:54,757] Trial 47 finished with value: 4.648418426513672 and parameters: {'gradient_clip_val': 0.7020363610885301, 'hidden_size': 26, 'dropout': 0.2856479845320301, 'hidden_continuous_size': 5, 'attention_head_size': 3, 'learning_rate': 0.014560267132253344}. Best is trial 0 with value: 2.3008179664611816.
[I 2023-12-27 11:08:55,138] Trial 48 finished with value: 4.296529293060303 and parameters: {'gradient_clip_val': 0.8330820294946453, 'hidden_size': 11, 'dropout': 0.46447051119629457, 'hidden_continuous_size': 6, 'attention_head_size': 1, 'learning_rate': 0.007182389514049014}. Best is trial 0 with value: 2.3008179664611816.
[I 2023-12-27 11:08:55,544] Trial 49 finished with value: 4.112324237823486 and parameters: {'gradient_clip_val': 0.4867334786292991, 'hidden_size': 40, 'dropout': 0.36662651999408885, 'hidden_continuous_size': 9, 'attention_head_size': 2, 'learning_rate': 0.00095268466841631}. Best is trial 0 with value: 2.3008179664611816.
[I 2023-12-27 11:08:55,657] A new study created in memory with name: no-name-def811ef-dd69-4afb-88b9-09ee8d921a29
/home/le004/conda/anaconda3/envs/tsff_env/lib/python3.9/site-packages/lightning/fabric/plugins/environments/slurm.py:191: The `srun` command is available on your system but is not used. HINT: If your intention is to run Lightning on SLURM, prepend your python command with `srun` like so: srun python /home/le004/master_thesis/git/TSFusionForecast/code/ ...
[I 2023-12-27 11:09:28,594] Trial 0 finished with value: 0.03978193923830986 and parameters: {'gradient_clip_val': 0.26944853443311584, 'hidden_size': 20, 'dropout': 0.23586172459096716, 'hidden_continuous_size': 12, 'attention_head_size': 3, 'learning_rate': 0.02463476063810668}. Best is trial 0 with value: 0.03978193923830986.
[I 2023-12-27 11:09:37,401] Trial 1 finished with value: 0.8435391783714294 and parameters: {'gradient_clip_val': 0.22483895313946037, 'hidden_size': 15, 'dropout': 0.12332714133666922, 'hidden_continuous_size': 5, 'attention_head_size': 2, 'learning_rate': 0.01822881201653358}. Best is trial 0 with value: 0.03978193923830986.
[I 2023-12-27 11:09:37,777] Trial 2 finished with value: 1.9716109037399292 and parameters: {'gradient_clip_val': 0.209998906730639, 'hidden_size': 27, 'dropout': 0.4373765670999912, 'hidden_continuous_size': 9, 'attention_head_size': 4, 'learning_rate': 0.0067507713819417075}. Best is trial 0 with value: 0.03978193923830986.
[I 2023-12-27 11:09:38,119] Trial 3 finished with value: 2.147911548614502 and parameters: {'gradient_clip_val': 0.8380096737965697, 'hidden_size': 17, 'dropout': 0.32250135054850015, 'hidden_continuous_size': 10, 'attention_head_size': 3, 'learning_rate': 0.004165345667293818}. Best is trial 0 with value: 0.03978193923830986.
[I 2023-12-27 11:09:38,464] Trial 4 finished with value: 2.5537099838256836 and parameters: {'gradient_clip_val': 0.22106430320287554, 'hidden_size': 24, 'dropout': 0.42306942614049714, 'hidden_continuous_size': 16, 'attention_head_size': 1, 'learning_rate': 0.010687441996722013}. Best is trial 0 with value: 0.03978193923830986.
[I 2023-12-27 11:09:38,808] Trial 5 finished with value: 1.4423147439956665 and parameters: {'gradient_clip_val': 0.379056071445181, 'hidden_size': 13, 'dropout': 0.1357365135969713, 'hidden_continuous_size': 8, 'attention_head_size': 2, 'learning_rate': 0.05297714907749134}. Best is trial 0 with value: 0.03978193923830986.
[I 2023-12-27 11:09:39,174] Trial 6 finished with value: 2.305474281311035 and parameters: {'gradient_clip_val': 0.10455451857291782, 'hidden_size': 40, 'dropout': 0.4385293561599807, 'hidden_continuous_size': 6, 'attention_head_size': 2, 'learning_rate': 0.0035255051337815804}. Best is trial 0 with value: 0.03978193923830986.
[I 2023-12-27 11:09:39,735] Trial 7 finished with value: 2.1224875450134277 and parameters: {'gradient_clip_val': 0.5668909481235682, 'hidden_size': 33, 'dropout': 0.13927080105430606, 'hidden_continuous_size': 5, 'attention_head_size': 2, 'learning_rate': 0.022563678048800457}. Best is trial 0 with value: 0.03978193923830986.
[I 2023-12-27 11:09:40,077] Trial 8 finished with value: 2.3425257205963135 and parameters: {'gradient_clip_val': 0.3011017804607957, 'hidden_size': 18, 'dropout': 0.10939666668157738, 'hidden_continuous_size': 15, 'attention_head_size': 1, 'learning_rate': 0.0016993934556791574}. Best is trial 0 with value: 0.03978193923830986.
[I 2023-12-27 11:09:40,418] Trial 9 finished with value: 2.292836904525757 and parameters: {'gradient_clip_val': 0.6812297598925483, 'hidden_size': 6, 'dropout': 0.11416268574937716, 'hidden_continuous_size': 5, 'attention_head_size': 4, 'learning_rate': 0.04801576505250851}. Best is trial 0 with value: 0.03978193923830986.
[I 2023-12-27 11:09:40,917] Trial 10 finished with value: 2.0041964054107666 and parameters: {'gradient_clip_val': 0.9649019147047149, 'hidden_size': 100, 'dropout': 0.22704134895497532, 'hidden_continuous_size': 42, 'attention_head_size': 3, 'learning_rate': 0.0006075933012264697}. Best is trial 0 with value: 0.03978193923830986.
[I 2023-12-27 11:09:41,282] Trial 11 finished with value: 1.24164617061615 and parameters: {'gradient_clip_val': 0.16067260683555173, 'hidden_size': 10, 'dropout': 0.21930520250743848, 'hidden_continuous_size': 5, 'attention_head_size': 3, 'learning_rate': 0.01979022214975087}. Best is trial 0 with value: 0.03978193923830986.
[I 2023-12-27 11:09:41,616] Trial 12 finished with value: 1.5184465646743774 and parameters: {'gradient_clip_val': 0.39690892727429355, 'hidden_size': 5, 'dropout': 0.20384976722937026, 'hidden_continuous_size': 5, 'attention_head_size': 2, 'learning_rate': 0.08990162651262026}. Best is trial 0 with value: 0.03978193923830986.
[I 2023-12-27 11:09:41,990] Trial 13 finished with value: 2.2523443698883057 and parameters: {'gradient_clip_val': 0.3042549968829387, 'hidden_size': 10, 'dropout': 0.29151376356749015, 'hidden_continuous_size': 6, 'attention_head_size': 3, 'learning_rate': 0.018667174002131543}. Best is trial 0 with value: 0.03978193923830986.
[I 2023-12-27 11:09:42,410] Trial 14 finished with value: 2.092278242111206 and parameters: {'gradient_clip_val': 0.20432420928894904, 'hidden_size': 53, 'dropout': 0.18029296586062504, 'hidden_continuous_size': 13, 'attention_head_size': 1, 'learning_rate': 0.032678668706406594}. Best is trial 0 with value: 0.03978193923830986.
[I 2023-12-27 11:09:42,793] Trial 15 finished with value: 1.935133934020996 and parameters: {'gradient_clip_val': 0.4914197100968867, 'hidden_size': 8, 'dropout': 0.26435529656818507, 'hidden_continuous_size': 5, 'attention_head_size': 4, 'learning_rate': 0.010533639775024103}. Best is trial 0 with value: 0.03978193923830986.
[I 2023-12-27 11:09:43,168] Trial 16 finished with value: 2.1581122875213623 and parameters: {'gradient_clip_val': 0.286332454622637, 'hidden_size': 17, 'dropout': 0.17039488258847663, 'hidden_continuous_size': 7, 'attention_head_size': 2, 'learning_rate': 0.0874996898558863}. Best is trial 0 with value: 0.03978193923830986.
[I 2023-12-27 11:09:43,587] Trial 17 finished with value: 1.5517940521240234 and parameters: {'gradient_clip_val': 0.138372249547253, 'hidden_size': 52, 'dropout': 0.35195598213164964, 'hidden_continuous_size': 21, 'attention_head_size': 3, 'learning_rate': 0.029826387041232107}. Best is trial 0 with value: 0.03978193923830986.
[I 2023-12-27 11:09:43,954] Trial 18 finished with value: 1.7024916410446167 and parameters: {'gradient_clip_val': 0.2519197837872776, 'hidden_size': 12, 'dropout': 0.25340374691611167, 'hidden_continuous_size': 6, 'attention_head_size': 2, 'learning_rate': 0.014894302079239754}. Best is trial 0 with value: 0.03978193923830986.
[I 2023-12-27 11:09:44,319] Trial 19 finished with value: 2.56752347946167 and parameters: {'gradient_clip_val': 0.377521966646008, 'hidden_size': 7, 'dropout': 0.16787563828022545, 'hidden_continuous_size': 5, 'attention_head_size': 3, 'learning_rate': 0.037239581047816446}. Best is trial 0 with value: 0.03978193923830986.
[I 2023-12-27 11:09:44,698] Trial 20 finished with value: 1.6198015213012695 and parameters: {'gradient_clip_val': 0.1671684078526084, 'hidden_size': 22, 'dropout': 0.19546310302032274, 'hidden_continuous_size': 8, 'attention_head_size': 4, 'learning_rate': 0.012393280734711827}. Best is trial 0 with value: 0.03978193923830986.
[I 2023-12-27 11:09:45,303] Trial 21 finished with value: 1.6514614820480347 and parameters: {'gradient_clip_val': 0.15089682863530196, 'hidden_size': 10, 'dropout': 0.2211341553207276, 'hidden_continuous_size': 6, 'attention_head_size': 3, 'learning_rate': 0.021010212258995607}. Best is trial 0 with value: 0.03978193923830986.
[I 2023-12-27 11:09:45,697] Trial 22 finished with value: 1.5645450353622437 and parameters: {'gradient_clip_val': 0.1725202812294763, 'hidden_size': 13, 'dropout': 0.24370772119144285, 'hidden_continuous_size': 7, 'attention_head_size': 3, 'learning_rate': 0.022063206844582836}. Best is trial 0 with value: 0.03978193923830986.
[I 2023-12-27 11:09:46,039] Trial 23 finished with value: 2.216671943664551 and parameters: {'gradient_clip_val': 0.24670219208455363, 'hidden_size': 5, 'dropout': 0.15248181332817043, 'hidden_continuous_size': 5, 'attention_head_size': 3, 'learning_rate': 0.0087245537457477}. Best is trial 0 with value: 0.03978193923830986.
