[I 2023-12-27 11:21:58,904] Trial 1 finished with value: 2653.256103515625 and parameters: {'gradient_clip_val': 0.9562586813841879, 'hidden_size': 114, 'dropout': 0.3307486008293168, 'hidden_continuous_size': 5, 'attention_head_size': 3, 'learning_rate': 0.006235976446116543}. Best is trial 0 with value: 597.2688598632812.
LOCAL_RANK: 0 - CUDA_VISIBLE_DEVICES: [0]
[I 2023-12-27 11:21:59,336] Trial 2 finished with value: 2663.207763671875 and parameters: {'gradient_clip_val': 0.10412258169948774, 'hidden_size': 28, 'dropout': 0.19184592633845998, 'hidden_continuous_size': 16, 'attention_head_size': 3, 'learning_rate': 0.001921916338631901}. Best is trial 0 with value: 597.2688598632812.
LOCAL_RANK: 0 - CUDA_VISIBLE_DEVICES: [0]
[I 2023-12-27 11:21:59,782] Trial 3 finished with value: 1739.3414306640625 and parameters: {'gradient_clip_val': 0.6810589956817416, 'hidden_size': 48, 'dropout': 0.2469116039783569, 'hidden_continuous_size': 39, 'attention_head_size': 3, 'learning_rate': 0.04875577707170547}. Best is trial 0 with value: 597.2688598632812.
LOCAL_RANK: 0 - CUDA_VISIBLE_DEVICES: [0]
[I 2023-12-27 11:22:00,267] Trial 4 finished with value: 2335.186279296875 and parameters: {'gradient_clip_val': 0.15297731490921235, 'hidden_size': 122, 'dropout': 0.1825135348661546, 'hidden_continuous_size': 6, 'attention_head_size': 3, 'learning_rate': 0.0014442713468341489}. Best is trial 0 with value: 597.2688598632812.
LOCAL_RANK: 0 - CUDA_VISIBLE_DEVICES: [0]
[I 2023-12-27 11:22:00,669] Trial 5 finished with value: 2559.143798828125 and parameters: {'gradient_clip_val': 0.49278357594033734, 'hidden_size': 5, 'dropout': 0.20008185555978414, 'hidden_continuous_size': 5, 'attention_head_size': 2, 'learning_rate': 0.010434074347676556}. Best is trial 0 with value: 597.2688598632812.
LOCAL_RANK: 0 - CUDA_VISIBLE_DEVICES: [0]
[I 2023-12-27 11:22:01,111] Trial 6 finished with value: 2141.26904296875 and parameters: {'gradient_clip_val': 0.2517720881403698, 'hidden_size': 11, 'dropout': 0.2188623171861005, 'hidden_continuous_size': 6, 'attention_head_size': 1, 'learning_rate': 0.014516027943287596}. Best is trial 0 with value: 597.2688598632812.
LOCAL_RANK: 0 - CUDA_VISIBLE_DEVICES: [0]
[I 2023-12-27 11:22:01,580] Trial 7 finished with value: 2385.232666015625 and parameters: {'gradient_clip_val': 0.15400942895362835, 'hidden_size': 67, 'dropout': 0.4889152414678254, 'hidden_continuous_size': 7, 'attention_head_size': 4, 'learning_rate': 0.011656815072099185}. Best is trial 0 with value: 597.2688598632812.
LOCAL_RANK: 0 - CUDA_VISIBLE_DEVICES: [0]
[I 2023-12-27 11:22:02,331] Trial 8 finished with value: 2836.272705078125 and parameters: {'gradient_clip_val': 0.11268055589363277, 'hidden_size': 42, 'dropout': 0.41026785714009306, 'hidden_continuous_size': 10, 'attention_head_size': 2, 'learning_rate': 0.000898075868393983}. Best is trial 0 with value: 597.2688598632812.
LOCAL_RANK: 0 - CUDA_VISIBLE_DEVICES: [0]
[I 2023-12-27 11:22:02,813] Trial 9 finished with value: 3449.9189453125 and parameters: {'gradient_clip_val': 0.6637852262261278, 'hidden_size': 69, 'dropout': 0.17651587636310465, 'hidden_continuous_size': 44, 'attention_head_size': 1, 'learning_rate': 0.08209818412220321}. Best is trial 0 with value: 597.2688598632812.
LOCAL_RANK: 0 - CUDA_VISIBLE_DEVICES: [0]
[I 2023-12-27 11:22:03,275] Trial 10 finished with value: 2141.402587890625 and parameters: {'gradient_clip_val': 0.28499434054124767, 'hidden_size': 16, 'dropout': 0.1106796157390596, 'hidden_continuous_size': 11, 'attention_head_size': 4, 'learning_rate': 0.03885023182634807}. Best is trial 0 with value: 597.2688598632812.
LOCAL_RANK: 0 - CUDA_VISIBLE_DEVICES: [0]
[I 2023-12-27 11:22:03,716] Trial 11 finished with value: 3069.055908203125 and parameters: {'gradient_clip_val': 0.4287767222031996, 'hidden_size': 23, 'dropout': 0.2982123274123648, 'hidden_continuous_size': 23, 'attention_head_size': 3, 'learning_rate': 0.07362551101128141}. Best is trial 0 with value: 597.2688598632812.
LOCAL_RANK: 0 - CUDA_VISIBLE_DEVICES: [0]
[I 2023-12-27 11:22:04,214] Trial 12 finished with value: 2998.629150390625 and parameters: {'gradient_clip_val': 0.6756227957532286, 'hidden_size': 39, 'dropout': 0.2772268456072551, 'hidden_continuous_size': 30, 'attention_head_size': 4, 'learning_rate': 0.030758420327000574}. Best is trial 0 with value: 597.2688598632812.
LOCAL_RANK: 0 - CUDA_VISIBLE_DEVICES: [0]
[I 2023-12-27 11:22:04,684] Trial 13 finished with value: 2325.69677734375 and parameters: {'gradient_clip_val': 0.40190606286569786, 'hidden_size': 14, 'dropout': 0.26901915176487523, 'hidden_continuous_size': 9, 'attention_head_size': 2, 'learning_rate': 0.09603810086062574}. Best is trial 0 with value: 597.2688598632812.
LOCAL_RANK: 0 - CUDA_VISIBLE_DEVICES: [0]
[I 2023-12-27 11:22:05,157] Trial 14 finished with value: 2584.426025390625 and parameters: {'gradient_clip_val': 0.3200253533638036, 'hidden_size': 8, 'dropout': 0.3372612406313284, 'hidden_continuous_size': 6, 'attention_head_size': 3, 'learning_rate': 0.030509814806117436}. Best is trial 0 with value: 597.2688598632812.
LOCAL_RANK: 0 - CUDA_VISIBLE_DEVICES: [0]
[I 2023-12-27 11:22:05,644] Trial 15 finished with value: 3501.982421875 and parameters: {'gradient_clip_val': 0.9752806124269155, 'hidden_size': 29, 'dropout': 0.24708413648715102, 'hidden_continuous_size': 14, 'attention_head_size': 2, 'learning_rate': 0.050681589177883866}. Best is trial 0 with value: 597.2688598632812.
LOCAL_RANK: 0 - CUDA_VISIBLE_DEVICES: [0]
[I 2023-12-27 11:22:06,133] Trial 16 finished with value: 1960.396484375 and parameters: {'gradient_clip_val': 0.531882513742227, 'hidden_size': 18, 'dropout': 0.1297832385225282, 'hidden_continuous_size': 8, 'attention_head_size': 4, 'learning_rate': 0.023207376796425983}. Best is trial 0 with value: 597.2688598632812.
LOCAL_RANK: 0 - CUDA_VISIBLE_DEVICES: [0]
[I 2023-12-27 11:22:06,596] Trial 17 finished with value: 2252.635986328125 and parameters: {'gradient_clip_val': 0.6568137792892967, 'hidden_size': 10, 'dropout': 0.25224562320068017, 'hidden_continuous_size': 7, 'attention_head_size': 3, 'learning_rate': 0.049872256132560626}. Best is trial 0 with value: 597.2688598632812.
LOCAL_RANK: 0 - CUDA_VISIBLE_DEVICES: [0]
[I 2023-12-27 11:22:07,148] Trial 18 finished with value: 2157.755126953125 and parameters: {'gradient_clip_val': 0.3566371141566599, 'hidden_size': 21, 'dropout': 0.1505765809322843, 'hidden_continuous_size': 12, 'attention_head_size': 2, 'learning_rate': 0.02069491941148193}. Best is trial 0 with value: 597.2688598632812.
LOCAL_RANK: 0 - CUDA_VISIBLE_DEVICES: [0]
[I 2023-12-27 11:22:07,709] Trial 19 finished with value: 4038.813232421875 and parameters: {'gradient_clip_val': 0.2715627322101773, 'hidden_size': 40, 'dropout': 0.22671459801084473, 'hidden_continuous_size': 19, 'attention_head_size': 4, 'learning_rate': 0.0058930151142266305}. Best is trial 0 with value: 597.2688598632812.
LOCAL_RANK: 0 - CUDA_VISIBLE_DEVICES: [0]
[I 2023-12-27 11:22:08,282] Trial 20 finished with value: 3928.494140625 and parameters: {'gradient_clip_val': 0.5125747100241965, 'hidden_size': 56, 'dropout': 0.15372749189190468, 'hidden_continuous_size': 54, 'attention_head_size': 3, 'learning_rate': 0.06139972336251667}. Best is trial 0 with value: 597.2688598632812.
LOCAL_RANK: 0 - CUDA_VISIBLE_DEVICES: [0]
[I 2023-12-27 11:22:08,799] Trial 21 finished with value: 3031.69140625 and parameters: {'gradient_clip_val': 0.5368481481169021, 'hidden_size': 17, 'dropout': 0.10140631415742314, 'hidden_continuous_size': 9, 'attention_head_size': 4, 'learning_rate': 0.023215324358697196}. Best is trial 0 with value: 597.2688598632812.
LOCAL_RANK: 0 - CUDA_VISIBLE_DEVICES: [0]
[I 2023-12-27 11:22:09,584] Trial 22 finished with value: 2515.056884765625 and parameters: {'gradient_clip_val': 0.7692061955974155, 'hidden_size': 21, 'dropout': 0.14412081959834433, 'hidden_continuous_size': 13, 'attention_head_size': 4, 'learning_rate': 0.04013732278553482}. Best is trial 0 with value: 597.2688598632812.
LOCAL_RANK: 0 - CUDA_VISIBLE_DEVICES: [0]
[I 2023-12-27 11:22:10,110] Trial 23 finished with value: 2539.440673828125 and parameters: {'gradient_clip_val': 0.5431775527204111, 'hidden_size': 29, 'dropout': 0.22486487727425852, 'hidden_continuous_size': 16, 'attention_head_size': 3, 'learning_rate': 0.02108283768894133}. Best is trial 0 with value: 597.2688598632812.
LOCAL_RANK: 0 - CUDA_VISIBLE_DEVICES: [0]
[I 2023-12-27 11:22:10,633] Trial 24 finished with value: 2582.586669921875 and parameters: {'gradient_clip_val': 0.3986685043170535, 'hidden_size': 14, 'dropout': 0.11724007862855368, 'hidden_continuous_size': 9, 'attention_head_size': 4, 'learning_rate': 0.057636398787762166}. Best is trial 0 with value: 597.2688598632812.
LOCAL_RANK: 0 - CUDA_VISIBLE_DEVICES: [0]
[I 2023-12-27 11:22:11,161] Trial 25 finished with value: 3166.359375 and parameters: {'gradient_clip_val': 0.4521348091036471, 'hidden_size': 18, 'dropout': 0.16630600014529998, 'hidden_continuous_size': 10, 'attention_head_size': 3, 'learning_rate': 0.03392764829967368}. Best is trial 0 with value: 597.2688598632812.
LOCAL_RANK: 0 - CUDA_VISIBLE_DEVICES: [0]
[I 2023-12-27 11:22:11,717] Trial 26 finished with value: 2890.858154296875 and parameters: {'gradient_clip_val': 0.5856086693377065, 'hidden_size': 25, 'dropout': 0.20090877624784265, 'hidden_continuous_size': 12, 'attention_head_size': 4, 'learning_rate': 0.09200814409759821}. Best is trial 0 with value: 597.2688598632812.
LOCAL_RANK: 0 - CUDA_VISIBLE_DEVICES: [0]
[I 2023-12-27 11:22:12,239] Trial 27 finished with value: 1680.4517822265625 and parameters: {'gradient_clip_val': 0.8146119465808653, 'hidden_size': 33, 'dropout': 0.12620735970156563, 'hidden_continuous_size': 20, 'attention_head_size': 3, 'learning_rate': 0.04600821115654218}. Best is trial 0 with value: 597.2688598632812.
LOCAL_RANK: 0 - CUDA_VISIBLE_DEVICES: [0]
[I 2023-12-27 11:22:12,790] Trial 28 finished with value: 2630.896728515625 and parameters: {'gradient_clip_val': 0.831662337296661, 'hidden_size': 38, 'dropout': 0.13604032910919361, 'hidden_continuous_size': 23, 'attention_head_size': 2, 'learning_rate': 0.06973530708469423}. Best is trial 0 with value: 597.2688598632812.
LOCAL_RANK: 0 - CUDA_VISIBLE_DEVICES: [0]
[I 2023-12-27 11:22:13,368] Trial 29 finished with value: 3849.216552734375 and parameters: {'gradient_clip_val': 0.9872314324147383, 'hidden_size': 95, 'dropout': 0.3249358851701349, 'hidden_continuous_size': 77, 'attention_head_size': 3, 'learning_rate': 0.04981171538410166}. Best is trial 0 with value: 597.2688598632812.
LOCAL_RANK: 0 - CUDA_VISIBLE_DEVICES: [0]
[I 2023-12-27 11:22:13,949] Trial 30 finished with value: 2818.473388671875 and parameters: {'gradient_clip_val': 0.8199699130716512, 'hidden_size': 147, 'dropout': 0.17197609000827818, 'hidden_continuous_size': 31, 'attention_head_size': 3, 'learning_rate': 0.09857476776875511}. Best is trial 0 with value: 597.2688598632812.
LOCAL_RANK: 0 - CUDA_VISIBLE_DEVICES: [0]
[I 2023-12-27 11:22:14,502] Trial 31 finished with value: 2806.090576171875 and parameters: {'gradient_clip_val': 0.7660327730239773, 'hidden_size': 32, 'dropout': 0.1312290847597693, 'hidden_continuous_size': 14, 'attention_head_size': 3, 'learning_rate': 0.02652188395833261}. Best is trial 0 with value: 597.2688598632812.
LOCAL_RANK: 0 - CUDA_VISIBLE_DEVICES: [0]
[I 2023-12-27 11:22:15,052] Trial 32 finished with value: 2092.275634765625 and parameters: {'gradient_clip_val': 0.6296011861095259, 'hidden_size': 53, 'dropout': 0.10236757989663384, 'hidden_continuous_size': 18, 'attention_head_size': 3, 'learning_rate': 0.039494823960033676}. Best is trial 0 with value: 597.2688598632812.
LOCAL_RANK: 0 - CUDA_VISIBLE_DEVICES: [0]
[I 2023-12-27 11:22:15,603] Trial 33 finished with value: 2279.661865234375 and parameters: {'gradient_clip_val': 0.5906716394747105, 'hidden_size': 26, 'dropout': 0.19661431383187408, 'hidden_continuous_size': 15, 'attention_head_size': 3, 'learning_rate': 0.018725677995228923}. Best is trial 0 with value: 597.2688598632812.
LOCAL_RANK: 0 - CUDA_VISIBLE_DEVICES: [0]
[I 2023-12-27 11:22:16,370] Trial 34 finished with value: 2465.50439453125 and parameters: {'gradient_clip_val': 0.8485824175080291, 'hidden_size': 32, 'dropout': 0.13280749647209433, 'hidden_continuous_size': 16, 'attention_head_size': 4, 'learning_rate': 0.04247658226932662}. Best is trial 0 with value: 597.2688598632812.
LOCAL_RANK: 0 - CUDA_VISIBLE_DEVICES: [0]
[I 2023-12-27 11:22:16,879] Trial 35 finished with value: 3427.139892578125 and parameters: {'gradient_clip_val': 0.6855959880601075, 'hidden_size': 21, 'dropout': 0.17777247909261024, 'hidden_continuous_size': 12, 'attention_head_size': 2, 'learning_rate': 0.06676257539639466}. Best is trial 0 with value: 597.2688598632812.
LOCAL_RANK: 0 - CUDA_VISIBLE_DEVICES: [0]
[I 2023-12-27 11:22:17,442] Trial 36 finished with value: 2152.91796875 and parameters: {'gradient_clip_val': 0.489372720650435, 'hidden_size': 47, 'dropout': 0.21074852994702958, 'hidden_continuous_size': 21, 'attention_head_size': 3, 'learning_rate': 0.026581934063973297}. Best is trial 0 with value: 597.2688598632812.
LOCAL_RANK: 0 - CUDA_VISIBLE_DEVICES: [0]
[I 2023-12-27 11:22:17,951] Trial 37 finished with value: 2595.328125 and parameters: {'gradient_clip_val': 0.45638966112068374, 'hidden_size': 32, 'dropout': 0.18964099804682566, 'hidden_continuous_size': 18, 'attention_head_size': 1, 'learning_rate': 0.014283050147446474}. Best is trial 0 with value: 597.2688598632812.
LOCAL_RANK: 0 - CUDA_VISIBLE_DEVICES: [0]
[I 2023-12-27 11:22:18,476] Trial 38 finished with value: 2287.7421875 and parameters: {'gradient_clip_val': 0.8980195597756621, 'hidden_size': 25, 'dropout': 0.16512754491958295, 'hidden_continuous_size': 8, 'attention_head_size': 3, 'learning_rate': 0.007770633187403134}. Best is trial 0 with value: 597.2688598632812.
LOCAL_RANK: 0 - CUDA_VISIBLE_DEVICES: [0]
[I 2023-12-27 11:22:19,040] Trial 39 finished with value: 2076.231689453125 and parameters: {'gradient_clip_val': 0.7055763720228628, 'hidden_size': 88, 'dropout': 0.22766776326668547, 'hidden_continuous_size': 5, 'attention_head_size': 4, 'learning_rate': 0.03157071868660958}. Best is trial 0 with value: 597.2688598632812.
LOCAL_RANK: 0 - CUDA_VISIBLE_DEVICES: [0]
[I 2023-12-27 11:22:19,599] Trial 40 finished with value: 3148.013671875 and parameters: {'gradient_clip_val': 0.5678470271552524, 'hidden_size': 60, 'dropout': 0.1556661618196311, 'hidden_continuous_size': 28, 'attention_head_size': 2, 'learning_rate': 0.06356457216998712}. Best is trial 0 with value: 597.2688598632812.
LOCAL_RANK: 0 - CUDA_VISIBLE_DEVICES: [0]
[I 2023-12-27 11:22:20,164] Trial 41 finished with value: 2947.338623046875 and parameters: {'gradient_clip_val': 0.7517300957718633, 'hidden_size': 91, 'dropout': 0.23775384589445125, 'hidden_continuous_size': 5, 'attention_head_size': 4, 'learning_rate': 0.03030396070293247}. Best is trial 0 with value: 597.2688598632812.
LOCAL_RANK: 0 - CUDA_VISIBLE_DEVICES: [0]
[I 2023-12-27 11:22:20,703] Trial 42 finished with value: 2564.241943359375 and parameters: {'gradient_clip_val': 0.6097647331826115, 'hidden_size': 76, 'dropout': 0.12047783401099608, 'hidden_continuous_size': 5, 'attention_head_size': 4, 'learning_rate': 0.04746717769209982}. Best is trial 0 with value: 597.2688598632812.
LOCAL_RANK: 0 - CUDA_VISIBLE_DEVICES: [0]
[I 2023-12-27 11:22:21,262] Trial 43 finished with value: 2692.876953125 and parameters: {'gradient_clip_val': 0.7022504453676667, 'hidden_size': 78, 'dropout': 0.20543190491775565, 'hidden_continuous_size': 7, 'attention_head_size': 4, 'learning_rate': 0.03840736379744361}. Best is trial 0 with value: 597.2688598632812.
LOCAL_RANK: 0 - CUDA_VISIBLE_DEVICES: [0]
[I 2023-12-27 11:22:21,800] Trial 44 finished with value: 3062.877685546875 and parameters: {'gradient_clip_val': 0.89328804556901, 'hidden_size': 47, 'dropout': 0.22635753779679454, 'hidden_continuous_size': 6, 'attention_head_size': 4, 'learning_rate': 0.03351759799433164}. Best is trial 0 with value: 597.2688598632812.
LOCAL_RANK: 0 - CUDA_VISIBLE_DEVICES: [0]
[I 2023-12-27 11:22:22,365] Trial 45 finished with value: 3209.572021484375 and parameters: {'gradient_clip_val': 0.7243135553922317, 'hidden_size': 58, 'dropout': 0.1884896591843992, 'hidden_continuous_size': 26, 'attention_head_size': 3, 'learning_rate': 0.07665657631908862}. Best is trial 0 with value: 597.2688598632812.
LOCAL_RANK: 0 - CUDA_VISIBLE_DEVICES: [0]
[I 2023-12-27 11:22:22,950] Trial 46 finished with value: 3354.401611328125 and parameters: {'gradient_clip_val': 0.6202946406748948, 'hidden_size': 117, 'dropout': 0.2615389356578486, 'hidden_continuous_size': 34, 'attention_head_size': 4, 'learning_rate': 0.01835128392228947}. Best is trial 0 with value: 597.2688598632812.
LOCAL_RANK: 0 - CUDA_VISIBLE_DEVICES: [0]
[I 2023-12-27 11:22:23,739] Trial 47 finished with value: 2693.80712890625 and parameters: {'gradient_clip_val': 0.49829490556595324, 'hidden_size': 35, 'dropout': 0.2448404137534251, 'hidden_continuous_size': 20, 'attention_head_size': 3, 'learning_rate': 0.05718391812310662}. Best is trial 0 with value: 597.2688598632812.
LOCAL_RANK: 0 - CUDA_VISIBLE_DEVICES: [0]
[I 2023-12-27 11:22:24,275] Trial 48 finished with value: 3085.937744140625 and parameters: {'gradient_clip_val': 0.6610424762243133, 'hidden_size': 47, 'dropout': 0.27034049301684765, 'hidden_continuous_size': 17, 'attention_head_size': 4, 'learning_rate': 0.026937283507073785}. Best is trial 0 with value: 597.2688598632812.
LOCAL_RANK: 0 - CUDA_VISIBLE_DEVICES: [0]
[I 2023-12-27 11:22:24,822] Trial 49 finished with value: 2153.974853515625 and parameters: {'gradient_clip_val': 0.3592949784751977, 'hidden_size': 67, 'dropout': 0.2880408391658892, 'hidden_continuous_size': 22, 'attention_head_size': 3, 'learning_rate': 0.0785946699626024}. Best is trial 0 with value: 597.2688598632812.
[I 2023-12-27 11:22:24,955] A new study created in memory with name: no-name-5ca77060-9157-4f69-9faa-b41418c4befb
/home/le004/conda/anaconda3/envs/tsff_env/lib/python3.9/site-packages/lightning/fabric/plugins/environments/slurm.py:191: The `srun` command is available on your system but is not used. HINT: If your intention is to run Lightning on SLURM, prepend your python command with `srun` like so: srun python /home/le004/master_thesis/git/TSFusionForecast/code/ ...
LOCAL_RANK: 0 - CUDA_VISIBLE_DEVICES: [0]
[I 2023-12-27 11:22:55,452] Trial 0 finished with value: 719.1599731445312 and parameters: {'gradient_clip_val': 0.8757461012816949, 'hidden_size': 6, 'dropout': 0.41784707396558685, 'hidden_continuous_size': 5, 'attention_head_size': 3, 'learning_rate': 0.0020296311983784487}. Best is trial 0 with value: 719.1599731445312.
LOCAL_RANK: 0 - CUDA_VISIBLE_DEVICES: [0]
[I 2023-12-27 11:23:18,045] Trial 1 finished with value: 540.1102294921875 and parameters: {'gradient_clip_val': 0.2672506230762299, 'hidden_size': 39, 'dropout': 0.2134964749192322, 'hidden_continuous_size': 14, 'attention_head_size': 2, 'learning_rate': 0.004436384655703467}. Best is trial 1 with value: 540.1102294921875.
LOCAL_RANK: 0 - CUDA_VISIBLE_DEVICES: [0]
[I 2023-12-27 11:23:18,525] Trial 2 finished with value: 891.6959838867188 and parameters: {'gradient_clip_val': 0.8283772077626734, 'hidden_size': 41, 'dropout': 0.48508533258033826, 'hidden_continuous_size': 7, 'attention_head_size': 4, 'learning_rate': 0.0006433876869410038}. Best is trial 1 with value: 540.1102294921875.
LOCAL_RANK: 0 - CUDA_VISIBLE_DEVICES: [0]
[I 2023-12-27 11:23:18,961] Trial 3 finished with value: 1001.0255737304688 and parameters: {'gradient_clip_val': 0.4003752329205019, 'hidden_size': 6, 'dropout': 0.20884154881601646, 'hidden_continuous_size': 5, 'attention_head_size': 4, 'learning_rate': 0.011929846177803077}. Best is trial 1 with value: 540.1102294921875.
LOCAL_RANK: 0 - CUDA_VISIBLE_DEVICES: [0]
[I 2023-12-27 11:23:19,386] Trial 4 finished with value: 823.6504516601562 and parameters: {'gradient_clip_val': 0.12238662662746899, 'hidden_size': 5, 'dropout': 0.35477042534734315, 'hidden_continuous_size': 5, 'attention_head_size': 2, 'learning_rate': 0.005122957149448434}. Best is trial 1 with value: 540.1102294921875.
LOCAL_RANK: 0 - CUDA_VISIBLE_DEVICES: [0]
[I 2023-12-27 11:23:19,851] Trial 5 finished with value: 715.7271118164062 and parameters: {'gradient_clip_val': 0.1918640231179464, 'hidden_size': 10, 'dropout': 0.26169436175547056, 'hidden_continuous_size': 5, 'attention_head_size': 1, 'learning_rate': 0.0005204817293617074}. Best is trial 1 with value: 540.1102294921875.
LOCAL_RANK: 0 - CUDA_VISIBLE_DEVICES: [0]
[I 2023-12-27 11:23:20,318] Trial 6 finished with value: 844.118408203125 and parameters: {'gradient_clip_val': 0.40143896846475, 'hidden_size': 31, 'dropout': 0.2911192037855398, 'hidden_continuous_size': 14, 'attention_head_size': 3, 'learning_rate': 0.0014993335468032342}. Best is trial 1 with value: 540.1102294921875.
LOCAL_RANK: 0 - CUDA_VISIBLE_DEVICES: [0]
[I 2023-12-27 11:23:21,107] Trial 7 finished with value: 914.4898071289062 and parameters: {'gradient_clip_val': 0.46414320651630664, 'hidden_size': 16, 'dropout': 0.13463266958718223, 'hidden_continuous_size': 10, 'attention_head_size': 4, 'learning_rate': 0.0009318653875797447}. Best is trial 1 with value: 540.1102294921875.
LOCAL_RANK: 0 - CUDA_VISIBLE_DEVICES: [0]
[I 2023-12-27 11:23:21,624] Trial 8 finished with value: 691.1979370117188 and parameters: {'gradient_clip_val': 0.49361931880721144, 'hidden_size': 9, 'dropout': 0.29858469919706176, 'hidden_continuous_size': 5, 'attention_head_size': 4, 'learning_rate': 0.001809793335321192}. Best is trial 1 with value: 540.1102294921875.
LOCAL_RANK: 0 - CUDA_VISIBLE_DEVICES: [0]
