[I 2023-12-27 11:07:57,194] Trial 16 finished with value: 109.93509674072266 and parameters: {'gradient_clip_val': 0.38324110221532315, 'hidden_size': 21, 'dropout': 0.4169222784310246, 'hidden_continuous_size': 6, 'attention_head_size': 4, 'learning_rate': 0.0032571508126799068}. Best is trial 0 with value: 38.035186767578125.
LOCAL_RANK: 0 - CUDA_VISIBLE_DEVICES: [0]
[I 2023-12-27 11:07:57,726] Trial 17 finished with value: 95.29488372802734 and parameters: {'gradient_clip_val': 0.5240460532746373, 'hidden_size': 140, 'dropout': 0.4984665052937552, 'hidden_continuous_size': 123, 'attention_head_size': 3, 'learning_rate': 0.0005100467371377371}. Best is trial 0 with value: 38.035186767578125.
LOCAL_RANK: 0 - CUDA_VISIBLE_DEVICES: [0]
[I 2023-12-27 11:07:58,203] Trial 18 finished with value: 96.4277114868164 and parameters: {'gradient_clip_val': 0.7396547124146834, 'hidden_size': 75, 'dropout': 0.2946889120226373, 'hidden_continuous_size': 13, 'attention_head_size': 2, 'learning_rate': 0.0017439980155589231}. Best is trial 0 with value: 38.035186767578125.
LOCAL_RANK: 0 - CUDA_VISIBLE_DEVICES: [0]
[I 2023-12-27 11:07:58,684] Trial 19 finished with value: 88.99020385742188 and parameters: {'gradient_clip_val': 0.3124184259831995, 'hidden_size': 30, 'dropout': 0.41234931425286875, 'hidden_continuous_size': 10, 'attention_head_size': 4, 'learning_rate': 0.000923783161884063}. Best is trial 0 with value: 38.035186767578125.
LOCAL_RANK: 0 - CUDA_VISIBLE_DEVICES: [0]
[I 2023-12-27 11:07:59,180] Trial 20 finished with value: 128.13095092773438 and parameters: {'gradient_clip_val': 0.4387868619610873, 'hidden_size': 94, 'dropout': 0.46232797845601414, 'hidden_continuous_size': 32, 'attention_head_size': 3, 'learning_rate': 0.006978162721562392}. Best is trial 0 with value: 38.035186767578125.
LOCAL_RANK: 0 - CUDA_VISIBLE_DEVICES: [0]
[I 2023-12-27 11:07:59,627] Trial 21 finished with value: 77.44402313232422 and parameters: {'gradient_clip_val': 0.3143485028641468, 'hidden_size': 30, 'dropout': 0.4292836422800679, 'hidden_continuous_size': 10, 'attention_head_size': 4, 'learning_rate': 0.0008938140406778126}. Best is trial 0 with value: 38.035186767578125.
LOCAL_RANK: 0 - CUDA_VISIBLE_DEVICES: [0]
[I 2023-12-27 11:08:00,083] Trial 22 finished with value: 105.50689697265625 and parameters: {'gradient_clip_val': 0.3529836602460277, 'hidden_size': 15, 'dropout': 0.49915208726155524, 'hidden_continuous_size': 5, 'attention_head_size': 4, 'learning_rate': 0.0008232307690747773}. Best is trial 0 with value: 38.035186767578125.
LOCAL_RANK: 0 - CUDA_VISIBLE_DEVICES: [0]
[I 2023-12-27 11:08:00,805] Trial 23 finished with value: 85.98388671875 and parameters: {'gradient_clip_val': 0.22444725773106233, 'hidden_size': 39, 'dropout': 0.4478410745836741, 'hidden_continuous_size': 13, 'attention_head_size': 3, 'learning_rate': 0.0018078875663794208}. Best is trial 0 with value: 38.035186767578125.
LOCAL_RANK: 0 - CUDA_VISIBLE_DEVICES: [0]
[I 2023-12-27 11:08:01,292] Trial 24 finished with value: 91.2125015258789 and parameters: {'gradient_clip_val': 0.3214343424246859, 'hidden_size': 60, 'dropout': 0.41338511706690473, 'hidden_continuous_size': 21, 'attention_head_size': 4, 'learning_rate': 0.000737041824686284}. Best is trial 0 with value: 38.035186767578125.
LOCAL_RANK: 0 - CUDA_VISIBLE_DEVICES: [0]
[I 2023-12-27 11:08:01,771] Trial 25 finished with value: 114.5014419555664 and parameters: {'gradient_clip_val': 0.4360807276739483, 'hidden_size': 33, 'dropout': 0.462888994038341, 'hidden_continuous_size': 9, 'attention_head_size': 3, 'learning_rate': 0.0012615035505127287}. Best is trial 0 with value: 38.035186767578125.
LOCAL_RANK: 0 - CUDA_VISIBLE_DEVICES: [0]
[I 2023-12-27 11:08:02,226] Trial 26 finished with value: 126.02124786376953 and parameters: {'gradient_clip_val': 0.5653656775404734, 'hidden_size': 24, 'dropout': 0.4049328347943113, 'hidden_continuous_size': 7, 'attention_head_size': 4, 'learning_rate': 0.0007532116799375028}. Best is trial 0 with value: 38.035186767578125.
LOCAL_RANK: 0 - CUDA_VISIBLE_DEVICES: [0]
[I 2023-12-27 11:08:02,740] Trial 27 finished with value: 100.15332794189453 and parameters: {'gradient_clip_val': 0.296968049395895, 'hidden_size': 115, 'dropout': 0.4575542616961045, 'hidden_continuous_size': 85, 'attention_head_size': 3, 'learning_rate': 0.002779816893470524}. Best is trial 0 with value: 38.035186767578125.
LOCAL_RANK: 0 - CUDA_VISIBLE_DEVICES: [0]
[I 2023-12-27 11:08:03,229] Trial 28 finished with value: 105.31741333007812 and parameters: {'gradient_clip_val': 0.3988094963679078, 'hidden_size': 67, 'dropout': 0.3513229787492764, 'hidden_continuous_size': 22, 'attention_head_size': 2, 'learning_rate': 0.0013985971950306987}. Best is trial 0 with value: 38.035186767578125.
LOCAL_RANK: 0 - CUDA_VISIBLE_DEVICES: [0]
[I 2023-12-27 11:08:03,689] Trial 29 finished with value: 100.2015151977539 and parameters: {'gradient_clip_val': 0.25180259222950463, 'hidden_size': 94, 'dropout': 0.42713856579370024, 'hidden_continuous_size': 18, 'attention_head_size': 1, 'learning_rate': 0.0007952034401638417}. Best is trial 0 with value: 38.035186767578125.
LOCAL_RANK: 0 - CUDA_VISIBLE_DEVICES: [0]
[I 2023-12-27 11:08:04,200] Trial 30 finished with value: 102.99435424804688 and parameters: {'gradient_clip_val': 0.48077768492270084, 'hidden_size': 72, 'dropout': 0.39469715222546786, 'hidden_continuous_size': 12, 'attention_head_size': 4, 'learning_rate': 0.0021462649041303805}. Best is trial 0 with value: 38.035186767578125.
LOCAL_RANK: 0 - CUDA_VISIBLE_DEVICES: [0]
[I 2023-12-27 11:08:04,670] Trial 31 finished with value: 98.1660385131836 and parameters: {'gradient_clip_val': 0.20429296839444022, 'hidden_size': 41, 'dropout': 0.4546422200506719, 'hidden_continuous_size': 12, 'attention_head_size': 3, 'learning_rate': 0.0016679379575233124}. Best is trial 0 with value: 38.035186767578125.
LOCAL_RANK: 0 - CUDA_VISIBLE_DEVICES: [0]
[I 2023-12-27 11:08:05,164] Trial 32 finished with value: 124.91928100585938 and parameters: {'gradient_clip_val': 0.26895007693631506, 'hidden_size': 35, 'dropout': 0.44543125003820433, 'hidden_continuous_size': 10, 'attention_head_size': 3, 'learning_rate': 0.0010905872122080826}. Best is trial 0 with value: 38.035186767578125.
LOCAL_RANK: 0 - CUDA_VISIBLE_DEVICES: [0]
[I 2023-12-27 11:08:05,667] Trial 33 finished with value: 85.88838958740234 and parameters: {'gradient_clip_val': 0.38004672050595273, 'hidden_size': 47, 'dropout': 0.2254561346579848, 'hidden_continuous_size': 13, 'attention_head_size': 2, 'learning_rate': 0.0006628755898288179}. Best is trial 0 with value: 38.035186767578125.
LOCAL_RANK: 0 - CUDA_VISIBLE_DEVICES: [0]
[I 2023-12-27 11:08:06,159] Trial 34 finished with value: 114.99600982666016 and parameters: {'gradient_clip_val': 0.3633585731041863, 'hidden_size': 49, 'dropout': 0.21288366859377666, 'hidden_continuous_size': 18, 'attention_head_size': 2, 'learning_rate': 0.0006500084707979038}. Best is trial 0 with value: 38.035186767578125.
LOCAL_RANK: 0 - CUDA_VISIBLE_DEVICES: [0]
[I 2023-12-27 11:08:06,625] Trial 35 finished with value: 88.10525512695312 and parameters: {'gradient_clip_val': 0.40844383173249305, 'hidden_size': 50, 'dropout': 0.21256567020847117, 'hidden_continuous_size': 16, 'attention_head_size': 1, 'learning_rate': 0.0005037463947018187}. Best is trial 0 with value: 38.035186767578125.
LOCAL_RANK: 0 - CUDA_VISIBLE_DEVICES: [0]
[I 2023-12-27 11:08:07,326] Trial 36 finished with value: 82.09831237792969 and parameters: {'gradient_clip_val': 0.31786640320662685, 'hidden_size': 67, 'dropout': 0.35385602618725304, 'hidden_continuous_size': 14, 'attention_head_size': 2, 'learning_rate': 0.0007066972377344708}. Best is trial 0 with value: 38.035186767578125.
LOCAL_RANK: 0 - CUDA_VISIBLE_DEVICES: [0]
[I 2023-12-27 11:08:07,826] Trial 37 finished with value: 89.82331085205078 and parameters: {'gradient_clip_val': 0.3192197991882794, 'hidden_size': 85, 'dropout': 0.36619073471353364, 'hidden_continuous_size': 43, 'attention_head_size': 2, 'learning_rate': 0.0009910133251330457}. Best is trial 0 with value: 38.035186767578125.
LOCAL_RANK: 0 - CUDA_VISIBLE_DEVICES: [0]
[I 2023-12-27 11:08:08,340] Trial 38 finished with value: 99.02294921875 and parameters: {'gradient_clip_val': 0.2801435712864688, 'hidden_size': 117, 'dropout': 0.3864661848012949, 'hidden_continuous_size': 66, 'attention_head_size': 1, 'learning_rate': 0.0006655890852454332}. Best is trial 0 with value: 38.035186767578125.
LOCAL_RANK: 0 - CUDA_VISIBLE_DEVICES: [0]
[I 2023-12-27 11:08:08,830] Trial 39 finished with value: 100.6624984741211 and parameters: {'gradient_clip_val': 0.3402838051374576, 'hidden_size': 65, 'dropout': 0.3439826701995339, 'hidden_continuous_size': 32, 'attention_head_size': 2, 'learning_rate': 0.0012742582869816942}. Best is trial 0 with value: 38.035186767578125.
LOCAL_RANK: 0 - CUDA_VISIBLE_DEVICES: [0]
[I 2023-12-27 11:08:09,320] Trial 40 finished with value: 102.99797821044922 and parameters: {'gradient_clip_val': 0.4166633835276004, 'hidden_size': 96, 'dropout': 0.39479354479720996, 'hidden_continuous_size': 25, 'attention_head_size': 2, 'learning_rate': 0.0008519159878841647}. Best is trial 0 with value: 38.035186767578125.
LOCAL_RANK: 0 - CUDA_VISIBLE_DEVICES: [0]
[I 2023-12-27 11:08:09,803] Trial 41 finished with value: 130.5227508544922 and parameters: {'gradient_clip_val': 0.37851107898236463, 'hidden_size': 79, 'dropout': 0.3223564404769873, 'hidden_continuous_size': 14, 'attention_head_size': 2, 'learning_rate': 0.000651070107932508}. Best is trial 0 with value: 38.035186767578125.
LOCAL_RANK: 0 - CUDA_VISIBLE_DEVICES: [0]
[I 2023-12-27 11:08:10,253] Trial 42 finished with value: 103.56317138671875 and parameters: {'gradient_clip_val': 0.36073054545253724, 'hidden_size': 47, 'dropout': 0.4730130790745454, 'hidden_continuous_size': 18, 'attention_head_size': 2, 'learning_rate': 0.0005023468405272527}. Best is trial 0 with value: 38.035186767578125.
LOCAL_RANK: 0 - CUDA_VISIBLE_DEVICES: [0]
[I 2023-12-27 11:08:10,740] Trial 43 finished with value: 95.33316040039062 and parameters: {'gradient_clip_val': 0.29587076300780973, 'hidden_size': 38, 'dropout': 0.42999771084258254, 'hidden_continuous_size': 16, 'attention_head_size': 2, 'learning_rate': 0.000677212592628746}. Best is trial 0 with value: 38.035186767578125.
LOCAL_RANK: 0 - CUDA_VISIBLE_DEVICES: [0]
[I 2023-12-27 11:08:11,215] Trial 44 finished with value: 120.78985595703125 and parameters: {'gradient_clip_val': 0.47565157285360454, 'hidden_size': 50, 'dropout': 0.48075527541986396, 'hidden_continuous_size': 28, 'attention_head_size': 1, 'learning_rate': 0.0009287132615538533}. Best is trial 0 with value: 38.035186767578125.
LOCAL_RANK: 0 - CUDA_VISIBLE_DEVICES: [0]
[I 2023-12-27 11:08:11,720] Trial 45 finished with value: 118.10588836669922 and parameters: {'gradient_clip_val': 0.3348302204500439, 'hidden_size': 62, 'dropout': 0.47552577724229433, 'hidden_continuous_size': 11, 'attention_head_size': 3, 'learning_rate': 0.0006369848997934461}. Best is trial 0 with value: 38.035186767578125.
LOCAL_RANK: 0 - CUDA_VISIBLE_DEVICES: [0]
[I 2023-12-27 11:08:12,200] Trial 46 finished with value: 117.77623748779297 and parameters: {'gradient_clip_val': 0.3946876341953953, 'hidden_size': 57, 'dropout': 0.363486511042398, 'hidden_continuous_size': 14, 'attention_head_size': 3, 'learning_rate': 0.0011729773093218923}. Best is trial 0 with value: 38.035186767578125.
LOCAL_RANK: 0 - CUDA_VISIBLE_DEVICES: [0]
[I 2023-12-27 11:08:12,700] Trial 47 finished with value: 96.19522094726562 and parameters: {'gradient_clip_val': 0.5299699538579227, 'hidden_size': 136, 'dropout': 0.4451859130025122, 'hidden_continuous_size': 8, 'attention_head_size': 2, 'learning_rate': 0.001539786261746276}. Best is trial 0 with value: 38.035186767578125.
LOCAL_RANK: 0 - CUDA_VISIBLE_DEVICES: [0]
[I 2023-12-27 11:08:13,187] Trial 48 finished with value: 117.04876708984375 and parameters: {'gradient_clip_val': 0.4487821731786381, 'hidden_size': 32, 'dropout': 0.4778607865922206, 'hidden_continuous_size': 20, 'attention_head_size': 2, 'learning_rate': 0.0005982404660590217}. Best is trial 0 with value: 38.035186767578125.
LOCAL_RANK: 0 - CUDA_VISIBLE_DEVICES: [0]
[I 2023-12-27 11:08:13,909] Trial 49 finished with value: 104.87105560302734 and parameters: {'gradient_clip_val': 0.2874193256341949, 'hidden_size': 43, 'dropout': 0.4323569207563366, 'hidden_continuous_size': 15, 'attention_head_size': 3, 'learning_rate': 0.0011854965032802233}. Best is trial 0 with value: 38.035186767578125.
[I 2023-12-27 11:08:14,035] A new study created in memory with name: no-name-62dbd6ca-c300-4b19-b8d1-ddb1eea69b31
/home/le004/conda/anaconda3/envs/tsff_env/lib/python3.9/site-packages/lightning/fabric/plugins/environments/slurm.py:191: The `srun` command is available on your system but is not used. HINT: If your intention is to run Lightning on SLURM, prepend your python command with `srun` like so: srun python /home/le004/master_thesis/git/TSFusionForecast/code/ ...
LOCAL_RANK: 0 - CUDA_VISIBLE_DEVICES: [0]
[I 2023-12-27 11:08:42,901] Trial 0 finished with value: 2698.457275390625 and parameters: {'gradient_clip_val': 0.7139717292499189, 'hidden_size': 11, 'dropout': 0.2610464197084304, 'hidden_continuous_size': 6, 'attention_head_size': 4, 'learning_rate': 0.0010578799007220138}. Best is trial 0 with value: 2698.457275390625.
LOCAL_RANK: 0 - CUDA_VISIBLE_DEVICES: [0]
[I 2023-12-27 11:09:11,638] Trial 1 finished with value: 696.4833984375 and parameters: {'gradient_clip_val': 0.3627644283110249, 'hidden_size': 63, 'dropout': 0.346788813015126, 'hidden_continuous_size': 15, 'attention_head_size': 3, 'learning_rate': 0.002776675382796704}. Best is trial 1 with value: 696.4833984375.
LOCAL_RANK: 0 - CUDA_VISIBLE_DEVICES: [0]
[I 2023-12-27 11:09:16,586] Trial 2 finished with value: 3576.169921875 and parameters: {'gradient_clip_val': 0.17208282821207022, 'hidden_size': 25, 'dropout': 0.36670216191437266, 'hidden_continuous_size': 23, 'attention_head_size': 1, 'learning_rate': 0.0007416811705270498}. Best is trial 1 with value: 696.4833984375.
LOCAL_RANK: 0 - CUDA_VISIBLE_DEVICES: [0]
[I 2023-12-27 11:09:17,079] Trial 3 finished with value: 3458.986083984375 and parameters: {'gradient_clip_val': 0.3491318757301879, 'hidden_size': 118, 'dropout': 0.43253089289514035, 'hidden_continuous_size': 95, 'attention_head_size': 1, 'learning_rate': 0.020626748144090545}. Best is trial 1 with value: 696.4833984375.
LOCAL_RANK: 0 - CUDA_VISIBLE_DEVICES: [0]
[I 2023-12-27 11:09:17,539] Trial 4 finished with value: 4033.126953125 and parameters: {'gradient_clip_val': 0.2963763438095648, 'hidden_size': 54, 'dropout': 0.2438261420504087, 'hidden_continuous_size': 26, 'attention_head_size': 1, 'learning_rate': 0.0006189407389497398}. Best is trial 1 with value: 696.4833984375.
LOCAL_RANK: 0 - CUDA_VISIBLE_DEVICES: [0]
[I 2023-12-27 11:09:17,997] Trial 5 finished with value: 4102.16748046875 and parameters: {'gradient_clip_val': 0.3081623415027576, 'hidden_size': 17, 'dropout': 0.1564000710616562, 'hidden_continuous_size': 8, 'attention_head_size': 4, 'learning_rate': 0.03335758435119259}. Best is trial 1 with value: 696.4833984375.
LOCAL_RANK: 0 - CUDA_VISIBLE_DEVICES: [0]
[I 2023-12-27 11:09:18,455] Trial 6 finished with value: 3678.75390625 and parameters: {'gradient_clip_val': 0.3863684795989913, 'hidden_size': 13, 'dropout': 0.39007311376595666, 'hidden_continuous_size': 8, 'attention_head_size': 3, 'learning_rate': 0.009540962407583325}. Best is trial 1 with value: 696.4833984375.
LOCAL_RANK: 0 - CUDA_VISIBLE_DEVICES: [0]
[I 2023-12-27 11:09:19,161] Trial 7 finished with value: 3735.619140625 and parameters: {'gradient_clip_val': 0.3358522893197633, 'hidden_size': 30, 'dropout': 0.20102328902512223, 'hidden_continuous_size': 12, 'attention_head_size': 3, 'learning_rate': 0.04358515547979233}. Best is trial 1 with value: 696.4833984375.
LOCAL_RANK: 0 - CUDA_VISIBLE_DEVICES: [0]
[I 2023-12-27 11:09:19,653] Trial 8 finished with value: 3931.50390625 and parameters: {'gradient_clip_val': 0.7546441716346339, 'hidden_size': 23, 'dropout': 0.3686477977481235, 'hidden_continuous_size': 16, 'attention_head_size': 1, 'learning_rate': 0.06836369672049451}. Best is trial 1 with value: 696.4833984375.
LOCAL_RANK: 0 - CUDA_VISIBLE_DEVICES: [0]
[I 2023-12-27 11:09:20,147] Trial 9 finished with value: 4699.75732421875 and parameters: {'gradient_clip_val': 0.5779436007347255, 'hidden_size': 68, 'dropout': 0.17823896351907662, 'hidden_continuous_size': 50, 'attention_head_size': 1, 'learning_rate': 0.01652021075370443}. Best is trial 1 with value: 696.4833984375.
LOCAL_RANK: 0 - CUDA_VISIBLE_DEVICES: [0]
[I 2023-12-27 11:09:20,602] Trial 10 finished with value: 3923.36328125 and parameters: {'gradient_clip_val': 0.10481757387719987, 'hidden_size': 5, 'dropout': 0.4949156260807106, 'hidden_continuous_size': 5, 'attention_head_size': 2, 'learning_rate': 0.0031340404920481854}. Best is trial 1 with value: 696.4833984375.
LOCAL_RANK: 0 - CUDA_VISIBLE_DEVICES: [0]
[I 2023-12-27 11:09:21,084] Trial 11 finished with value: 3618.912109375 and parameters: {'gradient_clip_val': 0.8442861534771204, 'hidden_size': 8, 'dropout': 0.2949221136181177, 'hidden_continuous_size': 5, 'attention_head_size': 4, 'learning_rate': 0.0022748153538451996}. Best is trial 1 with value: 696.4833984375.
LOCAL_RANK: 0 - CUDA_VISIBLE_DEVICES: [0]
[I 2023-12-27 11:09:21,566] Trial 12 finished with value: 4143.751953125 and parameters: {'gradient_clip_val': 0.5232825545883386, 'hidden_size': 10, 'dropout': 0.28771174011390627, 'hidden_continuous_size': 6, 'attention_head_size': 3, 'learning_rate': 0.0017035986345096136}. Best is trial 1 with value: 696.4833984375.
LOCAL_RANK: 0 - CUDA_VISIBLE_DEVICES: [0]
[I 2023-12-27 11:09:22,092] Trial 13 finished with value: 3261.084228515625 and parameters: {'gradient_clip_val': 0.9251916798464619, 'hidden_size': 146, 'dropout': 0.24882452794201632, 'hidden_continuous_size': 11, 'attention_head_size': 4, 'learning_rate': 0.004182742792921692}. Best is trial 1 with value: 696.4833984375.
LOCAL_RANK: 0 - CUDA_VISIBLE_DEVICES: [0]
[I 2023-12-27 11:09:22,567] Trial 14 finished with value: 3506.689453125 and parameters: {'gradient_clip_val': 0.5865940509671859, 'hidden_size': 43, 'dropout': 0.12172011365643781, 'hidden_continuous_size': 8, 'attention_head_size': 2, 'learning_rate': 0.0011708792103682635}. Best is trial 1 with value: 696.4833984375.
LOCAL_RANK: 0 - CUDA_VISIBLE_DEVICES: [0]
[I 2023-12-27 11:09:23,054] Trial 15 finished with value: 3839.4970703125 and parameters: {'gradient_clip_val': 0.9519821072492729, 'hidden_size': 79, 'dropout': 0.315484610232154, 'hidden_continuous_size': 15, 'attention_head_size': 4, 'learning_rate': 0.004641241193092394}. Best is trial 1 with value: 696.4833984375.
LOCAL_RANK: 0 - CUDA_VISIBLE_DEVICES: [0]
[I 2023-12-27 11:09:23,530] Trial 16 finished with value: 3900.278076171875 and parameters: {'gradient_clip_val': 0.45465827496652605, 'hidden_size': 38, 'dropout': 0.3283722495181941, 'hidden_continuous_size': 10, 'attention_head_size': 3, 'learning_rate': 0.0015369780014522021}. Best is trial 1 with value: 696.4833984375.
LOCAL_RANK: 0 - CUDA_VISIBLE_DEVICES: [0]
[I 2023-12-27 11:09:23,990] Trial 17 finished with value: 3963.1025390625 and parameters: {'gradient_clip_val': 0.6797537754317934, 'hidden_size': 17, 'dropout': 0.2406833865190742, 'hidden_continuous_size': 6, 'attention_head_size': 2, 'learning_rate': 0.000934737057628126}. Best is trial 1 with value: 696.4833984375.
LOCAL_RANK: 0 - CUDA_VISIBLE_DEVICES: [0]
[I 2023-12-27 11:09:24,507] Trial 18 finished with value: 3157.800048828125 and parameters: {'gradient_clip_val': 0.7075726006474844, 'hidden_size': 89, 'dropout': 0.2765298908769095, 'hidden_continuous_size': 30, 'attention_head_size': 4, 'learning_rate': 0.0005600000780856013}. Best is trial 1 with value: 696.4833984375.
LOCAL_RANK: 0 - CUDA_VISIBLE_DEVICES: [0]
[I 2023-12-27 11:09:24,973] Trial 19 finished with value: 3373.596923828125 and parameters: {'gradient_clip_val': 0.45449002379039427, 'hidden_size': 50, 'dropout': 0.33303214755446486, 'hidden_continuous_size': 14, 'attention_head_size': 3, 'learning_rate': 0.0024792993335046414}. Best is trial 1 with value: 696.4833984375.
LOCAL_RANK: 0 - CUDA_VISIBLE_DEVICES: [0]
[I 2023-12-27 11:09:25,744] Trial 20 finished with value: 3107.4482421875 and parameters: {'gradient_clip_val': 0.2345345667131774, 'hidden_size': 34, 'dropout': 0.19978208971891184, 'hidden_continuous_size': 10, 'attention_head_size': 4, 'learning_rate': 0.006821700134113956}. Best is trial 1 with value: 696.4833984375.
LOCAL_RANK: 0 - CUDA_VISIBLE_DEVICES: [0]
[I 2023-12-27 11:09:26,257] Trial 21 finished with value: 3612.880859375 and parameters: {'gradient_clip_val': 0.21877690039810083, 'hidden_size': 31, 'dropout': 0.2030928379166788, 'hidden_continuous_size': 9, 'attention_head_size': 4, 'learning_rate': 0.006190324885314231}. Best is trial 1 with value: 696.4833984375.
LOCAL_RANK: 0 - CUDA_VISIBLE_DEVICES: [0]
[I 2023-12-27 11:09:26,761] Trial 22 finished with value: 3707.5234375 and parameters: {'gradient_clip_val': 0.254639195580507, 'hidden_size': 40, 'dropout': 0.22893574909456263, 'hidden_continuous_size': 12, 'attention_head_size': 4, 'learning_rate': 0.009815244858095594}. Best is trial 1 with value: 696.4833984375.
LOCAL_RANK: 0 - CUDA_VISIBLE_DEVICES: [0]
[I 2023-12-27 11:09:27,275] Trial 23 finished with value: 3522.388916015625 and parameters: {'gradient_clip_val': 0.4090884376857815, 'hidden_size': 59, 'dropout': 0.2686857595367062, 'hidden_continuous_size': 7, 'attention_head_size': 3, 'learning_rate': 0.001296297680430623}. Best is trial 1 with value: 696.4833984375.
LOCAL_RANK: 0 - CUDA_VISIBLE_DEVICES: [0]
