[I 2023-12-27 11:12:10,207] Trial 40 finished with value: 48.62307357788086 and parameters: {'gradient_clip_val': 0.21839241406068718, 'hidden_size': 27, 'dropout': 0.45928271147868394, 'hidden_continuous_size': 14, 'attention_head_size': 2, 'learning_rate': 0.018148653721968024}. Best is trial 0 with value: 10.308547973632812.
LOCAL_RANK: 0 - CUDA_VISIBLE_DEVICES: [0]
[I 2023-12-27 11:12:10,673] Trial 41 finished with value: 46.72060012817383 and parameters: {'gradient_clip_val': 0.8826830978151088, 'hidden_size': 24, 'dropout': 0.20390307434991195, 'hidden_continuous_size': 12, 'attention_head_size': 1, 'learning_rate': 0.01149733396949835}. Best is trial 0 with value: 10.308547973632812.
LOCAL_RANK: 0 - CUDA_VISIBLE_DEVICES: [0]
[I 2023-12-27 11:12:11,120] Trial 42 finished with value: 54.58197021484375 and parameters: {'gradient_clip_val': 0.9210105394174896, 'hidden_size': 18, 'dropout': 0.2484505843101625, 'hidden_continuous_size': 15, 'attention_head_size': 1, 'learning_rate': 0.012340662095369501}. Best is trial 0 with value: 10.308547973632812.
LOCAL_RANK: 0 - CUDA_VISIBLE_DEVICES: [0]
[I 2023-12-27 11:12:11,608] Trial 43 finished with value: 48.2424430847168 and parameters: {'gradient_clip_val': 0.9885027418591502, 'hidden_size': 51, 'dropout': 0.47366560823592657, 'hidden_continuous_size': 19, 'attention_head_size': 1, 'learning_rate': 0.007757621209217696}. Best is trial 0 with value: 10.308547973632812.
LOCAL_RANK: 0 - CUDA_VISIBLE_DEVICES: [0]
[I 2023-12-27 11:12:12,057] Trial 44 finished with value: 36.081180572509766 and parameters: {'gradient_clip_val': 0.7781719046722742, 'hidden_size': 27, 'dropout': 0.486245533406301, 'hidden_continuous_size': 12, 'attention_head_size': 1, 'learning_rate': 0.005668942721215501}. Best is trial 0 with value: 10.308547973632812.
LOCAL_RANK: 0 - CUDA_VISIBLE_DEVICES: [0]
[I 2023-12-27 11:12:12,509] Trial 45 finished with value: 57.501556396484375 and parameters: {'gradient_clip_val': 0.7655456386195494, 'hidden_size': 32, 'dropout': 0.48095318952930766, 'hidden_continuous_size': 11, 'attention_head_size': 1, 'learning_rate': 0.006287763964233074}. Best is trial 0 with value: 10.308547973632812.
LOCAL_RANK: 0 - CUDA_VISIBLE_DEVICES: [0]
[I 2023-12-27 11:12:12,963] Trial 46 finished with value: 42.96256637573242 and parameters: {'gradient_clip_val': 0.5648082851806516, 'hidden_size': 21, 'dropout': 0.48113176187042345, 'hidden_continuous_size': 9, 'attention_head_size': 1, 'learning_rate': 0.002242960077917418}. Best is trial 0 with value: 10.308547973632812.
LOCAL_RANK: 0 - CUDA_VISIBLE_DEVICES: [0]
[I 2023-12-27 11:12:13,448] Trial 47 finished with value: 48.79570388793945 and parameters: {'gradient_clip_val': 0.6657173417861527, 'hidden_size': 26, 'dropout': 0.4434516165321394, 'hidden_continuous_size': 12, 'attention_head_size': 1, 'learning_rate': 0.0060940027801414205}. Best is trial 0 with value: 10.308547973632812.
LOCAL_RANK: 0 - CUDA_VISIBLE_DEVICES: [0]
[I 2023-12-27 11:12:13,922] Trial 48 finished with value: 43.0399055480957 and parameters: {'gradient_clip_val': 0.7721003092434484, 'hidden_size': 12, 'dropout': 0.4859260873234991, 'hidden_continuous_size': 7, 'attention_head_size': 1, 'learning_rate': 0.008283933775798162}. Best is trial 0 with value: 10.308547973632812.
LOCAL_RANK: 0 - CUDA_VISIBLE_DEVICES: [0]
[I 2023-12-27 11:12:14,645] Trial 49 finished with value: 42.89495849609375 and parameters: {'gradient_clip_val': 0.4454157670036449, 'hidden_size': 8, 'dropout': 0.45231646180539425, 'hidden_continuous_size': 7, 'attention_head_size': 2, 'learning_rate': 0.005043910636777965}. Best is trial 0 with value: 10.308547973632812.
[I 2023-12-27 11:12:14,776] A new study created in memory with name: no-name-70d2b5aa-6d12-4bab-ac21-7569d925a6d2
/home/le004/conda/anaconda3/envs/tsff_env/lib/python3.9/site-packages/lightning/fabric/plugins/environments/slurm.py:191: The `srun` command is available on your system but is not used. HINT: If your intention is to run Lightning on SLURM, prepend your python command with `srun` like so: srun python /home/le004/master_thesis/git/TSFusionForecast/code/ ...
LOCAL_RANK: 0 - CUDA_VISIBLE_DEVICES: [0]
[I 2023-12-27 11:12:46,892] Trial 0 finished with value: 5.395663738250732 and parameters: {'gradient_clip_val': 0.7526960614135981, 'hidden_size': 14, 'dropout': 0.16938135035634344, 'hidden_continuous_size': 8, 'attention_head_size': 1, 'learning_rate': 0.0034691168636590635}. Best is trial 0 with value: 5.395663738250732.
LOCAL_RANK: 0 - CUDA_VISIBLE_DEVICES: [0]
[I 2023-12-27 11:13:05,068] Trial 1 finished with value: 6.480576992034912 and parameters: {'gradient_clip_val': 0.14504415050991962, 'hidden_size': 55, 'dropout': 0.22721621635629985, 'hidden_continuous_size': 9, 'attention_head_size': 4, 'learning_rate': 0.01889994916942104}. Best is trial 0 with value: 5.395663738250732.
LOCAL_RANK: 0 - CUDA_VISIBLE_DEVICES: [0]
[I 2023-12-27 11:13:05,490] Trial 2 finished with value: 22.383581161499023 and parameters: {'gradient_clip_val': 0.9623091509161722, 'hidden_size': 11, 'dropout': 0.3759693684916664, 'hidden_continuous_size': 8, 'attention_head_size': 1, 'learning_rate': 0.03210250294641785}. Best is trial 0 with value: 5.395663738250732.
LOCAL_RANK: 0 - CUDA_VISIBLE_DEVICES: [0]
[I 2023-12-27 11:13:05,920] Trial 3 finished with value: 24.638734817504883 and parameters: {'gradient_clip_val': 0.5255353813460735, 'hidden_size': 13, 'dropout': 0.27134062948968407, 'hidden_continuous_size': 10, 'attention_head_size': 1, 'learning_rate': 0.001687344720209097}. Best is trial 0 with value: 5.395663738250732.
LOCAL_RANK: 0 - CUDA_VISIBLE_DEVICES: [0]
[I 2023-12-27 11:13:06,334] Trial 4 finished with value: 18.434741973876953 and parameters: {'gradient_clip_val': 0.8169927400504376, 'hidden_size': 6, 'dropout': 0.19000073613122606, 'hidden_continuous_size': 6, 'attention_head_size': 4, 'learning_rate': 0.0008972204691033012}. Best is trial 0 with value: 5.395663738250732.
LOCAL_RANK: 0 - CUDA_VISIBLE_DEVICES: [0]
[I 2023-12-27 11:13:06,765] Trial 5 finished with value: 21.65559196472168 and parameters: {'gradient_clip_val': 0.12876161297727415, 'hidden_size': 18, 'dropout': 0.19537383575123637, 'hidden_continuous_size': 6, 'attention_head_size': 4, 'learning_rate': 0.002013271489218834}. Best is trial 0 with value: 5.395663738250732.
LOCAL_RANK: 0 - CUDA_VISIBLE_DEVICES: [0]
[I 2023-12-27 11:13:07,188] Trial 6 finished with value: 22.556076049804688 and parameters: {'gradient_clip_val': 0.40515437742685106, 'hidden_size': 7, 'dropout': 0.4272158552669194, 'hidden_continuous_size': 5, 'attention_head_size': 2, 'learning_rate': 0.07076973253294816}. Best is trial 0 with value: 5.395663738250732.
LOCAL_RANK: 0 - CUDA_VISIBLE_DEVICES: [0]
[I 2023-12-27 11:13:07,637] Trial 7 finished with value: 19.756616592407227 and parameters: {'gradient_clip_val': 0.9971319026829999, 'hidden_size': 20, 'dropout': 0.2955426021166956, 'hidden_continuous_size': 9, 'attention_head_size': 1, 'learning_rate': 0.003859319559936409}. Best is trial 0 with value: 5.395663738250732.
LOCAL_RANK: 0 - CUDA_VISIBLE_DEVICES: [0]
[I 2023-12-27 11:13:08,088] Trial 8 finished with value: 17.275529861450195 and parameters: {'gradient_clip_val': 0.7827593156598647, 'hidden_size': 28, 'dropout': 0.4866743424230998, 'hidden_continuous_size': 19, 'attention_head_size': 1, 'learning_rate': 0.003441741053550921}. Best is trial 0 with value: 5.395663738250732.
LOCAL_RANK: 0 - CUDA_VISIBLE_DEVICES: [0]
[I 2023-12-27 11:13:08,773] Trial 9 finished with value: 20.719764709472656 and parameters: {'gradient_clip_val': 0.744628619854521, 'hidden_size': 13, 'dropout': 0.1905177873927765, 'hidden_continuous_size': 12, 'attention_head_size': 1, 'learning_rate': 0.002435307025205086}. Best is trial 0 with value: 5.395663738250732.
LOCAL_RANK: 0 - CUDA_VISIBLE_DEVICES: [0]
[I 2023-12-27 11:13:09,321] Trial 10 finished with value: 15.545022010803223 and parameters: {'gradient_clip_val': 0.2528131438115432, 'hidden_size': 143, 'dropout': 0.1343479159370595, 'hidden_continuous_size': 48, 'attention_head_size': 3, 'learning_rate': 0.009072813198456856}. Best is trial 0 with value: 5.395663738250732.
LOCAL_RANK: 0 - CUDA_VISIBLE_DEVICES: [0]
[I 2023-12-27 11:13:09,833] Trial 11 finished with value: 17.533348083496094 and parameters: {'gradient_clip_val': 0.23178360737045886, 'hidden_size': 44, 'dropout': 0.10562286775700619, 'hidden_continuous_size': 15, 'attention_head_size': 3, 'learning_rate': 0.012334997440816385}. Best is trial 0 with value: 5.395663738250732.
LOCAL_RANK: 0 - CUDA_VISIBLE_DEVICES: [0]
[I 2023-12-27 11:13:10,388] Trial 12 finished with value: 18.92243003845215 and parameters: {'gradient_clip_val': 0.10353841693243962, 'hidden_size': 36, 'dropout': 0.2544066649970726, 'hidden_continuous_size': 7, 'attention_head_size': 2, 'learning_rate': 0.01636935827658888}. Best is trial 0 with value: 5.395663738250732.
LOCAL_RANK: 0 - CUDA_VISIBLE_DEVICES: [0]
[I 2023-12-27 11:13:10,949] Trial 13 finished with value: 19.32024574279785 and parameters: {'gradient_clip_val': 0.18318406027399828, 'hidden_size': 59, 'dropout': 0.3373579599852567, 'hidden_continuous_size': 5, 'attention_head_size': 3, 'learning_rate': 0.00607764547435137}. Best is trial 0 with value: 5.395663738250732.
LOCAL_RANK: 0 - CUDA_VISIBLE_DEVICES: [0]
[I 2023-12-27 11:13:11,501] Trial 14 finished with value: 20.166154861450195 and parameters: {'gradient_clip_val': 0.36871490569443466, 'hidden_size': 69, 'dropout': 0.24376126826845654, 'hidden_continuous_size': 19, 'attention_head_size': 2, 'learning_rate': 0.000653408268560753}. Best is trial 0 with value: 5.395663738250732.
LOCAL_RANK: 0 - CUDA_VISIBLE_DEVICES: [0]
[I 2023-12-27 11:13:11,969] Trial 15 finished with value: 20.218469619750977 and parameters: {'gradient_clip_val': 0.5602143216917449, 'hidden_size': 25, 'dropout': 0.1491535313235966, 'hidden_continuous_size': 8, 'attention_head_size': 4, 'learning_rate': 0.018124218738110084}. Best is trial 0 with value: 5.395663738250732.
LOCAL_RANK: 0 - CUDA_VISIBLE_DEVICES: [0]
[I 2023-12-27 11:13:12,385] Trial 16 finished with value: 18.46463394165039 and parameters: {'gradient_clip_val': 0.1606896041832085, 'hidden_size': 5, 'dropout': 0.2260982453515708, 'hidden_continuous_size': 5, 'attention_head_size': 3, 'learning_rate': 0.005950377166679001}. Best is trial 0 with value: 5.395663738250732.
LOCAL_RANK: 0 - CUDA_VISIBLE_DEVICES: [0]
[I 2023-12-27 11:13:12,838] Trial 17 finished with value: 18.505319595336914 and parameters: {'gradient_clip_val': 0.2850691435781976, 'hidden_size': 9, 'dropout': 0.3092712301253092, 'hidden_continuous_size': 7, 'attention_head_size': 2, 'learning_rate': 0.041812263308713286}. Best is trial 0 with value: 5.395663738250732.
LOCAL_RANK: 0 - CUDA_VISIBLE_DEVICES: [0]
[I 2023-12-27 11:13:13,327] Trial 18 finished with value: 16.165348052978516 and parameters: {'gradient_clip_val': 0.33255651793526, 'hidden_size': 17, 'dropout': 0.14465710113147506, 'hidden_continuous_size': 10, 'attention_head_size': 4, 'learning_rate': 0.008675191151759005}. Best is trial 0 with value: 5.395663738250732.
LOCAL_RANK: 0 - CUDA_VISIBLE_DEVICES: [0]
[I 2023-12-27 11:13:13,778] Trial 19 finished with value: 15.114596366882324 and parameters: {'gradient_clip_val': 0.20145471682748783, 'hidden_size': 8, 'dropout': 0.21881821013562786, 'hidden_continuous_size': 6, 'attention_head_size': 3, 'learning_rate': 0.02362266716389096}. Best is trial 0 with value: 5.395663738250732.
LOCAL_RANK: 0 - CUDA_VISIBLE_DEVICES: [0]
[I 2023-12-27 11:13:14,280] Trial 20 finished with value: 22.087509155273438 and parameters: {'gradient_clip_val': 0.15381581482913742, 'hidden_size': 93, 'dropout': 0.17655056058334845, 'hidden_continuous_size': 29, 'attention_head_size': 2, 'learning_rate': 0.012282565208298317}. Best is trial 0 with value: 5.395663738250732.
LOCAL_RANK: 0 - CUDA_VISIBLE_DEVICES: [0]
[I 2023-12-27 11:13:14,760] Trial 21 finished with value: 21.212038040161133 and parameters: {'gradient_clip_val': 0.20739730961537328, 'hidden_size': 10, 'dropout': 0.210516574758293, 'hidden_continuous_size': 6, 'attention_head_size': 3, 'learning_rate': 0.02243746850969426}. Best is trial 0 with value: 5.395663738250732.
LOCAL_RANK: 0 - CUDA_VISIBLE_DEVICES: [0]
[I 2023-12-27 11:13:15,477] Trial 22 finished with value: 13.08410358428955 and parameters: {'gradient_clip_val': 0.19496626379934598, 'hidden_size': 8, 'dropout': 0.24329947564569493, 'hidden_continuous_size': 5, 'attention_head_size': 4, 'learning_rate': 0.029241246082060454}. Best is trial 0 with value: 5.395663738250732.
LOCAL_RANK: 0 - CUDA_VISIBLE_DEVICES: [0]
[I 2023-12-27 11:13:15,904] Trial 23 finished with value: 17.347009658813477 and parameters: {'gradient_clip_val': 0.28896119008536864, 'hidden_size': 5, 'dropout': 0.2606583381450697, 'hidden_continuous_size': 5, 'attention_head_size': 4, 'learning_rate': 0.08731225772423433}. Best is trial 0 with value: 5.395663738250732.
LOCAL_RANK: 0 - CUDA_VISIBLE_DEVICES: [0]
[I 2023-12-27 11:13:16,363] Trial 24 finished with value: 27.895666122436523 and parameters: {'gradient_clip_val': 0.14602666324847335, 'hidden_size': 7, 'dropout': 0.22859332305518068, 'hidden_continuous_size': 5, 'attention_head_size': 4, 'learning_rate': 0.05517598658929704}. Best is trial 0 with value: 5.395663738250732.
LOCAL_RANK: 0 - CUDA_VISIBLE_DEVICES: [0]
[I 2023-12-27 11:13:16,824] Trial 25 finished with value: 16.16729164123535 and parameters: {'gradient_clip_val': 0.24026087028882454, 'hidden_size': 13, 'dropout': 0.16684721349844198, 'hidden_continuous_size': 7, 'attention_head_size': 4, 'learning_rate': 0.030601420211561068}. Best is trial 0 with value: 5.395663738250732.
LOCAL_RANK: 0 - CUDA_VISIBLE_DEVICES: [0]
[I 2023-12-27 11:13:17,321] Trial 26 finished with value: 20.869300842285156 and parameters: {'gradient_clip_val': 0.18014007325099976, 'hidden_size': 35, 'dropout': 0.28459980159810616, 'hidden_continuous_size': 11, 'attention_head_size': 4, 'learning_rate': 0.04085386563948044}. Best is trial 0 with value: 5.395663738250732.
LOCAL_RANK: 0 - CUDA_VISIBLE_DEVICES: [0]
[I 2023-12-27 11:13:17,775] Trial 27 finished with value: 14.535521507263184 and parameters: {'gradient_clip_val': 0.12559968874709865, 'hidden_size': 10, 'dropout': 0.23256745784043714, 'hidden_continuous_size': 6, 'attention_head_size': 3, 'learning_rate': 0.09476456896677628}. Best is trial 0 with value: 5.395663738250732.
LOCAL_RANK: 0 - CUDA_VISIBLE_DEVICES: [0]
[I 2023-12-27 11:13:18,270] Trial 28 finished with value: 17.368202209472656 and parameters: {'gradient_clip_val': 0.10249309954137491, 'hidden_size': 18, 'dropout': 0.12030551053587839, 'hidden_continuous_size': 8, 'attention_head_size': 4, 'learning_rate': 0.013964506728416952}. Best is trial 0 with value: 5.395663738250732.
LOCAL_RANK: 0 - CUDA_VISIBLE_DEVICES: [0]
[I 2023-12-27 11:13:18,719] Trial 29 finished with value: 17.50631332397461 and parameters: {'gradient_clip_val': 0.20895703956859532, 'hidden_size': 12, 'dropout': 0.1596572981455637, 'hidden_continuous_size': 8, 'attention_head_size': 1, 'learning_rate': 0.02779308168008064}. Best is trial 0 with value: 5.395663738250732.
LOCAL_RANK: 0 - CUDA_VISIBLE_DEVICES: [0]
[I 2023-12-27 11:13:19,170] Trial 30 finished with value: 21.76808738708496 and parameters: {'gradient_clip_val': 0.4372865794421763, 'hidden_size': 9, 'dropout': 0.20238536330516757, 'hidden_continuous_size': 5, 'attention_head_size': 2, 'learning_rate': 0.04212427346060671}. Best is trial 0 with value: 5.395663738250732.
LOCAL_RANK: 0 - CUDA_VISIBLE_DEVICES: [0]
[I 2023-12-27 11:13:19,624] Trial 31 finished with value: 22.382307052612305 and parameters: {'gradient_clip_val': 0.12669078202496253, 'hidden_size': 10, 'dropout': 0.24591096696048043, 'hidden_continuous_size': 6, 'attention_head_size': 3, 'learning_rate': 0.09703678229022149}. Best is trial 0 with value: 5.395663738250732.
LOCAL_RANK: 0 - CUDA_VISIBLE_DEVICES: [0]
[I 2023-12-27 11:13:20,104] Trial 32 finished with value: 20.713138580322266 and parameters: {'gradient_clip_val': 0.13433111779165902, 'hidden_size': 15, 'dropout': 0.26483508012787255, 'hidden_continuous_size': 7, 'attention_head_size': 3, 'learning_rate': 0.059702127285150584}. Best is trial 0 with value: 5.395663738250732.
LOCAL_RANK: 0 - CUDA_VISIBLE_DEVICES: [0]
[I 2023-12-27 11:13:20,561] Trial 33 finished with value: 19.191755294799805 and parameters: {'gradient_clip_val': 0.1717624097515039, 'hidden_size': 11, 'dropout': 0.1767082785816437, 'hidden_continuous_size': 6, 'attention_head_size': 4, 'learning_rate': 0.03492920202422097}. Best is trial 0 with value: 5.395663738250732.
LOCAL_RANK: 0 - CUDA_VISIBLE_DEVICES: [0]
[I 2023-12-27 11:13:21,023] Trial 34 finished with value: 20.253314971923828 and parameters: {'gradient_clip_val': 0.11821846214698667, 'hidden_size': 6, 'dropout': 0.21683789251395166, 'hidden_continuous_size': 5, 'attention_head_size': 4, 'learning_rate': 0.05485383678324489}. Best is trial 0 with value: 5.395663738250732.
LOCAL_RANK: 0 - CUDA_VISIBLE_DEVICES: [0]
[I 2023-12-27 11:13:21,471] Trial 35 finished with value: 19.043598175048828 and parameters: {'gradient_clip_val': 0.148030072797135, 'hidden_size': 8, 'dropout': 0.23886441062081043, 'hidden_continuous_size': 5, 'attention_head_size': 3, 'learning_rate': 0.022816872701956134}. Best is trial 0 with value: 5.395663738250732.
LOCAL_RANK: 0 - CUDA_VISIBLE_DEVICES: [0]
[I 2023-12-27 11:13:22,258] Trial 36 finished with value: 16.763097763061523 and parameters: {'gradient_clip_val': 0.12462649573547518, 'hidden_size': 22, 'dropout': 0.19433196319335688, 'hidden_continuous_size': 7, 'attention_head_size': 4, 'learning_rate': 0.08484795087433501}. Best is trial 0 with value: 5.395663738250732.
LOCAL_RANK: 0 - CUDA_VISIBLE_DEVICES: [0]
[I 2023-12-27 11:13:22,719] Trial 37 finished with value: 20.39890480041504 and parameters: {'gradient_clip_val': 0.1631623516801646, 'hidden_size': 14, 'dropout': 0.27626896814227325, 'hidden_continuous_size': 9, 'attention_head_size': 1, 'learning_rate': 0.07071785034925679}. Best is trial 0 with value: 5.395663738250732.
LOCAL_RANK: 0 - CUDA_VISIBLE_DEVICES: [0]
[I 2023-12-27 11:13:23,186] Trial 38 finished with value: 18.878454208374023 and parameters: {'gradient_clip_val': 0.8766373881836178, 'hidden_size': 15, 'dropout': 0.18009317442333728, 'hidden_continuous_size': 9, 'attention_head_size': 2, 'learning_rate': 0.0016260864057320349}. Best is trial 0 with value: 5.395663738250732.
LOCAL_RANK: 0 - CUDA_VISIBLE_DEVICES: [0]
[I 2023-12-27 11:13:23,648] Trial 39 finished with value: 19.04884910583496 and parameters: {'gradient_clip_val': 0.14070131487588575, 'hidden_size': 11, 'dropout': 0.20058159729393873, 'hidden_continuous_size': 6, 'attention_head_size': 4, 'learning_rate': 0.029443639418007785}. Best is trial 0 with value: 5.395663738250732.
LOCAL_RANK: 0 - CUDA_VISIBLE_DEVICES: [0]
[I 2023-12-27 11:13:24,099] Trial 40 finished with value: 17.903411865234375 and parameters: {'gradient_clip_val': 0.1125114933267095, 'hidden_size': 18, 'dropout': 0.30098365536337024, 'hidden_continuous_size': 8, 'attention_head_size': 1, 'learning_rate': 0.019477608227791567}. Best is trial 0 with value: 5.395663738250732.
LOCAL_RANK: 0 - CUDA_VISIBLE_DEVICES: [0]
[I 2023-12-27 11:13:24,550] Trial 41 finished with value: 17.420637130737305 and parameters: {'gradient_clip_val': 0.19450953057171455, 'hidden_size': 8, 'dropout': 0.22387070329731826, 'hidden_continuous_size': 6, 'attention_head_size': 3, 'learning_rate': 0.02489012228622059}. Best is trial 0 with value: 5.395663738250732.
LOCAL_RANK: 0 - CUDA_VISIBLE_DEVICES: [0]
[I 2023-12-27 11:13:25,003] Trial 42 finished with value: 17.45598030090332 and parameters: {'gradient_clip_val': 0.21636064468826288, 'hidden_size': 7, 'dropout': 0.21244556897981093, 'hidden_continuous_size': 5, 'attention_head_size': 3, 'learning_rate': 0.01790072198412861}. Best is trial 0 with value: 5.395663738250732.
LOCAL_RANK: 0 - CUDA_VISIBLE_DEVICES: [0]
[I 2023-12-27 11:13:25,453] Trial 43 finished with value: 21.67728614807129 and parameters: {'gradient_clip_val': 0.18779131911122496, 'hidden_size': 6, 'dropout': 0.24302029188864308, 'hidden_continuous_size': 5, 'attention_head_size': 3, 'learning_rate': 0.038889155603608276}. Best is trial 0 with value: 5.395663738250732.
LOCAL_RANK: 0 - CUDA_VISIBLE_DEVICES: [0]
[I 2023-12-27 11:13:25,897] Trial 44 finished with value: 18.0941104888916 and parameters: {'gradient_clip_val': 0.13864488998647112, 'hidden_size': 11, 'dropout': 0.19141036284538557, 'hidden_continuous_size': 6, 'attention_head_size': 3, 'learning_rate': 0.04896340427430258}. Best is trial 0 with value: 5.395663738250732.
LOCAL_RANK: 0 - CUDA_VISIBLE_DEVICES: [0]
[I 2023-12-27 11:13:26,357] Trial 45 finished with value: 17.762786865234375 and parameters: {'gradient_clip_val': 0.25591863895498185, 'hidden_size': 22, 'dropout': 0.26023829331237563, 'hidden_continuous_size': 7, 'attention_head_size': 2, 'learning_rate': 0.06728210861463785}. Best is trial 0 with value: 5.395663738250732.
LOCAL_RANK: 0 - CUDA_VISIBLE_DEVICES: [0]
[I 2023-12-27 11:13:26,807] Trial 46 finished with value: 18.896093368530273 and parameters: {'gradient_clip_val': 0.16852566404342553, 'hidden_size': 12, 'dropout': 0.22902200357768232, 'hidden_continuous_size': 6, 'attention_head_size': 3, 'learning_rate': 0.030878841666884503}. Best is trial 0 with value: 5.395663738250732.
LOCAL_RANK: 0 - CUDA_VISIBLE_DEVICES: [0]
[I 2023-12-27 11:13:27,251] Trial 47 finished with value: 16.51547622680664 and parameters: {'gradient_clip_val': 0.11217227934386235, 'hidden_size': 8, 'dropout': 0.15864513816416576, 'hidden_continuous_size': 6, 'attention_head_size': 4, 'learning_rate': 0.013758377432810326}. Best is trial 0 with value: 5.395663738250732.
LOCAL_RANK: 0 - CUDA_VISIBLE_DEVICES: [0]
