[I 2023-12-27 10:55:15,054] Trial 28 finished with value: 4.076023101806641 and parameters: {'gradient_clip_val': 0.20694529334765396, 'hidden_size': 7, 'dropout': 0.1079343873326002, 'hidden_continuous_size': 6, 'attention_head_size': 2, 'learning_rate': 0.01916260487169917}. Best is trial 0 with value: 0.06834829598665237.
[I 2023-12-27 10:55:15,408] Trial 29 finished with value: 4.59735107421875 and parameters: {'gradient_clip_val': 0.11770606771411146, 'hidden_size': 16, 'dropout': 0.14279077352479846, 'hidden_continuous_size': 8, 'attention_head_size': 2, 'learning_rate': 0.005330487406711428}. Best is trial 0 with value: 0.06834829598665237.
[I 2023-12-27 10:55:15,791] Trial 30 finished with value: 4.046360492706299 and parameters: {'gradient_clip_val': 0.15091266715337284, 'hidden_size': 15, 'dropout': 0.21358197933813355, 'hidden_continuous_size': 7, 'attention_head_size': 3, 'learning_rate': 0.027273938607222988}. Best is trial 0 with value: 0.06834829598665237.
[I 2023-12-27 10:55:16,154] Trial 31 finished with value: 4.452467441558838 and parameters: {'gradient_clip_val': 0.18425094501147146, 'hidden_size': 10, 'dropout': 0.16521143511090897, 'hidden_continuous_size': 6, 'attention_head_size': 1, 'learning_rate': 0.043408146146197105}. Best is trial 0 with value: 0.06834829598665237.
[I 2023-12-27 10:55:16,529] Trial 32 finished with value: 5.792365550994873 and parameters: {'gradient_clip_val': 0.2152345217663096, 'hidden_size': 10, 'dropout': 0.15389398050624703, 'hidden_continuous_size': 6, 'attention_head_size': 2, 'learning_rate': 0.03018760807483052}. Best is trial 0 with value: 0.06834829598665237.
[I 2023-12-27 10:55:16,904] Trial 33 finished with value: 4.167945384979248 and parameters: {'gradient_clip_val': 0.2625245474601913, 'hidden_size': 12, 'dropout': 0.12459927805801947, 'hidden_continuous_size': 9, 'attention_head_size': 1, 'learning_rate': 0.041766901520754636}. Best is trial 0 with value: 0.06834829598665237.
[I 2023-12-27 10:55:17,289] Trial 34 finished with value: 5.472715854644775 and parameters: {'gradient_clip_val': 0.3242412684869148, 'hidden_size': 14, 'dropout': 0.1844922762968969, 'hidden_continuous_size': 10, 'attention_head_size': 2, 'learning_rate': 0.02313880245373388}. Best is trial 0 with value: 0.06834829598665237.
[I 2023-12-27 10:55:17,671] Trial 35 finished with value: 4.87075662612915 and parameters: {'gradient_clip_val': 0.10313688062814012, 'hidden_size': 9, 'dropout': 0.12418123515663171, 'hidden_continuous_size': 7, 'attention_head_size': 1, 'learning_rate': 0.07296798368761934}. Best is trial 0 with value: 0.06834829598665237.
[I 2023-12-27 10:55:18,040] Trial 36 finished with value: 5.838802337646484 and parameters: {'gradient_clip_val': 0.23331695773290365, 'hidden_size': 18, 'dropout': 0.14740085432852013, 'hidden_continuous_size': 11, 'attention_head_size': 2, 'learning_rate': 0.054257132696870755}. Best is trial 0 with value: 0.06834829598665237.
[I 2023-12-27 10:55:18,415] Trial 37 finished with value: 4.482451915740967 and parameters: {'gradient_clip_val': 0.13953275145842647, 'hidden_size': 12, 'dropout': 0.11963032931923318, 'hidden_continuous_size': 8, 'attention_head_size': 1, 'learning_rate': 0.03982525606941203}. Best is trial 0 with value: 0.06834829598665237.
[I 2023-12-27 10:55:18,805] Trial 38 finished with value: 3.6036717891693115 and parameters: {'gradient_clip_val': 0.19489526933475007, 'hidden_size': 23, 'dropout': 0.20959735334593654, 'hidden_continuous_size': 12, 'attention_head_size': 1, 'learning_rate': 0.022797765520862174}. Best is trial 0 with value: 0.06834829598665237.
[I 2023-12-27 10:55:19,201] Trial 39 finished with value: 5.065806865692139 and parameters: {'gradient_clip_val': 0.29384288716855067, 'hidden_size': 26, 'dropout': 0.24603110488966323, 'hidden_continuous_size': 12, 'attention_head_size': 2, 'learning_rate': 0.021087591443885056}. Best is trial 0 with value: 0.06834829598665237.
[I 2023-12-27 10:55:19,805] Trial 40 finished with value: 6.826768398284912 and parameters: {'gradient_clip_val': 0.16332605428689587, 'hidden_size': 20, 'dropout': 0.21037097388276185, 'hidden_continuous_size': 11, 'attention_head_size': 3, 'learning_rate': 0.0100623214350086}. Best is trial 0 with value: 0.06834829598665237.
[I 2023-12-27 10:55:20,171] Trial 41 finished with value: 5.1144843101501465 and parameters: {'gradient_clip_val': 0.2007010638743375, 'hidden_size': 15, 'dropout': 0.17093730385293293, 'hidden_continuous_size': 9, 'attention_head_size': 1, 'learning_rate': 0.03184473529445024}. Best is trial 0 with value: 0.06834829598665237.
[I 2023-12-27 10:55:20,553] Trial 42 finished with value: 4.060784339904785 and parameters: {'gradient_clip_val': 0.18344042903908692, 'hidden_size': 23, 'dropout': 0.15853043933178432, 'hidden_continuous_size': 13, 'attention_head_size': 1, 'learning_rate': 0.015314029267369628}. Best is trial 0 with value: 0.06834829598665237.
[I 2023-12-27 10:55:20,912] Trial 43 finished with value: 5.801146030426025 and parameters: {'gradient_clip_val': 0.2323334991815623, 'hidden_size': 11, 'dropout': 0.2098384220080382, 'hidden_continuous_size': 8, 'attention_head_size': 1, 'learning_rate': 0.02571583888040551}. Best is trial 0 with value: 0.06834829598665237.
[I 2023-12-27 10:55:21,297] Trial 44 finished with value: 3.6539506912231445 and parameters: {'gradient_clip_val': 0.12882117599218915, 'hidden_size': 29, 'dropout': 0.11260369553670821, 'hidden_continuous_size': 15, 'attention_head_size': 1, 'learning_rate': 0.04860213414073734}. Best is trial 0 with value: 0.06834829598665237.
[I 2023-12-27 10:55:21,710] Trial 45 finished with value: 4.672612190246582 and parameters: {'gradient_clip_val': 0.13282803570761767, 'hidden_size': 31, 'dropout': 0.12300250581714087, 'hidden_continuous_size': 15, 'attention_head_size': 2, 'learning_rate': 0.047352396163462464}. Best is trial 0 with value: 0.06834829598665237.
[I 2023-12-27 10:55:22,123] Trial 46 finished with value: 5.252139568328857 and parameters: {'gradient_clip_val': 0.11278244051127695, 'hidden_size': 46, 'dropout': 0.10232861885410177, 'hidden_continuous_size': 17, 'attention_head_size': 1, 'learning_rate': 0.018822886227244987}. Best is trial 0 with value: 0.06834829598665237.
[I 2023-12-27 10:55:22,508] Trial 47 finished with value: 4.946087837219238 and parameters: {'gradient_clip_val': 0.12571885842348343, 'hidden_size': 22, 'dropout': 0.13629891741168232, 'hidden_continuous_size': 13, 'attention_head_size': 4, 'learning_rate': 0.034784360431710314}. Best is trial 0 with value: 0.06834829598665237.
[I 2023-12-27 10:55:22,893] Trial 48 finished with value: 3.6212425231933594 and parameters: {'gradient_clip_val': 0.16225346384628372, 'hidden_size': 28, 'dropout': 0.11511015677512733, 'hidden_continuous_size': 12, 'attention_head_size': 2, 'learning_rate': 0.011995079966024585}. Best is trial 0 with value: 0.06834829598665237.
[I 2023-12-27 10:55:23,278] Trial 49 finished with value: 4.997944355010986 and parameters: {'gradient_clip_val': 0.15963338156122486, 'hidden_size': 26, 'dropout': 0.1496767192259282, 'hidden_continuous_size': 12, 'attention_head_size': 2, 'learning_rate': 0.012041212849269272}. Best is trial 0 with value: 0.06834829598665237.
[I 2023-12-27 10:55:23,394] A new study created in memory with name: no-name-3497657f-4352-40ca-80b4-14baf7ce4dfd
/home/le004/conda/anaconda3/envs/tsff_env/lib/python3.9/site-packages/lightning/fabric/plugins/environments/slurm.py:191: The `srun` command is available on your system but is not used. HINT: If your intention is to run Lightning on SLURM, prepend your python command with `srun` like so: srun python /home/le004/master_thesis/git/TSFusionForecast/code/ ...
[I 2023-12-27 10:55:56,457] Trial 0 finished with value: 0.2050105184316635 and parameters: {'gradient_clip_val': 0.10267248072651025, 'hidden_size': 28, 'dropout': 0.2970498222212191, 'hidden_continuous_size': 6, 'attention_head_size': 2, 'learning_rate': 0.005827230492740815}. Best is trial 0 with value: 0.2050105184316635.
[I 2023-12-27 10:56:06,792] Trial 1 finished with value: 1.6021496057510376 and parameters: {'gradient_clip_val': 0.9553424780934276, 'hidden_size': 12, 'dropout': 0.15753622787246188, 'hidden_continuous_size': 7, 'attention_head_size': 2, 'learning_rate': 0.001985421124115843}. Best is trial 0 with value: 0.2050105184316635.
[I 2023-12-27 10:56:07,207] Trial 2 finished with value: 3.5192153453826904 and parameters: {'gradient_clip_val': 0.6526202399508148, 'hidden_size': 64, 'dropout': 0.3991412851496249, 'hidden_continuous_size': 7, 'attention_head_size': 2, 'learning_rate': 0.0015483786496772517}. Best is trial 0 with value: 0.2050105184316635.
[I 2023-12-27 10:56:07,564] Trial 3 finished with value: 3.193413019180298 and parameters: {'gradient_clip_val': 0.5123431132312467, 'hidden_size': 33, 'dropout': 0.11556979352285746, 'hidden_continuous_size': 5, 'attention_head_size': 3, 'learning_rate': 0.0019355950901815897}. Best is trial 0 with value: 0.2050105184316635.
[I 2023-12-27 10:56:08,066] Trial 4 finished with value: 4.242701053619385 and parameters: {'gradient_clip_val': 0.9629053232127681, 'hidden_size': 110, 'dropout': 0.3863567091317365, 'hidden_continuous_size': 31, 'attention_head_size': 3, 'learning_rate': 0.0069586630826745195}. Best is trial 0 with value: 0.2050105184316635.
[I 2023-12-27 10:56:08,627] Trial 5 finished with value: 2.7715609073638916 and parameters: {'gradient_clip_val': 0.30768024478159084, 'hidden_size': 139, 'dropout': 0.19144726637542814, 'hidden_continuous_size': 47, 'attention_head_size': 3, 'learning_rate': 0.035969982318802135}. Best is trial 0 with value: 0.2050105184316635.
[I 2023-12-27 10:56:08,986] Trial 6 finished with value: 2.9040138721466064 and parameters: {'gradient_clip_val': 0.10913542581484788, 'hidden_size': 18, 'dropout': 0.4010161378797361, 'hidden_continuous_size': 17, 'attention_head_size': 2, 'learning_rate': 0.05703088165446914}. Best is trial 0 with value: 0.2050105184316635.
[I 2023-12-27 10:56:09,355] Trial 7 finished with value: 3.5010852813720703 and parameters: {'gradient_clip_val': 0.1208294550383123, 'hidden_size': 26, 'dropout': 0.3127986927782856, 'hidden_continuous_size': 13, 'attention_head_size': 3, 'learning_rate': 0.0010422601021811409}. Best is trial 0 with value: 0.2050105184316635.
[I 2023-12-27 10:56:09,680] Trial 8 finished with value: 2.7855148315429688 and parameters: {'gradient_clip_val': 0.33128673053021296, 'hidden_size': 5, 'dropout': 0.10439249985964026, 'hidden_continuous_size': 5, 'attention_head_size': 1, 'learning_rate': 0.0008312628516833275}. Best is trial 0 with value: 0.2050105184316635.
[I 2023-12-27 10:56:10,280] Trial 9 finished with value: 3.219533920288086 and parameters: {'gradient_clip_val': 0.18039470315029613, 'hidden_size': 136, 'dropout': 0.4245108721448062, 'hidden_continuous_size': 129, 'attention_head_size': 2, 'learning_rate': 0.0487637534240708}. Best is trial 0 with value: 0.2050105184316635.
[I 2023-12-27 10:56:10,684] Trial 10 finished with value: 2.678745985031128 and parameters: {'gradient_clip_val': 0.16922806630213502, 'hidden_size': 49, 'dropout': 0.2566561238680619, 'hidden_continuous_size': 9, 'attention_head_size': 4, 'learning_rate': 0.008797703489405216}. Best is trial 0 with value: 0.2050105184316635.
[I 2023-12-27 10:56:11,044] Trial 11 finished with value: 3.0700957775115967 and parameters: {'gradient_clip_val': 0.2833919886009133, 'hidden_size': 14, 'dropout': 0.23341848337404128, 'hidden_continuous_size': 6, 'attention_head_size': 1, 'learning_rate': 0.0032000272360616843}. Best is trial 0 with value: 0.2050105184316635.
[I 2023-12-27 10:56:11,406] Trial 12 finished with value: 3.4499292373657227 and parameters: {'gradient_clip_val': 0.9997845718713121, 'hidden_size': 11, 'dropout': 0.48949821070953214, 'hidden_continuous_size': 6, 'attention_head_size': 1, 'learning_rate': 0.000533406207480753}. Best is trial 0 with value: 0.2050105184316635.
[I 2023-12-27 10:56:11,776] Trial 13 finished with value: 3.429396867752075 and parameters: {'gradient_clip_val': 0.10001966923510026, 'hidden_size': 9, 'dropout': 0.16853382827341185, 'hidden_continuous_size': 5, 'attention_head_size': 2, 'learning_rate': 0.004359665127214205}. Best is trial 0 with value: 0.2050105184316635.
[I 2023-12-27 10:56:12,154] Trial 14 finished with value: 2.9936683177948 and parameters: {'gradient_clip_val': 0.5765557750156382, 'hidden_size': 22, 'dropout': 0.29837225999642925, 'hidden_continuous_size': 7, 'attention_head_size': 4, 'learning_rate': 0.011418726220717275}. Best is trial 0 with value: 0.2050105184316635.
[I 2023-12-27 10:56:12,757] Trial 15 finished with value: 3.3028886318206787 and parameters: {'gradient_clip_val': 0.4093102663899139, 'hidden_size': 35, 'dropout': 0.1740366152048024, 'hidden_continuous_size': 9, 'attention_head_size': 2, 'learning_rate': 0.0025365624141770724}. Best is trial 0 with value: 0.2050105184316635.
[I 2023-12-27 10:56:13,103] Trial 16 finished with value: 3.135223150253296 and parameters: {'gradient_clip_val': 0.222852962111926, 'hidden_size': 16, 'dropout': 0.32084119935171757, 'hidden_continuous_size': 6, 'attention_head_size': 1, 'learning_rate': 0.014945963935469188}. Best is trial 0 with value: 0.2050105184316635.
[I 2023-12-27 10:56:13,455] Trial 17 finished with value: 3.068788528442383 and parameters: {'gradient_clip_val': 0.7473846594764798, 'hidden_size': 8, 'dropout': 0.23668778627343395, 'hidden_continuous_size': 5, 'attention_head_size': 2, 'learning_rate': 0.004590060088309753}. Best is trial 0 with value: 0.2050105184316635.
[I 2023-12-27 10:56:13,828] Trial 18 finished with value: 2.8770787715911865 and parameters: {'gradient_clip_val': 0.4490848205207809, 'hidden_size': 21, 'dropout': 0.14359176227158796, 'hidden_continuous_size': 7, 'attention_head_size': 3, 'learning_rate': 0.018838699133505922}. Best is trial 0 with value: 0.2050105184316635.
[I 2023-12-27 10:56:14,183] Trial 19 finished with value: 3.8563525676727295 and parameters: {'gradient_clip_val': 0.14113688983770384, 'hidden_size': 13, 'dropout': 0.2048550247827934, 'hidden_continuous_size': 6, 'attention_head_size': 1, 'learning_rate': 0.08933413823885664}. Best is trial 0 with value: 0.2050105184316635.
[I 2023-12-27 10:56:14,564] Trial 20 finished with value: 2.8840062618255615 and parameters: {'gradient_clip_val': 0.2381325083348633, 'hidden_size': 6, 'dropout': 0.27439257078308665, 'hidden_continuous_size': 5, 'attention_head_size': 2, 'learning_rate': 0.006834922270806532}. Best is trial 0 with value: 0.2050105184316635.
[I 2023-12-27 10:56:14,987] Trial 21 finished with value: 2.792978525161743 and parameters: {'gradient_clip_val': 0.1536073139945256, 'hidden_size': 44, 'dropout': 0.24784508781898387, 'hidden_continuous_size': 9, 'attention_head_size': 4, 'learning_rate': 0.010861273176512393}. Best is trial 0 with value: 0.2050105184316635.
[I 2023-12-27 10:56:15,415] Trial 22 finished with value: 4.1020684242248535 and parameters: {'gradient_clip_val': 0.18179298013877332, 'hidden_size': 57, 'dropout': 0.20625850169874071, 'hidden_continuous_size': 8, 'attention_head_size': 4, 'learning_rate': 0.0038698227383755584}. Best is trial 0 with value: 0.2050105184316635.
[I 2023-12-27 10:56:15,825] Trial 23 finished with value: 2.5118205547332764 and parameters: {'gradient_clip_val': 0.1275993763100815, 'hidden_size': 30, 'dropout': 0.14082404136320392, 'hidden_continuous_size': 9, 'attention_head_size': 4, 'learning_rate': 0.002473013375401196}. Best is trial 0 with value: 0.2050105184316635.
[I 2023-12-27 10:56:16,223] Trial 24 finished with value: 2.7814037799835205 and parameters: {'gradient_clip_val': 0.1306811790347359, 'hidden_size': 25, 'dropout': 0.1420750487888365, 'hidden_continuous_size': 8, 'attention_head_size': 3, 'learning_rate': 0.0021628055379041417}. Best is trial 0 with value: 0.2050105184316635.
[I 2023-12-27 10:56:16,612] Trial 25 finished with value: 3.072737693786621 and parameters: {'gradient_clip_val': 0.12136263988258805, 'hidden_size': 19, 'dropout': 0.10044740277578221, 'hidden_continuous_size': 7, 'attention_head_size': 2, 'learning_rate': 0.0015024517460022072}. Best is trial 0 with value: 0.2050105184316635.
[I 2023-12-27 10:56:17,007] Trial 26 finished with value: 2.0701167583465576 and parameters: {'gradient_clip_val': 0.10157763445496147, 'hidden_size': 30, 'dropout': 0.14965292954361994, 'hidden_continuous_size': 10, 'attention_head_size': 3, 'learning_rate': 0.002520645487041993}. Best is trial 0 with value: 0.2050105184316635.
[I 2023-12-27 10:56:17,369] Trial 27 finished with value: 2.465243339538574 and parameters: {'gradient_clip_val': 0.1044588464521158, 'hidden_size': 16, 'dropout': 0.21130996438453642, 'hidden_continuous_size': 6, 'attention_head_size': 3, 'learning_rate': 0.005652003566783047}. Best is trial 0 with value: 0.2050105184316635.
[I 2023-12-27 10:56:17,961] Trial 28 finished with value: 3.341834306716919 and parameters: {'gradient_clip_val': 0.15660522943249566, 'hidden_size': 11, 'dropout': 0.16767023179302876, 'hidden_continuous_size': 6, 'attention_head_size': 2, 'learning_rate': 0.0033213295172863705}. Best is trial 0 with value: 0.2050105184316635.
[I 2023-12-27 10:56:18,375] Trial 29 finished with value: 4.448551654815674 and parameters: {'gradient_clip_val': 0.7035220470603796, 'hidden_size': 42, 'dropout': 0.22187224597084065, 'hidden_continuous_size': 12, 'attention_head_size': 3, 'learning_rate': 0.0014391206470636228}. Best is trial 0 with value: 0.2050105184316635.
[I 2023-12-27 10:56:18,838] Trial 30 finished with value: 3.2708969116210938 and parameters: {'gradient_clip_val': 0.20558322792961506, 'hidden_size': 74, 'dropout': 0.18470570529161415, 'hidden_continuous_size': 11, 'attention_head_size': 2, 'learning_rate': 0.004985308914852245}. Best is trial 0 with value: 0.2050105184316635.
[I 2023-12-27 10:56:19,217] Trial 31 finished with value: 3.3389816284179688 and parameters: {'gradient_clip_val': 0.10292715214019488, 'hidden_size': 17, 'dropout': 0.21042523890329753, 'hidden_continuous_size': 6, 'attention_head_size': 3, 'learning_rate': 0.005658531545359609}. Best is trial 0 with value: 0.2050105184316635.
[I 2023-12-27 10:56:19,621] Trial 32 finished with value: 2.738872766494751 and parameters: {'gradient_clip_val': 0.1110591308714713, 'hidden_size': 31, 'dropout': 0.12481649466406924, 'hidden_continuous_size': 7, 'attention_head_size': 3, 'learning_rate': 0.002766319792614795}. Best is trial 0 with value: 0.2050105184316635.
[I 2023-12-27 10:56:20,003] Trial 33 finished with value: 3.7203071117401123 and parameters: {'gradient_clip_val': 0.14279269865372307, 'hidden_size': 23, 'dropout': 0.1652474709198484, 'hidden_continuous_size': 8, 'attention_head_size': 3, 'learning_rate': 0.0017224184201976745}. Best is trial 0 with value: 0.2050105184316635.
[I 2023-12-27 10:56:20,389] Trial 34 finished with value: 2.3220064640045166 and parameters: {'gradient_clip_val': 0.11554433024014768, 'hidden_size': 15, 'dropout': 0.128087128450609, 'hidden_continuous_size': 7, 'attention_head_size': 3, 'learning_rate': 0.006783386579734323}. Best is trial 0 with value: 0.2050105184316635.
[I 2023-12-27 10:56:20,786] Trial 35 finished with value: 3.6832590103149414 and parameters: {'gradient_clip_val': 0.11966891332101641, 'hidden_size': 36, 'dropout': 0.11976528883585032, 'hidden_continuous_size': 10, 'attention_head_size': 3, 'learning_rate': 0.00400545631709591}. Best is trial 0 with value: 0.2050105184316635.
[I 2023-12-27 10:56:21,172] Trial 36 finished with value: 2.876704454421997 and parameters: {'gradient_clip_val': 0.1395341529978207, 'hidden_size': 27, 'dropout': 0.1494979412414827, 'hidden_continuous_size': 8, 'attention_head_size': 2, 'learning_rate': 0.006873662145988412}. Best is trial 0 with value: 0.2050105184316635.
[I 2023-12-27 10:56:21,556] Trial 37 finished with value: 2.9029951095581055 and parameters: {'gradient_clip_val': 0.11456420793270779, 'hidden_size': 21, 'dropout': 0.12493749755342345, 'hidden_continuous_size': 7, 'attention_head_size': 3, 'learning_rate': 0.001956636687757404}. Best is trial 0 with value: 0.2050105184316635.
[I 2023-12-27 10:56:21,941] Trial 38 finished with value: 3.0486268997192383 and parameters: {'gradient_clip_val': 0.8672624400099682, 'hidden_size': 27, 'dropout': 0.15555758563069125, 'hidden_continuous_size': 10, 'attention_head_size': 2, 'learning_rate': 0.002877658108772038}. Best is trial 0 with value: 0.2050105184316635.
[I 2023-12-27 10:56:22,319] Trial 39 finished with value: 3.4768736362457275 and parameters: {'gradient_clip_val': 0.6015415693198959, 'hidden_size': 19, 'dropout': 0.18698320346063282, 'hidden_continuous_size': 8, 'attention_head_size': 2, 'learning_rate': 0.0011940237689263948}. Best is trial 0 with value: 0.2050105184316635.
[I 2023-12-27 10:56:22,699] Trial 40 finished with value: 2.500275135040283 and parameters: {'gradient_clip_val': 0.11531076385326848, 'hidden_size': 13, 'dropout': 0.1015594492370724, 'hidden_continuous_size': 7, 'attention_head_size': 3, 'learning_rate': 0.0019681179090538974}. Best is trial 0 with value: 0.2050105184316635.
[I 2023-12-27 10:56:23,313] Trial 41 finished with value: 2.5681636333465576 and parameters: {'gradient_clip_val': 0.10668746400219181, 'hidden_size': 14, 'dropout': 0.19264016130810396, 'hidden_continuous_size': 6, 'attention_head_size': 3, 'learning_rate': 0.007866054747970327}. Best is trial 0 with value: 0.2050105184316635.
[I 2023-12-27 10:56:23,681] Trial 42 finished with value: 3.811788558959961 and parameters: {'gradient_clip_val': 0.10335538801161302, 'hidden_size': 16, 'dropout': 0.12340838633880387, 'hidden_continuous_size': 7, 'attention_head_size': 3, 'learning_rate': 0.005428045259133717}. Best is trial 0 with value: 0.2050105184316635.
