[I 2023-12-27 11:13:12,931] Trial 31 finished with value: 71.56555938720703 and parameters: {'gradient_clip_val': 0.7917858157935548, 'hidden_size': 79, 'dropout': 0.11061188637292385, 'hidden_continuous_size': 57, 'attention_head_size': 1, 'learning_rate': 0.0032371963059379437}. Best is trial 0 with value: 17.71793556213379.
[I 2023-12-27 11:13:13,439] Trial 32 finished with value: 67.52745056152344 and parameters: {'gradient_clip_val': 0.8092971345263501, 'hidden_size': 95, 'dropout': 0.12341249888805797, 'hidden_continuous_size': 80, 'attention_head_size': 1, 'learning_rate': 0.0034695486228178505}. Best is trial 0 with value: 17.71793556213379.
[I 2023-12-27 11:13:13,989] Trial 33 finished with value: 60.60300827026367 and parameters: {'gradient_clip_val': 0.9034091568223339, 'hidden_size': 112, 'dropout': 0.10241105394236255, 'hidden_continuous_size': 111, 'attention_head_size': 1, 'learning_rate': 0.001965903738985205}. Best is trial 0 with value: 17.71793556213379.
[I 2023-12-27 11:13:14,409] Trial 34 finished with value: 52.836421966552734 and parameters: {'gradient_clip_val': 0.7823902290885983, 'hidden_size': 64, 'dropout': 0.14792233652671302, 'hidden_continuous_size': 41, 'attention_head_size': 1, 'learning_rate': 0.006317767541700516}. Best is trial 0 with value: 17.71793556213379.
[I 2023-12-27 11:13:14,793] Trial 35 finished with value: 70.92636108398438 and parameters: {'gradient_clip_val': 0.6947908301338216, 'hidden_size': 26, 'dropout': 0.4332188812523639, 'hidden_continuous_size': 13, 'attention_head_size': 2, 'learning_rate': 0.0027906047833734446}. Best is trial 0 with value: 17.71793556213379.
[I 2023-12-27 11:13:15,283] Trial 36 finished with value: 62.821842193603516 and parameters: {'gradient_clip_val': 0.39081416111431205, 'hidden_size': 89, 'dropout': 0.13171628385973022, 'hidden_continuous_size': 66, 'attention_head_size': 1, 'learning_rate': 0.0042777997659111285}. Best is trial 0 with value: 17.71793556213379.
[I 2023-12-27 11:13:15,962] Trial 37 finished with value: 41.25815963745117 and parameters: {'gradient_clip_val': 0.9363386020489369, 'hidden_size': 150, 'dropout': 0.16805157186103703, 'hidden_continuous_size': 149, 'attention_head_size': 2, 'learning_rate': 0.0017308076526416655}. Best is trial 0 with value: 17.71793556213379.
[I 2023-12-27 11:13:16,560] Trial 38 finished with value: 71.693115234375 and parameters: {'gradient_clip_val': 0.4796389183834381, 'hidden_size': 123, 'dropout': 0.10498504476491914, 'hidden_continuous_size': 93, 'attention_head_size': 4, 'learning_rate': 0.0025543985620497785}. Best is trial 0 with value: 17.71793556213379.
[I 2023-12-27 11:13:17,024] Trial 39 finished with value: 49.682315826416016 and parameters: {'gradient_clip_val': 0.5904190303588018, 'hidden_size': 75, 'dropout': 0.2022743269667514, 'hidden_continuous_size': 24, 'attention_head_size': 2, 'learning_rate': 0.004476447781907114}. Best is trial 0 with value: 17.71793556213379.
[I 2023-12-27 11:13:17,466] Trial 40 finished with value: 80.9893569946289 and parameters: {'gradient_clip_val': 0.1569962852013172, 'hidden_size': 57, 'dropout': 0.184023969796424, 'hidden_continuous_size': 41, 'attention_head_size': 3, 'learning_rate': 0.0029771135694728096}. Best is trial 0 with value: 17.71793556213379.
[I 2023-12-27 11:13:18,383] Trial 41 finished with value: 58.30179977416992 and parameters: {'gradient_clip_val': 0.9968163282708752, 'hidden_size': 148, 'dropout': 0.16850941987748574, 'hidden_continuous_size': 116, 'attention_head_size': 2, 'learning_rate': 0.001631213059963263}. Best is trial 0 with value: 17.71793556213379.
[I 2023-12-27 11:13:19,003] Trial 42 finished with value: 52.6991081237793 and parameters: {'gradient_clip_val': 0.9081962750974227, 'hidden_size': 129, 'dropout': 0.13769261876008965, 'hidden_continuous_size': 128, 'attention_head_size': 2, 'learning_rate': 0.0017822406605089848}. Best is trial 0 with value: 17.71793556213379.
[I 2023-12-27 11:13:19,523] Trial 43 finished with value: 58.77543640136719 and parameters: {'gradient_clip_val': 0.7410311339407439, 'hidden_size': 105, 'dropout': 0.1696515887271867, 'hidden_continuous_size': 78, 'attention_head_size': 1, 'learning_rate': 0.00219866921869245}. Best is trial 0 with value: 17.71793556213379.
[I 2023-12-27 11:13:20,188] Trial 44 finished with value: 71.88177490234375 and parameters: {'gradient_clip_val': 0.9272459826859424, 'hidden_size': 148, 'dropout': 0.1212751356917115, 'hidden_continuous_size': 138, 'attention_head_size': 3, 'learning_rate': 0.0015431474009495085}. Best is trial 0 with value: 17.71793556213379.
[I 2023-12-27 11:13:20,774] Trial 45 finished with value: 63.635498046875 and parameters: {'gradient_clip_val': 0.8422289924495477, 'hidden_size': 127, 'dropout': 0.19673113895160735, 'hidden_continuous_size': 105, 'attention_head_size': 2, 'learning_rate': 0.0011095086152505462}. Best is trial 0 with value: 17.71793556213379.
[I 2023-12-27 11:13:21,258] Trial 46 finished with value: 53.47308349609375 and parameters: {'gradient_clip_val': 0.7386147300499649, 'hidden_size': 83, 'dropout': 0.15739939125614108, 'hidden_continuous_size': 66, 'attention_head_size': 1, 'learning_rate': 0.0009383809497793956}. Best is trial 0 with value: 17.71793556213379.
[I 2023-12-27 11:13:21,797] Trial 47 finished with value: 60.300357818603516 and parameters: {'gradient_clip_val': 0.6358291398402276, 'hidden_size': 101, 'dropout': 0.17992235070811122, 'hidden_continuous_size': 84, 'attention_head_size': 2, 'learning_rate': 0.0025283362216055602}. Best is trial 0 with value: 17.71793556213379.
[I 2023-12-27 11:13:22,358] Trial 48 finished with value: 48.40530776977539 and parameters: {'gradient_clip_val': 0.5449864191783581, 'hidden_size': 122, 'dropout': 0.2837055101678494, 'hidden_continuous_size': 102, 'attention_head_size': 1, 'learning_rate': 0.0006987093476928548}. Best is trial 0 with value: 17.71793556213379.
[I 2023-12-27 11:13:22,824] Trial 49 finished with value: 66.41507720947266 and parameters: {'gradient_clip_val': 0.9771191818420246, 'hidden_size': 67, 'dropout': 0.14234481792129003, 'hidden_continuous_size': 54, 'attention_head_size': 3, 'learning_rate': 0.0018086777227076043}. Best is trial 0 with value: 17.71793556213379.
[I 2023-12-27 11:13:22,941] A new study created in memory with name: no-name-7843873b-ba7c-4b66-8fa5-42f5599a5e5a
/home/le004/conda/anaconda3/envs/tsff_env/lib/python3.9/site-packages/lightning/fabric/plugins/environments/slurm.py:191: The `srun` command is available on your system but is not used. HINT: If your intention is to run Lightning on SLURM, prepend your python command with `srun` like so: srun python /home/le004/master_thesis/git/TSFusionForecast/code/ ...
[I 2023-12-27 11:13:45,856] Trial 0 finished with value: 1195.5059814453125 and parameters: {'gradient_clip_val': 0.12015580268688322, 'hidden_size': 40, 'dropout': 0.40503638562600597, 'hidden_continuous_size': 5, 'attention_head_size': 3, 'learning_rate': 0.07425753607801847}. Best is trial 0 with value: 1195.5059814453125.
[I 2023-12-27 11:13:46,243] Trial 1 finished with value: 5935.037109375 and parameters: {'gradient_clip_val': 0.5514249741685106, 'hidden_size': 47, 'dropout': 0.29421449265303656, 'hidden_continuous_size': 6, 'attention_head_size': 3, 'learning_rate': 0.05957834674715156}. Best is trial 0 with value: 1195.5059814453125.
[I 2023-12-27 11:13:46,565] Trial 2 finished with value: 6355.265625 and parameters: {'gradient_clip_val': 0.40994300123651756, 'hidden_size': 10, 'dropout': 0.34695065445062523, 'hidden_continuous_size': 10, 'attention_head_size': 1, 'learning_rate': 0.016522647813343328}. Best is trial 0 with value: 1195.5059814453125.
[I 2023-12-27 11:13:47,183] Trial 3 finished with value: 5315.80859375 and parameters: {'gradient_clip_val': 0.6396372116129607, 'hidden_size': 41, 'dropout': 0.1611573881597973, 'hidden_continuous_size': 17, 'attention_head_size': 4, 'learning_rate': 0.019149758083077013}. Best is trial 0 with value: 1195.5059814453125.
[I 2023-12-27 11:13:47,543] Trial 4 finished with value: 6521.5078125 and parameters: {'gradient_clip_val': 0.13548758013639484, 'hidden_size': 20, 'dropout': 0.30075589780655976, 'hidden_continuous_size': 17, 'attention_head_size': 1, 'learning_rate': 0.0012829432736246387}. Best is trial 0 with value: 1195.5059814453125.
[I 2023-12-27 11:13:47,957] Trial 5 finished with value: 6380.73046875 and parameters: {'gradient_clip_val': 0.919878935937953, 'hidden_size': 50, 'dropout': 0.44403260747415596, 'hidden_continuous_size': 49, 'attention_head_size': 1, 'learning_rate': 0.028475772378325718}. Best is trial 0 with value: 1195.5059814453125.
[I 2023-12-27 11:13:48,318] Trial 6 finished with value: 5543.86572265625 and parameters: {'gradient_clip_val': 0.8172986955477107, 'hidden_size': 25, 'dropout': 0.4423998660990074, 'hidden_continuous_size': 14, 'attention_head_size': 2, 'learning_rate': 0.0005789935305362091}. Best is trial 0 with value: 1195.5059814453125.
[I 2023-12-27 11:13:48,700] Trial 7 finished with value: 6710.73486328125 and parameters: {'gradient_clip_val': 0.2749792855004164, 'hidden_size': 44, 'dropout': 0.21738032048893735, 'hidden_continuous_size': 5, 'attention_head_size': 4, 'learning_rate': 0.013304681327949852}. Best is trial 0 with value: 1195.5059814453125.
[I 2023-12-27 11:13:49,052] Trial 8 finished with value: 5429.14501953125 and parameters: {'gradient_clip_val': 0.2042678480437618, 'hidden_size': 10, 'dropout': 0.3607216947971328, 'hidden_continuous_size': 5, 'attention_head_size': 2, 'learning_rate': 0.006506558889350978}. Best is trial 0 with value: 1195.5059814453125.
[I 2023-12-27 11:13:49,446] Trial 9 finished with value: 7366.58544921875 and parameters: {'gradient_clip_val': 0.31698062171112684, 'hidden_size': 43, 'dropout': 0.4556137254978716, 'hidden_continuous_size': 10, 'attention_head_size': 4, 'learning_rate': 0.0011320421436526605}. Best is trial 0 with value: 1195.5059814453125.
[I 2023-12-27 11:13:49,974] Trial 10 finished with value: 7625.921875 and parameters: {'gradient_clip_val': 0.12002243316748293, 'hidden_size': 126, 'dropout': 0.10346702705222241, 'hidden_continuous_size': 32, 'attention_head_size': 3, 'learning_rate': 0.07228644527774718}. Best is trial 0 with value: 1195.5059814453125.
[I 2023-12-27 11:13:50,507] Trial 11 finished with value: 6402.50341796875 and parameters: {'gradient_clip_val': 0.10491023268863342, 'hidden_size': 95, 'dropout': 0.10047848866743439, 'hidden_continuous_size': 93, 'attention_head_size': 4, 'learning_rate': 0.08627464649434938}. Best is trial 0 with value: 1195.5059814453125.
[I 2023-12-27 11:13:50,845] Trial 12 finished with value: 5415.478515625 and parameters: {'gradient_clip_val': 0.17667298360559758, 'hidden_size': 5, 'dropout': 0.18517250462323592, 'hidden_continuous_size': 5, 'attention_head_size': 3, 'learning_rate': 0.0357328976590321}. Best is trial 0 with value: 1195.5059814453125.
[I 2023-12-27 11:13:51,298] Trial 13 finished with value: 7341.63525390625 and parameters: {'gradient_clip_val': 0.5506624395372302, 'hidden_size': 77, 'dropout': 0.3897100106793497, 'hidden_continuous_size': 9, 'attention_head_size': 4, 'learning_rate': 0.0969780647790143}. Best is trial 0 with value: 1195.5059814453125.
[I 2023-12-27 11:13:51,691] Trial 14 finished with value: 5893.57470703125 and parameters: {'gradient_clip_val': 0.16532716664140862, 'hidden_size': 27, 'dropout': 0.49353891446700054, 'hidden_continuous_size': 7, 'attention_head_size': 3, 'learning_rate': 0.03089228657774164}. Best is trial 0 with value: 1195.5059814453125.
[I 2023-12-27 11:13:52,255] Trial 15 finished with value: 4626.22509765625 and parameters: {'gradient_clip_val': 0.2381092270803609, 'hidden_size': 139, 'dropout': 0.22773662798116606, 'hidden_continuous_size': 21, 'attention_head_size': 2, 'learning_rate': 0.008114631335981315}. Best is trial 0 with value: 1195.5059814453125.
[I 2023-12-27 11:13:53,058] Trial 16 finished with value: 6620.51953125 and parameters: {'gradient_clip_val': 0.24026865695157132, 'hidden_size': 144, 'dropout': 0.25274526920588486, 'hidden_continuous_size': 26, 'attention_head_size': 2, 'learning_rate': 0.006394313161203543}. Best is trial 0 with value: 1195.5059814453125.
[I 2023-12-27 11:13:53,515] Trial 17 finished with value: 5679.43798828125 and parameters: {'gradient_clip_val': 0.10068424783550711, 'hidden_size': 82, 'dropout': 0.2910236219809835, 'hidden_continuous_size': 12, 'attention_head_size': 2, 'learning_rate': 0.004037119112364797}. Best is trial 0 with value: 1195.5059814453125.
[I 2023-12-27 11:13:54,075] Trial 18 finished with value: 5140.14453125 and parameters: {'gradient_clip_val': 0.14680389245334852, 'hidden_size': 145, 'dropout': 0.39357723265432554, 'hidden_continuous_size': 21, 'attention_head_size': 2, 'learning_rate': 0.011921292168623473}. Best is trial 0 with value: 1195.5059814453125.
[I 2023-12-27 11:13:54,509] Trial 19 finished with value: 6837.24853515625 and parameters: {'gradient_clip_val': 0.1978882684184936, 'hidden_size': 67, 'dropout': 0.2448663162722556, 'hidden_continuous_size': 7, 'attention_head_size': 3, 'learning_rate': 0.053937317779944996}. Best is trial 0 with value: 1195.5059814453125.
[I 2023-12-27 11:13:54,995] Trial 20 finished with value: 5847.646484375 and parameters: {'gradient_clip_val': 0.1315462287720849, 'hidden_size': 90, 'dropout': 0.32124884721380237, 'hidden_continuous_size': 13, 'attention_head_size': 2, 'learning_rate': 0.0035503251223024694}. Best is trial 0 with value: 1195.5059814453125.
[I 2023-12-27 11:13:55,559] Trial 21 finished with value: 5535.71435546875 and parameters: {'gradient_clip_val': 0.15198882214192874, 'hidden_size': 144, 'dropout': 0.39524996682586144, 'hidden_continuous_size': 20, 'attention_head_size': 2, 'learning_rate': 0.011314717302426038}. Best is trial 0 with value: 1195.5059814453125.
[I 2023-12-27 11:13:56,085] Trial 22 finished with value: 6684.31298828125 and parameters: {'gradient_clip_val': 0.15453816272013118, 'hidden_size': 121, 'dropout': 0.39365508712605973, 'hidden_continuous_size': 27, 'attention_head_size': 2, 'learning_rate': 0.010620292040867896}. Best is trial 0 with value: 1195.5059814453125.
[I 2023-12-27 11:13:56,603] Trial 23 finished with value: 7448.02294921875 and parameters: {'gradient_clip_val': 0.22036852540680263, 'hidden_size': 117, 'dropout': 0.35265510289381735, 'hidden_continuous_size': 39, 'attention_head_size': 3, 'learning_rate': 0.02235942802110386}. Best is trial 0 with value: 1195.5059814453125.
[I 2023-12-27 11:13:57,049] Trial 24 finished with value: 5623.232421875 and parameters: {'gradient_clip_val': 0.12044230501700065, 'hidden_size': 63, 'dropout': 0.4155034950837976, 'hidden_continuous_size': 21, 'attention_head_size': 1, 'learning_rate': 0.04471837320318669}. Best is trial 0 with value: 1195.5059814453125.
[I 2023-12-27 11:13:57,539] Trial 25 finished with value: 6823.80078125 and parameters: {'gradient_clip_val': 0.17574930924571905, 'hidden_size': 106, 'dropout': 0.3264121729480842, 'hidden_continuous_size': 16, 'attention_head_size': 2, 'learning_rate': 0.03928501738891308}. Best is trial 0 with value: 1195.5059814453125.
[I 2023-12-27 11:13:58,020] Trial 26 finished with value: 4983.408203125 and parameters: {'gradient_clip_val': 0.1443208532195965, 'hidden_size': 92, 'dropout': 0.49999592122812964, 'hidden_continuous_size': 21, 'attention_head_size': 3, 'learning_rate': 0.021952246160777917}. Best is trial 0 with value: 1195.5059814453125.
[I 2023-12-27 11:13:58,506] Trial 27 finished with value: 4875.4853515625 and parameters: {'gradient_clip_val': 0.24844398717559804, 'hidden_size': 98, 'dropout': 0.46493204164635, 'hidden_continuous_size': 8, 'attention_head_size': 3, 'learning_rate': 0.024463563310656165}. Best is trial 0 with value: 1195.5059814453125.
[I 2023-12-27 11:13:58,954] Trial 28 finished with value: 5406.4208984375 and parameters: {'gradient_clip_val': 0.3087683614220782, 'hidden_size': 61, 'dropout': 0.47039727454452657, 'hidden_continuous_size': 8, 'attention_head_size': 3, 'learning_rate': 0.050067911890078386}. Best is trial 0 with value: 1195.5059814453125.
[I 2023-12-27 11:13:59,697] Trial 29 finished with value: 6179.14990234375 and parameters: {'gradient_clip_val': 0.24134136615738047, 'hidden_size': 107, 'dropout': 0.4281714744609283, 'hidden_continuous_size': 7, 'attention_head_size': 3, 'learning_rate': 0.06811943633210014}. Best is trial 0 with value: 1195.5059814453125.
[I 2023-12-27 11:14:00,119] Trial 30 finished with value: 6859.38525390625 and parameters: {'gradient_clip_val': 0.1885172550040968, 'hidden_size': 53, 'dropout': 0.46982375063646553, 'hidden_continuous_size': 6, 'attention_head_size': 3, 'learning_rate': 0.05765019901578673}. Best is trial 0 with value: 1195.5059814453125.
[I 2023-12-27 11:14:00,568] Trial 31 finished with value: 6567.169921875 and parameters: {'gradient_clip_val': 0.1626394925229072, 'hidden_size': 80, 'dropout': 0.4982395875309737, 'hidden_continuous_size': 11, 'attention_head_size': 3, 'learning_rate': 0.02306503126492719}. Best is trial 0 with value: 1195.5059814453125.
[I 2023-12-27 11:14:01,030] Trial 32 finished with value: 7056.2109375 and parameters: {'gradient_clip_val': 0.2161322383224829, 'hidden_size': 96, 'dropout': 0.4791914391277061, 'hidden_continuous_size': 9, 'attention_head_size': 3, 'learning_rate': 0.0280266764054821}. Best is trial 0 with value: 1195.5059814453125.
[I 2023-12-27 11:14:01,488] Trial 33 finished with value: 4969.02197265625 and parameters: {'gradient_clip_val': 0.34850051241760815, 'hidden_size': 73, 'dropout': 0.49891901766518415, 'hidden_continuous_size': 14, 'attention_head_size': 3, 'learning_rate': 0.0171761743596667}. Best is trial 0 with value: 1195.5059814453125.
[I 2023-12-27 11:14:01,939] Trial 34 finished with value: 6067.4921875 and parameters: {'gradient_clip_val': 0.3625888213864532, 'hidden_size': 68, 'dropout': 0.45402959928148845, 'hidden_continuous_size': 14, 'attention_head_size': 4, 'learning_rate': 0.03990086023070223}. Best is trial 0 with value: 1195.5059814453125.
[I 2023-12-27 11:14:02,336] Trial 35 finished with value: 5258.60888671875 and parameters: {'gradient_clip_val': 0.41669933521217173, 'hidden_size': 37, 'dropout': 0.4212320739002593, 'hidden_continuous_size': 6, 'attention_head_size': 3, 'learning_rate': 0.01660204221279139}. Best is trial 0 with value: 1195.5059814453125.
[I 2023-12-27 11:14:02,782] Trial 36 finished with value: 6148.55126953125 and parameters: {'gradient_clip_val': 0.2667061298888506, 'hidden_size': 76, 'dropout': 0.4767535465676375, 'hidden_continuous_size': 11, 'attention_head_size': 1, 'learning_rate': 0.017193178350016592}. Best is trial 0 with value: 1195.5059814453125.
[I 2023-12-27 11:14:03,205] Trial 37 finished with value: 6833.625 and parameters: {'gradient_clip_val': 0.36703589738536924, 'hidden_size': 56, 'dropout': 0.4384735611538834, 'hidden_continuous_size': 15, 'attention_head_size': 3, 'learning_rate': 0.029657664300912566}. Best is trial 0 with value: 1195.5059814453125.
[I 2023-12-27 11:14:03,626] Trial 38 finished with value: 7147.16162109375 and parameters: {'gradient_clip_val': 0.263463877731892, 'hidden_size': 53, 'dropout': 0.46177733847936475, 'hidden_continuous_size': 8, 'attention_head_size': 4, 'learning_rate': 0.014296384462527286}. Best is trial 0 with value: 1195.5059814453125.
[I 2023-12-27 11:14:04,125] Trial 39 finished with value: 5767.10498046875 and parameters: {'gradient_clip_val': 0.19539323819464882, 'hidden_size': 109, 'dropout': 0.4397964194656624, 'hidden_continuous_size': 17, 'attention_head_size': 2, 'learning_rate': 0.008446329487038698}. Best is trial 0 with value: 1195.5059814453125.
[I 2023-12-27 11:14:04,521] Trial 40 finished with value: 7788.15966796875 and parameters: {'gradient_clip_val': 0.3000005085046053, 'hidden_size': 39, 'dropout': 0.412779367874459, 'hidden_continuous_size': 5, 'attention_head_size': 3, 'learning_rate': 0.01964727601188435}. Best is trial 0 with value: 1195.5059814453125.
[I 2023-12-27 11:14:04,993] Trial 41 finished with value: 7313.87548828125 and parameters: {'gradient_clip_val': 0.13473169876752902, 'hidden_size': 91, 'dropout': 0.4788885666477898, 'hidden_continuous_size': 13, 'attention_head_size': 3, 'learning_rate': 0.02663113479142709}. Best is trial 0 with value: 1195.5059814453125.
[I 2023-12-27 11:14:05,698] Trial 42 finished with value: 6522.31396484375 and parameters: {'gradient_clip_val': 0.11650974033073347, 'hidden_size': 71, 'dropout': 0.49983534269410657, 'hidden_continuous_size': 18, 'attention_head_size': 3, 'learning_rate': 0.020769554059318126}. Best is trial 0 with value: 1195.5059814453125.
[I 2023-12-27 11:14:06,239] Trial 43 finished with value: 7122.10595703125 and parameters: {'gradient_clip_val': 0.1429790685584919, 'hidden_size': 125, 'dropout': 0.45393469662051694, 'hidden_continuous_size': 23, 'attention_head_size': 3, 'learning_rate': 0.01496947187801982}. Best is trial 0 with value: 1195.5059814453125.
[I 2023-12-27 11:14:06,750] Trial 44 finished with value: 7694.44189453125 and parameters: {'gradient_clip_val': 0.21434105766828865, 'hidden_size': 91, 'dropout': 0.48582712224717434, 'hidden_continuous_size': 15, 'attention_head_size': 3, 'learning_rate': 0.07956818089513297}. Best is trial 0 with value: 1195.5059814453125.
[I 2023-12-27 11:14:07,185] Trial 45 finished with value: 5681.07568359375 and parameters: {'gradient_clip_val': 0.17653762943332058, 'hidden_size': 49, 'dropout': 0.4991293854856131, 'hidden_continuous_size': 18, 'attention_head_size': 4, 'learning_rate': 0.03469340733113534}. Best is trial 0 with value: 1195.5059814453125.
