[I 2023-12-27 10:58:38,012] Trial 47 finished with value: 485.2535095214844 and parameters: {'gradient_clip_val': 0.17436783022148014, 'hidden_size': 12, 'dropout': 0.12285890921253964, 'hidden_continuous_size': 7, 'attention_head_size': 3, 'learning_rate': 0.001223905563054789}. Best is trial 0 with value: 119.4833755493164.
LOCAL_RANK: 0 - CUDA_VISIBLE_DEVICES: [0]
[I 2023-12-27 10:58:38,475] Trial 48 finished with value: 480.7678527832031 and parameters: {'gradient_clip_val': 0.11515168285983851, 'hidden_size': 25, 'dropout': 0.16083383854733946, 'hidden_continuous_size': 14, 'attention_head_size': 2, 'learning_rate': 0.0013939895023123122}. Best is trial 0 with value: 119.4833755493164.
LOCAL_RANK: 0 - CUDA_VISIBLE_DEVICES: [0]
[I 2023-12-27 10:58:38,908] Trial 49 finished with value: 538.6415405273438 and parameters: {'gradient_clip_val': 0.24868854280592662, 'hidden_size': 20, 'dropout': 0.19128161454844084, 'hidden_continuous_size': 9, 'attention_head_size': 2, 'learning_rate': 0.0005150155750507354}. Best is trial 0 with value: 119.4833755493164.
[I 2023-12-27 10:58:39,036] A new study created in memory with name: no-name-32344657-2818-438a-8274-995e5bee7649
/home/le004/conda/anaconda3/envs/tsff_env/lib/python3.9/site-packages/lightning/fabric/plugins/environments/slurm.py:191: The `srun` command is available on your system but is not used. HINT: If your intention is to run Lightning on SLURM, prepend your python command with `srun` like so: srun python /home/le004/master_thesis/git/TSFusionForecast/code/ ...
LOCAL_RANK: 0 - CUDA_VISIBLE_DEVICES: [0]
[I 2023-12-27 10:59:08,508] Trial 0 finished with value: 330.3573303222656 and parameters: {'gradient_clip_val': 0.16074000947317804, 'hidden_size': 53, 'dropout': 0.4048768016938268, 'hidden_continuous_size': 15, 'attention_head_size': 1, 'learning_rate': 0.005517653072878406}. Best is trial 0 with value: 330.3573303222656.
LOCAL_RANK: 0 - CUDA_VISIBLE_DEVICES: [0]
[I 2023-12-27 10:59:10,538] Trial 1 finished with value: 1207.9853515625 and parameters: {'gradient_clip_val': 0.4164723154481169, 'hidden_size': 71, 'dropout': 0.21086899573802487, 'hidden_continuous_size': 13, 'attention_head_size': 3, 'learning_rate': 0.003473413233117342}. Best is trial 0 with value: 330.3573303222656.
LOCAL_RANK: 0 - CUDA_VISIBLE_DEVICES: [0]
[I 2023-12-27 10:59:10,960] Trial 2 finished with value: 1389.9622802734375 and parameters: {'gradient_clip_val': 0.7129885205704553, 'hidden_size': 26, 'dropout': 0.1683455070594727, 'hidden_continuous_size': 15, 'attention_head_size': 2, 'learning_rate': 0.0145171947952112}. Best is trial 0 with value: 330.3573303222656.
LOCAL_RANK: 0 - CUDA_VISIBLE_DEVICES: [0]
[I 2023-12-27 10:59:11,432] Trial 3 finished with value: 1781.9024658203125 and parameters: {'gradient_clip_val': 0.9154129444144844, 'hidden_size': 136, 'dropout': 0.3001198529345857, 'hidden_continuous_size': 17, 'attention_head_size': 1, 'learning_rate': 0.0013003616245647123}. Best is trial 0 with value: 330.3573303222656.
LOCAL_RANK: 0 - CUDA_VISIBLE_DEVICES: [0]
[I 2023-12-27 10:59:11,881] Trial 4 finished with value: 1771.0037841796875 and parameters: {'gradient_clip_val': 0.2197865366229554, 'hidden_size': 38, 'dropout': 0.13141770450288318, 'hidden_continuous_size': 7, 'attention_head_size': 4, 'learning_rate': 0.04039289898082297}. Best is trial 0 with value: 330.3573303222656.
LOCAL_RANK: 0 - CUDA_VISIBLE_DEVICES: [0]
[I 2023-12-27 10:59:12,294] Trial 5 finished with value: 2034.4227294921875 and parameters: {'gradient_clip_val': 0.10088946057003313, 'hidden_size': 18, 'dropout': 0.3975486923145891, 'hidden_continuous_size': 16, 'attention_head_size': 2, 'learning_rate': 0.013188482765118107}. Best is trial 0 with value: 330.3573303222656.
LOCAL_RANK: 0 - CUDA_VISIBLE_DEVICES: [0]
[I 2023-12-27 10:59:12,753] Trial 6 finished with value: 2427.067138671875 and parameters: {'gradient_clip_val': 0.33533140578725423, 'hidden_size': 32, 'dropout': 0.31941718612789005, 'hidden_continuous_size': 8, 'attention_head_size': 2, 'learning_rate': 0.0015092681402815963}. Best is trial 0 with value: 330.3573303222656.
LOCAL_RANK: 0 - CUDA_VISIBLE_DEVICES: [0]
[I 2023-12-27 10:59:13,206] Trial 7 finished with value: 2506.1064453125 and parameters: {'gradient_clip_val': 0.2679598843185925, 'hidden_size': 46, 'dropout': 0.21244464029578283, 'hidden_continuous_size': 37, 'attention_head_size': 3, 'learning_rate': 0.0316624199092441}. Best is trial 0 with value: 330.3573303222656.
LOCAL_RANK: 0 - CUDA_VISIBLE_DEVICES: [0]
[I 2023-12-27 10:59:13,633] Trial 8 finished with value: 1371.37890625 and parameters: {'gradient_clip_val': 0.3842148093403812, 'hidden_size': 53, 'dropout': 0.17379215451644048, 'hidden_continuous_size': 20, 'attention_head_size': 4, 'learning_rate': 0.0009725628591924703}. Best is trial 0 with value: 330.3573303222656.
LOCAL_RANK: 0 - CUDA_VISIBLE_DEVICES: [0]
[I 2023-12-27 10:59:14,028] Trial 9 finished with value: 1902.8502197265625 and parameters: {'gradient_clip_val': 0.6292488730054123, 'hidden_size': 5, 'dropout': 0.4735764759549219, 'hidden_continuous_size': 5, 'attention_head_size': 2, 'learning_rate': 0.00070844359508335}. Best is trial 0 with value: 330.3573303222656.
LOCAL_RANK: 0 - CUDA_VISIBLE_DEVICES: [0]
[I 2023-12-27 10:59:14,539] Trial 10 finished with value: 2034.09033203125 and parameters: {'gradient_clip_val': 0.15904179393143822, 'hidden_size': 105, 'dropout': 0.4853557703501948, 'hidden_continuous_size': 94, 'attention_head_size': 1, 'learning_rate': 0.09001022810852609}. Best is trial 0 with value: 330.3573303222656.
LOCAL_RANK: 0 - CUDA_VISIBLE_DEVICES: [0]
[I 2023-12-27 10:59:15,047] Trial 11 finished with value: 1471.13037109375 and parameters: {'gradient_clip_val': 0.49964762847266053, 'hidden_size': 76, 'dropout': 0.2413814424227369, 'hidden_continuous_size': 10, 'attention_head_size': 3, 'learning_rate': 0.004397547079691184}. Best is trial 0 with value: 330.3573303222656.
LOCAL_RANK: 0 - CUDA_VISIBLE_DEVICES: [0]
[I 2023-12-27 10:59:15,517] Trial 12 finished with value: 1774.4918212890625 and parameters: {'gradient_clip_val': 0.1879507638549219, 'hidden_size': 76, 'dropout': 0.36098782003263186, 'hidden_continuous_size': 12, 'attention_head_size': 3, 'learning_rate': 0.004126348332308359}. Best is trial 0 with value: 330.3573303222656.
LOCAL_RANK: 0 - CUDA_VISIBLE_DEVICES: [0]
[I 2023-12-27 10:59:16,030] Trial 13 finished with value: 1552.9681396484375 and parameters: {'gradient_clip_val': 0.4188655506704774, 'hidden_size': 141, 'dropout': 0.24076323462185414, 'hidden_continuous_size': 34, 'attention_head_size': 1, 'learning_rate': 0.003172088068626669}. Best is trial 0 with value: 330.3573303222656.
LOCAL_RANK: 0 - CUDA_VISIBLE_DEVICES: [0]
[I 2023-12-27 10:59:16,734] Trial 14 finished with value: 1360.5960693359375 and parameters: {'gradient_clip_val': 0.276763970543941, 'hidden_size': 71, 'dropout': 0.40139891208043427, 'hidden_continuous_size': 10, 'attention_head_size': 3, 'learning_rate': 0.00304256346598383}. Best is trial 0 with value: 330.3573303222656.
LOCAL_RANK: 0 - CUDA_VISIBLE_DEVICES: [0]
[I 2023-12-27 10:59:17,195] Trial 15 finished with value: 2050.347412109375 and parameters: {'gradient_clip_val': 0.14219575890181252, 'hidden_size': 20, 'dropout': 0.26539063074028163, 'hidden_continuous_size': 6, 'attention_head_size': 4, 'learning_rate': 0.007372423118184593}. Best is trial 0 with value: 330.3573303222656.
LOCAL_RANK: 0 - CUDA_VISIBLE_DEVICES: [0]
[I 2023-12-27 10:59:17,653] Trial 16 finished with value: 1752.5869140625 and parameters: {'gradient_clip_val': 0.24578378302746856, 'hidden_size': 55, 'dropout': 0.10517272197525075, 'hidden_continuous_size': 5, 'attention_head_size': 1, 'learning_rate': 0.0020567433317149994}. Best is trial 0 with value: 330.3573303222656.
LOCAL_RANK: 0 - CUDA_VISIBLE_DEVICES: [0]
[I 2023-12-27 10:59:18,186] Trial 17 finished with value: 1908.2720947265625 and parameters: {'gradient_clip_val': 0.3292575493793182, 'hidden_size': 92, 'dropout': 0.32117522148671046, 'hidden_continuous_size': 26, 'attention_head_size': 2, 'learning_rate': 0.006746411359370762}. Best is trial 0 with value: 330.3573303222656.
LOCAL_RANK: 0 - CUDA_VISIBLE_DEVICES: [0]
[I 2023-12-27 10:59:18,682] Trial 18 finished with value: 1940.59814453125 and parameters: {'gradient_clip_val': 0.44494767169491967, 'hidden_size': 57, 'dropout': 0.4309231912772173, 'hidden_continuous_size': 12, 'attention_head_size': 3, 'learning_rate': 0.0019239532378062972}. Best is trial 0 with value: 330.3573303222656.
LOCAL_RANK: 0 - CUDA_VISIBLE_DEVICES: [0]
[I 2023-12-27 10:59:19,193] Trial 19 finished with value: 1823.92724609375 and parameters: {'gradient_clip_val': 0.20178716140341552, 'hidden_size': 106, 'dropout': 0.3429255372940701, 'hidden_continuous_size': 8, 'attention_head_size': 4, 'learning_rate': 0.0005563831130381142}. Best is trial 0 with value: 330.3573303222656.
LOCAL_RANK: 0 - CUDA_VISIBLE_DEVICES: [0]
[I 2023-12-27 10:59:19,651] Trial 20 finished with value: 1788.2808837890625 and parameters: {'gradient_clip_val': 0.3000189889895129, 'hidden_size': 38, 'dropout': 0.2800712244619422, 'hidden_continuous_size': 10, 'attention_head_size': 1, 'learning_rate': 0.002173190774108037}. Best is trial 0 with value: 330.3573303222656.
LOCAL_RANK: 0 - CUDA_VISIBLE_DEVICES: [0]
[I 2023-12-27 10:59:20,141] Trial 21 finished with value: 1938.6270751953125 and parameters: {'gradient_clip_val': 0.26684331450354304, 'hidden_size': 68, 'dropout': 0.41680891306058593, 'hidden_continuous_size': 11, 'attention_head_size': 3, 'learning_rate': 0.003086055898574509}. Best is trial 0 with value: 330.3573303222656.
LOCAL_RANK: 0 - CUDA_VISIBLE_DEVICES: [0]
[I 2023-12-27 10:59:20,605] Trial 22 finished with value: 1482.2529296875 and parameters: {'gradient_clip_val': 0.34362908376876933, 'hidden_size': 76, 'dropout': 0.37467362685566935, 'hidden_continuous_size': 13, 'attention_head_size': 3, 'learning_rate': 0.0028153846179228706}. Best is trial 0 with value: 330.3573303222656.
LOCAL_RANK: 0 - CUDA_VISIBLE_DEVICES: [0]
[I 2023-12-27 10:59:21,100] Trial 23 finished with value: 1592.0848388671875 and parameters: {'gradient_clip_val': 0.5285970613555904, 'hidden_size': 98, 'dropout': 0.4425875954365147, 'hidden_continuous_size': 9, 'attention_head_size': 3, 'learning_rate': 0.0057465862891004395}. Best is trial 0 with value: 330.3573303222656.
LOCAL_RANK: 0 - CUDA_VISIBLE_DEVICES: [0]
[I 2023-12-27 10:59:21,582] Trial 24 finished with value: 1801.2928466796875 and parameters: {'gradient_clip_val': 0.23284869562823668, 'hidden_size': 48, 'dropout': 0.38736969019424133, 'hidden_continuous_size': 13, 'attention_head_size': 2, 'learning_rate': 0.001189626736477973}. Best is trial 0 with value: 330.3573303222656.
LOCAL_RANK: 0 - CUDA_VISIBLE_DEVICES: [0]
[I 2023-12-27 10:59:22,068] Trial 25 finished with value: 1591.9080810546875 and parameters: {'gradient_clip_val': 0.2947784548074423, 'hidden_size': 62, 'dropout': 0.35307896271857664, 'hidden_continuous_size': 7, 'attention_head_size': 3, 'learning_rate': 0.010350822076834175}. Best is trial 0 with value: 330.3573303222656.
LOCAL_RANK: 0 - CUDA_VISIBLE_DEVICES: [0]
[I 2023-12-27 10:59:22,576] Trial 26 finished with value: 1781.5972900390625 and parameters: {'gradient_clip_val': 0.1667773700396313, 'hidden_size': 125, 'dropout': 0.40978242435588047, 'hidden_continuous_size': 21, 'attention_head_size': 4, 'learning_rate': 0.004486221613540884}. Best is trial 0 with value: 330.3573303222656.
LOCAL_RANK: 0 - CUDA_VISIBLE_DEVICES: [0]
[I 2023-12-27 10:59:23,318] Trial 27 finished with value: 1559.4564208984375 and parameters: {'gradient_clip_val': 0.3997517065499866, 'hidden_size': 85, 'dropout': 0.4632137902218041, 'hidden_continuous_size': 9, 'attention_head_size': 2, 'learning_rate': 0.003027844880639642}. Best is trial 0 with value: 330.3573303222656.
LOCAL_RANK: 0 - CUDA_VISIBLE_DEVICES: [0]
[I 2023-12-27 10:59:23,822] Trial 28 finished with value: 1651.3946533203125 and parameters: {'gradient_clip_val': 0.13306685820675201, 'hidden_size': 65, 'dropout': 0.4919483292359824, 'hidden_continuous_size': 14, 'attention_head_size': 3, 'learning_rate': 0.008562137553974768}. Best is trial 0 with value: 330.3573303222656.
LOCAL_RANK: 0 - CUDA_VISIBLE_DEVICES: [0]
[I 2023-12-27 10:59:24,268] Trial 29 finished with value: 1383.1785888671875 and parameters: {'gradient_clip_val': 0.2097755052632321, 'hidden_size': 27, 'dropout': 0.44126748061310106, 'hidden_continuous_size': 14, 'attention_head_size': 2, 'learning_rate': 0.005521006224704079}. Best is trial 0 with value: 330.3573303222656.
LOCAL_RANK: 0 - CUDA_VISIBLE_DEVICES: [0]
[I 2023-12-27 10:59:24,767] Trial 30 finished with value: 1711.03466796875 and parameters: {'gradient_clip_val': 0.26303685096255996, 'hidden_size': 114, 'dropout': 0.3697613304776637, 'hidden_continuous_size': 17, 'attention_head_size': 3, 'learning_rate': 0.010616850152907193}. Best is trial 0 with value: 330.3573303222656.
LOCAL_RANK: 0 - CUDA_VISIBLE_DEVICES: [0]
[I 2023-12-27 10:59:25,222] Trial 31 finished with value: 1912.6689453125 and parameters: {'gradient_clip_val': 0.367907653114349, 'hidden_size': 48, 'dropout': 0.17459697825195913, 'hidden_continuous_size': 11, 'attention_head_size': 4, 'learning_rate': 0.0009007056871661079}. Best is trial 0 with value: 330.3573303222656.
LOCAL_RANK: 0 - CUDA_VISIBLE_DEVICES: [0]
[I 2023-12-27 10:59:25,727] Trial 32 finished with value: 1780.7408447265625 and parameters: {'gradient_clip_val': 0.39283799215021475, 'hidden_size': 88, 'dropout': 0.1824257798478445, 'hidden_continuous_size': 19, 'attention_head_size': 4, 'learning_rate': 0.001071011802365999}. Best is trial 0 with value: 330.3573303222656.
LOCAL_RANK: 0 - CUDA_VISIBLE_DEVICES: [0]
[I 2023-12-27 10:59:26,247] Trial 33 finished with value: 1671.3082275390625 and parameters: {'gradient_clip_val': 0.4839955381989333, 'hidden_size': 148, 'dropout': 0.14404084178525126, 'hidden_continuous_size': 19, 'attention_head_size': 4, 'learning_rate': 0.0005110789772421303}. Best is trial 0 with value: 330.3573303222656.
LOCAL_RANK: 0 - CUDA_VISIBLE_DEVICES: [0]
[I 2023-12-27 10:59:26,738] Trial 34 finished with value: 1687.9072265625 and parameters: {'gradient_clip_val': 0.5850000736447325, 'hidden_size': 39, 'dropout': 0.20865877625028323, 'hidden_continuous_size': 14, 'attention_head_size': 4, 'learning_rate': 0.0014799614968593888}. Best is trial 0 with value: 330.3573303222656.
LOCAL_RANK: 0 - CUDA_VISIBLE_DEVICES: [0]
[I 2023-12-27 10:59:27,243] Trial 35 finished with value: 1764.4873046875 and parameters: {'gradient_clip_val': 0.7461531780341909, 'hidden_size': 56, 'dropout': 0.38993543526520685, 'hidden_continuous_size': 16, 'attention_head_size': 3, 'learning_rate': 0.000891228194948753}. Best is trial 0 with value: 330.3573303222656.
LOCAL_RANK: 0 - CUDA_VISIBLE_DEVICES: [0]
[I 2023-12-27 10:59:27,723] Trial 36 finished with value: 1503.13623046875 and parameters: {'gradient_clip_val': 0.3635403455346886, 'hidden_size': 71, 'dropout': 0.14493946465288626, 'hidden_continuous_size': 16, 'attention_head_size': 2, 'learning_rate': 0.0014827102389912343}. Best is trial 0 with value: 330.3573303222656.
LOCAL_RANK: 0 - CUDA_VISIBLE_DEVICES: [0]
[I 2023-12-27 10:59:28,221] Trial 37 finished with value: 1336.0966796875 and parameters: {'gradient_clip_val': 0.42358855621725994, 'hidden_size': 44, 'dropout': 0.2998244515423364, 'hidden_continuous_size': 12, 'attention_head_size': 4, 'learning_rate': 0.017087904623120865}. Best is trial 0 with value: 330.3573303222656.
LOCAL_RANK: 0 - CUDA_VISIBLE_DEVICES: [0]
[I 2023-12-27 10:59:28,707] Trial 38 finished with value: 1922.61669921875 and parameters: {'gradient_clip_val': 0.30926892350188345, 'hidden_size': 41, 'dropout': 0.3203502850806061, 'hidden_continuous_size': 12, 'attention_head_size': 1, 'learning_rate': 0.01521028732883971}. Best is trial 0 with value: 330.3573303222656.
LOCAL_RANK: 0 - CUDA_VISIBLE_DEVICES: [0]
[I 2023-12-27 10:59:29,199] Trial 39 finished with value: 1361.7650146484375 and parameters: {'gradient_clip_val': 0.22880035421295525, 'hidden_size': 31, 'dropout': 0.28755745609182853, 'hidden_continuous_size': 11, 'attention_head_size': 3, 'learning_rate': 0.023036010016734207}. Best is trial 0 with value: 330.3573303222656.
LOCAL_RANK: 0 - CUDA_VISIBLE_DEVICES: [0]
[I 2023-12-27 10:59:29,970] Trial 40 finished with value: 1855.2906494140625 and parameters: {'gradient_clip_val': 0.10391087554510242, 'hidden_size': 45, 'dropout': 0.33638175400066467, 'hidden_continuous_size': 15, 'attention_head_size': 2, 'learning_rate': 0.014520191921192402}. Best is trial 0 with value: 330.3573303222656.
LOCAL_RANK: 0 - CUDA_VISIBLE_DEVICES: [0]
[I 2023-12-27 10:59:30,436] Trial 41 finished with value: 1871.8031005859375 and parameters: {'gradient_clip_val': 0.24063941543215733, 'hidden_size': 32, 'dropout': 0.30450572966251566, 'hidden_continuous_size': 11, 'attention_head_size': 3, 'learning_rate': 0.02035010279907973}. Best is trial 0 with value: 330.3573303222656.
LOCAL_RANK: 0 - CUDA_VISIBLE_DEVICES: [0]
[I 2023-12-27 10:59:30,939] Trial 42 finished with value: 1696.5361328125 and parameters: {'gradient_clip_val': 0.22010030920657633, 'hidden_size': 35, 'dropout': 0.2931091665360386, 'hidden_continuous_size': 10, 'attention_head_size': 3, 'learning_rate': 0.03180643477176124}. Best is trial 0 with value: 330.3573303222656.
LOCAL_RANK: 0 - CUDA_VISIBLE_DEVICES: [0]
[I 2023-12-27 10:59:31,441] Trial 43 finished with value: 1534.9771728515625 and parameters: {'gradient_clip_val': 0.4451923745140147, 'hidden_size': 50, 'dropout': 0.26302963657841283, 'hidden_continuous_size': 9, 'attention_head_size': 3, 'learning_rate': 0.01974523432050856}. Best is trial 0 with value: 330.3573303222656.
LOCAL_RANK: 0 - CUDA_VISIBLE_DEVICES: [0]
[I 2023-12-27 10:59:31,917] Trial 44 finished with value: 1984.5255126953125 and parameters: {'gradient_clip_val': 0.2852890119426994, 'hidden_size': 62, 'dropout': 0.30425670187314235, 'hidden_continuous_size': 8, 'attention_head_size': 4, 'learning_rate': 0.0053366033700367405}. Best is trial 0 with value: 330.3573303222656.
LOCAL_RANK: 0 - CUDA_VISIBLE_DEVICES: [0]
[I 2023-12-27 10:59:32,388] Trial 45 finished with value: 1784.6978759765625 and parameters: {'gradient_clip_val': 0.3453779756220139, 'hidden_size': 31, 'dropout': 0.34825843301365145, 'hidden_continuous_size': 13, 'attention_head_size': 3, 'learning_rate': 0.004001048656823321}. Best is trial 0 with value: 330.3573303222656.
LOCAL_RANK: 0 - CUDA_VISIBLE_DEVICES: [0]
[I 2023-12-27 10:59:32,874] Trial 46 finished with value: 1393.2427978515625 and parameters: {'gradient_clip_val': 0.19225226102480275, 'hidden_size': 22, 'dropout': 0.37939443178779914, 'hidden_continuous_size': 11, 'attention_head_size': 3, 'learning_rate': 0.008835998426695576}. Best is trial 0 with value: 330.3573303222656.
LOCAL_RANK: 0 - CUDA_VISIBLE_DEVICES: [0]
[I 2023-12-27 10:59:33,363] Trial 47 finished with value: 1945.2874755859375 and parameters: {'gradient_clip_val': 0.31465675388128667, 'hidden_size': 42, 'dropout': 0.3289043660826737, 'hidden_continuous_size': 12, 'attention_head_size': 1, 'learning_rate': 0.046412895139239255}. Best is trial 0 with value: 330.3573303222656.
LOCAL_RANK: 0 - CUDA_VISIBLE_DEVICES: [0]
[I 2023-12-27 10:59:33,853] Trial 48 finished with value: 1670.6630859375 and parameters: {'gradient_clip_val': 0.25436792435059796, 'hidden_size': 85, 'dropout': 0.402425550993499, 'hidden_continuous_size': 15, 'attention_head_size': 3, 'learning_rate': 0.006334411009296498}. Best is trial 0 with value: 330.3573303222656.
LOCAL_RANK: 0 - CUDA_VISIBLE_DEVICES: [0]
[I 2023-12-27 10:59:34,324] Trial 49 finished with value: 2172.681884765625 and parameters: {'gradient_clip_val': 0.22482222556357606, 'hidden_size': 56, 'dropout': 0.3611532545005606, 'hidden_continuous_size': 7, 'attention_head_size': 2, 'learning_rate': 0.00730029055497201}. Best is trial 0 with value: 330.3573303222656.
[I 2023-12-27 10:59:34,452] A new study created in memory with name: no-name-685b1c4b-7a36-41a6-9ffc-2126e6209a23
/home/le004/conda/anaconda3/envs/tsff_env/lib/python3.9/site-packages/lightning/fabric/plugins/environments/slurm.py:191: The `srun` command is available on your system but is not used. HINT: If your intention is to run Lightning on SLURM, prepend your python command with `srun` like so: srun python /home/le004/master_thesis/git/TSFusionForecast/code/ ...
LOCAL_RANK: 0 - CUDA_VISIBLE_DEVICES: [0]
[I 2023-12-27 10:59:55,560] Trial 0 finished with value: 2726.620361328125 and parameters: {'gradient_clip_val': 0.27319380984951913, 'hidden_size': 85, 'dropout': 0.1329713481568006, 'hidden_continuous_size': 5, 'attention_head_size': 1, 'learning_rate': 0.0024681637268887673}. Best is trial 0 with value: 2726.620361328125.
LOCAL_RANK: 0 - CUDA_VISIBLE_DEVICES: [0]
[I 2023-12-27 10:59:56,290] Trial 1 finished with value: 8433.4072265625 and parameters: {'gradient_clip_val': 0.202330264995695, 'hidden_size': 24, 'dropout': 0.39813947221190193, 'hidden_continuous_size': 8, 'attention_head_size': 2, 'learning_rate': 0.0022616516955281684}. Best is trial 0 with value: 2726.620361328125.
LOCAL_RANK: 0 - CUDA_VISIBLE_DEVICES: [0]
[I 2023-12-27 10:59:56,778] Trial 2 finished with value: 6810.0234375 and parameters: {'gradient_clip_val': 0.17547140906245579, 'hidden_size': 130, 'dropout': 0.4696904093196862, 'hidden_continuous_size': 23, 'attention_head_size': 4, 'learning_rate': 0.0010620845578211402}. Best is trial 0 with value: 2726.620361328125.
LOCAL_RANK: 0 - CUDA_VISIBLE_DEVICES: [0]
