[I 2023-12-27 11:22:52,452] Trial 22 finished with value: 772.8576049804688 and parameters: {'gradient_clip_val': 0.18525988628657597, 'hidden_size': 48, 'dropout': 0.1334384788178304, 'hidden_continuous_size': 18, 'attention_head_size': 4, 'learning_rate': 0.0020578497477228316}. Best is trial 0 with value: 224.62644958496094.
[I 2023-12-27 11:22:52,855] Trial 23 finished with value: 740.66015625 and parameters: {'gradient_clip_val': 0.26658547333830285, 'hidden_size': 25, 'dropout': 0.12554336881022687, 'hidden_continuous_size': 14, 'attention_head_size': 3, 'learning_rate': 0.0007762152431842048}. Best is trial 0 with value: 224.62644958496094.
[I 2023-12-27 11:22:53,531] Trial 24 finished with value: 967.3408813476562 and parameters: {'gradient_clip_val': 0.38230864176917545, 'hidden_size': 54, 'dropout': 0.1906361899678941, 'hidden_continuous_size': 23, 'attention_head_size': 4, 'learning_rate': 0.0012634132466402522}. Best is trial 0 with value: 224.62644958496094.
[I 2023-12-27 11:22:53,944] Trial 25 finished with value: 835.52978515625 and parameters: {'gradient_clip_val': 0.29968966443919026, 'hidden_size': 31, 'dropout': 0.14271230776078375, 'hidden_continuous_size': 16, 'attention_head_size': 3, 'learning_rate': 0.0006280505566046636}. Best is trial 0 with value: 224.62644958496094.
[I 2023-12-27 11:22:54,310] Trial 26 finished with value: 654.89990234375 and parameters: {'gradient_clip_val': 0.13120264049114186, 'hidden_size': 18, 'dropout': 0.10286655145220519, 'hidden_continuous_size': 8, 'attention_head_size': 2, 'learning_rate': 0.0010070028505078212}. Best is trial 0 with value: 224.62644958496094.
[I 2023-12-27 11:22:54,799] Trial 27 finished with value: 775.6328125 and parameters: {'gradient_clip_val': 0.10215082558346791, 'hidden_size': 82, 'dropout': 0.26011087326523724, 'hidden_continuous_size': 27, 'attention_head_size': 4, 'learning_rate': 0.0015463692405083915}. Best is trial 0 with value: 224.62644958496094.
[I 2023-12-27 11:22:55,224] Trial 28 finished with value: 657.453369140625 and parameters: {'gradient_clip_val': 0.1769824827450224, 'hidden_size': 31, 'dropout': 0.17408791956191128, 'hidden_continuous_size': 12, 'attention_head_size': 3, 'learning_rate': 0.0007803286291530406}. Best is trial 0 with value: 224.62644958496094.
[I 2023-12-27 11:22:55,653] Trial 29 finished with value: 790.3068237304688 and parameters: {'gradient_clip_val': 0.33483747848315626, 'hidden_size': 62, 'dropout': 0.21032529600079697, 'hidden_continuous_size': 28, 'attention_head_size': 4, 'learning_rate': 0.003879864412709256}. Best is trial 0 with value: 224.62644958496094.
[I 2023-12-27 11:22:56,056] Trial 30 finished with value: 694.0177612304688 and parameters: {'gradient_clip_val': 0.2082411266548264, 'hidden_size': 44, 'dropout': 0.26484125245996926, 'hidden_continuous_size': 9, 'attention_head_size': 4, 'learning_rate': 0.0011273736373492618}. Best is trial 0 with value: 224.62644958496094.
[I 2023-12-27 11:22:56,420] Trial 31 finished with value: 712.265625 and parameters: {'gradient_clip_val': 0.2566066592926119, 'hidden_size': 21, 'dropout': 0.10655253120308592, 'hidden_continuous_size': 10, 'attention_head_size': 1, 'learning_rate': 0.0023275814024717625}. Best is trial 0 with value: 224.62644958496094.
[I 2023-12-27 11:22:56,920] Trial 32 finished with value: 1015.8806762695312 and parameters: {'gradient_clip_val': 0.24610887782043253, 'hidden_size': 114, 'dropout': 0.12412713346995984, 'hidden_continuous_size': 36, 'attention_head_size': 1, 'learning_rate': 0.0025028233594089535}. Best is trial 0 with value: 224.62644958496094.
[I 2023-12-27 11:22:57,343] Trial 33 finished with value: 914.06640625 and parameters: {'gradient_clip_val': 0.3583503545006026, 'hidden_size': 71, 'dropout': 0.1041492426641569, 'hidden_continuous_size': 11, 'attention_head_size': 1, 'learning_rate': 0.0005163586875844877}. Best is trial 0 with value: 224.62644958496094.
[I 2023-12-27 11:22:57,727] Trial 34 finished with value: 970.2286987304688 and parameters: {'gradient_clip_val': 0.22504659584927425, 'hidden_size': 39, 'dropout': 0.1598364252456016, 'hidden_continuous_size': 15, 'attention_head_size': 1, 'learning_rate': 0.0007584445733831022}. Best is trial 0 with value: 224.62644958496094.
[I 2023-12-27 11:22:58,090] Trial 35 finished with value: 915.8890991210938 and parameters: {'gradient_clip_val': 0.15116139117507327, 'hidden_size': 28, 'dropout': 0.12780156011583257, 'hidden_continuous_size': 13, 'attention_head_size': 2, 'learning_rate': 0.0010122879584135015}. Best is trial 0 with value: 224.62644958496094.
[I 2023-12-27 11:22:58,469] Trial 36 finished with value: 939.6193237304688 and parameters: {'gradient_clip_val': 0.28804039024403433, 'hidden_size': 39, 'dropout': 0.17607447667991574, 'hidden_continuous_size': 14, 'attention_head_size': 1, 'learning_rate': 0.0017752565909508067}. Best is trial 0 with value: 224.62644958496094.
[I 2023-12-27 11:22:58,825] Trial 37 finished with value: 826.6142578125 and parameters: {'gradient_clip_val': 0.32334282080707033, 'hidden_size': 20, 'dropout': 0.15118575176995508, 'hidden_continuous_size': 11, 'attention_head_size': 2, 'learning_rate': 0.001202905215100299}. Best is trial 0 with value: 224.62644958496094.
[I 2023-12-27 11:22:59,396] Trial 38 finished with value: 649.29833984375 and parameters: {'gradient_clip_val': 0.4350440224564319, 'hidden_size': 16, 'dropout': 0.23403606767518095, 'hidden_continuous_size': 7, 'attention_head_size': 3, 'learning_rate': 0.0026951532922539923}. Best is trial 0 with value: 224.62644958496094.
[I 2023-12-27 11:22:59,792] Trial 39 finished with value: 688.93505859375 and parameters: {'gradient_clip_val': 0.13393356081886543, 'hidden_size': 23, 'dropout': 0.1961020715275168, 'hidden_continuous_size': 12, 'attention_head_size': 2, 'learning_rate': 0.0006704836075892033}. Best is trial 0 with value: 224.62644958496094.
[I 2023-12-27 11:23:00,184] Trial 40 finished with value: 824.1625366210938 and parameters: {'gradient_clip_val': 0.22649913059322924, 'hidden_size': 35, 'dropout': 0.42016575795121774, 'hidden_continuous_size': 18, 'attention_head_size': 1, 'learning_rate': 0.009634177404261488}. Best is trial 0 with value: 224.62644958496094.
[I 2023-12-27 11:23:00,568] Trial 41 finished with value: 1131.7318115234375 and parameters: {'gradient_clip_val': 0.3575106587128456, 'hidden_size': 23, 'dropout': 0.23189924986290178, 'hidden_continuous_size': 13, 'attention_head_size': 4, 'learning_rate': 0.004580609059058568}. Best is trial 0 with value: 224.62644958496094.
[I 2023-12-27 11:23:00,940] Trial 42 finished with value: 823.4042358398438 and parameters: {'gradient_clip_val': 0.3426603044339802, 'hidden_size': 20, 'dropout': 0.22233288174795532, 'hidden_continuous_size': 10, 'attention_head_size': 4, 'learning_rate': 0.002874762269680256}. Best is trial 0 with value: 224.62644958496094.
[I 2023-12-27 11:23:01,315] Trial 43 finished with value: 751.2887573242188 and parameters: {'gradient_clip_val': 0.27462876337659214, 'hidden_size': 13, 'dropout': 0.18984530731859783, 'hidden_continuous_size': 9, 'attention_head_size': 4, 'learning_rate': 0.006463918729770269}. Best is trial 0 with value: 224.62644958496094.
[I 2023-12-27 11:23:01,688] Trial 44 finished with value: 802.0656127929688 and parameters: {'gradient_clip_val': 0.40397361073054794, 'hidden_size': 9, 'dropout': 0.24206443917037646, 'hidden_continuous_size': 6, 'attention_head_size': 3, 'learning_rate': 0.003356699737772425}. Best is trial 0 with value: 224.62644958496094.
[I 2023-12-27 11:23:02,063] Trial 45 finished with value: 758.1052856445312 and parameters: {'gradient_clip_val': 0.32109933925397305, 'hidden_size': 17, 'dropout': 0.11827149034638842, 'hidden_continuous_size': 11, 'attention_head_size': 4, 'learning_rate': 0.001987697333126872}. Best is trial 0 with value: 224.62644958496094.
[I 2023-12-27 11:23:02,434] Trial 46 finished with value: 767.5808715820312 and parameters: {'gradient_clip_val': 0.2869547823958391, 'hidden_size': 14, 'dropout': 0.1655675970526207, 'hidden_continuous_size': 10, 'attention_head_size': 2, 'learning_rate': 0.004686516892527279}. Best is trial 0 with value: 224.62644958496094.
[I 2023-12-27 11:23:02,822] Trial 47 finished with value: 753.2088012695312 and parameters: {'gradient_clip_val': 0.5330116836451669, 'hidden_size': 27, 'dropout': 0.14750371755418018, 'hidden_continuous_size': 13, 'attention_head_size': 3, 'learning_rate': 0.007640680849649792}. Best is trial 0 with value: 224.62644958496094.
[I 2023-12-27 11:23:03,172] Trial 48 finished with value: 920.9811401367188 and parameters: {'gradient_clip_val': 0.3764944285365083, 'hidden_size': 18, 'dropout': 0.3084072490858077, 'hidden_continuous_size': 12, 'attention_head_size': 1, 'learning_rate': 0.001658020930735128}. Best is trial 0 with value: 224.62644958496094.
[I 2023-12-27 11:23:03,566] Trial 49 finished with value: 1008.0248413085938 and parameters: {'gradient_clip_val': 0.41484791862335596, 'hidden_size': 30, 'dropout': 0.2057859941781534, 'hidden_continuous_size': 16, 'attention_head_size': 4, 'learning_rate': 0.01702094141527578}. Best is trial 0 with value: 224.62644958496094.
[I 2023-12-27 11:23:03,676] A new study created in memory with name: no-name-0e0d6248-ef9c-4e93-b0fb-c94c7bbd7575
/home/le004/conda/anaconda3/envs/tsff_env/lib/python3.9/site-packages/lightning/fabric/plugins/environments/slurm.py:191: The `srun` command is available on your system but is not used. HINT: If your intention is to run Lightning on SLURM, prepend your python command with `srun` like so: srun python /home/le004/master_thesis/git/TSFusionForecast/code/ ...
[I 2023-12-27 11:23:34,469] Trial 0 finished with value: 432.2003479003906 and parameters: {'gradient_clip_val': 0.9890450156515206, 'hidden_size': 9, 'dropout': 0.4152915018232082, 'hidden_continuous_size': 6, 'attention_head_size': 4, 'learning_rate': 0.0008015623295571546}. Best is trial 0 with value: 432.2003479003906.
[I 2023-12-27 11:23:44,392] Trial 1 finished with value: 597.2705688476562 and parameters: {'gradient_clip_val': 0.18201953104936353, 'hidden_size': 11, 'dropout': 0.21718478809432826, 'hidden_continuous_size': 7, 'attention_head_size': 4, 'learning_rate': 0.0026044638640468996}. Best is trial 0 with value: 432.2003479003906.
[I 2023-12-27 11:23:44,897] Trial 2 finished with value: 613.2009887695312 and parameters: {'gradient_clip_val': 0.20311615670735889, 'hidden_size': 125, 'dropout': 0.21504376368326072, 'hidden_continuous_size': 37, 'attention_head_size': 3, 'learning_rate': 0.0350288975565281}. Best is trial 0 with value: 432.2003479003906.
[I 2023-12-27 11:23:45,250] Trial 3 finished with value: 531.58447265625 and parameters: {'gradient_clip_val': 0.65200723658933, 'hidden_size': 22, 'dropout': 0.16962955877448618, 'hidden_continuous_size': 6, 'attention_head_size': 4, 'learning_rate': 0.02831912909751592}. Best is trial 0 with value: 432.2003479003906.
[I 2023-12-27 11:23:45,621] Trial 4 finished with value: 556.3641967773438 and parameters: {'gradient_clip_val': 0.7137379903118989, 'hidden_size': 33, 'dropout': 0.3317645387853694, 'hidden_continuous_size': 11, 'attention_head_size': 4, 'learning_rate': 0.011534211769307105}. Best is trial 0 with value: 432.2003479003906.
[I 2023-12-27 11:23:46,063] Trial 5 finished with value: 873.9104614257812 and parameters: {'gradient_clip_val': 0.21468413880267595, 'hidden_size': 85, 'dropout': 0.4345131376147324, 'hidden_continuous_size': 9, 'attention_head_size': 3, 'learning_rate': 0.014382356162654228}. Best is trial 0 with value: 432.2003479003906.
[I 2023-12-27 11:23:46,384] Trial 6 finished with value: 966.8767700195312 and parameters: {'gradient_clip_val': 0.6387067934759554, 'hidden_size': 8, 'dropout': 0.15497172397528647, 'hidden_continuous_size': 8, 'attention_head_size': 4, 'learning_rate': 0.0021468524027321175}. Best is trial 0 with value: 432.2003479003906.
[I 2023-12-27 11:23:46,736] Trial 7 finished with value: 804.0366821289062 and parameters: {'gradient_clip_val': 0.5731574754319371, 'hidden_size': 23, 'dropout': 0.4174314071170061, 'hidden_continuous_size': 11, 'attention_head_size': 1, 'learning_rate': 0.0014040155708144977}. Best is trial 0 with value: 432.2003479003906.
[I 2023-12-27 11:23:47,113] Trial 8 finished with value: 743.570068359375 and parameters: {'gradient_clip_val': 0.3483852669177306, 'hidden_size': 48, 'dropout': 0.26396414478468216, 'hidden_continuous_size': 13, 'attention_head_size': 1, 'learning_rate': 0.00427670300807842}. Best is trial 0 with value: 432.2003479003906.
[I 2023-12-27 11:23:47,453] Trial 9 finished with value: 611.5276489257812 and parameters: {'gradient_clip_val': 0.11082589502579092, 'hidden_size': 8, 'dropout': 0.2427972885571454, 'hidden_continuous_size': 5, 'attention_head_size': 4, 'learning_rate': 0.0007698622876826646}. Best is trial 0 with value: 432.2003479003906.
[I 2023-12-27 11:23:47,779] Trial 10 finished with value: 733.7278442382812 and parameters: {'gradient_clip_val': 0.9774955815157115, 'hidden_size': 5, 'dropout': 0.4864894876788034, 'hidden_continuous_size': 5, 'attention_head_size': 2, 'learning_rate': 0.0005683763668720172}. Best is trial 0 with value: 432.2003479003906.
[I 2023-12-27 11:23:48,348] Trial 11 finished with value: 689.8395385742188 and parameters: {'gradient_clip_val': 0.9968449911545598, 'hidden_size': 17, 'dropout': 0.1004714745659428, 'hidden_continuous_size': 6, 'attention_head_size': 3, 'learning_rate': 0.07425645639254522}. Best is trial 0 with value: 432.2003479003906.
[I 2023-12-27 11:23:48,721] Trial 12 finished with value: 797.9436645507812 and parameters: {'gradient_clip_val': 0.45199462564378673, 'hidden_size': 16, 'dropout': 0.3395785787486731, 'hidden_continuous_size': 6, 'attention_head_size': 2, 'learning_rate': 0.005859318877008153}. Best is trial 0 with value: 432.2003479003906.
[I 2023-12-27 11:23:49,133] Trial 13 finished with value: 786.4248046875 and parameters: {'gradient_clip_val': 0.7475508162658067, 'hidden_size': 35, 'dropout': 0.37924404739082934, 'hidden_continuous_size': 5, 'attention_head_size': 4, 'learning_rate': 0.01750008022558802}. Best is trial 0 with value: 432.2003479003906.
[I 2023-12-27 11:23:49,512] Trial 14 finished with value: 691.1852416992188 and parameters: {'gradient_clip_val': 0.48439816313055734, 'hidden_size': 13, 'dropout': 0.2932818128754622, 'hidden_continuous_size': 6, 'attention_head_size': 3, 'learning_rate': 0.007081652091421883}. Best is trial 0 with value: 432.2003479003906.
[I 2023-12-27 11:23:49,895] Trial 15 finished with value: 1054.668212890625 and parameters: {'gradient_clip_val': 0.8475065147552681, 'hidden_size': 22, 'dropout': 0.4943334370181009, 'hidden_continuous_size': 7, 'attention_head_size': 4, 'learning_rate': 0.0012991669251898126}. Best is trial 0 with value: 432.2003479003906.
[I 2023-12-27 11:23:50,249] Trial 16 finished with value: 899.197021484375 and parameters: {'gradient_clip_val': 0.5905993793815032, 'hidden_size': 10, 'dropout': 0.16217514287724952, 'hidden_continuous_size': 6, 'attention_head_size': 2, 'learning_rate': 0.09933817316382104}. Best is trial 0 with value: 432.2003479003906.
[I 2023-12-27 11:23:50,600] Trial 17 finished with value: 978.802490234375 and parameters: {'gradient_clip_val': 0.7517585234487985, 'hidden_size': 16, 'dropout': 0.3251531491468308, 'hidden_continuous_size': 5, 'attention_head_size': 3, 'learning_rate': 0.030435179267207665}. Best is trial 0 with value: 432.2003479003906.
[I 2023-12-27 11:23:50,971] Trial 18 finished with value: 689.5830688476562 and parameters: {'gradient_clip_val': 0.4556886248636943, 'hidden_size': 7, 'dropout': 0.2860432140016375, 'hidden_continuous_size': 5, 'attention_head_size': 4, 'learning_rate': 0.0036522195968011774}. Best is trial 0 with value: 432.2003479003906.
[I 2023-12-27 11:23:51,302] Trial 19 finished with value: 1063.8441162109375 and parameters: {'gradient_clip_val': 0.9977177143195036, 'hidden_size': 5, 'dropout': 0.40291958576201037, 'hidden_continuous_size': 5, 'attention_head_size': 3, 'learning_rate': 0.008434006757123332}. Best is trial 0 with value: 432.2003479003906.
[I 2023-12-27 11:23:51,683] Trial 20 finished with value: 923.4865112304688 and parameters: {'gradient_clip_val': 0.778784705554163, 'hidden_size': 13, 'dropout': 0.3522866804616607, 'hidden_continuous_size': 6, 'attention_head_size': 4, 'learning_rate': 0.0009154505744759425}. Best is trial 0 with value: 432.2003479003906.
[I 2023-12-27 11:23:52,060] Trial 21 finished with value: 828.53662109375 and parameters: {'gradient_clip_val': 0.6657952822782105, 'hidden_size': 32, 'dropout': 0.3183641883185103, 'hidden_continuous_size': 10, 'attention_head_size': 4, 'learning_rate': 0.011118311353106558}. Best is trial 0 with value: 432.2003479003906.
[I 2023-12-27 11:23:52,460] Trial 22 finished with value: 685.2145385742188 and parameters: {'gradient_clip_val': 0.8033868228085014, 'hidden_size': 43, 'dropout': 0.3701185548687441, 'hidden_continuous_size': 17, 'attention_head_size': 4, 'learning_rate': 0.0191857380527166}. Best is trial 0 with value: 432.2003479003906.
[I 2023-12-27 11:23:52,843] Trial 23 finished with value: 756.209228515625 and parameters: {'gradient_clip_val': 0.5569755944869453, 'hidden_size': 27, 'dropout': 0.30742823547108933, 'hidden_continuous_size': 8, 'attention_head_size': 4, 'learning_rate': 0.009846833749753177}. Best is trial 0 with value: 432.2003479003906.
[I 2023-12-27 11:23:53,239] Trial 24 finished with value: 609.8317260742188 and parameters: {'gradient_clip_val': 0.679675627533947, 'hidden_size': 50, 'dropout': 0.3602358978900216, 'hidden_continuous_size': 16, 'attention_head_size': 3, 'learning_rate': 0.005613603038106582}. Best is trial 0 with value: 432.2003479003906.
[I 2023-12-27 11:23:53,870] Trial 25 finished with value: 809.6779174804688 and parameters: {'gradient_clip_val': 0.8535212666596633, 'hidden_size': 19, 'dropout': 0.44331297311777923, 'hidden_continuous_size': 7, 'attention_head_size': 4, 'learning_rate': 0.02916730250374148}. Best is trial 0 with value: 432.2003479003906.
[I 2023-12-27 11:23:54,247] Trial 26 finished with value: 670.3928833007812 and parameters: {'gradient_clip_val': 0.37609794432258126, 'hidden_size': 27, 'dropout': 0.40065544276103526, 'hidden_continuous_size': 9, 'attention_head_size': 3, 'learning_rate': 0.003307231957577055}. Best is trial 0 with value: 432.2003479003906.
[I 2023-12-27 11:23:54,672] Trial 27 finished with value: 993.2531127929688 and parameters: {'gradient_clip_val': 0.5329896431534125, 'hidden_size': 68, 'dropout': 0.3344517475160002, 'hidden_continuous_size': 11, 'attention_head_size': 4, 'learning_rate': 0.0018480698079278697}. Best is trial 0 with value: 432.2003479003906.
[I 2023-12-27 11:23:55,052] Trial 28 finished with value: 684.8932495117188 and parameters: {'gradient_clip_val': 0.643776243682281, 'hidden_size': 21, 'dropout': 0.37346072055699553, 'hidden_continuous_size': 8, 'attention_head_size': 2, 'learning_rate': 0.0005088598276017936}. Best is trial 0 with value: 432.2003479003906.
[I 2023-12-27 11:23:55,427] Trial 29 finished with value: 523.9420776367188 and parameters: {'gradient_clip_val': 0.2970883625947848, 'hidden_size': 11, 'dropout': 0.2702470748527664, 'hidden_continuous_size': 7, 'attention_head_size': 4, 'learning_rate': 0.005112513283393963}. Best is trial 0 with value: 432.2003479003906.
[I 2023-12-27 11:23:55,807] Trial 30 finished with value: 559.8854370117188 and parameters: {'gradient_clip_val': 0.29188730119718936, 'hidden_size': 11, 'dropout': 0.22166421436251724, 'hidden_continuous_size': 6, 'attention_head_size': 4, 'learning_rate': 0.002588972922805075}. Best is trial 0 with value: 432.2003479003906.
[I 2023-12-27 11:23:56,213] Trial 31 finished with value: 719.42333984375 and parameters: {'gradient_clip_val': 0.27901402873881703, 'hidden_size': 13, 'dropout': 0.2814832981712424, 'hidden_continuous_size': 7, 'attention_head_size': 4, 'learning_rate': 0.0053070032890976775}. Best is trial 0 with value: 432.2003479003906.
[I 2023-12-27 11:23:56,601] Trial 32 finished with value: 718.15380859375 and parameters: {'gradient_clip_val': 0.39954602163357755, 'hidden_size': 18, 'dropout': 0.25024672650461516, 'hidden_continuous_size': 7, 'attention_head_size': 4, 'learning_rate': 0.012176973192310373}. Best is trial 0 with value: 432.2003479003906.
[I 2023-12-27 11:23:57,016] Trial 33 finished with value: 736.91162109375 and parameters: {'gradient_clip_val': 0.2551821065132675, 'hidden_size': 35, 'dropout': 0.31120110670925033, 'hidden_continuous_size': 14, 'attention_head_size': 4, 'learning_rate': 0.008824340699872304}. Best is trial 0 with value: 432.2003479003906.
[I 2023-12-27 11:23:57,422] Trial 34 finished with value: 659.6048583984375 and parameters: {'gradient_clip_val': 0.3273961610368466, 'hidden_size': 9, 'dropout': 0.2077640947393909, 'hidden_continuous_size': 6, 'attention_head_size': 3, 'learning_rate': 0.020627899038651757}. Best is trial 0 with value: 432.2003479003906.
[I 2023-12-27 11:23:57,809] Trial 35 finished with value: 786.2742309570312 and parameters: {'gradient_clip_val': 0.8698574681215218, 'hidden_size': 7, 'dropout': 0.3403619400059133, 'hidden_continuous_size': 6, 'attention_head_size': 4, 'learning_rate': 0.013884586459112277}. Best is trial 0 with value: 432.2003479003906.
[I 2023-12-27 11:23:58,193] Trial 36 finished with value: 890.1310424804688 and parameters: {'gradient_clip_val': 0.6849733705882783, 'hidden_size': 24, 'dropout': 0.28212474643173935, 'hidden_continuous_size': 9, 'attention_head_size': 3, 'learning_rate': 0.0027114549882021302}. Best is trial 0 with value: 432.2003479003906.
