[I 2023-12-27 10:59:26,913] Trial 23 finished with value: 273.84442138671875 and parameters: {'gradient_clip_val': 0.5434453587604108, 'hidden_size': 38, 'dropout': 0.20555933823964517, 'hidden_continuous_size': 10, 'attention_head_size': 3, 'learning_rate': 0.013610607192046747}. Best is trial 1 with value: 189.99595642089844.
[I 2023-12-27 10:59:27,340] Trial 24 finished with value: 436.6752624511719 and parameters: {'gradient_clip_val': 0.11746850932298783, 'hidden_size': 41, 'dropout': 0.21181240435376059, 'hidden_continuous_size': 10, 'attention_head_size': 4, 'learning_rate': 0.013300766337359889}. Best is trial 1 with value: 189.99595642089844.
[I 2023-12-27 10:59:27,736] Trial 25 finished with value: 477.208740234375 and parameters: {'gradient_clip_val': 0.41581322916077573, 'hidden_size': 33, 'dropout': 0.2572313507142978, 'hidden_continuous_size': 10, 'attention_head_size': 2, 'learning_rate': 0.033403256732591}. Best is trial 1 with value: 189.99595642089844.
[I 2023-12-27 10:59:28,172] Trial 26 finished with value: 469.536376953125 and parameters: {'gradient_clip_val': 0.17266839905375347, 'hidden_size': 57, 'dropout': 0.20991356689912305, 'hidden_continuous_size': 19, 'attention_head_size': 3, 'learning_rate': 0.05061782473674536}. Best is trial 1 with value: 189.99595642089844.
[I 2023-12-27 10:59:28,576] Trial 27 finished with value: 509.093017578125 and parameters: {'gradient_clip_val': 0.10077590920698083, 'hidden_size': 35, 'dropout': 0.14603269617098533, 'hidden_continuous_size': 12, 'attention_head_size': 4, 'learning_rate': 0.06313747672586736}. Best is trial 1 with value: 189.99595642089844.
[I 2023-12-27 10:59:29,005] Trial 28 finished with value: 483.5321350097656 and parameters: {'gradient_clip_val': 0.2943819828488905, 'hidden_size': 49, 'dropout': 0.17612908173603342, 'hidden_continuous_size': 20, 'attention_head_size': 4, 'learning_rate': 0.018026709633264262}. Best is trial 1 with value: 189.99595642089844.
[I 2023-12-27 10:59:29,461] Trial 29 finished with value: 472.1708984375 and parameters: {'gradient_clip_val': 0.5559755788421517, 'hidden_size': 68, 'dropout': 0.2733541068302348, 'hidden_continuous_size': 15, 'attention_head_size': 3, 'learning_rate': 0.036993334562329776}. Best is trial 1 with value: 189.99595642089844.
[I 2023-12-27 10:59:29,840] Trial 30 finished with value: 331.2333068847656 and parameters: {'gradient_clip_val': 0.3577957562774189, 'hidden_size': 20, 'dropout': 0.22957224722179842, 'hidden_continuous_size': 9, 'attention_head_size': 3, 'learning_rate': 0.0313505772573771}. Best is trial 1 with value: 189.99595642089844.
[I 2023-12-27 10:59:30,217] Trial 31 finished with value: 336.0081481933594 and parameters: {'gradient_clip_val': 0.570722628455279, 'hidden_size': 16, 'dropout': 0.3178910842604649, 'hidden_continuous_size': 6, 'attention_head_size': 3, 'learning_rate': 0.003909197627825952}. Best is trial 1 with value: 189.99595642089844.
[I 2023-12-27 10:59:30,595] Trial 32 finished with value: 390.8514099121094 and parameters: {'gradient_clip_val': 0.5018445860159192, 'hidden_size': 12, 'dropout': 0.18577265538491733, 'hidden_continuous_size': 6, 'attention_head_size': 2, 'learning_rate': 0.008726246839690723}. Best is trial 1 with value: 189.99595642089844.
[I 2023-12-27 10:59:31,198] Trial 33 finished with value: 294.8813781738281 and parameters: {'gradient_clip_val': 0.6478274342473372, 'hidden_size': 6, 'dropout': 0.10108992730343572, 'hidden_continuous_size': 5, 'attention_head_size': 3, 'learning_rate': 0.009630803377657614}. Best is trial 1 with value: 189.99595642089844.
[I 2023-12-27 10:59:31,601] Trial 34 finished with value: 269.04046630859375 and parameters: {'gradient_clip_val': 0.43956978478706354, 'hidden_size': 33, 'dropout': 0.12442213190052577, 'hidden_continuous_size': 8, 'attention_head_size': 1, 'learning_rate': 0.0010874123923377325}. Best is trial 1 with value: 189.99595642089844.
[I 2023-12-27 10:59:31,989] Trial 35 finished with value: 386.8670349121094 and parameters: {'gradient_clip_val': 0.39604608466360725, 'hidden_size': 32, 'dropout': 0.12941398867506407, 'hidden_continuous_size': 11, 'attention_head_size': 1, 'learning_rate': 0.0021311620520577555}. Best is trial 1 with value: 189.99595642089844.
[I 2023-12-27 10:59:32,390] Trial 36 finished with value: 478.9709167480469 and parameters: {'gradient_clip_val': 0.445130523499262, 'hidden_size': 38, 'dropout': 0.11935994873921454, 'hidden_continuous_size': 13, 'attention_head_size': 1, 'learning_rate': 0.0012233649077641896}. Best is trial 1 with value: 189.99595642089844.
[I 2023-12-27 10:59:32,808] Trial 37 finished with value: 619.4680786132812 and parameters: {'gradient_clip_val': 0.34465750232076264, 'hidden_size': 47, 'dropout': 0.14711356900679362, 'hidden_continuous_size': 8, 'attention_head_size': 1, 'learning_rate': 0.013766120436844487}. Best is trial 1 with value: 189.99595642089844.
[I 2023-12-27 10:59:33,199] Trial 38 finished with value: 350.9972229003906 and parameters: {'gradient_clip_val': 0.4597308121578683, 'hidden_size': 27, 'dropout': 0.12921412485266015, 'hidden_continuous_size': 9, 'attention_head_size': 2, 'learning_rate': 0.01683922397572162}. Best is trial 1 with value: 189.99595642089844.
[I 2023-12-27 10:59:33,603] Trial 39 finished with value: 447.5031433105469 and parameters: {'gradient_clip_val': 0.28141826300330314, 'hidden_size': 31, 'dropout': 0.19067093125497142, 'hidden_continuous_size': 11, 'attention_head_size': 2, 'learning_rate': 0.025527215919476993}. Best is trial 1 with value: 189.99595642089844.
[I 2023-12-27 10:59:34,001] Trial 40 finished with value: 426.2799377441406 and parameters: {'gradient_clip_val': 0.3428218991794707, 'hidden_size': 38, 'dropout': 0.14932074846120402, 'hidden_continuous_size': 8, 'attention_head_size': 4, 'learning_rate': 0.0015916779536063906}. Best is trial 1 with value: 189.99595642089844.
[I 2023-12-27 10:59:34,371] Trial 41 finished with value: 374.3061828613281 and parameters: {'gradient_clip_val': 0.5085475434276036, 'hidden_size': 7, 'dropout': 0.22214727392577302, 'hidden_continuous_size': 5, 'attention_head_size': 3, 'learning_rate': 0.0008079309421522416}. Best is trial 1 with value: 189.99595642089844.
[I 2023-12-27 10:59:34,763] Trial 42 finished with value: 373.4656677246094 and parameters: {'gradient_clip_val': 0.42249948093860623, 'hidden_size': 28, 'dropout': 0.29574983387903425, 'hidden_continuous_size': 7, 'attention_head_size': 3, 'learning_rate': 0.0010022576658094149}. Best is trial 1 with value: 189.99595642089844.
[I 2023-12-27 10:59:35,168] Trial 43 finished with value: 249.9750213623047 and parameters: {'gradient_clip_val': 0.6614730976107321, 'hidden_size': 48, 'dropout': 0.2013737461296154, 'hidden_continuous_size': 8, 'attention_head_size': 4, 'learning_rate': 0.002887310933382164}. Best is trial 1 with value: 189.99595642089844.
[I 2023-12-27 10:59:35,626] Trial 44 finished with value: 302.91522216796875 and parameters: {'gradient_clip_val': 0.6726205634056667, 'hidden_size': 49, 'dropout': 0.19418312611537092, 'hidden_continuous_size': 10, 'attention_head_size': 4, 'learning_rate': 0.0026055936905970555}. Best is trial 1 with value: 189.99595642089844.
[I 2023-12-27 10:59:36,054] Trial 45 finished with value: 421.8430480957031 and parameters: {'gradient_clip_val': 0.7804018093955961, 'hidden_size': 58, 'dropout': 0.22267200090773384, 'hidden_continuous_size': 13, 'attention_head_size': 4, 'learning_rate': 0.0582681811409513}. Best is trial 1 with value: 189.99595642089844.
[I 2023-12-27 10:59:36,691] Trial 46 finished with value: 438.4517822265625 and parameters: {'gradient_clip_val': 0.1126222865330263, 'hidden_size': 44, 'dropout': 0.17010269173340212, 'hidden_continuous_size': 8, 'attention_head_size': 4, 'learning_rate': 0.004481297010113402}. Best is trial 1 with value: 189.99595642089844.
[I 2023-12-27 10:59:37,109] Trial 47 finished with value: 425.2984313964844 and parameters: {'gradient_clip_val': 0.23233996999003864, 'hidden_size': 35, 'dropout': 0.1982331561619599, 'hidden_continuous_size': 9, 'attention_head_size': 4, 'learning_rate': 0.007356827751302192}. Best is trial 1 with value: 189.99595642089844.
[I 2023-12-27 10:59:37,539] Trial 48 finished with value: 467.0784912109375 and parameters: {'gradient_clip_val': 0.5572546480427053, 'hidden_size': 53, 'dropout': 0.16463812677304362, 'hidden_continuous_size': 29, 'attention_head_size': 4, 'learning_rate': 0.0017672762416755738}. Best is trial 1 with value: 189.99595642089844.
[I 2023-12-27 10:59:37,948] Trial 49 finished with value: 531.9663696289062 and parameters: {'gradient_clip_val': 0.3979108277024393, 'hidden_size': 43, 'dropout': 0.24835533409384292, 'hidden_continuous_size': 17, 'attention_head_size': 1, 'learning_rate': 0.00391664442137239}. Best is trial 1 with value: 189.99595642089844.
[I 2023-12-27 10:59:38,061] A new study created in memory with name: no-name-4381bda6-0712-47fa-9bd6-d504cdfa421c
/home/le004/conda/anaconda3/envs/tsff_env/lib/python3.9/site-packages/lightning/fabric/plugins/environments/slurm.py:191: The `srun` command is available on your system but is not used. HINT: If your intention is to run Lightning on SLURM, prepend your python command with `srun` like so: srun python /home/le004/master_thesis/git/TSFusionForecast/code/ ...
[I 2023-12-27 11:00:04,785] Trial 0 finished with value: 130.6974334716797 and parameters: {'gradient_clip_val': 0.9644841887112026, 'hidden_size': 5, 'dropout': 0.19101270250795346, 'hidden_continuous_size': 5, 'attention_head_size': 1, 'learning_rate': 0.0029198710626491806}. Best is trial 0 with value: 130.6974334716797.
[I 2023-12-27 11:00:14,653] Trial 1 finished with value: 299.99505615234375 and parameters: {'gradient_clip_val': 0.8018159841798449, 'hidden_size': 16, 'dropout': 0.47122941859977097, 'hidden_continuous_size': 6, 'attention_head_size': 4, 'learning_rate': 0.0005772315445768302}. Best is trial 0 with value: 130.6974334716797.
[I 2023-12-27 11:00:15,027] Trial 2 finished with value: 398.6370849609375 and parameters: {'gradient_clip_val': 0.8633739850616027, 'hidden_size': 41, 'dropout': 0.44133113838175586, 'hidden_continuous_size': 7, 'attention_head_size': 2, 'learning_rate': 0.040945311685810476}. Best is trial 0 with value: 130.6974334716797.
[I 2023-12-27 11:00:15,446] Trial 3 finished with value: 354.9590759277344 and parameters: {'gradient_clip_val': 0.13757462541313092, 'hidden_size': 59, 'dropout': 0.1759259596460544, 'hidden_continuous_size': 27, 'attention_head_size': 4, 'learning_rate': 0.0014828345890249121}. Best is trial 0 with value: 130.6974334716797.
[I 2023-12-27 11:00:15,764] Trial 4 finished with value: 261.73687744140625 and parameters: {'gradient_clip_val': 0.5894753974731304, 'hidden_size': 5, 'dropout': 0.4113648303744689, 'hidden_continuous_size': 5, 'attention_head_size': 3, 'learning_rate': 0.0005797526065154979}. Best is trial 0 with value: 130.6974334716797.
[I 2023-12-27 11:00:16,123] Trial 5 finished with value: 341.1290588378906 and parameters: {'gradient_clip_val': 0.16457471262852272, 'hidden_size': 9, 'dropout': 0.25720476377494594, 'hidden_continuous_size': 6, 'attention_head_size': 3, 'learning_rate': 0.001368210765582425}. Best is trial 0 with value: 130.6974334716797.
[I 2023-12-27 11:00:16,700] Trial 6 finished with value: 304.7178039550781 and parameters: {'gradient_clip_val': 0.3797366916395664, 'hidden_size': 29, 'dropout': 0.29291316606637385, 'hidden_continuous_size': 8, 'attention_head_size': 3, 'learning_rate': 0.0026709465584919836}. Best is trial 0 with value: 130.6974334716797.
[I 2023-12-27 11:00:17,089] Trial 7 finished with value: 345.5174865722656 and parameters: {'gradient_clip_val': 0.46909876953516433, 'hidden_size': 29, 'dropout': 0.46625519893639045, 'hidden_continuous_size': 11, 'attention_head_size': 4, 'learning_rate': 0.013374410649940426}. Best is trial 0 with value: 130.6974334716797.
[I 2023-12-27 11:00:17,425] Trial 8 finished with value: 348.7857666015625 and parameters: {'gradient_clip_val': 0.4037438181599795, 'hidden_size': 16, 'dropout': 0.30404245025372095, 'hidden_continuous_size': 12, 'attention_head_size': 3, 'learning_rate': 0.06420527719754685}. Best is trial 0 with value: 130.6974334716797.
[I 2023-12-27 11:00:17,786] Trial 9 finished with value: 410.5745849609375 and parameters: {'gradient_clip_val': 0.7672540256996602, 'hidden_size': 17, 'dropout': 0.4154161253980013, 'hidden_continuous_size': 7, 'attention_head_size': 4, 'learning_rate': 0.020411710435676297}. Best is trial 0 with value: 130.6974334716797.
[I 2023-12-27 11:00:18,382] Trial 10 finished with value: 276.9860534667969 and parameters: {'gradient_clip_val': 0.23961731431997801, 'hidden_size': 135, 'dropout': 0.11039237996852214, 'hidden_continuous_size': 63, 'attention_head_size': 1, 'learning_rate': 0.005552067568568663}. Best is trial 0 with value: 130.6974334716797.
[I 2023-12-27 11:00:18,706] Trial 11 finished with value: 402.3376770019531 and parameters: {'gradient_clip_val': 0.5877914205033608, 'hidden_size': 5, 'dropout': 0.36369030791721074, 'hidden_continuous_size': 5, 'attention_head_size': 1, 'learning_rate': 0.0005812136822178046}. Best is trial 0 with value: 130.6974334716797.
[I 2023-12-27 11:00:19,040] Trial 12 finished with value: 424.2097473144531 and parameters: {'gradient_clip_val': 0.9604920468080012, 'hidden_size': 5, 'dropout': 0.37432469063118406, 'hidden_continuous_size': 5, 'attention_head_size': 2, 'learning_rate': 0.005467633276087236}. Best is trial 0 with value: 130.6974334716797.
[I 2023-12-27 11:00:19,405] Trial 13 finished with value: 331.4665832519531 and parameters: {'gradient_clip_val': 0.5711432719632428, 'hidden_size': 8, 'dropout': 0.2052013051175468, 'hidden_continuous_size': 5, 'attention_head_size': 2, 'learning_rate': 0.0028821032485847283}. Best is trial 0 with value: 130.6974334716797.
[I 2023-12-27 11:00:19,762] Trial 14 finished with value: 436.4163513183594 and parameters: {'gradient_clip_val': 0.9966516595240296, 'hidden_size': 8, 'dropout': 0.4895154613672409, 'hidden_continuous_size': 5, 'attention_head_size': 1, 'learning_rate': 0.0011760097350568648}. Best is trial 0 with value: 130.6974334716797.
[I 2023-12-27 11:00:20,103] Trial 15 finished with value: 431.6995544433594 and parameters: {'gradient_clip_val': 0.6436860001501155, 'hidden_size': 5, 'dropout': 0.36889740757915934, 'hidden_continuous_size': 5, 'attention_head_size': 2, 'learning_rate': 0.0005918580558956954}. Best is trial 0 with value: 130.6974334716797.
[I 2023-12-27 11:00:20,479] Trial 16 finished with value: 404.0608215332031 and parameters: {'gradient_clip_val': 0.28679085874189075, 'hidden_size': 11, 'dropout': 0.10399338703252335, 'hidden_continuous_size': 6, 'attention_head_size': 3, 'learning_rate': 0.0027960669787818197}. Best is trial 0 with value: 130.6974334716797.
[I 2023-12-27 11:00:20,834] Trial 17 finished with value: 382.9478759765625 and parameters: {'gradient_clip_val': 0.6315778195619757, 'hidden_size': 7, 'dropout': 0.4094422841670057, 'hidden_continuous_size': 5, 'attention_head_size': 1, 'learning_rate': 0.0010379202705562728}. Best is trial 0 with value: 130.6974334716797.
[I 2023-12-27 11:00:21,201] Trial 18 finished with value: 328.8955383300781 and parameters: {'gradient_clip_val': 0.48845624803607407, 'hidden_size': 12, 'dropout': 0.4990284477193744, 'hidden_continuous_size': 6, 'attention_head_size': 2, 'learning_rate': 0.011670978058658353}. Best is trial 0 with value: 130.6974334716797.
[I 2023-12-27 11:00:21,567] Trial 19 finished with value: 407.147705078125 and parameters: {'gradient_clip_val': 0.735127332271589, 'hidden_size': 6, 'dropout': 0.31856278080514855, 'hidden_continuous_size': 5, 'attention_head_size': 3, 'learning_rate': 0.004423898089072109}. Best is trial 0 with value: 130.6974334716797.
[I 2023-12-27 11:00:22,176] Trial 20 finished with value: 268.43878173828125 and parameters: {'gradient_clip_val': 0.7237354975612793, 'hidden_size': 7, 'dropout': 0.2389273140848032, 'hidden_continuous_size': 5, 'attention_head_size': 1, 'learning_rate': 0.0018159299215683212}. Best is trial 0 with value: 130.6974334716797.
[I 2023-12-27 11:00:22,504] Trial 21 finished with value: 410.7005310058594 and parameters: {'gradient_clip_val': 0.9995131359595918, 'hidden_size': 5, 'dropout': 0.2410296092005056, 'hidden_continuous_size': 5, 'attention_head_size': 1, 'learning_rate': 0.0018642812519921613}. Best is trial 0 with value: 130.6974334716797.
[I 2023-12-27 11:00:22,869] Trial 22 finished with value: 323.8825378417969 and parameters: {'gradient_clip_val': 0.7086464770962434, 'hidden_size': 7, 'dropout': 0.16967660500454246, 'hidden_continuous_size': 5, 'attention_head_size': 1, 'learning_rate': 0.0008585962162836677}. Best is trial 0 with value: 130.6974334716797.
[I 2023-12-27 11:00:23,229] Trial 23 finished with value: 325.9579162597656 and parameters: {'gradient_clip_val': 0.5208856779983746, 'hidden_size': 6, 'dropout': 0.24646737940734006, 'hidden_continuous_size': 5, 'attention_head_size': 2, 'learning_rate': 0.001928070343580651}. Best is trial 0 with value: 130.6974334716797.
[I 2023-12-27 11:00:23,604] Trial 24 finished with value: 281.1224060058594 and parameters: {'gradient_clip_val': 0.7788198550853345, 'hidden_size': 10, 'dropout': 0.20942187485458916, 'hidden_continuous_size': 6, 'attention_head_size': 1, 'learning_rate': 0.0009257573468203158}. Best is trial 0 with value: 130.6974334716797.
[I 2023-12-27 11:00:23,959] Trial 25 finished with value: 417.5158386230469 and parameters: {'gradient_clip_val': 0.6509184606920765, 'hidden_size': 6, 'dropout': 0.33136803577426877, 'hidden_continuous_size': 5, 'attention_head_size': 2, 'learning_rate': 0.003957568732388933}. Best is trial 0 with value: 130.6974334716797.
[I 2023-12-27 11:00:24,319] Trial 26 finished with value: 353.4667663574219 and parameters: {'gradient_clip_val': 0.82513986932603, 'hidden_size': 12, 'dropout': 0.2744002556553607, 'hidden_continuous_size': 6, 'attention_head_size': 3, 'learning_rate': 0.0019016500539196669}. Best is trial 0 with value: 130.6974334716797.
[I 2023-12-27 11:00:24,674] Trial 27 finished with value: 331.5413513183594 and parameters: {'gradient_clip_val': 0.5433617787223713, 'hidden_size': 8, 'dropout': 0.29342828122812636, 'hidden_continuous_size': 5, 'attention_head_size': 1, 'learning_rate': 0.0007937780646633791}. Best is trial 0 with value: 130.6974334716797.
[I 2023-12-27 11:00:25,027] Trial 28 finished with value: 425.2858581542969 and parameters: {'gradient_clip_val': 0.6879704854035648, 'hidden_size': 5, 'dropout': 0.34124188816579, 'hidden_continuous_size': 5, 'attention_head_size': 2, 'learning_rate': 0.007362506096135219}. Best is trial 0 with value: 130.6974334716797.
[I 2023-12-27 11:00:25,407] Trial 29 finished with value: 345.6400146484375 and parameters: {'gradient_clip_val': 0.8702930907630997, 'hidden_size': 14, 'dropout': 0.26581748543297484, 'hidden_continuous_size': 6, 'attention_head_size': 4, 'learning_rate': 0.0006121060608146339}. Best is trial 0 with value: 130.6974334716797.
[I 2023-12-27 11:00:25,778] Trial 30 finished with value: 417.2633972167969 and parameters: {'gradient_clip_val': 0.8694225513813729, 'hidden_size': 10, 'dropout': 0.2203676054441027, 'hidden_continuous_size': 6, 'attention_head_size': 1, 'learning_rate': 0.0013743243694336856}. Best is trial 0 with value: 130.6974334716797.
[I 2023-12-27 11:00:26,368] Trial 31 finished with value: 442.2001037597656 and parameters: {'gradient_clip_val': 0.26607414043452554, 'hidden_size': 131, 'dropout': 0.10681901105591202, 'hidden_continuous_size': 54, 'attention_head_size': 1, 'learning_rate': 0.000514950006261566}. Best is trial 0 with value: 130.6974334716797.
[I 2023-12-27 11:00:26,755] Trial 32 finished with value: 369.7266540527344 and parameters: {'gradient_clip_val': 0.24592230299815693, 'hidden_size': 19, 'dropout': 0.13660907530632443, 'hidden_continuous_size': 9, 'attention_head_size': 1, 'learning_rate': 0.0032480059819070643}. Best is trial 0 with value: 130.6974334716797.
[I 2023-12-27 11:00:27,393] Trial 33 finished with value: 308.61224365234375 and parameters: {'gradient_clip_val': 0.23612010300735353, 'hidden_size': 57, 'dropout': 0.1780991478649483, 'hidden_continuous_size': 20, 'attention_head_size': 1, 'learning_rate': 0.006082145171071098}. Best is trial 0 with value: 130.6974334716797.
[I 2023-12-27 11:00:27,769] Trial 34 finished with value: 435.4165344238281 and parameters: {'gradient_clip_val': 0.3256325565816214, 'hidden_size': 21, 'dropout': 0.15069251885744778, 'hidden_continuous_size': 7, 'attention_head_size': 1, 'learning_rate': 0.0023635667921551974}. Best is trial 0 with value: 130.6974334716797.
[I 2023-12-27 11:00:28,350] Trial 35 finished with value: 352.3813781738281 and parameters: {'gradient_clip_val': 0.19649627713521828, 'hidden_size': 126, 'dropout': 0.13316088317228114, 'hidden_continuous_size': 96, 'attention_head_size': 2, 'learning_rate': 0.0015289891808289646}. Best is trial 0 with value: 130.6974334716797.
[I 2023-12-27 11:00:28,731] Trial 36 finished with value: 342.884033203125 and parameters: {'gradient_clip_val': 0.11291997887867708, 'hidden_size': 26, 'dropout': 0.1909864164645962, 'hidden_continuous_size': 9, 'attention_head_size': 3, 'learning_rate': 0.003978336879441248}. Best is trial 0 with value: 130.6974334716797.
[I 2023-12-27 11:00:29,132] Trial 37 finished with value: 306.69384765625 and parameters: {'gradient_clip_val': 0.4577437879038339, 'hidden_size': 39, 'dropout': 0.22534057006048128, 'hidden_continuous_size': 16, 'attention_head_size': 1, 'learning_rate': 0.0011943247897561696}. Best is trial 0 with value: 130.6974334716797.
