[I 2023-12-27 10:54:07,202] Trial 13 finished with value: 2.0217106342315674 and parameters: {'gradient_clip_val': 0.4077882033270124, 'hidden_size': 12, 'dropout': 0.25996667054506684, 'hidden_continuous_size': 7, 'attention_head_size': 4, 'learning_rate': 0.007932959557166995}. Best is trial 0 with value: 0.14452487230300903.
[I 2023-12-27 10:54:07,620] Trial 14 finished with value: 1.618868350982666 and parameters: {'gradient_clip_val': 0.9966554806485485, 'hidden_size': 34, 'dropout': 0.4866855490532093, 'hidden_continuous_size': 10, 'attention_head_size': 3, 'learning_rate': 0.002852363082374541}. Best is trial 0 with value: 0.14452487230300903.
[I 2023-12-27 10:54:08,273] Trial 15 finished with value: 1.2103888988494873 and parameters: {'gradient_clip_val': 0.257369785245791, 'hidden_size': 20, 'dropout': 0.27224673888900736, 'hidden_continuous_size': 6, 'attention_head_size': 4, 'learning_rate': 0.0006080495531500629}. Best is trial 0 with value: 0.14452487230300903.
[I 2023-12-27 10:54:08,721] Trial 16 finished with value: 1.298811912536621 and parameters: {'gradient_clip_val': 0.4458119936344242, 'hidden_size': 52, 'dropout': 0.3679862055527746, 'hidden_continuous_size': 11, 'attention_head_size': 3, 'learning_rate': 0.007701258692183019}. Best is trial 0 with value: 0.14452487230300903.
[I 2023-12-27 10:54:09,097] Trial 17 finished with value: 1.7328720092773438 and parameters: {'gradient_clip_val': 0.47169852542229573, 'hidden_size': 8, 'dropout': 0.3882404826065386, 'hidden_continuous_size': 6, 'attention_head_size': 1, 'learning_rate': 0.09341193230219212}. Best is trial 0 with value: 0.14452487230300903.
[I 2023-12-27 10:54:09,520] Trial 18 finished with value: 1.687043309211731 and parameters: {'gradient_clip_val': 0.26490975312929, 'hidden_size': 29, 'dropout': 0.31747147125318825, 'hidden_continuous_size': 8, 'attention_head_size': 4, 'learning_rate': 0.0024713161081761836}. Best is trial 0 with value: 0.14452487230300903.
[I 2023-12-27 10:54:09,913] Trial 19 finished with value: 1.9225479364395142 and parameters: {'gradient_clip_val': 0.692288751034704, 'hidden_size': 18, 'dropout': 0.4936040791705073, 'hidden_continuous_size': 7, 'attention_head_size': 3, 'learning_rate': 0.01314942511105293}. Best is trial 0 with value: 0.14452487230300903.
[I 2023-12-27 10:54:10,369] Trial 20 finished with value: 1.8203541040420532 and parameters: {'gradient_clip_val': 0.7528063647501172, 'hidden_size': 47, 'dropout': 0.26435661756842227, 'hidden_continuous_size': 11, 'attention_head_size': 4, 'learning_rate': 0.03850534368128429}. Best is trial 0 with value: 0.14452487230300903.
[I 2023-12-27 10:54:10,764] Trial 21 finished with value: 1.0190328359603882 and parameters: {'gradient_clip_val': 0.2831329835177633, 'hidden_size': 19, 'dropout': 0.264884508545764, 'hidden_continuous_size': 6, 'attention_head_size': 4, 'learning_rate': 0.0006810875355985148}. Best is trial 0 with value: 0.14452487230300903.
[I 2023-12-27 10:54:11,162] Trial 22 finished with value: 1.5031388998031616 and parameters: {'gradient_clip_val': 0.30838078644158246, 'hidden_size': 26, 'dropout': 0.2179699072224293, 'hidden_continuous_size': 6, 'attention_head_size': 4, 'learning_rate': 0.0010687061231859421}. Best is trial 0 with value: 0.14452487230300903.
[I 2023-12-27 10:54:11,571] Trial 23 finished with value: 1.5274944305419922 and parameters: {'gradient_clip_val': 0.20955325202305655, 'hidden_size': 14, 'dropout': 0.29234094230365787, 'hidden_continuous_size': 7, 'attention_head_size': 3, 'learning_rate': 0.0005051279933722572}. Best is trial 0 with value: 0.14452487230300903.
[I 2023-12-27 10:54:11,973] Trial 24 finished with value: 1.6890898942947388 and parameters: {'gradient_clip_val': 0.5197476979579854, 'hidden_size': 26, 'dropout': 0.3376154752090604, 'hidden_continuous_size': 5, 'attention_head_size': 4, 'learning_rate': 0.0016331369245204954}. Best is trial 0 with value: 0.14452487230300903.
[I 2023-12-27 10:54:12,370] Trial 25 finished with value: 2.064767837524414 and parameters: {'gradient_clip_val': 0.4337905722805113, 'hidden_size': 19, 'dropout': 0.24453101223968093, 'hidden_continuous_size': 8, 'attention_head_size': 4, 'learning_rate': 0.0008988825182467298}. Best is trial 0 with value: 0.14452487230300903.
[I 2023-12-27 10:54:12,785] Trial 26 finished with value: 1.5078763961791992 and parameters: {'gradient_clip_val': 0.8324049320722305, 'hidden_size': 40, 'dropout': 0.29718482725849166, 'hidden_continuous_size': 9, 'attention_head_size': 3, 'learning_rate': 0.0005099552883394579}. Best is trial 0 with value: 0.14452487230300903.
[I 2023-12-27 10:54:13,241] Trial 27 finished with value: 1.8827805519104004 and parameters: {'gradient_clip_val': 0.18876701463698836, 'hidden_size': 68, 'dropout': 0.329262566398296, 'hidden_continuous_size': 12, 'attention_head_size': 4, 'learning_rate': 0.002058677993631506}. Best is trial 0 with value: 0.14452487230300903.
[I 2023-12-27 10:54:13,935] Trial 28 finished with value: 2.1881601810455322 and parameters: {'gradient_clip_val': 0.49816202552436895, 'hidden_size': 28, 'dropout': 0.29118577258969186, 'hidden_continuous_size': 6, 'attention_head_size': 3, 'learning_rate': 0.004211231381073341}. Best is trial 0 with value: 0.14452487230300903.
[I 2023-12-27 10:54:14,522] Trial 29 finished with value: 1.8750730752944946 and parameters: {'gradient_clip_val': 0.7297578205044488, 'hidden_size': 127, 'dropout': 0.226805511737827, 'hidden_continuous_size': 13, 'attention_head_size': 4, 'learning_rate': 0.0009399809650119588}. Best is trial 0 with value: 0.14452487230300903.
[I 2023-12-27 10:54:14,917] Trial 30 finished with value: 1.7368522882461548 and parameters: {'gradient_clip_val': 0.3237278543665486, 'hidden_size': 10, 'dropout': 0.1880519630367154, 'hidden_continuous_size': 6, 'attention_head_size': 4, 'learning_rate': 0.0011774969100729962}. Best is trial 0 with value: 0.14452487230300903.
[I 2023-12-27 10:54:15,310] Trial 31 finished with value: 1.297008991241455 and parameters: {'gradient_clip_val': 0.287437404862515, 'hidden_size': 17, 'dropout': 0.2646665704205027, 'hidden_continuous_size': 7, 'attention_head_size': 4, 'learning_rate': 0.0007449203821127695}. Best is trial 0 with value: 0.14452487230300903.
[I 2023-12-27 10:54:15,710] Trial 32 finished with value: 1.3927463293075562 and parameters: {'gradient_clip_val': 0.37358992995504064, 'hidden_size': 22, 'dropout': 0.2827462449925768, 'hidden_continuous_size': 6, 'attention_head_size': 4, 'learning_rate': 0.0006964082248230035}. Best is trial 0 with value: 0.14452487230300903.
[I 2023-12-27 10:54:16,103] Trial 33 finished with value: 2.222444534301758 and parameters: {'gradient_clip_val': 0.27062332070714445, 'hidden_size': 22, 'dropout': 0.3177235231826619, 'hidden_continuous_size': 5, 'attention_head_size': 4, 'learning_rate': 0.0016706832490421854}. Best is trial 0 with value: 0.14452487230300903.
[I 2023-12-27 10:54:16,503] Trial 34 finished with value: 1.8610059022903442 and parameters: {'gradient_clip_val': 0.21613733445036365, 'hidden_size': 16, 'dropout': 0.23624793014287537, 'hidden_continuous_size': 7, 'attention_head_size': 4, 'learning_rate': 0.0010860851836928848}. Best is trial 0 with value: 0.14452487230300903.
[I 2023-12-27 10:54:16,923] Trial 35 finished with value: 1.960656762123108 and parameters: {'gradient_clip_val': 0.2491455575149131, 'hidden_size': 21, 'dropout': 0.3968163567550815, 'hidden_continuous_size': 8, 'attention_head_size': 1, 'learning_rate': 0.0011925983822428838}. Best is trial 0 with value: 0.14452487230300903.
[I 2023-12-27 10:54:17,333] Trial 36 finished with value: 1.6229296922683716 and parameters: {'gradient_clip_val': 0.30718054107233084, 'hidden_size': 40, 'dropout': 0.43499762448710844, 'hidden_continuous_size': 9, 'attention_head_size': 3, 'learning_rate': 0.0007246418008362598}. Best is trial 0 with value: 0.14452487230300903.
[I 2023-12-27 10:54:17,746] Trial 37 finished with value: 1.8804360628128052 and parameters: {'gradient_clip_val': 0.3905835582674543, 'hidden_size': 22, 'dropout': 0.3554435554968022, 'hidden_continuous_size': 6, 'attention_head_size': 4, 'learning_rate': 0.00158787175653263}. Best is trial 0 with value: 0.14452487230300903.
[I 2023-12-27 10:54:18,178] Trial 38 finished with value: 1.769594669342041 and parameters: {'gradient_clip_val': 0.3447322941168401, 'hidden_size': 33, 'dropout': 0.3840799387869461, 'hidden_continuous_size': 5, 'attention_head_size': 2, 'learning_rate': 0.0005217027724082194}. Best is trial 0 with value: 0.14452487230300903.
[I 2023-12-27 10:54:18,590] Trial 39 finished with value: 2.175225019454956 and parameters: {'gradient_clip_val': 0.23819362535593733, 'hidden_size': 25, 'dropout': 0.2075783092834173, 'hidden_continuous_size': 10, 'attention_head_size': 4, 'learning_rate': 0.001944521614433498}. Best is trial 0 with value: 0.14452487230300903.
[I 2023-12-27 10:54:18,979] Trial 40 finished with value: 1.977616786956787 and parameters: {'gradient_clip_val': 0.5403021045339952, 'hidden_size': 13, 'dropout': 0.17772066191426839, 'hidden_continuous_size': 7, 'attention_head_size': 3, 'learning_rate': 0.0012755371020100503}. Best is trial 0 with value: 0.14452487230300903.
[I 2023-12-27 10:54:19,634] Trial 41 finished with value: 1.9677143096923828 and parameters: {'gradient_clip_val': 0.2918524947558518, 'hidden_size': 17, 'dropout': 0.27148158348209056, 'hidden_continuous_size': 8, 'attention_head_size': 4, 'learning_rate': 0.0007822069822030474}. Best is trial 0 with value: 0.14452487230300903.
[I 2023-12-27 10:54:20,039] Trial 42 finished with value: 1.4923285245895386 and parameters: {'gradient_clip_val': 0.28143930590882515, 'hidden_size': 17, 'dropout': 0.24728823274815964, 'hidden_continuous_size': 7, 'attention_head_size': 4, 'learning_rate': 0.0006445667047179675}. Best is trial 0 with value: 0.14452487230300903.
[I 2023-12-27 10:54:20,451] Trial 43 finished with value: 1.6686941385269165 and parameters: {'gradient_clip_val': 0.32385820271055327, 'hidden_size': 15, 'dropout': 0.275060395883623, 'hidden_continuous_size': 7, 'attention_head_size': 4, 'learning_rate': 0.0008608043817938776}. Best is trial 0 with value: 0.14452487230300903.
[I 2023-12-27 10:54:20,854] Trial 44 finished with value: 1.5214954614639282 and parameters: {'gradient_clip_val': 0.41960676383374823, 'hidden_size': 19, 'dropout': 0.305283035201694, 'hidden_continuous_size': 8, 'attention_head_size': 4, 'learning_rate': 0.000927424172453653}. Best is trial 0 with value: 0.14452487230300903.
[I 2023-12-27 10:54:21,243] Trial 45 finished with value: 2.1216681003570557 and parameters: {'gradient_clip_val': 0.6054908217267406, 'hidden_size': 11, 'dropout': 0.2558995485229346, 'hidden_continuous_size': 6, 'attention_head_size': 4, 'learning_rate': 0.0006574142756706021}. Best is trial 0 with value: 0.14452487230300903.
[I 2023-12-27 10:54:21,660] Trial 46 finished with value: 1.6084009408950806 and parameters: {'gradient_clip_val': 0.3519795374897714, 'hidden_size': 14, 'dropout': 0.23377721879825558, 'hidden_continuous_size': 6, 'attention_head_size': 4, 'learning_rate': 0.0013784159790643517}. Best is trial 0 with value: 0.14452487230300903.
[I 2023-12-27 10:54:22,075] Trial 47 finished with value: 1.555026888847351 and parameters: {'gradient_clip_val': 0.1851025889113993, 'hidden_size': 10, 'dropout': 0.27319971813038235, 'hidden_continuous_size': 7, 'attention_head_size': 4, 'learning_rate': 0.0006365756004733811}. Best is trial 0 with value: 0.14452487230300903.
[I 2023-12-27 10:54:22,495] Trial 48 finished with value: 1.7478679418563843 and parameters: {'gradient_clip_val': 0.2542954770942092, 'hidden_size': 30, 'dropout': 0.3320764178982781, 'hidden_continuous_size': 17, 'attention_head_size': 3, 'learning_rate': 0.0032895520586585505}. Best is trial 0 with value: 0.14452487230300903.
[I 2023-12-27 10:54:22,914] Trial 49 finished with value: 2.0102379322052 and parameters: {'gradient_clip_val': 0.6638198491499533, 'hidden_size': 24, 'dropout': 0.3050989583242619, 'hidden_continuous_size': 9, 'attention_head_size': 4, 'learning_rate': 0.0024286915633583207}. Best is trial 0 with value: 0.14452487230300903.
[I 2023-12-27 10:54:23,045] A new study created in memory with name: no-name-7239cdc8-3ac6-41af-aa67-e80f4dc6cb65
/home/le004/conda/anaconda3/envs/tsff_env/lib/python3.9/site-packages/lightning/fabric/plugins/environments/slurm.py:191: The `srun` command is available on your system but is not used. HINT: If your intention is to run Lightning on SLURM, prepend your python command with `srun` like so: srun python /home/le004/master_thesis/git/TSFusionForecast/code/ ...
[I 2023-12-27 10:54:54,575] Trial 0 finished with value: 0.06834829598665237 and parameters: {'gradient_clip_val': 0.18818530573488282, 'hidden_size': 18, 'dropout': 0.11017930191230146, 'hidden_continuous_size': 12, 'attention_head_size': 2, 'learning_rate': 0.015606882270093957}. Best is trial 0 with value: 0.06834829598665237.
[I 2023-12-27 10:55:04,669] Trial 1 finished with value: 0.8122087121009827 and parameters: {'gradient_clip_val': 0.8218379986761972, 'hidden_size': 10, 'dropout': 0.19464927998856543, 'hidden_continuous_size': 9, 'attention_head_size': 1, 'learning_rate': 0.05790899752817271}. Best is trial 0 with value: 0.06834829598665237.
[I 2023-12-27 10:55:05,033] Trial 2 finished with value: 5.8633599281311035 and parameters: {'gradient_clip_val': 0.1067474264066056, 'hidden_size': 16, 'dropout': 0.2296192278689435, 'hidden_continuous_size': 6, 'attention_head_size': 4, 'learning_rate': 0.0047460590899503045}. Best is trial 0 with value: 0.06834829598665237.
[I 2023-12-27 10:55:05,421] Trial 3 finished with value: 4.517031192779541 and parameters: {'gradient_clip_val': 0.23780959733309892, 'hidden_size': 39, 'dropout': 0.3996344130222994, 'hidden_continuous_size': 24, 'attention_head_size': 4, 'learning_rate': 0.034239952449628346}. Best is trial 0 with value: 0.06834829598665237.
[I 2023-12-27 10:55:05,930] Trial 4 finished with value: 5.569815158843994 and parameters: {'gradient_clip_val': 0.5718441477121284, 'hidden_size': 98, 'dropout': 0.12300310027491723, 'hidden_continuous_size': 46, 'attention_head_size': 4, 'learning_rate': 0.023338396718696704}. Best is trial 0 with value: 0.06834829598665237.
[I 2023-12-27 10:55:06,280] Trial 5 finished with value: 4.17742395401001 and parameters: {'gradient_clip_val': 0.2965866017774781, 'hidden_size': 13, 'dropout': 0.42897887223096587, 'hidden_continuous_size': 8, 'attention_head_size': 4, 'learning_rate': 0.019207685878859553}. Best is trial 0 with value: 0.06834829598665237.
[I 2023-12-27 10:55:06,594] Trial 6 finished with value: 5.054352283477783 and parameters: {'gradient_clip_val': 0.23006153433925078, 'hidden_size': 5, 'dropout': 0.14587782165326374, 'hidden_continuous_size': 5, 'attention_head_size': 4, 'learning_rate': 0.05198306117682463}. Best is trial 0 with value: 0.06834829598665237.
[I 2023-12-27 10:55:06,942] Trial 7 finished with value: 4.532495975494385 and parameters: {'gradient_clip_val': 0.5172393855299148, 'hidden_size': 25, 'dropout': 0.4664253636902007, 'hidden_continuous_size': 5, 'attention_head_size': 1, 'learning_rate': 0.0028198233332120074}. Best is trial 0 with value: 0.06834829598665237.
[I 2023-12-27 10:55:07,279] Trial 8 finished with value: 4.589155673980713 and parameters: {'gradient_clip_val': 0.12484767435027994, 'hidden_size': 7, 'dropout': 0.35594275895023786, 'hidden_continuous_size': 5, 'attention_head_size': 4, 'learning_rate': 0.0006969080517048652}. Best is trial 0 with value: 0.06834829598665237.
[I 2023-12-27 10:55:07,612] Trial 9 finished with value: 4.70150899887085 and parameters: {'gradient_clip_val': 0.4191422680038435, 'hidden_size': 11, 'dropout': 0.16137555463437017, 'hidden_continuous_size': 6, 'attention_head_size': 2, 'learning_rate': 0.001173215800095817}. Best is trial 0 with value: 0.06834829598665237.
[I 2023-12-27 10:55:08,006] Trial 10 finished with value: 4.668661594390869 and parameters: {'gradient_clip_val': 0.1710023766060292, 'hidden_size': 37, 'dropout': 0.2674045335245778, 'hidden_continuous_size': 14, 'attention_head_size': 2, 'learning_rate': 0.008837543291162509}. Best is trial 0 with value: 0.06834829598665237.
[I 2023-12-27 10:55:08,329] Trial 11 finished with value: 5.445499420166016 and parameters: {'gradient_clip_val': 0.9719053602612778, 'hidden_size': 8, 'dropout': 0.10192444125204261, 'hidden_continuous_size': 8, 'attention_head_size': 1, 'learning_rate': 0.09946054150280134}. Best is trial 0 with value: 0.06834829598665237.
[I 2023-12-27 10:55:08,688] Trial 12 finished with value: 4.224344730377197 and parameters: {'gradient_clip_val': 0.9930556113009303, 'hidden_size': 18, 'dropout': 0.20965552119745529, 'hidden_continuous_size': 10, 'attention_head_size': 2, 'learning_rate': 0.011779831318648914}. Best is trial 0 with value: 0.06834829598665237.
[I 2023-12-27 10:55:09,062] Trial 13 finished with value: 3.9883205890655518 and parameters: {'gradient_clip_val': 0.1855063591130299, 'hidden_size': 11, 'dropout': 0.18844519914962427, 'hidden_continuous_size': 9, 'attention_head_size': 1, 'learning_rate': 0.06208434803477773}. Best is trial 0 with value: 0.06834829598665237.
[I 2023-12-27 10:55:09,636] Trial 14 finished with value: 6.636178493499756 and parameters: {'gradient_clip_val': 0.3362665745647378, 'hidden_size': 5, 'dropout': 0.10045890346868908, 'hidden_continuous_size': 5, 'attention_head_size': 3, 'learning_rate': 0.01653316020642565}. Best is trial 0 with value: 0.06834829598665237.
[I 2023-12-27 10:55:10,018] Trial 15 finished with value: 5.609846591949463 and parameters: {'gradient_clip_val': 0.6369168085834745, 'hidden_size': 22, 'dropout': 0.27397653953687096, 'hidden_continuous_size': 12, 'attention_head_size': 3, 'learning_rate': 0.03579048856893458}. Best is trial 0 with value: 0.06834829598665237.
[I 2023-12-27 10:55:10,398] Trial 16 finished with value: 5.278696537017822 and parameters: {'gradient_clip_val': 0.381083966352704, 'hidden_size': 32, 'dropout': 0.16898741492616862, 'hidden_continuous_size': 15, 'attention_head_size': 1, 'learning_rate': 0.09507350918619704}. Best is trial 0 with value: 0.06834829598665237.
[I 2023-12-27 10:55:10,768] Trial 17 finished with value: 5.330837726593018 and parameters: {'gradient_clip_val': 0.75774375794123, 'hidden_size': 10, 'dropout': 0.23567488538878856, 'hidden_continuous_size': 7, 'attention_head_size': 2, 'learning_rate': 0.028876739267577334}. Best is trial 0 with value: 0.06834829598665237.
[I 2023-12-27 10:55:11,121] Trial 18 finished with value: 5.122552871704102 and parameters: {'gradient_clip_val': 0.4259759638256451, 'hidden_size': 16, 'dropout': 0.14437795631642075, 'hidden_continuous_size': 10, 'attention_head_size': 3, 'learning_rate': 0.012988640391423823}. Best is trial 0 with value: 0.06834829598665237.
[I 2023-12-27 10:55:11,473] Trial 19 finished with value: 4.143820285797119 and parameters: {'gradient_clip_val': 0.7359129645452476, 'hidden_size': 8, 'dropout': 0.19598279633520982, 'hidden_continuous_size': 6, 'attention_head_size': 1, 'learning_rate': 0.00720161465998988}. Best is trial 0 with value: 0.06834829598665237.
[I 2023-12-27 10:55:11,887] Trial 20 finished with value: 4.921546459197998 and parameters: {'gradient_clip_val': 0.2853158222355606, 'hidden_size': 46, 'dropout': 0.3169563556114633, 'hidden_continuous_size': 19, 'attention_head_size': 2, 'learning_rate': 0.04650208079508069}. Best is trial 0 with value: 0.06834829598665237.
[I 2023-12-27 10:55:12,262] Trial 21 finished with value: 6.646650791168213 and parameters: {'gradient_clip_val': 0.16664546384249268, 'hidden_size': 12, 'dropout': 0.18379447913770564, 'hidden_continuous_size': 9, 'attention_head_size': 1, 'learning_rate': 0.060207887640093945}. Best is trial 0 with value: 0.06834829598665237.
[I 2023-12-27 10:55:12,638] Trial 22 finished with value: 4.6536736488342285 and parameters: {'gradient_clip_val': 0.1904293292724412, 'hidden_size': 20, 'dropout': 0.1358436915874923, 'hidden_continuous_size': 9, 'attention_head_size': 1, 'learning_rate': 0.06614918509040248}. Best is trial 0 with value: 0.06834829598665237.
[I 2023-12-27 10:55:13,005] Trial 23 finished with value: 4.5817484855651855 and parameters: {'gradient_clip_val': 0.1472776328262492, 'hidden_size': 13, 'dropout': 0.1920615761409216, 'hidden_continuous_size': 7, 'attention_head_size': 1, 'learning_rate': 0.02324535637166868}. Best is trial 0 with value: 0.06834829598665237.
[I 2023-12-27 10:55:13,376] Trial 24 finished with value: 5.476822376251221 and parameters: {'gradient_clip_val': 0.21209965306226386, 'hidden_size': 9, 'dropout': 0.17161063522274983, 'hidden_continuous_size': 7, 'attention_head_size': 2, 'learning_rate': 0.037014996845575424}. Best is trial 0 with value: 0.06834829598665237.
[I 2023-12-27 10:55:13,725] Trial 25 finished with value: 4.179386615753174 and parameters: {'gradient_clip_val': 0.25819840213968814, 'hidden_size': 6, 'dropout': 0.2312886296386478, 'hidden_continuous_size': 5, 'attention_head_size': 1, 'learning_rate': 0.06876708061781203}. Best is trial 0 with value: 0.06834829598665237.
[I 2023-12-27 10:55:14,092] Trial 26 finished with value: 3.2714455127716064 and parameters: {'gradient_clip_val': 0.2058885345983755, 'hidden_size': 7, 'dropout': 0.12642556081742382, 'hidden_continuous_size': 6, 'attention_head_size': 2, 'learning_rate': 0.02586348299121608}. Best is trial 0 with value: 0.06834829598665237.
[I 2023-12-27 10:55:14,687] Trial 27 finished with value: 4.312963962554932 and parameters: {'gradient_clip_val': 0.2587082651583133, 'hidden_size': 6, 'dropout': 0.1266263927464512, 'hidden_continuous_size': 5, 'attention_head_size': 3, 'learning_rate': 0.015634924736385034}. Best is trial 0 with value: 0.06834829598665237.
