[I 2023-12-27 11:09:46,413] Trial 24 finished with value: 1.6161848306655884 and parameters: {'gradient_clip_val': 0.191581342678979, 'hidden_size': 8, 'dropout': 0.19720267803034386, 'hidden_continuous_size': 5, 'attention_head_size': 2, 'learning_rate': 0.015813785291886238}. Best is trial 0 with value: 0.03978193923830986.
[I 2023-12-27 11:09:46,804] Trial 25 finished with value: 2.1313023567199707 and parameters: {'gradient_clip_val': 0.13415082159425115, 'hidden_size': 15, 'dropout': 0.2192421467299047, 'hidden_continuous_size': 7, 'attention_head_size': 3, 'learning_rate': 0.028695609727221415}. Best is trial 0 with value: 0.03978193923830986.
[I 2023-12-27 11:09:47,194] Trial 26 finished with value: 2.00795578956604 and parameters: {'gradient_clip_val': 0.2598549381950926, 'hidden_size': 10, 'dropout': 0.10876857104226935, 'hidden_continuous_size': 6, 'attention_head_size': 4, 'learning_rate': 0.015083786875190446}. Best is trial 0 with value: 0.03978193923830986.
[I 2023-12-27 11:09:47,577] Trial 27 finished with value: 2.672856569290161 and parameters: {'gradient_clip_val': 0.22810470499940275, 'hidden_size': 21, 'dropout': 0.2751477617888951, 'hidden_continuous_size': 10, 'attention_head_size': 2, 'learning_rate': 0.04286204043879858}. Best is trial 0 with value: 0.03978193923830986.
[I 2023-12-27 11:09:47,945] Trial 28 finished with value: 1.8231987953186035 and parameters: {'gradient_clip_val': 0.18327657482489024, 'hidden_size': 14, 'dropout': 0.1552802168496637, 'hidden_continuous_size': 6, 'attention_head_size': 1, 'learning_rate': 0.05929382811528257}. Best is trial 0 with value: 0.03978193923830986.
[I 2023-12-27 11:09:48,327] Trial 29 finished with value: 1.6119318008422852 and parameters: {'gradient_clip_val': 0.20576496127826246, 'hidden_size': 24, 'dropout': 0.23554078157205105, 'hidden_continuous_size': 9, 'attention_head_size': 4, 'learning_rate': 0.0074026467095059}. Best is trial 0 with value: 0.03978193923830986.
[I 2023-12-27 11:09:48,729] Trial 30 finished with value: 2.1498610973358154 and parameters: {'gradient_clip_val': 0.3300638622468566, 'hidden_size': 29, 'dropout': 0.1853763435125917, 'hidden_continuous_size': 11, 'attention_head_size': 3, 'learning_rate': 0.025322601101216306}. Best is trial 0 with value: 0.03978193923830986.
[I 2023-12-27 11:09:49,100] Trial 31 finished with value: 2.2160956859588623 and parameters: {'gradient_clip_val': 0.27036150082008864, 'hidden_size': 12, 'dropout': 0.13624818122489632, 'hidden_continuous_size': 8, 'attention_head_size': 2, 'learning_rate': 0.05766105150391635}. Best is trial 0 with value: 0.03978193923830986.
[I 2023-12-27 11:09:49,473] Trial 32 finished with value: 2.000995635986328 and parameters: {'gradient_clip_val': 0.369642863417968, 'hidden_size': 17, 'dropout': 0.14705374028638155, 'hidden_continuous_size': 8, 'attention_head_size': 2, 'learning_rate': 0.03709141008805571}. Best is trial 0 with value: 0.03978193923830986.
[I 2023-12-27 11:09:49,850] Trial 33 finished with value: 1.8156418800354004 and parameters: {'gradient_clip_val': 0.23538434240873493, 'hidden_size': 20, 'dropout': 0.12776474970990065, 'hidden_continuous_size': 9, 'attention_head_size': 2, 'learning_rate': 0.0606651042576557}. Best is trial 0 with value: 0.03978193923830986.
[I 2023-12-27 11:09:50,233] Trial 34 finished with value: 1.749885082244873 and parameters: {'gradient_clip_val': 0.21776965940921936, 'hidden_size': 15, 'dropout': 0.15995473682832473, 'hidden_continuous_size': 7, 'attention_head_size': 3, 'learning_rate': 0.027337869877788752}. Best is trial 0 with value: 0.03978193923830986.
[I 2023-12-27 11:09:50,824] Trial 35 finished with value: 2.2902944087982178 and parameters: {'gradient_clip_val': 0.32684081683892696, 'hidden_size': 11, 'dropout': 0.10045703772747061, 'hidden_continuous_size': 6, 'attention_head_size': 1, 'learning_rate': 0.012520060117012165}. Best is trial 0 with value: 0.03978193923830986.
[I 2023-12-27 11:09:51,216] Trial 36 finished with value: 2.2739617824554443 and parameters: {'gradient_clip_val': 0.10995222661089558, 'hidden_size': 26, 'dropout': 0.1323501247864247, 'hidden_continuous_size': 12, 'attention_head_size': 2, 'learning_rate': 0.005909232901653727}. Best is trial 0 with value: 0.03978193923830986.
[I 2023-12-27 11:09:51,590] Trial 37 finished with value: 2.171140670776367 and parameters: {'gradient_clip_val': 0.2711309787354005, 'hidden_size': 17, 'dropout': 0.20567060997642644, 'hidden_continuous_size': 8, 'attention_head_size': 3, 'learning_rate': 0.018254220234518944}. Best is trial 0 with value: 0.03978193923830986.
[I 2023-12-27 11:09:51,974] Trial 38 finished with value: 1.8234549760818481 and parameters: {'gradient_clip_val': 0.4539863523117395, 'hidden_size': 9, 'dropout': 0.3095876594244471, 'hidden_continuous_size': 5, 'attention_head_size': 2, 'learning_rate': 0.0453180594598849}. Best is trial 0 with value: 0.03978193923830986.
[I 2023-12-27 11:09:52,370] Trial 39 finished with value: 1.6971627473831177 and parameters: {'gradient_clip_val': 0.21800442383214277, 'hidden_size': 14, 'dropout': 0.18089995554477134, 'hidden_continuous_size': 9, 'attention_head_size': 1, 'learning_rate': 0.024085796526016924}. Best is trial 0 with value: 0.03978193923830986.
[I 2023-12-27 11:09:52,755] Trial 40 finished with value: 1.6761493682861328 and parameters: {'gradient_clip_val': 0.3311203728299243, 'hidden_size': 7, 'dropout': 0.1242993392411108, 'hidden_continuous_size': 5, 'attention_head_size': 2, 'learning_rate': 0.03373593997436731}. Best is trial 0 with value: 0.03978193923830986.
[I 2023-12-27 11:09:53,093] Trial 41 finished with value: 1.9726632833480835 and parameters: {'gradient_clip_val': 0.396821455764616, 'hidden_size': 5, 'dropout': 0.2091809624421009, 'hidden_continuous_size': 5, 'attention_head_size': 2, 'learning_rate': 0.09585963255503603}. Best is trial 0 with value: 0.03978193923830986.
[I 2023-12-27 11:09:53,452] Trial 42 finished with value: 1.7795943021774292 and parameters: {'gradient_clip_val': 0.29564639799621945, 'hidden_size': 6, 'dropout': 0.23260920904137725, 'hidden_continuous_size': 5, 'attention_head_size': 2, 'learning_rate': 0.07421418601310178}. Best is trial 0 with value: 0.03978193923830986.
[I 2023-12-27 11:09:53,827] Trial 43 finished with value: 2.263786554336548 and parameters: {'gradient_clip_val': 0.40571441317232115, 'hidden_size': 11, 'dropout': 0.1798403852535287, 'hidden_continuous_size': 6, 'attention_head_size': 2, 'learning_rate': 0.07359331265558527}. Best is trial 0 with value: 0.03978193923830986.
[I 2023-12-27 11:09:54,226] Trial 44 finished with value: 2.1163785457611084 and parameters: {'gradient_clip_val': 0.4944864518368665, 'hidden_size': 19, 'dropout': 0.25647868059242396, 'hidden_continuous_size': 12, 'attention_head_size': 3, 'learning_rate': 0.04919499385512196}. Best is trial 0 with value: 0.03978193923830986.
[I 2023-12-27 11:09:54,618] Trial 45 finished with value: 1.8454090356826782 and parameters: {'gradient_clip_val': 0.6165410044741012, 'hidden_size': 9, 'dropout': 0.20877530544397158, 'hidden_continuous_size': 5, 'attention_head_size': 2, 'learning_rate': 0.07167986310386193}. Best is trial 0 with value: 0.03978193923830986.
[I 2023-12-27 11:09:55,014] Trial 46 finished with value: 2.6006433963775635 and parameters: {'gradient_clip_val': 0.30552127128772094, 'hidden_size': 12, 'dropout': 0.16458307168471742, 'hidden_continuous_size': 7, 'attention_head_size': 3, 'learning_rate': 0.044313786513218385}. Best is trial 0 with value: 0.03978193923830986.
[I 2023-12-27 11:09:55,380] Trial 47 finished with value: 2.126267671585083 and parameters: {'gradient_clip_val': 0.3599378810263538, 'hidden_size': 16, 'dropout': 0.11554337761037017, 'hidden_continuous_size': 10, 'attention_head_size': 1, 'learning_rate': 0.09654415875945374}. Best is trial 0 with value: 0.03978193923830986.
[I 2023-12-27 11:09:55,989] Trial 48 finished with value: 1.8701032400131226 and parameters: {'gradient_clip_val': 0.2811437943612424, 'hidden_size': 19, 'dropout': 0.14376873190498568, 'hidden_continuous_size': 11, 'attention_head_size': 3, 'learning_rate': 0.03437329339288909}. Best is trial 0 with value: 0.03978193923830986.
[I 2023-12-27 11:09:56,351] Trial 49 finished with value: 2.1761763095855713 and parameters: {'gradient_clip_val': 0.24906446638224997, 'hidden_size': 6, 'dropout': 0.27263029602126776, 'hidden_continuous_size': 5, 'attention_head_size': 2, 'learning_rate': 0.0272934235159762}. Best is trial 0 with value: 0.03978193923830986.
[I 2023-12-27 11:09:56,463] A new study created in memory with name: no-name-d402481e-3846-4f64-b98b-2583c74a1c13
/home/le004/conda/anaconda3/envs/tsff_env/lib/python3.9/site-packages/lightning/fabric/plugins/environments/slurm.py:191: The `srun` command is available on your system but is not used. HINT: If your intention is to run Lightning on SLURM, prepend your python command with `srun` like so: srun python /home/le004/master_thesis/git/TSFusionForecast/code/ ...
[I 2023-12-27 11:10:28,681] Trial 0 finished with value: 3.3424394130706787 and parameters: {'gradient_clip_val': 0.1840299818015986, 'hidden_size': 12, 'dropout': 0.1054959894247109, 'hidden_continuous_size': 10, 'attention_head_size': 2, 'learning_rate': 0.0009573316347917895}. Best is trial 0 with value: 3.3424394130706787.
[I 2023-12-27 11:11:11,080] Trial 1 finished with value: 0.2404983788728714 and parameters: {'gradient_clip_val': 0.7322703723338112, 'hidden_size': 59, 'dropout': 0.33287809845515004, 'hidden_continuous_size': 15, 'attention_head_size': 3, 'learning_rate': 0.009828280596474226}. Best is trial 1 with value: 0.2404983788728714.
[I 2023-12-27 11:11:29,944] Trial 2 finished with value: 1.318516492843628 and parameters: {'gradient_clip_val': 0.7449960511855844, 'hidden_size': 148, 'dropout': 0.24975563078807328, 'hidden_continuous_size': 56, 'attention_head_size': 1, 'learning_rate': 0.0012299284127394157}. Best is trial 1 with value: 0.2404983788728714.
[I 2023-12-27 11:11:30,399] Trial 3 finished with value: 6.4296088218688965 and parameters: {'gradient_clip_val': 0.33827143466891874, 'hidden_size': 94, 'dropout': 0.18850574259153374, 'hidden_continuous_size': 9, 'attention_head_size': 2, 'learning_rate': 0.009005077296016645}. Best is trial 1 with value: 0.2404983788728714.
[I 2023-12-27 11:11:30,808] Trial 4 finished with value: 3.9699668884277344 and parameters: {'gradient_clip_val': 0.5356361768925527, 'hidden_size': 62, 'dropout': 0.35029736811044654, 'hidden_continuous_size': 12, 'attention_head_size': 4, 'learning_rate': 0.031189388851795962}. Best is trial 1 with value: 0.2404983788728714.
[I 2023-12-27 11:11:31,197] Trial 5 finished with value: 4.891653537750244 and parameters: {'gradient_clip_val': 0.44873463473857383, 'hidden_size': 49, 'dropout': 0.12020251355350996, 'hidden_continuous_size': 9, 'attention_head_size': 1, 'learning_rate': 0.0033070967363343006}. Best is trial 1 with value: 0.2404983788728714.
[I 2023-12-27 11:11:31,842] Trial 6 finished with value: 4.312621593475342 and parameters: {'gradient_clip_val': 0.5051870014630464, 'hidden_size': 97, 'dropout': 0.1641946618156842, 'hidden_continuous_size': 14, 'attention_head_size': 3, 'learning_rate': 0.025662563696153568}. Best is trial 1 with value: 0.2404983788728714.
[I 2023-12-27 11:11:32,184] Trial 7 finished with value: 5.447537899017334 and parameters: {'gradient_clip_val': 0.38148179619398737, 'hidden_size': 7, 'dropout': 0.3032256525832944, 'hidden_continuous_size': 6, 'attention_head_size': 2, 'learning_rate': 0.002875354785432162}. Best is trial 1 with value: 0.2404983788728714.
[I 2023-12-27 11:11:32,540] Trial 8 finished with value: 5.296449184417725 and parameters: {'gradient_clip_val': 0.448940445267513, 'hidden_size': 17, 'dropout': 0.15737287294423813, 'hidden_continuous_size': 5, 'attention_head_size': 4, 'learning_rate': 0.007867836706946098}. Best is trial 1 with value: 0.2404983788728714.
[I 2023-12-27 11:11:32,884] Trial 9 finished with value: 6.267738342285156 and parameters: {'gradient_clip_val': 0.23245365323903522, 'hidden_size': 13, 'dropout': 0.30581971558682614, 'hidden_continuous_size': 9, 'attention_head_size': 1, 'learning_rate': 0.01737832325478423}. Best is trial 1 with value: 0.2404983788728714.
[I 2023-12-27 11:11:33,278] Trial 10 finished with value: 5.5711283683776855 and parameters: {'gradient_clip_val': 0.10559945420758007, 'hidden_size': 27, 'dropout': 0.4430462790598086, 'hidden_continuous_size': 17, 'attention_head_size': 3, 'learning_rate': 0.0653946425223069}. Best is trial 1 with value: 0.2404983788728714.
[I 2023-12-27 11:11:33,803] Trial 11 finished with value: 5.219123840332031 and parameters: {'gradient_clip_val': 0.9300276706999936, 'hidden_size': 111, 'dropout': 0.23413560213366835, 'hidden_continuous_size': 40, 'attention_head_size': 3, 'learning_rate': 0.0005279886645758054}. Best is trial 1 with value: 0.2404983788728714.
[I 2023-12-27 11:11:34,456] Trial 12 finished with value: 5.524572849273682 and parameters: {'gradient_clip_val': 0.9884389127229248, 'hidden_size': 145, 'dropout': 0.24369234120953542, 'hidden_continuous_size': 90, 'attention_head_size': 1, 'learning_rate': 0.0021191849969448007}. Best is trial 1 with value: 0.2404983788728714.
[I 2023-12-27 11:11:34,893] Trial 13 finished with value: 3.9776694774627686 and parameters: {'gradient_clip_val': 0.7185674597591244, 'hidden_size': 54, 'dropout': 0.3745127447789707, 'hidden_continuous_size': 20, 'attention_head_size': 3, 'learning_rate': 0.005135113308263953}. Best is trial 1 with value: 0.2404983788728714.
[I 2023-12-27 11:11:35,293] Trial 14 finished with value: 3.2022154331207275 and parameters: {'gradient_clip_val': 0.6689373613891196, 'hidden_size': 36, 'dropout': 0.24687680764769057, 'hidden_continuous_size': 21, 'attention_head_size': 2, 'learning_rate': 0.0013919457342767918}. Best is trial 1 with value: 0.2404983788728714.
[I 2023-12-27 11:11:35,765] Trial 15 finished with value: 4.435003757476807 and parameters: {'gradient_clip_val': 0.6899542895866961, 'hidden_size': 75, 'dropout': 0.48076604925365496, 'hidden_continuous_size': 34, 'attention_head_size': 4, 'learning_rate': 0.005368156813427754}. Best is trial 1 with value: 0.2404983788728714.
[I 2023-12-27 11:11:36,334] Trial 16 finished with value: 5.51355504989624 and parameters: {'gradient_clip_val': 0.7955546977986736, 'hidden_size': 137, 'dropout': 0.3950073315259906, 'hidden_continuous_size': 50, 'attention_head_size': 1, 'learning_rate': 0.012619254684711534}. Best is trial 1 with value: 0.2404983788728714.
[I 2023-12-27 11:11:36,802] Trial 17 finished with value: 4.638650417327881 and parameters: {'gradient_clip_val': 0.60527412030912, 'hidden_size': 70, 'dropout': 0.3264020739327576, 'hidden_continuous_size': 25, 'attention_head_size': 2, 'learning_rate': 0.0014698637882225006}. Best is trial 1 with value: 0.2404983788728714.
[I 2023-12-27 11:11:37,241] Trial 18 finished with value: 5.830580234527588 and parameters: {'gradient_clip_val': 0.8364175492763752, 'hidden_size': 45, 'dropout': 0.2839630689712415, 'hidden_continuous_size': 15, 'attention_head_size': 3, 'learning_rate': 0.0005035052585223222}. Best is trial 1 with value: 0.2404983788728714.
[I 2023-12-27 11:11:38,021] Trial 19 finished with value: 5.8093180656433105 and parameters: {'gradient_clip_val': 0.991371402765652, 'hidden_size': 88, 'dropout': 0.397323438023946, 'hidden_continuous_size': 26, 'attention_head_size': 4, 'learning_rate': 0.0041114159903598724}. Best is trial 1 with value: 0.2404983788728714.
[I 2023-12-27 11:11:38,675] Trial 20 finished with value: 3.480752944946289 and parameters: {'gradient_clip_val': 0.5720550610558038, 'hidden_size': 146, 'dropout': 0.34537572669780425, 'hidden_continuous_size': 62, 'attention_head_size': 1, 'learning_rate': 0.007211198094196919}. Best is trial 1 with value: 0.2404983788728714.
[I 2023-12-27 11:11:39,105] Trial 21 finished with value: 4.18846321105957 and parameters: {'gradient_clip_val': 0.671487501312094, 'hidden_size': 38, 'dropout': 0.26752977019436464, 'hidden_continuous_size': 19, 'attention_head_size': 2, 'learning_rate': 0.0016697906434279348}. Best is trial 1 with value: 0.2404983788728714.
[I 2023-12-27 11:11:39,533] Trial 22 finished with value: 5.119098663330078 and parameters: {'gradient_clip_val': 0.7823997847130778, 'hidden_size': 35, 'dropout': 0.21484373665388623, 'hidden_continuous_size': 22, 'attention_head_size': 2, 'learning_rate': 0.0010187541089768618}. Best is trial 1 with value: 0.2404983788728714.
[I 2023-12-27 11:11:39,993] Trial 23 finished with value: 6.509309768676758 and parameters: {'gradient_clip_val': 0.628002471655369, 'hidden_size': 58, 'dropout': 0.26730539009913457, 'hidden_continuous_size': 30, 'attention_head_size': 3, 'learning_rate': 0.00242080731228199}. Best is trial 1 with value: 0.2404983788728714.
[I 2023-12-27 11:11:40,407] Trial 24 finished with value: 5.245036602020264 and parameters: {'gradient_clip_val': 0.8143726814007215, 'hidden_size': 29, 'dropout': 0.24487583599408766, 'hidden_continuous_size': 17, 'attention_head_size': 1, 'learning_rate': 0.0043249436828047055}. Best is trial 1 with value: 0.2404983788728714.
[I 2023-12-27 11:11:40,900] Trial 25 finished with value: 3.9675912857055664 and parameters: {'gradient_clip_val': 0.5999785175409622, 'hidden_size': 77, 'dropout': 0.2094541370805308, 'hidden_continuous_size': 34, 'attention_head_size': 2, 'learning_rate': 0.0009090171802941521}. Best is trial 1 with value: 0.2404983788728714.
[I 2023-12-27 11:11:41,347] Trial 26 finished with value: 5.523118495941162 and parameters: {'gradient_clip_val': 0.4911131759449292, 'hidden_size': 43, 'dropout': 0.2856150411658448, 'hidden_continuous_size': 22, 'attention_head_size': 3, 'learning_rate': 0.001588634897534764}. Best is trial 1 with value: 0.2404983788728714.
[I 2023-12-27 11:11:41,930] Trial 27 finished with value: 5.335144519805908 and parameters: {'gradient_clip_val': 0.6884754178278448, 'hidden_size': 114, 'dropout': 0.31462490727915354, 'hidden_continuous_size': 47, 'attention_head_size': 2, 'learning_rate': 0.002973890429405429}. Best is trial 1 with value: 0.2404983788728714.
[I 2023-12-27 11:11:42,393] Trial 28 finished with value: 4.056230068206787 and parameters: {'gradient_clip_val': 0.39820867732819315, 'hidden_size': 61, 'dropout': 0.2633440044577204, 'hidden_continuous_size': 27, 'attention_head_size': 1, 'learning_rate': 0.010385010468477628}. Best is trial 1 with value: 0.2404983788728714.
[I 2023-12-27 11:11:42,825] Trial 29 finished with value: 5.838817119598389 and parameters: {'gradient_clip_val': 0.30492563818341034, 'hidden_size': 31, 'dropout': 0.2919015219178092, 'hidden_continuous_size': 13, 'attention_head_size': 2, 'learning_rate': 0.0009721173056712805}. Best is trial 1 with value: 0.2404983788728714.
[I 2023-12-27 11:11:43,231] Trial 30 finished with value: 3.010721445083618 and parameters: {'gradient_clip_val': 0.8733194524728508, 'hidden_size': 22, 'dropout': 0.33478393047139166, 'hidden_continuous_size': 11, 'attention_head_size': 2, 'learning_rate': 0.006211270093733273}. Best is trial 1 with value: 0.2404983788728714.
[I 2023-12-27 11:11:43,641] Trial 31 finished with value: 5.227867603302002 and parameters: {'gradient_clip_val': 0.8464562698482706, 'hidden_size': 21, 'dropout': 0.3356366526795569, 'hidden_continuous_size': 10, 'attention_head_size': 2, 'learning_rate': 0.005684182494392166}. Best is trial 1 with value: 0.2404983788728714.
[I 2023-12-27 11:11:44,353] Trial 32 finished with value: 4.306013584136963 and parameters: {'gradient_clip_val': 0.7098049186945343, 'hidden_size': 22, 'dropout': 0.32112704680042237, 'hidden_continuous_size': 11, 'attention_head_size': 3, 'learning_rate': 0.0036525974794468716}. Best is trial 1 with value: 0.2404983788728714.
[I 2023-12-27 11:11:44,798] Trial 33 finished with value: 3.85186505317688 and parameters: {'gradient_clip_val': 0.8964770697891625, 'hidden_size': 36, 'dropout': 0.2180369370773797, 'hidden_continuous_size': 15, 'attention_head_size': 2, 'learning_rate': 0.011272035386721294}. Best is trial 1 with value: 0.2404983788728714.
[I 2023-12-27 11:11:45,272] Trial 34 finished with value: 4.991367816925049 and parameters: {'gradient_clip_val': 0.5738458755383847, 'hidden_size': 53, 'dropout': 0.3614850752366774, 'hidden_continuous_size': 13, 'attention_head_size': 2, 'learning_rate': 0.0065883114966519985}. Best is trial 1 with value: 0.2404983788728714.
[I 2023-12-27 11:11:45,725] Trial 35 finished with value: 5.404552936553955 and parameters: {'gradient_clip_val': 0.5475901033709174, 'hidden_size': 46, 'dropout': 0.18406856110057834, 'hidden_continuous_size': 12, 'attention_head_size': 1, 'learning_rate': 0.0023182254481288146}. Best is trial 1 with value: 0.2404983788728714.
[I 2023-12-27 11:11:46,188] Trial 36 finished with value: 4.400828838348389 and parameters: {'gradient_clip_val': 0.758192130893598, 'hidden_size': 65, 'dropout': 0.3350942828264043, 'hidden_continuous_size': 8, 'attention_head_size': 3, 'learning_rate': 0.009106004905507385}. Best is trial 1 with value: 0.2404983788728714.
[I 2023-12-27 11:11:46,598] Trial 37 finished with value: 5.173752784729004 and parameters: {'gradient_clip_val': 0.9822583504639204, 'hidden_size': 26, 'dropout': 0.3068716543112194, 'hidden_continuous_size': 17, 'attention_head_size': 1, 'learning_rate': 0.015854807776919062}. Best is trial 1 with value: 0.2404983788728714.
[I 2023-12-27 11:11:47,094] Trial 38 finished with value: 4.108380317687988 and parameters: {'gradient_clip_val': 0.6403180471225749, 'hidden_size': 88, 'dropout': 0.2612753501813101, 'hidden_continuous_size': 7, 'attention_head_size': 2, 'learning_rate': 0.003569840385821274}. Best is trial 1 with value: 0.2404983788728714.
