[I 2023-12-27 11:04:43,997] Trial 49 finished with value: 7396.134765625 and parameters: {'gradient_clip_val': 0.32641784484596537, 'hidden_size': 15, 'dropout': 0.1378978236309856, 'hidden_continuous_size': 10, 'attention_head_size': 3, 'learning_rate': 0.0012312040336309278}. Best is trial 0 with value: 3068.48828125.
[I 2023-12-27 11:04:44,103] A new study created in memory with name: no-name-63429735-67cb-4301-a274-77d132298303
/home/le004/conda/anaconda3/envs/tsff_env/lib/python3.9/site-packages/lightning/fabric/plugins/environments/slurm.py:191: The `srun` command is available on your system but is not used. HINT: If your intention is to run Lightning on SLURM, prepend your python command with `srun` like so: srun python /home/le004/master_thesis/git/TSFusionForecast/code/ ...
[I 2023-12-27 11:05:07,398] Trial 0 finished with value: 1998.90478515625 and parameters: {'gradient_clip_val': 0.7428537337794794, 'hidden_size': 78, 'dropout': 0.33254788071759145, 'hidden_continuous_size': 6, 'attention_head_size': 2, 'learning_rate': 0.06687648056376687}. Best is trial 0 with value: 1998.90478515625.
[I 2023-12-27 11:05:07,933] Trial 1 finished with value: 6444.63427734375 and parameters: {'gradient_clip_val': 0.19625141064257196, 'hidden_size': 6, 'dropout': 0.26895700200261957, 'hidden_continuous_size': 5, 'attention_head_size': 2, 'learning_rate': 0.0038764237686568924}. Best is trial 0 with value: 1998.90478515625.
[I 2023-12-27 11:05:08,286] Trial 2 finished with value: 8239.6884765625 and parameters: {'gradient_clip_val': 0.3267805437153306, 'hidden_size': 42, 'dropout': 0.15229539826003358, 'hidden_continuous_size': 5, 'attention_head_size': 1, 'learning_rate': 0.05952701440729835}. Best is trial 0 with value: 1998.90478515625.
[I 2023-12-27 11:05:08,605] Trial 3 finished with value: 6747.3671875 and parameters: {'gradient_clip_val': 0.14209879939302889, 'hidden_size': 5, 'dropout': 0.2836525503587315, 'hidden_continuous_size': 5, 'attention_head_size': 4, 'learning_rate': 0.056010800918975825}. Best is trial 0 with value: 1998.90478515625.
[I 2023-12-27 11:05:08,927] Trial 4 finished with value: 4800.5537109375 and parameters: {'gradient_clip_val': 0.177708207578858, 'hidden_size': 6, 'dropout': 0.11455847976055092, 'hidden_continuous_size': 5, 'attention_head_size': 3, 'learning_rate': 0.004407128847345645}. Best is trial 0 with value: 1998.90478515625.
[I 2023-12-27 11:05:09,225] Trial 5 finished with value: 7345.90625 and parameters: {'gradient_clip_val': 0.1034673280216353, 'hidden_size': 5, 'dropout': 0.2503419933415741, 'hidden_continuous_size': 5, 'attention_head_size': 4, 'learning_rate': 0.0008362270103111703}. Best is trial 0 with value: 1998.90478515625.
[I 2023-12-27 11:05:09,527] Trial 6 finished with value: 7854.49609375 and parameters: {'gradient_clip_val': 0.4643501511054414, 'hidden_size': 6, 'dropout': 0.4397429930747837, 'hidden_continuous_size': 6, 'attention_head_size': 4, 'learning_rate': 0.0012668967542703454}. Best is trial 0 with value: 1998.90478515625.
[I 2023-12-27 11:05:09,938] Trial 7 finished with value: 6989.15771484375 and parameters: {'gradient_clip_val': 0.7683968713178805, 'hidden_size': 57, 'dropout': 0.3115741849644954, 'hidden_continuous_size': 7, 'attention_head_size': 2, 'learning_rate': 0.012263341469518237}. Best is trial 0 with value: 1998.90478515625.
[I 2023-12-27 11:05:10,336] Trial 8 finished with value: 4149.3828125 and parameters: {'gradient_clip_val': 0.3415926929590414, 'hidden_size': 42, 'dropout': 0.34733284838753853, 'hidden_continuous_size': 35, 'attention_head_size': 4, 'learning_rate': 0.0020266094318616167}. Best is trial 0 with value: 1998.90478515625.
[I 2023-12-27 11:05:10,708] Trial 9 finished with value: 7380.04638671875 and parameters: {'gradient_clip_val': 0.3753771691281942, 'hidden_size': 44, 'dropout': 0.48910740192796875, 'hidden_continuous_size': 8, 'attention_head_size': 1, 'learning_rate': 0.009473770236028493}. Best is trial 0 with value: 1998.90478515625.
[I 2023-12-27 11:05:11,310] Trial 10 finished with value: 8225.9296875 and parameters: {'gradient_clip_val': 0.9968728776678812, 'hidden_size': 147, 'dropout': 0.3756967175931273, 'hidden_continuous_size': 84, 'attention_head_size': 3, 'learning_rate': 0.09998924512966624}. Best is trial 0 with value: 1998.90478515625.
[I 2023-12-27 11:05:11,758] Trial 11 finished with value: 6834.07275390625 and parameters: {'gradient_clip_val': 0.5290986181290926, 'hidden_size': 79, 'dropout': 0.3572630293764553, 'hidden_continuous_size': 22, 'attention_head_size': 2, 'learning_rate': 0.023382903458760703}. Best is trial 0 with value: 1998.90478515625.
[I 2023-12-27 11:05:12,127] Trial 12 finished with value: 5130.4619140625 and parameters: {'gradient_clip_val': 0.6419136376363522, 'hidden_size': 18, 'dropout': 0.39492367945292123, 'hidden_continuous_size': 10, 'attention_head_size': 3, 'learning_rate': 0.002315316470754937}. Best is trial 0 with value: 1998.90478515625.
[I 2023-12-27 11:05:12,488] Trial 13 finished with value: 6602.166015625 and parameters: {'gradient_clip_val': 0.258835197723252, 'hidden_size': 22, 'dropout': 0.33303165389617356, 'hidden_continuous_size': 13, 'attention_head_size': 2, 'learning_rate': 0.0018816193675391256}. Best is trial 0 with value: 1998.90478515625.
[I 2023-12-27 11:05:12,948] Trial 14 finished with value: 6567.87939453125 and parameters: {'gradient_clip_val': 0.4403748791942438, 'hidden_size': 104, 'dropout': 0.4151108423046953, 'hidden_continuous_size': 24, 'attention_head_size': 3, 'learning_rate': 0.0007263539135860327}. Best is trial 0 with value: 1998.90478515625.
[I 2023-12-27 11:05:13,549] Trial 15 finished with value: 5847.33056640625 and parameters: {'gradient_clip_val': 0.2781803734745831, 'hidden_size': 34, 'dropout': 0.22312543815976266, 'hidden_continuous_size': 12, 'attention_head_size': 1, 'learning_rate': 0.01923013905257856}. Best is trial 0 with value: 1998.90478515625.
[I 2023-12-27 11:05:13,997] Trial 16 finished with value: 7405.09521484375 and parameters: {'gradient_clip_val': 0.6394185513668028, 'hidden_size': 72, 'dropout': 0.3374756778080771, 'hidden_continuous_size': 36, 'attention_head_size': 4, 'learning_rate': 0.004896760614950463}. Best is trial 0 with value: 1998.90478515625.
[I 2023-12-27 11:05:14,491] Trial 17 finished with value: 6415.578125 and parameters: {'gradient_clip_val': 0.39166578945598357, 'hidden_size': 102, 'dropout': 0.30905387424920044, 'hidden_continuous_size': 38, 'attention_head_size': 3, 'learning_rate': 0.00702793523163594}. Best is trial 0 with value: 1998.90478515625.
[I 2023-12-27 11:05:14,867] Trial 18 finished with value: 7211.63525390625 and parameters: {'gradient_clip_val': 0.9980187633952039, 'hidden_size': 28, 'dropout': 0.371318253813114, 'hidden_continuous_size': 9, 'attention_head_size': 2, 'learning_rate': 0.0025325795847447354}. Best is trial 0 with value: 1998.90478515625.
[I 2023-12-27 11:05:15,276] Trial 19 finished with value: 6390.873046875 and parameters: {'gradient_clip_val': 0.5874839908665598, 'hidden_size': 55, 'dropout': 0.2210733331379406, 'hidden_continuous_size': 7, 'attention_head_size': 1, 'learning_rate': 0.0010901717134633403}. Best is trial 0 with value: 1998.90478515625.
[I 2023-12-27 11:05:15,840] Trial 20 finished with value: 5754.02197265625 and parameters: {'gradient_clip_val': 0.32890671143587114, 'hidden_size': 150, 'dropout': 0.43240963317264214, 'hidden_continuous_size': 15, 'attention_head_size': 4, 'learning_rate': 0.0005412038033201038}. Best is trial 0 with value: 1998.90478515625.
[I 2023-12-27 11:05:16,213] Trial 21 finished with value: 7169.84375 and parameters: {'gradient_clip_val': 0.22395350304945666, 'hidden_size': 14, 'dropout': 0.14085586681490292, 'hidden_continuous_size': 6, 'attention_head_size': 3, 'learning_rate': 0.003750306334820002}. Best is trial 0 with value: 1998.90478515625.
[I 2023-12-27 11:05:16,590] Trial 22 finished with value: 7594.6171875 and parameters: {'gradient_clip_val': 0.18122348732283675, 'hidden_size': 11, 'dropout': 0.106150796575074, 'hidden_continuous_size': 6, 'attention_head_size': 3, 'learning_rate': 0.005391199698648256}. Best is trial 0 with value: 1998.90478515625.
[I 2023-12-27 11:05:16,992] Trial 23 finished with value: 6957.658203125 and parameters: {'gradient_clip_val': 0.2699933013233462, 'hidden_size': 31, 'dropout': 0.30058492206143, 'hidden_continuous_size': 10, 'attention_head_size': 2, 'learning_rate': 0.003109147137806176}. Best is trial 0 with value: 1998.90478515625.
[I 2023-12-27 11:05:17,356] Trial 24 finished with value: 6818.06103515625 and parameters: {'gradient_clip_val': 0.4728502605954761, 'hidden_size': 10, 'dropout': 0.3421030744867056, 'hidden_continuous_size': 6, 'attention_head_size': 4, 'learning_rate': 0.0017217780832360274}. Best is trial 0 with value: 1998.90478515625.
[I 2023-12-27 11:05:17,727] Trial 25 finished with value: 4727.9580078125 and parameters: {'gradient_clip_val': 0.1622079989864727, 'hidden_size': 23, 'dropout': 0.19736298919486595, 'hidden_continuous_size': 8, 'attention_head_size': 3, 'learning_rate': 0.007626961880988911}. Best is trial 0 with value: 1998.90478515625.
[I 2023-12-27 11:05:18,096] Trial 26 finished with value: 6019.4609375 and parameters: {'gradient_clip_val': 0.3498574597877238, 'hidden_size': 24, 'dropout': 0.1928093005679282, 'hidden_continuous_size': 8, 'attention_head_size': 2, 'learning_rate': 0.014502601042991944}. Best is trial 0 with value: 1998.90478515625.
[I 2023-12-27 11:05:18,484] Trial 27 finished with value: 7232.775390625 and parameters: {'gradient_clip_val': 0.4014389890685334, 'hidden_size': 40, 'dropout': 0.26638393909841696, 'hidden_continuous_size': 10, 'attention_head_size': 3, 'learning_rate': 0.008043699548139825}. Best is trial 0 with value: 1998.90478515625.
[I 2023-12-27 11:05:19,120] Trial 28 finished with value: 6469.16796875 and parameters: {'gradient_clip_val': 0.2870202652596035, 'hidden_size': 34, 'dropout': 0.3159696993096246, 'hidden_continuous_size': 7, 'attention_head_size': 4, 'learning_rate': 0.0321734413195944}. Best is trial 0 with value: 1998.90478515625.
[I 2023-12-27 11:05:19,493] Trial 29 finished with value: 8363.0615234375 and parameters: {'gradient_clip_val': 0.22030345791383749, 'hidden_size': 21, 'dropout': 0.2795886702597822, 'hidden_continuous_size': 8, 'attention_head_size': 2, 'learning_rate': 0.0058848620627042466}. Best is trial 0 with value: 1998.90478515625.
[I 2023-12-27 11:05:19,908] Trial 30 finished with value: 5034.4423828125 and parameters: {'gradient_clip_val': 0.8084714325526658, 'hidden_size': 55, 'dropout': 0.25505561291382917, 'hidden_continuous_size': 11, 'attention_head_size': 3, 'learning_rate': 0.010829581398015561}. Best is trial 0 with value: 1998.90478515625.
[I 2023-12-27 11:05:20,291] Trial 31 finished with value: 7627.443359375 and parameters: {'gradient_clip_val': 0.18191511888564443, 'hidden_size': 15, 'dropout': 0.19175938013050592, 'hidden_continuous_size': 5, 'attention_head_size': 3, 'learning_rate': 0.0035912459019548744}. Best is trial 0 with value: 1998.90478515625.
[I 2023-12-27 11:05:20,647] Trial 32 finished with value: 6130.76708984375 and parameters: {'gradient_clip_val': 0.16359397653487417, 'hidden_size': 7, 'dropout': 0.1078174966837553, 'hidden_continuous_size': 5, 'attention_head_size': 3, 'learning_rate': 0.004242140363353933}. Best is trial 0 with value: 1998.90478515625.
[I 2023-12-27 11:05:21,026] Trial 33 finished with value: 5410.31201171875 and parameters: {'gradient_clip_val': 0.13943438104931846, 'hidden_size': 27, 'dropout': 0.15093319862735566, 'hidden_continuous_size': 6, 'attention_head_size': 4, 'learning_rate': 0.007255349581250263}. Best is trial 0 with value: 1998.90478515625.
[I 2023-12-27 11:05:21,370] Trial 34 finished with value: 7725.31884765625 and parameters: {'gradient_clip_val': 0.21659288481995403, 'hidden_size': 8, 'dropout': 0.13262866836269493, 'hidden_continuous_size': 5, 'attention_head_size': 3, 'learning_rate': 0.0028417538397574327}. Best is trial 0 with value: 1998.90478515625.
[I 2023-12-27 11:05:21,696] Trial 35 finished with value: 7621.13427734375 and parameters: {'gradient_clip_val': 0.1243663269713946, 'hidden_size': 5, 'dropout': 0.1781201724176582, 'hidden_continuous_size': 5, 'attention_head_size': 4, 'learning_rate': 0.057645781341687526}. Best is trial 0 with value: 1998.90478515625.
[I 2023-12-27 11:05:22,086] Trial 36 finished with value: 7278.02490234375 and parameters: {'gradient_clip_val': 0.1560044156683556, 'hidden_size': 44, 'dropout': 0.28588363871325995, 'hidden_continuous_size': 7, 'attention_head_size': 2, 'learning_rate': 0.043175681313104355}. Best is trial 0 with value: 1998.90478515625.
[I 2023-12-27 11:05:22,434] Trial 37 finished with value: 6218.34033203125 and parameters: {'gradient_clip_val': 0.10059799314142555, 'hidden_size': 6, 'dropout': 0.16712721251418708, 'hidden_continuous_size': 5, 'attention_head_size': 2, 'learning_rate': 0.01745403789440949}. Best is trial 0 with value: 1998.90478515625.
[I 2023-12-27 11:05:22,780] Trial 38 finished with value: 5410.693359375 and parameters: {'gradient_clip_val': 0.1272065284340179, 'hidden_size': 18, 'dropout': 0.24819444244995392, 'hidden_continuous_size': 6, 'attention_head_size': 1, 'learning_rate': 0.08809011529703575}. Best is trial 0 with value: 1998.90478515625.
[I 2023-12-27 11:05:23,156] Trial 39 finished with value: 7231.3671875 and parameters: {'gradient_clip_val': 0.32497964957620784, 'hidden_size': 9, 'dropout': 0.12330368444034592, 'hidden_continuous_size': 5, 'attention_head_size': 4, 'learning_rate': 0.026207740319926533}. Best is trial 0 with value: 1998.90478515625.
[I 2023-12-27 11:05:23,521] Trial 40 finished with value: 7102.154296875 and parameters: {'gradient_clip_val': 0.19681029273115963, 'hidden_size': 13, 'dropout': 0.15804338923059055, 'hidden_continuous_size': 7, 'attention_head_size': 3, 'learning_rate': 0.012605640639482298}. Best is trial 0 with value: 1998.90478515625.
[I 2023-12-27 11:05:24,153] Trial 41 finished with value: 6739.4375 and parameters: {'gradient_clip_val': 0.8182850002318407, 'hidden_size': 55, 'dropout': 0.2441204389761492, 'hidden_continuous_size': 11, 'attention_head_size': 3, 'learning_rate': 0.010972031281347635}. Best is trial 0 with value: 1998.90478515625.
[I 2023-12-27 11:05:24,559] Trial 42 finished with value: 6651.775390625 and parameters: {'gradient_clip_val': 0.8255315866024389, 'hidden_size': 39, 'dropout': 0.2727118715507461, 'hidden_continuous_size': 9, 'attention_head_size': 3, 'learning_rate': 0.010025744156056436}. Best is trial 0 with value: 1998.90478515625.
[I 2023-12-27 11:05:24,977] Trial 43 finished with value: 7557.984375 and parameters: {'gradient_clip_val': 0.5020472289798467, 'hidden_size': 51, 'dropout': 0.21222027218263523, 'hidden_continuous_size': 13, 'attention_head_size': 3, 'learning_rate': 0.004482753760187624}. Best is trial 0 with value: 1998.90478515625.
[I 2023-12-27 11:05:25,416] Trial 44 finished with value: 6450.87158203125 and parameters: {'gradient_clip_val': 0.7292941015083649, 'hidden_size': 67, 'dropout': 0.29607450561390125, 'hidden_continuous_size': 17, 'attention_head_size': 3, 'learning_rate': 0.0062974127411057285}. Best is trial 0 with value: 1998.90478515625.
[I 2023-12-27 11:05:25,831] Trial 45 finished with value: 6273.66064453125 and parameters: {'gradient_clip_val': 0.5524300318284601, 'hidden_size': 46, 'dropout': 0.3215590804101061, 'hidden_continuous_size': 9, 'attention_head_size': 2, 'learning_rate': 0.008391991407293402}. Best is trial 0 with value: 1998.90478515625.
[I 2023-12-27 11:05:26,265] Trial 46 finished with value: 10395.36328125 and parameters: {'gradient_clip_val': 0.4170887841719151, 'hidden_size': 66, 'dropout': 0.3561135894342333, 'hidden_continuous_size': 8, 'attention_head_size': 4, 'learning_rate': 0.009545906887523017}. Best is trial 0 with value: 1998.90478515625.
[I 2023-12-27 11:05:26,735] Trial 47 finished with value: 6519.12939453125 and parameters: {'gradient_clip_val': 0.45577778790210904, 'hidden_size': 85, 'dropout': 0.2625852891846686, 'hidden_continuous_size': 12, 'attention_head_size': 3, 'learning_rate': 0.005477740139893948}. Best is trial 0 with value: 1998.90478515625.
[I 2023-12-27 11:05:27,143] Trial 48 finished with value: 7575.87939453125 and parameters: {'gradient_clip_val': 0.8881982844650201, 'hidden_size': 38, 'dropout': 0.24234895789500746, 'hidden_continuous_size': 11, 'attention_head_size': 2, 'learning_rate': 0.0020478515506294364}. Best is trial 0 with value: 1998.90478515625.
[I 2023-12-27 11:05:27,545] Trial 49 finished with value: 6665.40576171875 and parameters: {'gradient_clip_val': 0.6973846138278156, 'hidden_size': 50, 'dropout': 0.23011195095423576, 'hidden_continuous_size': 7, 'attention_head_size': 4, 'learning_rate': 0.001556223685623126}. Best is trial 0 with value: 1998.90478515625.
[I 2023-12-27 11:05:27,652] A new study created in memory with name: no-name-e39b3c9a-e665-4ab9-8bbd-e688ff56c0ed
/home/le004/conda/anaconda3/envs/tsff_env/lib/python3.9/site-packages/lightning/fabric/plugins/environments/slurm.py:191: The `srun` command is available on your system but is not used. HINT: If your intention is to run Lightning on SLURM, prepend your python command with `srun` like so: srun python /home/le004/master_thesis/git/TSFusionForecast/code/ ...
[I 2023-12-27 11:05:50,755] Trial 0 finished with value: 50.32365036010742 and parameters: {'gradient_clip_val': 0.10131688066899024, 'hidden_size': 76, 'dropout': 0.40259484657791, 'hidden_continuous_size': 38, 'attention_head_size': 2, 'learning_rate': 0.08426112924025103}. Best is trial 0 with value: 50.32365036010742.
[I 2023-12-27 11:05:51,087] Trial 1 finished with value: 219.167724609375 and parameters: {'gradient_clip_val': 0.5929541827695897, 'hidden_size': 12, 'dropout': 0.4851489453797353, 'hidden_continuous_size': 10, 'attention_head_size': 3, 'learning_rate': 0.004054100819891659}. Best is trial 0 with value: 50.32365036010742.
[I 2023-12-27 11:05:51,405] Trial 2 finished with value: 256.01116943359375 and parameters: {'gradient_clip_val': 0.637564445290248, 'hidden_size': 7, 'dropout': 0.406640722917586, 'hidden_continuous_size': 5, 'attention_head_size': 1, 'learning_rate': 0.0006815529200812993}. Best is trial 0 with value: 50.32365036010742.
[I 2023-12-27 11:05:51,960] Trial 3 finished with value: 226.64939880371094 and parameters: {'gradient_clip_val': 0.3369372213247334, 'hidden_size': 9, 'dropout': 0.33497441335659334, 'hidden_continuous_size': 5, 'attention_head_size': 1, 'learning_rate': 0.00949942093756812}. Best is trial 0 with value: 50.32365036010742.
[I 2023-12-27 11:05:52,299] Trial 4 finished with value: 236.1893310546875 and parameters: {'gradient_clip_val': 0.17013801152846045, 'hidden_size': 14, 'dropout': 0.1378432498844382, 'hidden_continuous_size': 10, 'attention_head_size': 3, 'learning_rate': 0.010946424826035604}. Best is trial 0 with value: 50.32365036010742.
[I 2023-12-27 11:05:52,754] Trial 5 finished with value: 254.68841552734375 and parameters: {'gradient_clip_val': 0.20674976715689175, 'hidden_size': 85, 'dropout': 0.48089702919307376, 'hidden_continuous_size': 71, 'attention_head_size': 1, 'learning_rate': 0.0016573303024511367}. Best is trial 0 with value: 50.32365036010742.
[I 2023-12-27 11:05:53,092] Trial 6 finished with value: 217.8240203857422 and parameters: {'gradient_clip_val': 0.20904910078860997, 'hidden_size': 19, 'dropout': 0.3855217899710325, 'hidden_continuous_size': 14, 'attention_head_size': 4, 'learning_rate': 0.0010978724332720187}. Best is trial 0 with value: 50.32365036010742.
[I 2023-12-27 11:05:53,473] Trial 7 finished with value: 266.1537780761719 and parameters: {'gradient_clip_val': 0.6561608558784598, 'hidden_size': 57, 'dropout': 0.4933898998465226, 'hidden_continuous_size': 6, 'attention_head_size': 4, 'learning_rate': 0.002733694909430993}. Best is trial 0 with value: 50.32365036010742.
[I 2023-12-27 11:05:53,880] Trial 8 finished with value: 240.40728759765625 and parameters: {'gradient_clip_val': 0.18750724751412037, 'hidden_size': 80, 'dropout': 0.3270375544590933, 'hidden_continuous_size': 10, 'attention_head_size': 4, 'learning_rate': 0.0018214457755709305}. Best is trial 0 with value: 50.32365036010742.
[I 2023-12-27 11:05:54,217] Trial 9 finished with value: 319.4985046386719 and parameters: {'gradient_clip_val': 0.5488076798054652, 'hidden_size': 13, 'dropout': 0.14269455915779058, 'hidden_continuous_size': 6, 'attention_head_size': 4, 'learning_rate': 0.001063418257104735}. Best is trial 0 with value: 50.32365036010742.
[I 2023-12-27 11:05:54,606] Trial 10 finished with value: 252.44764709472656 and parameters: {'gradient_clip_val': 0.10536837721648598, 'hidden_size': 38, 'dropout': 0.23239065492286914, 'hidden_continuous_size': 37, 'attention_head_size': 2, 'learning_rate': 0.07226391972543134}. Best is trial 0 with value: 50.32365036010742.
[I 2023-12-27 11:05:55,146] Trial 11 finished with value: 241.8308868408203 and parameters: {'gradient_clip_val': 0.10167537600164692, 'hidden_size': 138, 'dropout': 0.3918285870438822, 'hidden_continuous_size': 27, 'attention_head_size': 2, 'learning_rate': 0.0005027762512832256}. Best is trial 0 with value: 50.32365036010742.
[I 2023-12-27 11:05:55,519] Trial 12 finished with value: 227.89251708984375 and parameters: {'gradient_clip_val': 0.13569898530777932, 'hidden_size': 26, 'dropout': 0.3986306309169089, 'hidden_continuous_size': 14, 'attention_head_size': 3, 'learning_rate': 0.08326168904497061}. Best is trial 0 with value: 50.32365036010742.
