[I 2023-12-27 11:23:02,573] Trial 18 finished with value: 113.8042221069336 and parameters: {'gradient_clip_val': 0.3887135941273393, 'hidden_size': 24, 'dropout': 0.34480365790522843, 'hidden_continuous_size': 9, 'attention_head_size': 3, 'learning_rate': 0.004649402026675635}. Best is trial 0 with value: 10.894495964050293.
LOCAL_RANK: 0 - CUDA_VISIBLE_DEVICES: [0]
[I 2023-12-27 11:23:03,059] Trial 19 finished with value: 85.82485961914062 and parameters: {'gradient_clip_val': 0.26892265327371306, 'hidden_size': 36, 'dropout': 0.47086212702811925, 'hidden_continuous_size': 14, 'attention_head_size': 2, 'learning_rate': 0.009860870364313159}. Best is trial 0 with value: 10.894495964050293.
LOCAL_RANK: 0 - CUDA_VISIBLE_DEVICES: [0]
[I 2023-12-27 11:23:03,535] Trial 20 finished with value: 82.54259490966797 and parameters: {'gradient_clip_val': 0.19993445948568533, 'hidden_size': 17, 'dropout': 0.405733207123363, 'hidden_continuous_size': 10, 'attention_head_size': 4, 'learning_rate': 0.0025276551401135204}. Best is trial 0 with value: 10.894495964050293.
LOCAL_RANK: 0 - CUDA_VISIBLE_DEVICES: [0]
[I 2023-12-27 11:23:04,221] Trial 21 finished with value: 119.38443756103516 and parameters: {'gradient_clip_val': 0.27860489602432326, 'hidden_size': 5, 'dropout': 0.4965974892404292, 'hidden_continuous_size': 5, 'attention_head_size': 3, 'learning_rate': 0.004186857096882388}. Best is trial 0 with value: 10.894495964050293.
LOCAL_RANK: 0 - CUDA_VISIBLE_DEVICES: [0]
[I 2023-12-27 11:23:04,670] Trial 22 finished with value: 151.12852478027344 and parameters: {'gradient_clip_val': 0.3376269847987546, 'hidden_size': 8, 'dropout': 0.4637987126799402, 'hidden_continuous_size': 6, 'attention_head_size': 3, 'learning_rate': 0.0026601789474322776}. Best is trial 0 with value: 10.894495964050293.
LOCAL_RANK: 0 - CUDA_VISIBLE_DEVICES: [0]
[I 2023-12-27 11:23:05,082] Trial 23 finished with value: 96.3960189819336 and parameters: {'gradient_clip_val': 0.17374289891653705, 'hidden_size': 5, 'dropout': 0.49924576154332845, 'hidden_continuous_size': 5, 'attention_head_size': 3, 'learning_rate': 0.006804723254215659}. Best is trial 0 with value: 10.894495964050293.
LOCAL_RANK: 0 - CUDA_VISIBLE_DEVICES: [0]
[I 2023-12-27 11:23:05,524] Trial 24 finished with value: 91.96627044677734 and parameters: {'gradient_clip_val': 0.2827051860080692, 'hidden_size': 8, 'dropout': 0.43216287913596774, 'hidden_continuous_size': 6, 'attention_head_size': 3, 'learning_rate': 0.004149273315949102}. Best is trial 0 with value: 10.894495964050293.
LOCAL_RANK: 0 - CUDA_VISIBLE_DEVICES: [0]
[I 2023-12-27 11:23:05,992] Trial 25 finished with value: 97.55023193359375 and parameters: {'gradient_clip_val': 0.21746249293780726, 'hidden_size': 10, 'dropout': 0.4652506946887264, 'hidden_continuous_size': 6, 'attention_head_size': 2, 'learning_rate': 0.001806823389009638}. Best is trial 0 with value: 10.894495964050293.
LOCAL_RANK: 0 - CUDA_VISIBLE_DEVICES: [0]
[I 2023-12-27 11:23:06,445] Trial 26 finished with value: 106.11752319335938 and parameters: {'gradient_clip_val': 0.12519643104643047, 'hidden_size': 21, 'dropout': 0.434220835261424, 'hidden_continuous_size': 10, 'attention_head_size': 3, 'learning_rate': 0.008521684883169987}. Best is trial 0 with value: 10.894495964050293.
LOCAL_RANK: 0 - CUDA_VISIBLE_DEVICES: [0]
[I 2023-12-27 11:23:06,888] Trial 27 finished with value: 114.5454330444336 and parameters: {'gradient_clip_val': 0.16403785726610556, 'hidden_size': 6, 'dropout': 0.4800561985946745, 'hidden_continuous_size': 5, 'attention_head_size': 4, 'learning_rate': 0.013727779830594256}. Best is trial 0 with value: 10.894495964050293.
LOCAL_RANK: 0 - CUDA_VISIBLE_DEVICES: [0]
[I 2023-12-27 11:23:07,326] Trial 28 finished with value: 125.61856842041016 and parameters: {'gradient_clip_val': 0.13761294749962547, 'hidden_size': 13, 'dropout': 0.4631553362348973, 'hidden_continuous_size': 7, 'attention_head_size': 3, 'learning_rate': 0.005755519808495775}. Best is trial 0 with value: 10.894495964050293.
LOCAL_RANK: 0 - CUDA_VISIBLE_DEVICES: [0]
[I 2023-12-27 11:23:07,774] Trial 29 finished with value: 96.11734008789062 and parameters: {'gradient_clip_val': 0.11690553967846819, 'hidden_size': 20, 'dropout': 0.3779549905159625, 'hidden_continuous_size': 9, 'attention_head_size': 2, 'learning_rate': 0.001438221574171769}. Best is trial 0 with value: 10.894495964050293.
LOCAL_RANK: 0 - CUDA_VISIBLE_DEVICES: [0]
[I 2023-12-27 11:23:08,227] Trial 30 finished with value: 104.5184555053711 and parameters: {'gradient_clip_val': 0.731001187760261, 'hidden_size': 16, 'dropout': 0.41982286369959815, 'hidden_continuous_size': 7, 'attention_head_size': 4, 'learning_rate': 0.003524876622303766}. Best is trial 0 with value: 10.894495964050293.
LOCAL_RANK: 0 - CUDA_VISIBLE_DEVICES: [0]
[I 2023-12-27 11:23:08,674] Trial 31 finished with value: 98.89923095703125 and parameters: {'gradient_clip_val': 0.20711547051641738, 'hidden_size': 17, 'dropout': 0.4091151516974815, 'hidden_continuous_size': 10, 'attention_head_size': 4, 'learning_rate': 0.002350991096861796}. Best is trial 0 with value: 10.894495964050293.
LOCAL_RANK: 0 - CUDA_VISIBLE_DEVICES: [0]
[I 2023-12-27 11:23:09,128] Trial 32 finished with value: 101.03485870361328 and parameters: {'gradient_clip_val': 0.1846807149394839, 'hidden_size': 30, 'dropout': 0.45581283918353394, 'hidden_continuous_size': 12, 'attention_head_size': 4, 'learning_rate': 0.0021079626781024615}. Best is trial 0 with value: 10.894495964050293.
LOCAL_RANK: 0 - CUDA_VISIBLE_DEVICES: [0]
[I 2023-12-27 11:23:09,579] Trial 33 finished with value: 121.78020477294922 and parameters: {'gradient_clip_val': 0.24585458762776644, 'hidden_size': 18, 'dropout': 0.38817010484272696, 'hidden_continuous_size': 10, 'attention_head_size': 4, 'learning_rate': 0.003035008967411165}. Best is trial 0 with value: 10.894495964050293.
LOCAL_RANK: 0 - CUDA_VISIBLE_DEVICES: [0]
[I 2023-12-27 11:23:10,328] Trial 34 finished with value: 108.65494537353516 and parameters: {'gradient_clip_val': 0.10011106776425754, 'hidden_size': 10, 'dropout': 0.43061121356322996, 'hidden_continuous_size': 6, 'attention_head_size': 3, 'learning_rate': 0.005654958225131477}. Best is trial 0 with value: 10.894495964050293.
LOCAL_RANK: 0 - CUDA_VISIBLE_DEVICES: [0]
[I 2023-12-27 11:23:10,785] Trial 35 finished with value: 139.86241149902344 and parameters: {'gradient_clip_val': 0.20175683513189832, 'hidden_size': 24, 'dropout': 0.4836528551554808, 'hidden_continuous_size': 12, 'attention_head_size': 4, 'learning_rate': 0.0011059896938436927}. Best is trial 0 with value: 10.894495964050293.
LOCAL_RANK: 0 - CUDA_VISIBLE_DEVICES: [0]
[I 2023-12-27 11:23:11,276] Trial 36 finished with value: 86.13727569580078 and parameters: {'gradient_clip_val': 0.16517253098830548, 'hidden_size': 37, 'dropout': 0.365997239011419, 'hidden_continuous_size': 14, 'attention_head_size': 3, 'learning_rate': 0.0035157528183086687}. Best is trial 0 with value: 10.894495964050293.
LOCAL_RANK: 0 - CUDA_VISIBLE_DEVICES: [0]
[I 2023-12-27 11:23:11,741] Trial 37 finished with value: 91.53155517578125 and parameters: {'gradient_clip_val': 0.13088891307678893, 'hidden_size': 15, 'dropout': 0.4026801660345262, 'hidden_continuous_size': 8, 'attention_head_size': 1, 'learning_rate': 0.0018951076815630187}. Best is trial 0 with value: 10.894495964050293.
LOCAL_RANK: 0 - CUDA_VISIBLE_DEVICES: [0]
[I 2023-12-27 11:23:12,196] Trial 38 finished with value: 105.4594497680664 and parameters: {'gradient_clip_val': 0.15113249878916934, 'hidden_size': 47, 'dropout': 0.3264106751574375, 'hidden_continuous_size': 15, 'attention_head_size': 2, 'learning_rate': 0.0075290852017573465}. Best is trial 0 with value: 10.894495964050293.
LOCAL_RANK: 0 - CUDA_VISIBLE_DEVICES: [0]
[I 2023-12-27 11:23:12,646] Trial 39 finished with value: 85.49308013916016 and parameters: {'gradient_clip_val': 0.24814008073596874, 'hidden_size': 11, 'dropout': 0.44458984001939156, 'hidden_continuous_size': 8, 'attention_head_size': 4, 'learning_rate': 0.002450106395994393}. Best is trial 0 with value: 10.894495964050293.
LOCAL_RANK: 0 - CUDA_VISIBLE_DEVICES: [0]
[I 2023-12-27 11:23:13,101] Trial 40 finished with value: 101.85489654541016 and parameters: {'gradient_clip_val': 0.2298378784858988, 'hidden_size': 20, 'dropout': 0.40733865990921087, 'hidden_continuous_size': 11, 'attention_head_size': 3, 'learning_rate': 0.0010510173900343657}. Best is trial 0 with value: 10.894495964050293.
LOCAL_RANK: 0 - CUDA_VISIBLE_DEVICES: [0]
[I 2023-12-27 11:23:13,602] Trial 41 finished with value: 110.896484375 and parameters: {'gradient_clip_val': 0.10384391852867064, 'hidden_size': 66, 'dropout': 0.3492093835044656, 'hidden_continuous_size': 17, 'attention_head_size': 2, 'learning_rate': 0.010353045267215394}. Best is trial 0 with value: 10.894495964050293.
LOCAL_RANK: 0 - CUDA_VISIBLE_DEVICES: [0]
[I 2023-12-27 11:23:14,103] Trial 42 finished with value: 115.69183349609375 and parameters: {'gradient_clip_val': 0.11239631957795847, 'hidden_size': 87, 'dropout': 0.3645661139405964, 'hidden_continuous_size': 23, 'attention_head_size': 2, 'learning_rate': 0.0050401023057153015}. Best is trial 0 with value: 10.894495964050293.
LOCAL_RANK: 0 - CUDA_VISIBLE_DEVICES: [0]
[I 2023-12-27 11:23:14,590] Trial 43 finished with value: 111.533203125 and parameters: {'gradient_clip_val': 0.14640521273295815, 'hidden_size': 43, 'dropout': 0.32007420377208673, 'hidden_continuous_size': 13, 'attention_head_size': 2, 'learning_rate': 0.0036513789312748388}. Best is trial 0 with value: 10.894495964050293.
LOCAL_RANK: 0 - CUDA_VISIBLE_DEVICES: [0]
[I 2023-12-27 11:23:15,068] Trial 44 finished with value: 105.4317626953125 and parameters: {'gradient_clip_val': 0.1255287556564799, 'hidden_size': 52, 'dropout': 0.39039131303589303, 'hidden_continuous_size': 16, 'attention_head_size': 1, 'learning_rate': 0.006728834281560381}. Best is trial 0 with value: 10.894495964050293.
LOCAL_RANK: 0 - CUDA_VISIBLE_DEVICES: [0]
[I 2023-12-27 11:23:15,564] Trial 45 finished with value: 116.70458984375 and parameters: {'gradient_clip_val': 0.15575224917641328, 'hidden_size': 63, 'dropout': 0.4250134512820987, 'hidden_continuous_size': 18, 'attention_head_size': 2, 'learning_rate': 0.00897509476048377}. Best is trial 0 with value: 10.894495964050293.
LOCAL_RANK: 0 - CUDA_VISIBLE_DEVICES: [0]
[I 2023-12-27 11:23:16,060] Trial 46 finished with value: 129.39288330078125 and parameters: {'gradient_clip_val': 0.3991433637259118, 'hidden_size': 29, 'dropout': 0.48076861385962, 'hidden_continuous_size': 13, 'attention_head_size': 3, 'learning_rate': 0.004967905093378253}. Best is trial 0 with value: 10.894495964050293.
LOCAL_RANK: 0 - CUDA_VISIBLE_DEVICES: [0]
[I 2023-12-27 11:23:16,559] Trial 47 finished with value: 82.43405151367188 and parameters: {'gradient_clip_val': 0.19386610201107207, 'hidden_size': 92, 'dropout': 0.42160721019532377, 'hidden_continuous_size': 26, 'attention_head_size': 3, 'learning_rate': 0.01220616877552232}. Best is trial 0 with value: 10.894495964050293.
LOCAL_RANK: 0 - CUDA_VISIBLE_DEVICES: [0]
[I 2023-12-27 11:23:17,343] Trial 48 finished with value: 88.5016860961914 and parameters: {'gradient_clip_val': 0.18656418424366403, 'hidden_size': 99, 'dropout': 0.4507095814628184, 'hidden_continuous_size': 19, 'attention_head_size': 3, 'learning_rate': 0.017860041332423308}. Best is trial 0 with value: 10.894495964050293.
LOCAL_RANK: 0 - CUDA_VISIBLE_DEVICES: [0]
[I 2023-12-27 11:23:17,850] Trial 49 finished with value: 90.2724609375 and parameters: {'gradient_clip_val': 0.30577209338236305, 'hidden_size': 118, 'dropout': 0.41161387944991945, 'hidden_continuous_size': 28, 'attention_head_size': 3, 'learning_rate': 0.0028948877865121875}. Best is trial 0 with value: 10.894495964050293.
[I 2023-12-27 11:23:17,979] A new study created in memory with name: no-name-29f6e105-3a4f-4f86-9f61-53144e03ac1d
/home/le004/conda/anaconda3/envs/tsff_env/lib/python3.9/site-packages/lightning/fabric/plugins/environments/slurm.py:191: The `srun` command is available on your system but is not used. HINT: If your intention is to run Lightning on SLURM, prepend your python command with `srun` like so: srun python /home/le004/master_thesis/git/TSFusionForecast/code/ ...
LOCAL_RANK: 0 - CUDA_VISIBLE_DEVICES: [0]
[I 2023-12-27 11:23:45,320] Trial 0 finished with value: 111.225830078125 and parameters: {'gradient_clip_val': 0.19896924587381198, 'hidden_size': 32, 'dropout': 0.1964488870179628, 'hidden_continuous_size': 16, 'attention_head_size': 1, 'learning_rate': 0.0018477859115716478}. Best is trial 0 with value: 111.225830078125.
LOCAL_RANK: 0 - CUDA_VISIBLE_DEVICES: [0]
[I 2023-12-27 11:23:45,824] Trial 1 finished with value: 331.9497985839844 and parameters: {'gradient_clip_val': 0.1032016159101205, 'hidden_size': 137, 'dropout': 0.38822857040458547, 'hidden_continuous_size': 26, 'attention_head_size': 1, 'learning_rate': 0.005639728824402923}. Best is trial 0 with value: 111.225830078125.
LOCAL_RANK: 0 - CUDA_VISIBLE_DEVICES: [0]
[I 2023-12-27 11:23:46,314] Trial 2 finished with value: 264.1139221191406 and parameters: {'gradient_clip_val': 0.27306499399744677, 'hidden_size': 111, 'dropout': 0.23016056228148918, 'hidden_continuous_size': 9, 'attention_head_size': 4, 'learning_rate': 0.0036542698702203033}. Best is trial 0 with value: 111.225830078125.
LOCAL_RANK: 0 - CUDA_VISIBLE_DEVICES: [0]
[I 2023-12-27 11:23:46,786] Trial 3 finished with value: 222.2823944091797 and parameters: {'gradient_clip_val': 0.11734960943266393, 'hidden_size': 7, 'dropout': 0.45485624417364534, 'hidden_continuous_size': 5, 'attention_head_size': 1, 'learning_rate': 0.0592560112557197}. Best is trial 0 with value: 111.225830078125.
LOCAL_RANK: 0 - CUDA_VISIBLE_DEVICES: [0]
[I 2023-12-27 11:23:47,282] Trial 4 finished with value: 270.8885192871094 and parameters: {'gradient_clip_val': 0.9612640475494105, 'hidden_size': 23, 'dropout': 0.3306220100537218, 'hidden_continuous_size': 15, 'attention_head_size': 1, 'learning_rate': 0.0008474480950287765}. Best is trial 0 with value: 111.225830078125.
LOCAL_RANK: 0 - CUDA_VISIBLE_DEVICES: [0]
[I 2023-12-27 11:23:47,770] Trial 5 finished with value: 234.6588592529297 and parameters: {'gradient_clip_val': 0.5637706496628341, 'hidden_size': 108, 'dropout': 0.3854704419728937, 'hidden_continuous_size': 30, 'attention_head_size': 1, 'learning_rate': 0.002660581576985246}. Best is trial 0 with value: 111.225830078125.
LOCAL_RANK: 0 - CUDA_VISIBLE_DEVICES: [0]
[I 2023-12-27 11:23:48,229] Trial 6 finished with value: 329.8727111816406 and parameters: {'gradient_clip_val': 0.12596321981413444, 'hidden_size': 9, 'dropout': 0.1809544409799099, 'hidden_continuous_size': 5, 'attention_head_size': 1, 'learning_rate': 0.0643970451068908}. Best is trial 0 with value: 111.225830078125.
LOCAL_RANK: 0 - CUDA_VISIBLE_DEVICES: [0]
[I 2023-12-27 11:23:48,660] Trial 7 finished with value: 242.6678466796875 and parameters: {'gradient_clip_val': 0.4619153559199493, 'hidden_size': 11, 'dropout': 0.10783175602343116, 'hidden_continuous_size': 6, 'attention_head_size': 1, 'learning_rate': 0.015462948396940126}. Best is trial 0 with value: 111.225830078125.
LOCAL_RANK: 0 - CUDA_VISIBLE_DEVICES: [0]
[I 2023-12-27 11:23:49,359] Trial 8 finished with value: 190.80413818359375 and parameters: {'gradient_clip_val': 0.7948360418294504, 'hidden_size': 5, 'dropout': 0.2362742007674788, 'hidden_continuous_size': 5, 'attention_head_size': 1, 'learning_rate': 0.0013936402359958342}. Best is trial 0 with value: 111.225830078125.
LOCAL_RANK: 0 - CUDA_VISIBLE_DEVICES: [0]
[I 2023-12-27 11:23:49,781] Trial 9 finished with value: 251.3839569091797 and parameters: {'gradient_clip_val': 0.5826669742910143, 'hidden_size': 11, 'dropout': 0.11805369953055958, 'hidden_continuous_size': 6, 'attention_head_size': 1, 'learning_rate': 0.0037687056304439325}. Best is trial 0 with value: 111.225830078125.
LOCAL_RANK: 0 - CUDA_VISIBLE_DEVICES: [0]
[I 2023-12-27 11:23:50,290] Trial 10 finished with value: 257.8313903808594 and parameters: {'gradient_clip_val': 0.2238495143324876, 'hidden_size': 44, 'dropout': 0.27651763848253985, 'hidden_continuous_size': 42, 'attention_head_size': 3, 'learning_rate': 0.000914129302494937}. Best is trial 0 with value: 111.225830078125.
LOCAL_RANK: 0 - CUDA_VISIBLE_DEVICES: [0]
[I 2023-12-27 11:23:50,748] Trial 11 finished with value: 290.4125061035156 and parameters: {'gradient_clip_val': 0.21548131924871314, 'hidden_size': 6, 'dropout': 0.21428251037567714, 'hidden_continuous_size': 5, 'attention_head_size': 2, 'learning_rate': 0.0005090466937700697}. Best is trial 0 with value: 111.225830078125.
LOCAL_RANK: 0 - CUDA_VISIBLE_DEVICES: [0]
[I 2023-12-27 11:23:51,162] Trial 12 finished with value: 248.9818572998047 and parameters: {'gradient_clip_val': 0.9746101247142925, 'hidden_size': 5, 'dropout': 0.2584005830668324, 'hidden_continuous_size': 5, 'attention_head_size': 2, 'learning_rate': 0.0016286792510390188}. Best is trial 0 with value: 111.225830078125.
LOCAL_RANK: 0 - CUDA_VISIBLE_DEVICES: [0]
[I 2023-12-27 11:23:51,609] Trial 13 finished with value: 180.8595428466797 and parameters: {'gradient_clip_val': 0.36456074698200686, 'hidden_size': 20, 'dropout': 0.17376654554014587, 'hidden_continuous_size': 10, 'attention_head_size': 2, 'learning_rate': 0.0018042244935151108}. Best is trial 0 with value: 111.225830078125.
LOCAL_RANK: 0 - CUDA_VISIBLE_DEVICES: [0]
[I 2023-12-27 11:23:52,058] Trial 14 finished with value: 283.6045227050781 and parameters: {'gradient_clip_val': 0.3535212126346588, 'hidden_size': 23, 'dropout': 0.17158688194068303, 'hidden_continuous_size': 11, 'attention_head_size': 2, 'learning_rate': 0.008914322612223595}. Best is trial 0 with value: 111.225830078125.
LOCAL_RANK: 0 - CUDA_VISIBLE_DEVICES: [0]
[I 2023-12-27 11:23:52,536] Trial 15 finished with value: 232.5808868408203 and parameters: {'gradient_clip_val': 0.1833601267217086, 'hidden_size': 33, 'dropout': 0.15824428865735582, 'hidden_continuous_size': 15, 'attention_head_size': 3, 'learning_rate': 0.0019201108505171405}. Best is trial 0 with value: 111.225830078125.
LOCAL_RANK: 0 - CUDA_VISIBLE_DEVICES: [0]
[I 2023-12-27 11:23:52,976] Trial 16 finished with value: 223.1216583251953 and parameters: {'gradient_clip_val': 0.33928183343704776, 'hidden_size': 16, 'dropout': 0.19213588146818347, 'hidden_continuous_size': 8, 'attention_head_size': 2, 'learning_rate': 0.002443753592358664}. Best is trial 0 with value: 111.225830078125.
LOCAL_RANK: 0 - CUDA_VISIBLE_DEVICES: [0]
[I 2023-12-27 11:23:53,501] Trial 17 finished with value: 260.6321105957031 and parameters: {'gradient_clip_val': 0.15206674290571714, 'hidden_size': 41, 'dropout': 0.1434501861143298, 'hidden_continuous_size': 18, 'attention_head_size': 3, 'learning_rate': 0.0010885251484856208}. Best is trial 0 with value: 111.225830078125.
LOCAL_RANK: 0 - CUDA_VISIBLE_DEVICES: [0]
[I 2023-12-27 11:23:54,002] Trial 18 finished with value: 297.3824157714844 and parameters: {'gradient_clip_val': 0.28182947417707255, 'hidden_size': 60, 'dropout': 0.21239072726689137, 'hidden_continuous_size': 12, 'attention_head_size': 4, 'learning_rate': 0.0005824113884946387}. Best is trial 0 with value: 111.225830078125.
LOCAL_RANK: 0 - CUDA_VISIBLE_DEVICES: [0]
[I 2023-12-27 11:23:54,449] Trial 19 finished with value: 250.54563903808594 and parameters: {'gradient_clip_val': 0.16879963070671547, 'hidden_size': 18, 'dropout': 0.14068669892114127, 'hidden_continuous_size': 8, 'attention_head_size': 2, 'learning_rate': 0.0014344123699699565}. Best is trial 0 with value: 111.225830078125.
LOCAL_RANK: 0 - CUDA_VISIBLE_DEVICES: [0]
[I 2023-12-27 11:23:54,901] Trial 20 finished with value: 277.3999938964844 and parameters: {'gradient_clip_val': 0.4179793153836895, 'hidden_size': 17, 'dropout': 0.29500429350920704, 'hidden_continuous_size': 9, 'attention_head_size': 2, 'learning_rate': 0.0062245130005086574}. Best is trial 0 with value: 111.225830078125.
LOCAL_RANK: 0 - CUDA_VISIBLE_DEVICES: [0]
[I 2023-12-27 11:23:55,331] Trial 21 finished with value: 307.6290283203125 and parameters: {'gradient_clip_val': 0.7083082997643907, 'hidden_size': 5, 'dropout': 0.23446495997972952, 'hidden_continuous_size': 5, 'attention_head_size': 1, 'learning_rate': 0.0013550656115017485}. Best is trial 0 with value: 111.225830078125.
LOCAL_RANK: 0 - CUDA_VISIBLE_DEVICES: [0]
[I 2023-12-27 11:23:56,085] Trial 22 finished with value: 208.16455078125 and parameters: {'gradient_clip_val': 0.25933025490432243, 'hidden_size': 8, 'dropout': 0.1906395527800584, 'hidden_continuous_size': 6, 'attention_head_size': 2, 'learning_rate': 0.0019913348615625106}. Best is trial 0 with value: 111.225830078125.
LOCAL_RANK: 0 - CUDA_VISIBLE_DEVICES: [0]
[I 2023-12-27 11:23:56,567] Trial 23 finished with value: 199.6753387451172 and parameters: {'gradient_clip_val': 0.37410678857010143, 'hidden_size': 12, 'dropout': 0.2501845467488274, 'hidden_continuous_size': 7, 'attention_head_size': 1, 'learning_rate': 0.0008608846723316409}. Best is trial 0 with value: 111.225830078125.
LOCAL_RANK: 0 - CUDA_VISIBLE_DEVICES: [0]
[I 2023-12-27 11:23:57,033] Trial 24 finished with value: 307.8428039550781 and parameters: {'gradient_clip_val': 0.30516693137158346, 'hidden_size': 30, 'dropout': 0.20738525464898588, 'hidden_continuous_size': 12, 'attention_head_size': 3, 'learning_rate': 0.0012450306647667148}. Best is trial 0 with value: 111.225830078125.
LOCAL_RANK: 0 - CUDA_VISIBLE_DEVICES: [0]
[I 2023-12-27 11:23:57,480] Trial 25 finished with value: 257.5697937011719 and parameters: {'gradient_clip_val': 0.4838456730917963, 'hidden_size': 7, 'dropout': 0.16088795652041832, 'hidden_continuous_size': 5, 'attention_head_size': 2, 'learning_rate': 0.0032607254713982715}. Best is trial 0 with value: 111.225830078125.
LOCAL_RANK: 0 - CUDA_VISIBLE_DEVICES: [0]
