[I 2023-12-27 11:08:05,919] Trial 27 finished with value: 2902.639404296875 and parameters: {'gradient_clip_val': 0.47012730151149584, 'hidden_size': 35, 'dropout': 0.1545158383668375, 'hidden_continuous_size': 12, 'attention_head_size': 4, 'learning_rate': 0.004421500847936918}. Best is trial 0 with value: 592.0996704101562.
[I 2023-12-27 11:08:06,567] Trial 28 finished with value: 3792.490966796875 and parameters: {'gradient_clip_val': 0.3779832846663275, 'hidden_size': 25, 'dropout': 0.2509923565138968, 'hidden_continuous_size': 9, 'attention_head_size': 2, 'learning_rate': 0.0020817972169876425}. Best is trial 0 with value: 592.0996704101562.
[I 2023-12-27 11:08:06,967] Trial 29 finished with value: 1716.1947021484375 and parameters: {'gradient_clip_val': 0.6706566430367493, 'hidden_size': 31, 'dropout': 0.10093983673134388, 'hidden_continuous_size': 8, 'attention_head_size': 1, 'learning_rate': 0.011425360916084884}. Best is trial 0 with value: 592.0996704101562.
[I 2023-12-27 11:08:07,356] Trial 30 finished with value: 3160.384033203125 and parameters: {'gradient_clip_val': 0.6397193569537551, 'hidden_size': 28, 'dropout': 0.10599674386762648, 'hidden_continuous_size': 8, 'attention_head_size': 1, 'learning_rate': 0.014394308875867016}. Best is trial 0 with value: 592.0996704101562.
[I 2023-12-27 11:08:07,776] Trial 31 finished with value: 2873.528564453125 and parameters: {'gradient_clip_val': 0.7642048998044483, 'hidden_size': 49, 'dropout': 0.13876442048697313, 'hidden_continuous_size': 16, 'attention_head_size': 1, 'learning_rate': 0.010902800226672952}. Best is trial 0 with value: 592.0996704101562.
[I 2023-12-27 11:08:08,185] Trial 32 finished with value: 3249.822265625 and parameters: {'gradient_clip_val': 0.815132616559135, 'hidden_size': 34, 'dropout': 0.15664357460432024, 'hidden_continuous_size': 8, 'attention_head_size': 1, 'learning_rate': 0.007533500851445368}. Best is trial 0 with value: 592.0996704101562.
[I 2023-12-27 11:08:08,593] Trial 33 finished with value: 2878.4013671875 and parameters: {'gradient_clip_val': 0.5885525056870279, 'hidden_size': 21, 'dropout': 0.1038355458625145, 'hidden_continuous_size': 9, 'attention_head_size': 1, 'learning_rate': 0.019217089387127198}. Best is trial 0 with value: 592.0996704101562.
[I 2023-12-27 11:08:09,041] Trial 34 finished with value: 2980.333740234375 and parameters: {'gradient_clip_val': 0.6885285333911068, 'hidden_size': 68, 'dropout': 0.1307368479406324, 'hidden_continuous_size': 18, 'attention_head_size': 1, 'learning_rate': 0.032170987555542645}. Best is trial 0 with value: 592.0996704101562.
[I 2023-12-27 11:08:09,459] Trial 35 finished with value: 3692.345703125 and parameters: {'gradient_clip_val': 0.3767728865016992, 'hidden_size': 40, 'dropout': 0.20585152387993308, 'hidden_continuous_size': 13, 'attention_head_size': 3, 'learning_rate': 0.0035777792243807025}. Best is trial 0 with value: 592.0996704101562.
[I 2023-12-27 11:08:09,931] Trial 36 finished with value: 2451.897216796875 and parameters: {'gradient_clip_val': 0.5137174908513804, 'hidden_size': 87, 'dropout': 0.16989387794387334, 'hidden_continuous_size': 22, 'attention_head_size': 2, 'learning_rate': 0.004991963061364084}. Best is trial 0 with value: 592.0996704101562.
[I 2023-12-27 11:08:10,323] Trial 37 finished with value: 2329.341552734375 and parameters: {'gradient_clip_val': 0.8707878385948045, 'hidden_size': 30, 'dropout': 0.22066758610683387, 'hidden_continuous_size': 7, 'attention_head_size': 1, 'learning_rate': 0.01315604451366379}. Best is trial 0 with value: 592.0996704101562.
[I 2023-12-27 11:08:10,696] Trial 38 finished with value: 2314.2509765625 and parameters: {'gradient_clip_val': 0.8692111078750101, 'hidden_size': 21, 'dropout': 0.22373349388650396, 'hidden_continuous_size': 7, 'attention_head_size': 1, 'learning_rate': 0.014830061523343502}. Best is trial 0 with value: 592.0996704101562.
[I 2023-12-27 11:08:11,068] Trial 39 finished with value: 3395.357421875 and parameters: {'gradient_clip_val': 0.8474730912648699, 'hidden_size': 18, 'dropout': 0.3017916637472677, 'hidden_continuous_size': 8, 'attention_head_size': 1, 'learning_rate': 0.0260154134021685}. Best is trial 0 with value: 592.0996704101562.
[I 2023-12-27 11:08:11,444] Trial 40 finished with value: 2425.514892578125 and parameters: {'gradient_clip_val': 0.9783090050560691, 'hidden_size': 22, 'dropout': 0.3252885066228445, 'hidden_continuous_size': 7, 'attention_head_size': 1, 'learning_rate': 0.03232083603485559}. Best is trial 0 with value: 592.0996704101562.
[I 2023-12-27 11:08:12,077] Trial 41 finished with value: 2044.77392578125 and parameters: {'gradient_clip_val': 0.8794090292568904, 'hidden_size': 28, 'dropout': 0.2257357182670074, 'hidden_continuous_size': 7, 'attention_head_size': 1, 'learning_rate': 0.015343276816100992}. Best is trial 0 with value: 592.0996704101562.
[I 2023-12-27 11:08:12,476] Trial 42 finished with value: 2543.983642578125 and parameters: {'gradient_clip_val': 0.7202098588964175, 'hidden_size': 27, 'dropout': 0.2778686937058706, 'hidden_continuous_size': 6, 'attention_head_size': 1, 'learning_rate': 0.016943552377597548}. Best is trial 0 with value: 592.0996704101562.
[I 2023-12-27 11:08:12,848] Trial 43 finished with value: 3249.332275390625 and parameters: {'gradient_clip_val': 0.8738448138880676, 'hidden_size': 16, 'dropout': 0.1966923295633437, 'hidden_continuous_size': 7, 'attention_head_size': 1, 'learning_rate': 0.011930211367633226}. Best is trial 0 with value: 592.0996704101562.
[I 2023-12-27 11:08:13,232] Trial 44 finished with value: 1917.5653076171875 and parameters: {'gradient_clip_val': 0.6143506625408829, 'hidden_size': 22, 'dropout': 0.23901425143683241, 'hidden_continuous_size': 8, 'attention_head_size': 1, 'learning_rate': 0.016786691635045644}. Best is trial 0 with value: 592.0996704101562.
[I 2023-12-27 11:08:13,604] Trial 45 finished with value: 2529.767578125 and parameters: {'gradient_clip_val': 0.6118857754009627, 'hidden_size': 11, 'dropout': 0.23617614218629196, 'hidden_continuous_size': 8, 'attention_head_size': 1, 'learning_rate': 0.006968106839219065}. Best is trial 0 with value: 592.0996704101562.
[I 2023-12-27 11:08:13,980] Trial 46 finished with value: 2656.306396484375 and parameters: {'gradient_clip_val': 0.6976979079151939, 'hidden_size': 24, 'dropout': 0.268998563956695, 'hidden_continuous_size': 9, 'attention_head_size': 1, 'learning_rate': 0.018268162604150012}. Best is trial 0 with value: 592.0996704101562.
[I 2023-12-27 11:08:14,358] Trial 47 finished with value: 2625.4169921875 and parameters: {'gradient_clip_val': 0.5734763798959248, 'hidden_size': 7, 'dropout': 0.28987231655961787, 'hidden_continuous_size': 5, 'attention_head_size': 2, 'learning_rate': 0.010061845920681312}. Best is trial 0 with value: 592.0996704101562.
[I 2023-12-27 11:08:14,729] Trial 48 finished with value: 3204.4169921875 and parameters: {'gradient_clip_val': 0.763969125323197, 'hidden_size': 16, 'dropout': 0.2567082323822418, 'hidden_continuous_size': 10, 'attention_head_size': 1, 'learning_rate': 0.02567161537645219}. Best is trial 0 with value: 592.0996704101562.
[I 2023-12-27 11:08:15,121] Trial 49 finished with value: 2304.258544921875 and parameters: {'gradient_clip_val': 0.4451686449657395, 'hidden_size': 10, 'dropout': 0.23053936076308515, 'hidden_continuous_size': 6, 'attention_head_size': 1, 'learning_rate': 0.00676033874955628}. Best is trial 0 with value: 592.0996704101562.
[I 2023-12-27 11:08:15,232] A new study created in memory with name: no-name-a726fe07-8fb5-4e74-b4a8-342e5a175c61
/home/le004/conda/anaconda3/envs/tsff_env/lib/python3.9/site-packages/lightning/fabric/plugins/environments/slurm.py:191: The `srun` command is available on your system but is not used. HINT: If your intention is to run Lightning on SLURM, prepend your python command with `srun` like so: srun python /home/le004/master_thesis/git/TSFusionForecast/code/ ...
[I 2023-12-27 11:08:38,034] Trial 0 finished with value: 35.33573913574219 and parameters: {'gradient_clip_val': 0.341327252728863, 'hidden_size': 16, 'dropout': 0.12469862122119682, 'hidden_continuous_size': 10, 'attention_head_size': 4, 'learning_rate': 0.09758733819770407}. Best is trial 0 with value: 35.33573913574219.
[I 2023-12-27 11:08:38,425] Trial 1 finished with value: 118.60770416259766 and parameters: {'gradient_clip_val': 0.41603063458168804, 'hidden_size': 41, 'dropout': 0.3892789896577865, 'hidden_continuous_size': 23, 'attention_head_size': 1, 'learning_rate': 0.006808342901680944}. Best is trial 0 with value: 35.33573913574219.
[I 2023-12-27 11:08:38,968] Trial 2 finished with value: 125.59215545654297 and parameters: {'gradient_clip_val': 0.15787350304678552, 'hidden_size': 7, 'dropout': 0.47873628169507665, 'hidden_continuous_size': 6, 'attention_head_size': 1, 'learning_rate': 0.0008253536152978099}. Best is trial 0 with value: 35.33573913574219.
[I 2023-12-27 11:08:39,467] Trial 3 finished with value: 128.4308319091797 and parameters: {'gradient_clip_val': 0.3028012312276069, 'hidden_size': 114, 'dropout': 0.18712747408989028, 'hidden_continuous_size': 43, 'attention_head_size': 3, 'learning_rate': 0.029229043435684346}. Best is trial 0 with value: 35.33573913574219.
[I 2023-12-27 11:08:39,786] Trial 4 finished with value: 127.9703369140625 and parameters: {'gradient_clip_val': 0.3898841914964321, 'hidden_size': 5, 'dropout': 0.3544595604638495, 'hidden_continuous_size': 5, 'attention_head_size': 3, 'learning_rate': 0.0008312021055168356}. Best is trial 0 with value: 35.33573913574219.
[I 2023-12-27 11:08:40,139] Trial 5 finished with value: 125.5542984008789 and parameters: {'gradient_clip_val': 0.980555599289367, 'hidden_size': 17, 'dropout': 0.2551880011511064, 'hidden_continuous_size': 7, 'attention_head_size': 1, 'learning_rate': 0.013379894058330689}. Best is trial 0 with value: 35.33573913574219.
[I 2023-12-27 11:08:40,481] Trial 6 finished with value: 106.80054473876953 and parameters: {'gradient_clip_val': 0.20935401448420107, 'hidden_size': 20, 'dropout': 0.30156955825897547, 'hidden_continuous_size': 6, 'attention_head_size': 1, 'learning_rate': 0.04829159722251697}. Best is trial 0 with value: 35.33573913574219.
[I 2023-12-27 11:08:40,845] Trial 7 finished with value: 91.98660278320312 and parameters: {'gradient_clip_val': 0.1564357058717074, 'hidden_size': 12, 'dropout': 0.12525788778772506, 'hidden_continuous_size': 8, 'attention_head_size': 3, 'learning_rate': 0.009105733086631445}. Best is trial 0 with value: 35.33573913574219.
[I 2023-12-27 11:08:41,205] Trial 8 finished with value: 130.00718688964844 and parameters: {'gradient_clip_val': 0.324078751513022, 'hidden_size': 22, 'dropout': 0.19227567151432448, 'hidden_continuous_size': 6, 'attention_head_size': 3, 'learning_rate': 0.0015971458766450533}. Best is trial 0 with value: 35.33573913574219.
[I 2023-12-27 11:08:41,798] Trial 9 finished with value: 111.09967041015625 and parameters: {'gradient_clip_val': 0.6402329655766409, 'hidden_size': 133, 'dropout': 0.21028938372439218, 'hidden_continuous_size': 99, 'attention_head_size': 2, 'learning_rate': 0.0037558315393243706}. Best is trial 0 with value: 35.33573913574219.
[I 2023-12-27 11:08:42,226] Trial 10 finished with value: 120.27696990966797 and parameters: {'gradient_clip_val': 0.13102620235374537, 'hidden_size': 45, 'dropout': 0.11359580150447218, 'hidden_continuous_size': 12, 'attention_head_size': 4, 'learning_rate': 0.09481955306266493}. Best is trial 0 with value: 35.33573913574219.
[I 2023-12-27 11:08:42,628] Trial 11 finished with value: 101.39701080322266 and parameters: {'gradient_clip_val': 0.11170113029308448, 'hidden_size': 10, 'dropout': 0.101451146515193, 'hidden_continuous_size': 8, 'attention_head_size': 4, 'learning_rate': 0.01606962175580541}. Best is trial 0 with value: 35.33573913574219.
[I 2023-12-27 11:08:43,004] Trial 12 finished with value: 121.29596710205078 and parameters: {'gradient_clip_val': 0.2031361678483452, 'hidden_size': 11, 'dropout': 0.15038769081895073, 'hidden_continuous_size': 8, 'attention_head_size': 4, 'learning_rate': 0.08384144600461758}. Best is trial 0 with value: 35.33573913574219.
[I 2023-12-27 11:08:43,378] Trial 13 finished with value: 113.5009765625 and parameters: {'gradient_clip_val': 0.20417228718744695, 'hidden_size': 13, 'dropout': 0.10120784615221147, 'hidden_continuous_size': 9, 'attention_head_size': 2, 'learning_rate': 0.021019727593584}. Best is trial 0 with value: 35.33573913574219.
[I 2023-12-27 11:08:43,740] Trial 14 finished with value: 113.32379913330078 and parameters: {'gradient_clip_val': 0.10373854777282844, 'hidden_size': 7, 'dropout': 0.1609041326371424, 'hidden_continuous_size': 5, 'attention_head_size': 4, 'learning_rate': 0.04230646896944979}. Best is trial 0 with value: 35.33573913574219.
[I 2023-12-27 11:08:44,342] Trial 15 finished with value: 109.9641342163086 and parameters: {'gradient_clip_val': 0.15398391291051386, 'hidden_size': 34, 'dropout': 0.2370946348342602, 'hidden_continuous_size': 11, 'attention_head_size': 3, 'learning_rate': 0.008717645476877702}. Best is trial 0 with value: 35.33573913574219.
[I 2023-12-27 11:08:44,738] Trial 16 finished with value: 118.56024169921875 and parameters: {'gradient_clip_val': 0.2700780897377004, 'hidden_size': 27, 'dropout': 0.15576767799665775, 'hidden_continuous_size': 10, 'attention_head_size': 2, 'learning_rate': 0.004803474710419609}. Best is trial 0 with value: 35.33573913574219.
[I 2023-12-27 11:08:45,131] Trial 17 finished with value: 116.61856842041016 and parameters: {'gradient_clip_val': 0.24574941859546748, 'hidden_size': 15, 'dropout': 0.1534897211046712, 'hidden_continuous_size': 7, 'attention_head_size': 4, 'learning_rate': 0.03636664716241798}. Best is trial 0 with value: 35.33573913574219.
[I 2023-12-27 11:08:45,511] Trial 18 finished with value: 105.28014373779297 and parameters: {'gradient_clip_val': 0.4697831925726504, 'hidden_size': 11, 'dropout': 0.2509884530270915, 'hidden_continuous_size': 5, 'attention_head_size': 3, 'learning_rate': 0.002830714077309258}. Best is trial 0 with value: 35.33573913574219.
[I 2023-12-27 11:08:45,890] Trial 19 finished with value: 112.00605010986328 and parameters: {'gradient_clip_val': 0.1597406050772369, 'hidden_size': 16, 'dropout': 0.13517951168054645, 'hidden_continuous_size': 9, 'attention_head_size': 4, 'learning_rate': 0.010658718798353294}. Best is trial 0 with value: 35.33573913574219.
[I 2023-12-27 11:08:46,257] Trial 20 finished with value: 92.33837127685547 and parameters: {'gradient_clip_val': 0.34683592525067614, 'hidden_size': 8, 'dropout': 0.2043734795465112, 'hidden_continuous_size': 5, 'attention_head_size': 3, 'learning_rate': 0.0220425060129134}. Best is trial 0 with value: 35.33573913574219.
[I 2023-12-27 11:08:46,647] Trial 21 finished with value: 131.09152221679688 and parameters: {'gradient_clip_val': 0.3480954643332795, 'hidden_size': 8, 'dropout': 0.18776199954240225, 'hidden_continuous_size': 5, 'attention_head_size': 3, 'learning_rate': 0.01886784377216576}. Best is trial 0 with value: 35.33573913574219.
[I 2023-12-27 11:08:46,997] Trial 22 finished with value: 102.88419342041016 and parameters: {'gradient_clip_val': 0.24713191632149947, 'hidden_size': 5, 'dropout': 0.1348617767751579, 'hidden_continuous_size': 5, 'attention_head_size': 2, 'learning_rate': 0.0532263421437277}. Best is trial 0 with value: 35.33573913574219.
[I 2023-12-27 11:08:47,374] Trial 23 finished with value: 96.65601348876953 and parameters: {'gradient_clip_val': 0.47482137555259996, 'hidden_size': 9, 'dropout': 0.12701242726331904, 'hidden_continuous_size': 5, 'attention_head_size': 3, 'learning_rate': 0.025629296104695477}. Best is trial 0 with value: 35.33573913574219.
[I 2023-12-27 11:08:47,767] Trial 24 finished with value: 96.87667083740234 and parameters: {'gradient_clip_val': 0.27675060879514457, 'hidden_size': 13, 'dropout': 0.2142042613261145, 'hidden_continuous_size': 7, 'attention_head_size': 3, 'learning_rate': 0.01285539668940881}. Best is trial 0 with value: 35.33573913574219.
[I 2023-12-27 11:08:48,158] Trial 25 finished with value: 104.51371002197266 and parameters: {'gradient_clip_val': 0.3091343528563085, 'hidden_size': 7, 'dropout': 0.16809933537772623, 'hidden_continuous_size': 5, 'attention_head_size': 4, 'learning_rate': 0.06686419231171012}. Best is trial 0 with value: 35.33573913574219.
[I 2023-12-27 11:08:48,566] Trial 26 finished with value: 99.8960189819336 and parameters: {'gradient_clip_val': 0.37453343661810545, 'hidden_size': 19, 'dropout': 0.12469447681408564, 'hidden_continuous_size': 6, 'attention_head_size': 2, 'learning_rate': 0.029868277642202103}. Best is trial 0 with value: 35.33573913574219.
[I 2023-12-27 11:08:48,959] Trial 27 finished with value: 108.26995086669922 and parameters: {'gradient_clip_val': 0.24082908625414098, 'hidden_size': 13, 'dropout': 0.10276074459723405, 'hidden_continuous_size': 7, 'attention_head_size': 3, 'learning_rate': 0.061224580061995874}. Best is trial 0 with value: 35.33573913574219.
[I 2023-12-27 11:08:49,599] Trial 28 finished with value: 142.542724609375 and parameters: {'gradient_clip_val': 0.18467894589128547, 'hidden_size': 6, 'dropout': 0.18136936017186056, 'hidden_continuous_size': 5, 'attention_head_size': 4, 'learning_rate': 0.09650353091195908}. Best is trial 0 with value: 35.33573913574219.
[I 2023-12-27 11:08:49,994] Trial 29 finished with value: 123.957763671875 and parameters: {'gradient_clip_val': 0.4305628163979997, 'hidden_size': 9, 'dropout': 0.21937272044337122, 'hidden_continuous_size': 6, 'attention_head_size': 3, 'learning_rate': 0.007745510118408423}. Best is trial 0 with value: 35.33573913574219.
[I 2023-12-27 11:08:50,382] Trial 30 finished with value: 99.26077270507812 and parameters: {'gradient_clip_val': 0.3443852756193817, 'hidden_size': 10, 'dropout': 0.13560648749103163, 'hidden_continuous_size': 6, 'attention_head_size': 2, 'learning_rate': 0.006014980439983648}. Best is trial 0 with value: 35.33573913574219.
[I 2023-12-27 11:08:50,782] Trial 31 finished with value: 110.7843017578125 and parameters: {'gradient_clip_val': 0.4945730695533356, 'hidden_size': 9, 'dropout': 0.13092924463897393, 'hidden_continuous_size': 5, 'attention_head_size': 3, 'learning_rate': 0.025826353586034887}. Best is trial 0 with value: 35.33573913574219.
[I 2023-12-27 11:08:51,168] Trial 32 finished with value: 99.0237045288086 and parameters: {'gradient_clip_val': 0.41832696841601585, 'hidden_size': 8, 'dropout': 0.17098047120696513, 'hidden_continuous_size': 5, 'attention_head_size': 3, 'learning_rate': 0.020611658646363808}. Best is trial 0 with value: 35.33573913574219.
[I 2023-12-27 11:08:51,547] Trial 33 finished with value: 106.90120697021484 and parameters: {'gradient_clip_val': 0.5502738244441318, 'hidden_size': 6, 'dropout': 0.12464463003374374, 'hidden_continuous_size': 5, 'attention_head_size': 3, 'learning_rate': 0.03197824263307011}. Best is trial 0 with value: 35.33573913574219.
[I 2023-12-27 11:08:51,949] Trial 34 finished with value: 106.82279205322266 and parameters: {'gradient_clip_val': 0.29525680946250277, 'hidden_size': 13, 'dropout': 0.1496340733015728, 'hidden_continuous_size': 8, 'attention_head_size': 3, 'learning_rate': 0.042759198183739765}. Best is trial 0 with value: 35.33573913574219.
[I 2023-12-27 11:08:52,336] Trial 35 finished with value: 108.78128814697266 and parameters: {'gradient_clip_val': 0.3613116932643483, 'hidden_size': 8, 'dropout': 0.19220638570091317, 'hidden_continuous_size': 6, 'attention_head_size': 4, 'learning_rate': 0.014124540424496068}. Best is trial 0 with value: 35.33573913574219.
[I 2023-12-27 11:08:52,687] Trial 36 finished with value: 124.15005493164062 and parameters: {'gradient_clip_val': 0.4094241553616719, 'hidden_size': 5, 'dropout': 0.2880558086131346, 'hidden_continuous_size': 5, 'attention_head_size': 3, 'learning_rate': 0.01113810776331868}. Best is trial 0 with value: 35.33573913574219.
[I 2023-12-27 11:08:53,066] Trial 37 finished with value: 115.01921844482422 and parameters: {'gradient_clip_val': 0.3009318686242782, 'hidden_size': 16, 'dropout': 0.1166386854179163, 'hidden_continuous_size': 10, 'attention_head_size': 1, 'learning_rate': 0.024778479023109614}. Best is trial 0 with value: 35.33573913574219.
[I 2023-12-27 11:08:53,458] Trial 38 finished with value: 112.84164428710938 and parameters: {'gradient_clip_val': 0.581653491128831, 'hidden_size': 11, 'dropout': 0.16911224589941978, 'hidden_continuous_size': 6, 'attention_head_size': 2, 'learning_rate': 0.03322002604901407}. Best is trial 0 with value: 35.33573913574219.
[I 2023-12-27 11:08:53,861] Trial 39 finished with value: 107.34640502929688 and parameters: {'gradient_clip_val': 0.38706439506360446, 'hidden_size': 21, 'dropout': 0.20178467933235195, 'hidden_continuous_size': 12, 'attention_head_size': 3, 'learning_rate': 0.07316064285385174}. Best is trial 0 with value: 35.33573913574219.
[I 2023-12-27 11:08:54,261] Trial 40 finished with value: 119.00251007080078 and parameters: {'gradient_clip_val': 0.32759613359020784, 'hidden_size': 15, 'dropout': 0.40295832377841523, 'hidden_continuous_size': 7, 'attention_head_size': 4, 'learning_rate': 0.052416484554980367}. Best is trial 0 with value: 35.33573913574219.
[I 2023-12-27 11:08:54,911] Trial 41 finished with value: 95.45565795898438 and parameters: {'gradient_clip_val': 0.28338629135408, 'hidden_size': 13, 'dropout': 0.21787498293468674, 'hidden_continuous_size': 7, 'attention_head_size': 3, 'learning_rate': 0.015000364904965374}. Best is trial 0 with value: 35.33573913574219.
