[I 2023-12-27 11:04:22,646] Trial 28 finished with value: 16.54277992248535 and parameters: {'gradient_clip_val': 0.2389693834586492, 'hidden_size': 107, 'dropout': 0.3436720047265813, 'hidden_continuous_size': 7, 'attention_head_size': 1, 'learning_rate': 0.008402299984451477}. Best is trial 0 with value: 5.383039951324463.
[I 2023-12-27 11:04:23,191] Trial 29 finished with value: 21.34227180480957 and parameters: {'gradient_clip_val': 0.21011446010748794, 'hidden_size': 118, 'dropout': 0.3146973251637424, 'hidden_continuous_size': 7, 'attention_head_size': 1, 'learning_rate': 0.010173784876890498}. Best is trial 0 with value: 5.383039951324463.
[I 2023-12-27 11:04:23,711] Trial 30 finished with value: 20.443334579467773 and parameters: {'gradient_clip_val': 0.2395261989393419, 'hidden_size': 110, 'dropout': 0.3448868243690816, 'hidden_continuous_size': 8, 'attention_head_size': 1, 'learning_rate': 0.004918930129636696}. Best is trial 0 with value: 5.383039951324463.
[I 2023-12-27 11:04:24,177] Trial 31 finished with value: 23.2436466217041 and parameters: {'gradient_clip_val': 0.18723168159258263, 'hidden_size': 83, 'dropout': 0.3662259633380183, 'hidden_continuous_size': 9, 'attention_head_size': 1, 'learning_rate': 0.0083187043207378}. Best is trial 0 with value: 5.383039951324463.
[I 2023-12-27 11:04:24,620] Trial 32 finished with value: 25.988386154174805 and parameters: {'gradient_clip_val': 0.23056128547897742, 'hidden_size': 61, 'dropout': 0.3081144401522455, 'hidden_continuous_size': 13, 'attention_head_size': 2, 'learning_rate': 0.015833281294796008}. Best is trial 0 with value: 5.383039951324463.
[I 2023-12-27 11:04:25,331] Trial 33 finished with value: 20.427278518676758 and parameters: {'gradient_clip_val': 0.3018326183922278, 'hidden_size': 78, 'dropout': 0.3566367338417931, 'hidden_continuous_size': 10, 'attention_head_size': 2, 'learning_rate': 0.007087338050657563}. Best is trial 0 with value: 5.383039951324463.
[I 2023-12-27 11:04:25,848] Trial 34 finished with value: 18.614957809448242 and parameters: {'gradient_clip_val': 0.16567503238216832, 'hidden_size': 120, 'dropout': 0.379297426586943, 'hidden_continuous_size': 7, 'attention_head_size': 1, 'learning_rate': 0.01032328636787188}. Best is trial 0 with value: 5.383039951324463.
[I 2023-12-27 11:04:26,290] Trial 35 finished with value: 22.91290855407715 and parameters: {'gradient_clip_val': 0.19747938530483855, 'hidden_size': 62, 'dropout': 0.20047685984698138, 'hidden_continuous_size': 12, 'attention_head_size': 3, 'learning_rate': 0.052436906831655146}. Best is trial 0 with value: 5.383039951324463.
[I 2023-12-27 11:04:26,708] Trial 36 finished with value: 21.07923126220703 and parameters: {'gradient_clip_val': 0.12997965692708757, 'hidden_size': 37, 'dropout': 0.35334340876861303, 'hidden_continuous_size': 9, 'attention_head_size': 4, 'learning_rate': 0.03307335843251013}. Best is trial 0 with value: 5.383039951324463.
[I 2023-12-27 11:04:27,178] Trial 37 finished with value: 21.084402084350586 and parameters: {'gradient_clip_val': 0.32278095896041775, 'hidden_size': 88, 'dropout': 0.10977550841800954, 'hidden_continuous_size': 15, 'attention_head_size': 3, 'learning_rate': 0.07015555817407199}. Best is trial 0 with value: 5.383039951324463.
[I 2023-12-27 11:04:27,629] Trial 38 finished with value: 22.7367000579834 and parameters: {'gradient_clip_val': 0.24549933585527933, 'hidden_size': 68, 'dropout': 0.3847810108967975, 'hidden_continuous_size': 8, 'attention_head_size': 3, 'learning_rate': 0.006388853592053069}. Best is trial 0 with value: 5.383039951324463.
[I 2023-12-27 11:04:28,045] Trial 39 finished with value: 19.470365524291992 and parameters: {'gradient_clip_val': 0.43585384841603836, 'hidden_size': 43, 'dropout': 0.28061918631905813, 'hidden_continuous_size': 11, 'attention_head_size': 1, 'learning_rate': 0.054215354128989195}. Best is trial 0 with value: 5.383039951324463.
[I 2023-12-27 11:04:28,472] Trial 40 finished with value: 20.135568618774414 and parameters: {'gradient_clip_val': 0.14593360539441172, 'hidden_size': 56, 'dropout': 0.4169717034574595, 'hidden_continuous_size': 6, 'attention_head_size': 2, 'learning_rate': 0.008172880314493702}. Best is trial 0 with value: 5.383039951324463.
[I 2023-12-27 11:04:29,001] Trial 41 finished with value: 19.192419052124023 and parameters: {'gradient_clip_val': 0.17095759763123647, 'hidden_size': 122, 'dropout': 0.37324130142356315, 'hidden_continuous_size': 7, 'attention_head_size': 1, 'learning_rate': 0.011697025548638914}. Best is trial 0 with value: 5.383039951324463.
[I 2023-12-27 11:04:29,549] Trial 42 finished with value: 22.074676513671875 and parameters: {'gradient_clip_val': 0.16786964011684655, 'hidden_size': 126, 'dropout': 0.38332952364130646, 'hidden_continuous_size': 18, 'attention_head_size': 1, 'learning_rate': 0.004976339948363202}. Best is trial 0 with value: 5.383039951324463.
[I 2023-12-27 11:04:30,035] Trial 43 finished with value: 18.766874313354492 and parameters: {'gradient_clip_val': 0.21845341595730192, 'hidden_size': 99, 'dropout': 0.39930017536203677, 'hidden_continuous_size': 6, 'attention_head_size': 1, 'learning_rate': 0.008715120697110416}. Best is trial 0 with value: 5.383039951324463.
[I 2023-12-27 11:04:30,509] Trial 44 finished with value: 25.57248878479004 and parameters: {'gradient_clip_val': 0.18119737299809702, 'hidden_size': 87, 'dropout': 0.34712638244756033, 'hidden_continuous_size': 7, 'attention_head_size': 1, 'learning_rate': 0.019343579715831418}. Best is trial 0 with value: 5.383039951324463.
[I 2023-12-27 11:04:31,017] Trial 45 finished with value: 18.354944229125977 and parameters: {'gradient_clip_val': 0.3836577567378873, 'hidden_size': 108, 'dropout': 0.37197582205475455, 'hidden_continuous_size': 5, 'attention_head_size': 2, 'learning_rate': 0.01250306454783674}. Best is trial 0 with value: 5.383039951324463.
[I 2023-12-27 11:04:31,706] Trial 46 finished with value: 23.303138732910156 and parameters: {'gradient_clip_val': 0.46536556889299463, 'hidden_size': 73, 'dropout': 0.32814137955551803, 'hidden_continuous_size': 5, 'attention_head_size': 2, 'learning_rate': 0.014440242959986483}. Best is trial 0 with value: 5.383039951324463.
[I 2023-12-27 11:04:32,213] Trial 47 finished with value: 20.643226623535156 and parameters: {'gradient_clip_val': 0.365387588372834, 'hidden_size': 106, 'dropout': 0.36010809331804156, 'hidden_continuous_size': 5, 'attention_head_size': 2, 'learning_rate': 0.0243672385617819}. Best is trial 0 with value: 5.383039951324463.
[I 2023-12-27 11:04:32,816] Trial 48 finished with value: 20.73528289794922 and parameters: {'gradient_clip_val': 0.3953657568093838, 'hidden_size': 142, 'dropout': 0.29546295720149285, 'hidden_continuous_size': 6, 'attention_head_size': 2, 'learning_rate': 0.004066121083986729}. Best is trial 0 with value: 5.383039951324463.
[I 2023-12-27 11:04:33,244] Trial 49 finished with value: 19.450769424438477 and parameters: {'gradient_clip_val': 0.27800857577287985, 'hidden_size': 49, 'dropout': 0.4039227813034623, 'hidden_continuous_size': 8, 'attention_head_size': 4, 'learning_rate': 0.02714528694180817}. Best is trial 0 with value: 5.383039951324463.
[I 2023-12-27 11:04:33,358] A new study created in memory with name: no-name-3adb6610-407b-4213-98fe-638592b42ee3
/home/le004/conda/anaconda3/envs/tsff_env/lib/python3.9/site-packages/lightning/fabric/plugins/environments/slurm.py:191: The `srun` command is available on your system but is not used. HINT: If your intention is to run Lightning on SLURM, prepend your python command with `srun` like so: srun python /home/le004/master_thesis/git/TSFusionForecast/code/ ...
[I 2023-12-27 11:05:11,845] Trial 0 finished with value: 3.2155964374542236 and parameters: {'gradient_clip_val': 0.5595561927983227, 'hidden_size': 52, 'dropout': 0.1741471244504731, 'hidden_continuous_size': 27, 'attention_head_size': 2, 'learning_rate': 0.000724521702969331}. Best is trial 0 with value: 3.2155964374542236.
[I 2023-12-27 11:05:23,146] Trial 1 finished with value: 9.560338020324707 and parameters: {'gradient_clip_val': 0.9838231665657822, 'hidden_size': 29, 'dropout': 0.2996085007185265, 'hidden_continuous_size': 16, 'attention_head_size': 1, 'learning_rate': 0.0007226443218448075}. Best is trial 0 with value: 3.2155964374542236.
[I 2023-12-27 11:05:23,509] Trial 2 finished with value: 14.098464012145996 and parameters: {'gradient_clip_val': 0.27796677339431314, 'hidden_size': 17, 'dropout': 0.4361397798486306, 'hidden_continuous_size': 7, 'attention_head_size': 1, 'learning_rate': 0.05695410632962344}. Best is trial 0 with value: 3.2155964374542236.
[I 2023-12-27 11:05:23,822] Trial 3 finished with value: 16.678001403808594 and parameters: {'gradient_clip_val': 0.14076630002249096, 'hidden_size': 5, 'dropout': 0.11596822812256127, 'hidden_continuous_size': 5, 'attention_head_size': 4, 'learning_rate': 0.0049834601759056844}. Best is trial 0 with value: 3.2155964374542236.
[I 2023-12-27 11:05:24,214] Trial 4 finished with value: 15.867178916931152 and parameters: {'gradient_clip_val': 0.37485507075859553, 'hidden_size': 51, 'dropout': 0.48885442465952467, 'hidden_continuous_size': 7, 'attention_head_size': 1, 'learning_rate': 0.012222621516425145}. Best is trial 0 with value: 3.2155964374542236.
[I 2023-12-27 11:05:24,566] Trial 5 finished with value: 15.007331848144531 and parameters: {'gradient_clip_val': 0.24914571577818845, 'hidden_size': 32, 'dropout': 0.3759373878727825, 'hidden_continuous_size': 12, 'attention_head_size': 3, 'learning_rate': 0.08552497216483426}. Best is trial 0 with value: 3.2155964374542236.
[I 2023-12-27 11:05:25,113] Trial 6 finished with value: 11.72121810913086 and parameters: {'gradient_clip_val': 0.9649841004486277, 'hidden_size': 8, 'dropout': 0.3563303111900672, 'hidden_continuous_size': 7, 'attention_head_size': 1, 'learning_rate': 0.01769952521445515}. Best is trial 0 with value: 3.2155964374542236.
[I 2023-12-27 11:05:25,457] Trial 7 finished with value: 12.035122871398926 and parameters: {'gradient_clip_val': 0.5804182561861082, 'hidden_size': 9, 'dropout': 0.36374695610749264, 'hidden_continuous_size': 5, 'attention_head_size': 2, 'learning_rate': 0.04438729783488473}. Best is trial 0 with value: 3.2155964374542236.
[I 2023-12-27 11:05:25,769] Trial 8 finished with value: 11.03020191192627 and parameters: {'gradient_clip_val': 0.10972104222232382, 'hidden_size': 5, 'dropout': 0.44268660383912994, 'hidden_continuous_size': 5, 'attention_head_size': 1, 'learning_rate': 0.0600291561776394}. Best is trial 0 with value: 3.2155964374542236.
[I 2023-12-27 11:05:26,115] Trial 9 finished with value: 10.006356239318848 and parameters: {'gradient_clip_val': 0.10189866998516689, 'hidden_size': 24, 'dropout': 0.4047823822882689, 'hidden_continuous_size': 19, 'attention_head_size': 1, 'learning_rate': 0.0020775500869619256}. Best is trial 0 with value: 3.2155964374542236.
[I 2023-12-27 11:05:26,716] Trial 10 finished with value: 11.41042423248291 and parameters: {'gradient_clip_val': 0.4825398327803301, 'hidden_size': 145, 'dropout': 0.16653183098053326, 'hidden_continuous_size': 51, 'attention_head_size': 3, 'learning_rate': 0.0005054091977067045}. Best is trial 0 with value: 3.2155964374542236.
[I 2023-12-27 11:05:27,132] Trial 11 finished with value: 12.940757751464844 and parameters: {'gradient_clip_val': 0.9477352337056718, 'hidden_size': 57, 'dropout': 0.25966890241119484, 'hidden_continuous_size': 25, 'attention_head_size': 2, 'learning_rate': 0.0005050699406249352}. Best is trial 0 with value: 3.2155964374542236.
[I 2023-12-27 11:05:27,552] Trial 12 finished with value: 10.9981050491333 and parameters: {'gradient_clip_val': 0.6825679156990289, 'hidden_size': 64, 'dropout': 0.2598966265985943, 'hidden_continuous_size': 32, 'attention_head_size': 2, 'learning_rate': 0.0012600366485658308}. Best is trial 0 with value: 3.2155964374542236.
[I 2023-12-27 11:05:27,937] Trial 13 finished with value: 12.658036231994629 and parameters: {'gradient_clip_val': 0.7740970007256586, 'hidden_size': 33, 'dropout': 0.21054954088293726, 'hidden_continuous_size': 15, 'attention_head_size': 2, 'learning_rate': 0.0012868579113850295}. Best is trial 0 with value: 3.2155964374542236.
[I 2023-12-27 11:05:28,424] Trial 14 finished with value: 16.908939361572266 and parameters: {'gradient_clip_val': 0.5432553905732215, 'hidden_size': 96, 'dropout': 0.3067491822631842, 'hidden_continuous_size': 41, 'attention_head_size': 3, 'learning_rate': 0.00377481404239799}. Best is trial 0 with value: 3.2155964374542236.
[I 2023-12-27 11:05:28,794] Trial 15 finished with value: 10.989144325256348 and parameters: {'gradient_clip_val': 0.7589778359190702, 'hidden_size': 19, 'dropout': 0.10411186332410285, 'hidden_continuous_size': 12, 'attention_head_size': 2, 'learning_rate': 0.0009780165153762876}. Best is trial 0 with value: 3.2155964374542236.
[I 2023-12-27 11:05:29,194] Trial 16 finished with value: 12.795693397521973 and parameters: {'gradient_clip_val': 0.9718357337477627, 'hidden_size': 40, 'dropout': 0.19151395642540914, 'hidden_continuous_size': 22, 'attention_head_size': 4, 'learning_rate': 0.0022969181627550523}. Best is trial 0 with value: 3.2155964374542236.
[I 2023-12-27 11:05:29,682] Trial 17 finished with value: 9.349080085754395 and parameters: {'gradient_clip_val': 0.4410949967337359, 'hidden_size': 77, 'dropout': 0.2860661352444486, 'hidden_continuous_size': 74, 'attention_head_size': 1, 'learning_rate': 0.0007875649560569269}. Best is trial 0 with value: 3.2155964374542236.
[I 2023-12-27 11:05:30,199] Trial 18 finished with value: 16.694177627563477 and parameters: {'gradient_clip_val': 0.42032345319294995, 'hidden_size': 84, 'dropout': 0.1597271192457275, 'hidden_continuous_size': 82, 'attention_head_size': 2, 'learning_rate': 0.002338775936728447}. Best is trial 0 with value: 3.2155964374542236.
[I 2023-12-27 11:05:31,097] Trial 19 finished with value: 12.822007179260254 and parameters: {'gradient_clip_val': 0.36207880429102685, 'hidden_size': 136, 'dropout': 0.2263786048888528, 'hidden_continuous_size': 123, 'attention_head_size': 3, 'learning_rate': 0.0011239698816071305}. Best is trial 0 with value: 3.2155964374542236.
[I 2023-12-27 11:05:31,591] Trial 20 finished with value: 15.001172065734863 and parameters: {'gradient_clip_val': 0.4736726188513683, 'hidden_size': 83, 'dropout': 0.14664945314405475, 'hidden_continuous_size': 44, 'attention_head_size': 1, 'learning_rate': 0.0007821834562675427}. Best is trial 0 with value: 3.2155964374542236.
[I 2023-12-27 11:05:32,016] Trial 21 finished with value: 12.153175354003906 and parameters: {'gradient_clip_val': 0.6325183123253961, 'hidden_size': 47, 'dropout': 0.30513656930922906, 'hidden_continuous_size': 17, 'attention_head_size': 1, 'learning_rate': 0.0006977516913401009}. Best is trial 0 with value: 3.2155964374542236.
[I 2023-12-27 11:05:32,436] Trial 22 finished with value: 11.102877616882324 and parameters: {'gradient_clip_val': 0.5505110739693818, 'hidden_size': 39, 'dropout': 0.25739873789753187, 'hidden_continuous_size': 14, 'attention_head_size': 1, 'learning_rate': 0.0016287329509141624}. Best is trial 0 with value: 3.2155964374542236.
[I 2023-12-27 11:05:32,837] Trial 23 finished with value: 12.255337715148926 and parameters: {'gradient_clip_val': 0.8068192271444552, 'hidden_size': 27, 'dropout': 0.32537970140515265, 'hidden_continuous_size': 10, 'attention_head_size': 2, 'learning_rate': 0.0006696206199992362}. Best is trial 0 with value: 3.2155964374542236.
[I 2023-12-27 11:05:33,281] Trial 24 finished with value: 11.653716087341309 and parameters: {'gradient_clip_val': 0.6504328189388785, 'hidden_size': 62, 'dropout': 0.2781562524644733, 'hidden_continuous_size': 25, 'attention_head_size': 1, 'learning_rate': 0.001015669890085783}. Best is trial 0 with value: 3.2155964374542236.
[I 2023-12-27 11:05:33,696] Trial 25 finished with value: 13.944397926330566 and parameters: {'gradient_clip_val': 0.4616542826365293, 'hidden_size': 44, 'dropout': 0.23185730005175492, 'hidden_continuous_size': 18, 'attention_head_size': 2, 'learning_rate': 0.0017103996688307853}. Best is trial 0 with value: 3.2155964374542236.
[I 2023-12-27 11:05:34,141] Trial 26 finished with value: 12.90129566192627 and parameters: {'gradient_clip_val': 0.8229848756311109, 'hidden_size': 69, 'dropout': 0.325472798123104, 'hidden_continuous_size': 25, 'attention_head_size': 1, 'learning_rate': 0.0031145660431418825}. Best is trial 0 with value: 3.2155964374542236.
[I 2023-12-27 11:05:34,654] Trial 27 finished with value: 11.508106231689453 and parameters: {'gradient_clip_val': 0.6864498870474589, 'hidden_size': 106, 'dropout': 0.19347248578744983, 'hidden_continuous_size': 34, 'attention_head_size': 1, 'learning_rate': 0.0007956099234393382}. Best is trial 0 with value: 3.2155964374542236.
[I 2023-12-27 11:05:35,131] Trial 28 finished with value: 17.551773071289062 and parameters: {'gradient_clip_val': 0.5506483080494304, 'hidden_size': 77, 'dropout': 0.28776903078066496, 'hidden_continuous_size': 29, 'attention_head_size': 2, 'learning_rate': 0.0014612279091119338}. Best is trial 0 with value: 3.2155964374542236.
[I 2023-12-27 11:05:35,556] Trial 29 finished with value: 14.436867713928223 and parameters: {'gradient_clip_val': 0.2994116367786837, 'hidden_size': 54, 'dropout': 0.235613187455202, 'hidden_continuous_size': 21, 'attention_head_size': 1, 'learning_rate': 0.0006198326140579256}. Best is trial 0 with value: 3.2155964374542236.
[I 2023-12-27 11:05:36,120] Trial 30 finished with value: 18.89605140686035 and parameters: {'gradient_clip_val': 0.2522137416121151, 'hidden_size': 110, 'dropout': 0.32905148480222457, 'hidden_continuous_size': 58, 'attention_head_size': 3, 'learning_rate': 0.0008092311857673441}. Best is trial 0 with value: 3.2155964374542236.
[I 2023-12-27 11:05:36,511] Trial 31 finished with value: 12.168004035949707 and parameters: {'gradient_clip_val': 0.1881527973053919, 'hidden_size': 21, 'dropout': 0.4003089724662289, 'hidden_continuous_size': 14, 'attention_head_size': 1, 'learning_rate': 0.0009371940910788374}. Best is trial 0 with value: 3.2155964374542236.
[I 2023-12-27 11:05:36,924] Trial 32 finished with value: 14.78670597076416 and parameters: {'gradient_clip_val': 0.35748895870355224, 'hidden_size': 25, 'dropout': 0.2779772760748328, 'hidden_continuous_size': 17, 'attention_head_size': 1, 'learning_rate': 0.0018771010654632862}. Best is trial 0 with value: 3.2155964374542236.
[I 2023-12-27 11:05:37,596] Trial 33 finished with value: 11.044390678405762 and parameters: {'gradient_clip_val': 0.10056408790941296, 'hidden_size': 15, 'dropout': 0.12467250730860893, 'hidden_continuous_size': 10, 'attention_head_size': 1, 'learning_rate': 0.0012943306160003822}. Best is trial 0 with value: 3.2155964374542236.
[I 2023-12-27 11:05:38,036] Trial 34 finished with value: 12.183756828308105 and parameters: {'gradient_clip_val': 0.3191207008944975, 'hidden_size': 33, 'dropout': 0.40752855009846767, 'hidden_continuous_size': 19, 'attention_head_size': 1, 'learning_rate': 0.00558853373510724}. Best is trial 0 with value: 3.2155964374542236.
[I 2023-12-27 11:05:38,463] Trial 35 finished with value: 15.697501182556152 and parameters: {'gradient_clip_val': 0.1878395193009117, 'hidden_size': 50, 'dropout': 0.33844516482978365, 'hidden_continuous_size': 21, 'attention_head_size': 1, 'learning_rate': 0.000513350294709002}. Best is trial 0 with value: 3.2155964374542236.
[I 2023-12-27 11:05:38,876] Trial 36 finished with value: 15.683011054992676 and parameters: {'gradient_clip_val': 0.4152664812729586, 'hidden_size': 27, 'dropout': 0.3552078738030164, 'hidden_continuous_size': 16, 'attention_head_size': 4, 'learning_rate': 0.0009609736961274277}. Best is trial 0 with value: 3.2155964374542236.
[I 2023-12-27 11:05:39,278] Trial 37 finished with value: 10.997654914855957 and parameters: {'gradient_clip_val': 0.12481922239061459, 'hidden_size': 15, 'dropout': 0.30042690952454887, 'hidden_continuous_size': 9, 'attention_head_size': 2, 'learning_rate': 0.0023857236403218803}. Best is trial 0 with value: 3.2155964374542236.
[I 2023-12-27 11:05:39,702] Trial 38 finished with value: 11.981456756591797 and parameters: {'gradient_clip_val': 0.1504176927122241, 'hidden_size': 41, 'dropout': 0.49539552585456265, 'hidden_continuous_size': 19, 'attention_head_size': 1, 'learning_rate': 0.0006380114872232768}. Best is trial 0 with value: 3.2155964374542236.
[I 2023-12-27 11:05:40,160] Trial 39 finished with value: 11.76073169708252 and parameters: {'gradient_clip_val': 0.3296939436801813, 'hidden_size': 61, 'dropout': 0.4601875538974543, 'hidden_continuous_size': 30, 'attention_head_size': 1, 'learning_rate': 0.009269949214524243}. Best is trial 0 with value: 3.2155964374542236.
[I 2023-12-27 11:05:40,588] Trial 40 finished with value: 10.57199764251709 and parameters: {'gradient_clip_val': 0.26784908004111413, 'hidden_size': 52, 'dropout': 0.376406006918936, 'hidden_continuous_size': 23, 'attention_head_size': 2, 'learning_rate': 0.0011355326958432928}. Best is trial 0 with value: 3.2155964374542236.
[I 2023-12-27 11:05:40,980] Trial 41 finished with value: 11.425479888916016 and parameters: {'gradient_clip_val': 0.2728793233270266, 'hidden_size': 36, 'dropout': 0.37594237235133793, 'hidden_continuous_size': 16, 'attention_head_size': 2, 'learning_rate': 0.0011367982080224528}. Best is trial 0 with value: 3.2155964374542236.
[I 2023-12-27 11:05:41,408] Trial 42 finished with value: 15.779631614685059 and parameters: {'gradient_clip_val': 0.4035970820347273, 'hidden_size': 51, 'dropout': 0.4071017479167239, 'hidden_continuous_size': 22, 'attention_head_size': 2, 'learning_rate': 0.0014978142359753869}. Best is trial 0 with value: 3.2155964374542236.
