[I 2023-12-27 11:01:11,976] Trial 37 finished with value: 3.8885838985443115 and parameters: {'gradient_clip_val': 0.4933854961359867, 'hidden_size': 19, 'dropout': 0.2079904604004371, 'hidden_continuous_size': 8, 'attention_head_size': 1, 'learning_rate': 0.021223516630495765}. Best is trial 0 with value: 0.3834414482116699.
[I 2023-12-27 11:01:12,357] Trial 38 finished with value: 4.004211902618408 and parameters: {'gradient_clip_val': 0.15975210296211304, 'hidden_size': 6, 'dropout': 0.2412111082077079, 'hidden_continuous_size': 5, 'attention_head_size': 3, 'learning_rate': 0.0008046767890051317}. Best is trial 0 with value: 0.3834414482116699.
[I 2023-12-27 11:01:12,749] Trial 39 finished with value: 3.2904551029205322 and parameters: {'gradient_clip_val': 0.1683359374930784, 'hidden_size': 11, 'dropout': 0.26655655434899045, 'hidden_continuous_size': 6, 'attention_head_size': 1, 'learning_rate': 0.006291275068652949}. Best is trial 0 with value: 0.3834414482116699.
[I 2023-12-27 11:01:13,135] Trial 40 finished with value: 3.4341161251068115 and parameters: {'gradient_clip_val': 0.20091679568710488, 'hidden_size': 17, 'dropout': 0.14369891187542416, 'hidden_continuous_size': 8, 'attention_head_size': 2, 'learning_rate': 0.0023384474863358397}. Best is trial 0 with value: 0.3834414482116699.
[I 2023-12-27 11:01:13,491] Trial 41 finished with value: 3.0585806369781494 and parameters: {'gradient_clip_val': 0.24782507521635377, 'hidden_size': 5, 'dropout': 0.16187252158078974, 'hidden_continuous_size': 5, 'attention_head_size': 4, 'learning_rate': 0.001475524361336138}. Best is trial 0 with value: 0.3834414482116699.
[I 2023-12-27 11:01:13,845] Trial 42 finished with value: 3.6642849445343018 and parameters: {'gradient_clip_val': 0.2146441635887887, 'hidden_size': 5, 'dropout': 0.11991928752702835, 'hidden_continuous_size': 5, 'attention_head_size': 4, 'learning_rate': 0.0038857255690888043}. Best is trial 0 with value: 0.3834414482116699.
[I 2023-12-27 11:01:14,467] Trial 43 finished with value: 2.8594017028808594 and parameters: {'gradient_clip_val': 0.17446184308387885, 'hidden_size': 6, 'dropout': 0.15038501425904358, 'hidden_continuous_size': 5, 'attention_head_size': 4, 'learning_rate': 0.008464309054367075}. Best is trial 0 with value: 0.3834414482116699.
[I 2023-12-27 11:01:14,862] Trial 44 finished with value: 2.434882402420044 and parameters: {'gradient_clip_val': 0.18468882372928783, 'hidden_size': 8, 'dropout': 0.11582900652065158, 'hidden_continuous_size': 5, 'attention_head_size': 4, 'learning_rate': 0.00873600181205016}. Best is trial 0 with value: 0.3834414482116699.
[I 2023-12-27 11:01:15,278] Trial 45 finished with value: 3.6673800945281982 and parameters: {'gradient_clip_val': 0.12405056277008676, 'hidden_size': 9, 'dropout': 0.10830930554560399, 'hidden_continuous_size': 6, 'attention_head_size': 4, 'learning_rate': 0.012425638775030801}. Best is trial 0 with value: 0.3834414482116699.
[I 2023-12-27 11:01:15,696] Trial 46 finished with value: 3.0269031524658203 and parameters: {'gradient_clip_val': 0.4535517375153877, 'hidden_size': 12, 'dropout': 0.1160271870824305, 'hidden_continuous_size': 7, 'attention_head_size': 3, 'learning_rate': 0.006712764582283373}. Best is trial 0 with value: 0.3834414482116699.
[I 2023-12-27 11:01:16,107] Trial 47 finished with value: 3.229586362838745 and parameters: {'gradient_clip_val': 0.11361463341117016, 'hidden_size': 15, 'dropout': 0.14289384992044135, 'hidden_continuous_size': 9, 'attention_head_size': 3, 'learning_rate': 0.010961401239520682}. Best is trial 0 with value: 0.3834414482116699.
[I 2023-12-27 11:01:16,493] Trial 48 finished with value: 3.3057754039764404 and parameters: {'gradient_clip_val': 0.13154341663785135, 'hidden_size': 8, 'dropout': 0.1700857075575817, 'hidden_continuous_size': 5, 'attention_head_size': 2, 'learning_rate': 0.00911943963941926}. Best is trial 0 with value: 0.3834414482116699.
[I 2023-12-27 11:01:16,907] Trial 49 finished with value: 3.6181507110595703 and parameters: {'gradient_clip_val': 0.1549530416498736, 'hidden_size': 10, 'dropout': 0.12034528342910289, 'hidden_continuous_size': 6, 'attention_head_size': 4, 'learning_rate': 0.018074064157845623}. Best is trial 0 with value: 0.3834414482116699.
[I 2023-12-27 11:01:17,033] A new study created in memory with name: no-name-b517deea-4914-48b9-97a3-06ebbc5004a6
/home/le004/conda/anaconda3/envs/tsff_env/lib/python3.9/site-packages/lightning/fabric/plugins/environments/slurm.py:191: The `srun` command is available on your system but is not used. HINT: If your intention is to run Lightning on SLURM, prepend your python command with `srun` like so: srun python /home/le004/master_thesis/git/TSFusionForecast/code/ ...
[I 2023-12-27 11:01:55,252] Trial 0 finished with value: 0.15319810807704926 and parameters: {'gradient_clip_val': 0.32749359962107394, 'hidden_size': 31, 'dropout': 0.2860963924585147, 'hidden_continuous_size': 14, 'attention_head_size': 4, 'learning_rate': 0.005832304978482718}. Best is trial 0 with value: 0.15319810807704926.
[I 2023-12-27 11:02:05,805] Trial 1 finished with value: 0.16426759958267212 and parameters: {'gradient_clip_val': 0.30267734819737235, 'hidden_size': 19, 'dropout': 0.1436262079652516, 'hidden_continuous_size': 7, 'attention_head_size': 1, 'learning_rate': 0.045660955587643874}. Best is trial 0 with value: 0.15319810807704926.
[I 2023-12-27 11:02:06,364] Trial 2 finished with value: 2.6543242931365967 and parameters: {'gradient_clip_val': 0.5614082177591435, 'hidden_size': 133, 'dropout': 0.4876332058162721, 'hidden_continuous_size': 26, 'attention_head_size': 3, 'learning_rate': 0.014782046165193427}. Best is trial 0 with value: 0.15319810807704926.
[I 2023-12-27 11:02:06,925] Trial 3 finished with value: 2.218008279800415 and parameters: {'gradient_clip_val': 0.9553764732211161, 'hidden_size': 17, 'dropout': 0.2530130630705163, 'hidden_continuous_size': 10, 'attention_head_size': 3, 'learning_rate': 0.000518419892943738}. Best is trial 0 with value: 0.15319810807704926.
[I 2023-12-27 11:02:07,280] Trial 4 finished with value: 3.2221767902374268 and parameters: {'gradient_clip_val': 0.7678816645781302, 'hidden_size': 11, 'dropout': 0.46379985401475066, 'hidden_continuous_size': 10, 'attention_head_size': 1, 'learning_rate': 0.0013534940087899434}. Best is trial 0 with value: 0.15319810807704926.
[I 2023-12-27 11:02:07,657] Trial 5 finished with value: 2.8709630966186523 and parameters: {'gradient_clip_val': 0.27042443500326807, 'hidden_size': 30, 'dropout': 0.4179497208874333, 'hidden_continuous_size': 12, 'attention_head_size': 1, 'learning_rate': 0.02818191292694385}. Best is trial 0 with value: 0.15319810807704926.
[I 2023-12-27 11:02:08,000] Trial 6 finished with value: 2.340508460998535 and parameters: {'gradient_clip_val': 0.3563417188167289, 'hidden_size': 6, 'dropout': 0.25216733033131356, 'hidden_continuous_size': 5, 'attention_head_size': 3, 'learning_rate': 0.0011769162657195335}. Best is trial 0 with value: 0.15319810807704926.
[I 2023-12-27 11:02:08,409] Trial 7 finished with value: 3.2820518016815186 and parameters: {'gradient_clip_val': 0.14168513242884553, 'hidden_size': 43, 'dropout': 0.40253494050159144, 'hidden_continuous_size': 10, 'attention_head_size': 1, 'learning_rate': 0.027643915969674027}. Best is trial 0 with value: 0.15319810807704926.
[I 2023-12-27 11:02:08,767] Trial 8 finished with value: 3.393719434738159 and parameters: {'gradient_clip_val': 0.193149900455961, 'hidden_size': 20, 'dropout': 0.10518822179792382, 'hidden_continuous_size': 7, 'attention_head_size': 3, 'learning_rate': 0.001757142305166594}. Best is trial 0 with value: 0.15319810807704926.
[I 2023-12-27 11:02:09,114] Trial 9 finished with value: 3.350919008255005 and parameters: {'gradient_clip_val': 0.6751099109475486, 'hidden_size': 11, 'dropout': 0.25112715616991166, 'hidden_continuous_size': 10, 'attention_head_size': 3, 'learning_rate': 0.010130277982099367}. Best is trial 0 with value: 0.15319810807704926.
[I 2023-12-27 11:02:09,577] Trial 10 finished with value: 3.268785238265991 and parameters: {'gradient_clip_val': 0.11635436136983134, 'hidden_size': 60, 'dropout': 0.33952812515632386, 'hidden_continuous_size': 53, 'attention_head_size': 4, 'learning_rate': 0.09563569689182017}. Best is trial 0 with value: 0.15319810807704926.
[I 2023-12-27 11:02:10,002] Trial 11 finished with value: 3.2628061771392822 and parameters: {'gradient_clip_val': 0.39000984832122704, 'hidden_size': 34, 'dropout': 0.17221763835816517, 'hidden_continuous_size': 5, 'attention_head_size': 2, 'learning_rate': 0.004346077833881869}. Best is trial 0 with value: 0.15319810807704926.
[I 2023-12-27 11:02:10,430] Trial 12 finished with value: 3.5006515979766846 and parameters: {'gradient_clip_val': 0.2624237989468872, 'hidden_size': 64, 'dropout': 0.1762598901630893, 'hidden_continuous_size': 16, 'attention_head_size': 4, 'learning_rate': 0.004529654778931331}. Best is trial 0 with value: 0.15319810807704926.
[I 2023-12-27 11:02:10,814] Trial 13 finished with value: 3.78005313873291 and parameters: {'gradient_clip_val': 0.44586412157136773, 'hidden_size': 21, 'dropout': 0.3016436052218067, 'hidden_continuous_size': 7, 'attention_head_size': 2, 'learning_rate': 0.05623878078259733}. Best is trial 0 with value: 0.15319810807704926.
[I 2023-12-27 11:02:11,195] Trial 14 finished with value: 2.883485794067383 and parameters: {'gradient_clip_val': 0.2175016008079335, 'hidden_size': 14, 'dropout': 0.10061168365859222, 'hidden_continuous_size': 6, 'attention_head_size': 2, 'learning_rate': 0.007430026315426928}. Best is trial 0 with value: 0.15319810807704926.
[I 2023-12-27 11:02:11,598] Trial 15 finished with value: 3.298245429992676 and parameters: {'gradient_clip_val': 0.48748968560857525, 'hidden_size': 26, 'dropout': 0.3453090665798946, 'hidden_continuous_size': 8, 'attention_head_size': 4, 'learning_rate': 0.017852087688141678}. Best is trial 0 with value: 0.15319810807704926.
[I 2023-12-27 11:02:12,242] Trial 16 finished with value: 3.2051010131835938 and parameters: {'gradient_clip_val': 0.31862991944691915, 'hidden_size': 7, 'dropout': 0.1815513440090668, 'hidden_continuous_size': 5, 'attention_head_size': 2, 'learning_rate': 0.04689243208137601}. Best is trial 0 with value: 0.15319810807704926.
[I 2023-12-27 11:02:12,583] Trial 17 finished with value: 2.9717226028442383 and parameters: {'gradient_clip_val': 0.3823654150799295, 'hidden_size': 5, 'dropout': 0.20272792214826169, 'hidden_continuous_size': 5, 'attention_head_size': 1, 'learning_rate': 0.004582099941670063}. Best is trial 0 with value: 0.15319810807704926.
[I 2023-12-27 11:02:12,993] Trial 18 finished with value: 3.0831730365753174 and parameters: {'gradient_clip_val': 0.18921914520242633, 'hidden_size': 10, 'dropout': 0.14105238084979227, 'hidden_continuous_size': 6, 'attention_head_size': 4, 'learning_rate': 0.099216460774257}. Best is trial 0 with value: 0.15319810807704926.
[I 2023-12-27 11:02:13,370] Trial 19 finished with value: 2.6890316009521484 and parameters: {'gradient_clip_val': 0.28683627692838615, 'hidden_size': 16, 'dropout': 0.22107900739557243, 'hidden_continuous_size': 8, 'attention_head_size': 2, 'learning_rate': 0.009025261696090211}. Best is trial 0 with value: 0.15319810807704926.
[I 2023-12-27 11:02:13,745] Trial 20 finished with value: 3.043278455734253 and parameters: {'gradient_clip_val': 0.5123405398588735, 'hidden_size': 24, 'dropout': 0.14160285310768425, 'hidden_continuous_size': 13, 'attention_head_size': 1, 'learning_rate': 0.017350172542466635}. Best is trial 0 with value: 0.15319810807704926.
[I 2023-12-27 11:02:14,140] Trial 21 finished with value: 3.1340103149414062 and parameters: {'gradient_clip_val': 0.9106324289441889, 'hidden_size': 17, 'dropout': 0.22854164152048317, 'hidden_continuous_size': 9, 'attention_head_size': 3, 'learning_rate': 0.0005080342507710767}. Best is trial 0 with value: 0.15319810807704926.
[I 2023-12-27 11:02:14,514] Trial 22 finished with value: 3.9120092391967773 and parameters: {'gradient_clip_val': 0.9879055308285423, 'hidden_size': 16, 'dropout': 0.2762203985633704, 'hidden_continuous_size': 7, 'attention_head_size': 4, 'learning_rate': 0.003193507331495195}. Best is trial 0 with value: 0.15319810807704926.
[I 2023-12-27 11:02:14,920] Trial 23 finished with value: 3.6994946002960205 and parameters: {'gradient_clip_val': 0.6153109169417886, 'hidden_size': 36, 'dropout': 0.30024243433493997, 'hidden_continuous_size': 13, 'attention_head_size': 3, 'learning_rate': 0.0005061802131408318}. Best is trial 0 with value: 0.15319810807704926.
[I 2023-12-27 11:02:15,347] Trial 24 finished with value: 2.0716679096221924 and parameters: {'gradient_clip_val': 0.7261147017509749, 'hidden_size': 23, 'dropout': 0.24346381213689594, 'hidden_continuous_size': 12, 'attention_head_size': 4, 'learning_rate': 0.000807290338771675}. Best is trial 0 with value: 0.15319810807704926.
[I 2023-12-27 11:02:15,769] Trial 25 finished with value: 3.173762083053589 and parameters: {'gradient_clip_val': 0.43657684985326806, 'hidden_size': 27, 'dropout': 0.20484115922105955, 'hidden_continuous_size': 12, 'attention_head_size': 4, 'learning_rate': 0.0022006437691436055}. Best is trial 0 with value: 0.15319810807704926.
[I 2023-12-27 11:02:16,177] Trial 26 finished with value: 2.728788375854492 and parameters: {'gradient_clip_val': 0.7146247036799228, 'hidden_size': 22, 'dropout': 0.32453970232573665, 'hidden_continuous_size': 11, 'attention_head_size': 4, 'learning_rate': 0.0008401284639951236}. Best is trial 0 with value: 0.15319810807704926.
[I 2023-12-27 11:02:16,606] Trial 27 finished with value: 2.376448154449463 and parameters: {'gradient_clip_val': 0.54703819324751, 'hidden_size': 47, 'dropout': 0.2878293515455319, 'hidden_continuous_size': 16, 'attention_head_size': 4, 'learning_rate': 0.0024835996937394144}. Best is trial 0 with value: 0.15319810807704926.
[I 2023-12-27 11:02:17,022] Trial 28 finished with value: 3.5983972549438477 and parameters: {'gradient_clip_val': 0.3338621930635579, 'hidden_size': 31, 'dropout': 0.2371974029528352, 'hidden_continuous_size': 15, 'attention_head_size': 4, 'learning_rate': 0.006251429614463549}. Best is trial 0 with value: 0.15319810807704926.
[I 2023-12-27 11:02:17,696] Trial 29 finished with value: 2.8601913452148438 and parameters: {'gradient_clip_val': 0.636526171667667, 'hidden_size': 66, 'dropout': 0.20917191391652198, 'hidden_continuous_size': 21, 'attention_head_size': 3, 'learning_rate': 0.011666214455146987}. Best is trial 0 with value: 0.15319810807704926.
[I 2023-12-27 11:02:18,292] Trial 30 finished with value: 3.146895170211792 and parameters: {'gradient_clip_val': 0.4307452799132196, 'hidden_size': 141, 'dropout': 0.26721426923920877, 'hidden_continuous_size': 29, 'attention_head_size': 2, 'learning_rate': 0.006877694787446288}. Best is trial 0 with value: 0.15319810807704926.
[I 2023-12-27 11:02:18,707] Trial 31 finished with value: 3.9880292415618896 and parameters: {'gradient_clip_val': 0.8409186089299813, 'hidden_size': 23, 'dropout': 0.2562632788536391, 'hidden_continuous_size': 9, 'attention_head_size': 3, 'learning_rate': 0.0008310419669200125}. Best is trial 0 with value: 0.15319810807704926.
[I 2023-12-27 11:02:19,089] Trial 32 finished with value: 2.416865348815918 and parameters: {'gradient_clip_val': 0.8349211390805636, 'hidden_size': 12, 'dropout': 0.2434756613241598, 'hidden_continuous_size': 6, 'attention_head_size': 3, 'learning_rate': 0.0011977736202585872}. Best is trial 0 with value: 0.15319810807704926.
[I 2023-12-27 11:02:19,478] Trial 33 finished with value: 2.23423171043396 and parameters: {'gradient_clip_val': 0.761564511450224, 'hidden_size': 18, 'dropout': 0.2701824240628858, 'hidden_continuous_size': 11, 'attention_head_size': 4, 'learning_rate': 0.0016477141601328692}. Best is trial 0 with value: 0.15319810807704926.
[I 2023-12-27 11:02:19,881] Trial 34 finished with value: 3.291627883911133 and parameters: {'gradient_clip_val': 0.5837594615631685, 'hidden_size': 28, 'dropout': 0.29325732244019714, 'hidden_continuous_size': 9, 'attention_head_size': 3, 'learning_rate': 0.0007276064807682711}. Best is trial 0 with value: 0.15319810807704926.
[I 2023-12-27 11:02:20,274] Trial 35 finished with value: 2.940136194229126 and parameters: {'gradient_clip_val': 0.9589549539993001, 'hidden_size': 14, 'dropout': 0.22631314831876637, 'hidden_continuous_size': 8, 'attention_head_size': 1, 'learning_rate': 0.001085075185945185}. Best is trial 0 with value: 0.15319810807704926.
[I 2023-12-27 11:02:20,649] Trial 36 finished with value: 2.3935840129852295 and parameters: {'gradient_clip_val': 0.7285392995373635, 'hidden_size': 20, 'dropout': 0.3695494311353622, 'hidden_continuous_size': 11, 'attention_head_size': 4, 'learning_rate': 0.0015618816582435103}. Best is trial 0 with value: 0.15319810807704926.
[I 2023-12-27 11:02:21,027] Trial 37 finished with value: 3.0053586959838867 and parameters: {'gradient_clip_val': 0.8484183762687036, 'hidden_size': 9, 'dropout': 0.2542770109480118, 'hidden_continuous_size': 6, 'attention_head_size': 3, 'learning_rate': 0.0021332542110436108}. Best is trial 0 with value: 0.15319810807704926.
[I 2023-12-27 11:02:21,418] Trial 38 finished with value: 2.9256927967071533 and parameters: {'gradient_clip_val': 0.6735774024725351, 'hidden_size': 36, 'dropout': 0.3071210280198663, 'hidden_continuous_size': 14, 'attention_head_size': 1, 'learning_rate': 0.0029085528737280326}. Best is trial 0 with value: 0.15319810807704926.
[I 2023-12-27 11:02:21,804] Trial 39 finished with value: 2.9948740005493164 and parameters: {'gradient_clip_val': 0.38023195532113163, 'hidden_size': 13, 'dropout': 0.2754348372593224, 'hidden_continuous_size': 7, 'attention_head_size': 4, 'learning_rate': 0.022192679956777758}. Best is trial 0 with value: 0.15319810807704926.
[I 2023-12-27 11:02:22,192] Trial 40 finished with value: 3.1347672939300537 and parameters: {'gradient_clip_val': 0.5541192118708528, 'hidden_size': 19, 'dropout': 0.48619975390553105, 'hidden_continuous_size': 10, 'attention_head_size': 3, 'learning_rate': 0.014161220705583342}. Best is trial 0 with value: 0.15319810807704926.
[I 2023-12-27 11:02:22,593] Trial 41 finished with value: 2.1875159740448 and parameters: {'gradient_clip_val': 0.8513522599626253, 'hidden_size': 18, 'dropout': 0.27404404453385783, 'hidden_continuous_size': 11, 'attention_head_size': 4, 'learning_rate': 0.0016963429786893106}. Best is trial 0 with value: 0.15319810807704926.
[I 2023-12-27 11:02:23,216] Trial 42 finished with value: 3.902503728866577 and parameters: {'gradient_clip_val': 0.7558554062181593, 'hidden_size': 24, 'dropout': 0.24471158219216438, 'hidden_continuous_size': 12, 'attention_head_size': 4, 'learning_rate': 0.0006483008491883347}. Best is trial 0 with value: 0.15319810807704926.
[I 2023-12-27 11:02:23,604] Trial 43 finished with value: 3.0500590801239014 and parameters: {'gradient_clip_val': 0.9945278101831387, 'hidden_size': 15, 'dropout': 0.311495199838325, 'hidden_continuous_size': 10, 'attention_head_size': 4, 'learning_rate': 0.0010247563409592046}. Best is trial 0 with value: 0.15319810807704926.
[I 2023-12-27 11:02:23,988] Trial 44 finished with value: 2.6226603984832764 and parameters: {'gradient_clip_val': 0.8508119251547483, 'hidden_size': 18, 'dropout': 0.27417023711410865, 'hidden_continuous_size': 11, 'attention_head_size': 4, 'learning_rate': 0.0013899530303149808}. Best is trial 0 with value: 0.15319810807704926.
[I 2023-12-27 11:02:24,373] Trial 45 finished with value: 3.4529504776000977 and parameters: {'gradient_clip_val': 0.6588316692720655, 'hidden_size': 21, 'dropout': 0.3259577858174072, 'hidden_continuous_size': 12, 'attention_head_size': 2, 'learning_rate': 0.0010458156921211324}. Best is trial 0 with value: 0.15319810807704926.
[I 2023-12-27 11:02:24,771] Trial 46 finished with value: 3.778505325317383 and parameters: {'gradient_clip_val': 0.48782497167454547, 'hidden_size': 27, 'dropout': 0.19000680125866812, 'hidden_continuous_size': 13, 'attention_head_size': 4, 'learning_rate': 0.0006396297934094524}. Best is trial 0 with value: 0.15319810807704926.
[I 2023-12-27 11:02:25,170] Trial 47 finished with value: 3.5114316940307617 and parameters: {'gradient_clip_val': 0.28706998301096803, 'hidden_size': 12, 'dropout': 0.22062883650152024, 'hidden_continuous_size': 7, 'attention_head_size': 4, 'learning_rate': 0.0017088331673315161}. Best is trial 0 with value: 0.15319810807704926.
[I 2023-12-27 11:02:25,579] Trial 48 finished with value: 2.170084238052368 and parameters: {'gradient_clip_val': 0.7921149536036803, 'hidden_size': 15, 'dropout': 0.15733805045750138, 'hidden_continuous_size': 10, 'attention_head_size': 3, 'learning_rate': 0.0014220098187465507}. Best is trial 0 with value: 0.15319810807704926.
[I 2023-12-27 11:02:25,978] Trial 49 finished with value: 3.0068233013153076 and parameters: {'gradient_clip_val': 0.5936510472338988, 'hidden_size': 14, 'dropout': 0.15820248387492586, 'hidden_continuous_size': 9, 'attention_head_size': 3, 'learning_rate': 0.003586531992984784}. Best is trial 0 with value: 0.15319810807704926.
[I 2023-12-27 11:02:26,098] A new study created in memory with name: no-name-aeea8800-5a7a-484e-a3e5-a5dd8e46ec30
/home/le004/conda/anaconda3/envs/tsff_env/lib/python3.9/site-packages/lightning/fabric/plugins/environments/slurm.py:191: The `srun` command is available on your system but is not used. HINT: If your intention is to run Lightning on SLURM, prepend your python command with `srun` like so: srun python /home/le004/master_thesis/git/TSFusionForecast/code/ ...
