[I 2023-12-27 11:00:49,411] Trial 11 finished with value: 6162.275390625 and parameters: {'gradient_clip_val': 0.3014983350955284, 'hidden_size': 12, 'dropout': 0.3725560994382775, 'hidden_continuous_size': 7, 'attention_head_size': 2, 'learning_rate': 0.07253041212831418}. Best is trial 0 with value: 1145.46533203125.
LOCAL_RANK: 0 - CUDA_VISIBLE_DEVICES: [0]
[I 2023-12-27 11:00:49,859] Trial 12 finished with value: 6870.60302734375 and parameters: {'gradient_clip_val': 0.9524173419234446, 'hidden_size': 33, 'dropout': 0.4635371121726533, 'hidden_continuous_size': 9, 'attention_head_size': 2, 'learning_rate': 0.04370818873748861}. Best is trial 0 with value: 1145.46533203125.
LOCAL_RANK: 0 - CUDA_VISIBLE_DEVICES: [0]
[I 2023-12-27 11:00:50,319] Trial 13 finished with value: 7073.24755859375 and parameters: {'gradient_clip_val': 0.6262961577216168, 'hidden_size': 17, 'dropout': 0.4876694979937378, 'hidden_continuous_size': 11, 'attention_head_size': 1, 'learning_rate': 0.04214916894695101}. Best is trial 0 with value: 1145.46533203125.
LOCAL_RANK: 0 - CUDA_VISIBLE_DEVICES: [0]
[I 2023-12-27 11:00:50,783] Trial 14 finished with value: 6153.22412109375 and parameters: {'gradient_clip_val': 0.3230246583292549, 'hidden_size': 10, 'dropout': 0.2957056290368449, 'hidden_continuous_size': 7, 'attention_head_size': 2, 'learning_rate': 0.00067210957969544}. Best is trial 0 with value: 1145.46533203125.
LOCAL_RANK: 0 - CUDA_VISIBLE_DEVICES: [0]
[I 2023-12-27 11:00:51,263] Trial 15 finished with value: 7192.00146484375 and parameters: {'gradient_clip_val': 0.2962037319024752, 'hidden_size': 35, 'dropout': 0.40099782538569223, 'hidden_continuous_size': 18, 'attention_head_size': 3, 'learning_rate': 0.0366245520764015}. Best is trial 0 with value: 1145.46533203125.
LOCAL_RANK: 0 - CUDA_VISIBLE_DEVICES: [0]
[I 2023-12-27 11:00:51,997] Trial 16 finished with value: 8090.2421875 and parameters: {'gradient_clip_val': 0.6300199462858914, 'hidden_size': 21, 'dropout': 0.4936072731238202, 'hidden_continuous_size': 17, 'attention_head_size': 1, 'learning_rate': 0.010207571889285205}. Best is trial 0 with value: 1145.46533203125.
LOCAL_RANK: 0 - CUDA_VISIBLE_DEVICES: [0]
[I 2023-12-27 11:00:52,464] Trial 17 finished with value: 7161.931640625 and parameters: {'gradient_clip_val': 0.37369183809673, 'hidden_size': 8, 'dropout': 0.2663416946895638, 'hidden_continuous_size': 6, 'attention_head_size': 2, 'learning_rate': 0.09806039852053414}. Best is trial 0 with value: 1145.46533203125.
LOCAL_RANK: 0 - CUDA_VISIBLE_DEVICES: [0]
[I 2023-12-27 11:00:52,946] Trial 18 finished with value: 7265.40869140625 and parameters: {'gradient_clip_val': 0.22480736291786227, 'hidden_size': 24, 'dropout': 0.41858138262323447, 'hidden_continuous_size': 10, 'attention_head_size': 3, 'learning_rate': 0.056158816504312516}. Best is trial 0 with value: 1145.46533203125.
LOCAL_RANK: 0 - CUDA_VISIBLE_DEVICES: [0]
[I 2023-12-27 11:00:53,509] Trial 19 finished with value: 5704.50439453125 and parameters: {'gradient_clip_val': 0.7443672141790948, 'hidden_size': 16, 'dropout': 0.3488625742635981, 'hidden_continuous_size': 8, 'attention_head_size': 4, 'learning_rate': 0.030886603066100027}. Best is trial 0 with value: 1145.46533203125.
LOCAL_RANK: 0 - CUDA_VISIBLE_DEVICES: [0]
[I 2023-12-27 11:00:53,988] Trial 20 finished with value: 5704.017578125 and parameters: {'gradient_clip_val': 0.4641754915450938, 'hidden_size': 37, 'dropout': 0.16850206200468962, 'hidden_continuous_size': 23, 'attention_head_size': 1, 'learning_rate': 0.013018159964425484}. Best is trial 0 with value: 1145.46533203125.
LOCAL_RANK: 0 - CUDA_VISIBLE_DEVICES: [0]
[I 2023-12-27 11:00:54,474] Trial 21 finished with value: 5608.72802734375 and parameters: {'gradient_clip_val': 0.150927429269727, 'hidden_size': 53, 'dropout': 0.30417999603480983, 'hidden_continuous_size': 13, 'attention_head_size': 4, 'learning_rate': 0.02017501986686237}. Best is trial 0 with value: 1145.46533203125.
LOCAL_RANK: 0 - CUDA_VISIBLE_DEVICES: [0]
[I 2023-12-27 11:00:54,947] Trial 22 finished with value: 8378.1962890625 and parameters: {'gradient_clip_val': 0.2549065876629498, 'hidden_size': 23, 'dropout': 0.27999885479748643, 'hidden_continuous_size': 15, 'attention_head_size': 4, 'learning_rate': 0.024421473411527467}. Best is trial 0 with value: 1145.46533203125.
LOCAL_RANK: 0 - CUDA_VISIBLE_DEVICES: [0]
[I 2023-12-27 11:00:55,443] Trial 23 finished with value: 7224.19287109375 and parameters: {'gradient_clip_val': 0.16334912733368398, 'hidden_size': 101, 'dropout': 0.3314747644922426, 'hidden_continuous_size': 31, 'attention_head_size': 3, 'learning_rate': 0.016070746981126073}. Best is trial 0 with value: 1145.46533203125.
LOCAL_RANK: 0 - CUDA_VISIBLE_DEVICES: [0]
[I 2023-12-27 11:00:55,942] Trial 24 finished with value: 7482.58740234375 and parameters: {'gradient_clip_val': 0.12818419412494303, 'hidden_size': 47, 'dropout': 0.2500799883015552, 'hidden_continuous_size': 11, 'attention_head_size': 4, 'learning_rate': 0.05598548187935997}. Best is trial 0 with value: 1145.46533203125.
LOCAL_RANK: 0 - CUDA_VISIBLE_DEVICES: [0]
[I 2023-12-27 11:00:56,434] Trial 25 finished with value: 5260.31298828125 and parameters: {'gradient_clip_val': 0.18567062597967662, 'hidden_size': 75, 'dropout': 0.30642384766122643, 'hidden_continuous_size': 33, 'attention_head_size': 3, 'learning_rate': 0.030787855621221306}. Best is trial 0 with value: 1145.46533203125.
LOCAL_RANK: 0 - CUDA_VISIBLE_DEVICES: [0]
[I 2023-12-27 11:00:56,919] Trial 26 finished with value: 5149.08544921875 and parameters: {'gradient_clip_val': 0.17966046082611456, 'hidden_size': 27, 'dropout': 0.3616521593553258, 'hidden_continuous_size': 22, 'attention_head_size': 3, 'learning_rate': 0.029793411670553525}. Best is trial 0 with value: 1145.46533203125.
LOCAL_RANK: 0 - CUDA_VISIBLE_DEVICES: [0]
[I 2023-12-27 11:00:57,372] Trial 27 finished with value: 5779.45751953125 and parameters: {'gradient_clip_val': 0.2466138502454912, 'hidden_size': 28, 'dropout': 0.37459065144136283, 'hidden_continuous_size': 20, 'attention_head_size': 2, 'learning_rate': 0.0559079925156334}. Best is trial 0 with value: 1145.46533203125.
LOCAL_RANK: 0 - CUDA_VISIBLE_DEVICES: [0]
[I 2023-12-27 11:00:57,820] Trial 28 finished with value: 5176.41162109375 and parameters: {'gradient_clip_val': 0.18654961793082214, 'hidden_size': 17, 'dropout': 0.44844094641459026, 'hidden_continuous_size': 15, 'attention_head_size': 3, 'learning_rate': 0.032687376830244905}. Best is trial 0 with value: 1145.46533203125.
LOCAL_RANK: 0 - CUDA_VISIBLE_DEVICES: [0]
[I 2023-12-27 11:00:58,536] Trial 29 finished with value: 4393.35107421875 and parameters: {'gradient_clip_val': 0.3418052428145141, 'hidden_size': 23, 'dropout': 0.3337688794162658, 'hidden_continuous_size': 17, 'attention_head_size': 2, 'learning_rate': 0.008667837058965669}. Best is trial 0 with value: 1145.46533203125.
LOCAL_RANK: 0 - CUDA_VISIBLE_DEVICES: [0]
[I 2023-12-27 11:00:59,007] Trial 30 finished with value: 6682.65966796875 and parameters: {'gradient_clip_val': 0.37758814441507943, 'hidden_size': 22, 'dropout': 0.3314361882330147, 'hidden_continuous_size': 17, 'attention_head_size': 1, 'learning_rate': 0.007680826448451643}. Best is trial 0 with value: 1145.46533203125.
LOCAL_RANK: 0 - CUDA_VISIBLE_DEVICES: [0]
[I 2023-12-27 11:00:59,461] Trial 31 finished with value: 4553.50634765625 and parameters: {'gradient_clip_val': 0.2685091673835741, 'hidden_size': 27, 'dropout': 0.36593736679417177, 'hidden_continuous_size': 21, 'attention_head_size': 2, 'learning_rate': 0.014061942980754649}. Best is trial 0 with value: 1145.46533203125.
LOCAL_RANK: 0 - CUDA_VISIBLE_DEVICES: [0]
[I 2023-12-27 11:00:59,903] Trial 32 finished with value: 6979.91064453125 and parameters: {'gradient_clip_val': 0.2598656120937917, 'hidden_size': 30, 'dropout': 0.4219979688184894, 'hidden_continuous_size': 16, 'attention_head_size': 2, 'learning_rate': 0.015597766406637008}. Best is trial 0 with value: 1145.46533203125.
LOCAL_RANK: 0 - CUDA_VISIBLE_DEVICES: [0]
[I 2023-12-27 11:01:00,381] Trial 33 finished with value: 5841.60888671875 and parameters: {'gradient_clip_val': 0.3530172121872401, 'hidden_size': 40, 'dropout': 0.38893787541979596, 'hidden_continuous_size': 20, 'attention_head_size': 2, 'learning_rate': 0.009805103147616932}. Best is trial 0 with value: 1145.46533203125.
LOCAL_RANK: 0 - CUDA_VISIBLE_DEVICES: [0]
[I 2023-12-27 11:01:00,819] Trial 34 finished with value: 6214.857421875 and parameters: {'gradient_clip_val': 0.2733083115441751, 'hidden_size': 27, 'dropout': 0.3395652370745751, 'hidden_continuous_size': 19, 'attention_head_size': 2, 'learning_rate': 0.015950184123918108}. Best is trial 0 with value: 1145.46533203125.
LOCAL_RANK: 0 - CUDA_VISIBLE_DEVICES: [0]
[I 2023-12-27 11:01:01,290] Trial 35 finished with value: 6035.58447265625 and parameters: {'gradient_clip_val': 0.2118044184716665, 'hidden_size': 42, 'dropout': 0.3854129129896764, 'hidden_continuous_size': 23, 'attention_head_size': 1, 'learning_rate': 0.022158871776135663}. Best is trial 0 with value: 1145.46533203125.
LOCAL_RANK: 0 - CUDA_VISIBLE_DEVICES: [0]
[I 2023-12-27 11:01:01,758] Trial 36 finished with value: 5856.8203125 and parameters: {'gradient_clip_val': 0.4359294567355194, 'hidden_size': 31, 'dropout': 0.32178858040633423, 'hidden_continuous_size': 17, 'attention_head_size': 2, 'learning_rate': 0.003722509006003877}. Best is trial 0 with value: 1145.46533203125.
LOCAL_RANK: 0 - CUDA_VISIBLE_DEVICES: [0]
[I 2023-12-27 11:01:02,227] Trial 37 finished with value: 6792.63525390625 and parameters: {'gradient_clip_val': 0.32173612908123916, 'hidden_size': 14, 'dropout': 0.35413376950790987, 'hidden_continuous_size': 13, 'attention_head_size': 1, 'learning_rate': 0.008109746125054693}. Best is trial 0 with value: 1145.46533203125.
LOCAL_RANK: 0 - CUDA_VISIBLE_DEVICES: [0]
[I 2023-12-27 11:01:02,685] Trial 38 finished with value: 7080.92578125 and parameters: {'gradient_clip_val': 0.2288955637010697, 'hidden_size': 19, 'dropout': 0.425719272167575, 'hidden_continuous_size': 16, 'attention_head_size': 3, 'learning_rate': 0.013480102021668243}. Best is trial 0 with value: 1145.46533203125.
LOCAL_RANK: 0 - CUDA_VISIBLE_DEVICES: [0]
[I 2023-12-27 11:01:03,138] Trial 39 finished with value: 6056.66357421875 and parameters: {'gradient_clip_val': 0.2714524112408299, 'hidden_size': 24, 'dropout': 0.40127580533152785, 'hidden_continuous_size': 19, 'attention_head_size': 2, 'learning_rate': 0.01939140273727147}. Best is trial 0 with value: 1145.46533203125.
LOCAL_RANK: 0 - CUDA_VISIBLE_DEVICES: [0]
[I 2023-12-27 11:01:03,582] Trial 40 finished with value: 8856.3955078125 and parameters: {'gradient_clip_val': 0.4100466911944287, 'hidden_size': 21, 'dropout': 0.3573224674744515, 'hidden_continuous_size': 14, 'attention_head_size': 1, 'learning_rate': 0.005966272077580891}. Best is trial 0 with value: 1145.46533203125.
LOCAL_RANK: 0 - CUDA_VISIBLE_DEVICES: [0]
[I 2023-12-27 11:01:04,029] Trial 41 finished with value: 6203.88525390625 and parameters: {'gradient_clip_val': 0.16993252232824135, 'hidden_size': 28, 'dropout': 0.3667103348028477, 'hidden_continuous_size': 23, 'attention_head_size': 3, 'learning_rate': 0.026538138795301723}. Best is trial 0 with value: 1145.46533203125.
LOCAL_RANK: 0 - CUDA_VISIBLE_DEVICES: [0]
[I 2023-12-27 11:01:04,761] Trial 42 finished with value: 7218.5859375 and parameters: {'gradient_clip_val': 0.19622394331711954, 'hidden_size': 34, 'dropout': 0.3268459068036639, 'hidden_continuous_size': 21, 'attention_head_size': 3, 'learning_rate': 0.026068799546800168}. Best is trial 0 with value: 1145.46533203125.
LOCAL_RANK: 0 - CUDA_VISIBLE_DEVICES: [0]
[I 2023-12-27 11:01:05,242] Trial 43 finished with value: 6560.88134765625 and parameters: {'gradient_clip_val': 0.510785615984594, 'hidden_size': 25, 'dropout': 0.3596476788522883, 'hidden_continuous_size': 21, 'attention_head_size': 3, 'learning_rate': 0.01884223769513814}. Best is trial 0 with value: 1145.46533203125.
LOCAL_RANK: 0 - CUDA_VISIBLE_DEVICES: [0]
[I 2023-12-27 11:01:05,728] Trial 44 finished with value: 6045.6328125 and parameters: {'gradient_clip_val': 0.23806971998518361, 'hidden_size': 18, 'dropout': 0.28316461883577526, 'hidden_continuous_size': 16, 'attention_head_size': 3, 'learning_rate': 0.04013366501376166}. Best is trial 0 with value: 1145.46533203125.
LOCAL_RANK: 0 - CUDA_VISIBLE_DEVICES: [0]
[I 2023-12-27 11:01:06,182] Trial 45 finished with value: 6920.48828125 and parameters: {'gradient_clip_val': 0.20330303832187627, 'hidden_size': 14, 'dropout': 0.31749328823816186, 'hidden_continuous_size': 13, 'attention_head_size': 2, 'learning_rate': 0.012905941165981523}. Best is trial 0 with value: 1145.46533203125.
LOCAL_RANK: 0 - CUDA_VISIBLE_DEVICES: [0]
[I 2023-12-27 11:01:06,668] Trial 46 finished with value: 6864.41943359375 and parameters: {'gradient_clip_val': 0.12963949969142283, 'hidden_size': 32, 'dropout': 0.3783983622109807, 'hidden_continuous_size': 25, 'attention_head_size': 3, 'learning_rate': 0.026024608912117508}. Best is trial 0 with value: 1145.46533203125.
LOCAL_RANK: 0 - CUDA_VISIBLE_DEVICES: [0]
[I 2023-12-27 11:01:07,142] Trial 47 finished with value: 6323.39697265625 and parameters: {'gradient_clip_val': 0.841199321230622, 'hidden_size': 20, 'dropout': 0.4738121750526301, 'hidden_continuous_size': 18, 'attention_head_size': 2, 'learning_rate': 0.03524564069830609}. Best is trial 0 with value: 1145.46533203125.
LOCAL_RANK: 0 - CUDA_VISIBLE_DEVICES: [0]
[I 2023-12-27 11:01:07,599] Trial 48 finished with value: 6184.140625 and parameters: {'gradient_clip_val': 0.29412617683094366, 'hidden_size': 42, 'dropout': 0.43403601936469427, 'hidden_continuous_size': 28, 'attention_head_size': 2, 'learning_rate': 0.04730251266828627}. Best is trial 0 with value: 1145.46533203125.
LOCAL_RANK: 0 - CUDA_VISIBLE_DEVICES: [0]
[I 2023-12-27 11:01:08,078] Trial 49 finished with value: 7785.912109375 and parameters: {'gradient_clip_val': 0.9846124625839696, 'hidden_size': 26, 'dropout': 0.40582185422113154, 'hidden_continuous_size': 22, 'attention_head_size': 3, 'learning_rate': 0.07252802448300628}. Best is trial 0 with value: 1145.46533203125.
[I 2023-12-27 11:01:08,206] A new study created in memory with name: no-name-e85f2cde-55b8-4044-bba3-cdc5e301b59e
/home/le004/conda/anaconda3/envs/tsff_env/lib/python3.9/site-packages/lightning/fabric/plugins/environments/slurm.py:191: The `srun` command is available on your system but is not used. HINT: If your intention is to run Lightning on SLURM, prepend your python command with `srun` like so: srun python /home/le004/master_thesis/git/TSFusionForecast/code/ ...
LOCAL_RANK: 0 - CUDA_VISIBLE_DEVICES: [0]
[I 2023-12-27 11:01:31,022] Trial 0 finished with value: 925.3827514648438 and parameters: {'gradient_clip_val': 0.25581694257945137, 'hidden_size': 8, 'dropout': 0.25671999814762325, 'hidden_continuous_size': 6, 'attention_head_size': 4, 'learning_rate': 0.03581567357474748}. Best is trial 0 with value: 925.3827514648438.
LOCAL_RANK: 0 - CUDA_VISIBLE_DEVICES: [0]
[I 2023-12-27 11:01:31,433] Trial 1 finished with value: 5557.9921875 and parameters: {'gradient_clip_val': 0.12835664947198644, 'hidden_size': 24, 'dropout': 0.36705108322213853, 'hidden_continuous_size': 13, 'attention_head_size': 2, 'learning_rate': 0.006728419156054963}. Best is trial 0 with value: 925.3827514648438.
LOCAL_RANK: 0 - CUDA_VISIBLE_DEVICES: [0]
[I 2023-12-27 11:01:31,851] Trial 2 finished with value: 5381.75537109375 and parameters: {'gradient_clip_val': 0.30281901893946184, 'hidden_size': 26, 'dropout': 0.22132797780687943, 'hidden_continuous_size': 12, 'attention_head_size': 1, 'learning_rate': 0.0013140654029339636}. Best is trial 0 with value: 925.3827514648438.
LOCAL_RANK: 0 - CUDA_VISIBLE_DEVICES: [0]
[I 2023-12-27 11:01:32,518] Trial 3 finished with value: 6050.49072265625 and parameters: {'gradient_clip_val': 0.28556221500321627, 'hidden_size': 10, 'dropout': 0.4879877795163835, 'hidden_continuous_size': 9, 'attention_head_size': 4, 'learning_rate': 0.0009393116351076066}. Best is trial 0 with value: 925.3827514648438.
LOCAL_RANK: 0 - CUDA_VISIBLE_DEVICES: [0]
[I 2023-12-27 11:01:32,899] Trial 4 finished with value: 4724.7490234375 and parameters: {'gradient_clip_val': 0.1870808410313466, 'hidden_size': 5, 'dropout': 0.3738133341487285, 'hidden_continuous_size': 5, 'attention_head_size': 2, 'learning_rate': 0.0005664210898984571}. Best is trial 0 with value: 925.3827514648438.
LOCAL_RANK: 0 - CUDA_VISIBLE_DEVICES: [0]
[I 2023-12-27 11:01:33,349] Trial 5 finished with value: 6153.51171875 and parameters: {'gradient_clip_val': 0.11416826438981113, 'hidden_size': 49, 'dropout': 0.4511153047540444, 'hidden_continuous_size': 5, 'attention_head_size': 3, 'learning_rate': 0.036182174417439886}. Best is trial 0 with value: 925.3827514648438.
LOCAL_RANK: 0 - CUDA_VISIBLE_DEVICES: [0]
[I 2023-12-27 11:01:33,826] Trial 6 finished with value: 5115.79052734375 and parameters: {'gradient_clip_val': 0.1746274976451918, 'hidden_size': 108, 'dropout': 0.32374702317670323, 'hidden_continuous_size': 72, 'attention_head_size': 1, 'learning_rate': 0.017140264067615336}. Best is trial 0 with value: 925.3827514648438.
LOCAL_RANK: 0 - CUDA_VISIBLE_DEVICES: [0]
[I 2023-12-27 11:01:34,283] Trial 7 finished with value: 6293.93212890625 and parameters: {'gradient_clip_val': 0.4079680610433994, 'hidden_size': 43, 'dropout': 0.1703274537135621, 'hidden_continuous_size': 19, 'attention_head_size': 2, 'learning_rate': 0.01086684794822323}. Best is trial 0 with value: 925.3827514648438.
LOCAL_RANK: 0 - CUDA_VISIBLE_DEVICES: [0]
[I 2023-12-27 11:01:34,697] Trial 8 finished with value: 6327.455078125 and parameters: {'gradient_clip_val': 0.1135987630514661, 'hidden_size': 22, 'dropout': 0.1959023022719827, 'hidden_continuous_size': 9, 'attention_head_size': 1, 'learning_rate': 0.031202689155844072}. Best is trial 0 with value: 925.3827514648438.
LOCAL_RANK: 0 - CUDA_VISIBLE_DEVICES: [0]
[I 2023-12-27 11:01:35,144] Trial 9 finished with value: 7041.39599609375 and parameters: {'gradient_clip_val': 0.29467266610352694, 'hidden_size': 45, 'dropout': 0.2973462372250779, 'hidden_continuous_size': 10, 'attention_head_size': 2, 'learning_rate': 0.04330247836110516}. Best is trial 0 with value: 925.3827514648438.
LOCAL_RANK: 0 - CUDA_VISIBLE_DEVICES: [0]
[I 2023-12-27 11:01:35,571] Trial 10 finished with value: 4988.9931640625 and parameters: {'gradient_clip_val': 0.8138179550697033, 'hidden_size': 5, 'dropout': 0.10111505789006509, 'hidden_continuous_size': 5, 'attention_head_size': 4, 'learning_rate': 0.08988889470750237}. Best is trial 0 with value: 925.3827514648438.
LOCAL_RANK: 0 - CUDA_VISIBLE_DEVICES: [0]
[I 2023-12-27 11:01:35,997] Trial 11 finished with value: 5705.23583984375 and parameters: {'gradient_clip_val': 0.1803557014379457, 'hidden_size': 5, 'dropout': 0.3835873991554765, 'hidden_continuous_size': 5, 'attention_head_size': 3, 'learning_rate': 0.0005001042019784577}. Best is trial 0 with value: 925.3827514648438.
LOCAL_RANK: 0 - CUDA_VISIBLE_DEVICES: [0]
[I 2023-12-27 11:01:36,459] Trial 12 finished with value: 5651.05908203125 and parameters: {'gradient_clip_val': 0.19968054012772338, 'hidden_size': 9, 'dropout': 0.28166550069399043, 'hidden_continuous_size': 5, 'attention_head_size': 3, 'learning_rate': 0.005447648348765804}. Best is trial 0 with value: 925.3827514648438.
LOCAL_RANK: 0 - CUDA_VISIBLE_DEVICES: [0]
[I 2023-12-27 11:01:36,910] Trial 13 finished with value: 6563.96875 and parameters: {'gradient_clip_val': 0.4272664976963207, 'hidden_size': 9, 'dropout': 0.4032473598946067, 'hidden_continuous_size': 6, 'attention_head_size': 4, 'learning_rate': 0.0036971825203056152}. Best is trial 0 with value: 925.3827514648438.
LOCAL_RANK: 0 - CUDA_VISIBLE_DEVICES: [0]
[I 2023-12-27 11:01:37,310] Trial 14 finished with value: 6992.08349609375 and parameters: {'gradient_clip_val': 0.2172075305431167, 'hidden_size': 5, 'dropout': 0.27129879270489204, 'hidden_continuous_size': 5, 'attention_head_size': 3, 'learning_rate': 0.002825233864674385}. Best is trial 0 with value: 925.3827514648438.
LOCAL_RANK: 0 - CUDA_VISIBLE_DEVICES: [0]
[I 2023-12-27 11:01:37,741] Trial 15 finished with value: 5778.23876953125 and parameters: {'gradient_clip_val': 0.14909455061032192, 'hidden_size': 14, 'dropout': 0.34826597731167896, 'hidden_continuous_size': 6, 'attention_head_size': 2, 'learning_rate': 0.012394893199749941}. Best is trial 0 with value: 925.3827514648438.
LOCAL_RANK: 0 - CUDA_VISIBLE_DEVICES: [0]
[I 2023-12-27 11:01:38,215] Trial 16 finished with value: 5284.97705078125 and parameters: {'gradient_clip_val': 0.23859151680485702, 'hidden_size': 7, 'dropout': 0.43353458335498757, 'hidden_continuous_size': 5, 'attention_head_size': 4, 'learning_rate': 0.0029227351344699214}. Best is trial 0 with value: 925.3827514648438.
LOCAL_RANK: 0 - CUDA_VISIBLE_DEVICES: [0]
[I 2023-12-27 11:01:38,971] Trial 17 finished with value: 6693.3125 and parameters: {'gradient_clip_val': 0.14069874963017281, 'hidden_size': 15, 'dropout': 0.3408780855367229, 'hidden_continuous_size': 6, 'attention_head_size': 3, 'learning_rate': 0.0016407140474472002}. Best is trial 0 with value: 925.3827514648438.
LOCAL_RANK: 0 - CUDA_VISIBLE_DEVICES: [0]
[I 2023-12-27 11:01:39,415] Trial 18 finished with value: 4973.92333984375 and parameters: {'gradient_clip_val': 0.10286487953119104, 'hidden_size': 7, 'dropout': 0.2548960517918927, 'hidden_continuous_size': 5, 'attention_head_size': 2, 'learning_rate': 0.0005499460988450805}. Best is trial 0 with value: 925.3827514648438.
LOCAL_RANK: 0 - CUDA_VISIBLE_DEVICES: [0]
