[I 2023-12-27 11:00:29,933] Trial 3 finished with value: 22.080392837524414 and parameters: {'gradient_clip_val': 0.1274769446436739, 'hidden_size': 10, 'dropout': 0.11722377779059277, 'hidden_continuous_size': 7, 'attention_head_size': 2, 'learning_rate': 0.0027798030289987474}. Best is trial 0 with value: 6.402492046356201.
LOCAL_RANK: 0 - CUDA_VISIBLE_DEVICES: [0]
[I 2023-12-27 11:00:30,347] Trial 4 finished with value: 29.114404678344727 and parameters: {'gradient_clip_val': 0.15693024524555893, 'hidden_size': 11, 'dropout': 0.44602808588237175, 'hidden_continuous_size': 8, 'attention_head_size': 1, 'learning_rate': 0.01619021298697422}. Best is trial 0 with value: 6.402492046356201.
LOCAL_RANK: 0 - CUDA_VISIBLE_DEVICES: [0]
[I 2023-12-27 11:00:31,033] Trial 5 finished with value: 23.503662109375 and parameters: {'gradient_clip_val': 0.6781252125730124, 'hidden_size': 6, 'dropout': 0.4667250553490645, 'hidden_continuous_size': 5, 'attention_head_size': 4, 'learning_rate': 0.010035090390211342}. Best is trial 0 with value: 6.402492046356201.
LOCAL_RANK: 0 - CUDA_VISIBLE_DEVICES: [0]
[I 2023-12-27 11:00:31,439] Trial 6 finished with value: 24.607275009155273 and parameters: {'gradient_clip_val': 0.46718604090223953, 'hidden_size': 9, 'dropout': 0.20159177042848886, 'hidden_continuous_size': 6, 'attention_head_size': 2, 'learning_rate': 0.026650527116186505}. Best is trial 0 with value: 6.402492046356201.
LOCAL_RANK: 0 - CUDA_VISIBLE_DEVICES: [0]
[I 2023-12-27 11:00:31,841] Trial 7 finished with value: 23.82550811767578 and parameters: {'gradient_clip_val': 0.18077520987303883, 'hidden_size': 18, 'dropout': 0.4725995285252448, 'hidden_continuous_size': 7, 'attention_head_size': 1, 'learning_rate': 0.006354039188566572}. Best is trial 0 with value: 6.402492046356201.
LOCAL_RANK: 0 - CUDA_VISIBLE_DEVICES: [0]
[I 2023-12-27 11:00:32,218] Trial 8 finished with value: 23.34700584411621 and parameters: {'gradient_clip_val': 0.14798135358746128, 'hidden_size': 7, 'dropout': 0.45306581546978353, 'hidden_continuous_size': 7, 'attention_head_size': 1, 'learning_rate': 0.04067429302711705}. Best is trial 0 with value: 6.402492046356201.
LOCAL_RANK: 0 - CUDA_VISIBLE_DEVICES: [0]
[I 2023-12-27 11:00:32,718] Trial 9 finished with value: 22.714706420898438 and parameters: {'gradient_clip_val': 0.8404661226914016, 'hidden_size': 125, 'dropout': 0.3080545522259713, 'hidden_continuous_size': 31, 'attention_head_size': 3, 'learning_rate': 0.001157530594596123}. Best is trial 0 with value: 6.402492046356201.
LOCAL_RANK: 0 - CUDA_VISIBLE_DEVICES: [0]
[I 2023-12-27 11:00:33,162] Trial 10 finished with value: 22.517677307128906 and parameters: {'gradient_clip_val': 0.2448599619631099, 'hidden_size': 29, 'dropout': 0.10254378706852159, 'hidden_continuous_size': 5, 'attention_head_size': 3, 'learning_rate': 0.002860541209785956}. Best is trial 0 with value: 6.402492046356201.
LOCAL_RANK: 0 - CUDA_VISIBLE_DEVICES: [0]
[I 2023-12-27 11:00:33,644] Trial 11 finished with value: 21.00349998474121 and parameters: {'gradient_clip_val': 0.34825927149681934, 'hidden_size': 39, 'dropout': 0.16178805637049337, 'hidden_continuous_size': 12, 'attention_head_size': 3, 'learning_rate': 0.0006318631776339523}. Best is trial 0 with value: 6.402492046356201.
LOCAL_RANK: 0 - CUDA_VISIBLE_DEVICES: [0]
[I 2023-12-27 11:00:34,113] Trial 12 finished with value: 22.6307373046875 and parameters: {'gradient_clip_val': 0.2410863979269765, 'hidden_size': 48, 'dropout': 0.17322889866835203, 'hidden_continuous_size': 16, 'attention_head_size': 2, 'learning_rate': 0.00168739994666891}. Best is trial 0 with value: 6.402492046356201.
LOCAL_RANK: 0 - CUDA_VISIBLE_DEVICES: [0]
[I 2023-12-27 11:00:34,588] Trial 13 finished with value: 25.531953811645508 and parameters: {'gradient_clip_val': 0.31395836481099626, 'hidden_size': 22, 'dropout': 0.1238066097080118, 'hidden_continuous_size': 10, 'attention_head_size': 4, 'learning_rate': 0.0005467227974305233}. Best is trial 0 with value: 6.402492046356201.
LOCAL_RANK: 0 - CUDA_VISIBLE_DEVICES: [0]
[I 2023-12-27 11:00:35,065] Trial 14 finished with value: 21.283584594726562 and parameters: {'gradient_clip_val': 0.20587421270047004, 'hidden_size': 59, 'dropout': 0.21675010029691388, 'hidden_continuous_size': 28, 'attention_head_size': 2, 'learning_rate': 0.0014039632626885183}. Best is trial 0 with value: 6.402492046356201.
LOCAL_RANK: 0 - CUDA_VISIBLE_DEVICES: [0]
[I 2023-12-27 11:00:35,516] Trial 15 finished with value: 17.890352249145508 and parameters: {'gradient_clip_val': 0.3165996793635454, 'hidden_size': 26, 'dropout': 0.10288857334038723, 'hidden_continuous_size': 11, 'attention_head_size': 3, 'learning_rate': 0.09539272582221277}. Best is trial 0 with value: 6.402492046356201.
LOCAL_RANK: 0 - CUDA_VISIBLE_DEVICES: [0]
[I 2023-12-27 11:00:35,916] Trial 16 finished with value: 27.324295043945312 and parameters: {'gradient_clip_val': 0.2025683751488763, 'hidden_size': 5, 'dropout': 0.16774321113886026, 'hidden_continuous_size': 5, 'attention_head_size': 4, 'learning_rate': 0.0036768958826836687}. Best is trial 0 with value: 6.402492046356201.
LOCAL_RANK: 0 - CUDA_VISIBLE_DEVICES: [0]
[I 2023-12-27 11:00:36,335] Trial 17 finished with value: 23.226890563964844 and parameters: {'gradient_clip_val': 0.449673005717252, 'hidden_size': 15, 'dropout': 0.24737671607079334, 'hidden_continuous_size': 6, 'attention_head_size': 1, 'learning_rate': 0.0010977575353919079}. Best is trial 0 with value: 6.402492046356201.
LOCAL_RANK: 0 - CUDA_VISIBLE_DEVICES: [0]
[I 2023-12-27 11:00:37,061] Trial 18 finished with value: 28.82596778869629 and parameters: {'gradient_clip_val': 0.23678641560041205, 'hidden_size': 59, 'dropout': 0.1524780343101114, 'hidden_continuous_size': 52, 'attention_head_size': 3, 'learning_rate': 0.002286480490811852}. Best is trial 0 with value: 6.402492046356201.
LOCAL_RANK: 0 - CUDA_VISIBLE_DEVICES: [0]
[I 2023-12-27 11:00:37,516] Trial 19 finished with value: 26.996267318725586 and parameters: {'gradient_clip_val': 0.10260582174276897, 'hidden_size': 30, 'dropout': 0.1389220636047084, 'hidden_continuous_size': 9, 'attention_head_size': 2, 'learning_rate': 0.005621999639732489}. Best is trial 0 with value: 6.402492046356201.
LOCAL_RANK: 0 - CUDA_VISIBLE_DEVICES: [0]
[I 2023-12-27 11:00:37,947] Trial 20 finished with value: 16.681180953979492 and parameters: {'gradient_clip_val': 0.1550502674037486, 'hidden_size': 19, 'dropout': 0.19259783571000477, 'hidden_continuous_size': 6, 'attention_head_size': 1, 'learning_rate': 0.0009842223530492455}. Best is trial 0 with value: 6.402492046356201.
LOCAL_RANK: 0 - CUDA_VISIBLE_DEVICES: [0]
[I 2023-12-27 11:00:38,375] Trial 21 finished with value: 22.562623977661133 and parameters: {'gradient_clip_val': 0.16048197020968355, 'hidden_size': 19, 'dropout': 0.19040233591436795, 'hidden_continuous_size': 5, 'attention_head_size': 1, 'learning_rate': 0.001164188528957962}. Best is trial 0 with value: 6.402492046356201.
LOCAL_RANK: 0 - CUDA_VISIBLE_DEVICES: [0]
[I 2023-12-27 11:00:38,806] Trial 22 finished with value: 26.540245056152344 and parameters: {'gradient_clip_val': 0.13274132518568219, 'hidden_size': 14, 'dropout': 0.15500519102891322, 'hidden_continuous_size': 6, 'attention_head_size': 1, 'learning_rate': 0.000807720967590578}. Best is trial 0 with value: 6.402492046356201.
LOCAL_RANK: 0 - CUDA_VISIBLE_DEVICES: [0]
[I 2023-12-27 11:00:39,265] Trial 23 finished with value: 19.43314552307129 and parameters: {'gradient_clip_val': 0.18870718493429406, 'hidden_size': 36, 'dropout': 0.10333207654123644, 'hidden_continuous_size': 13, 'attention_head_size': 1, 'learning_rate': 0.0005057761796949377}. Best is trial 0 with value: 6.402492046356201.
LOCAL_RANK: 0 - CUDA_VISIBLE_DEVICES: [0]
[I 2023-12-27 11:00:39,701] Trial 24 finished with value: 19.138864517211914 and parameters: {'gradient_clip_val': 0.27009495946772455, 'hidden_size': 23, 'dropout': 0.12836541601014123, 'hidden_continuous_size': 9, 'attention_head_size': 2, 'learning_rate': 0.0018764450077822998}. Best is trial 0 with value: 6.402492046356201.
LOCAL_RANK: 0 - CUDA_VISIBLE_DEVICES: [0]
[I 2023-12-27 11:00:40,130] Trial 25 finished with value: 24.96936798095703 and parameters: {'gradient_clip_val': 0.17816066855290436, 'hidden_size': 20, 'dropout': 0.1969155415575184, 'hidden_continuous_size': 6, 'attention_head_size': 1, 'learning_rate': 0.0007973661827308437}. Best is trial 0 with value: 6.402492046356201.
LOCAL_RANK: 0 - CUDA_VISIBLE_DEVICES: [0]
[I 2023-12-27 11:00:40,595] Trial 26 finished with value: 24.198923110961914 and parameters: {'gradient_clip_val': 0.1283695096803564, 'hidden_size': 37, 'dropout': 0.1401333803528734, 'hidden_continuous_size': 14, 'attention_head_size': 2, 'learning_rate': 0.001779705975954006}. Best is trial 0 with value: 6.402492046356201.
LOCAL_RANK: 0 - CUDA_VISIBLE_DEVICES: [0]
[I 2023-12-27 11:00:41,033] Trial 27 finished with value: 24.7587833404541 and parameters: {'gradient_clip_val': 0.208866890307216, 'hidden_size': 16, 'dropout': 0.22171709105180185, 'hidden_continuous_size': 5, 'attention_head_size': 4, 'learning_rate': 0.000988515308936023}. Best is trial 0 with value: 6.402492046356201.
LOCAL_RANK: 0 - CUDA_VISIBLE_DEVICES: [0]
[I 2023-12-27 11:00:41,492] Trial 28 finished with value: 27.457311630249023 and parameters: {'gradient_clip_val': 0.2723708061582856, 'hidden_size': 25, 'dropout': 0.17485378593841822, 'hidden_continuous_size': 8, 'attention_head_size': 1, 'learning_rate': 0.004008153253519965}. Best is trial 0 with value: 6.402492046356201.
LOCAL_RANK: 0 - CUDA_VISIBLE_DEVICES: [0]
[I 2023-12-27 11:00:41,962] Trial 29 finished with value: 22.991424560546875 and parameters: {'gradient_clip_val': 0.1090745314461636, 'hidden_size': 12, 'dropout': 0.2727433553499775, 'hidden_continuous_size': 6, 'attention_head_size': 4, 'learning_rate': 0.0008106506523748536}. Best is trial 0 with value: 6.402492046356201.
LOCAL_RANK: 0 - CUDA_VISIBLE_DEVICES: [0]
[I 2023-12-27 11:00:42,410] Trial 30 finished with value: 22.29742431640625 and parameters: {'gradient_clip_val': 0.17106852145864201, 'hidden_size': 17, 'dropout': 0.14354205334347261, 'hidden_continuous_size': 8, 'attention_head_size': 3, 'learning_rate': 0.001444226491377628}. Best is trial 0 with value: 6.402492046356201.
LOCAL_RANK: 0 - CUDA_VISIBLE_DEVICES: [0]
[I 2023-12-27 11:00:43,099] Trial 31 finished with value: 28.405405044555664 and parameters: {'gradient_clip_val': 0.36129176097089744, 'hidden_size': 26, 'dropout': 0.11388198644606619, 'hidden_continuous_size': 11, 'attention_head_size': 3, 'learning_rate': 0.08077799862541951}. Best is trial 0 with value: 6.402492046356201.
LOCAL_RANK: 0 - CUDA_VISIBLE_DEVICES: [0]
[I 2023-12-27 11:00:43,558] Trial 32 finished with value: 18.11855125427246 and parameters: {'gradient_clip_val': 0.2897769386837256, 'hidden_size': 13, 'dropout': 0.10142536993274422, 'hidden_continuous_size': 5, 'attention_head_size': 4, 'learning_rate': 0.0023232387446008953}. Best is trial 0 with value: 6.402492046356201.
LOCAL_RANK: 0 - CUDA_VISIBLE_DEVICES: [0]
[I 2023-12-27 11:00:44,005] Trial 33 finished with value: 20.34832000732422 and parameters: {'gradient_clip_val': 0.22651161521440336, 'hidden_size': 21, 'dropout': 0.1326844725295243, 'hidden_continuous_size': 10, 'attention_head_size': 3, 'learning_rate': 0.010015093122244793}. Best is trial 0 with value: 6.402492046356201.
LOCAL_RANK: 0 - CUDA_VISIBLE_DEVICES: [0]
[I 2023-12-27 11:00:44,442] Trial 34 finished with value: 26.29304313659668 and parameters: {'gradient_clip_val': 0.1419620283503492, 'hidden_size': 10, 'dropout': 0.11942577393996529, 'hidden_continuous_size': 6, 'attention_head_size': 2, 'learning_rate': 0.000688400312678751}. Best is trial 0 with value: 6.402492046356201.
LOCAL_RANK: 0 - CUDA_VISIBLE_DEVICES: [0]
[I 2023-12-27 11:00:44,910] Trial 35 finished with value: 18.24015235900879 and parameters: {'gradient_clip_val': 0.1592047731490217, 'hidden_size': 28, 'dropout': 0.10328088173467254, 'hidden_continuous_size': 8, 'attention_head_size': 4, 'learning_rate': 0.08642974816419705}. Best is trial 0 with value: 6.402492046356201.
LOCAL_RANK: 0 - CUDA_VISIBLE_DEVICES: [0]
[I 2023-12-27 11:00:45,351] Trial 36 finished with value: 24.156021118164062 and parameters: {'gradient_clip_val': 0.11602135616984723, 'hidden_size': 12, 'dropout': 0.18391491018900313, 'hidden_continuous_size': 7, 'attention_head_size': 2, 'learning_rate': 0.012904527401522597}. Best is trial 0 with value: 6.402492046356201.
LOCAL_RANK: 0 - CUDA_VISIBLE_DEVICES: [0]
[I 2023-12-27 11:00:45,781] Trial 37 finished with value: 21.632904052734375 and parameters: {'gradient_clip_val': 0.20032443182887816, 'hidden_size': 17, 'dropout': 0.15020192860269532, 'hidden_continuous_size': 5, 'attention_head_size': 1, 'learning_rate': 0.005150352468897079}. Best is trial 0 with value: 6.402492046356201.
LOCAL_RANK: 0 - CUDA_VISIBLE_DEVICES: [0]
[I 2023-12-27 11:00:46,245] Trial 38 finished with value: 25.807764053344727 and parameters: {'gradient_clip_val': 0.38281681125057027, 'hidden_size': 8, 'dropout': 0.13294601661569502, 'hidden_continuous_size': 5, 'attention_head_size': 3, 'learning_rate': 0.021010530519920433}. Best is trial 0 with value: 6.402492046356201.
LOCAL_RANK: 0 - CUDA_VISIBLE_DEVICES: [0]
[I 2023-12-27 11:00:46,689] Trial 39 finished with value: 31.498184204101562 and parameters: {'gradient_clip_val': 0.29822638376143784, 'hidden_size': 9, 'dropout': 0.17072516719774242, 'hidden_continuous_size': 6, 'attention_head_size': 4, 'learning_rate': 0.0353771370602548}. Best is trial 0 with value: 6.402492046356201.
LOCAL_RANK: 0 - CUDA_VISIBLE_DEVICES: [0]
[I 2023-12-27 11:00:47,121] Trial 40 finished with value: 26.42521095275879 and parameters: {'gradient_clip_val': 0.1447142680987157, 'hidden_size': 14, 'dropout': 0.11898408180905366, 'hidden_continuous_size': 7, 'attention_head_size': 1, 'learning_rate': 0.0009632794559312588}. Best is trial 0 with value: 6.402492046356201.
LOCAL_RANK: 0 - CUDA_VISIBLE_DEVICES: [0]
[I 2023-12-27 11:00:47,561] Trial 41 finished with value: 23.28706932067871 and parameters: {'gradient_clip_val': 0.3036311044605145, 'hidden_size': 12, 'dropout': 0.1139870752211552, 'hidden_continuous_size': 5, 'attention_head_size': 4, 'learning_rate': 0.002121822763806736}. Best is trial 0 with value: 6.402492046356201.
LOCAL_RANK: 0 - CUDA_VISIBLE_DEVICES: [0]
[I 2023-12-27 11:00:48,006] Trial 42 finished with value: 20.48517417907715 and parameters: {'gradient_clip_val': 0.25645463325831314, 'hidden_size': 19, 'dropout': 0.10160972530284663, 'hidden_continuous_size': 5, 'attention_head_size': 4, 'learning_rate': 0.002895038599291615}. Best is trial 0 with value: 6.402492046356201.
LOCAL_RANK: 0 - CUDA_VISIBLE_DEVICES: [0]
[I 2023-12-27 11:00:48,473] Trial 43 finished with value: 24.69713020324707 and parameters: {'gradient_clip_val': 0.22169441079709581, 'hidden_size': 24, 'dropout': 0.10059023606330375, 'hidden_continuous_size': 12, 'attention_head_size': 4, 'learning_rate': 0.0014213987472716941}. Best is trial 0 with value: 6.402492046356201.
LOCAL_RANK: 0 - CUDA_VISIBLE_DEVICES: [0]
[I 2023-12-27 11:00:49,193] Trial 44 finished with value: 25.630178451538086 and parameters: {'gradient_clip_val': 0.28095173901315584, 'hidden_size': 16, 'dropout': 0.1543060672190021, 'hidden_continuous_size': 5, 'attention_head_size': 4, 'learning_rate': 0.007770105155316235}. Best is trial 0 with value: 6.402492046356201.
LOCAL_RANK: 0 - CUDA_VISIBLE_DEVICES: [0]
[I 2023-12-27 11:00:49,665] Trial 45 finished with value: 21.4488582611084 and parameters: {'gradient_clip_val': 0.33301988545931044, 'hidden_size': 32, 'dropout': 0.12815899115142074, 'hidden_continuous_size': 16, 'attention_head_size': 3, 'learning_rate': 0.00239181964410423}. Best is trial 0 with value: 6.402492046356201.
LOCAL_RANK: 0 - CUDA_VISIBLE_DEVICES: [0]
[I 2023-12-27 11:00:50,117] Trial 46 finished with value: 24.968618392944336 and parameters: {'gradient_clip_val': 0.24499857975783462, 'hidden_size': 21, 'dropout': 0.16454802146270597, 'hidden_continuous_size': 11, 'attention_head_size': 4, 'learning_rate': 0.001353910653518777}. Best is trial 0 with value: 6.402492046356201.
LOCAL_RANK: 0 - CUDA_VISIBLE_DEVICES: [0]
[I 2023-12-27 11:00:50,559] Trial 47 finished with value: 22.24120330810547 and parameters: {'gradient_clip_val': 0.4035791430199646, 'hidden_size': 26, 'dropout': 0.20912574953576796, 'hidden_continuous_size': 7, 'attention_head_size': 3, 'learning_rate': 0.0016656633729511482}. Best is trial 0 with value: 6.402492046356201.
LOCAL_RANK: 0 - CUDA_VISIBLE_DEVICES: [0]
[I 2023-12-27 11:00:51,010] Trial 48 finished with value: 21.9642391204834 and parameters: {'gradient_clip_val': 0.31910003942906345, 'hidden_size': 45, 'dropout': 0.14139162663307522, 'hidden_continuous_size': 19, 'attention_head_size': 2, 'learning_rate': 0.0005956797647959355}. Best is trial 0 with value: 6.402492046356201.
LOCAL_RANK: 0 - CUDA_VISIBLE_DEVICES: [0]
[I 2023-12-27 11:00:51,456] Trial 49 finished with value: 21.57832145690918 and parameters: {'gradient_clip_val': 0.26236172951613934, 'hidden_size': 13, 'dropout': 0.12249609696826555, 'hidden_continuous_size': 7, 'attention_head_size': 4, 'learning_rate': 0.002776451848401437}. Best is trial 0 with value: 6.402492046356201.
[I 2023-12-27 11:00:51,585] A new study created in memory with name: no-name-b4ac7891-919c-41de-9495-012565f947a2
/home/le004/conda/anaconda3/envs/tsff_env/lib/python3.9/site-packages/lightning/fabric/plugins/environments/slurm.py:191: The `srun` command is available on your system but is not used. HINT: If your intention is to run Lightning on SLURM, prepend your python command with `srun` like so: srun python /home/le004/master_thesis/git/TSFusionForecast/code/ ...
LOCAL_RANK: 0 - CUDA_VISIBLE_DEVICES: [0]
[I 2023-12-27 11:01:20,995] Trial 0 finished with value: 10.969870567321777 and parameters: {'gradient_clip_val': 0.18035032430875889, 'hidden_size': 6, 'dropout': 0.14130921575776345, 'hidden_continuous_size': 5, 'attention_head_size': 1, 'learning_rate': 0.003228565091196503}. Best is trial 0 with value: 10.969870567321777.
LOCAL_RANK: 0 - CUDA_VISIBLE_DEVICES: [0]
[I 2023-12-27 11:01:47,527] Trial 1 finished with value: 5.843369007110596 and parameters: {'gradient_clip_val': 0.13291557035283313, 'hidden_size': 74, 'dropout': 0.1412693158348348, 'hidden_continuous_size': 48, 'attention_head_size': 4, 'learning_rate': 0.002566604313188884}. Best is trial 1 with value: 5.843369007110596.
LOCAL_RANK: 0 - CUDA_VISIBLE_DEVICES: [0]
[I 2023-12-27 11:01:47,959] Trial 2 finished with value: 33.7027702331543 and parameters: {'gradient_clip_val': 0.2776517364376402, 'hidden_size': 14, 'dropout': 0.4431812504793965, 'hidden_continuous_size': 7, 'attention_head_size': 3, 'learning_rate': 0.04482437118086774}. Best is trial 1 with value: 5.843369007110596.
LOCAL_RANK: 0 - CUDA_VISIBLE_DEVICES: [0]
[I 2023-12-27 11:01:48,668] Trial 3 finished with value: 32.80295181274414 and parameters: {'gradient_clip_val': 0.40355733906293406, 'hidden_size': 25, 'dropout': 0.12020207418096458, 'hidden_continuous_size': 7, 'attention_head_size': 2, 'learning_rate': 0.0016754379704554624}. Best is trial 1 with value: 5.843369007110596.
LOCAL_RANK: 0 - CUDA_VISIBLE_DEVICES: [0]
[I 2023-12-27 11:01:49,116] Trial 4 finished with value: 26.975807189941406 and parameters: {'gradient_clip_val': 0.4784768502045302, 'hidden_size': 23, 'dropout': 0.2307458138193177, 'hidden_continuous_size': 21, 'attention_head_size': 2, 'learning_rate': 0.0006749161176265976}. Best is trial 1 with value: 5.843369007110596.
LOCAL_RANK: 0 - CUDA_VISIBLE_DEVICES: [0]
[I 2023-12-27 11:01:49,567] Trial 5 finished with value: 28.989959716796875 and parameters: {'gradient_clip_val': 0.3604187163129085, 'hidden_size': 60, 'dropout': 0.3614115294833674, 'hidden_continuous_size': 9, 'attention_head_size': 1, 'learning_rate': 0.038486895319258474}. Best is trial 1 with value: 5.843369007110596.
LOCAL_RANK: 0 - CUDA_VISIBLE_DEVICES: [0]
[I 2023-12-27 11:01:49,977] Trial 6 finished with value: 28.107683181762695 and parameters: {'gradient_clip_val': 0.5351106104498755, 'hidden_size': 13, 'dropout': 0.11116011614174043, 'hidden_continuous_size': 11, 'attention_head_size': 3, 'learning_rate': 0.022829748899965537}. Best is trial 1 with value: 5.843369007110596.
LOCAL_RANK: 0 - CUDA_VISIBLE_DEVICES: [0]
[I 2023-12-27 11:01:50,393] Trial 7 finished with value: 40.56684494018555 and parameters: {'gradient_clip_val': 0.7869189248324769, 'hidden_size': 10, 'dropout': 0.23704482446461406, 'hidden_continuous_size': 5, 'attention_head_size': 4, 'learning_rate': 0.07537655218682493}. Best is trial 1 with value: 5.843369007110596.
LOCAL_RANK: 0 - CUDA_VISIBLE_DEVICES: [0]
[I 2023-12-27 11:01:50,801] Trial 8 finished with value: 44.22927474975586 and parameters: {'gradient_clip_val': 0.1357586755103409, 'hidden_size': 23, 'dropout': 0.31781676627726474, 'hidden_continuous_size': 7, 'attention_head_size': 4, 'learning_rate': 0.009347391179619458}. Best is trial 1 with value: 5.843369007110596.
LOCAL_RANK: 0 - CUDA_VISIBLE_DEVICES: [0]
[I 2023-12-27 11:01:51,251] Trial 9 finished with value: 29.882667541503906 and parameters: {'gradient_clip_val': 0.17103712028631446, 'hidden_size': 101, 'dropout': 0.13507436285813462, 'hidden_continuous_size': 22, 'attention_head_size': 1, 'learning_rate': 0.0038793433908358263}. Best is trial 1 with value: 5.843369007110596.
LOCAL_RANK: 0 - CUDA_VISIBLE_DEVICES: [0]
[I 2023-12-27 11:01:51,768] Trial 10 finished with value: 46.95316696166992 and parameters: {'gradient_clip_val': 0.1046846885377569, 'hidden_size': 132, 'dropout': 0.4963698510676243, 'hidden_continuous_size': 67, 'attention_head_size': 4, 'learning_rate': 0.0005099940054306719}. Best is trial 1 with value: 5.843369007110596.
LOCAL_RANK: 0 - CUDA_VISIBLE_DEVICES: [0]
