[I 2023-12-27 11:23:57,947] Trial 26 finished with value: 294.66162109375 and parameters: {'gradient_clip_val': 0.2166670763795978, 'hidden_size': 13, 'dropout': 0.10236177826722759, 'hidden_continuous_size': 7, 'attention_head_size': 1, 'learning_rate': 0.002067387757941255}. Best is trial 0 with value: 111.225830078125.
LOCAL_RANK: 0 - CUDA_VISIBLE_DEVICES: [0]
[I 2023-12-27 11:23:58,412] Trial 27 finished with value: 278.5060119628906 and parameters: {'gradient_clip_val': 0.7582530112170071, 'hidden_size': 9, 'dropout': 0.24627522232339738, 'hidden_continuous_size': 6, 'attention_head_size': 1, 'learning_rate': 0.0006990293861194158}. Best is trial 0 with value: 111.225830078125.
LOCAL_RANK: 0 - CUDA_VISIBLE_DEVICES: [0]
[I 2023-12-27 11:23:58,906] Trial 28 finished with value: 319.15020751953125 and parameters: {'gradient_clip_val': 0.3914745930460922, 'hidden_size': 22, 'dropout': 0.19296462936798067, 'hidden_continuous_size': 10, 'attention_head_size': 2, 'learning_rate': 0.0011531032429420815}. Best is trial 0 with value: 111.225830078125.
LOCAL_RANK: 0 - CUDA_VISIBLE_DEVICES: [0]
[I 2023-12-27 11:23:59,365] Trial 29 finished with value: 277.7170715332031 and parameters: {'gradient_clip_val': 0.3310780905938132, 'hidden_size': 15, 'dropout': 0.30946137671370105, 'hidden_continuous_size': 9, 'attention_head_size': 1, 'learning_rate': 0.004684500568836639}. Best is trial 0 with value: 111.225830078125.
LOCAL_RANK: 0 - CUDA_VISIBLE_DEVICES: [0]
[I 2023-12-27 11:23:59,826] Trial 30 finished with value: 317.4895324707031 and parameters: {'gradient_clip_val': 0.24477474622232873, 'hidden_size': 20, 'dropout': 0.13536995695289242, 'hidden_continuous_size': 11, 'attention_head_size': 3, 'learning_rate': 0.0006885926721877484}. Best is trial 0 with value: 111.225830078125.
LOCAL_RANK: 0 - CUDA_VISIBLE_DEVICES: [0]
[I 2023-12-27 11:24:00,316] Trial 31 finished with value: 305.3891296386719 and parameters: {'gradient_clip_val': 0.3816965661281421, 'hidden_size': 14, 'dropout': 0.26512926943563525, 'hidden_continuous_size': 7, 'attention_head_size': 1, 'learning_rate': 0.0007647259451650503}. Best is trial 0 with value: 111.225830078125.
LOCAL_RANK: 0 - CUDA_VISIBLE_DEVICES: [0]
[I 2023-12-27 11:24:00,847] Trial 32 finished with value: 281.8290100097656 and parameters: {'gradient_clip_val': 0.3092830978798341, 'hidden_size': 27, 'dropout': 0.2316997383100396, 'hidden_continuous_size': 7, 'attention_head_size': 1, 'learning_rate': 0.0009730803123367586}. Best is trial 0 with value: 111.225830078125.
LOCAL_RANK: 0 - CUDA_VISIBLE_DEVICES: [0]
[I 2023-12-27 11:24:01,293] Trial 33 finished with value: 246.86952209472656 and parameters: {'gradient_clip_val': 0.49203748816914816, 'hidden_size': 11, 'dropout': 0.22576072830776445, 'hidden_continuous_size': 8, 'attention_head_size': 1, 'learning_rate': 0.0015774443917660331}. Best is trial 0 with value: 111.225830078125.
LOCAL_RANK: 0 - CUDA_VISIBLE_DEVICES: [0]
[I 2023-12-27 11:24:01,793] Trial 34 finished with value: 241.623291015625 and parameters: {'gradient_clip_val': 0.2920761028050614, 'hidden_size': 19, 'dropout': 0.24672366936485934, 'hidden_continuous_size': 10, 'attention_head_size': 1, 'learning_rate': 0.0028630847995966273}. Best is trial 0 with value: 111.225830078125.
LOCAL_RANK: 0 - CUDA_VISIBLE_DEVICES: [0]
[I 2023-12-27 11:24:02,475] Trial 35 finished with value: 290.9634094238281 and parameters: {'gradient_clip_val': 0.10071610882720251, 'hidden_size': 6, 'dropout': 0.2712614508075629, 'hidden_continuous_size': 5, 'attention_head_size': 1, 'learning_rate': 0.0005013958434651271}. Best is trial 0 with value: 111.225830078125.
LOCAL_RANK: 0 - CUDA_VISIBLE_DEVICES: [0]
[I 2023-12-27 11:24:02,989] Trial 36 finished with value: 228.9239044189453 and parameters: {'gradient_clip_val': 0.4155858924353148, 'hidden_size': 25, 'dropout': 0.20702381753656843, 'hidden_continuous_size': 14, 'attention_head_size': 4, 'learning_rate': 0.0009309230447254628}. Best is trial 0 with value: 111.225830078125.
LOCAL_RANK: 0 - CUDA_VISIBLE_DEVICES: [0]
[I 2023-12-27 11:24:03,435] Trial 37 finished with value: 309.3708190917969 and parameters: {'gradient_clip_val': 0.8423665902778259, 'hidden_size': 13, 'dropout': 0.16402603471371557, 'hidden_continuous_size': 7, 'attention_head_size': 1, 'learning_rate': 0.0023866889218309554}. Best is trial 0 with value: 111.225830078125.
LOCAL_RANK: 0 - CUDA_VISIBLE_DEVICES: [0]
[I 2023-12-27 11:24:03,872] Trial 38 finished with value: 212.65419006347656 and parameters: {'gradient_clip_val': 0.653732529955552, 'hidden_size': 9, 'dropout': 0.18357795571596439, 'hidden_continuous_size': 6, 'attention_head_size': 1, 'learning_rate': 0.0015255314865864867}. Best is trial 0 with value: 111.225830078125.
LOCAL_RANK: 0 - CUDA_VISIBLE_DEVICES: [0]
[I 2023-12-27 11:24:04,318] Trial 39 finished with value: 318.4826965332031 and parameters: {'gradient_clip_val': 0.5833866683744148, 'hidden_size': 18, 'dropout': 0.33432715449229516, 'hidden_continuous_size': 8, 'attention_head_size': 1, 'learning_rate': 0.003993863459878601}. Best is trial 0 with value: 111.225830078125.
LOCAL_RANK: 0 - CUDA_VISIBLE_DEVICES: [0]
[I 2023-12-27 11:24:04,754] Trial 40 finished with value: 276.94140625 and parameters: {'gradient_clip_val': 0.5427542668401482, 'hidden_size': 11, 'dropout': 0.2452453374830193, 'hidden_continuous_size': 6, 'attention_head_size': 2, 'learning_rate': 0.0007943377209462596}. Best is trial 0 with value: 111.225830078125.
LOCAL_RANK: 0 - CUDA_VISIBLE_DEVICES: [0]
[I 2023-12-27 11:24:05,211] Trial 41 finished with value: 255.17730712890625 and parameters: {'gradient_clip_val': 0.25040677294061103, 'hidden_size': 7, 'dropout': 0.1904831358926946, 'hidden_continuous_size': 6, 'attention_head_size': 2, 'learning_rate': 0.002117560052609972}. Best is trial 0 with value: 111.225830078125.
LOCAL_RANK: 0 - CUDA_VISIBLE_DEVICES: [0]
[I 2023-12-27 11:24:05,649] Trial 42 finished with value: 194.28289794921875 and parameters: {'gradient_clip_val': 0.26323338191222756, 'hidden_size': 8, 'dropout': 0.2193883326321193, 'hidden_continuous_size': 6, 'attention_head_size': 2, 'learning_rate': 0.0018484729607100632}. Best is trial 0 with value: 111.225830078125.
LOCAL_RANK: 0 - CUDA_VISIBLE_DEVICES: [0]
[I 2023-12-27 11:24:06,091] Trial 43 finished with value: 242.2902374267578 and parameters: {'gradient_clip_val': 0.4511049816317065, 'hidden_size': 6, 'dropout': 0.21688949289242915, 'hidden_continuous_size': 5, 'attention_head_size': 2, 'learning_rate': 0.0028632046022758055}. Best is trial 0 with value: 111.225830078125.
LOCAL_RANK: 0 - CUDA_VISIBLE_DEVICES: [0]
[I 2023-12-27 11:24:06,531] Trial 44 finished with value: 284.8092956542969 and parameters: {'gradient_clip_val': 0.3599612855497131, 'hidden_size': 5, 'dropout': 0.23079146777247195, 'hidden_continuous_size': 5, 'attention_head_size': 1, 'learning_rate': 0.001208166744490229}. Best is trial 0 with value: 111.225830078125.
LOCAL_RANK: 0 - CUDA_VISIBLE_DEVICES: [0]
[I 2023-12-27 11:24:07,027] Trial 45 finished with value: 224.27342224121094 and parameters: {'gradient_clip_val': 0.28699535946663873, 'hidden_size': 10, 'dropout': 0.26049743534177944, 'hidden_continuous_size': 7, 'attention_head_size': 2, 'learning_rate': 0.0017306803626895315}. Best is trial 0 with value: 111.225830078125.
LOCAL_RANK: 0 - CUDA_VISIBLE_DEVICES: [0]
[I 2023-12-27 11:24:07,478] Trial 46 finished with value: 284.83135986328125 and parameters: {'gradient_clip_val': 0.19999636498942963, 'hidden_size': 8, 'dropout': 0.17345092671206533, 'hidden_continuous_size': 6, 'attention_head_size': 3, 'learning_rate': 0.000966037220377555}. Best is trial 0 with value: 111.225830078125.
LOCAL_RANK: 0 - CUDA_VISIBLE_DEVICES: [0]
[I 2023-12-27 11:24:07,921] Trial 47 finished with value: 215.44940185546875 and parameters: {'gradient_clip_val': 0.23498856589360967, 'hidden_size': 12, 'dropout': 0.4905363758018516, 'hidden_continuous_size': 9, 'attention_head_size': 1, 'learning_rate': 0.0018028622027534541}. Best is trial 0 with value: 111.225830078125.
LOCAL_RANK: 0 - CUDA_VISIBLE_DEVICES: [0]
[I 2023-12-27 11:24:08,366] Trial 48 finished with value: 329.3491516113281 and parameters: {'gradient_clip_val': 0.3180097056127848, 'hidden_size': 16, 'dropout': 0.19961805721728976, 'hidden_continuous_size': 10, 'attention_head_size': 2, 'learning_rate': 0.0034320390025866006}. Best is trial 0 with value: 111.225830078125.
LOCAL_RANK: 0 - CUDA_VISIBLE_DEVICES: [0]
[I 2023-12-27 11:24:09,110] Trial 49 finished with value: 283.1195373535156 and parameters: {'gradient_clip_val': 0.26764880590263657, 'hidden_size': 14, 'dropout': 0.28238533890762435, 'hidden_continuous_size': 7, 'attention_head_size': 3, 'learning_rate': 0.001280283322582914}. Best is trial 0 with value: 111.225830078125.
[I 2023-12-27 11:24:09,245] A new study created in memory with name: no-name-4e3dbee5-62e3-43e8-b814-e28a2bf8f7a0
/home/le004/conda/anaconda3/envs/tsff_env/lib/python3.9/site-packages/lightning/fabric/plugins/environments/slurm.py:191: The `srun` command is available on your system but is not used. HINT: If your intention is to run Lightning on SLURM, prepend your python command with `srun` like so: srun python /home/le004/master_thesis/git/TSFusionForecast/code/ ...
LOCAL_RANK: 0 - CUDA_VISIBLE_DEVICES: [0]
[I 2023-12-27 11:24:34,989] Trial 0 finished with value: 1091.5260009765625 and parameters: {'gradient_clip_val': 0.952701736651777, 'hidden_size': 67, 'dropout': 0.3799089319329234, 'hidden_continuous_size': 5, 'attention_head_size': 1, 'learning_rate': 0.009369748347078186}. Best is trial 0 with value: 1091.5260009765625.
LOCAL_RANK: 0 - CUDA_VISIBLE_DEVICES: [0]
[I 2023-12-27 11:24:35,488] Trial 1 finished with value: 4818.85498046875 and parameters: {'gradient_clip_val': 0.27466056366935027, 'hidden_size': 80, 'dropout': 0.12487655582496365, 'hidden_continuous_size': 5, 'attention_head_size': 2, 'learning_rate': 0.004336062642134834}. Best is trial 0 with value: 1091.5260009765625.
LOCAL_RANK: 0 - CUDA_VISIBLE_DEVICES: [0]
[I 2023-12-27 11:24:35,940] Trial 2 finished with value: 5879.03515625 and parameters: {'gradient_clip_val': 0.6898775909007692, 'hidden_size': 15, 'dropout': 0.26488890369141865, 'hidden_continuous_size': 5, 'attention_head_size': 4, 'learning_rate': 0.05497663215306864}. Best is trial 0 with value: 1091.5260009765625.
LOCAL_RANK: 0 - CUDA_VISIBLE_DEVICES: [0]
[I 2023-12-27 11:24:36,357] Trial 3 finished with value: 5135.00244140625 and parameters: {'gradient_clip_val': 0.36268293926498074, 'hidden_size': 8, 'dropout': 0.4773556764720799, 'hidden_continuous_size': 7, 'attention_head_size': 1, 'learning_rate': 0.008455693994631983}. Best is trial 0 with value: 1091.5260009765625.
LOCAL_RANK: 0 - CUDA_VISIBLE_DEVICES: [0]
[I 2023-12-27 11:24:36,863] Trial 4 finished with value: 5848.83349609375 and parameters: {'gradient_clip_val': 0.29503439647226437, 'hidden_size': 117, 'dropout': 0.1685743919806233, 'hidden_continuous_size': 77, 'attention_head_size': 1, 'learning_rate': 0.032513524988499645}. Best is trial 0 with value: 1091.5260009765625.
LOCAL_RANK: 0 - CUDA_VISIBLE_DEVICES: [0]
[I 2023-12-27 11:24:37,291] Trial 5 finished with value: 7233.99658203125 and parameters: {'gradient_clip_val': 0.2865370488046509, 'hidden_size': 18, 'dropout': 0.2687866206840928, 'hidden_continuous_size': 9, 'attention_head_size': 1, 'learning_rate': 0.06669436517377453}. Best is trial 0 with value: 1091.5260009765625.
LOCAL_RANK: 0 - CUDA_VISIBLE_DEVICES: [0]
[I 2023-12-27 11:24:37,740] Trial 6 finished with value: 6998.48291015625 and parameters: {'gradient_clip_val': 0.2560800090109058, 'hidden_size': 19, 'dropout': 0.1304478135417055, 'hidden_continuous_size': 14, 'attention_head_size': 4, 'learning_rate': 0.0005526998141346577}. Best is trial 0 with value: 1091.5260009765625.
LOCAL_RANK: 0 - CUDA_VISIBLE_DEVICES: [0]
[I 2023-12-27 11:24:38,282] Trial 7 finished with value: 6873.93359375 and parameters: {'gradient_clip_val': 0.5351588915463507, 'hidden_size': 65, 'dropout': 0.2512947608507693, 'hidden_continuous_size': 41, 'attention_head_size': 1, 'learning_rate': 0.06849263412303812}. Best is trial 0 with value: 1091.5260009765625.
LOCAL_RANK: 0 - CUDA_VISIBLE_DEVICES: [0]
[I 2023-12-27 11:24:38,670] Trial 8 finished with value: 4830.5849609375 and parameters: {'gradient_clip_val': 0.19758749941370593, 'hidden_size': 6, 'dropout': 0.40740548134038, 'hidden_continuous_size': 6, 'attention_head_size': 4, 'learning_rate': 0.0009913089196966446}. Best is trial 0 with value: 1091.5260009765625.
LOCAL_RANK: 0 - CUDA_VISIBLE_DEVICES: [0]
[I 2023-12-27 11:24:39,046] Trial 9 finished with value: 5534.74462890625 and parameters: {'gradient_clip_val': 0.36524435721292814, 'hidden_size': 8, 'dropout': 0.10674360067474256, 'hidden_continuous_size': 8, 'attention_head_size': 1, 'learning_rate': 0.0008770845201948819}. Best is trial 0 with value: 1091.5260009765625.
LOCAL_RANK: 0 - CUDA_VISIBLE_DEVICES: [0]
[I 2023-12-27 11:24:39,822] Trial 10 finished with value: 6102.43408203125 and parameters: {'gradient_clip_val': 0.9353441580879795, 'hidden_size': 45, 'dropout': 0.3665306356617898, 'hidden_continuous_size': 12, 'attention_head_size': 3, 'learning_rate': 0.013693539393433825}. Best is trial 0 with value: 1091.5260009765625.
LOCAL_RANK: 0 - CUDA_VISIBLE_DEVICES: [0]
[I 2023-12-27 11:24:40,360] Trial 11 finished with value: 5094.43310546875 and parameters: {'gradient_clip_val': 0.1248083219159322, 'hidden_size': 129, 'dropout': 0.3344926796793797, 'hidden_continuous_size': 19, 'attention_head_size': 2, 'learning_rate': 0.003373779449390014}. Best is trial 0 with value: 1091.5260009765625.
LOCAL_RANK: 0 - CUDA_VISIBLE_DEVICES: [0]
[I 2023-12-27 11:24:40,853] Trial 12 finished with value: 5552.17578125 and parameters: {'gradient_clip_val': 0.9283613680819025, 'hidden_size': 53, 'dropout': 0.19572298140789418, 'hidden_continuous_size': 5, 'attention_head_size': 2, 'learning_rate': 0.003678336496691196}. Best is trial 0 with value: 1091.5260009765625.
LOCAL_RANK: 0 - CUDA_VISIBLE_DEVICES: [0]
[I 2023-12-27 11:24:41,364] Trial 13 finished with value: 6097.89697265625 and parameters: {'gradient_clip_val': 0.5340129843841729, 'hidden_size': 81, 'dropout': 0.33372264852565753, 'hidden_continuous_size': 5, 'attention_head_size': 2, 'learning_rate': 0.02024286074696163}. Best is trial 0 with value: 1091.5260009765625.
LOCAL_RANK: 0 - CUDA_VISIBLE_DEVICES: [0]
[I 2023-12-27 11:24:41,871] Trial 14 finished with value: 4823.89599609375 and parameters: {'gradient_clip_val': 0.5206428996485812, 'hidden_size': 37, 'dropout': 0.2103177889152854, 'hidden_continuous_size': 7, 'attention_head_size': 3, 'learning_rate': 0.004880100882673089}. Best is trial 0 with value: 1091.5260009765625.
LOCAL_RANK: 0 - CUDA_VISIBLE_DEVICES: [0]
[I 2023-12-27 11:24:42,348] Trial 15 finished with value: 5631.77294921875 and parameters: {'gradient_clip_val': 0.1742553066319672, 'hidden_size': 80, 'dropout': 0.13939718722661557, 'hidden_continuous_size': 10, 'attention_head_size': 2, 'learning_rate': 0.008144181835353306}. Best is trial 0 with value: 1091.5260009765625.
LOCAL_RANK: 0 - CUDA_VISIBLE_DEVICES: [0]
[I 2023-12-27 11:24:42,845] Trial 16 finished with value: 4956.734375 and parameters: {'gradient_clip_val': 0.40623009225784695, 'hidden_size': 35, 'dropout': 0.210292589648033, 'hidden_continuous_size': 6, 'attention_head_size': 3, 'learning_rate': 0.0022373932736401104}. Best is trial 0 with value: 1091.5260009765625.
LOCAL_RANK: 0 - CUDA_VISIBLE_DEVICES: [0]
[I 2023-12-27 11:24:43,349] Trial 17 finished with value: 6234.22119140625 and parameters: {'gradient_clip_val': 0.7047374818538313, 'hidden_size': 136, 'dropout': 0.10240212792933127, 'hidden_continuous_size': 18, 'attention_head_size': 2, 'learning_rate': 0.013274692486878835}. Best is trial 0 with value: 1091.5260009765625.
LOCAL_RANK: 0 - CUDA_VISIBLE_DEVICES: [0]
[I 2023-12-27 11:24:43,827] Trial 18 finished with value: 5520.91064453125 and parameters: {'gradient_clip_val': 0.2121996437949582, 'hidden_size': 87, 'dropout': 0.4061782608471121, 'hidden_continuous_size': 11, 'attention_head_size': 1, 'learning_rate': 0.0020831554384244232}. Best is trial 0 with value: 1091.5260009765625.
LOCAL_RANK: 0 - CUDA_VISIBLE_DEVICES: [0]
[I 2023-12-27 11:24:44,308] Trial 19 finished with value: 4195.22900390625 and parameters: {'gradient_clip_val': 0.4107495354459456, 'hidden_size': 56, 'dropout': 0.30158631748460013, 'hidden_continuous_size': 9, 'attention_head_size': 2, 'learning_rate': 0.006560070227444884}. Best is trial 0 with value: 1091.5260009765625.
LOCAL_RANK: 0 - CUDA_VISIBLE_DEVICES: [0]
[I 2023-12-27 11:24:44,787] Trial 20 finished with value: 6444.55615234375 and parameters: {'gradient_clip_val': 0.7620668271406775, 'hidden_size': 29, 'dropout': 0.30631350568208937, 'hidden_continuous_size': 8, 'attention_head_size': 3, 'learning_rate': 0.024111987431664525}. Best is trial 0 with value: 1091.5260009765625.
LOCAL_RANK: 0 - CUDA_VISIBLE_DEVICES: [0]
[I 2023-12-27 11:24:45,237] Trial 21 finished with value: 5999.50634765625 and parameters: {'gradient_clip_val': 0.41681149679646545, 'hidden_size': 53, 'dropout': 0.23748205642964032, 'hidden_continuous_size': 5, 'attention_head_size': 2, 'learning_rate': 0.00602155769485624}. Best is trial 0 with value: 1091.5260009765625.
LOCAL_RANK: 0 - CUDA_VISIBLE_DEVICES: [0]
[I 2023-12-27 11:24:45,699] Trial 22 finished with value: 5664.42822265625 and parameters: {'gradient_clip_val': 0.2609676016676142, 'hidden_size': 60, 'dropout': 0.2907193251016538, 'hidden_continuous_size': 6, 'attention_head_size': 2, 'learning_rate': 0.010859389069995094}. Best is trial 0 with value: 1091.5260009765625.
LOCAL_RANK: 0 - CUDA_VISIBLE_DEVICES: [0]
[I 2023-12-27 11:24:46,458] Trial 23 finished with value: 5934.45947265625 and parameters: {'gradient_clip_val': 0.4859223212512776, 'hidden_size': 89, 'dropout': 0.17898049894243578, 'hidden_continuous_size': 9, 'attention_head_size': 2, 'learning_rate': 0.0072749642815152045}. Best is trial 0 with value: 1091.5260009765625.
LOCAL_RANK: 0 - CUDA_VISIBLE_DEVICES: [0]
[I 2023-12-27 11:24:46,954] Trial 24 finished with value: 4525.57958984375 and parameters: {'gradient_clip_val': 0.31389311339515386, 'hidden_size': 45, 'dropout': 0.2357036058563447, 'hidden_continuous_size': 7, 'attention_head_size': 1, 'learning_rate': 0.004870018388386963}. Best is trial 0 with value: 1091.5260009765625.
LOCAL_RANK: 0 - CUDA_VISIBLE_DEVICES: [0]
[I 2023-12-27 11:24:47,433] Trial 25 finished with value: 4183.21337890625 and parameters: {'gradient_clip_val': 0.6120323230041996, 'hidden_size': 43, 'dropout': 0.22851601152370896, 'hidden_continuous_size': 7, 'attention_head_size': 1, 'learning_rate': 0.006779024793607828}. Best is trial 0 with value: 1091.5260009765625.
LOCAL_RANK: 0 - CUDA_VISIBLE_DEVICES: [0]
[I 2023-12-27 11:24:47,874] Trial 26 finished with value: 6439.93896484375 and parameters: {'gradient_clip_val': 0.6083677921907016, 'hidden_size': 27, 'dropout': 0.30725079071187367, 'hidden_continuous_size': 6, 'attention_head_size': 1, 'learning_rate': 0.010631189722200434}. Best is trial 0 with value: 1091.5260009765625.
LOCAL_RANK: 0 - CUDA_VISIBLE_DEVICES: [0]
[I 2023-12-27 11:24:48,340] Trial 27 finished with value: 3724.996826171875 and parameters: {'gradient_clip_val': 0.9928851393154445, 'hidden_size': 40, 'dropout': 0.28156384005167395, 'hidden_continuous_size': 7, 'attention_head_size': 1, 'learning_rate': 0.017130247981623128}. Best is trial 0 with value: 1091.5260009765625.
LOCAL_RANK: 0 - CUDA_VISIBLE_DEVICES: [0]
[I 2023-12-27 11:24:48,810] Trial 28 finished with value: 4732.02734375 and parameters: {'gradient_clip_val': 0.9324530007810219, 'hidden_size': 38, 'dropout': 0.2697297041113356, 'hidden_continuous_size': 6, 'attention_head_size': 1, 'learning_rate': 0.019740194724698915}. Best is trial 0 with value: 1091.5260009765625.
LOCAL_RANK: 0 - CUDA_VISIBLE_DEVICES: [0]
[I 2023-12-27 11:24:49,253] Trial 29 finished with value: 6037.20947265625 and parameters: {'gradient_clip_val': 0.804968881340679, 'hidden_size': 67, 'dropout': 0.22288318022050363, 'hidden_continuous_size': 12, 'attention_head_size': 1, 'learning_rate': 0.014604857422900639}. Best is trial 0 with value: 1091.5260009765625.
LOCAL_RANK: 0 - CUDA_VISIBLE_DEVICES: [0]
[I 2023-12-27 11:24:49,718] Trial 30 finished with value: 8446.7548828125 and parameters: {'gradient_clip_val': 0.8299812919409283, 'hidden_size': 31, 'dropout': 0.16199139654244593, 'hidden_continuous_size': 5, 'attention_head_size': 1, 'learning_rate': 0.032169417323551656}. Best is trial 0 with value: 1091.5260009765625.
LOCAL_RANK: 0 - CUDA_VISIBLE_DEVICES: [0]
[I 2023-12-27 11:24:50,186] Trial 31 finished with value: 6430.87744140625 and parameters: {'gradient_clip_val': 0.9928199345475963, 'hidden_size': 44, 'dropout': 0.28818659871957714, 'hidden_continuous_size': 8, 'attention_head_size': 1, 'learning_rate': 0.007027190672880974}. Best is trial 0 with value: 1091.5260009765625.
LOCAL_RANK: 0 - CUDA_VISIBLE_DEVICES: [0]
[I 2023-12-27 11:24:50,653] Trial 32 finished with value: 6723.45361328125 and parameters: {'gradient_clip_val': 0.6398462041465592, 'hidden_size': 24, 'dropout': 0.2525069644012924, 'hidden_continuous_size': 7, 'attention_head_size': 1, 'learning_rate': 0.009568373153765073}. Best is trial 0 with value: 1091.5260009765625.
LOCAL_RANK: 0 - CUDA_VISIBLE_DEVICES: [0]
[I 2023-12-27 11:24:51,133] Trial 33 finished with value: 5066.92333984375 and parameters: {'gradient_clip_val': 0.6709420599406865, 'hidden_size': 58, 'dropout': 0.33218862743506206, 'hidden_continuous_size': 10, 'attention_head_size': 2, 'learning_rate': 0.0064031003366736014}. Best is trial 0 with value: 1091.5260009765625.
LOCAL_RANK: 0 - CUDA_VISIBLE_DEVICES: [0]
