[I 2023-12-27 11:12:20,481] Trial 16 finished with value: 21.56559944152832 and parameters: {'gradient_clip_val': 0.45019583498625243, 'hidden_size': 21, 'dropout': 0.1991128097337962, 'hidden_continuous_size': 9, 'attention_head_size': 4, 'learning_rate': 0.016947373140605737}. Best is trial 0 with value: 5.91419792175293.
[I 2023-12-27 11:12:20,872] Trial 17 finished with value: 19.189823150634766 and parameters: {'gradient_clip_val': 0.16765596897907947, 'hidden_size': 30, 'dropout': 0.1748224440642014, 'hidden_continuous_size': 14, 'attention_head_size': 1, 'learning_rate': 0.0009434178569005538}. Best is trial 0 with value: 5.91419792175293.
[I 2023-12-27 11:12:21,245] Trial 18 finished with value: 26.22440528869629 and parameters: {'gradient_clip_val': 0.16050842539498233, 'hidden_size': 32, 'dropout': 0.2381487959457552, 'hidden_continuous_size': 24, 'attention_head_size': 1, 'learning_rate': 0.002511589716469831}. Best is trial 0 with value: 5.91419792175293.
[I 2023-12-27 11:12:21,646] Trial 19 finished with value: 22.613798141479492 and parameters: {'gradient_clip_val': 0.10517218636297344, 'hidden_size': 30, 'dropout': 0.16671884067019244, 'hidden_continuous_size': 27, 'attention_head_size': 1, 'learning_rate': 0.0009162531780508469}. Best is trial 0 with value: 5.91419792175293.
[I 2023-12-27 11:12:22,018] Trial 20 finished with value: 23.13104820251465 and parameters: {'gradient_clip_val': 0.15800944802330766, 'hidden_size': 14, 'dropout': 0.2895618979804435, 'hidden_continuous_size': 10, 'attention_head_size': 1, 'learning_rate': 0.0010271632002258838}. Best is trial 0 with value: 5.91419792175293.
[I 2023-12-27 11:12:22,401] Trial 21 finished with value: 22.500905990600586 and parameters: {'gradient_clip_val': 0.35551208295629966, 'hidden_size': 22, 'dropout': 0.17296031675838835, 'hidden_continuous_size': 12, 'attention_head_size': 2, 'learning_rate': 0.0005010253962894153}. Best is trial 0 with value: 5.91419792175293.
[I 2023-12-27 11:12:22,765] Trial 22 finished with value: 20.53093147277832 and parameters: {'gradient_clip_val': 0.2082191859595942, 'hidden_size': 32, 'dropout': 0.2181502334209608, 'hidden_continuous_size': 8, 'attention_head_size': 2, 'learning_rate': 0.0009425520130497033}. Best is trial 0 with value: 5.91419792175293.
[I 2023-12-27 11:12:23,124] Trial 23 finished with value: 22.09478187561035 and parameters: {'gradient_clip_val': 0.28176107225686603, 'hidden_size': 9, 'dropout': 0.15824725464269107, 'hidden_continuous_size': 6, 'attention_head_size': 1, 'learning_rate': 0.002006630326393148}. Best is trial 0 with value: 5.91419792175293.
[I 2023-12-27 11:12:23,715] Trial 24 finished with value: 16.9970760345459 and parameters: {'gradient_clip_val': 0.1851392787147795, 'hidden_size': 20, 'dropout': 0.11491034573346842, 'hidden_continuous_size': 7, 'attention_head_size': 2, 'learning_rate': 0.00100988607090287}. Best is trial 0 with value: 5.91419792175293.
[I 2023-12-27 11:12:24,087] Trial 25 finished with value: 28.49213981628418 and parameters: {'gradient_clip_val': 0.1294281928297487, 'hidden_size': 18, 'dropout': 0.10949230655328415, 'hidden_continuous_size': 7, 'attention_head_size': 1, 'learning_rate': 0.0020450581780634166}. Best is trial 0 with value: 5.91419792175293.
[I 2023-12-27 11:12:24,491] Trial 26 finished with value: 18.149263381958008 and parameters: {'gradient_clip_val': 0.1750924727622147, 'hidden_size': 37, 'dropout': 0.13221574928889626, 'hidden_continuous_size': 13, 'attention_head_size': 2, 'learning_rate': 0.0009771680940641918}. Best is trial 0 with value: 5.91419792175293.
[I 2023-12-27 11:12:24,934] Trial 27 finished with value: 28.006370544433594 and parameters: {'gradient_clip_val': 0.19014957909750263, 'hidden_size': 60, 'dropout': 0.1292417656215261, 'hidden_continuous_size': 13, 'attention_head_size': 2, 'learning_rate': 0.0037487604610425256}. Best is trial 0 with value: 5.91419792175293.
[I 2023-12-27 11:12:25,301] Trial 28 finished with value: 25.694799423217773 and parameters: {'gradient_clip_val': 0.23829480144406115, 'hidden_size': 22, 'dropout': 0.12855224628656226, 'hidden_continuous_size': 10, 'attention_head_size': 2, 'learning_rate': 0.0019665097671161397}. Best is trial 0 with value: 5.91419792175293.
[I 2023-12-27 11:12:25,691] Trial 29 finished with value: 22.36222267150879 and parameters: {'gradient_clip_val': 0.12582074309863722, 'hidden_size': 38, 'dropout': 0.16477280657167193, 'hidden_continuous_size': 12, 'attention_head_size': 2, 'learning_rate': 0.0008834028176257829}. Best is trial 0 with value: 5.91419792175293.
[I 2023-12-27 11:12:26,091] Trial 30 finished with value: 26.65794563293457 and parameters: {'gradient_clip_val': 0.1862648546665741, 'hidden_size': 26, 'dropout': 0.12544965534109656, 'hidden_continuous_size': 9, 'attention_head_size': 2, 'learning_rate': 0.0012303082406087368}. Best is trial 0 with value: 5.91419792175293.
[I 2023-12-27 11:12:26,475] Trial 31 finished with value: 24.546274185180664 and parameters: {'gradient_clip_val': 0.1644066321330348, 'hidden_size': 34, 'dropout': 0.17883860163645995, 'hidden_continuous_size': 15, 'attention_head_size': 1, 'learning_rate': 0.000843564046278703}. Best is trial 0 with value: 5.91419792175293.
[I 2023-12-27 11:12:26,871] Trial 32 finished with value: 27.062484741210938 and parameters: {'gradient_clip_val': 0.16970383552245538, 'hidden_size': 26, 'dropout': 0.14068535750872146, 'hidden_continuous_size': 14, 'attention_head_size': 1, 'learning_rate': 0.000812374114360011}. Best is trial 0 with value: 5.91419792175293.
[I 2023-12-27 11:12:27,273] Trial 33 finished with value: 28.973764419555664 and parameters: {'gradient_clip_val': 0.14820455673621924, 'hidden_size': 54, 'dropout': 0.15264850477228448, 'hidden_continuous_size': 11, 'attention_head_size': 1, 'learning_rate': 0.0012010243803403664}. Best is trial 0 with value: 5.91419792175293.
[I 2023-12-27 11:12:27,684] Trial 34 finished with value: 28.201217651367188 and parameters: {'gradient_clip_val': 0.18381339637437175, 'hidden_size': 42, 'dropout': 0.1023950795547592, 'hidden_continuous_size': 22, 'attention_head_size': 2, 'learning_rate': 0.0006864381543570543}. Best is trial 0 with value: 5.91419792175293.
[I 2023-12-27 11:12:28,074] Trial 35 finished with value: 22.272445678710938 and parameters: {'gradient_clip_val': 0.1263588344420129, 'hidden_size': 35, 'dropout': 0.12658128874336977, 'hidden_continuous_size': 13, 'attention_head_size': 1, 'learning_rate': 0.0011310935673524228}. Best is trial 0 with value: 5.91419792175293.
[I 2023-12-27 11:12:28,460] Trial 36 finished with value: 25.56302833557129 and parameters: {'gradient_clip_val': 0.14084047594842428, 'hidden_size': 29, 'dropout': 0.20731853004554085, 'hidden_continuous_size': 18, 'attention_head_size': 2, 'learning_rate': 0.0005127445628889256}. Best is trial 0 with value: 5.91419792175293.
[I 2023-12-27 11:12:28,865] Trial 37 finished with value: 22.233795166015625 and parameters: {'gradient_clip_val': 0.2332048041583002, 'hidden_size': 53, 'dropout': 0.15049726274620306, 'hidden_continuous_size': 17, 'attention_head_size': 1, 'learning_rate': 0.0017580973497886327}. Best is trial 0 with value: 5.91419792175293.
[I 2023-12-27 11:12:29,514] Trial 38 finished with value: 27.16547966003418 and parameters: {'gradient_clip_val': 0.18155727633488605, 'hidden_size': 67, 'dropout': 0.18327002866551895, 'hidden_continuous_size': 32, 'attention_head_size': 3, 'learning_rate': 0.0007077257980503119}. Best is trial 0 with value: 5.91419792175293.
[I 2023-12-27 11:12:29,925] Trial 39 finished with value: 24.513986587524414 and parameters: {'gradient_clip_val': 0.20938381056705152, 'hidden_size': 46, 'dropout': 0.15447849707324, 'hidden_continuous_size': 19, 'attention_head_size': 2, 'learning_rate': 0.00392159900864281}. Best is trial 0 with value: 5.91419792175293.
[I 2023-12-27 11:12:30,321] Trial 40 finished with value: 25.144338607788086 and parameters: {'gradient_clip_val': 0.28997148015601326, 'hidden_size': 39, 'dropout': 0.21861854403721975, 'hidden_continuous_size': 14, 'attention_head_size': 3, 'learning_rate': 0.0024801685616624206}. Best is trial 0 with value: 5.91419792175293.
[I 2023-12-27 11:12:30,689] Trial 41 finished with value: 19.4095401763916 and parameters: {'gradient_clip_val': 0.3335175640701147, 'hidden_size': 12, 'dropout': 0.12757460515765506, 'hidden_continuous_size': 7, 'attention_head_size': 3, 'learning_rate': 0.0010553965212901373}. Best is trial 0 with value: 5.91419792175293.
[I 2023-12-27 11:12:31,055] Trial 42 finished with value: 27.986478805541992 and parameters: {'gradient_clip_val': 0.3083059918368264, 'hidden_size': 11, 'dropout': 0.121690015805225, 'hidden_continuous_size': 7, 'attention_head_size': 3, 'learning_rate': 0.0011056162882357675}. Best is trial 0 with value: 5.91419792175293.
[I 2023-12-27 11:12:31,422] Trial 43 finished with value: 21.64510154724121 and parameters: {'gradient_clip_val': 0.24466257926903023, 'hidden_size': 7, 'dropout': 0.14295382636539428, 'hidden_continuous_size': 6, 'attention_head_size': 3, 'learning_rate': 0.0014402218459225343}. Best is trial 0 with value: 5.91419792175293.
[I 2023-12-27 11:12:31,817] Trial 44 finished with value: 25.018831253051758 and parameters: {'gradient_clip_val': 0.3232652642781933, 'hidden_size': 25, 'dropout': 0.17688230604102154, 'hidden_continuous_size': 16, 'attention_head_size': 4, 'learning_rate': 0.0007066998965106412}. Best is trial 0 with value: 5.91419792175293.
[I 2023-12-27 11:12:32,216] Trial 45 finished with value: 21.725629806518555 and parameters: {'gradient_clip_val': 0.2536600960784612, 'hidden_size': 15, 'dropout': 0.11766221432062869, 'hidden_continuous_size': 7, 'attention_head_size': 3, 'learning_rate': 0.0016253092186653577}. Best is trial 0 with value: 5.91419792175293.
[I 2023-12-27 11:12:32,631] Trial 46 finished with value: 25.256826400756836 and parameters: {'gradient_clip_val': 0.1447614724266061, 'hidden_size': 12, 'dropout': 0.13950131629464735, 'hidden_continuous_size': 8, 'attention_head_size': 2, 'learning_rate': 0.0010723397991011076}. Best is trial 0 with value: 5.91419792175293.
[I 2023-12-27 11:12:33,013] Trial 47 finished with value: 34.239479064941406 and parameters: {'gradient_clip_val': 0.36080929713305415, 'hidden_size': 17, 'dropout': 0.11155749676094845, 'hidden_continuous_size': 10, 'attention_head_size': 3, 'learning_rate': 0.0007762114383899337}. Best is trial 0 with value: 5.91419792175293.
[I 2023-12-27 11:12:33,386] Trial 48 finished with value: 20.3685245513916 and parameters: {'gradient_clip_val': 0.2714774635091912, 'hidden_size': 20, 'dropout': 0.19483294175886356, 'hidden_continuous_size': 11, 'attention_head_size': 2, 'learning_rate': 0.0013935567070953608}. Best is trial 0 with value: 5.91419792175293.
[I 2023-12-27 11:12:33,757] Trial 49 finished with value: 26.33673095703125 and parameters: {'gradient_clip_val': 0.22118915569699765, 'hidden_size': 15, 'dropout': 0.10022129802370233, 'hidden_continuous_size': 9, 'attention_head_size': 1, 'learning_rate': 0.0006146890944347831}. Best is trial 0 with value: 5.91419792175293.
[I 2023-12-27 11:12:33,866] A new study created in memory with name: no-name-ab873a65-ca5b-4fb0-bd5c-65b27b8d3bc8
/home/le004/conda/anaconda3/envs/tsff_env/lib/python3.9/site-packages/lightning/fabric/plugins/environments/slurm.py:191: The `srun` command is available on your system but is not used. HINT: If your intention is to run Lightning on SLURM, prepend your python command with `srun` like so: srun python /home/le004/master_thesis/git/TSFusionForecast/code/ ...
[I 2023-12-27 11:12:58,565] Trial 0 finished with value: 17.71793556213379 and parameters: {'gradient_clip_val': 0.7484634015274183, 'hidden_size': 111, 'dropout': 0.1281405235719885, 'hidden_continuous_size': 26, 'attention_head_size': 1, 'learning_rate': 0.0035410855725401674}. Best is trial 0 with value: 17.71793556213379.
[I 2023-12-27 11:12:58,909] Trial 1 finished with value: 47.125431060791016 and parameters: {'gradient_clip_val': 0.17355289283839487, 'hidden_size': 18, 'dropout': 0.10508482878323147, 'hidden_continuous_size': 12, 'attention_head_size': 1, 'learning_rate': 0.006705579511276169}. Best is trial 0 with value: 17.71793556213379.
[I 2023-12-27 11:12:59,265] Trial 2 finished with value: 54.27353286743164 and parameters: {'gradient_clip_val': 0.14353800870030362, 'hidden_size': 10, 'dropout': 0.45595282944748794, 'hidden_continuous_size': 6, 'attention_head_size': 4, 'learning_rate': 0.06882077748442204}. Best is trial 0 with value: 17.71793556213379.
[I 2023-12-27 11:12:59,607] Trial 3 finished with value: 57.06264877319336 and parameters: {'gradient_clip_val': 0.3723274245197672, 'hidden_size': 14, 'dropout': 0.47008227024385796, 'hidden_continuous_size': 5, 'attention_head_size': 2, 'learning_rate': 0.014509476262619038}. Best is trial 0 with value: 17.71793556213379.
[I 2023-12-27 11:12:59,961] Trial 4 finished with value: 61.81894302368164 and parameters: {'gradient_clip_val': 0.2579391859993616, 'hidden_size': 22, 'dropout': 0.3102490608505927, 'hidden_continuous_size': 7, 'attention_head_size': 3, 'learning_rate': 0.053159185630859515}. Best is trial 0 with value: 17.71793556213379.
[I 2023-12-27 11:13:00,471] Trial 5 finished with value: 54.0310173034668 and parameters: {'gradient_clip_val': 0.1368031748115221, 'hidden_size': 130, 'dropout': 0.2618921061428112, 'hidden_continuous_size': 22, 'attention_head_size': 2, 'learning_rate': 0.00075996237977883}. Best is trial 0 with value: 17.71793556213379.
[I 2023-12-27 11:13:00,857] Trial 6 finished with value: 35.64057540893555 and parameters: {'gradient_clip_val': 0.13093400618201223, 'hidden_size': 42, 'dropout': 0.42817206426491194, 'hidden_continuous_size': 15, 'attention_head_size': 2, 'learning_rate': 0.010416275459214003}. Best is trial 0 with value: 17.71793556213379.
[I 2023-12-27 11:13:01,285] Trial 7 finished with value: 63.5883674621582 and parameters: {'gradient_clip_val': 0.5651830112819205, 'hidden_size': 59, 'dropout': 0.1892318310613555, 'hidden_continuous_size': 22, 'attention_head_size': 4, 'learning_rate': 0.06343044478393912}. Best is trial 0 with value: 17.71793556213379.
[I 2023-12-27 11:13:01,746] Trial 8 finished with value: 70.39527893066406 and parameters: {'gradient_clip_val': 0.2099582217262983, 'hidden_size': 76, 'dropout': 0.27877165505533597, 'hidden_continuous_size': 57, 'attention_head_size': 2, 'learning_rate': 0.0005378920933170966}. Best is trial 0 with value: 17.71793556213379.
[I 2023-12-27 11:13:02,093] Trial 9 finished with value: 56.89615249633789 and parameters: {'gradient_clip_val': 0.4354317621715014, 'hidden_size': 10, 'dropout': 0.12258556451494527, 'hidden_continuous_size': 5, 'attention_head_size': 4, 'learning_rate': 0.005584743612728}. Best is trial 0 with value: 17.71793556213379.
[I 2023-12-27 11:13:02,755] Trial 10 finished with value: 32.67736053466797 and parameters: {'gradient_clip_val': 0.9659806100187857, 'hidden_size': 149, 'dropout': 0.1899662754762501, 'hidden_continuous_size': 132, 'attention_head_size': 1, 'learning_rate': 0.001944177745673764}. Best is trial 0 with value: 17.71793556213379.
[I 2023-12-27 11:13:03,334] Trial 11 finished with value: 56.89170837402344 and parameters: {'gradient_clip_val': 0.991886858284676, 'hidden_size': 136, 'dropout': 0.177605535300331, 'hidden_continuous_size': 136, 'attention_head_size': 1, 'learning_rate': 0.0019688681138605195}. Best is trial 0 with value: 17.71793556213379.
[I 2023-12-27 11:13:03,896] Trial 12 finished with value: 61.75840377807617 and parameters: {'gradient_clip_val': 0.999497788850687, 'hidden_size': 148, 'dropout': 0.18123201511243459, 'hidden_continuous_size': 48, 'attention_head_size': 1, 'learning_rate': 0.0022534994723426047}. Best is trial 0 with value: 17.71793556213379.
[I 2023-12-27 11:13:04,494] Trial 13 finished with value: 66.18083953857422 and parameters: {'gradient_clip_val': 0.6688630273021998, 'hidden_size': 39, 'dropout': 0.1350660494137224, 'hidden_continuous_size': 8, 'attention_head_size': 1, 'learning_rate': 0.002243021408180531}. Best is trial 0 with value: 17.71793556213379.
[I 2023-12-27 11:13:04,958] Trial 14 finished with value: 68.49401092529297 and parameters: {'gradient_clip_val': 0.6797631567188948, 'hidden_size': 79, 'dropout': 0.21698243194827932, 'hidden_continuous_size': 32, 'attention_head_size': 3, 'learning_rate': 0.0013198336136170169}. Best is trial 0 with value: 17.71793556213379.
[I 2023-12-27 11:13:05,464] Trial 15 finished with value: 40.72476577758789 and parameters: {'gradient_clip_val': 0.8049919468603024, 'hidden_size': 93, 'dropout': 0.10348037967495238, 'hidden_continuous_size': 84, 'attention_head_size': 1, 'learning_rate': 0.003576836695286769}. Best is trial 0 with value: 17.71793556213379.
[I 2023-12-27 11:13:05,851] Trial 16 finished with value: 60.78374099731445 and parameters: {'gradient_clip_val': 0.5062557887801881, 'hidden_size': 34, 'dropout': 0.23558857969692396, 'hidden_continuous_size': 11, 'attention_head_size': 1, 'learning_rate': 0.0009540608498814886}. Best is trial 0 with value: 17.71793556213379.
[I 2023-12-27 11:13:06,223] Trial 17 finished with value: 65.14566802978516 and parameters: {'gradient_clip_val': 0.3232643536119076, 'hidden_size': 6, 'dropout': 0.1604083383322732, 'hidden_continuous_size': 5, 'attention_head_size': 3, 'learning_rate': 0.003749229706879737}. Best is trial 0 with value: 17.71793556213379.
[I 2023-12-27 11:13:06,734] Trial 18 finished with value: 59.6344108581543 and parameters: {'gradient_clip_val': 0.7615234243853958, 'hidden_size': 95, 'dropout': 0.15151359940486514, 'hidden_continuous_size': 32, 'attention_head_size': 2, 'learning_rate': 0.0011722343918274586}. Best is trial 0 with value: 17.71793556213379.
[I 2023-12-27 11:13:07,142] Trial 19 finished with value: 45.47834777832031 and parameters: {'gradient_clip_val': 0.5490393823701643, 'hidden_size': 47, 'dropout': 0.22456832839399316, 'hidden_continuous_size': 17, 'attention_head_size': 1, 'learning_rate': 0.0005032420304990126}. Best is trial 0 with value: 17.71793556213379.
[I 2023-12-27 11:13:07,564] Trial 20 finished with value: 61.06327819824219 and parameters: {'gradient_clip_val': 0.4134561232259037, 'hidden_size': 64, 'dropout': 0.31462792275880314, 'hidden_continuous_size': 9, 'attention_head_size': 2, 'learning_rate': 0.0151344249626942}. Best is trial 0 with value: 17.71793556213379.
[I 2023-12-27 11:13:08,072] Trial 21 finished with value: 49.12126541137695 and parameters: {'gradient_clip_val': 0.10228495293738668, 'hidden_size': 106, 'dropout': 0.373391099048688, 'hidden_continuous_size': 15, 'attention_head_size': 2, 'learning_rate': 0.012101807912926575}. Best is trial 0 with value: 17.71793556213379.
[I 2023-12-27 11:13:08,484] Trial 22 finished with value: 69.72964477539062 and parameters: {'gradient_clip_val': 0.2755906567160753, 'hidden_size': 51, 'dropout': 0.4104711548508142, 'hidden_continuous_size': 15, 'attention_head_size': 1, 'learning_rate': 0.009559380057308402}. Best is trial 0 with value: 17.71793556213379.
[I 2023-12-27 11:13:08,874] Trial 23 finished with value: 77.3539047241211 and parameters: {'gradient_clip_val': 0.8641172111128949, 'hidden_size': 30, 'dropout': 0.4897490779974196, 'hidden_continuous_size': 10, 'attention_head_size': 2, 'learning_rate': 0.00480269581012273}. Best is trial 0 with value: 17.71793556213379.
[I 2023-12-27 11:13:09,381] Trial 24 finished with value: 62.37801742553711 and parameters: {'gradient_clip_val': 0.6107508802802126, 'hidden_size': 113, 'dropout': 0.3437389597930808, 'hidden_continuous_size': 33, 'attention_head_size': 1, 'learning_rate': 0.00320428123378559}. Best is trial 0 with value: 17.71793556213379.
[I 2023-12-27 11:13:09,816] Trial 25 finished with value: 44.41737747192383 and parameters: {'gradient_clip_val': 0.4932083704286841, 'hidden_size': 69, 'dropout': 0.14170597273507687, 'hidden_continuous_size': 13, 'attention_head_size': 3, 'learning_rate': 0.0080845994550412}. Best is trial 0 with value: 17.71793556213379.
[I 2023-12-27 11:13:10,240] Trial 26 finished with value: 45.872257232666016 and parameters: {'gradient_clip_val': 0.6969958465243489, 'hidden_size': 44, 'dropout': 0.19843675920966236, 'hidden_continuous_size': 18, 'attention_head_size': 2, 'learning_rate': 0.0014234638058399872}. Best is trial 0 with value: 17.71793556213379.
[I 2023-12-27 11:13:10,937] Trial 27 finished with value: 73.76232147216797 and parameters: {'gradient_clip_val': 0.8620108847010669, 'hidden_size': 92, 'dropout': 0.25434053796879896, 'hidden_continuous_size': 25, 'attention_head_size': 1, 'learning_rate': 0.022834838580855707}. Best is trial 0 with value: 17.71793556213379.
[I 2023-12-27 11:13:11,544] Trial 28 finished with value: 66.4892349243164 and parameters: {'gradient_clip_val': 0.33823322439042136, 'hidden_size': 145, 'dropout': 0.16102218135681945, 'hidden_continuous_size': 93, 'attention_head_size': 1, 'learning_rate': 0.004834959486895954}. Best is trial 0 with value: 17.71793556213379.
[I 2023-12-27 11:13:11,958] Trial 29 finished with value: 67.82511138916016 and parameters: {'gradient_clip_val': 0.21156024982597868, 'hidden_size': 54, 'dropout': 0.10808067999204225, 'hidden_continuous_size': 13, 'attention_head_size': 1, 'learning_rate': 0.005744576565370195}. Best is trial 0 with value: 17.71793556213379.
[I 2023-12-27 11:13:12,462] Trial 30 finished with value: 65.24901580810547 and parameters: {'gradient_clip_val': 0.6220844718541385, 'hidden_size': 116, 'dropout': 0.21337034205449443, 'hidden_continuous_size': 11, 'attention_head_size': 2, 'learning_rate': 0.00808736500518273}. Best is trial 0 with value: 17.71793556213379.
