[I 2023-12-27 11:18:45,996] Trial 45 finished with value: 99.616943359375 and parameters: {'gradient_clip_val': 0.3454044289839008, 'hidden_size': 25, 'dropout': 0.23446710020265785, 'hidden_continuous_size': 12, 'attention_head_size': 1, 'learning_rate': 0.04511058755988576}. Best is trial 0 with value: 14.600982666015625.
LOCAL_RANK: 0 - CUDA_VISIBLE_DEVICES: [0]
[I 2023-12-27 11:18:46,511] Trial 46 finished with value: 116.25952911376953 and parameters: {'gradient_clip_val': 0.23702599805100055, 'hidden_size': 41, 'dropout': 0.2955264987978015, 'hidden_continuous_size': 17, 'attention_head_size': 3, 'learning_rate': 0.07932894089622174}. Best is trial 0 with value: 14.600982666015625.
LOCAL_RANK: 0 - CUDA_VISIBLE_DEVICES: [0]
[I 2023-12-27 11:18:46,992] Trial 47 finished with value: 98.69808197021484 and parameters: {'gradient_clip_val': 0.2777152078704637, 'hidden_size': 52, 'dropout': 0.2761992439876423, 'hidden_continuous_size': 15, 'attention_head_size': 2, 'learning_rate': 0.06866397598730632}. Best is trial 0 with value: 14.600982666015625.
LOCAL_RANK: 0 - CUDA_VISIBLE_DEVICES: [0]
[I 2023-12-27 11:18:47,509] Trial 48 finished with value: 98.33269500732422 and parameters: {'gradient_clip_val': 0.3307491433872064, 'hidden_size': 33, 'dropout': 0.36986825552644054, 'hidden_continuous_size': 16, 'attention_head_size': 4, 'learning_rate': 0.04203182472415091}. Best is trial 0 with value: 14.600982666015625.
LOCAL_RANK: 0 - CUDA_VISIBLE_DEVICES: [0]
[I 2023-12-27 11:18:48,014] Trial 49 finished with value: 86.42691040039062 and parameters: {'gradient_clip_val': 0.1920578972242753, 'hidden_size': 38, 'dropout': 0.3340759246583741, 'hidden_continuous_size': 20, 'attention_head_size': 1, 'learning_rate': 0.09816172520508244}. Best is trial 0 with value: 14.600982666015625.
[I 2023-12-27 11:18:48,142] A new study created in memory with name: no-name-0e171076-4a7f-4662-8d82-d58afbf6cb82
/home/le004/conda/anaconda3/envs/tsff_env/lib/python3.9/site-packages/lightning/fabric/plugins/environments/slurm.py:191: The `srun` command is available on your system but is not used. HINT: If your intention is to run Lightning on SLURM, prepend your python command with `srun` like so: srun python /home/le004/master_thesis/git/TSFusionForecast/code/ ...
LOCAL_RANK: 0 - CUDA_VISIBLE_DEVICES: [0]
[I 2023-12-27 11:19:14,929] Trial 0 finished with value: 97.45508575439453 and parameters: {'gradient_clip_val': 0.23159804018788013, 'hidden_size': 7, 'dropout': 0.19155723341663064, 'hidden_continuous_size': 7, 'attention_head_size': 2, 'learning_rate': 0.001935971850641392}. Best is trial 0 with value: 97.45508575439453.
LOCAL_RANK: 0 - CUDA_VISIBLE_DEVICES: [0]
[I 2023-12-27 11:19:43,559] Trial 1 finished with value: 49.13510513305664 and parameters: {'gradient_clip_val': 0.37881114859166914, 'hidden_size': 9, 'dropout': 0.4800488317310857, 'hidden_continuous_size': 8, 'attention_head_size': 1, 'learning_rate': 0.015204549809583804}. Best is trial 1 with value: 49.13510513305664.
LOCAL_RANK: 0 - CUDA_VISIBLE_DEVICES: [0]
[I 2023-12-27 11:19:58,719] Trial 2 finished with value: 73.58942413330078 and parameters: {'gradient_clip_val': 0.4262947751583157, 'hidden_size': 146, 'dropout': 0.2739223124360747, 'hidden_continuous_size': 5, 'attention_head_size': 1, 'learning_rate': 0.06143239397051694}. Best is trial 1 with value: 49.13510513305664.
LOCAL_RANK: 0 - CUDA_VISIBLE_DEVICES: [0]
[I 2023-12-27 11:19:59,136] Trial 3 finished with value: 146.7227020263672 and parameters: {'gradient_clip_val': 0.2534826389926618, 'hidden_size': 7, 'dropout': 0.11855893499678483, 'hidden_continuous_size': 6, 'attention_head_size': 3, 'learning_rate': 0.04209775104377631}. Best is trial 1 with value: 49.13510513305664.
LOCAL_RANK: 0 - CUDA_VISIBLE_DEVICES: [0]
[I 2023-12-27 11:19:59,591] Trial 4 finished with value: 148.325439453125 and parameters: {'gradient_clip_val': 0.3090993645009586, 'hidden_size': 24, 'dropout': 0.21035150151403387, 'hidden_continuous_size': 11, 'attention_head_size': 4, 'learning_rate': 0.007590259964541572}. Best is trial 1 with value: 49.13510513305664.
LOCAL_RANK: 0 - CUDA_VISIBLE_DEVICES: [0]
[I 2023-12-27 11:20:00,019] Trial 5 finished with value: 114.83340454101562 and parameters: {'gradient_clip_val': 0.3145420904703636, 'hidden_size': 33, 'dropout': 0.32569777988854953, 'hidden_continuous_size': 5, 'attention_head_size': 3, 'learning_rate': 0.0038317135792503157}. Best is trial 1 with value: 49.13510513305664.
LOCAL_RANK: 0 - CUDA_VISIBLE_DEVICES: [0]
[I 2023-12-27 11:20:00,481] Trial 6 finished with value: 136.86431884765625 and parameters: {'gradient_clip_val': 0.20789141092560204, 'hidden_size': 50, 'dropout': 0.4588070352057442, 'hidden_continuous_size': 6, 'attention_head_size': 3, 'learning_rate': 0.0007359642415608864}. Best is trial 1 with value: 49.13510513305664.
LOCAL_RANK: 0 - CUDA_VISIBLE_DEVICES: [0]
[I 2023-12-27 11:20:00,895] Trial 7 finished with value: 131.96319580078125 and parameters: {'gradient_clip_val': 0.7159542535561291, 'hidden_size': 7, 'dropout': 0.2735071328718877, 'hidden_continuous_size': 5, 'attention_head_size': 3, 'learning_rate': 0.014328391976212149}. Best is trial 1 with value: 49.13510513305664.
LOCAL_RANK: 0 - CUDA_VISIBLE_DEVICES: [0]
[I 2023-12-27 11:20:01,356] Trial 8 finished with value: 157.7480926513672 and parameters: {'gradient_clip_val': 0.3669287781651391, 'hidden_size': 33, 'dropout': 0.22253837460348397, 'hidden_continuous_size': 25, 'attention_head_size': 2, 'learning_rate': 0.0032257342804899226}. Best is trial 1 with value: 49.13510513305664.
LOCAL_RANK: 0 - CUDA_VISIBLE_DEVICES: [0]
[I 2023-12-27 11:20:02,089] Trial 9 finished with value: 125.9482650756836 and parameters: {'gradient_clip_val': 0.4495725428461622, 'hidden_size': 32, 'dropout': 0.24066094801671833, 'hidden_continuous_size': 24, 'attention_head_size': 2, 'learning_rate': 0.006592836970414215}. Best is trial 1 with value: 49.13510513305664.
LOCAL_RANK: 0 - CUDA_VISIBLE_DEVICES: [0]
[I 2023-12-27 11:20:02,548] Trial 10 finished with value: 141.28297424316406 and parameters: {'gradient_clip_val': 0.1024070871792014, 'hidden_size': 13, 'dropout': 0.4885854391819402, 'hidden_continuous_size': 9, 'attention_head_size': 1, 'learning_rate': 0.023741428013660814}. Best is trial 1 with value: 49.13510513305664.
LOCAL_RANK: 0 - CUDA_VISIBLE_DEVICES: [0]
[I 2023-12-27 11:20:03,108] Trial 11 finished with value: 165.6668701171875 and parameters: {'gradient_clip_val': 0.6556944010916438, 'hidden_size': 144, 'dropout': 0.3658370446346837, 'hidden_continuous_size': 115, 'attention_head_size': 1, 'learning_rate': 0.06880872799115256}. Best is trial 1 with value: 49.13510513305664.
LOCAL_RANK: 0 - CUDA_VISIBLE_DEVICES: [0]
[I 2023-12-27 11:20:03,599] Trial 12 finished with value: 155.4523468017578 and parameters: {'gradient_clip_val': 0.984006946183797, 'hidden_size': 144, 'dropout': 0.3909139284097153, 'hidden_continuous_size': 13, 'attention_head_size': 1, 'learning_rate': 0.08027663060241892}. Best is trial 1 with value: 49.13510513305664.
LOCAL_RANK: 0 - CUDA_VISIBLE_DEVICES: [0]
[I 2023-12-27 11:20:04,083] Trial 13 finished with value: 171.12229919433594 and parameters: {'gradient_clip_val': 0.47740949359242646, 'hidden_size': 77, 'dropout': 0.4401203263355597, 'hidden_continuous_size': 9, 'attention_head_size': 1, 'learning_rate': 0.02776022894102406}. Best is trial 1 with value: 49.13510513305664.
LOCAL_RANK: 0 - CUDA_VISIBLE_DEVICES: [0]
[I 2023-12-27 11:20:04,511] Trial 14 finished with value: 138.61277770996094 and parameters: {'gradient_clip_val': 0.4886466328790729, 'hidden_size': 5, 'dropout': 0.31394141246971186, 'hidden_continuous_size': 5, 'attention_head_size': 1, 'learning_rate': 0.09729603851037827}. Best is trial 1 with value: 49.13510513305664.
LOCAL_RANK: 0 - CUDA_VISIBLE_DEVICES: [0]
[I 2023-12-27 11:20:04,977] Trial 15 finished with value: 143.0050048828125 and parameters: {'gradient_clip_val': 0.16342767309257564, 'hidden_size': 15, 'dropout': 0.40455915525188296, 'hidden_continuous_size': 6, 'attention_head_size': 2, 'learning_rate': 0.014227795250784011}. Best is trial 1 with value: 49.13510513305664.
LOCAL_RANK: 0 - CUDA_VISIBLE_DEVICES: [0]
[I 2023-12-27 11:20:05,468] Trial 16 finished with value: 88.4097671508789 and parameters: {'gradient_clip_val': 0.3882531752519976, 'hidden_size': 81, 'dropout': 0.4939826654989171, 'hidden_continuous_size': 16, 'attention_head_size': 4, 'learning_rate': 0.0460214406337332}. Best is trial 1 with value: 49.13510513305664.
LOCAL_RANK: 0 - CUDA_VISIBLE_DEVICES: [0]
[I 2023-12-27 11:20:05,949] Trial 17 finished with value: 170.50267028808594 and parameters: {'gradient_clip_val': 0.5893890776646432, 'hidden_size': 17, 'dropout': 0.34921780328572977, 'hidden_continuous_size': 7, 'attention_head_size': 1, 'learning_rate': 0.03617574521592812}. Best is trial 1 with value: 49.13510513305664.
LOCAL_RANK: 0 - CUDA_VISIBLE_DEVICES: [0]
[I 2023-12-27 11:20:06,439] Trial 18 finished with value: 109.895751953125 and parameters: {'gradient_clip_val': 0.3443850228776356, 'hidden_size': 63, 'dropout': 0.27210873215091663, 'hidden_continuous_size': 9, 'attention_head_size': 2, 'learning_rate': 0.01765462295011001}. Best is trial 1 with value: 49.13510513305664.
LOCAL_RANK: 0 - CUDA_VISIBLE_DEVICES: [0]
[I 2023-12-27 11:20:06,872] Trial 19 finished with value: 228.8705291748047 and parameters: {'gradient_clip_val': 0.5238190553539139, 'hidden_size': 10, 'dropout': 0.4127603743876858, 'hidden_continuous_size': 5, 'attention_head_size': 1, 'learning_rate': 0.055198125118145425}. Best is trial 1 with value: 49.13510513305664.
LOCAL_RANK: 0 - CUDA_VISIBLE_DEVICES: [0]
[I 2023-12-27 11:20:07,317] Trial 20 finished with value: 148.05516052246094 and parameters: {'gradient_clip_val': 0.801789164050266, 'hidden_size': 23, 'dropout': 0.3637125570832002, 'hidden_continuous_size': 7, 'attention_head_size': 2, 'learning_rate': 0.09902182831341914}. Best is trial 1 with value: 49.13510513305664.
LOCAL_RANK: 0 - CUDA_VISIBLE_DEVICES: [0]
[I 2023-12-27 11:20:07,817] Trial 21 finished with value: 121.3034896850586 and parameters: {'gradient_clip_val': 0.40928902225492414, 'hidden_size': 100, 'dropout': 0.4778163721537722, 'hidden_continuous_size': 15, 'attention_head_size': 4, 'learning_rate': 0.04489689883486784}. Best is trial 1 with value: 49.13510513305664.
LOCAL_RANK: 0 - CUDA_VISIBLE_DEVICES: [0]
[I 2023-12-27 11:20:08,318] Trial 22 finished with value: 238.9778289794922 and parameters: {'gradient_clip_val': 0.40077613553105207, 'hidden_size': 108, 'dropout': 0.43838679798640107, 'hidden_continuous_size': 16, 'attention_head_size': 4, 'learning_rate': 0.02863008935458023}. Best is trial 1 with value: 49.13510513305664.
LOCAL_RANK: 0 - CUDA_VISIBLE_DEVICES: [0]
[I 2023-12-27 11:20:09,085] Trial 23 finished with value: 155.2263641357422 and parameters: {'gradient_clip_val': 0.542006877153062, 'hidden_size': 45, 'dropout': 0.4950918855941909, 'hidden_continuous_size': 11, 'attention_head_size': 4, 'learning_rate': 0.057904813886648726}. Best is trial 1 with value: 49.13510513305664.
LOCAL_RANK: 0 - CUDA_VISIBLE_DEVICES: [0]
[I 2023-12-27 11:20:09,588] Trial 24 finished with value: 141.44606018066406 and parameters: {'gradient_clip_val': 0.40918777915868454, 'hidden_size': 86, 'dropout': 0.4961648755486684, 'hidden_continuous_size': 19, 'attention_head_size': 3, 'learning_rate': 0.03950007840515049}. Best is trial 1 with value: 49.13510513305664.
LOCAL_RANK: 0 - CUDA_VISIBLE_DEVICES: [0]
[I 2023-12-27 11:20:10,063] Trial 25 finished with value: 172.7333984375 and parameters: {'gradient_clip_val': 0.28968430925168354, 'hidden_size': 64, 'dropout': 0.42497288702607183, 'hidden_continuous_size': 8, 'attention_head_size': 1, 'learning_rate': 0.062152030701613736}. Best is trial 1 with value: 49.13510513305664.
LOCAL_RANK: 0 - CUDA_VISIBLE_DEVICES: [0]
[I 2023-12-27 11:20:10,562] Trial 26 finished with value: 145.9442901611328 and parameters: {'gradient_clip_val': 0.3593927472507734, 'hidden_size': 131, 'dropout': 0.45397254601234865, 'hidden_continuous_size': 12, 'attention_head_size': 2, 'learning_rate': 0.02378981326187864}. Best is trial 1 with value: 49.13510513305664.
LOCAL_RANK: 0 - CUDA_VISIBLE_DEVICES: [0]
[I 2023-12-27 11:20:11,028] Trial 27 finished with value: 110.89746856689453 and parameters: {'gradient_clip_val': 0.4617225872304396, 'hidden_size': 108, 'dropout': 0.4672060938434606, 'hidden_continuous_size': 10, 'attention_head_size': 4, 'learning_rate': 0.019148622515922253}. Best is trial 1 with value: 49.13510513305664.
LOCAL_RANK: 0 - CUDA_VISIBLE_DEVICES: [0]
[I 2023-12-27 11:20:11,490] Trial 28 finished with value: 129.8898162841797 and parameters: {'gradient_clip_val': 0.609722975109675, 'hidden_size': 77, 'dropout': 0.4231889614637422, 'hidden_continuous_size': 8, 'attention_head_size': 1, 'learning_rate': 0.01165159794333878}. Best is trial 1 with value: 49.13510513305664.
LOCAL_RANK: 0 - CUDA_VISIBLE_DEVICES: [0]
[I 2023-12-27 11:20:11,990] Trial 29 finished with value: 170.6755828857422 and parameters: {'gradient_clip_val': 0.26097760111777346, 'hidden_size': 116, 'dropout': 0.3883046086703297, 'hidden_continuous_size': 31, 'attention_head_size': 3, 'learning_rate': 0.03290335076164685}. Best is trial 1 with value: 49.13510513305664.
LOCAL_RANK: 0 - CUDA_VISIBLE_DEVICES: [0]
[I 2023-12-27 11:20:12,480] Trial 30 finished with value: 78.5840072631836 and parameters: {'gradient_clip_val': 0.35080607247311224, 'hidden_size': 91, 'dropout': 0.4726031108417353, 'hidden_continuous_size': 7, 'attention_head_size': 2, 'learning_rate': 0.04913525895927529}. Best is trial 1 with value: 49.13510513305664.
LOCAL_RANK: 0 - CUDA_VISIBLE_DEVICES: [0]
[I 2023-12-27 11:20:12,978] Trial 31 finished with value: 175.9127197265625 and parameters: {'gradient_clip_val': 0.3496534154453434, 'hidden_size': 95, 'dropout': 0.47419057239085005, 'hidden_continuous_size': 7, 'attention_head_size': 2, 'learning_rate': 0.05929844053249719}. Best is trial 1 with value: 49.13510513305664.
LOCAL_RANK: 0 - CUDA_VISIBLE_DEVICES: [0]
[I 2023-12-27 11:20:13,457] Trial 32 finished with value: 177.5554962158203 and parameters: {'gradient_clip_val': 0.42117952161948724, 'hidden_size': 116, 'dropout': 0.44974180525655266, 'hidden_continuous_size': 6, 'attention_head_size': 2, 'learning_rate': 0.04505073701531998}. Best is trial 1 with value: 49.13510513305664.
LOCAL_RANK: 0 - CUDA_VISIBLE_DEVICES: [0]
[I 2023-12-27 11:20:13,963] Trial 33 finished with value: 120.8579330444336 and parameters: {'gradient_clip_val': 0.28903495270026885, 'hidden_size': 143, 'dropout': 0.4943809262114808, 'hidden_continuous_size': 11, 'attention_head_size': 1, 'learning_rate': 0.044592604832234116}. Best is trial 1 with value: 49.13510513305664.
LOCAL_RANK: 0 - CUDA_VISIBLE_DEVICES: [0]
[I 2023-12-27 11:20:14,447] Trial 34 finished with value: 110.66253662109375 and parameters: {'gradient_clip_val': 0.3227434159235741, 'hidden_size': 87, 'dropout': 0.18046333502605472, 'hidden_continuous_size': 6, 'attention_head_size': 1, 'learning_rate': 0.030211982602106485}. Best is trial 1 with value: 49.13510513305664.
LOCAL_RANK: 0 - CUDA_VISIBLE_DEVICES: [0]
[I 2023-12-27 11:20:14,933] Trial 35 finished with value: 205.63059997558594 and parameters: {'gradient_clip_val': 0.5288632050947314, 'hidden_size': 46, 'dropout': 0.4652974327239436, 'hidden_continuous_size': 5, 'attention_head_size': 3, 'learning_rate': 0.08249690685482079}. Best is trial 1 with value: 49.13510513305664.
LOCAL_RANK: 0 - CUDA_VISIBLE_DEVICES: [0]
[I 2023-12-27 11:20:15,689] Trial 36 finished with value: 170.33656311035156 and parameters: {'gradient_clip_val': 0.3797943151135224, 'hidden_size': 63, 'dropout': 0.434052197037082, 'hidden_continuous_size': 8, 'attention_head_size': 2, 'learning_rate': 0.009666350487662949}. Best is trial 1 with value: 49.13510513305664.
LOCAL_RANK: 0 - CUDA_VISIBLE_DEVICES: [0]
[I 2023-12-27 11:20:16,208] Trial 37 finished with value: 166.78189086914062 and parameters: {'gradient_clip_val': 0.26197460823598273, 'hidden_size': 114, 'dropout': 0.49941324494743555, 'hidden_continuous_size': 10, 'attention_head_size': 3, 'learning_rate': 0.018284339622826617}. Best is trial 1 with value: 49.13510513305664.
LOCAL_RANK: 0 - CUDA_VISIBLE_DEVICES: [0]
[I 2023-12-27 11:20:16,708] Trial 38 finished with value: 146.44789123535156 and parameters: {'gradient_clip_val': 0.30909071661239296, 'hidden_size': 39, 'dropout': 0.45769762325207747, 'hidden_continuous_size': 6, 'attention_head_size': 3, 'learning_rate': 0.048250749615774725}. Best is trial 1 with value: 49.13510513305664.
LOCAL_RANK: 0 - CUDA_VISIBLE_DEVICES: [0]
[I 2023-12-27 11:20:17,207] Trial 39 finished with value: 142.15008544921875 and parameters: {'gradient_clip_val': 0.4459282131605747, 'hidden_size': 54, 'dropout': 0.29903299043974385, 'hidden_continuous_size': 5, 'attention_head_size': 1, 'learning_rate': 0.039718339604405906}. Best is trial 1 with value: 49.13510513305664.
LOCAL_RANK: 0 - CUDA_VISIBLE_DEVICES: [0]
[I 2023-12-27 11:20:17,732] Trial 40 finished with value: 220.7681884765625 and parameters: {'gradient_clip_val': 0.2296459658130869, 'hidden_size': 149, 'dropout': 0.4693566532903048, 'hidden_continuous_size': 13, 'attention_head_size': 2, 'learning_rate': 0.06989247628084745}. Best is trial 1 with value: 49.13510513305664.
LOCAL_RANK: 0 - CUDA_VISIBLE_DEVICES: [0]
[I 2023-12-27 11:20:18,190] Trial 41 finished with value: 181.6114044189453 and parameters: {'gradient_clip_val': 0.3741552813232705, 'hidden_size': 9, 'dropout': 0.17174434977799088, 'hidden_continuous_size': 7, 'attention_head_size': 2, 'learning_rate': 0.001382067703544223}. Best is trial 1 with value: 49.13510513305664.
LOCAL_RANK: 0 - CUDA_VISIBLE_DEVICES: [0]
[I 2023-12-27 11:20:18,679] Trial 42 finished with value: 179.94476318359375 and parameters: {'gradient_clip_val': 0.3335691619139375, 'hidden_size': 6, 'dropout': 0.13182189013403486, 'hidden_continuous_size': 5, 'attention_head_size': 2, 'learning_rate': 0.006303304279103071}. Best is trial 1 with value: 49.13510513305664.
LOCAL_RANK: 0 - CUDA_VISIBLE_DEVICES: [0]
[I 2023-12-27 11:20:19,162] Trial 43 finished with value: 144.7174072265625 and parameters: {'gradient_clip_val': 0.2216693461687836, 'hidden_size': 8, 'dropout': 0.2330600655482201, 'hidden_continuous_size': 6, 'attention_head_size': 3, 'learning_rate': 0.004490688024276193}. Best is trial 1 with value: 49.13510513305664.
LOCAL_RANK: 0 - CUDA_VISIBLE_DEVICES: [0]
[I 2023-12-27 11:20:19,569] Trial 44 finished with value: 168.64772033691406 and parameters: {'gradient_clip_val': 0.44456045502315505, 'hidden_size': 5, 'dropout': 0.2523947531149598, 'hidden_continuous_size': 5, 'attention_head_size': 1, 'learning_rate': 0.02377653504176724}. Best is trial 1 with value: 49.13510513305664.
LOCAL_RANK: 0 - CUDA_VISIBLE_DEVICES: [0]
[I 2023-12-27 11:20:20,045] Trial 45 finished with value: 127.81800079345703 and parameters: {'gradient_clip_val': 0.3085206980277959, 'hidden_size': 11, 'dropout': 0.3325744075021594, 'hidden_continuous_size': 7, 'attention_head_size': 2, 'learning_rate': 0.07290447849555932}. Best is trial 1 with value: 49.13510513305664.
LOCAL_RANK: 0 - CUDA_VISIBLE_DEVICES: [0]
[I 2023-12-27 11:20:20,481] Trial 46 finished with value: 110.0298843383789 and parameters: {'gradient_clip_val': 0.3699186377612196, 'hidden_size': 7, 'dropout': 0.20761116262297646, 'hidden_continuous_size': 6, 'attention_head_size': 1, 'learning_rate': 0.002215179027240321}. Best is trial 1 with value: 49.13510513305664.
LOCAL_RANK: 0 - CUDA_VISIBLE_DEVICES: [0]
[I 2023-12-27 11:20:20,920] Trial 47 finished with value: 188.3271026611328 and parameters: {'gradient_clip_val': 0.47835329409268623, 'hidden_size': 6, 'dropout': 0.29144102134202954, 'hidden_continuous_size': 5, 'attention_head_size': 2, 'learning_rate': 0.009422925457399386}. Best is trial 1 with value: 49.13510513305664.
LOCAL_RANK: 0 - CUDA_VISIBLE_DEVICES: [0]
[I 2023-12-27 11:20:21,404] Trial 48 finished with value: 94.97787475585938 and parameters: {'gradient_clip_val': 0.17711648598376328, 'hidden_size': 26, 'dropout': 0.39990303121528503, 'hidden_continuous_size': 8, 'attention_head_size': 4, 'learning_rate': 0.03191797111749643}. Best is trial 1 with value: 49.13510513305664.
LOCAL_RANK: 0 - CUDA_VISIBLE_DEVICES: [0]
[I 2023-12-27 11:20:22,159] Trial 49 finished with value: 117.2235107421875 and parameters: {'gradient_clip_val': 0.18380376425768852, 'hidden_size': 22, 'dropout': 0.4771378416462952, 'hidden_continuous_size': 8, 'attention_head_size': 4, 'learning_rate': 0.03451897450699046}. Best is trial 1 with value: 49.13510513305664.
[I 2023-12-27 11:20:22,287] A new study created in memory with name: no-name-6d95177e-cee2-45a3-b115-2ad6230a2f18
/home/le004/conda/anaconda3/envs/tsff_env/lib/python3.9/site-packages/lightning/fabric/plugins/environments/slurm.py:191: The `srun` command is available on your system but is not used. HINT: If your intention is to run Lightning on SLURM, prepend your python command with `srun` like so: srun python /home/le004/master_thesis/git/TSFusionForecast/code/ ...
LOCAL_RANK: 0 - CUDA_VISIBLE_DEVICES: [0]
[I 2023-12-27 11:20:49,283] Trial 0 finished with value: 15.177597999572754 and parameters: {'gradient_clip_val': 0.3215615666320519, 'hidden_size': 55, 'dropout': 0.2985260303753359, 'hidden_continuous_size': 11, 'attention_head_size': 4, 'learning_rate': 0.033082848484704996}. Best is trial 0 with value: 15.177597999572754.
LOCAL_RANK: 0 - CUDA_VISIBLE_DEVICES: [0]
[I 2023-12-27 11:20:49,711] Trial 1 finished with value: 62.81719970703125 and parameters: {'gradient_clip_val': 0.31151476563380454, 'hidden_size': 17, 'dropout': 0.31806951594395777, 'hidden_continuous_size': 5, 'attention_head_size': 4, 'learning_rate': 0.06463570188777971}. Best is trial 0 with value: 15.177597999572754.
LOCAL_RANK: 0 - CUDA_VISIBLE_DEVICES: [0]
