[I 2023-12-27 11:04:18,209] Trial 15 finished with value: 2.3733651638031006 and parameters: {'gradient_clip_val': 0.43683133460921514, 'hidden_size': 27, 'dropout': 0.42116611858775876, 'hidden_continuous_size': 8, 'attention_head_size': 2, 'learning_rate': 0.004087650565162464}. Best is trial 0 with value: 0.3623707592487335.
[I 2023-12-27 11:04:18,868] Trial 16 finished with value: 2.8236217498779297 and parameters: {'gradient_clip_val': 0.9697622821204347, 'hidden_size': 14, 'dropout': 0.3078907598170584, 'hidden_continuous_size': 7, 'attention_head_size': 4, 'learning_rate': 0.008003939673042606}. Best is trial 0 with value: 0.3623707592487335.
[I 2023-12-27 11:04:19,226] Trial 17 finished with value: 2.226153612136841 and parameters: {'gradient_clip_val': 0.27418558432790086, 'hidden_size': 5, 'dropout': 0.22864272479332026, 'hidden_continuous_size': 5, 'attention_head_size': 3, 'learning_rate': 0.011346270957659258}. Best is trial 0 with value: 0.3623707592487335.
[I 2023-12-27 11:04:19,685] Trial 18 finished with value: 2.5552315711975098 and parameters: {'gradient_clip_val': 0.1852412029021419, 'hidden_size': 57, 'dropout': 0.3371247676316078, 'hidden_continuous_size': 12, 'attention_head_size': 2, 'learning_rate': 0.0033575884002206065}. Best is trial 0 with value: 0.3623707592487335.
[I 2023-12-27 11:04:20,277] Trial 19 finished with value: 2.035686731338501 and parameters: {'gradient_clip_val': 0.17127946163949054, 'hidden_size': 136, 'dropout': 0.27865061981200534, 'hidden_continuous_size': 24, 'attention_head_size': 1, 'learning_rate': 0.0069358364855230115}. Best is trial 0 with value: 0.3623707592487335.
[I 2023-12-27 11:04:20,699] Trial 20 finished with value: 2.756237268447876 and parameters: {'gradient_clip_val': 0.29572146591987103, 'hidden_size': 34, 'dropout': 0.3515102747113754, 'hidden_continuous_size': 10, 'attention_head_size': 4, 'learning_rate': 0.0016148634525578029}. Best is trial 0 with value: 0.3623707592487335.
[I 2023-12-27 11:04:21,348] Trial 21 finished with value: 2.2145111560821533 and parameters: {'gradient_clip_val': 0.18137862383137057, 'hidden_size': 146, 'dropout': 0.2919807470262432, 'hidden_continuous_size': 29, 'attention_head_size': 1, 'learning_rate': 0.008377624526742384}. Best is trial 0 with value: 0.3623707592487335.
[I 2023-12-27 11:04:21,749] Trial 22 finished with value: 3.1470401287078857 and parameters: {'gradient_clip_val': 0.17233924028914657, 'hidden_size': 20, 'dropout': 0.2761009956926816, 'hidden_continuous_size': 8, 'attention_head_size': 1, 'learning_rate': 0.004349966386643021}. Best is trial 0 with value: 0.3623707592487335.
[I 2023-12-27 11:04:22,211] Trial 23 finished with value: 2.3268697261810303 and parameters: {'gradient_clip_val': 0.20096028345350628, 'hidden_size': 60, 'dropout': 0.23547776822157268, 'hidden_continuous_size': 25, 'attention_head_size': 2, 'learning_rate': 0.0030177752860695273}. Best is trial 0 with value: 0.3623707592487335.
[I 2023-12-27 11:04:22,642] Trial 24 finished with value: 2.6420657634735107 and parameters: {'gradient_clip_val': 0.24325497474609492, 'hidden_size': 30, 'dropout': 0.30531930183273565, 'hidden_continuous_size': 12, 'attention_head_size': 1, 'learning_rate': 0.0053324941363103884}. Best is trial 0 with value: 0.3623707592487335.
[I 2023-12-27 11:04:23,106] Trial 25 finished with value: 2.5193073749542236 and parameters: {'gradient_clip_val': 0.1535241299234606, 'hidden_size': 65, 'dropout': 0.19216087870824852, 'hidden_continuous_size': 22, 'attention_head_size': 2, 'learning_rate': 0.010174793598603038}. Best is trial 0 with value: 0.3623707592487335.
[I 2023-12-27 11:04:23,533] Trial 26 finished with value: 2.431724786758423 and parameters: {'gradient_clip_val': 0.2729052825213103, 'hidden_size': 37, 'dropout': 0.33468045952204606, 'hidden_continuous_size': 13, 'attention_head_size': 3, 'learning_rate': 0.006478253525808743}. Best is trial 0 with value: 0.3623707592487335.
[I 2023-12-27 11:04:24,145] Trial 27 finished with value: 2.381619691848755 and parameters: {'gradient_clip_val': 0.20418371440365254, 'hidden_size': 136, 'dropout': 0.2675402821296214, 'hidden_continuous_size': 34, 'attention_head_size': 1, 'learning_rate': 0.0023084051838824873}. Best is trial 0 with value: 0.3623707592487335.
[I 2023-12-27 11:04:24,547] Trial 28 finished with value: 2.664010763168335 and parameters: {'gradient_clip_val': 0.33490384837353465, 'hidden_size': 23, 'dropout': 0.39668838543613955, 'hidden_continuous_size': 10, 'attention_head_size': 2, 'learning_rate': 0.0044618245137773545}. Best is trial 0 with value: 0.3623707592487335.
[I 2023-12-27 11:04:24,908] Trial 29 finished with value: 2.361114501953125 and parameters: {'gradient_clip_val': 0.12237844161249015, 'hidden_size': 7, 'dropout': 0.13907187157729628, 'hidden_continuous_size': 5, 'attention_head_size': 1, 'learning_rate': 0.0013497814392381478}. Best is trial 0 with value: 0.3623707592487335.
[I 2023-12-27 11:04:25,560] Trial 30 finished with value: 2.3855106830596924 and parameters: {'gradient_clip_val': 0.12952508926795886, 'hidden_size': 44, 'dropout': 0.2083157873482749, 'hidden_continuous_size': 14, 'attention_head_size': 1, 'learning_rate': 0.0008326042731911221}. Best is trial 0 with value: 0.3623707592487335.
[I 2023-12-27 11:04:26,101] Trial 31 finished with value: 3.261747360229492 and parameters: {'gradient_clip_val': 0.17373316861405086, 'hidden_size': 124, 'dropout': 0.29031600504469396, 'hidden_continuous_size': 34, 'attention_head_size': 1, 'learning_rate': 0.006991633339609557}. Best is trial 0 with value: 0.3623707592487335.
[I 2023-12-27 11:04:26,639] Trial 32 finished with value: 2.046710729598999 and parameters: {'gradient_clip_val': 0.1913551700882286, 'hidden_size': 136, 'dropout': 0.25198962686652854, 'hidden_continuous_size': 20, 'attention_head_size': 1, 'learning_rate': 0.0038388017022436545}. Best is trial 0 with value: 0.3623707592487335.
[I 2023-12-27 11:04:27,155] Trial 33 finished with value: 2.8612186908721924 and parameters: {'gradient_clip_val': 0.15364438083246218, 'hidden_size': 114, 'dropout': 0.16654729827161419, 'hidden_continuous_size': 19, 'attention_head_size': 1, 'learning_rate': 0.00205050487132442}. Best is trial 0 with value: 0.3623707592487335.
[I 2023-12-27 11:04:27,623] Trial 34 finished with value: 2.241373300552368 and parameters: {'gradient_clip_val': 0.24447658497419447, 'hidden_size': 71, 'dropout': 0.25164178257414516, 'hidden_continuous_size': 16, 'attention_head_size': 2, 'learning_rate': 0.0031545487469589704}. Best is trial 0 with value: 0.3623707592487335.
[I 2023-12-27 11:04:28,111] Trial 35 finished with value: 2.7220022678375244 and parameters: {'gradient_clip_val': 0.19995365423574546, 'hidden_size': 78, 'dropout': 0.21887329083136242, 'hidden_continuous_size': 19, 'attention_head_size': 3, 'learning_rate': 0.003928842541140758}. Best is trial 0 with value: 0.3623707592487335.
[I 2023-12-27 11:04:28,619] Trial 36 finished with value: 2.975269079208374 and parameters: {'gradient_clip_val': 0.3016134419010345, 'hidden_size': 105, 'dropout': 0.2459980555481465, 'hidden_continuous_size': 6, 'attention_head_size': 1, 'learning_rate': 0.002370347796813386}. Best is trial 0 with value: 0.3623707592487335.
[I 2023-12-27 11:04:29,082] Trial 37 finished with value: 2.4817073345184326 and parameters: {'gradient_clip_val': 0.2263462551518477, 'hidden_size': 80, 'dropout': 0.4644896163457565, 'hidden_continuous_size': 22, 'attention_head_size': 2, 'learning_rate': 0.0015473284825552104}. Best is trial 0 with value: 0.3623707592487335.
[I 2023-12-27 11:04:29,603] Trial 38 finished with value: 2.395488739013672 and parameters: {'gradient_clip_val': 0.3874819415790715, 'hidden_size': 120, 'dropout': 0.280910393994835, 'hidden_continuous_size': 14, 'attention_head_size': 1, 'learning_rate': 0.0029171259162529654}. Best is trial 0 with value: 0.3623707592487335.
[I 2023-12-27 11:04:30,081] Trial 39 finished with value: 2.5478320121765137 and parameters: {'gradient_clip_val': 0.26858834521991565, 'hidden_size': 90, 'dropout': 0.3217601489166515, 'hidden_continuous_size': 17, 'attention_head_size': 3, 'learning_rate': 0.0010879595389393195}. Best is trial 0 with value: 0.3623707592487335.
[I 2023-12-27 11:04:30,688] Trial 40 finished with value: 2.530625343322754 and parameters: {'gradient_clip_val': 0.1638823677509868, 'hidden_size': 134, 'dropout': 0.2547172548545149, 'hidden_continuous_size': 39, 'attention_head_size': 4, 'learning_rate': 0.0018428234685790084}. Best is trial 0 with value: 0.3623707592487335.
[I 2023-12-27 11:04:31,268] Trial 41 finished with value: 2.4447596073150635 and parameters: {'gradient_clip_val': 0.18460390985783195, 'hidden_size': 146, 'dropout': 0.2950158770455022, 'hidden_continuous_size': 29, 'attention_head_size': 1, 'learning_rate': 0.00934245214384806}. Best is trial 0 with value: 0.3623707592487335.
[I 2023-12-27 11:04:31,753] Trial 42 finished with value: 2.784743309020996 and parameters: {'gradient_clip_val': 0.14664550484944636, 'hidden_size': 100, 'dropout': 0.2894332607225913, 'hidden_continuous_size': 26, 'attention_head_size': 1, 'learning_rate': 0.005463932211051237}. Best is trial 0 with value: 0.3623707592487335.
[I 2023-12-27 11:04:32,267] Trial 43 finished with value: 2.767742156982422 and parameters: {'gradient_clip_val': 0.17560526558549872, 'hidden_size': 114, 'dropout': 0.2656843577830043, 'hidden_continuous_size': 42, 'attention_head_size': 1, 'learning_rate': 0.014414968183888552}. Best is trial 0 with value: 0.3623707592487335.
[I 2023-12-27 11:04:33,126] Trial 44 finished with value: 2.3081753253936768 and parameters: {'gradient_clip_val': 0.20710494086301282, 'hidden_size': 147, 'dropout': 0.3123784035909575, 'hidden_continuous_size': 47, 'attention_head_size': 1, 'learning_rate': 0.007722379705665601}. Best is trial 0 with value: 0.3623707592487335.
[I 2023-12-27 11:04:33,584] Trial 45 finished with value: 2.5169856548309326 and parameters: {'gradient_clip_val': 0.1416433062322147, 'hidden_size': 81, 'dropout': 0.21382063817248398, 'hidden_continuous_size': 16, 'attention_head_size': 1, 'learning_rate': 0.005410369680617187}. Best is trial 0 with value: 0.3623707592487335.
[I 2023-12-27 11:04:34,091] Trial 46 finished with value: 3.2871692180633545 and parameters: {'gradient_clip_val': 0.16288276286554917, 'hidden_size': 99, 'dropout': 0.24970680623263286, 'hidden_continuous_size': 21, 'attention_head_size': 2, 'learning_rate': 0.0035774290961867873}. Best is trial 0 with value: 0.3623707592487335.
[I 2023-12-27 11:04:34,628] Trial 47 finished with value: 2.3076865673065186 and parameters: {'gradient_clip_val': 0.19139138443281192, 'hidden_size': 124, 'dropout': 0.2967546288872316, 'hidden_continuous_size': 19, 'attention_head_size': 4, 'learning_rate': 0.002588988352509712}. Best is trial 0 with value: 0.3623707592487335.
[I 2023-12-27 11:04:35,041] Trial 48 finished with value: 2.6873433589935303 and parameters: {'gradient_clip_val': 0.2274872601293439, 'hidden_size': 50, 'dropout': 0.3698634266952854, 'hidden_continuous_size': 24, 'attention_head_size': 2, 'learning_rate': 0.008246331686972176}. Best is trial 0 with value: 0.3623707592487335.
[I 2023-12-27 11:04:35,621] Trial 49 finished with value: 3.082024335861206 and parameters: {'gradient_clip_val': 0.1303466790604763, 'hidden_size': 148, 'dropout': 0.3224039410892215, 'hidden_continuous_size': 13, 'attention_head_size': 3, 'learning_rate': 0.011550278185175414}. Best is trial 0 with value: 0.3623707592487335.
[I 2023-12-27 11:04:35,734] A new study created in memory with name: no-name-00da08f5-8eee-46b7-af95-7470e23942d2
/home/le004/conda/anaconda3/envs/tsff_env/lib/python3.9/site-packages/lightning/fabric/plugins/environments/slurm.py:191: The `srun` command is available on your system but is not used. HINT: If your intention is to run Lightning on SLURM, prepend your python command with `srun` like so: srun python /home/le004/master_thesis/git/TSFusionForecast/code/ ...
[I 2023-12-27 11:05:08,871] Trial 0 finished with value: 22.816085815429688 and parameters: {'gradient_clip_val': 0.1736890754584592, 'hidden_size': 20, 'dropout': 0.4898635869409662, 'hidden_continuous_size': 5, 'attention_head_size': 2, 'learning_rate': 0.002352385333189623}. Best is trial 0 with value: 22.816085815429688.
[I 2023-12-27 11:05:29,976] Trial 1 finished with value: 31.93055534362793 and parameters: {'gradient_clip_val': 0.2596019151542224, 'hidden_size': 21, 'dropout': 0.4177428255847204, 'hidden_continuous_size': 15, 'attention_head_size': 3, 'learning_rate': 0.03797110628715677}. Best is trial 0 with value: 22.816085815429688.
[I 2023-12-27 11:05:30,378] Trial 2 finished with value: 51.631473541259766 and parameters: {'gradient_clip_val': 0.4492087576125724, 'hidden_size': 27, 'dropout': 0.10213383679107726, 'hidden_continuous_size': 22, 'attention_head_size': 3, 'learning_rate': 0.0019664658908292265}. Best is trial 0 with value: 22.816085815429688.
[I 2023-12-27 11:05:30,969] Trial 3 finished with value: 49.776702880859375 and parameters: {'gradient_clip_val': 0.33318435200939717, 'hidden_size': 24, 'dropout': 0.3842503922589734, 'hidden_continuous_size': 17, 'attention_head_size': 3, 'learning_rate': 0.017577648173836453}. Best is trial 0 with value: 22.816085815429688.
[I 2023-12-27 11:05:31,385] Trial 4 finished with value: 53.38462829589844 and parameters: {'gradient_clip_val': 0.22257945161884218, 'hidden_size': 41, 'dropout': 0.267385608634734, 'hidden_continuous_size': 35, 'attention_head_size': 2, 'learning_rate': 0.00823657051762235}. Best is trial 0 with value: 22.816085815429688.
[I 2023-12-27 11:05:31,767] Trial 5 finished with value: 46.03239440917969 and parameters: {'gradient_clip_val': 0.914914913432674, 'hidden_size': 26, 'dropout': 0.13229171762239111, 'hidden_continuous_size': 5, 'attention_head_size': 3, 'learning_rate': 0.0026233471742768263}. Best is trial 0 with value: 22.816085815429688.
[I 2023-12-27 11:05:32,122] Trial 6 finished with value: 49.319210052490234 and parameters: {'gradient_clip_val': 0.7390538166188562, 'hidden_size': 6, 'dropout': 0.24795257405730023, 'hidden_continuous_size': 5, 'attention_head_size': 4, 'learning_rate': 0.017611820469885724}. Best is trial 0 with value: 22.816085815429688.
[I 2023-12-27 11:05:32,583] Trial 7 finished with value: 42.07204818725586 and parameters: {'gradient_clip_val': 0.15346380021262102, 'hidden_size': 80, 'dropout': 0.35724334101741606, 'hidden_continuous_size': 56, 'attention_head_size': 2, 'learning_rate': 0.07411913941060005}. Best is trial 0 with value: 22.816085815429688.
[I 2023-12-27 11:05:33,121] Trial 8 finished with value: 56.87944412231445 and parameters: {'gradient_clip_val': 0.2060898628903492, 'hidden_size': 125, 'dropout': 0.4057217628926605, 'hidden_continuous_size': 5, 'attention_head_size': 3, 'learning_rate': 0.0006975373684342729}. Best is trial 0 with value: 22.816085815429688.
[I 2023-12-27 11:05:33,486] Trial 9 finished with value: 50.35917282104492 and parameters: {'gradient_clip_val': 0.3649329370150215, 'hidden_size': 11, 'dropout': 0.34784299267140134, 'hidden_continuous_size': 5, 'attention_head_size': 1, 'learning_rate': 0.0021547887915924152}. Best is trial 0 with value: 22.816085815429688.
[I 2023-12-27 11:05:33,840] Trial 10 finished with value: 56.08956527709961 and parameters: {'gradient_clip_val': 0.10827136245376785, 'hidden_size': 5, 'dropout': 0.46571130692972673, 'hidden_continuous_size': 5, 'attention_head_size': 1, 'learning_rate': 0.0005029288435901672}. Best is trial 0 with value: 22.816085815429688.
[I 2023-12-27 11:05:34,222] Trial 11 finished with value: 38.51738739013672 and parameters: {'gradient_clip_val': 0.2205376561382011, 'hidden_size': 12, 'dropout': 0.49908961938022744, 'hidden_continuous_size': 7, 'attention_head_size': 4, 'learning_rate': 0.08216689743066177}. Best is trial 0 with value: 22.816085815429688.
[I 2023-12-27 11:05:34,623] Trial 12 finished with value: 30.851865768432617 and parameters: {'gradient_clip_val': 0.1387432412631428, 'hidden_size': 14, 'dropout': 0.46932020184734513, 'hidden_continuous_size': 7, 'attention_head_size': 2, 'learning_rate': 0.03163879059183143}. Best is trial 0 with value: 22.816085815429688.
[I 2023-12-27 11:05:35,016] Trial 13 finished with value: 58.02838134765625 and parameters: {'gradient_clip_val': 0.10056277809959462, 'hidden_size': 12, 'dropout': 0.4518189530589983, 'hidden_continuous_size': 6, 'attention_head_size': 2, 'learning_rate': 0.005882705779366377}. Best is trial 0 with value: 22.816085815429688.
[I 2023-12-27 11:05:35,447] Trial 14 finished with value: 44.844390869140625 and parameters: {'gradient_clip_val': 0.14912542947245563, 'hidden_size': 50, 'dropout': 0.4872155777971829, 'hidden_continuous_size': 8, 'attention_head_size': 1, 'learning_rate': 0.02083606551578024}. Best is trial 0 with value: 22.816085815429688.
[I 2023-12-27 11:05:35,830] Trial 15 finished with value: 38.76724624633789 and parameters: {'gradient_clip_val': 0.15547981402765645, 'hidden_size': 15, 'dropout': 0.4399513507549087, 'hidden_continuous_size': 6, 'attention_head_size': 2, 'learning_rate': 0.007552735295428227}. Best is trial 0 with value: 22.816085815429688.
[I 2023-12-27 11:05:36,199] Trial 16 finished with value: 51.62358474731445 and parameters: {'gradient_clip_val': 0.13051998693717964, 'hidden_size': 8, 'dropout': 0.4991526960074369, 'hidden_continuous_size': 6, 'attention_head_size': 2, 'learning_rate': 0.03675875393560417}. Best is trial 0 with value: 22.816085815429688.
[I 2023-12-27 11:05:36,852] Trial 17 finished with value: 44.42567443847656 and parameters: {'gradient_clip_val': 0.18101190500945585, 'hidden_size': 17, 'dropout': 0.43931270062030814, 'hidden_continuous_size': 8, 'attention_head_size': 1, 'learning_rate': 0.004133319361673398}. Best is trial 0 with value: 22.816085815429688.
[I 2023-12-27 11:05:37,235] Trial 18 finished with value: 47.813899993896484 and parameters: {'gradient_clip_val': 0.12748687638931963, 'hidden_size': 8, 'dropout': 0.39936361563044676, 'hidden_continuous_size': 5, 'attention_head_size': 2, 'learning_rate': 0.0011911292957366574}. Best is trial 0 with value: 22.816085815429688.
[I 2023-12-27 11:05:37,631] Trial 19 finished with value: 31.732025146484375 and parameters: {'gradient_clip_val': 0.1728724581132238, 'hidden_size': 36, 'dropout': 0.4565412938549255, 'hidden_continuous_size': 10, 'attention_head_size': 1, 'learning_rate': 0.0037934858239582598}. Best is trial 0 with value: 22.816085815429688.
[I 2023-12-27 11:05:38,007] Trial 20 finished with value: 50.46413803100586 and parameters: {'gradient_clip_val': 0.12501446100833521, 'hidden_size': 16, 'dropout': 0.33367979676438253, 'hidden_continuous_size': 7, 'attention_head_size': 2, 'learning_rate': 0.01112840665620325}. Best is trial 0 with value: 22.816085815429688.
[I 2023-12-27 11:05:38,405] Trial 21 finished with value: 36.77320861816406 and parameters: {'gradient_clip_val': 0.18107441396367624, 'hidden_size': 34, 'dropout': 0.4600362402684876, 'hidden_continuous_size': 10, 'attention_head_size': 1, 'learning_rate': 0.0039000767481826154}. Best is trial 0 with value: 22.816085815429688.
[I 2023-12-27 11:05:38,818] Trial 22 finished with value: 39.26360321044922 and parameters: {'gradient_clip_val': 0.2566640261326091, 'hidden_size': 48, 'dropout': 0.4682650674590121, 'hidden_continuous_size': 10, 'attention_head_size': 1, 'learning_rate': 0.004346708152238153}. Best is trial 0 with value: 22.816085815429688.
[I 2023-12-27 11:05:39,213] Trial 23 finished with value: 43.89524459838867 and parameters: {'gradient_clip_val': 0.17605485354845363, 'hidden_size': 32, 'dropout': 0.42512289408154436, 'hidden_continuous_size': 10, 'attention_head_size': 2, 'learning_rate': 0.0012240869824831765}. Best is trial 0 with value: 22.816085815429688.
[I 2023-12-27 11:05:39,603] Trial 24 finished with value: 49.32732009887695 and parameters: {'gradient_clip_val': 0.11253706768749681, 'hidden_size': 21, 'dropout': 0.46794746370649415, 'hidden_continuous_size': 9, 'attention_head_size': 1, 'learning_rate': 0.01104329793703273}. Best is trial 0 with value: 22.816085815429688.
[I 2023-12-27 11:05:39,988] Trial 25 finished with value: 39.66310501098633 and parameters: {'gradient_clip_val': 0.14282410815325694, 'hidden_size': 18, 'dropout': 0.3861671545750571, 'hidden_continuous_size': 6, 'attention_head_size': 2, 'learning_rate': 0.003047779831731433}. Best is trial 0 with value: 22.816085815429688.
[I 2023-12-27 11:05:40,373] Trial 26 finished with value: 59.855499267578125 and parameters: {'gradient_clip_val': 0.17649739522631988, 'hidden_size': 32, 'dropout': 0.4962609055201613, 'hidden_continuous_size': 12, 'attention_head_size': 1, 'learning_rate': 0.005498100092388287}. Best is trial 0 with value: 22.816085815429688.
[I 2023-12-27 11:05:40,816] Trial 27 finished with value: 36.30255126953125 and parameters: {'gradient_clip_val': 0.1215199177762473, 'hidden_size': 65, 'dropout': 0.41994904398479443, 'hidden_continuous_size': 12, 'attention_head_size': 2, 'learning_rate': 0.0019358339010883436}. Best is trial 0 with value: 22.816085815429688.
[I 2023-12-27 11:05:41,216] Trial 28 finished with value: 36.624637603759766 and parameters: {'gradient_clip_val': 0.10521321818788895, 'hidden_size': 21, 'dropout': 0.44126290085410325, 'hidden_continuous_size': 7, 'attention_head_size': 3, 'learning_rate': 0.003524377674851688}. Best is trial 0 with value: 22.816085815429688.
[I 2023-12-27 11:05:41,597] Trial 29 finished with value: 58.98919677734375 and parameters: {'gradient_clip_val': 0.2679299159216434, 'hidden_size': 22, 'dropout': 0.42573616677242754, 'hidden_continuous_size': 8, 'attention_head_size': 4, 'learning_rate': 0.030615908388259172}. Best is trial 0 with value: 22.816085815429688.
