[I 2023-12-27 11:06:56,085] Trial 45 finished with value: 4.78845739364624 and parameters: {'gradient_clip_val': 0.25498252236399904, 'hidden_size': 22, 'dropout': 0.45400643104303484, 'hidden_continuous_size': 6, 'attention_head_size': 2, 'learning_rate': 0.0014034879980556992}. Best is trial 0 with value: 0.0841684341430664.
[I 2023-12-27 11:06:56,498] Trial 46 finished with value: 4.389379501342773 and parameters: {'gradient_clip_val': 0.298562310495016, 'hidden_size': 37, 'dropout': 0.33106441334472847, 'hidden_continuous_size': 17, 'attention_head_size': 4, 'learning_rate': 0.009088161194298915}. Best is trial 0 with value: 0.0841684341430664.
[I 2023-12-27 11:06:56,892] Trial 47 finished with value: 4.63249397277832 and parameters: {'gradient_clip_val': 0.24337863092492568, 'hidden_size': 15, 'dropout': 0.35882535702359086, 'hidden_continuous_size': 8, 'attention_head_size': 4, 'learning_rate': 0.010107372796117486}. Best is trial 0 with value: 0.0841684341430664.
[I 2023-12-27 11:06:57,323] Trial 48 finished with value: 3.9794795513153076 and parameters: {'gradient_clip_val': 0.5082367773952818, 'hidden_size': 51, 'dropout': 0.39484238323053905, 'hidden_continuous_size': 12, 'attention_head_size': 4, 'learning_rate': 0.024030304944847928}. Best is trial 0 with value: 0.0841684341430664.
[I 2023-12-27 11:06:57,735] Trial 49 finished with value: 4.997373104095459 and parameters: {'gradient_clip_val': 0.2138558532825775, 'hidden_size': 42, 'dropout': 0.47714451220679, 'hidden_continuous_size': 18, 'attention_head_size': 3, 'learning_rate': 0.005913166833066759}. Best is trial 0 with value: 0.0841684341430664.
[I 2023-12-27 11:06:57,845] A new study created in memory with name: no-name-3b773c10-d045-436e-b1b8-926b416faebc
/home/le004/conda/anaconda3/envs/tsff_env/lib/python3.9/site-packages/lightning/fabric/plugins/environments/slurm.py:191: The `srun` command is available on your system but is not used. HINT: If your intention is to run Lightning on SLURM, prepend your python command with `srun` like so: srun python /home/le004/master_thesis/git/TSFusionForecast/code/ ...
[I 2023-12-27 11:07:32,642] Trial 0 finished with value: 1.150375485420227 and parameters: {'gradient_clip_val': 0.31042796531000827, 'hidden_size': 31, 'dropout': 0.4256372932116592, 'hidden_continuous_size': 7, 'attention_head_size': 1, 'learning_rate': 0.0009170714749140631}. Best is trial 0 with value: 1.150375485420227.
[I 2023-12-27 11:07:41,496] Trial 1 finished with value: 1.5875210762023926 and parameters: {'gradient_clip_val': 0.6545785238188908, 'hidden_size': 5, 'dropout': 0.3409886851193238, 'hidden_continuous_size': 5, 'attention_head_size': 1, 'learning_rate': 0.0029154085614192674}. Best is trial 0 with value: 1.150375485420227.
[I 2023-12-27 11:07:41,808] Trial 2 finished with value: 1.9397274255752563 and parameters: {'gradient_clip_val': 0.8006250886516499, 'hidden_size': 5, 'dropout': 0.30353538350024545, 'hidden_continuous_size': 5, 'attention_head_size': 2, 'learning_rate': 0.0012543701786855265}. Best is trial 0 with value: 1.150375485420227.
[I 2023-12-27 11:07:42,186] Trial 3 finished with value: 2.3370351791381836 and parameters: {'gradient_clip_val': 0.5631197971675829, 'hidden_size': 37, 'dropout': 0.14520717688048648, 'hidden_continuous_size': 8, 'attention_head_size': 4, 'learning_rate': 0.007150121827303645}. Best is trial 0 with value: 1.150375485420227.
[I 2023-12-27 11:07:42,533] Trial 4 finished with value: 2.6600990295410156 and parameters: {'gradient_clip_val': 0.1780442701577762, 'hidden_size': 11, 'dropout': 0.3978246345538029, 'hidden_continuous_size': 9, 'attention_head_size': 2, 'learning_rate': 0.015769002065402053}. Best is trial 0 with value: 1.150375485420227.
[I 2023-12-27 11:07:43,221] Trial 5 finished with value: 3.107963800430298 and parameters: {'gradient_clip_val': 0.13095721077197872, 'hidden_size': 97, 'dropout': 0.4548788850774518, 'hidden_continuous_size': 29, 'attention_head_size': 3, 'learning_rate': 0.029561227841382876}. Best is trial 0 with value: 1.150375485420227.
[I 2023-12-27 11:07:43,623] Trial 6 finished with value: 2.7313058376312256 and parameters: {'gradient_clip_val': 0.37009856342061687, 'hidden_size': 53, 'dropout': 0.4320632620328053, 'hidden_continuous_size': 17, 'attention_head_size': 4, 'learning_rate': 0.0005070357414213262}. Best is trial 0 with value: 1.150375485420227.
[I 2023-12-27 11:07:43,950] Trial 7 finished with value: 1.584287166595459 and parameters: {'gradient_clip_val': 0.7091094617062662, 'hidden_size': 12, 'dropout': 0.24959105780436458, 'hidden_continuous_size': 12, 'attention_head_size': 3, 'learning_rate': 0.0006683986580243883}. Best is trial 0 with value: 1.150375485420227.
[I 2023-12-27 11:07:44,272] Trial 8 finished with value: 2.235123634338379 and parameters: {'gradient_clip_val': 0.8888430148426478, 'hidden_size': 9, 'dropout': 0.34409833003988877, 'hidden_continuous_size': 9, 'attention_head_size': 1, 'learning_rate': 0.016361956474532216}. Best is trial 0 with value: 1.150375485420227.
[I 2023-12-27 11:07:44,617] Trial 9 finished with value: 3.1270503997802734 and parameters: {'gradient_clip_val': 0.257015600678189, 'hidden_size': 17, 'dropout': 0.38309161606334297, 'hidden_continuous_size': 7, 'attention_head_size': 1, 'learning_rate': 0.06961332165185084}. Best is trial 0 with value: 1.150375485420227.
[I 2023-12-27 11:07:45,268] Trial 10 finished with value: 2.6643829345703125 and parameters: {'gradient_clip_val': 0.4075419284938741, 'hidden_size': 150, 'dropout': 0.49685779459578455, 'hidden_continuous_size': 70, 'attention_head_size': 2, 'learning_rate': 0.002173762111090854}. Best is trial 0 with value: 1.150375485420227.
[I 2023-12-27 11:07:45,665] Trial 11 finished with value: 2.627192974090576 and parameters: {'gradient_clip_val': 0.27657525932301075, 'hidden_size': 22, 'dropout': 0.22540887097782272, 'hidden_continuous_size': 6, 'attention_head_size': 3, 'learning_rate': 0.0005556280034401175}. Best is trial 0 with value: 1.150375485420227.
[I 2023-12-27 11:07:46,077] Trial 12 finished with value: 1.9372509717941284 and parameters: {'gradient_clip_val': 0.5083069122318264, 'hidden_size': 31, 'dropout': 0.24990406506611623, 'hidden_continuous_size': 11, 'attention_head_size': 3, 'learning_rate': 0.001194253111655931}. Best is trial 0 with value: 1.150375485420227.
[I 2023-12-27 11:07:46,435] Trial 13 finished with value: 3.1465349197387695 and parameters: {'gradient_clip_val': 0.8922492272342809, 'hidden_size': 16, 'dropout': 0.24224700024093182, 'hidden_continuous_size': 6, 'attention_head_size': 3, 'learning_rate': 0.0037727623751209853}. Best is trial 0 with value: 1.150375485420227.
[I 2023-12-27 11:07:46,856] Trial 14 finished with value: 1.8991584777832031 and parameters: {'gradient_clip_val': 0.45854131453379326, 'hidden_size': 57, 'dropout': 0.16207112975026483, 'hidden_continuous_size': 13, 'attention_head_size': 2, 'learning_rate': 0.0009940825692633035}. Best is trial 0 with value: 1.150375485420227.
[I 2023-12-27 11:07:47,242] Trial 15 finished with value: 2.904327154159546 and parameters: {'gradient_clip_val': 0.3291118884886022, 'hidden_size': 25, 'dropout': 0.11083763405361477, 'hidden_continuous_size': 8, 'attention_head_size': 4, 'learning_rate': 0.0005299315229073925}. Best is trial 0 with value: 1.150375485420227.
[I 2023-12-27 11:07:47,616] Trial 16 finished with value: 2.8218166828155518 and parameters: {'gradient_clip_val': 0.6472118128597188, 'hidden_size': 10, 'dropout': 0.28992914112419615, 'hidden_continuous_size': 5, 'attention_head_size': 1, 'learning_rate': 0.0018245934837270799}. Best is trial 0 with value: 1.150375485420227.
[I 2023-12-27 11:07:48,007] Trial 17 finished with value: 3.199977159500122 and parameters: {'gradient_clip_val': 0.24899732703274582, 'hidden_size': 40, 'dropout': 0.4950549869029883, 'hidden_continuous_size': 11, 'attention_head_size': 2, 'learning_rate': 0.004567251765441804}. Best is trial 0 with value: 1.150375485420227.
[I 2023-12-27 11:07:48,386] Trial 18 finished with value: 2.264681577682495 and parameters: {'gradient_clip_val': 0.39870563852738433, 'hidden_size': 19, 'dropout': 0.20238102377177813, 'hidden_continuous_size': 6, 'attention_head_size': 3, 'learning_rate': 0.001215461433579454}. Best is trial 0 with value: 1.150375485420227.
[I 2023-12-27 11:07:48,994] Trial 19 finished with value: 2.351775884628296 and parameters: {'gradient_clip_val': 0.20870900971159934, 'hidden_size': 14, 'dropout': 0.2799217551646772, 'hidden_continuous_size': 7, 'attention_head_size': 4, 'learning_rate': 0.000820221471738017}. Best is trial 0 with value: 1.150375485420227.
[I 2023-12-27 11:07:49,385] Trial 20 finished with value: 2.268284559249878 and parameters: {'gradient_clip_val': 0.3381420264900692, 'hidden_size': 27, 'dropout': 0.3270978293799579, 'hidden_continuous_size': 10, 'attention_head_size': 1, 'learning_rate': 0.0018929016012937448}. Best is trial 0 with value: 1.150375485420227.
[I 2023-12-27 11:07:49,708] Trial 21 finished with value: 2.4480273723602295 and parameters: {'gradient_clip_val': 0.6545884859950325, 'hidden_size': 5, 'dropout': 0.36504828903989595, 'hidden_continuous_size': 5, 'attention_head_size': 1, 'learning_rate': 0.002903211789936598}. Best is trial 0 with value: 1.150375485420227.
[I 2023-12-27 11:07:50,063] Trial 22 finished with value: 3.3271026611328125 and parameters: {'gradient_clip_val': 0.6844205873264521, 'hidden_size': 8, 'dropout': 0.33280957442212383, 'hidden_continuous_size': 5, 'attention_head_size': 1, 'learning_rate': 0.0008504364742842339}. Best is trial 0 with value: 1.150375485420227.
[I 2023-12-27 11:07:50,426] Trial 23 finished with value: 2.4742157459259033 and parameters: {'gradient_clip_val': 0.5284184607804786, 'hidden_size': 7, 'dropout': 0.40970853832495535, 'hidden_continuous_size': 5, 'attention_head_size': 2, 'learning_rate': 0.0016182168173873813}. Best is trial 0 with value: 1.150375485420227.
[I 2023-12-27 11:07:50,796] Trial 24 finished with value: 2.333155393600464 and parameters: {'gradient_clip_val': 0.99206729957958, 'hidden_size': 14, 'dropout': 0.3661051969975836, 'hidden_continuous_size': 6, 'attention_head_size': 1, 'learning_rate': 0.0026120547190605207}. Best is trial 0 with value: 1.150375485420227.
[I 2023-12-27 11:07:51,152] Trial 25 finished with value: 2.5156123638153076 and parameters: {'gradient_clip_val': 0.45143062674787915, 'hidden_size': 6, 'dropout': 0.31309380926005703, 'hidden_continuous_size': 5, 'attention_head_size': 2, 'learning_rate': 0.0009391347002333717}. Best is trial 0 with value: 1.150375485420227.
[I 2023-12-27 11:07:51,518] Trial 26 finished with value: 3.6398582458496094 and parameters: {'gradient_clip_val': 0.7234727686811648, 'hidden_size': 7, 'dropout': 0.2713620937458131, 'hidden_continuous_size': 5, 'attention_head_size': 3, 'learning_rate': 0.0007387171273824574}. Best is trial 0 with value: 1.150375485420227.
[I 2023-12-27 11:07:51,885] Trial 27 finished with value: 3.3022921085357666 and parameters: {'gradient_clip_val': 0.5950391591011857, 'hidden_size': 10, 'dropout': 0.3624317889373974, 'hidden_continuous_size': 6, 'attention_head_size': 1, 'learning_rate': 0.0016421280287635793}. Best is trial 0 with value: 1.150375485420227.
[I 2023-12-27 11:07:52,217] Trial 28 finished with value: 2.3684980869293213 and parameters: {'gradient_clip_val': 0.7564703200246568, 'hidden_size': 5, 'dropout': 0.42056480055740947, 'hidden_continuous_size': 5, 'attention_head_size': 2, 'learning_rate': 0.0007022866068740437}. Best is trial 0 with value: 1.150375485420227.
[I 2023-12-27 11:07:52,585] Trial 29 finished with value: 2.7354013919830322 and parameters: {'gradient_clip_val': 0.7976810315016818, 'hidden_size': 12, 'dropout': 0.29658279266304427, 'hidden_continuous_size': 7, 'attention_head_size': 1, 'learning_rate': 0.0012126913268794225}. Best is trial 0 with value: 1.150375485420227.
[I 2023-12-27 11:07:52,949] Trial 30 finished with value: 3.1778812408447266 and parameters: {'gradient_clip_val': 0.4861050101757806, 'hidden_size': 6, 'dropout': 0.30792685969959666, 'hidden_continuous_size': 5, 'attention_head_size': 2, 'learning_rate': 0.0013528487920838154}. Best is trial 0 with value: 1.150375485420227.
[I 2023-12-27 11:07:53,374] Trial 31 finished with value: 3.2642624378204346 and parameters: {'gradient_clip_val': 0.44662630813825244, 'hidden_size': 54, 'dropout': 0.19418542429052715, 'hidden_continuous_size': 13, 'attention_head_size': 3, 'learning_rate': 0.0010686297253243385}. Best is trial 0 with value: 1.150375485420227.
[I 2023-12-27 11:07:53,969] Trial 32 finished with value: 3.125384569168091 and parameters: {'gradient_clip_val': 0.5607737205609894, 'hidden_size': 12, 'dropout': 0.14125165923585553, 'hidden_continuous_size': 7, 'attention_head_size': 2, 'learning_rate': 0.000787318717304176}. Best is trial 0 with value: 1.150375485420227.
[I 2023-12-27 11:07:54,347] Trial 33 finished with value: 3.0636751651763916 and parameters: {'gradient_clip_val': 0.6012137536646823, 'hidden_size': 20, 'dropout': 0.18169800725018123, 'hidden_continuous_size': 8, 'attention_head_size': 1, 'learning_rate': 0.0025031139864769318}. Best is trial 0 with value: 1.150375485420227.
[I 2023-12-27 11:07:54,737] Trial 34 finished with value: 2.185713052749634 and parameters: {'gradient_clip_val': 0.5323175173896626, 'hidden_size': 8, 'dropout': 0.26007385712504194, 'hidden_continuous_size': 6, 'attention_head_size': 2, 'learning_rate': 0.0015548255248561034}. Best is trial 0 with value: 1.150375485420227.
[I 2023-12-27 11:07:55,141] Trial 35 finished with value: 3.603874921798706 and parameters: {'gradient_clip_val': 0.4362431278602404, 'hidden_size': 33, 'dropout': 0.22571733911934144, 'hidden_continuous_size': 14, 'attention_head_size': 3, 'learning_rate': 0.0010231576630035425}. Best is trial 0 with value: 1.150375485420227.
[I 2023-12-27 11:07:55,542] Trial 36 finished with value: 2.213120222091675 and parameters: {'gradient_clip_val': 0.36605978389052707, 'hidden_size': 48, 'dropout': 0.38861086284276497, 'hidden_continuous_size': 15, 'attention_head_size': 1, 'learning_rate': 0.006515980635014474}. Best is trial 0 with value: 1.150375485420227.
[I 2023-12-27 11:07:55,997] Trial 37 finished with value: 3.135913133621216 and parameters: {'gradient_clip_val': 0.3033205365424793, 'hidden_size': 69, 'dropout': 0.44873060983205665, 'hidden_continuous_size': 18, 'attention_head_size': 4, 'learning_rate': 0.0005441447657968489}. Best is trial 0 with value: 1.150375485420227.
[I 2023-12-27 11:07:56,379] Trial 38 finished with value: 3.2226381301879883 and parameters: {'gradient_clip_val': 0.6103056675815512, 'hidden_size': 25, 'dropout': 0.16638831553311334, 'hidden_continuous_size': 12, 'attention_head_size': 2, 'learning_rate': 0.0020739067785712707}. Best is trial 0 with value: 1.150375485420227.
[I 2023-12-27 11:07:56,768] Trial 39 finished with value: 3.0671002864837646 and parameters: {'gradient_clip_val': 0.7379654242422093, 'hidden_size': 37, 'dropout': 0.27394221395141305, 'hidden_continuous_size': 9, 'attention_head_size': 1, 'learning_rate': 0.0006387559522183413}. Best is trial 0 with value: 1.150375485420227.
[I 2023-12-27 11:07:57,146] Trial 40 finished with value: 2.226801633834839 and parameters: {'gradient_clip_val': 0.4843682619279416, 'hidden_size': 21, 'dropout': 0.34181959296754316, 'hidden_continuous_size': 9, 'attention_head_size': 3, 'learning_rate': 0.000984083331096231}. Best is trial 0 with value: 1.150375485420227.
[I 2023-12-27 11:07:57,542] Trial 41 finished with value: 2.629148483276367 and parameters: {'gradient_clip_val': 0.5201532524962845, 'hidden_size': 30, 'dropout': 0.25484418182335417, 'hidden_continuous_size': 11, 'attention_head_size': 3, 'learning_rate': 0.001327613664514661}. Best is trial 0 with value: 1.150375485420227.
[I 2023-12-27 11:07:57,940] Trial 42 finished with value: 2.108228921890259 and parameters: {'gradient_clip_val': 0.3717805970291016, 'hidden_size': 30, 'dropout': 0.2152136833761095, 'hidden_continuous_size': 10, 'attention_head_size': 3, 'learning_rate': 0.0006645325288311924}. Best is trial 0 with value: 1.150375485420227.
[I 2023-12-27 11:07:58,310] Trial 43 finished with value: 2.585728883743286 and parameters: {'gradient_clip_val': 0.6720293207194288, 'hidden_size': 17, 'dropout': 0.24154978702579688, 'hidden_continuous_size': 10, 'attention_head_size': 3, 'learning_rate': 0.0010943767766339225}. Best is trial 0 with value: 1.150375485420227.
[I 2023-12-27 11:07:58,696] Trial 44 finished with value: 2.6230967044830322 and parameters: {'gradient_clip_val': 0.8217204565671031, 'hidden_size': 23, 'dropout': 0.31199573177761963, 'hidden_continuous_size': 12, 'attention_head_size': 4, 'learning_rate': 0.0014792241931453952}. Best is trial 0 with value: 1.150375485420227.
[I 2023-12-27 11:07:59,321] Trial 45 finished with value: 2.7108755111694336 and parameters: {'gradient_clip_val': 0.5750010652741597, 'hidden_size': 41, 'dropout': 0.23041920220074144, 'hidden_continuous_size': 17, 'attention_head_size': 3, 'learning_rate': 0.0005135800022662782}. Best is trial 0 with value: 1.150375485420227.
[I 2023-12-27 11:07:59,714] Trial 46 finished with value: 2.67374324798584 and parameters: {'gradient_clip_val': 0.410838260233326, 'hidden_size': 34, 'dropout': 0.25220442532254106, 'hidden_continuous_size': 13, 'attention_head_size': 3, 'learning_rate': 0.003263567719630446}. Best is trial 0 with value: 1.150375485420227.
[I 2023-12-27 11:08:00,124] Trial 47 finished with value: 2.929724931716919 and parameters: {'gradient_clip_val': 0.5095303766458983, 'hidden_size': 25, 'dropout': 0.2883214456571174, 'hidden_continuous_size': 11, 'attention_head_size': 2, 'learning_rate': 0.0008188831501022121}. Best is trial 0 with value: 1.150375485420227.
[I 2023-12-27 11:08:00,506] Trial 48 finished with value: 3.4567878246307373 and parameters: {'gradient_clip_val': 0.10977376530886326, 'hidden_size': 18, 'dropout': 0.21263664641719415, 'hidden_continuous_size': 8, 'attention_head_size': 1, 'learning_rate': 0.0021631973064205716}. Best is trial 0 with value: 1.150375485420227.
[I 2023-12-27 11:08:00,962] Trial 49 finished with value: 2.7814061641693115 and parameters: {'gradient_clip_val': 0.30844868491564426, 'hidden_size': 68, 'dropout': 0.26792443080321926, 'hidden_continuous_size': 22, 'attention_head_size': 2, 'learning_rate': 0.0012670968140252575}. Best is trial 0 with value: 1.150375485420227.
[I 2023-12-27 11:08:01,074] A new study created in memory with name: no-name-ee3eb67b-9827-4d5b-8dfc-0c13ea1625c4
/home/le004/conda/anaconda3/envs/tsff_env/lib/python3.9/site-packages/lightning/fabric/plugins/environments/slurm.py:191: The `srun` command is available on your system but is not used. HINT: If your intention is to run Lightning on SLURM, prepend your python command with `srun` like so: srun python /home/le004/master_thesis/git/TSFusionForecast/code/ ...
[I 2023-12-27 11:08:33,744] Trial 0 finished with value: 2.3008179664611816 and parameters: {'gradient_clip_val': 0.7451308275104154, 'hidden_size': 131, 'dropout': 0.4874541814037192, 'hidden_continuous_size': 34, 'attention_head_size': 2, 'learning_rate': 0.0026107800637314616}. Best is trial 0 with value: 2.3008179664611816.
[I 2023-12-27 11:08:34,099] Trial 1 finished with value: 4.103506565093994 and parameters: {'gradient_clip_val': 0.5305913050864879, 'hidden_size': 20, 'dropout': 0.3070120727561003, 'hidden_continuous_size': 8, 'attention_head_size': 2, 'learning_rate': 0.03803982598202854}. Best is trial 0 with value: 2.3008179664611816.
[I 2023-12-27 11:08:34,421] Trial 2 finished with value: 3.8568403720855713 and parameters: {'gradient_clip_val': 0.4381413782600287, 'hidden_size': 7, 'dropout': 0.10746826699438389, 'hidden_continuous_size': 7, 'attention_head_size': 2, 'learning_rate': 0.006975279897614135}. Best is trial 0 with value: 2.3008179664611816.
[I 2023-12-27 11:08:34,795] Trial 3 finished with value: 3.9420535564422607 and parameters: {'gradient_clip_val': 0.13593755933684226, 'hidden_size': 26, 'dropout': 0.4037775685767512, 'hidden_continuous_size': 5, 'attention_head_size': 3, 'learning_rate': 0.05752746127276711}. Best is trial 0 with value: 2.3008179664611816.
[I 2023-12-27 11:08:35,113] Trial 4 finished with value: 3.6708147525787354 and parameters: {'gradient_clip_val': 0.7861232601373158, 'hidden_size': 5, 'dropout': 0.3678723167581085, 'hidden_continuous_size': 5, 'attention_head_size': 1, 'learning_rate': 0.055921728605136424}. Best is trial 0 with value: 2.3008179664611816.
[I 2023-12-27 11:08:35,579] Trial 5 finished with value: 4.3350605964660645 and parameters: {'gradient_clip_val': 0.4418788273372818, 'hidden_size': 93, 'dropout': 0.42924304420861814, 'hidden_continuous_size': 6, 'attention_head_size': 4, 'learning_rate': 0.0034986359676527747}. Best is trial 0 with value: 2.3008179664611816.
[I 2023-12-27 11:08:36,074] Trial 6 finished with value: 5.190277576446533 and parameters: {'gradient_clip_val': 0.40227768814369064, 'hidden_size': 98, 'dropout': 0.20042975441340963, 'hidden_continuous_size': 32, 'attention_head_size': 4, 'learning_rate': 0.0006658047498436292}. Best is trial 0 with value: 2.3008179664611816.
[I 2023-12-27 11:08:36,713] Trial 7 finished with value: 2.780498504638672 and parameters: {'gradient_clip_val': 0.18119335133342102, 'hidden_size': 44, 'dropout': 0.1795959607729099, 'hidden_continuous_size': 11, 'attention_head_size': 4, 'learning_rate': 0.010891953504817014}. Best is trial 0 with value: 2.3008179664611816.
[I 2023-12-27 11:08:37,097] Trial 8 finished with value: 3.284728765487671 and parameters: {'gradient_clip_val': 0.3542779736765292, 'hidden_size': 27, 'dropout': 0.4940864719396537, 'hidden_continuous_size': 15, 'attention_head_size': 4, 'learning_rate': 0.0014092747987662733}. Best is trial 0 with value: 2.3008179664611816.
