[I 2023-12-27 11:30:31,358] Trial 43 finished with value: 1.5965501070022583 and parameters: {'gradient_clip_val': 0.8385149877660788, 'hidden_size': 5, 'dropout': 0.23075401168789478, 'hidden_continuous_size': 5, 'attention_head_size': 1, 'learning_rate': 0.004162400694944805}. Best is trial 0 with value: 0.7837346196174622.
[I 2023-12-27 11:30:31,970] Trial 44 finished with value: 1.682212471961975 and parameters: {'gradient_clip_val': 0.774826499687928, 'hidden_size': 9, 'dropout': 0.26115985698891114, 'hidden_continuous_size': 6, 'attention_head_size': 1, 'learning_rate': 0.002055131229723119}. Best is trial 0 with value: 0.7837346196174622.
[I 2023-12-27 11:30:32,360] Trial 45 finished with value: 2.1654226779937744 and parameters: {'gradient_clip_val': 0.6685198443474455, 'hidden_size': 15, 'dropout': 0.2778207105023932, 'hidden_continuous_size': 9, 'attention_head_size': 2, 'learning_rate': 0.0027669059928465698}. Best is trial 0 with value: 0.7837346196174622.
[I 2023-12-27 11:30:32,732] Trial 46 finished with value: 2.062805414199829 and parameters: {'gradient_clip_val': 0.976400028216536, 'hidden_size': 7, 'dropout': 0.249700630164971, 'hidden_continuous_size': 6, 'attention_head_size': 3, 'learning_rate': 0.0033962574131176674}. Best is trial 0 with value: 0.7837346196174622.
[I 2023-12-27 11:30:33,096] Trial 47 finished with value: 1.8932133913040161 and parameters: {'gradient_clip_val': 0.5223520492525597, 'hidden_size': 12, 'dropout': 0.2970826011972098, 'hidden_continuous_size': 7, 'attention_head_size': 1, 'learning_rate': 0.0011985133567571629}. Best is trial 0 with value: 0.7837346196174622.
[I 2023-12-27 11:30:33,480] Trial 48 finished with value: 2.4352223873138428 and parameters: {'gradient_clip_val': 0.6038297937828246, 'hidden_size': 18, 'dropout': 0.20779066303579552, 'hidden_continuous_size': 8, 'attention_head_size': 2, 'learning_rate': 0.004330342948932925}. Best is trial 0 with value: 0.7837346196174622.
[I 2023-12-27 11:30:33,853] Trial 49 finished with value: 2.3599612712860107 and parameters: {'gradient_clip_val': 0.7705897883506536, 'hidden_size': 6, 'dropout': 0.1823936943034807, 'hidden_continuous_size': 5, 'attention_head_size': 3, 'learning_rate': 0.003421894421058912}. Best is trial 0 with value: 0.7837346196174622.
[I 2023-12-27 11:30:33,979] A new study created in memory with name: no-name-cde85c20-5d42-42fb-b11d-0a1064477df6
/home/le004/conda/anaconda3/envs/tsff_env/lib/python3.9/site-packages/lightning/fabric/plugins/environments/slurm.py:191: The `srun` command is available on your system but is not used. HINT: If your intention is to run Lightning on SLURM, prepend your python command with `srun` like so: srun python /home/le004/master_thesis/git/TSFusionForecast/code/ ...
[I 2023-12-27 11:31:06,432] Trial 0 finished with value: 0.9111288189888 and parameters: {'gradient_clip_val': 0.3955424380294177, 'hidden_size': 10, 'dropout': 0.22400774348870156, 'hidden_continuous_size': 5, 'attention_head_size': 3, 'learning_rate': 0.002355665503879605}. Best is trial 0 with value: 0.9111288189888.
[I 2023-12-27 11:31:59,778] Trial 1 finished with value: 0.03431057557463646 and parameters: {'gradient_clip_val': 0.1797338627661771, 'hidden_size': 116, 'dropout': 0.10684110390949858, 'hidden_continuous_size': 38, 'attention_head_size': 4, 'learning_rate': 0.0065847462981017115}. Best is trial 1 with value: 0.03431057557463646.
[I 2023-12-27 11:32:10,868] Trial 2 finished with value: 0.454176664352417 and parameters: {'gradient_clip_val': 0.33668261728736026, 'hidden_size': 41, 'dropout': 0.12425742842764659, 'hidden_continuous_size': 11, 'attention_head_size': 1, 'learning_rate': 0.012999110482587128}. Best is trial 1 with value: 0.03431057557463646.
[I 2023-12-27 11:32:11,209] Trial 3 finished with value: 2.8582208156585693 and parameters: {'gradient_clip_val': 0.51104070006866, 'hidden_size': 17, 'dropout': 0.23054924162449103, 'hidden_continuous_size': 11, 'attention_head_size': 1, 'learning_rate': 0.037947476913436196}. Best is trial 1 with value: 0.03431057557463646.
[I 2023-12-27 11:32:11,621] Trial 4 finished with value: 2.6382744312286377 and parameters: {'gradient_clip_val': 0.20453575427862544, 'hidden_size': 73, 'dropout': 0.11421659835427614, 'hidden_continuous_size': 6, 'attention_head_size': 3, 'learning_rate': 0.03780032447313734}. Best is trial 1 with value: 0.03431057557463646.
[I 2023-12-27 11:32:11,989] Trial 5 finished with value: 2.5526723861694336 and parameters: {'gradient_clip_val': 0.3533630200977297, 'hidden_size': 37, 'dropout': 0.1581294292673051, 'hidden_continuous_size': 8, 'attention_head_size': 2, 'learning_rate': 0.0015427110692973352}. Best is trial 1 with value: 0.03431057557463646.
[I 2023-12-27 11:32:12,469] Trial 6 finished with value: 2.360013961791992 and parameters: {'gradient_clip_val': 0.1374630842687243, 'hidden_size': 83, 'dropout': 0.13773900386260052, 'hidden_continuous_size': 23, 'attention_head_size': 1, 'learning_rate': 0.0009869327160427635}. Best is trial 1 with value: 0.03431057557463646.
[I 2023-12-27 11:32:12,826] Trial 7 finished with value: 1.9885082244873047 and parameters: {'gradient_clip_val': 0.1611705922983848, 'hidden_size': 17, 'dropout': 0.4416123747721521, 'hidden_continuous_size': 12, 'attention_head_size': 3, 'learning_rate': 0.0998291790922234}. Best is trial 1 with value: 0.03431057557463646.
[I 2023-12-27 11:32:13,136] Trial 8 finished with value: 2.6989030838012695 and parameters: {'gradient_clip_val': 0.1300122238809969, 'hidden_size': 5, 'dropout': 0.21018454484259125, 'hidden_continuous_size': 5, 'attention_head_size': 2, 'learning_rate': 0.0033754147967379805}. Best is trial 1 with value: 0.03431057557463646.
[I 2023-12-27 11:32:13,498] Trial 9 finished with value: 2.408492088317871 and parameters: {'gradient_clip_val': 0.27067861369966273, 'hidden_size': 15, 'dropout': 0.13780896293613562, 'hidden_continuous_size': 15, 'attention_head_size': 2, 'learning_rate': 0.006220815110520336}. Best is trial 1 with value: 0.03431057557463646.
[I 2023-12-27 11:32:14,122] Trial 10 finished with value: 2.4219095706939697 and parameters: {'gradient_clip_val': 0.8752466329907298, 'hidden_size': 150, 'dropout': 0.32374981218337956, 'hidden_continuous_size': 69, 'attention_head_size': 4, 'learning_rate': 0.00056355827308184}. Best is trial 1 with value: 0.03431057557463646.
[I 2023-12-27 11:32:14,533] Trial 11 finished with value: 3.039386034011841 and parameters: {'gradient_clip_val': 0.1000886554560222, 'hidden_size': 40, 'dropout': 0.1021345918755034, 'hidden_continuous_size': 23, 'attention_head_size': 4, 'learning_rate': 0.010513651402896495}. Best is trial 1 with value: 0.03431057557463646.
[I 2023-12-27 11:32:15,139] Trial 12 finished with value: 2.3861703872680664 and parameters: {'gradient_clip_val': 0.22061814624257853, 'hidden_size': 149, 'dropout': 0.3019033272430631, 'hidden_continuous_size': 61, 'attention_head_size': 4, 'learning_rate': 0.011268533322273577}. Best is trial 1 with value: 0.03431057557463646.
[I 2023-12-27 11:32:15,570] Trial 13 finished with value: 3.143967628479004 and parameters: {'gradient_clip_val': 0.2523801482777542, 'hidden_size': 60, 'dropout': 0.1849556175934738, 'hidden_continuous_size': 34, 'attention_head_size': 1, 'learning_rate': 0.004975085483090574}. Best is trial 1 with value: 0.03431057557463646.
[I 2023-12-27 11:32:15,944] Trial 14 finished with value: 1.8918837308883667 and parameters: {'gradient_clip_val': 0.18892282157050025, 'hidden_size': 32, 'dropout': 0.10498656682669104, 'hidden_continuous_size': 8, 'attention_head_size': 2, 'learning_rate': 0.013769795935543382}. Best is trial 1 with value: 0.03431057557463646.
[I 2023-12-27 11:32:16,352] Trial 15 finished with value: 1.8880237340927124 and parameters: {'gradient_clip_val': 0.3066656673310754, 'hidden_size': 52, 'dropout': 0.18231723155445864, 'hidden_continuous_size': 17, 'attention_head_size': 3, 'learning_rate': 0.0034826020265437386}. Best is trial 1 with value: 0.03431057557463646.
[I 2023-12-27 11:32:17,077] Trial 16 finished with value: 2.235948324203491 and parameters: {'gradient_clip_val': 0.43032439707038106, 'hidden_size': 93, 'dropout': 0.268045056595826, 'hidden_continuous_size': 38, 'attention_head_size': 1, 'learning_rate': 0.007792453278579325}. Best is trial 1 with value: 0.03431057557463646.
[I 2023-12-27 11:32:17,573] Trial 17 finished with value: 2.6022462844848633 and parameters: {'gradient_clip_val': 0.27820009378696514, 'hidden_size': 104, 'dropout': 0.15894985806396847, 'hidden_continuous_size': 42, 'attention_head_size': 4, 'learning_rate': 0.022608602258645815}. Best is trial 1 with value: 0.03431057557463646.
[I 2023-12-27 11:32:17,987] Trial 18 finished with value: 1.9012428522109985 and parameters: {'gradient_clip_val': 0.1777114012726956, 'hidden_size': 50, 'dropout': 0.10184175176234947, 'hidden_continuous_size': 24, 'attention_head_size': 3, 'learning_rate': 0.005335716481745178}. Best is trial 1 with value: 0.03431057557463646.
[I 2023-12-27 11:32:18,362] Trial 19 finished with value: 2.2153995037078857 and parameters: {'gradient_clip_val': 0.22978404300108368, 'hidden_size': 24, 'dropout': 0.17695330748372698, 'hidden_continuous_size': 9, 'attention_head_size': 2, 'learning_rate': 0.01986837694117429}. Best is trial 1 with value: 0.03431057557463646.
[I 2023-12-27 11:32:18,770] Trial 20 finished with value: 2.5933706760406494 and parameters: {'gradient_clip_val': 0.5520331580375254, 'hidden_size': 64, 'dropout': 0.25744073407356205, 'hidden_continuous_size': 14, 'attention_head_size': 1, 'learning_rate': 0.007980005752935596}. Best is trial 1 with value: 0.03431057557463646.
[I 2023-12-27 11:32:19,135] Trial 21 finished with value: 2.15767502784729 and parameters: {'gradient_clip_val': 0.36737094713044405, 'hidden_size': 9, 'dropout': 0.20038777520384932, 'hidden_continuous_size': 5, 'attention_head_size': 3, 'learning_rate': 0.002610441272078429}. Best is trial 1 with value: 0.03431057557463646.
[I 2023-12-27 11:32:19,513] Trial 22 finished with value: 1.8352899551391602 and parameters: {'gradient_clip_val': 0.3292884777512899, 'hidden_size': 25, 'dropout': 0.13245213418672885, 'hidden_continuous_size': 6, 'attention_head_size': 4, 'learning_rate': 0.0020959376946977967}. Best is trial 1 with value: 0.03431057557463646.
[I 2023-12-27 11:32:19,913] Trial 23 finished with value: 2.315099000930786 and parameters: {'gradient_clip_val': 0.4116839270268472, 'hidden_size': 44, 'dropout': 0.15311430974089985, 'hidden_continuous_size': 18, 'attention_head_size': 3, 'learning_rate': 0.0039613549182724965}. Best is trial 1 with value: 0.03431057557463646.
[I 2023-12-27 11:32:20,313] Trial 24 finished with value: 2.494246244430542 and parameters: {'gradient_clip_val': 0.2851209423233333, 'hidden_size': 31, 'dropout': 0.22880285581850027, 'hidden_continuous_size': 10, 'attention_head_size': 4, 'learning_rate': 0.0018071388591882319}. Best is trial 1 with value: 0.03431057557463646.
[I 2023-12-27 11:32:20,854] Trial 25 finished with value: 2.0295770168304443 and parameters: {'gradient_clip_val': 0.22985874594547953, 'hidden_size': 108, 'dropout': 0.13535361288593856, 'hidden_continuous_size': 92, 'attention_head_size': 3, 'learning_rate': 0.005458749831673481}. Best is trial 1 with value: 0.03431057557463646.
[I 2023-12-27 11:32:21,299] Trial 26 finished with value: 2.617342710494995 and parameters: {'gradient_clip_val': 0.31888178463363226, 'hidden_size': 67, 'dropout': 0.1692103163223354, 'hidden_continuous_size': 7, 'attention_head_size': 2, 'learning_rate': 0.0029584576371299875}. Best is trial 1 with value: 0.03431057557463646.
[I 2023-12-27 11:32:21,684] Trial 27 finished with value: 2.4146783351898193 and parameters: {'gradient_clip_val': 0.48866747559592844, 'hidden_size': 11, 'dropout': 0.20454657439523832, 'hidden_continuous_size': 7, 'attention_head_size': 4, 'learning_rate': 0.008158092237086427}. Best is trial 1 with value: 0.03431057557463646.
[I 2023-12-27 11:32:22,101] Trial 28 finished with value: 2.7420761585235596 and parameters: {'gradient_clip_val': 0.6516485770950722, 'hidden_size': 49, 'dropout': 0.12747986471128783, 'hidden_continuous_size': 10, 'attention_head_size': 3, 'learning_rate': 0.0013196854778601379}. Best is trial 1 with value: 0.03431057557463646.
[I 2023-12-27 11:32:22,838] Trial 29 finished with value: 2.7511274814605713 and parameters: {'gradient_clip_val': 0.42376715342650123, 'hidden_size': 121, 'dropout': 0.24067777150798503, 'hidden_continuous_size': 11, 'attention_head_size': 1, 'learning_rate': 0.0023222574611002785}. Best is trial 1 with value: 0.03431057557463646.
[I 2023-12-27 11:32:23,299] Trial 30 finished with value: 2.508047342300415 and parameters: {'gradient_clip_val': 0.36908943307552267, 'hidden_size': 81, 'dropout': 0.15676001697191083, 'hidden_continuous_size': 12, 'attention_head_size': 4, 'learning_rate': 0.0041488433790842355}. Best is trial 1 with value: 0.03431057557463646.
[I 2023-12-27 11:32:23,703] Trial 31 finished with value: 2.9487037658691406 and parameters: {'gradient_clip_val': 0.33680443816699346, 'hidden_size': 23, 'dropout': 0.12654844380780186, 'hidden_continuous_size': 6, 'attention_head_size': 4, 'learning_rate': 0.001880701955291876}. Best is trial 1 with value: 0.03431057557463646.
[I 2023-12-27 11:32:24,093] Trial 32 finished with value: 3.3863296508789062 and parameters: {'gradient_clip_val': 0.30357626926948306, 'hidden_size': 26, 'dropout': 0.1221771937536519, 'hidden_continuous_size': 5, 'attention_head_size': 4, 'learning_rate': 0.002373181412524336}. Best is trial 1 with value: 0.03431057557463646.
[I 2023-12-27 11:32:24,485] Trial 33 finished with value: 2.545628786087036 and parameters: {'gradient_clip_val': 0.25180594033642995, 'hidden_size': 34, 'dropout': 0.1026160266095652, 'hidden_continuous_size': 6, 'attention_head_size': 3, 'learning_rate': 0.0042105885491971655}. Best is trial 1 with value: 0.03431057557463646.
[I 2023-12-27 11:32:24,955] Trial 34 finished with value: 2.574000597000122 and parameters: {'gradient_clip_val': 0.3464598017245146, 'hidden_size': 79, 'dropout': 0.15440372953130932, 'hidden_continuous_size': 8, 'attention_head_size': 4, 'learning_rate': 0.0012348650196856196}. Best is trial 1 with value: 0.03431057557463646.
[I 2023-12-27 11:32:25,370] Trial 35 finished with value: 1.9474395513534546 and parameters: {'gradient_clip_val': 0.19297064394012298, 'hidden_size': 39, 'dropout': 0.13841422916467988, 'hidden_continuous_size': 7, 'attention_head_size': 3, 'learning_rate': 0.0008531697468614703}. Best is trial 1 with value: 0.03431057557463646.
[I 2023-12-27 11:32:25,749] Trial 36 finished with value: 2.889683485031128 and parameters: {'gradient_clip_val': 0.39000761046322135, 'hidden_size': 20, 'dropout': 0.18919593572251842, 'hidden_continuous_size': 9, 'attention_head_size': 2, 'learning_rate': 0.0018482806778758994}. Best is trial 1 with value: 0.03431057557463646.
[I 2023-12-27 11:32:26,162] Trial 37 finished with value: 1.9423928260803223 and parameters: {'gradient_clip_val': 0.3337263949195003, 'hidden_size': 31, 'dropout': 0.11863723039823931, 'hidden_continuous_size': 13, 'attention_head_size': 4, 'learning_rate': 0.0030138303665872054}. Best is trial 1 with value: 0.03431057557463646.
[I 2023-12-27 11:32:26,536] Trial 38 finished with value: 2.3690390586853027 and parameters: {'gradient_clip_val': 0.2117017940222168, 'hidden_size': 17, 'dropout': 0.21422419354902994, 'hidden_continuous_size': 5, 'attention_head_size': 3, 'learning_rate': 0.00646598428505833}. Best is trial 1 with value: 0.03431057557463646.
[I 2023-12-27 11:32:26,967] Trial 39 finished with value: 2.212712049484253 and parameters: {'gradient_clip_val': 0.1643100961230444, 'hidden_size': 58, 'dropout': 0.16827021588818283, 'hidden_continuous_size': 6, 'attention_head_size': 4, 'learning_rate': 0.000959752795265902}. Best is trial 1 with value: 0.03431057557463646.
[I 2023-12-27 11:32:27,337] Trial 40 finished with value: 2.8167612552642822 and parameters: {'gradient_clip_val': 0.2629294783404328, 'hidden_size': 13, 'dropout': 0.1388603739411391, 'hidden_continuous_size': 5, 'attention_head_size': 2, 'learning_rate': 0.03495751364501433}. Best is trial 1 with value: 0.03431057557463646.
[I 2023-12-27 11:32:27,755] Trial 41 finished with value: 2.036249876022339 and parameters: {'gradient_clip_val': 0.3025805394005269, 'hidden_size': 50, 'dropout': 0.1887321559756131, 'hidden_continuous_size': 15, 'attention_head_size': 3, 'learning_rate': 0.003504299943330888}. Best is trial 1 with value: 0.03431057557463646.
[I 2023-12-27 11:32:28,148] Trial 42 finished with value: 2.4137139320373535 and parameters: {'gradient_clip_val': 0.30066922240749894, 'hidden_size': 28, 'dropout': 0.14764091302354843, 'hidden_continuous_size': 17, 'attention_head_size': 3, 'learning_rate': 0.0035523107546916724}. Best is trial 1 with value: 0.03431057557463646.
[I 2023-12-27 11:32:28,834] Trial 43 finished with value: 3.2233645915985107 and parameters: {'gradient_clip_val': 0.14209040644964635, 'hidden_size': 74, 'dropout': 0.11826408433200698, 'hidden_continuous_size': 16, 'attention_head_size': 3, 'learning_rate': 0.00476180140120434}. Best is trial 1 with value: 0.03431057557463646.
[I 2023-12-27 11:32:29,245] Trial 44 finished with value: 2.873382329940796 and parameters: {'gradient_clip_val': 0.24552009902605526, 'hidden_size': 38, 'dropout': 0.17963149189103433, 'hidden_continuous_size': 19, 'attention_head_size': 2, 'learning_rate': 0.006541826303652813}. Best is trial 1 with value: 0.03431057557463646.
[I 2023-12-27 11:32:29,731] Trial 45 finished with value: 2.4138662815093994 and parameters: {'gradient_clip_val': 0.27641381748886995, 'hidden_size': 89, 'dropout': 0.16546349683699543, 'hidden_continuous_size': 22, 'attention_head_size': 4, 'learning_rate': 0.002302904927541872}. Best is trial 1 with value: 0.03431057557463646.
[I 2023-12-27 11:32:30,114] Trial 46 finished with value: 1.976029396057129 and parameters: {'gradient_clip_val': 0.46792571829844587, 'hidden_size': 20, 'dropout': 0.1446718020375558, 'hidden_continuous_size': 11, 'attention_head_size': 1, 'learning_rate': 0.011224117171008966}. Best is trial 1 with value: 0.03431057557463646.
[I 2023-12-27 11:32:30,537] Trial 47 finished with value: 2.746511459350586 and parameters: {'gradient_clip_val': 0.354328692151649, 'hidden_size': 43, 'dropout': 0.11476718247519306, 'hidden_continuous_size': 12, 'attention_head_size': 4, 'learning_rate': 0.0032191288807456326}. Best is trial 1 with value: 0.03431057557463646.
[I 2023-12-27 11:32:30,970] Trial 48 finished with value: 2.8390562534332275 and parameters: {'gradient_clip_val': 0.39892877744394906, 'hidden_size': 55, 'dropout': 0.10033074324964372, 'hidden_continuous_size': 28, 'attention_head_size': 3, 'learning_rate': 0.008683152390265634}. Best is trial 1 with value: 0.03431057557463646.
[I 2023-12-27 11:32:31,425] Trial 49 finished with value: 2.4198970794677734 and parameters: {'gradient_clip_val': 0.2155702585523646, 'hidden_size': 70, 'dropout': 0.19168130186337068, 'hidden_continuous_size': 14, 'attention_head_size': 3, 'learning_rate': 0.005663491522360588}. Best is trial 1 with value: 0.03431057557463646.
[I 2023-12-27 11:32:31,536] A new study created in memory with name: no-name-e1e18192-0382-44e9-8627-d885d4f2bfbc
/home/le004/conda/anaconda3/envs/tsff_env/lib/python3.9/site-packages/lightning/fabric/plugins/environments/slurm.py:191: The `srun` command is available on your system but is not used. HINT: If your intention is to run Lightning on SLURM, prepend your python command with `srun` like so: srun python /home/le004/master_thesis/git/TSFusionForecast/code/ ...
[I 2023-12-27 11:33:18,184] Trial 0 finished with value: 0.052052583545446396 and parameters: {'gradient_clip_val': 0.12813796470003963, 'hidden_size': 90, 'dropout': 0.17827027378247276, 'hidden_continuous_size': 21, 'attention_head_size': 3, 'learning_rate': 0.04873516379786893}. Best is trial 0 with value: 0.052052583545446396.
[I 2023-12-27 11:33:24,432] Trial 1 finished with value: 0.2600398063659668 and parameters: {'gradient_clip_val': 0.5200373457746837, 'hidden_size': 71, 'dropout': 0.42394902101923837, 'hidden_continuous_size': 6, 'attention_head_size': 3, 'learning_rate': 0.05836371802202216}. Best is trial 0 with value: 0.052052583545446396.
[I 2023-12-27 11:33:24,789] Trial 2 finished with value: 2.279726982116699 and parameters: {'gradient_clip_val': 0.13937984728955063, 'hidden_size': 7, 'dropout': 0.32288695937491774, 'hidden_continuous_size': 5, 'attention_head_size': 4, 'learning_rate': 0.07818425889883764}. Best is trial 0 with value: 0.052052583545446396.
[I 2023-12-27 11:33:25,157] Trial 3 finished with value: 2.4781243801116943 and parameters: {'gradient_clip_val': 0.51752468860359, 'hidden_size': 27, 'dropout': 0.2795733897379191, 'hidden_continuous_size': 12, 'attention_head_size': 4, 'learning_rate': 0.054679181243483}. Best is trial 0 with value: 0.052052583545446396.
[I 2023-12-27 11:33:25,844] Trial 4 finished with value: 2.1371452808380127 and parameters: {'gradient_clip_val': 0.7953778919311723, 'hidden_size': 111, 'dropout': 0.25638824500525575, 'hidden_continuous_size': 9, 'attention_head_size': 1, 'learning_rate': 0.0007956456432838758}. Best is trial 0 with value: 0.052052583545446396.
[I 2023-12-27 11:33:26,245] Trial 5 finished with value: 2.7628071308135986 and parameters: {'gradient_clip_val': 0.6157742786140664, 'hidden_size': 64, 'dropout': 0.4744766376101691, 'hidden_continuous_size': 20, 'attention_head_size': 4, 'learning_rate': 0.015780087296744145}. Best is trial 0 with value: 0.052052583545446396.
