[I 2023-12-27 11:27:08,084] Trial 41 finished with value: 390.945556640625 and parameters: {'gradient_clip_val': 0.4940221936347402, 'hidden_size': 84, 'dropout': 0.33514110533877517, 'hidden_continuous_size': 71, 'attention_head_size': 4, 'learning_rate': 0.0011853623275785798}. Best is trial 0 with value: 87.7617416381836.
LOCAL_RANK: 0 - CUDA_VISIBLE_DEVICES: [0]
[I 2023-12-27 11:27:08,583] Trial 42 finished with value: 263.0929870605469 and parameters: {'gradient_clip_val': 0.4019590849856701, 'hidden_size': 102, 'dropout': 0.26840014639957044, 'hidden_continuous_size': 35, 'attention_head_size': 4, 'learning_rate': 0.0015149651173763116}. Best is trial 0 with value: 87.7617416381836.
LOCAL_RANK: 0 - CUDA_VISIBLE_DEVICES: [0]
[I 2023-12-27 11:27:09,096] Trial 43 finished with value: 273.4759826660156 and parameters: {'gradient_clip_val': 0.5725387351510958, 'hidden_size': 134, 'dropout': 0.39584914156377443, 'hidden_continuous_size': 46, 'attention_head_size': 4, 'learning_rate': 0.003208150700097187}. Best is trial 0 with value: 87.7617416381836.
LOCAL_RANK: 0 - CUDA_VISIBLE_DEVICES: [0]
[I 2023-12-27 11:27:09,568] Trial 44 finished with value: 277.83770751953125 and parameters: {'gradient_clip_val': 0.1856529806502187, 'hidden_size': 15, 'dropout': 0.35365372310133314, 'hidden_continuous_size': 9, 'attention_head_size': 4, 'learning_rate': 0.07123802276800814}. Best is trial 0 with value: 87.7617416381836.
LOCAL_RANK: 0 - CUDA_VISIBLE_DEVICES: [0]
[I 2023-12-27 11:27:10,066] Trial 45 finished with value: 282.7104187011719 and parameters: {'gradient_clip_val': 0.12497824229165011, 'hidden_size': 90, 'dropout': 0.3014333422728281, 'hidden_continuous_size': 15, 'attention_head_size': 3, 'learning_rate': 0.0025444475126891524}. Best is trial 0 with value: 87.7617416381836.
LOCAL_RANK: 0 - CUDA_VISIBLE_DEVICES: [0]
[I 2023-12-27 11:27:10,597] Trial 46 finished with value: 354.8328857421875 and parameters: {'gradient_clip_val': 0.13798295896394705, 'hidden_size': 124, 'dropout': 0.4301999463127808, 'hidden_continuous_size': 5, 'attention_head_size': 4, 'learning_rate': 0.001102487174244023}. Best is trial 0 with value: 87.7617416381836.
LOCAL_RANK: 0 - CUDA_VISIBLE_DEVICES: [0]
[I 2023-12-27 11:27:11,121] Trial 47 finished with value: 368.675048828125 and parameters: {'gradient_clip_val': 0.11419672357330439, 'hidden_size': 57, 'dropout': 0.39340808826284457, 'hidden_continuous_size': 22, 'attention_head_size': 3, 'learning_rate': 0.000671150054700473}. Best is trial 0 with value: 87.7617416381836.
LOCAL_RANK: 0 - CUDA_VISIBLE_DEVICES: [0]
[I 2023-12-27 11:27:11,651] Trial 48 finished with value: 277.8669738769531 and parameters: {'gradient_clip_val': 0.1655009392317586, 'hidden_size': 6, 'dropout': 0.27636091668279034, 'hidden_continuous_size': 5, 'attention_head_size': 2, 'learning_rate': 0.0112536549041414}. Best is trial 0 with value: 87.7617416381836.
LOCAL_RANK: 0 - CUDA_VISIBLE_DEVICES: [0]
[I 2023-12-27 11:27:12,236] Trial 49 finished with value: 304.86944580078125 and parameters: {'gradient_clip_val': 0.3215024686522503, 'hidden_size': 120, 'dropout': 0.25401620650239704, 'hidden_continuous_size': 88, 'attention_head_size': 1, 'learning_rate': 0.0017993038049503329}. Best is trial 0 with value: 87.7617416381836.
[I 2023-12-27 11:27:12,367] A new study created in memory with name: no-name-b6068a3c-63f7-4b74-9652-9bb42e29e823
/home/le004/conda/anaconda3/envs/tsff_env/lib/python3.9/site-packages/lightning/fabric/plugins/environments/slurm.py:191: The `srun` command is available on your system but is not used. HINT: If your intention is to run Lightning on SLURM, prepend your python command with `srun` like so: srun python /home/le004/master_thesis/git/TSFusionForecast/code/ ...
LOCAL_RANK: 0 - CUDA_VISIBLE_DEVICES: [0]
[I 2023-12-27 11:27:30,006] Trial 0 finished with value: 71.97489929199219 and parameters: {'gradient_clip_val': 0.20157320535774156, 'hidden_size': 14, 'dropout': 0.45871988630734006, 'hidden_continuous_size': 7, 'attention_head_size': 3, 'learning_rate': 0.0857574031891503}. Best is trial 0 with value: 71.97489929199219.
LOCAL_RANK: 0 - CUDA_VISIBLE_DEVICES: [0]
[I 2023-12-27 11:27:30,563] Trial 1 finished with value: 96.77276611328125 and parameters: {'gradient_clip_val': 0.21755631378077944, 'hidden_size': 71, 'dropout': 0.37082254202887943, 'hidden_continuous_size': 37, 'attention_head_size': 4, 'learning_rate': 0.06606371623273156}. Best is trial 0 with value: 71.97489929199219.
LOCAL_RANK: 0 - CUDA_VISIBLE_DEVICES: [0]
[I 2023-12-27 11:27:31,059] Trial 2 finished with value: 96.7236328125 and parameters: {'gradient_clip_val': 0.6031081404943766, 'hidden_size': 12, 'dropout': 0.3683004094803234, 'hidden_continuous_size': 11, 'attention_head_size': 4, 'learning_rate': 0.023513240493205034}. Best is trial 0 with value: 71.97489929199219.
LOCAL_RANK: 0 - CUDA_VISIBLE_DEVICES: [0]
[I 2023-12-27 11:27:31,549] Trial 3 finished with value: 119.45365142822266 and parameters: {'gradient_clip_val': 0.590567683680992, 'hidden_size': 6, 'dropout': 0.15668000284944505, 'hidden_continuous_size': 5, 'attention_head_size': 3, 'learning_rate': 0.015407051698491903}. Best is trial 0 with value: 71.97489929199219.
LOCAL_RANK: 0 - CUDA_VISIBLE_DEVICES: [0]
[I 2023-12-27 11:27:32,050] Trial 4 finished with value: 111.81121826171875 and parameters: {'gradient_clip_val': 0.15459873418434766, 'hidden_size': 15, 'dropout': 0.33744530129448985, 'hidden_continuous_size': 5, 'attention_head_size': 4, 'learning_rate': 0.03869050115896394}. Best is trial 0 with value: 71.97489929199219.
LOCAL_RANK: 0 - CUDA_VISIBLE_DEVICES: [0]
[I 2023-12-27 11:27:32,591] Trial 5 finished with value: 98.94451904296875 and parameters: {'gradient_clip_val': 0.5910586444409648, 'hidden_size': 103, 'dropout': 0.25334973722404, 'hidden_continuous_size': 5, 'attention_head_size': 2, 'learning_rate': 0.0052680285918558865}. Best is trial 0 with value: 71.97489929199219.
LOCAL_RANK: 0 - CUDA_VISIBLE_DEVICES: [0]
[I 2023-12-27 11:27:33,111] Trial 6 finished with value: 103.63555908203125 and parameters: {'gradient_clip_val': 0.5352886974469596, 'hidden_size': 36, 'dropout': 0.28775213784171716, 'hidden_continuous_size': 12, 'attention_head_size': 2, 'learning_rate': 0.030241662063627363}. Best is trial 0 with value: 71.97489929199219.
LOCAL_RANK: 0 - CUDA_VISIBLE_DEVICES: [0]
[I 2023-12-27 11:27:33,654] Trial 7 finished with value: 95.69356536865234 and parameters: {'gradient_clip_val': 0.18469448622915388, 'hidden_size': 76, 'dropout': 0.23508555290771135, 'hidden_continuous_size': 21, 'attention_head_size': 2, 'learning_rate': 0.018718593133426175}. Best is trial 0 with value: 71.97489929199219.
LOCAL_RANK: 0 - CUDA_VISIBLE_DEVICES: [0]
[I 2023-12-27 11:27:34,163] Trial 8 finished with value: 103.21964263916016 and parameters: {'gradient_clip_val': 0.7923598337959894, 'hidden_size': 31, 'dropout': 0.28006534981172365, 'hidden_continuous_size': 27, 'attention_head_size': 3, 'learning_rate': 0.005103909695310186}. Best is trial 0 with value: 71.97489929199219.
LOCAL_RANK: 0 - CUDA_VISIBLE_DEVICES: [0]
[I 2023-12-27 11:27:34,721] Trial 9 finished with value: 106.03325653076172 and parameters: {'gradient_clip_val': 0.24356369714151616, 'hidden_size': 128, 'dropout': 0.4902471837191411, 'hidden_continuous_size': 7, 'attention_head_size': 4, 'learning_rate': 0.009195881097957418}. Best is trial 0 with value: 71.97489929199219.
LOCAL_RANK: 0 - CUDA_VISIBLE_DEVICES: [0]
[I 2023-12-27 11:27:35,185] Trial 10 finished with value: 93.19271087646484 and parameters: {'gradient_clip_val': 0.11937830773727802, 'hidden_size': 5, 'dropout': 0.48817254954858824, 'hidden_continuous_size': 5, 'attention_head_size': 1, 'learning_rate': 0.0011451420936278937}. Best is trial 0 with value: 71.97489929199219.
LOCAL_RANK: 0 - CUDA_VISIBLE_DEVICES: [0]
[I 2023-12-27 11:27:35,647] Trial 11 finished with value: 104.86673736572266 and parameters: {'gradient_clip_val': 0.11705023174498728, 'hidden_size': 5, 'dropout': 0.47362055142746984, 'hidden_continuous_size': 5, 'attention_head_size': 1, 'learning_rate': 0.0010524566212745134}. Best is trial 0 with value: 71.97489929199219.
LOCAL_RANK: 0 - CUDA_VISIBLE_DEVICES: [0]
[I 2023-12-27 11:27:36,156] Trial 12 finished with value: 99.84905242919922 and parameters: {'gradient_clip_val': 0.10518510914879978, 'hidden_size': 9, 'dropout': 0.4385195107198391, 'hidden_continuous_size': 6, 'attention_head_size': 1, 'learning_rate': 0.0825715304903359}. Best is trial 0 with value: 71.97489929199219.
LOCAL_RANK: 0 - CUDA_VISIBLE_DEVICES: [0]
[I 2023-12-27 11:27:36,947] Trial 13 finished with value: 96.5016098022461 and parameters: {'gradient_clip_val': 0.3216189506597131, 'hidden_size': 16, 'dropout': 0.42694855149151184, 'hidden_continuous_size': 7, 'attention_head_size': 3, 'learning_rate': 0.0008030349030583753}. Best is trial 0 with value: 71.97489929199219.
LOCAL_RANK: 0 - CUDA_VISIBLE_DEVICES: [0]
[I 2023-12-27 11:27:37,445] Trial 14 finished with value: 106.30318450927734 and parameters: {'gradient_clip_val': 0.14397692151645294, 'hidden_size': 8, 'dropout': 0.4261099735647376, 'hidden_continuous_size': 6, 'attention_head_size': 1, 'learning_rate': 0.0024584972226980406}. Best is trial 0 with value: 71.97489929199219.
LOCAL_RANK: 0 - CUDA_VISIBLE_DEVICES: [0]
[I 2023-12-27 11:27:37,915] Trial 15 finished with value: 132.61659240722656 and parameters: {'gradient_clip_val': 0.10223326375420391, 'hidden_size': 5, 'dropout': 0.46622034441914273, 'hidden_continuous_size': 5, 'attention_head_size': 2, 'learning_rate': 0.00204695883368772}. Best is trial 0 with value: 71.97489929199219.
LOCAL_RANK: 0 - CUDA_VISIBLE_DEVICES: [0]
[I 2023-12-27 11:27:38,471] Trial 16 finished with value: 82.05438995361328 and parameters: {'gradient_clip_val': 0.14480948503903468, 'hidden_size': 21, 'dropout': 0.48351951505193164, 'hidden_continuous_size': 8, 'attention_head_size': 3, 'learning_rate': 0.0005198399816734787}. Best is trial 0 with value: 71.97489929199219.
LOCAL_RANK: 0 - CUDA_VISIBLE_DEVICES: [0]
[I 2023-12-27 11:27:39,028] Trial 17 finished with value: 103.1338119506836 and parameters: {'gradient_clip_val': 0.30097209928285584, 'hidden_size': 22, 'dropout': 0.39898840264293123, 'hidden_continuous_size': 9, 'attention_head_size': 3, 'learning_rate': 0.000567246059953567}. Best is trial 0 with value: 71.97489929199219.
LOCAL_RANK: 0 - CUDA_VISIBLE_DEVICES: [0]
[I 2023-12-27 11:27:39,554] Trial 18 finished with value: 105.10652923583984 and parameters: {'gradient_clip_val': 0.16946520318140498, 'hidden_size': 20, 'dropout': 0.4926060710710473, 'hidden_continuous_size': 9, 'attention_head_size': 3, 'learning_rate': 0.0005026452700957547}. Best is trial 0 with value: 71.97489929199219.
LOCAL_RANK: 0 - CUDA_VISIBLE_DEVICES: [0]
[I 2023-12-27 11:27:40,115] Trial 19 finished with value: 113.33367156982422 and parameters: {'gradient_clip_val': 0.13960253291875085, 'hidden_size': 32, 'dropout': 0.4445038820841344, 'hidden_continuous_size': 14, 'attention_head_size': 3, 'learning_rate': 0.04811521065681534}. Best is trial 0 with value: 71.97489929199219.
LOCAL_RANK: 0 - CUDA_VISIBLE_DEVICES: [0]
[I 2023-12-27 11:27:40,653] Trial 20 finished with value: 105.15459442138672 and parameters: {'gradient_clip_val': 0.1995001783943839, 'hidden_size': 41, 'dropout': 0.40060442525035833, 'hidden_continuous_size': 15, 'attention_head_size': 2, 'learning_rate': 0.011521956513802766}. Best is trial 0 with value: 71.97489929199219.
LOCAL_RANK: 0 - CUDA_VISIBLE_DEVICES: [0]
[I 2023-12-27 11:27:41,169] Trial 21 finished with value: 96.59110260009766 and parameters: {'gradient_clip_val': 0.12545590181657118, 'hidden_size': 10, 'dropout': 0.49691355601737985, 'hidden_continuous_size': 6, 'attention_head_size': 3, 'learning_rate': 0.0012977170338739478}. Best is trial 0 with value: 71.97489929199219.
LOCAL_RANK: 0 - CUDA_VISIBLE_DEVICES: [0]
[I 2023-12-27 11:27:41,685] Trial 22 finished with value: 104.5161361694336 and parameters: {'gradient_clip_val': 0.13790452086075802, 'hidden_size': 8, 'dropout': 0.4582565573737874, 'hidden_continuous_size': 6, 'attention_head_size': 1, 'learning_rate': 0.09707839646136988}. Best is trial 0 with value: 71.97489929199219.
LOCAL_RANK: 0 - CUDA_VISIBLE_DEVICES: [0]
[I 2023-12-27 11:27:42,194] Trial 23 finished with value: 107.34395599365234 and parameters: {'gradient_clip_val': 0.16785139668443186, 'hidden_size': 15, 'dropout': 0.49551052534708967, 'hidden_continuous_size': 8, 'attention_head_size': 2, 'learning_rate': 0.0028782855122691446}. Best is trial 0 with value: 71.97489929199219.
LOCAL_RANK: 0 - CUDA_VISIBLE_DEVICES: [0]
[I 2023-12-27 11:27:42,745] Trial 24 finished with value: 93.12628173828125 and parameters: {'gradient_clip_val': 0.12291266690179381, 'hidden_size': 7, 'dropout': 0.4582101887692791, 'hidden_continuous_size': 5, 'attention_head_size': 3, 'learning_rate': 0.00147533220367285}. Best is trial 0 with value: 71.97489929199219.
LOCAL_RANK: 0 - CUDA_VISIBLE_DEVICES: [0]
[I 2023-12-27 11:27:43,260] Trial 25 finished with value: 116.61791229248047 and parameters: {'gradient_clip_val': 0.16183214374414084, 'hidden_size': 12, 'dropout': 0.4502944744941333, 'hidden_continuous_size': 7, 'attention_head_size': 3, 'learning_rate': 0.000743825284721607}. Best is trial 0 with value: 71.97489929199219.
LOCAL_RANK: 0 - CUDA_VISIBLE_DEVICES: [0]
[I 2023-12-27 11:27:44,027] Trial 26 finished with value: 100.71358489990234 and parameters: {'gradient_clip_val': 0.2168831801215789, 'hidden_size': 7, 'dropout': 0.4101793424149674, 'hidden_continuous_size': 5, 'attention_head_size': 4, 'learning_rate': 0.0017335388850145059}. Best is trial 0 with value: 71.97489929199219.
LOCAL_RANK: 0 - CUDA_VISIBLE_DEVICES: [0]
[I 2023-12-27 11:27:44,580] Trial 27 finished with value: 94.7059555053711 and parameters: {'gradient_clip_val': 0.10294312064032173, 'hidden_size': 11, 'dropout': 0.4586945428983931, 'hidden_continuous_size': 6, 'attention_head_size': 3, 'learning_rate': 0.004678011599650523}. Best is trial 0 with value: 71.97489929199219.
LOCAL_RANK: 0 - CUDA_VISIBLE_DEVICES: [0]
[I 2023-12-27 11:27:45,119] Trial 28 finished with value: 96.83846282958984 and parameters: {'gradient_clip_val': 0.12335337413796182, 'hidden_size': 25, 'dropout': 0.37161333240838956, 'hidden_continuous_size': 9, 'attention_head_size': 3, 'learning_rate': 0.001397020588856006}. Best is trial 0 with value: 71.97489929199219.
LOCAL_RANK: 0 - CUDA_VISIBLE_DEVICES: [0]
[I 2023-12-27 11:27:45,665] Trial 29 finished with value: 97.50997161865234 and parameters: {'gradient_clip_val': 0.24517603790284284, 'hidden_size': 48, 'dropout': 0.38305934268438946, 'hidden_continuous_size': 8, 'attention_head_size': 4, 'learning_rate': 0.061091243815799424}. Best is trial 0 with value: 71.97489929199219.
LOCAL_RANK: 0 - CUDA_VISIBLE_DEVICES: [0]
[I 2023-12-27 11:27:46,181] Trial 30 finished with value: 112.30904388427734 and parameters: {'gradient_clip_val': 0.19475974842636523, 'hidden_size': 20, 'dropout': 0.3470116519525242, 'hidden_continuous_size': 8, 'attention_head_size': 4, 'learning_rate': 0.0007819694226825957}. Best is trial 0 with value: 71.97489929199219.
LOCAL_RANK: 0 - CUDA_VISIBLE_DEVICES: [0]
[I 2023-12-27 11:27:46,681] Trial 31 finished with value: 132.3972930908203 and parameters: {'gradient_clip_val': 0.12149265156944106, 'hidden_size': 6, 'dropout': 0.4732759547493464, 'hidden_continuous_size': 5, 'attention_head_size': 3, 'learning_rate': 0.0010694177940201706}. Best is trial 0 with value: 71.97489929199219.
LOCAL_RANK: 0 - CUDA_VISIBLE_DEVICES: [0]
[I 2023-12-27 11:27:47,181] Trial 32 finished with value: 103.16094970703125 and parameters: {'gradient_clip_val': 0.1416531094118813, 'hidden_size': 7, 'dropout': 0.42937902015995816, 'hidden_continuous_size': 5, 'attention_head_size': 2, 'learning_rate': 0.0016759118743565774}. Best is trial 0 with value: 71.97489929199219.
LOCAL_RANK: 0 - CUDA_VISIBLE_DEVICES: [0]
[I 2023-12-27 11:27:47,649] Trial 33 finished with value: 85.2360610961914 and parameters: {'gradient_clip_val': 0.11741737905858782, 'hidden_size': 5, 'dropout': 0.4705549540106214, 'hidden_continuous_size': 5, 'attention_head_size': 3, 'learning_rate': 0.0037927954233460516}. Best is trial 0 with value: 71.97489929199219.
LOCAL_RANK: 0 - CUDA_VISIBLE_DEVICES: [0]
[I 2023-12-27 11:27:48,160] Trial 34 finished with value: 111.18927001953125 and parameters: {'gradient_clip_val': 0.15562080979420573, 'hidden_size': 12, 'dropout': 0.4165308754247076, 'hidden_continuous_size': 7, 'attention_head_size': 3, 'learning_rate': 0.0025936170239189474}. Best is trial 0 with value: 71.97489929199219.
LOCAL_RANK: 0 - CUDA_VISIBLE_DEVICES: [0]
[I 2023-12-27 11:27:48,670] Trial 35 finished with value: 117.1830062866211 and parameters: {'gradient_clip_val': 0.10014780944777384, 'hidden_size': 10, 'dropout': 0.4493384313362919, 'hidden_continuous_size': 6, 'attention_head_size': 4, 'learning_rate': 0.003911875636759647}. Best is trial 0 with value: 71.97489929199219.
LOCAL_RANK: 0 - CUDA_VISIBLE_DEVICES: [0]
[I 2023-12-27 11:27:49,162] Trial 36 finished with value: 112.55916595458984 and parameters: {'gradient_clip_val': 0.18008029676195864, 'hidden_size': 14, 'dropout': 0.3888301709179586, 'hidden_continuous_size': 7, 'attention_head_size': 3, 'learning_rate': 0.0066092466321272594}. Best is trial 0 with value: 71.97489929199219.
LOCAL_RANK: 0 - CUDA_VISIBLE_DEVICES: [0]
[I 2023-12-27 11:27:49,674] Trial 37 finished with value: 122.86348724365234 and parameters: {'gradient_clip_val': 0.15031898784200165, 'hidden_size': 6, 'dropout': 0.35328446289389953, 'hidden_continuous_size': 5, 'attention_head_size': 3, 'learning_rate': 0.025143817510210668}. Best is trial 0 with value: 71.97489929199219.
LOCAL_RANK: 0 - CUDA_VISIBLE_DEVICES: [0]
[I 2023-12-27 11:27:50,198] Trial 38 finished with value: 114.2737045288086 and parameters: {'gradient_clip_val': 0.13249753913603932, 'hidden_size': 9, 'dropout': 0.46869090700064947, 'hidden_continuous_size': 6, 'attention_head_size': 4, 'learning_rate': 0.0032699133963715364}. Best is trial 0 with value: 71.97489929199219.
LOCAL_RANK: 0 - CUDA_VISIBLE_DEVICES: [0]
[I 2023-12-27 11:27:51,001] Trial 39 finished with value: 105.8136215209961 and parameters: {'gradient_clip_val': 0.17139991612179645, 'hidden_size': 17, 'dropout': 0.3210890467985243, 'hidden_continuous_size': 10, 'attention_head_size': 3, 'learning_rate': 0.015708098054526422}. Best is trial 0 with value: 71.97489929199219.
LOCAL_RANK: 0 - CUDA_VISIBLE_DEVICES: [0]
[I 2023-12-27 11:27:51,560] Trial 40 finished with value: 96.71134185791016 and parameters: {'gradient_clip_val': 0.11924845369852032, 'hidden_size': 13, 'dropout': 0.41118916823710105, 'hidden_continuous_size': 8, 'attention_head_size': 2, 'learning_rate': 0.007119426612631669}. Best is trial 0 with value: 71.97489929199219.
LOCAL_RANK: 0 - CUDA_VISIBLE_DEVICES: [0]
[I 2023-12-27 11:27:52,017] Trial 41 finished with value: 103.9560775756836 and parameters: {'gradient_clip_val': 0.11297539242422179, 'hidden_size': 5, 'dropout': 0.48046389542045415, 'hidden_continuous_size': 5, 'attention_head_size': 3, 'learning_rate': 0.038024303446650906}. Best is trial 0 with value: 71.97489929199219.
LOCAL_RANK: 0 - CUDA_VISIBLE_DEVICES: [0]
[I 2023-12-27 11:27:52,474] Trial 42 finished with value: 101.59232330322266 and parameters: {'gradient_clip_val': 0.1148667665660542, 'hidden_size': 5, 'dropout': 0.4981854255873594, 'hidden_continuous_size': 5, 'attention_head_size': 2, 'learning_rate': 0.002118984553308811}. Best is trial 0 with value: 71.97489929199219.
LOCAL_RANK: 0 - CUDA_VISIBLE_DEVICES: [0]
[I 2023-12-27 11:27:52,985] Trial 43 finished with value: 102.83224487304688 and parameters: {'gradient_clip_val': 0.13192522279724758, 'hidden_size': 6, 'dropout': 0.4737605261018353, 'hidden_continuous_size': 5, 'attention_head_size': 3, 'learning_rate': 0.0034882639433440133}. Best is trial 0 with value: 71.97489929199219.
LOCAL_RANK: 0 - CUDA_VISIBLE_DEVICES: [0]
[I 2023-12-27 11:27:53,490] Trial 44 finished with value: 115.61566162109375 and parameters: {'gradient_clip_val': 0.1489178933558489, 'hidden_size': 7, 'dropout': 0.43801491378695034, 'hidden_continuous_size': 5, 'attention_head_size': 3, 'learning_rate': 0.0010640614919924024}. Best is trial 0 with value: 71.97489929199219.
LOCAL_RANK: 0 - CUDA_VISIBLE_DEVICES: [0]
[I 2023-12-27 11:27:53,937] Trial 45 finished with value: 116.98038482666016 and parameters: {'gradient_clip_val': 0.11126702976100568, 'hidden_size': 5, 'dropout': 0.4794124093130758, 'hidden_continuous_size': 5, 'attention_head_size': 1, 'learning_rate': 0.0006268190480537802}. Best is trial 0 with value: 71.97489929199219.
LOCAL_RANK: 0 - CUDA_VISIBLE_DEVICES: [0]
[I 2023-12-27 11:27:54,431] Trial 46 finished with value: 108.63806915283203 and parameters: {'gradient_clip_val': 0.1297885056073888, 'hidden_size': 8, 'dropout': 0.4577915254576181, 'hidden_continuous_size': 5, 'attention_head_size': 2, 'learning_rate': 0.0009305223463971788}. Best is trial 0 with value: 71.97489929199219.
LOCAL_RANK: 0 - CUDA_VISIBLE_DEVICES: [0]
[I 2023-12-27 11:27:54,956] Trial 47 finished with value: 109.38052368164062 and parameters: {'gradient_clip_val': 0.1525897045144499, 'hidden_size': 16, 'dropout': 0.4309720846290683, 'hidden_continuous_size': 10, 'attention_head_size': 4, 'learning_rate': 0.0006320508775999875}. Best is trial 0 with value: 71.97489929199219.
LOCAL_RANK: 0 - CUDA_VISIBLE_DEVICES: [0]
[I 2023-12-27 11:27:55,461] Trial 48 finished with value: 88.09004974365234 and parameters: {'gradient_clip_val': 0.11163334866828542, 'hidden_size': 6, 'dropout': 0.4815328636460691, 'hidden_continuous_size': 5, 'attention_head_size': 3, 'learning_rate': 0.0013623898690114868}. Best is trial 0 with value: 71.97489929199219.
LOCAL_RANK: 0 - CUDA_VISIBLE_DEVICES: [0]
