[I 2023-12-27 11:23:00,397] Trial 24 finished with value: 1796.6160888671875 and parameters: {'gradient_clip_val': 0.5918353208534917, 'hidden_size': 32, 'dropout': 0.4445850697775631, 'hidden_continuous_size': 11, 'attention_head_size': 3, 'learning_rate': 0.01597214322523056}. Best is trial 0 with value: 203.08949279785156.
[I 2023-12-27 11:23:00,889] Trial 25 finished with value: 2403.29296875 and parameters: {'gradient_clip_val': 0.4809184258799836, 'hidden_size': 90, 'dropout': 0.42546674328119843, 'hidden_continuous_size': 15, 'attention_head_size': 4, 'learning_rate': 0.03261599358206915}. Best is trial 0 with value: 203.08949279785156.
[I 2023-12-27 11:23:01,308] Trial 26 finished with value: 2258.211669921875 and parameters: {'gradient_clip_val': 0.8267702767659779, 'hidden_size': 44, 'dropout': 0.3811813515009706, 'hidden_continuous_size': 14, 'attention_head_size': 3, 'learning_rate': 0.019017891771800174}. Best is trial 0 with value: 203.08949279785156.
[I 2023-12-27 11:23:01,698] Trial 27 finished with value: 1306.510498046875 and parameters: {'gradient_clip_val': 0.8074657891282015, 'hidden_size': 24, 'dropout': 0.49863303092188216, 'hidden_continuous_size': 10, 'attention_head_size': 4, 'learning_rate': 0.010135677177295735}. Best is trial 0 with value: 203.08949279785156.
[I 2023-12-27 11:23:02,088] Trial 28 finished with value: 1569.6883544921875 and parameters: {'gradient_clip_val': 0.6397328470577887, 'hidden_size': 21, 'dropout': 0.4945684142739716, 'hidden_continuous_size': 10, 'attention_head_size': 4, 'learning_rate': 0.035626224639530336}. Best is trial 0 with value: 203.08949279785156.
[I 2023-12-27 11:23:02,490] Trial 29 finished with value: 1725.4659423828125 and parameters: {'gradient_clip_val': 0.9979551748545425, 'hidden_size': 24, 'dropout': 0.46800497298667176, 'hidden_continuous_size': 10, 'attention_head_size': 4, 'learning_rate': 0.023444156793060743}. Best is trial 0 with value: 203.08949279785156.
[I 2023-12-27 11:23:02,886] Trial 30 finished with value: 1834.8387451171875 and parameters: {'gradient_clip_val': 0.8074679530992669, 'hidden_size': 14, 'dropout': 0.4433675779918327, 'hidden_continuous_size': 7, 'attention_head_size': 4, 'learning_rate': 0.06340240212328105}. Best is trial 0 with value: 203.08949279785156.
[I 2023-12-27 11:23:03,288] Trial 31 finished with value: 1939.5963134765625 and parameters: {'gradient_clip_val': 0.8511534083981356, 'hidden_size': 26, 'dropout': 0.4764434663431607, 'hidden_continuous_size': 12, 'attention_head_size': 4, 'learning_rate': 0.012175952843742807}. Best is trial 0 with value: 203.08949279785156.
[I 2023-12-27 11:23:03,687] Trial 32 finished with value: 1804.25439453125 and parameters: {'gradient_clip_val': 0.7766082923133423, 'hidden_size': 31, 'dropout': 0.4976147970688028, 'hidden_continuous_size': 11, 'attention_head_size': 3, 'learning_rate': 0.006510943219215777}. Best is trial 0 with value: 203.08949279785156.
[I 2023-12-27 11:23:04,087] Trial 33 finished with value: 1843.24267578125 and parameters: {'gradient_clip_val': 0.606278955843985, 'hidden_size': 20, 'dropout': 0.4317394987328486, 'hidden_continuous_size': 10, 'attention_head_size': 4, 'learning_rate': 0.016280348746264606}. Best is trial 0 with value: 203.08949279785156.
[I 2023-12-27 11:23:04,696] Trial 34 finished with value: 1673.98291015625 and parameters: {'gradient_clip_val': 0.8874541986590208, 'hidden_size': 16, 'dropout': 0.3981288120676702, 'hidden_continuous_size': 8, 'attention_head_size': 4, 'learning_rate': 0.02699079704878894}. Best is trial 0 with value: 203.08949279785156.
[I 2023-12-27 11:23:05,085] Trial 35 finished with value: 1463.7529296875 and parameters: {'gradient_clip_val': 0.7494996883211017, 'hidden_size': 12, 'dropout': 0.46499270955970595, 'hidden_continuous_size': 7, 'attention_head_size': 3, 'learning_rate': 0.00900290332287102}. Best is trial 0 with value: 203.08949279785156.
[I 2023-12-27 11:23:05,478] Trial 36 finished with value: 1257.4140625 and parameters: {'gradient_clip_val': 0.6807991789451011, 'hidden_size': 22, 'dropout': 0.4320500933452413, 'hidden_continuous_size': 9, 'attention_head_size': 4, 'learning_rate': 0.004582667948388032}. Best is trial 0 with value: 203.08949279785156.
[I 2023-12-27 11:23:05,843] Trial 37 finished with value: 1892.5577392578125 and parameters: {'gradient_clip_val': 0.6919342826954041, 'hidden_size': 16, 'dropout': 0.4265415845698183, 'hidden_continuous_size': 9, 'attention_head_size': 4, 'learning_rate': 0.003653639114232987}. Best is trial 0 with value: 203.08949279785156.
[I 2023-12-27 11:23:06,223] Trial 38 finished with value: 1654.59765625 and parameters: {'gradient_clip_val': 0.4618974343149989, 'hidden_size': 24, 'dropout': 0.4596937154616576, 'hidden_continuous_size': 10, 'attention_head_size': 1, 'learning_rate': 0.0025050846094432024}. Best is trial 0 with value: 203.08949279785156.
[I 2023-12-27 11:23:06,623] Trial 39 finished with value: 1735.5013427734375 and parameters: {'gradient_clip_val': 0.5786907657003257, 'hidden_size': 21, 'dropout': 0.3645860776332983, 'hidden_continuous_size': 8, 'attention_head_size': 4, 'learning_rate': 0.005100506273367709}. Best is trial 0 with value: 203.08949279785156.
[I 2023-12-27 11:23:07,033] Trial 40 finished with value: 1500.9964599609375 and parameters: {'gradient_clip_val': 0.5369371243405563, 'hidden_size': 11, 'dropout': 0.39849004475852184, 'hidden_continuous_size': 8, 'attention_head_size': 4, 'learning_rate': 0.0011178288859269839}. Best is trial 0 with value: 203.08949279785156.
[I 2023-12-27 11:23:07,444] Trial 41 finished with value: 1156.0010986328125 and parameters: {'gradient_clip_val': 0.8633632718782434, 'hidden_size': 36, 'dropout': 0.3230130023160505, 'hidden_continuous_size': 13, 'attention_head_size': 2, 'learning_rate': 0.004207723411174351}. Best is trial 0 with value: 203.08949279785156.
[I 2023-12-27 11:23:07,812] Trial 42 finished with value: 2022.6995849609375 and parameters: {'gradient_clip_val': 0.6772074807618951, 'hidden_size': 7, 'dropout': 0.3324299406641747, 'hidden_continuous_size': 6, 'attention_head_size': 2, 'learning_rate': 0.004535823155644308}. Best is trial 0 with value: 203.08949279785156.
[I 2023-12-27 11:23:08,210] Trial 43 finished with value: 1920.61181640625 and parameters: {'gradient_clip_val': 0.9323797997484412, 'hidden_size': 29, 'dropout': 0.43862759256112627, 'hidden_continuous_size': 13, 'attention_head_size': 2, 'learning_rate': 0.00296197021523266}. Best is trial 0 with value: 203.08949279785156.
[I 2023-12-27 11:23:08,603] Trial 44 finished with value: 1460.10546875 and parameters: {'gradient_clip_val': 0.7150343847732822, 'hidden_size': 14, 'dropout': 0.4094632781071278, 'hidden_continuous_size': 9, 'attention_head_size': 1, 'learning_rate': 0.00212480832073186}. Best is trial 0 with value: 203.08949279785156.
[I 2023-12-27 11:23:09,012] Trial 45 finished with value: 1605.9876708984375 and parameters: {'gradient_clip_val': 0.8762270836906199, 'hidden_size': 37, 'dropout': 0.4840289385357784, 'hidden_continuous_size': 12, 'attention_head_size': 2, 'learning_rate': 0.003885676724898123}. Best is trial 0 with value: 203.08949279785156.
[I 2023-12-27 11:23:09,385] Trial 46 finished with value: 1762.380859375 and parameters: {'gradient_clip_val': 0.6212953422691272, 'hidden_size': 16, 'dropout': 0.2833022045463966, 'hidden_continuous_size': 10, 'attention_head_size': 2, 'learning_rate': 0.005794298658206829}. Best is trial 0 with value: 203.08949279785156.
[I 2023-12-27 11:23:10,005] Trial 47 finished with value: 1343.9527587890625 and parameters: {'gradient_clip_val': 0.8241777817029907, 'hidden_size': 23, 'dropout': 0.47999467672963214, 'hidden_continuous_size': 11, 'attention_head_size': 4, 'learning_rate': 0.007945757539200725}. Best is trial 0 with value: 203.08949279785156.
[I 2023-12-27 11:23:10,425] Trial 48 finished with value: 1925.9693603515625 and parameters: {'gradient_clip_val': 0.9794273669143237, 'hidden_size': 29, 'dropout': 0.4588942462123286, 'hidden_continuous_size': 13, 'attention_head_size': 2, 'learning_rate': 0.03805802063063328}. Best is trial 0 with value: 203.08949279785156.
[I 2023-12-27 11:23:10,836] Trial 49 finished with value: 1740.4736328125 and parameters: {'gradient_clip_val': 0.5261706539202187, 'hidden_size': 38, 'dropout': 0.34353398876579133, 'hidden_continuous_size': 15, 'attention_head_size': 4, 'learning_rate': 0.06985092465180825}. Best is trial 0 with value: 203.08949279785156.
[I 2023-12-27 11:23:10,953] A new study created in memory with name: no-name-069779c3-0950-4145-a1a3-87c4f778147f
/home/le004/conda/anaconda3/envs/tsff_env/lib/python3.9/site-packages/lightning/fabric/plugins/environments/slurm.py:191: The `srun` command is available on your system but is not used. HINT: If your intention is to run Lightning on SLURM, prepend your python command with `srun` like so: srun python /home/le004/master_thesis/git/TSFusionForecast/code/ ...
[I 2023-12-27 11:23:43,116] Trial 0 finished with value: 57.75250244140625 and parameters: {'gradient_clip_val': 0.2103350005937022, 'hidden_size': 10, 'dropout': 0.26628497089159425, 'hidden_continuous_size': 5, 'attention_head_size': 3, 'learning_rate': 0.04981285275577335}. Best is trial 0 with value: 57.75250244140625.
[I 2023-12-27 11:23:44,636] Trial 1 finished with value: 111.5761489868164 and parameters: {'gradient_clip_val': 0.20557265373168568, 'hidden_size': 19, 'dropout': 0.284129335039522, 'hidden_continuous_size': 19, 'attention_head_size': 2, 'learning_rate': 0.0010851265428697746}. Best is trial 0 with value: 57.75250244140625.
[I 2023-12-27 11:23:45,008] Trial 2 finished with value: 146.110595703125 and parameters: {'gradient_clip_val': 0.18141052404646485, 'hidden_size': 35, 'dropout': 0.49846811777012245, 'hidden_continuous_size': 5, 'attention_head_size': 3, 'learning_rate': 0.031459760669026046}. Best is trial 0 with value: 57.75250244140625.
[I 2023-12-27 11:23:45,393] Trial 3 finished with value: 177.97154235839844 and parameters: {'gradient_clip_val': 0.21401776381441784, 'hidden_size': 29, 'dropout': 0.24653082253535463, 'hidden_continuous_size': 23, 'attention_head_size': 1, 'learning_rate': 0.003363978810549962}. Best is trial 0 with value: 57.75250244140625.
[I 2023-12-27 11:23:45,790] Trial 4 finished with value: 133.91236877441406 and parameters: {'gradient_clip_val': 0.436384178576298, 'hidden_size': 12, 'dropout': 0.13956146147457296, 'hidden_continuous_size': 8, 'attention_head_size': 4, 'learning_rate': 0.021663656245652533}. Best is trial 0 with value: 57.75250244140625.
[I 2023-12-27 11:23:46,191] Trial 5 finished with value: 191.71568298339844 and parameters: {'gradient_clip_val': 0.5758415197752643, 'hidden_size': 38, 'dropout': 0.3989676803080656, 'hidden_continuous_size': 7, 'attention_head_size': 4, 'learning_rate': 0.08528130141532043}. Best is trial 0 with value: 57.75250244140625.
[I 2023-12-27 11:23:46,659] Trial 6 finished with value: 139.99424743652344 and parameters: {'gradient_clip_val': 0.4280625983663496, 'hidden_size': 89, 'dropout': 0.1151260662851926, 'hidden_continuous_size': 5, 'attention_head_size': 3, 'learning_rate': 0.003684490425769842}. Best is trial 0 with value: 57.75250244140625.
[I 2023-12-27 11:23:47,142] Trial 7 finished with value: 120.38350677490234 and parameters: {'gradient_clip_val': 0.1080654510148632, 'hidden_size': 91, 'dropout': 0.30998809259402843, 'hidden_continuous_size': 8, 'attention_head_size': 2, 'learning_rate': 0.06672656809883273}. Best is trial 0 with value: 57.75250244140625.
[I 2023-12-27 11:23:47,962] Trial 8 finished with value: 142.7178955078125 and parameters: {'gradient_clip_val': 0.47467193918127115, 'hidden_size': 141, 'dropout': 0.49457816601224514, 'hidden_continuous_size': 38, 'attention_head_size': 1, 'learning_rate': 0.030675841172756475}. Best is trial 0 with value: 57.75250244140625.
[I 2023-12-27 11:23:48,328] Trial 9 finished with value: 187.5175323486328 and parameters: {'gradient_clip_val': 0.10121905642077106, 'hidden_size': 11, 'dropout': 0.31816921515822905, 'hidden_continuous_size': 8, 'attention_head_size': 3, 'learning_rate': 0.027771401093916896}. Best is trial 0 with value: 57.75250244140625.
[I 2023-12-27 11:23:48,681] Trial 10 finished with value: 202.014404296875 and parameters: {'gradient_clip_val': 0.9401378926705711, 'hidden_size': 5, 'dropout': 0.20083674678988986, 'hidden_continuous_size': 5, 'attention_head_size': 4, 'learning_rate': 0.010666746509766114}. Best is trial 0 with value: 57.75250244140625.
[I 2023-12-27 11:23:49,084] Trial 11 finished with value: 162.5177001953125 and parameters: {'gradient_clip_val': 0.23831786193222204, 'hidden_size': 15, 'dropout': 0.23032263775484685, 'hidden_continuous_size': 11, 'attention_head_size': 2, 'learning_rate': 0.0006534551987170073}. Best is trial 0 with value: 57.75250244140625.
[I 2023-12-27 11:23:49,466] Trial 12 finished with value: 145.16136169433594 and parameters: {'gradient_clip_val': 0.2595050736087456, 'hidden_size': 6, 'dropout': 0.2843451666164653, 'hidden_continuous_size': 5, 'attention_head_size': 2, 'learning_rate': 0.0007495470998067742}. Best is trial 0 with value: 57.75250244140625.
[I 2023-12-27 11:23:49,858] Trial 13 finished with value: 159.019775390625 and parameters: {'gradient_clip_val': 0.1698686607836583, 'hidden_size': 18, 'dropout': 0.18685514360527938, 'hidden_continuous_size': 11, 'attention_head_size': 2, 'learning_rate': 0.0017991461649908662}. Best is trial 0 with value: 57.75250244140625.
[I 2023-12-27 11:23:50,256] Trial 14 finished with value: 191.0006103515625 and parameters: {'gradient_clip_val': 0.1473697650232751, 'hidden_size': 8, 'dropout': 0.3560316761104901, 'hidden_continuous_size': 6, 'attention_head_size': 3, 'learning_rate': 0.011802259238136575}. Best is trial 0 with value: 57.75250244140625.
[I 2023-12-27 11:23:50,654] Trial 15 finished with value: 188.6859130859375 and parameters: {'gradient_clip_val': 0.3031317319420508, 'hidden_size': 20, 'dropout': 0.26396943415996704, 'hidden_continuous_size': 11, 'attention_head_size': 1, 'learning_rate': 0.004270857742039181}. Best is trial 0 with value: 57.75250244140625.
[I 2023-12-27 11:23:51,048] Trial 16 finished with value: 197.9198760986328 and parameters: {'gradient_clip_val': 0.30600472518179195, 'hidden_size': 9, 'dropout': 0.16977095213154883, 'hidden_continuous_size': 6, 'attention_head_size': 3, 'learning_rate': 0.0013524594330212702}. Best is trial 0 with value: 57.75250244140625.
[I 2023-12-27 11:23:51,452] Trial 17 finished with value: 146.8944854736328 and parameters: {'gradient_clip_val': 0.13689546083089493, 'hidden_size': 7, 'dropout': 0.22990589856648308, 'hidden_continuous_size': 5, 'attention_head_size': 2, 'learning_rate': 0.006252501585460845}. Best is trial 0 with value: 57.75250244140625.
[I 2023-12-27 11:23:51,818] Trial 18 finished with value: 182.78790283203125 and parameters: {'gradient_clip_val': 0.20301981422128107, 'hidden_size': 5, 'dropout': 0.3553719760419315, 'hidden_continuous_size': 5, 'attention_head_size': 3, 'learning_rate': 0.0017666066497603401}. Best is trial 0 with value: 57.75250244140625.
[I 2023-12-27 11:23:52,213] Trial 19 finished with value: 163.99403381347656 and parameters: {'gradient_clip_val': 0.24827036071073777, 'hidden_size': 12, 'dropout': 0.2722319299451217, 'hidden_continuous_size': 6, 'attention_head_size': 2, 'learning_rate': 0.013916595706410847}. Best is trial 0 with value: 57.75250244140625.
[I 2023-12-27 11:23:52,625] Trial 20 finished with value: 144.0986328125 and parameters: {'gradient_clip_val': 0.14948508433270224, 'hidden_size': 22, 'dropout': 0.2173828033842647, 'hidden_continuous_size': 13, 'attention_head_size': 1, 'learning_rate': 0.0005444567730879053}. Best is trial 0 with value: 57.75250244140625.
[I 2023-12-27 11:23:53,070] Trial 21 finished with value: 171.57965087890625 and parameters: {'gradient_clip_val': 0.1128905221136199, 'hidden_size': 39, 'dropout': 0.3074862037552573, 'hidden_continuous_size': 18, 'attention_head_size': 2, 'learning_rate': 0.09824108976518094}. Best is trial 0 with value: 57.75250244140625.
[I 2023-12-27 11:23:53,788] Trial 22 finished with value: 183.376953125 and parameters: {'gradient_clip_val': 0.12713002672971058, 'hidden_size': 57, 'dropout': 0.30139874108333264, 'hidden_continuous_size': 22, 'attention_head_size': 2, 'learning_rate': 0.050761029010778884}. Best is trial 0 with value: 57.75250244140625.
[I 2023-12-27 11:23:54,192] Trial 23 finished with value: 119.92838287353516 and parameters: {'gradient_clip_val': 0.18261689481876253, 'hidden_size': 16, 'dropout': 0.26109855779834246, 'hidden_continuous_size': 7, 'attention_head_size': 2, 'learning_rate': 0.05703708454208279}. Best is trial 0 with value: 57.75250244140625.
[I 2023-12-27 11:23:54,578] Trial 24 finished with value: 153.35752868652344 and parameters: {'gradient_clip_val': 0.17888127514775423, 'hidden_size': 16, 'dropout': 0.2562169019721289, 'hidden_continuous_size': 7, 'attention_head_size': 3, 'learning_rate': 0.04107207664611723}. Best is trial 0 with value: 57.75250244140625.
[I 2023-12-27 11:23:54,986] Trial 25 finished with value: 145.8057861328125 and parameters: {'gradient_clip_val': 0.20507485499095326, 'hidden_size': 24, 'dropout': 0.2078601173941066, 'hidden_continuous_size': 9, 'attention_head_size': 2, 'learning_rate': 0.05965302863583783}. Best is trial 0 with value: 57.75250244140625.
[I 2023-12-27 11:23:55,386] Trial 26 finished with value: 163.48512268066406 and parameters: {'gradient_clip_val': 0.1553258236182038, 'hidden_size': 15, 'dropout': 0.24218708866514138, 'hidden_continuous_size': 7, 'attention_head_size': 1, 'learning_rate': 0.01844389253988662}. Best is trial 0 with value: 57.75250244140625.
[I 2023-12-27 11:23:55,804] Trial 27 finished with value: 139.86001586914062 and parameters: {'gradient_clip_val': 0.1837807048873856, 'hidden_size': 10, 'dropout': 0.17750614633623088, 'hidden_continuous_size': 6, 'attention_head_size': 3, 'learning_rate': 0.053459650312491724}. Best is trial 0 with value: 57.75250244140625.
[I 2023-12-27 11:23:56,208] Trial 28 finished with value: 188.48876953125 and parameters: {'gradient_clip_val': 0.12850191697430183, 'hidden_size': 13, 'dropout': 0.2735565809602892, 'hidden_continuous_size': 6, 'attention_head_size': 4, 'learning_rate': 0.040382738732006894}. Best is trial 0 with value: 57.75250244140625.
[I 2023-12-27 11:23:56,603] Trial 29 finished with value: 158.8463592529297 and parameters: {'gradient_clip_val': 0.17123219176194013, 'hidden_size': 9, 'dropout': 0.15124701626350714, 'hidden_continuous_size': 5, 'attention_head_size': 2, 'learning_rate': 0.023291533641256912}. Best is trial 0 with value: 57.75250244140625.
[I 2023-12-27 11:23:57,029] Trial 30 finished with value: 140.5802764892578 and parameters: {'gradient_clip_val': 0.22746240195776352, 'hidden_size': 28, 'dropout': 0.22469451260087764, 'hidden_continuous_size': 14, 'attention_head_size': 3, 'learning_rate': 0.03565689797575736}. Best is trial 0 with value: 57.75250244140625.
[I 2023-12-27 11:23:57,424] Trial 31 finished with value: 144.40077209472656 and parameters: {'gradient_clip_val': 0.11776455565864428, 'hidden_size': 19, 'dropout': 0.2843579990478472, 'hidden_continuous_size': 9, 'attention_head_size': 2, 'learning_rate': 0.06677687930764642}. Best is trial 0 with value: 57.75250244140625.
[I 2023-12-27 11:23:57,848] Trial 32 finished with value: 185.8619384765625 and parameters: {'gradient_clip_val': 0.1940286574490335, 'hidden_size': 33, 'dropout': 0.3230320996837216, 'hidden_continuous_size': 15, 'attention_head_size': 2, 'learning_rate': 0.09236200670907906}. Best is trial 0 with value: 57.75250244140625.
[I 2023-12-27 11:23:58,248] Trial 33 finished with value: 124.85015106201172 and parameters: {'gradient_clip_val': 0.1071377514305444, 'hidden_size': 26, 'dropout': 0.2585648472084907, 'hidden_continuous_size': 9, 'attention_head_size': 1, 'learning_rate': 0.06910719633105103}. Best is trial 0 with value: 57.75250244140625.
[I 2023-12-27 11:23:58,641] Trial 34 finished with value: 196.596923828125 and parameters: {'gradient_clip_val': 0.15763896699466368, 'hidden_size': 13, 'dropout': 0.246265412820384, 'hidden_continuous_size': 7, 'attention_head_size': 2, 'learning_rate': 0.041917054443281164}. Best is trial 0 with value: 57.75250244140625.
[I 2023-12-27 11:23:59,347] Trial 35 finished with value: 154.47897338867188 and parameters: {'gradient_clip_val': 0.13573535267839434, 'hidden_size': 43, 'dropout': 0.3379781753839054, 'hidden_continuous_size': 17, 'attention_head_size': 3, 'learning_rate': 0.07376130378315635}. Best is trial 0 with value: 57.75250244140625.
[I 2023-12-27 11:23:59,752] Trial 36 finished with value: 131.67156982421875 and parameters: {'gradient_clip_val': 0.2126350020699252, 'hidden_size': 22, 'dropout': 0.29442471943825793, 'hidden_continuous_size': 8, 'attention_head_size': 2, 'learning_rate': 0.030725061291577337}. Best is trial 0 with value: 57.75250244140625.
[I 2023-12-27 11:24:00,183] Trial 37 finished with value: 135.8177490234375 and parameters: {'gradient_clip_val': 0.2625391176573801, 'hidden_size': 31, 'dropout': 0.297904523402583, 'hidden_continuous_size': 10, 'attention_head_size': 4, 'learning_rate': 0.02177543711030325}. Best is trial 0 with value: 57.75250244140625.
[I 2023-12-27 11:24:00,736] Trial 38 finished with value: 179.29893493652344 and parameters: {'gradient_clip_val': 0.18603796583548504, 'hidden_size': 120, 'dropout': 0.24354974145005334, 'hidden_continuous_size': 37, 'attention_head_size': 1, 'learning_rate': 0.09694112431866016}. Best is trial 0 with value: 57.75250244140625.
