[I 2023-12-27 11:25:11,648] Trial 25 finished with value: 101.0512924194336 and parameters: {'gradient_clip_val': 0.5428095107696044, 'hidden_size': 20, 'dropout': 0.3464732464378567, 'hidden_continuous_size': 7, 'attention_head_size': 3, 'learning_rate': 0.0029112790986230773}. Best is trial 0 with value: 40.61152267456055.
LOCAL_RANK: 0 - CUDA_VISIBLE_DEVICES: [0]
[I 2023-12-27 11:25:12,101] Trial 26 finished with value: 101.9950180053711 and parameters: {'gradient_clip_val': 0.6699137443921437, 'hidden_size': 13, 'dropout': 0.24515383018061923, 'hidden_continuous_size': 7, 'attention_head_size': 4, 'learning_rate': 0.009159140388982115}. Best is trial 0 with value: 40.61152267456055.
LOCAL_RANK: 0 - CUDA_VISIBLE_DEVICES: [0]
[I 2023-12-27 11:25:12,549] Trial 27 finished with value: 107.0599136352539 and parameters: {'gradient_clip_val': 0.55513875084479, 'hidden_size': 7, 'dropout': 0.2735226389037926, 'hidden_continuous_size': 5, 'attention_head_size': 3, 'learning_rate': 0.0008433674889461588}. Best is trial 0 with value: 40.61152267456055.
LOCAL_RANK: 0 - CUDA_VISIBLE_DEVICES: [0]
[I 2023-12-27 11:25:12,997] Trial 28 finished with value: 112.94427490234375 and parameters: {'gradient_clip_val': 0.8190249589426523, 'hidden_size': 11, 'dropout': 0.33574748319354686, 'hidden_continuous_size': 6, 'attention_head_size': 2, 'learning_rate': 0.0022207132629849485}. Best is trial 0 with value: 40.61152267456055.
LOCAL_RANK: 0 - CUDA_VISIBLE_DEVICES: [0]
[I 2023-12-27 11:25:13,448] Trial 29 finished with value: 93.47029876708984 and parameters: {'gradient_clip_val': 0.4089352266105844, 'hidden_size': 22, 'dropout': 0.32698270775337934, 'hidden_continuous_size': 9, 'attention_head_size': 1, 'learning_rate': 0.0007684084069277175}. Best is trial 0 with value: 40.61152267456055.
LOCAL_RANK: 0 - CUDA_VISIBLE_DEVICES: [0]
[I 2023-12-27 11:25:13,899] Trial 30 finished with value: 111.9708480834961 and parameters: {'gradient_clip_val': 0.5073296354173643, 'hidden_size': 17, 'dropout': 0.2862048238015788, 'hidden_continuous_size': 8, 'attention_head_size': 4, 'learning_rate': 0.0018418759198014958}. Best is trial 0 with value: 40.61152267456055.
LOCAL_RANK: 0 - CUDA_VISIBLE_DEVICES: [0]
[I 2023-12-27 11:25:14,312] Trial 31 finished with value: 87.45035552978516 and parameters: {'gradient_clip_val': 0.6660874099437604, 'hidden_size': 5, 'dropout': 0.3963825212370719, 'hidden_continuous_size': 5, 'attention_head_size': 4, 'learning_rate': 0.017037484782559727}. Best is trial 0 with value: 40.61152267456055.
LOCAL_RANK: 0 - CUDA_VISIBLE_DEVICES: [0]
[I 2023-12-27 11:25:14,760] Trial 32 finished with value: 101.82817840576172 and parameters: {'gradient_clip_val': 0.6075990754334707, 'hidden_size': 6, 'dropout': 0.42745386331270285, 'hidden_continuous_size': 5, 'attention_head_size': 4, 'learning_rate': 0.024093809839758916}. Best is trial 0 with value: 40.61152267456055.
LOCAL_RANK: 0 - CUDA_VISIBLE_DEVICES: [0]
[I 2023-12-27 11:25:15,205] Trial 33 finished with value: 128.9658203125 and parameters: {'gradient_clip_val': 0.8598454896866349, 'hidden_size': 8, 'dropout': 0.43282564662670797, 'hidden_continuous_size': 5, 'attention_head_size': 4, 'learning_rate': 0.014786038741650916}. Best is trial 0 with value: 40.61152267456055.
LOCAL_RANK: 0 - CUDA_VISIBLE_DEVICES: [0]
[I 2023-12-27 11:25:15,660] Trial 34 finished with value: 118.91268157958984 and parameters: {'gradient_clip_val': 0.6137081095592385, 'hidden_size': 9, 'dropout': 0.4500864553938744, 'hidden_continuous_size': 6, 'attention_head_size': 4, 'learning_rate': 0.008552779098299422}. Best is trial 0 with value: 40.61152267456055.
LOCAL_RANK: 0 - CUDA_VISIBLE_DEVICES: [0]
[I 2023-12-27 11:25:16,110] Trial 35 finished with value: 117.00627899169922 and parameters: {'gradient_clip_val': 0.7477431158211212, 'hidden_size': 6, 'dropout': 0.32158671366179875, 'hidden_continuous_size': 5, 'attention_head_size': 3, 'learning_rate': 0.03187958603371505}. Best is trial 0 with value: 40.61152267456055.
LOCAL_RANK: 0 - CUDA_VISIBLE_DEVICES: [0]
[I 2023-12-27 11:25:16,558] Trial 36 finished with value: 122.2446517944336 and parameters: {'gradient_clip_val': 0.3045889839752318, 'hidden_size': 10, 'dropout': 0.4016967851898075, 'hidden_continuous_size': 6, 'attention_head_size': 4, 'learning_rate': 0.01206399848329139}. Best is trial 0 with value: 40.61152267456055.
LOCAL_RANK: 0 - CUDA_VISIBLE_DEVICES: [0]
[I 2023-12-27 11:25:17,243] Trial 37 finished with value: 82.97110748291016 and parameters: {'gradient_clip_val': 0.6690630969676329, 'hidden_size': 5, 'dropout': 0.3557486726298081, 'hidden_continuous_size': 5, 'attention_head_size': 3, 'learning_rate': 0.019962782340949337}. Best is trial 0 with value: 40.61152267456055.
LOCAL_RANK: 0 - CUDA_VISIBLE_DEVICES: [0]
[I 2023-12-27 11:25:17,705] Trial 38 finished with value: 99.7116928100586 and parameters: {'gradient_clip_val': 0.8596824660419177, 'hidden_size': 12, 'dropout': 0.3733150602678921, 'hidden_continuous_size': 7, 'attention_head_size': 2, 'learning_rate': 0.03805314594004838}. Best is trial 0 with value: 40.61152267456055.
LOCAL_RANK: 0 - CUDA_VISIBLE_DEVICES: [0]
[I 2023-12-27 11:25:18,169] Trial 39 finished with value: 125.73388671875 and parameters: {'gradient_clip_val': 0.3911836162081662, 'hidden_size': 9, 'dropout': 0.3036929414221245, 'hidden_continuous_size': 6, 'attention_head_size': 4, 'learning_rate': 0.024194123751857265}. Best is trial 0 with value: 40.61152267456055.
LOCAL_RANK: 0 - CUDA_VISIBLE_DEVICES: [0]
[I 2023-12-27 11:25:18,619] Trial 40 finished with value: 100.50963592529297 and parameters: {'gradient_clip_val': 0.1861182057814528, 'hidden_size': 6, 'dropout': 0.46839629992293597, 'hidden_continuous_size': 5, 'attention_head_size': 3, 'learning_rate': 0.05534266851425396}. Best is trial 0 with value: 40.61152267456055.
LOCAL_RANK: 0 - CUDA_VISIBLE_DEVICES: [0]
[I 2023-12-27 11:25:19,056] Trial 41 finished with value: 131.9308624267578 and parameters: {'gradient_clip_val': 0.6681016097336366, 'hidden_size': 5, 'dropout': 0.35189440433300295, 'hidden_continuous_size': 5, 'attention_head_size': 3, 'learning_rate': 0.020313113721054914}. Best is trial 0 with value: 40.61152267456055.
LOCAL_RANK: 0 - CUDA_VISIBLE_DEVICES: [0]
[I 2023-12-27 11:25:19,532] Trial 42 finished with value: 108.43524932861328 and parameters: {'gradient_clip_val': 0.4783318199402119, 'hidden_size': 5, 'dropout': 0.4014876650047876, 'hidden_continuous_size': 5, 'attention_head_size': 3, 'learning_rate': 0.013369003480715076}. Best is trial 0 with value: 40.61152267456055.
LOCAL_RANK: 0 - CUDA_VISIBLE_DEVICES: [0]
[I 2023-12-27 11:25:20,055] Trial 43 finished with value: 110.39278411865234 and parameters: {'gradient_clip_val': 0.5374983045314012, 'hidden_size': 7, 'dropout': 0.36396713600008457, 'hidden_continuous_size': 5, 'attention_head_size': 3, 'learning_rate': 0.009496256159223877}. Best is trial 0 with value: 40.61152267456055.
LOCAL_RANK: 0 - CUDA_VISIBLE_DEVICES: [0]
[I 2023-12-27 11:25:20,571] Trial 44 finished with value: 102.69223022460938 and parameters: {'gradient_clip_val': 0.5970312163489159, 'hidden_size': 8, 'dropout': 0.3332305506262556, 'hidden_continuous_size': 6, 'attention_head_size': 2, 'learning_rate': 0.0006445414558462326}. Best is trial 0 with value: 40.61152267456055.
LOCAL_RANK: 0 - CUDA_VISIBLE_DEVICES: [0]
[I 2023-12-27 11:25:21,092] Trial 45 finished with value: 100.41790008544922 and parameters: {'gradient_clip_val': 0.9834084665472458, 'hidden_size': 6, 'dropout': 0.3103271613512416, 'hidden_continuous_size': 5, 'attention_head_size': 3, 'learning_rate': 0.011988623891541266}. Best is trial 0 with value: 40.61152267456055.
LOCAL_RANK: 0 - CUDA_VISIBLE_DEVICES: [0]
[I 2023-12-27 11:25:21,564] Trial 46 finished with value: 84.17691802978516 and parameters: {'gradient_clip_val': 0.7403547361080706, 'hidden_size': 5, 'dropout': 0.3854340715305412, 'hidden_continuous_size': 5, 'attention_head_size': 3, 'learning_rate': 0.05004821043825271}. Best is trial 0 with value: 40.61152267456055.
LOCAL_RANK: 0 - CUDA_VISIBLE_DEVICES: [0]
[I 2023-12-27 11:25:22,093] Trial 47 finished with value: 76.82633972167969 and parameters: {'gradient_clip_val': 0.45165017545153413, 'hidden_size': 14, 'dropout': 0.41085439755970743, 'hidden_continuous_size': 9, 'attention_head_size': 4, 'learning_rate': 0.0075147834803237805}. Best is trial 0 with value: 40.61152267456055.
LOCAL_RANK: 0 - CUDA_VISIBLE_DEVICES: [0]
[I 2023-12-27 11:25:22,616] Trial 48 finished with value: 131.96627807617188 and parameters: {'gradient_clip_val': 0.46639075516427714, 'hidden_size': 15, 'dropout': 0.4129867154449967, 'hidden_continuous_size': 12, 'attention_head_size': 4, 'learning_rate': 0.007971218057974473}. Best is trial 0 with value: 40.61152267456055.
LOCAL_RANK: 0 - CUDA_VISIBLE_DEVICES: [0]
[I 2023-12-27 11:25:23,182] Trial 49 finished with value: 111.86820220947266 and parameters: {'gradient_clip_val': 0.11722005633076023, 'hidden_size': 23, 'dropout': 0.44378589559990306, 'hidden_continuous_size': 10, 'attention_head_size': 4, 'learning_rate': 0.003244608320764422}. Best is trial 0 with value: 40.61152267456055.
[I 2023-12-27 11:25:23,311] A new study created in memory with name: no-name-5da202e5-d772-4022-999a-9e0dcde6b755
/home/le004/conda/anaconda3/envs/tsff_env/lib/python3.9/site-packages/lightning/fabric/plugins/environments/slurm.py:191: The `srun` command is available on your system but is not used. HINT: If your intention is to run Lightning on SLURM, prepend your python command with `srun` like so: srun python /home/le004/master_thesis/git/TSFusionForecast/code/ ...
LOCAL_RANK: 0 - CUDA_VISIBLE_DEVICES: [0]
[I 2023-12-27 11:25:50,108] Trial 0 finished with value: 131.3783416748047 and parameters: {'gradient_clip_val': 0.3110345046120863, 'hidden_size': 41, 'dropout': 0.30634593088105644, 'hidden_continuous_size': 31, 'attention_head_size': 3, 'learning_rate': 0.002965519692101656}. Best is trial 0 with value: 131.3783416748047.
LOCAL_RANK: 0 - CUDA_VISIBLE_DEVICES: [0]
[I 2023-12-27 11:25:50,578] Trial 1 finished with value: 342.6294860839844 and parameters: {'gradient_clip_val': 0.1439247415783254, 'hidden_size': 49, 'dropout': 0.3370026457803084, 'hidden_continuous_size': 17, 'attention_head_size': 4, 'learning_rate': 0.04944946467507103}. Best is trial 0 with value: 131.3783416748047.
LOCAL_RANK: 0 - CUDA_VISIBLE_DEVICES: [0]
[I 2023-12-27 11:25:50,992] Trial 2 finished with value: 470.0378112792969 and parameters: {'gradient_clip_val': 0.8671683326096206, 'hidden_size': 6, 'dropout': 0.47876054160076364, 'hidden_continuous_size': 5, 'attention_head_size': 2, 'learning_rate': 0.0009513738235795251}. Best is trial 0 with value: 131.3783416748047.
LOCAL_RANK: 0 - CUDA_VISIBLE_DEVICES: [0]
[I 2023-12-27 11:25:51,442] Trial 3 finished with value: 606.719970703125 and parameters: {'gradient_clip_val': 0.17342556834988043, 'hidden_size': 24, 'dropout': 0.44807937872188164, 'hidden_continuous_size': 9, 'attention_head_size': 4, 'learning_rate': 0.004885610061603792}. Best is trial 0 with value: 131.3783416748047.
LOCAL_RANK: 0 - CUDA_VISIBLE_DEVICES: [0]
[I 2023-12-27 11:25:51,810] Trial 4 finished with value: 314.0643005371094 and parameters: {'gradient_clip_val': 0.4093985839996458, 'hidden_size': 5, 'dropout': 0.18120306780580098, 'hidden_continuous_size': 5, 'attention_head_size': 1, 'learning_rate': 0.0015899118411207723}. Best is trial 0 with value: 131.3783416748047.
LOCAL_RANK: 0 - CUDA_VISIBLE_DEVICES: [0]
[I 2023-12-27 11:25:52,258] Trial 5 finished with value: 540.28759765625 and parameters: {'gradient_clip_val': 0.5580561502394522, 'hidden_size': 36, 'dropout': 0.3108876980512008, 'hidden_continuous_size': 14, 'attention_head_size': 1, 'learning_rate': 0.003947422210460517}. Best is trial 0 with value: 131.3783416748047.
LOCAL_RANK: 0 - CUDA_VISIBLE_DEVICES: [0]
[I 2023-12-27 11:25:52,671] Trial 6 finished with value: 470.0990905761719 and parameters: {'gradient_clip_val': 0.2590486332604317, 'hidden_size': 6, 'dropout': 0.473003215703773, 'hidden_continuous_size': 5, 'attention_head_size': 3, 'learning_rate': 0.0034104089693151843}. Best is trial 0 with value: 131.3783416748047.
LOCAL_RANK: 0 - CUDA_VISIBLE_DEVICES: [0]
[I 2023-12-27 11:25:53,115] Trial 7 finished with value: 560.4609985351562 and parameters: {'gradient_clip_val': 0.2487134469621895, 'hidden_size': 24, 'dropout': 0.24434930058884705, 'hidden_continuous_size': 19, 'attention_head_size': 3, 'learning_rate': 0.003359963682582862}. Best is trial 0 with value: 131.3783416748047.
LOCAL_RANK: 0 - CUDA_VISIBLE_DEVICES: [0]
[I 2023-12-27 11:25:53,517] Trial 8 finished with value: 464.5765075683594 and parameters: {'gradient_clip_val': 0.16972630934795496, 'hidden_size': 15, 'dropout': 0.4405108975818267, 'hidden_continuous_size': 15, 'attention_head_size': 2, 'learning_rate': 0.019529480892123467}. Best is trial 0 with value: 131.3783416748047.
LOCAL_RANK: 0 - CUDA_VISIBLE_DEVICES: [0]
[I 2023-12-27 11:25:53,889] Trial 9 finished with value: 457.2564697265625 and parameters: {'gradient_clip_val': 0.12811481550986742, 'hidden_size': 5, 'dropout': 0.4192300691369478, 'hidden_continuous_size': 5, 'attention_head_size': 1, 'learning_rate': 0.05520327434195515}. Best is trial 0 with value: 131.3783416748047.
LOCAL_RANK: 0 - CUDA_VISIBLE_DEVICES: [0]
[I 2023-12-27 11:25:54,421] Trial 10 finished with value: 482.2325439453125 and parameters: {'gradient_clip_val': 0.10428431395551269, 'hidden_size': 101, 'dropout': 0.13228733157200245, 'hidden_continuous_size': 54, 'attention_head_size': 3, 'learning_rate': 0.0006303654978121405}. Best is trial 0 with value: 131.3783416748047.
LOCAL_RANK: 0 - CUDA_VISIBLE_DEVICES: [0]
[I 2023-12-27 11:25:54,871] Trial 11 finished with value: 516.2201538085938 and parameters: {'gradient_clip_val': 0.401143007505694, 'hidden_size': 12, 'dropout': 0.21206072350024277, 'hidden_continuous_size': 6, 'attention_head_size': 2, 'learning_rate': 0.0014912100254901967}. Best is trial 0 with value: 131.3783416748047.
LOCAL_RANK: 0 - CUDA_VISIBLE_DEVICES: [0]
[I 2023-12-27 11:25:55,673] Trial 12 finished with value: 436.6133728027344 and parameters: {'gradient_clip_val': 0.3958184907533371, 'hidden_size': 62, 'dropout': 0.10929583194135233, 'hidden_continuous_size': 31, 'attention_head_size': 1, 'learning_rate': 0.0015777778671376115}. Best is trial 0 with value: 131.3783416748047.
LOCAL_RANK: 0 - CUDA_VISIBLE_DEVICES: [0]
[I 2023-12-27 11:25:56,224] Trial 13 finished with value: 406.7044372558594 and parameters: {'gradient_clip_val': 0.3307027020450942, 'hidden_size': 123, 'dropout': 0.2325901100984846, 'hidden_continuous_size': 101, 'attention_head_size': 3, 'learning_rate': 0.010150496693042677}. Best is trial 0 with value: 131.3783416748047.
LOCAL_RANK: 0 - CUDA_VISIBLE_DEVICES: [0]
[I 2023-12-27 11:25:56,676] Trial 14 finished with value: 503.7181701660156 and parameters: {'gradient_clip_val': 0.5659846206859657, 'hidden_size': 10, 'dropout': 0.3449187107954177, 'hidden_continuous_size': 6, 'attention_head_size': 2, 'learning_rate': 0.0005423022438624539}. Best is trial 0 with value: 131.3783416748047.
LOCAL_RANK: 0 - CUDA_VISIBLE_DEVICES: [0]
[I 2023-12-27 11:25:57,162] Trial 15 finished with value: 438.852783203125 and parameters: {'gradient_clip_val': 0.22151726852803774, 'hidden_size': 16, 'dropout': 0.1607184691964782, 'hidden_continuous_size': 7, 'attention_head_size': 4, 'learning_rate': 0.0018293618113244922}. Best is trial 0 with value: 131.3783416748047.
LOCAL_RANK: 0 - CUDA_VISIBLE_DEVICES: [0]
[I 2023-12-27 11:25:57,611] Trial 16 finished with value: 356.3091735839844 and parameters: {'gradient_clip_val': 0.32668473677786436, 'hidden_size': 9, 'dropout': 0.2846935601152069, 'hidden_continuous_size': 5, 'attention_head_size': 1, 'learning_rate': 0.008284723342964087}. Best is trial 0 with value: 131.3783416748047.
LOCAL_RANK: 0 - CUDA_VISIBLE_DEVICES: [0]
[I 2023-12-27 11:25:58,058] Trial 17 finished with value: 544.2922973632812 and parameters: {'gradient_clip_val': 0.4870556549725386, 'hidden_size': 19, 'dropout': 0.18249736557889085, 'hidden_continuous_size': 8, 'attention_head_size': 2, 'learning_rate': 0.002111972784274164}. Best is trial 0 with value: 131.3783416748047.
LOCAL_RANK: 0 - CUDA_VISIBLE_DEVICES: [0]
[I 2023-12-27 11:25:58,555] Trial 18 finished with value: 352.5917663574219 and parameters: {'gradient_clip_val': 0.7883783574147389, 'hidden_size': 30, 'dropout': 0.27065450221577847, 'hidden_continuous_size': 10, 'attention_head_size': 3, 'learning_rate': 0.0009407324221896964}. Best is trial 0 with value: 131.3783416748047.
LOCAL_RANK: 0 - CUDA_VISIBLE_DEVICES: [0]
[I 2023-12-27 11:25:59,053] Trial 19 finished with value: 555.4164428710938 and parameters: {'gradient_clip_val': 0.283912576051868, 'hidden_size': 40, 'dropout': 0.20054796769621644, 'hidden_continuous_size': 9, 'attention_head_size': 4, 'learning_rate': 0.0025462323658640216}. Best is trial 0 with value: 131.3783416748047.
LOCAL_RANK: 0 - CUDA_VISIBLE_DEVICES: [0]
[I 2023-12-27 11:25:59,484] Trial 20 finished with value: 463.4715881347656 and parameters: {'gradient_clip_val': 0.20487303201673834, 'hidden_size': 8, 'dropout': 0.1491261146325133, 'hidden_continuous_size': 5, 'attention_head_size': 1, 'learning_rate': 0.005690668755392709}. Best is trial 0 with value: 131.3783416748047.
LOCAL_RANK: 0 - CUDA_VISIBLE_DEVICES: [0]
[I 2023-12-27 11:25:59,947] Trial 21 finished with value: 479.1296081542969 and parameters: {'gradient_clip_val': 0.15048833359659597, 'hidden_size': 49, 'dropout': 0.3423154320016101, 'hidden_continuous_size': 12, 'attention_head_size': 4, 'learning_rate': 0.017915426809746084}. Best is trial 0 with value: 131.3783416748047.
LOCAL_RANK: 0 - CUDA_VISIBLE_DEVICES: [0]
[I 2023-12-27 11:26:00,453] Trial 22 finished with value: 604.3190307617188 and parameters: {'gradient_clip_val': 0.21063722377210498, 'hidden_size': 69, 'dropout': 0.3685472962624749, 'hidden_continuous_size': 21, 'attention_head_size': 4, 'learning_rate': 0.09854826562695443}. Best is trial 0 with value: 131.3783416748047.
LOCAL_RANK: 0 - CUDA_VISIBLE_DEVICES: [0]
[I 2023-12-27 11:26:00,934] Trial 23 finished with value: 416.8025817871094 and parameters: {'gradient_clip_val': 0.10232378895621787, 'hidden_size': 31, 'dropout': 0.25459479675088437, 'hidden_continuous_size': 11, 'attention_head_size': 3, 'learning_rate': 0.00654424905529704}. Best is trial 0 with value: 131.3783416748047.
LOCAL_RANK: 0 - CUDA_VISIBLE_DEVICES: [0]
[I 2023-12-27 11:26:01,425] Trial 24 finished with value: 491.7765808105469 and parameters: {'gradient_clip_val': 0.1331395187593419, 'hidden_size': 44, 'dropout': 0.2783255169914087, 'hidden_continuous_size': 7, 'attention_head_size': 4, 'learning_rate': 0.0026581367965043917}. Best is trial 0 with value: 131.3783416748047.
LOCAL_RANK: 0 - CUDA_VISIBLE_DEVICES: [0]
[I 2023-12-27 11:26:02,119] Trial 25 finished with value: 535.64990234375 and parameters: {'gradient_clip_val': 0.29482301149989126, 'hidden_size': 22, 'dropout': 0.3121676609814802, 'hidden_continuous_size': 8, 'attention_head_size': 3, 'learning_rate': 0.03554989759079739}. Best is trial 0 with value: 131.3783416748047.
LOCAL_RANK: 0 - CUDA_VISIBLE_DEVICES: [0]
[I 2023-12-27 11:26:02,577] Trial 26 finished with value: 365.8335266113281 and parameters: {'gradient_clip_val': 0.37782796286686676, 'hidden_size': 30, 'dropout': 0.38111172652627295, 'hidden_continuous_size': 12, 'attention_head_size': 2, 'learning_rate': 0.010792756561182363}. Best is trial 0 with value: 131.3783416748047.
LOCAL_RANK: 0 - CUDA_VISIBLE_DEVICES: [0]
[I 2023-12-27 11:26:03,078] Trial 27 finished with value: 338.0576477050781 and parameters: {'gradient_clip_val': 0.23338794986860115, 'hidden_size': 55, 'dropout': 0.3050336046047538, 'hidden_continuous_size': 19, 'attention_head_size': 4, 'learning_rate': 0.004417268071289752}. Best is trial 0 with value: 131.3783416748047.
LOCAL_RANK: 0 - CUDA_VISIBLE_DEVICES: [0]
[I 2023-12-27 11:26:03,589] Trial 28 finished with value: 241.3820037841797 and parameters: {'gradient_clip_val': 0.2507476288648806, 'hidden_size': 78, 'dropout': 0.22974699576152208, 'hidden_continuous_size': 24, 'attention_head_size': 3, 'learning_rate': 0.003744504641028525}. Best is trial 0 with value: 131.3783416748047.
LOCAL_RANK: 0 - CUDA_VISIBLE_DEVICES: [0]
[I 2023-12-27 11:26:04,132] Trial 29 finished with value: 365.7317810058594 and parameters: {'gradient_clip_val': 0.2900239191937234, 'hidden_size': 77, 'dropout': 0.22007512010194502, 'hidden_continuous_size': 25, 'attention_head_size': 3, 'learning_rate': 0.0026818936753658694}. Best is trial 0 with value: 131.3783416748047.
LOCAL_RANK: 0 - CUDA_VISIBLE_DEVICES: [0]
[I 2023-12-27 11:26:04,649] Trial 30 finished with value: 390.8717346191406 and parameters: {'gradient_clip_val': 0.3384244076109748, 'hidden_size': 81, 'dropout': 0.1991967535747716, 'hidden_continuous_size': 33, 'attention_head_size': 2, 'learning_rate': 0.0012127703532012815}. Best is trial 0 with value: 131.3783416748047.
LOCAL_RANK: 0 - CUDA_VISIBLE_DEVICES: [0]
[I 2023-12-27 11:26:05,130] Trial 31 finished with value: 456.1971435546875 and parameters: {'gradient_clip_val': 0.2610285355591768, 'hidden_size': 55, 'dropout': 0.2449489188923703, 'hidden_continuous_size': 16, 'attention_head_size': 3, 'learning_rate': 0.003355670121728964}. Best is trial 0 with value: 131.3783416748047.
LOCAL_RANK: 0 - CUDA_VISIBLE_DEVICES: [0]
[I 2023-12-27 11:26:05,655] Trial 32 finished with value: 547.3961791992188 and parameters: {'gradient_clip_val': 0.21864799798525691, 'hidden_size': 53, 'dropout': 0.3117880383644606, 'hidden_continuous_size': 18, 'attention_head_size': 4, 'learning_rate': 0.00440315599395681}. Best is trial 0 with value: 131.3783416748047.
LOCAL_RANK: 0 - CUDA_VISIBLE_DEVICES: [0]
