[I 2023-12-27 10:56:24,055] Trial 43 finished with value: 3.341780662536621 and parameters: {'gradient_clip_val': 0.12989471896128235, 'hidden_size': 24, 'dropout': 0.18419872828938622, 'hidden_continuous_size': 5, 'attention_head_size': 3, 'learning_rate': 0.0035265375058924605}. Best is trial 0 with value: 0.2050105184316635.
[I 2023-12-27 10:56:24,437] Trial 44 finished with value: 3.5184977054595947 and parameters: {'gradient_clip_val': 0.10057697436511705, 'hidden_size': 19, 'dropout': 0.16135947320905478, 'hidden_continuous_size': 6, 'attention_head_size': 3, 'learning_rate': 0.004729464110157949}. Best is trial 0 with value: 0.2050105184316635.
[I 2023-12-27 10:56:24,803] Trial 45 finished with value: 2.845479965209961 and parameters: {'gradient_clip_val': 0.1180685405009305, 'hidden_size': 16, 'dropout': 0.22033433707641925, 'hidden_continuous_size': 6, 'attention_head_size': 2, 'learning_rate': 0.005881599307289242}. Best is trial 0 with value: 0.2050105184316635.
[I 2023-12-27 10:56:25,176] Trial 46 finished with value: 4.116639137268066 and parameters: {'gradient_clip_val': 0.15996819906990406, 'hidden_size': 11, 'dropout': 0.1473513321852419, 'hidden_continuous_size': 7, 'attention_head_size': 3, 'learning_rate': 0.008789454357924765}. Best is trial 0 with value: 0.2050105184316635.
[I 2023-12-27 10:56:25,587] Trial 47 finished with value: 3.221623182296753 and parameters: {'gradient_clip_val': 0.36843340872278585, 'hidden_size': 28, 'dropout': 0.34561432227890965, 'hidden_continuous_size': 14, 'attention_head_size': 4, 'learning_rate': 0.003250290330115011}. Best is trial 0 with value: 0.2050105184316635.
[I 2023-12-27 10:56:25,990] Trial 48 finished with value: 4.53671407699585 and parameters: {'gradient_clip_val': 0.2872593718686808, 'hidden_size': 35, 'dropout': 0.26648952736755804, 'hidden_continuous_size': 5, 'attention_head_size': 2, 'learning_rate': 0.002382141831015529}. Best is trial 0 with value: 0.2050105184316635.
[I 2023-12-27 10:56:26,359] Trial 49 finished with value: 3.430279493331909 and parameters: {'gradient_clip_val': 0.5203036516187536, 'hidden_size': 9, 'dropout': 0.17523619112805158, 'hidden_continuous_size': 6, 'attention_head_size': 2, 'learning_rate': 0.0039508300045066735}. Best is trial 0 with value: 0.2050105184316635.
[I 2023-12-27 10:56:26,472] A new study created in memory with name: no-name-00f3f1d4-4be1-4313-8c73-4be6b9164158
/home/le004/conda/anaconda3/envs/tsff_env/lib/python3.9/site-packages/lightning/fabric/plugins/environments/slurm.py:191: The `srun` command is available on your system but is not used. HINT: If your intention is to run Lightning on SLURM, prepend your python command with `srun` like so: srun python /home/le004/master_thesis/git/TSFusionForecast/code/ ...
[I 2023-12-27 10:57:01,092] Trial 0 finished with value: 0.09072598069906235 and parameters: {'gradient_clip_val': 0.24982352137361896, 'hidden_size': 29, 'dropout': 0.2792547951821021, 'hidden_continuous_size': 6, 'attention_head_size': 4, 'learning_rate': 0.004660579222720513}. Best is trial 0 with value: 0.09072598069906235.
[I 2023-12-27 10:57:10,162] Trial 1 finished with value: 0.3295460641384125 and parameters: {'gradient_clip_val': 0.2400028886902409, 'hidden_size': 6, 'dropout': 0.12280811683857507, 'hidden_continuous_size': 6, 'attention_head_size': 4, 'learning_rate': 0.09339281561456933}. Best is trial 0 with value: 0.09072598069906235.
[I 2023-12-27 10:57:10,595] Trial 2 finished with value: 2.9772350788116455 and parameters: {'gradient_clip_val': 0.9359842178045122, 'hidden_size': 96, 'dropout': 0.45890355182867615, 'hidden_continuous_size': 9, 'attention_head_size': 4, 'learning_rate': 0.0027419560944819585}. Best is trial 0 with value: 0.09072598069906235.
[I 2023-12-27 10:57:11,014] Trial 3 finished with value: 3.3001976013183594 and parameters: {'gradient_clip_val': 0.4708760092937603, 'hidden_size': 64, 'dropout': 0.28133663949977195, 'hidden_continuous_size': 61, 'attention_head_size': 2, 'learning_rate': 0.0015302558639720422}. Best is trial 0 with value: 0.09072598069906235.
[I 2023-12-27 10:57:11,420] Trial 4 finished with value: 2.9982950687408447 and parameters: {'gradient_clip_val': 0.8250761939343988, 'hidden_size': 54, 'dropout': 0.23768309666128548, 'hidden_continuous_size': 6, 'attention_head_size': 3, 'learning_rate': 0.044133399205948436}. Best is trial 0 with value: 0.09072598069906235.
[I 2023-12-27 10:57:11,745] Trial 5 finished with value: 4.1138505935668945 and parameters: {'gradient_clip_val': 0.14532804535013016, 'hidden_size': 5, 'dropout': 0.36847033065793766, 'hidden_continuous_size': 5, 'attention_head_size': 1, 'learning_rate': 0.0010150905575273756}. Best is trial 0 with value: 0.09072598069906235.
[I 2023-12-27 10:57:12,106] Trial 6 finished with value: 3.8673789501190186 and parameters: {'gradient_clip_val': 0.5450467685631557, 'hidden_size': 13, 'dropout': 0.2996447931463546, 'hidden_continuous_size': 7, 'attention_head_size': 4, 'learning_rate': 0.061330027460911186}. Best is trial 0 with value: 0.09072598069906235.
[I 2023-12-27 10:57:12,461] Trial 7 finished with value: 3.5139148235321045 and parameters: {'gradient_clip_val': 0.9490420911534827, 'hidden_size': 48, 'dropout': 0.21700200743226375, 'hidden_continuous_size': 15, 'attention_head_size': 2, 'learning_rate': 0.006948707649509568}. Best is trial 0 with value: 0.09072598069906235.
[I 2023-12-27 10:57:12,930] Trial 8 finished with value: 3.4935245513916016 and parameters: {'gradient_clip_val': 0.6123974323456587, 'hidden_size': 112, 'dropout': 0.40038696950658836, 'hidden_continuous_size': 27, 'attention_head_size': 4, 'learning_rate': 0.009196052518368934}. Best is trial 0 with value: 0.09072598069906235.
[I 2023-12-27 10:57:13,303] Trial 9 finished with value: 3.8834493160247803 and parameters: {'gradient_clip_val': 0.6747243391864335, 'hidden_size': 40, 'dropout': 0.10606760634407314, 'hidden_continuous_size': 6, 'attention_head_size': 3, 'learning_rate': 0.07397557353800374}. Best is trial 0 with value: 0.09072598069906235.
[I 2023-12-27 10:57:13,682] Trial 10 finished with value: 3.7996838092803955 and parameters: {'gradient_clip_val': 0.2907020657277368, 'hidden_size': 19, 'dropout': 0.4907840601286384, 'hidden_continuous_size': 5, 'attention_head_size': 3, 'learning_rate': 0.0005567828356123344}. Best is trial 0 with value: 0.09072598069906235.
[I 2023-12-27 10:57:14,043] Trial 11 finished with value: 3.533585786819458 and parameters: {'gradient_clip_val': 0.2264379505889872, 'hidden_size': 11, 'dropout': 0.11649013821783638, 'hidden_continuous_size': 5, 'attention_head_size': 4, 'learning_rate': 0.01816347423291733}. Best is trial 0 with value: 0.09072598069906235.
[I 2023-12-27 10:57:14,407] Trial 12 finished with value: 3.04193115234375 and parameters: {'gradient_clip_val': 0.1746975407193946, 'hidden_size': 24, 'dropout': 0.18500547922149824, 'hidden_continuous_size': 8, 'attention_head_size': 4, 'learning_rate': 0.027206290474432415}. Best is trial 0 with value: 0.09072598069906235.
[I 2023-12-27 10:57:14,732] Trial 13 finished with value: 3.4627625942230225 and parameters: {'gradient_clip_val': 0.10428303304749816, 'hidden_size': 5, 'dropout': 0.15728852388004072, 'hidden_continuous_size': 5, 'attention_head_size': 3, 'learning_rate': 0.005263314133589916}. Best is trial 0 with value: 0.09072598069906235.
[I 2023-12-27 10:57:15,108] Trial 14 finished with value: 3.244921922683716 and parameters: {'gradient_clip_val': 0.3310597520672048, 'hidden_size': 33, 'dropout': 0.23814629881228738, 'hidden_continuous_size': 10, 'attention_head_size': 1, 'learning_rate': 0.09912861365505354}. Best is trial 0 with value: 0.09072598069906235.
[I 2023-12-27 10:57:15,677] Trial 15 finished with value: 3.9471447467803955 and parameters: {'gradient_clip_val': 0.36478704212556884, 'hidden_size': 8, 'dropout': 0.1619182260775102, 'hidden_continuous_size': 6, 'attention_head_size': 4, 'learning_rate': 0.015893086164829828}. Best is trial 0 with value: 0.09072598069906235.
[I 2023-12-27 10:57:16,041] Trial 16 finished with value: 3.749389410018921 and parameters: {'gradient_clip_val': 0.2292079209357201, 'hidden_size': 20, 'dropout': 0.35600881499995035, 'hidden_continuous_size': 7, 'attention_head_size': 2, 'learning_rate': 0.033860946405242044}. Best is trial 0 with value: 0.09072598069906235.
[I 2023-12-27 10:57:16,442] Trial 17 finished with value: 2.349651575088501 and parameters: {'gradient_clip_val': 0.4001567757331956, 'hidden_size': 29, 'dropout': 0.2717537767501483, 'hidden_continuous_size': 11, 'attention_head_size': 3, 'learning_rate': 0.0033560086966855163}. Best is trial 0 with value: 0.09072598069906235.
[I 2023-12-27 10:57:16,854] Trial 18 finished with value: 3.882417678833008 and parameters: {'gradient_clip_val': 0.2653848700558659, 'hidden_size': 15, 'dropout': 0.3253979642422424, 'hidden_continuous_size': 6, 'attention_head_size': 4, 'learning_rate': 0.012266470495227316}. Best is trial 0 with value: 0.09072598069906235.
[I 2023-12-27 10:57:17,213] Trial 19 finished with value: 3.086721181869507 and parameters: {'gradient_clip_val': 0.19843524713104005, 'hidden_size': 8, 'dropout': 0.20112003584480959, 'hidden_continuous_size': 5, 'attention_head_size': 3, 'learning_rate': 0.020529890297723}. Best is trial 0 with value: 0.09072598069906235.
[I 2023-12-27 10:57:17,600] Trial 20 finished with value: 3.5844552516937256 and parameters: {'gradient_clip_val': 0.29757859931095654, 'hidden_size': 28, 'dropout': 0.1379669666185868, 'hidden_continuous_size': 8, 'attention_head_size': 4, 'learning_rate': 0.038571392521376265}. Best is trial 0 with value: 0.09072598069906235.
[I 2023-12-27 10:57:17,991] Trial 21 finished with value: 3.7223060131073 and parameters: {'gradient_clip_val': 0.39346288067349355, 'hidden_size': 32, 'dropout': 0.2627752516554695, 'hidden_continuous_size': 11, 'attention_head_size': 3, 'learning_rate': 0.003357595991903963}. Best is trial 0 with value: 0.09072598069906235.
[I 2023-12-27 10:57:18,374] Trial 22 finished with value: 3.5283892154693604 and parameters: {'gradient_clip_val': 0.4601297752814093, 'hidden_size': 22, 'dropout': 0.25360385161504384, 'hidden_continuous_size': 7, 'attention_head_size': 3, 'learning_rate': 0.004538437528942264}. Best is trial 0 with value: 0.09072598069906235.
[I 2023-12-27 10:57:18,751] Trial 23 finished with value: 3.7733688354492188 and parameters: {'gradient_clip_val': 0.26155327819661267, 'hidden_size': 16, 'dropout': 0.1886934320889263, 'hidden_continuous_size': 6, 'attention_head_size': 4, 'learning_rate': 0.008623040333498606}. Best is trial 0 with value: 0.09072598069906235.
[I 2023-12-27 10:57:19,141] Trial 24 finished with value: 3.6333065032958984 and parameters: {'gradient_clip_val': 0.3245130538474943, 'hidden_size': 27, 'dropout': 0.27551760477438153, 'hidden_continuous_size': 12, 'attention_head_size': 2, 'learning_rate': 0.002478427803718359}. Best is trial 0 with value: 0.09072598069906235.
[I 2023-12-27 10:57:19,546] Trial 25 finished with value: 3.49957275390625 and parameters: {'gradient_clip_val': 0.4013668036731805, 'hidden_size': 39, 'dropout': 0.22174797874613514, 'hidden_continuous_size': 14, 'attention_head_size': 3, 'learning_rate': 0.005247996054495543}. Best is trial 0 with value: 0.09072598069906235.
[I 2023-12-27 10:57:19,927] Trial 26 finished with value: 4.580904483795166 and parameters: {'gradient_clip_val': 0.24044800640562655, 'hidden_size': 18, 'dropout': 0.3241557365814689, 'hidden_continuous_size': 8, 'attention_head_size': 4, 'learning_rate': 0.011441145985186498}. Best is trial 0 with value: 0.09072598069906235.
[I 2023-12-27 10:57:20,310] Trial 27 finished with value: 3.7982261180877686 and parameters: {'gradient_clip_val': 0.3387241898404004, 'hidden_size': 23, 'dropout': 0.1006395352218057, 'hidden_continuous_size': 9, 'attention_head_size': 4, 'learning_rate': 0.006915790863314473}. Best is trial 0 with value: 0.09072598069906235.
[I 2023-12-27 10:57:20,983] Trial 28 finished with value: 3.3564937114715576 and parameters: {'gradient_clip_val': 0.18763398341029874, 'hidden_size': 72, 'dropout': 0.16428448816871258, 'hidden_continuous_size': 19, 'attention_head_size': 3, 'learning_rate': 0.003713841325383185}. Best is trial 0 with value: 0.09072598069906235.
[I 2023-12-27 10:57:21,458] Trial 29 finished with value: 3.722461462020874 and parameters: {'gradient_clip_val': 0.30557011917706156, 'hidden_size': 78, 'dropout': 0.42149626315202393, 'hidden_continuous_size': 12, 'attention_head_size': 4, 'learning_rate': 0.0023651616952014088}. Best is trial 0 with value: 0.09072598069906235.
[I 2023-12-27 10:57:21,922] Trial 30 finished with value: 3.723445177078247 and parameters: {'gradient_clip_val': 0.3850932993616048, 'hidden_size': 96, 'dropout': 0.2973525784853984, 'hidden_continuous_size': 10, 'attention_head_size': 2, 'learning_rate': 0.026384990879632076}. Best is trial 0 with value: 0.09072598069906235.
[I 2023-12-27 10:57:22,503] Trial 31 finished with value: 3.130596876144409 and parameters: {'gradient_clip_val': 0.4809920226728715, 'hidden_size': 135, 'dropout': 0.26313013475971747, 'hidden_continuous_size': 30, 'attention_head_size': 4, 'learning_rate': 0.0018696647680513613}. Best is trial 0 with value: 0.09072598069906235.
[I 2023-12-27 10:57:22,915] Trial 32 finished with value: 3.694464921951294 and parameters: {'gradient_clip_val': 0.730482278612435, 'hidden_size': 50, 'dropout': 0.28084426014944125, 'hidden_continuous_size': 9, 'attention_head_size': 4, 'learning_rate': 0.003447081648837996}. Best is trial 0 with value: 0.09072598069906235.
[I 2023-12-27 10:57:23,350] Trial 33 finished with value: 2.9749772548675537 and parameters: {'gradient_clip_val': 0.8831526038921849, 'hidden_size': 58, 'dropout': 0.22456881963350242, 'hidden_continuous_size': 9, 'attention_head_size': 3, 'learning_rate': 0.001410075525656425}. Best is trial 0 with value: 0.09072598069906235.
[I 2023-12-27 10:57:23,782] Trial 34 finished with value: 4.02583646774292 and parameters: {'gradient_clip_val': 0.7032343134978013, 'hidden_size': 55, 'dropout': 0.24322773132543402, 'hidden_continuous_size': 9, 'attention_head_size': 3, 'learning_rate': 0.0020985125292904967}. Best is trial 0 with value: 0.09072598069906235.
[I 2023-12-27 10:57:24,196] Trial 35 finished with value: 3.7279603481292725 and parameters: {'gradient_clip_val': 0.8458690019924449, 'hidden_size': 42, 'dropout': 0.23334683910447201, 'hidden_continuous_size': 7, 'attention_head_size': 3, 'learning_rate': 0.001509074113473573}. Best is trial 0 with value: 0.09072598069906235.
[I 2023-12-27 10:57:24,631] Trial 36 finished with value: 3.440113067626953 and parameters: {'gradient_clip_val': 0.8768531866286637, 'hidden_size': 61, 'dropout': 0.13943454318720686, 'hidden_continuous_size': 11, 'attention_head_size': 1, 'learning_rate': 0.0013419408238531936}. Best is trial 0 with value: 0.09072598069906235.
[I 2023-12-27 10:57:25,006] Trial 37 finished with value: 3.828767776489258 and parameters: {'gradient_clip_val': 0.5528402962610105, 'hidden_size': 32, 'dropout': 0.20446104681233457, 'hidden_continuous_size': 8, 'attention_head_size': 2, 'learning_rate': 0.002565645412081825}. Best is trial 0 with value: 0.09072598069906235.
[I 2023-12-27 10:57:25,433] Trial 38 finished with value: 4.422280311584473 and parameters: {'gradient_clip_val': 0.966944917632066, 'hidden_size': 44, 'dropout': 0.22575486115256388, 'hidden_continuous_size': 7, 'attention_head_size': 3, 'learning_rate': 0.046241947867059305}. Best is trial 0 with value: 0.09072598069906235.
[I 2023-12-27 10:57:25,837] Trial 39 finished with value: 4.069108963012695 and parameters: {'gradient_clip_val': 0.803273148975356, 'hidden_size': 27, 'dropout': 0.29469166725113094, 'hidden_continuous_size': 6, 'attention_head_size': 3, 'learning_rate': 0.0010944900907893667}. Best is trial 0 with value: 0.09072598069906235.
[I 2023-12-27 10:57:26,243] Trial 40 finished with value: 4.1604437828063965 and parameters: {'gradient_clip_val': 0.5845624946787803, 'hidden_size': 37, 'dropout': 0.26917530958162195, 'hidden_continuous_size': 14, 'attention_head_size': 4, 'learning_rate': 0.0031903519807899633}. Best is trial 0 with value: 0.09072598069906235.
[I 2023-12-27 10:57:26,677] Trial 41 finished with value: 3.3195676803588867 and parameters: {'gradient_clip_val': 0.9868667745858711, 'hidden_size': 59, 'dropout': 0.31076929046569296, 'hidden_continuous_size': 10, 'attention_head_size': 4, 'learning_rate': 0.0017034060185646188}. Best is trial 0 with value: 0.09072598069906235.
[I 2023-12-27 10:57:27,379] Trial 42 finished with value: 3.2803056240081787 and parameters: {'gradient_clip_val': 0.6703368011849193, 'hidden_size': 79, 'dropout': 0.2394145505795863, 'hidden_continuous_size': 5, 'attention_head_size': 4, 'learning_rate': 0.006624311525237601}. Best is trial 0 with value: 0.09072598069906235.
[I 2023-12-27 10:57:27,815] Trial 43 finished with value: 3.5158870220184326 and parameters: {'gradient_clip_val': 0.7986332158410565, 'hidden_size': 66, 'dropout': 0.2057155794991285, 'hidden_continuous_size': 8, 'attention_head_size': 4, 'learning_rate': 0.004336290160274292}. Best is trial 0 with value: 0.09072598069906235.
[I 2023-12-27 10:57:28,234] Trial 44 finished with value: 3.2781734466552734 and parameters: {'gradient_clip_val': 0.647515479093659, 'hidden_size': 50, 'dropout': 0.2844116409233404, 'hidden_continuous_size': 7, 'attention_head_size': 3, 'learning_rate': 0.0008397277400381734}. Best is trial 0 with value: 0.09072598069906235.
[I 2023-12-27 10:57:28,747] Trial 45 finished with value: 2.850123167037964 and parameters: {'gradient_clip_val': 0.7454242210470357, 'hidden_size': 95, 'dropout': 0.2516432109053834, 'hidden_continuous_size': 15, 'attention_head_size': 4, 'learning_rate': 0.002678892635062143}. Best is trial 0 with value: 0.09072598069906235.
[I 2023-12-27 10:57:29,258] Trial 46 finished with value: 3.331601142883301 and parameters: {'gradient_clip_val': 0.5082985572598585, 'hidden_size': 93, 'dropout': 0.25829596573615604, 'hidden_continuous_size': 16, 'attention_head_size': 4, 'learning_rate': 0.00281567701097915}. Best is trial 0 with value: 0.09072598069906235.
[I 2023-12-27 10:57:29,791] Trial 47 finished with value: 2.6821706295013428 and parameters: {'gradient_clip_val': 0.4374271494772775, 'hidden_size': 115, 'dropout': 0.18072253020710183, 'hidden_continuous_size': 18, 'attention_head_size': 2, 'learning_rate': 0.0018568074996299368}. Best is trial 0 with value: 0.09072598069906235.
[I 2023-12-27 10:57:30,357] Trial 48 finished with value: 2.167821168899536 and parameters: {'gradient_clip_val': 0.4394672897804572, 'hidden_size': 133, 'dropout': 0.17981250465912055, 'hidden_continuous_size': 18, 'attention_head_size': 2, 'learning_rate': 0.0021047064740965615}. Best is trial 0 with value: 0.09072598069906235.
[I 2023-12-27 10:57:30,942] Trial 49 finished with value: 3.4940059185028076 and parameters: {'gradient_clip_val': 0.4249333012546042, 'hidden_size': 142, 'dropout': 0.17722889948554937, 'hidden_continuous_size': 22, 'attention_head_size': 2, 'learning_rate': 0.002107039383848748}. Best is trial 0 with value: 0.09072598069906235.
[I 2023-12-27 10:57:31,061] A new study created in memory with name: no-name-06b334e6-2727-46c7-9cf7-cebf36343e53
/home/le004/conda/anaconda3/envs/tsff_env/lib/python3.9/site-packages/lightning/fabric/plugins/environments/slurm.py:191: The `srun` command is available on your system but is not used. HINT: If your intention is to run Lightning on SLURM, prepend your python command with `srun` like so: srun python /home/le004/master_thesis/git/TSFusionForecast/code/ ...
[I 2023-12-27 10:58:00,575] Trial 0 finished with value: 0.2628077566623688 and parameters: {'gradient_clip_val': 0.886140375092421, 'hidden_size': 9, 'dropout': 0.12712946249362891, 'hidden_continuous_size': 9, 'attention_head_size': 4, 'learning_rate': 0.09116518065679186}. Best is trial 0 with value: 0.2628077566623688.
[I 2023-12-27 10:58:13,242] Trial 1 finished with value: 1.2571121454238892 and parameters: {'gradient_clip_val': 0.8095311178290111, 'hidden_size': 78, 'dropout': 0.10581297007167945, 'hidden_continuous_size': 11, 'attention_head_size': 4, 'learning_rate': 0.002216790268272005}. Best is trial 0 with value: 0.2628077566623688.
[I 2023-12-27 10:58:13,812] Trial 2 finished with value: 4.463598251342773 and parameters: {'gradient_clip_val': 0.6798872614442141, 'hidden_size': 19, 'dropout': 0.4566407237318648, 'hidden_continuous_size': 15, 'attention_head_size': 4, 'learning_rate': 0.0670399809136977}. Best is trial 0 with value: 0.2628077566623688.
[I 2023-12-27 10:58:14,223] Trial 3 finished with value: 3.377357244491577 and parameters: {'gradient_clip_val': 0.24967397387646187, 'hidden_size': 72, 'dropout': 0.22043109667978347, 'hidden_continuous_size': 9, 'attention_head_size': 2, 'learning_rate': 0.03679416046702452}. Best is trial 0 with value: 0.2628077566623688.
[I 2023-12-27 10:58:14,844] Trial 4 finished with value: 5.02893590927124 and parameters: {'gradient_clip_val': 0.1347154220838434, 'hidden_size': 141, 'dropout': 0.4179688533636431, 'hidden_continuous_size': 98, 'attention_head_size': 3, 'learning_rate': 0.09953514047970066}. Best is trial 0 with value: 0.2628077566623688.
[I 2023-12-27 10:58:15,302] Trial 5 finished with value: 4.7212233543396 and parameters: {'gradient_clip_val': 0.894056173663666, 'hidden_size': 92, 'dropout': 0.3454622585269198, 'hidden_continuous_size': 16, 'attention_head_size': 3, 'learning_rate': 0.0816487709591188}. Best is trial 0 with value: 0.2628077566623688.
