[I 2023-12-27 11:14:25,377] Trial 18 finished with value: 2.954127073287964 and parameters: {'gradient_clip_val': 0.13407957098687073, 'hidden_size': 21, 'dropout': 0.15112356813604813, 'hidden_continuous_size': 8, 'attention_head_size': 3, 'learning_rate': 0.010928975226819595}. Best is trial 0 with value: 0.2656850516796112.
[I 2023-12-27 11:14:25,744] Trial 19 finished with value: 3.0002200603485107 and parameters: {'gradient_clip_val': 0.2207767155140314, 'hidden_size': 9, 'dropout': 0.30449769510970254, 'hidden_continuous_size': 5, 'attention_head_size': 2, 'learning_rate': 0.003568945157837555}. Best is trial 0 with value: 0.2656850516796112.
[I 2023-12-27 11:14:26,145] Trial 20 finished with value: 3.3634607791900635 and parameters: {'gradient_clip_val': 0.3794268858544815, 'hidden_size': 37, 'dropout': 0.361805242100253, 'hidden_continuous_size': 8, 'attention_head_size': 4, 'learning_rate': 0.010039948190261801}. Best is trial 0 with value: 0.2656850516796112.
[I 2023-12-27 11:14:26,800] Trial 21 finished with value: 2.525686502456665 and parameters: {'gradient_clip_val': 0.6437898954948806, 'hidden_size': 58, 'dropout': 0.19579702587517078, 'hidden_continuous_size': 33, 'attention_head_size': 3, 'learning_rate': 0.003018096619002839}. Best is trial 0 with value: 0.2656850516796112.
[I 2023-12-27 11:14:27,243] Trial 22 finished with value: 3.9083869457244873 and parameters: {'gradient_clip_val': 0.47290711543119834, 'hidden_size': 66, 'dropout': 0.16985364717406728, 'hidden_continuous_size': 21, 'attention_head_size': 3, 'learning_rate': 0.003350216049343065}. Best is trial 0 with value: 0.2656850516796112.
[I 2023-12-27 11:14:27,686] Trial 23 finished with value: 3.3532943725585938 and parameters: {'gradient_clip_val': 0.5822717275796229, 'hidden_size': 72, 'dropout': 0.21348703065722366, 'hidden_continuous_size': 14, 'attention_head_size': 3, 'learning_rate': 0.003849224405354067}. Best is trial 0 with value: 0.2656850516796112.
[I 2023-12-27 11:14:28,106] Trial 24 finished with value: 3.127073287963867 and parameters: {'gradient_clip_val': 0.2933417725086473, 'hidden_size': 45, 'dropout': 0.13408799130864632, 'hidden_continuous_size': 21, 'attention_head_size': 2, 'learning_rate': 0.008866575511908618}. Best is trial 0 with value: 0.2656850516796112.
[I 2023-12-27 11:14:28,605] Trial 25 finished with value: 3.4519176483154297 and parameters: {'gradient_clip_val': 0.36823837029679735, 'hidden_size': 105, 'dropout': 0.24817321905224482, 'hidden_continuous_size': 32, 'attention_head_size': 3, 'learning_rate': 0.01908218621631737}. Best is trial 0 with value: 0.2656850516796112.
[I 2023-12-27 11:14:29,040] Trial 26 finished with value: 2.6322832107543945 and parameters: {'gradient_clip_val': 0.2746239388307112, 'hidden_size': 65, 'dropout': 0.17449736111460556, 'hidden_continuous_size': 14, 'attention_head_size': 4, 'learning_rate': 0.0023800997611247003}. Best is trial 0 with value: 0.2656850516796112.
[I 2023-12-27 11:14:29,426] Trial 27 finished with value: 2.6376984119415283 and parameters: {'gradient_clip_val': 0.1880178150037901, 'hidden_size': 26, 'dropout': 0.2212840666173752, 'hidden_continuous_size': 11, 'attention_head_size': 3, 'learning_rate': 0.005704213378780898}. Best is trial 0 with value: 0.2656850516796112.
[I 2023-12-27 11:14:29,819] Trial 28 finished with value: 3.4476101398468018 and parameters: {'gradient_clip_val': 0.25894483798169426, 'hidden_size': 40, 'dropout': 0.2832847627709256, 'hidden_continuous_size': 13, 'attention_head_size': 2, 'learning_rate': 0.008402168000191517}. Best is trial 0 with value: 0.2656850516796112.
[I 2023-12-27 11:14:30,235] Trial 29 finished with value: 3.760166883468628 and parameters: {'gradient_clip_val': 0.39806313924968006, 'hidden_size': 55, 'dropout': 0.1865831361851771, 'hidden_continuous_size': 9, 'attention_head_size': 1, 'learning_rate': 0.026615871875664394}. Best is trial 0 with value: 0.2656850516796112.
[I 2023-12-27 11:14:30,637] Trial 30 finished with value: 3.4765465259552 and parameters: {'gradient_clip_val': 0.44939030298083654, 'hidden_size': 31, 'dropout': 0.2018433793417646, 'hidden_continuous_size': 15, 'attention_head_size': 4, 'learning_rate': 0.01626241445355093}. Best is trial 0 with value: 0.2656850516796112.
[I 2023-12-27 11:14:31,088] Trial 31 finished with value: 3.260284423828125 and parameters: {'gradient_clip_val': 0.24623843498634312, 'hidden_size': 74, 'dropout': 0.17905765719254604, 'hidden_continuous_size': 17, 'attention_head_size': 4, 'learning_rate': 0.002461284763735413}. Best is trial 0 with value: 0.2656850516796112.
[I 2023-12-27 11:14:31,524] Trial 32 finished with value: 2.8324663639068604 and parameters: {'gradient_clip_val': 0.3304879124665677, 'hidden_size': 61, 'dropout': 0.13782198997021147, 'hidden_continuous_size': 12, 'attention_head_size': 4, 'learning_rate': 0.0045545615150348745}. Best is trial 0 with value: 0.2656850516796112.
[I 2023-12-27 11:14:31,933] Trial 33 finished with value: 3.6413910388946533 and parameters: {'gradient_clip_val': 0.519440182400054, 'hidden_size': 48, 'dropout': 0.17669283187239418, 'hidden_continuous_size': 14, 'attention_head_size': 3, 'learning_rate': 0.0019444814666146816}. Best is trial 0 with value: 0.2656850516796112.
[I 2023-12-27 11:14:32,395] Trial 34 finished with value: 3.8342158794403076 and parameters: {'gradient_clip_val': 0.7652042644029192, 'hidden_size': 84, 'dropout': 0.22083577811215582, 'hidden_continuous_size': 24, 'attention_head_size': 4, 'learning_rate': 0.002831806947916779}. Best is trial 0 with value: 0.2656850516796112.
[I 2023-12-27 11:14:33,187] Trial 35 finished with value: 3.8431997299194336 and parameters: {'gradient_clip_val': 0.6121097472586092, 'hidden_size': 137, 'dropout': 0.1563692358184844, 'hidden_continuous_size': 33, 'attention_head_size': 3, 'learning_rate': 0.0016310007643401793}. Best is trial 0 with value: 0.2656850516796112.
[I 2023-12-27 11:14:33,616] Trial 36 finished with value: 2.0854897499084473 and parameters: {'gradient_clip_val': 0.27080218507492365, 'hidden_size': 56, 'dropout': 0.1272682850441769, 'hidden_continuous_size': 19, 'attention_head_size': 4, 'learning_rate': 0.0044738387898869735}. Best is trial 0 with value: 0.2656850516796112.
[I 2023-12-27 11:14:34,051] Trial 37 finished with value: 3.8262557983398438 and parameters: {'gradient_clip_val': 0.3228351858871695, 'hidden_size': 53, 'dropout': 0.12122297624570816, 'hidden_continuous_size': 18, 'attention_head_size': 3, 'learning_rate': 0.006595661391969161}. Best is trial 0 with value: 0.2656850516796112.
[I 2023-12-27 11:14:34,457] Trial 38 finished with value: 2.552330255508423 and parameters: {'gradient_clip_val': 0.2141644907002262, 'hidden_size': 37, 'dropout': 0.12484454903823201, 'hidden_continuous_size': 16, 'attention_head_size': 2, 'learning_rate': 0.04969125828506305}. Best is trial 0 with value: 0.2656850516796112.
[I 2023-12-27 11:14:34,982] Trial 39 finished with value: 3.559148073196411 and parameters: {'gradient_clip_val': 0.4225873455344933, 'hidden_size': 111, 'dropout': 0.14530735377429824, 'hidden_continuous_size': 29, 'attention_head_size': 3, 'learning_rate': 0.004781527831772621}. Best is trial 0 with value: 0.2656850516796112.
[I 2023-12-27 11:14:35,434] Trial 40 finished with value: 3.046846389770508 and parameters: {'gradient_clip_val': 0.25415358102520724, 'hidden_size': 58, 'dropout': 0.1025585537314887, 'hidden_continuous_size': 39, 'attention_head_size': 4, 'learning_rate': 0.008269567671607157}. Best is trial 0 with value: 0.2656850516796112.
[I 2023-12-27 11:14:35,853] Trial 41 finished with value: 3.817685127258301 and parameters: {'gradient_clip_val': 0.22047862826730089, 'hidden_size': 39, 'dropout': 0.12437717924813604, 'hidden_continuous_size': 16, 'attention_head_size': 2, 'learning_rate': 0.06965381341236467}. Best is trial 0 with value: 0.2656850516796112.
[I 2023-12-27 11:14:36,278] Trial 42 finished with value: 2.509211540222168 and parameters: {'gradient_clip_val': 0.20174286070232328, 'hidden_size': 47, 'dropout': 0.12319729657153869, 'hidden_continuous_size': 20, 'attention_head_size': 2, 'learning_rate': 0.04368261181514868}. Best is trial 0 with value: 0.2656850516796112.
[I 2023-12-27 11:14:36,700] Trial 43 finished with value: 3.799039125442505 and parameters: {'gradient_clip_val': 0.13188412756721576, 'hidden_size': 46, 'dropout': 0.16047628995570945, 'hidden_continuous_size': 20, 'attention_head_size': 1, 'learning_rate': 0.02937808522403971}. Best is trial 0 with value: 0.2656850516796112.
[I 2023-12-27 11:14:37,159] Trial 44 finished with value: 3.115661859512329 and parameters: {'gradient_clip_val': 0.19390686947380323, 'hidden_size': 79, 'dropout': 0.19852327061096187, 'hidden_continuous_size': 24, 'attention_head_size': 2, 'learning_rate': 0.03994546981259543}. Best is trial 0 with value: 0.2656850516796112.
[I 2023-12-27 11:14:37,586] Trial 45 finished with value: 2.6385045051574707 and parameters: {'gradient_clip_val': 0.23892396079399997, 'hidden_size': 64, 'dropout': 0.14553778579924995, 'hidden_continuous_size': 26, 'attention_head_size': 2, 'learning_rate': 0.01382113564817712}. Best is trial 0 with value: 0.2656850516796112.
[I 2023-12-27 11:14:38,008] Trial 46 finished with value: 2.0935420989990234 and parameters: {'gradient_clip_val': 0.15819759504143902, 'hidden_size': 54, 'dropout': 0.11683799555108149, 'hidden_continuous_size': 20, 'attention_head_size': 1, 'learning_rate': 0.007096892785078629}. Best is trial 0 with value: 0.2656850516796112.
[I 2023-12-27 11:14:38,473] Trial 47 finished with value: 3.448960065841675 and parameters: {'gradient_clip_val': 0.1552009323921353, 'hidden_size': 89, 'dropout': 0.10105061091854708, 'hidden_continuous_size': 18, 'attention_head_size': 1, 'learning_rate': 0.014096353814431433}. Best is trial 0 with value: 0.2656850516796112.
[I 2023-12-27 11:14:38,897] Trial 48 finished with value: 3.350147008895874 and parameters: {'gradient_clip_val': 0.11651706142177529, 'hidden_size': 49, 'dropout': 0.1196828202441955, 'hidden_continuous_size': 20, 'attention_head_size': 1, 'learning_rate': 0.006729959673466484}. Best is trial 0 with value: 0.2656850516796112.
[I 2023-12-27 11:14:39,606] Trial 49 finished with value: 3.5212888717651367 and parameters: {'gradient_clip_val': 0.17629696421666044, 'hidden_size': 71, 'dropout': 0.1546434946999693, 'hidden_continuous_size': 10, 'attention_head_size': 1, 'learning_rate': 0.022544017675834575}. Best is trial 0 with value: 0.2656850516796112.
[I 2023-12-27 11:14:39,719] A new study created in memory with name: no-name-43bc6400-2c8a-47af-9eca-718e521f80ff
/home/le004/conda/anaconda3/envs/tsff_env/lib/python3.9/site-packages/lightning/fabric/plugins/environments/slurm.py:191: The `srun` command is available on your system but is not used. HINT: If your intention is to run Lightning on SLURM, prepend your python command with `srun` like so: srun python /home/le004/master_thesis/git/TSFusionForecast/code/ ...
[I 2023-12-27 11:15:07,498] Trial 0 finished with value: 0.8448853492736816 and parameters: {'gradient_clip_val': 0.2392181422914833, 'hidden_size': 5, 'dropout': 0.2537271962266766, 'hidden_continuous_size': 5, 'attention_head_size': 2, 'learning_rate': 0.04364889514717743}. Best is trial 0 with value: 0.8448853492736816.
[I 2023-12-27 11:15:14,812] Trial 1 finished with value: 1.8730636835098267 and parameters: {'gradient_clip_val': 0.272659333854053, 'hidden_size': 62, 'dropout': 0.3997926924097972, 'hidden_continuous_size': 22, 'attention_head_size': 4, 'learning_rate': 0.0010262519404365433}. Best is trial 0 with value: 0.8448853492736816.
[I 2023-12-27 11:15:15,170] Trial 2 finished with value: 3.088223457336426 and parameters: {'gradient_clip_val': 0.1223486798343185, 'hidden_size': 18, 'dropout': 0.22960978871406496, 'hidden_continuous_size': 7, 'attention_head_size': 2, 'learning_rate': 0.004954358911069778}. Best is trial 0 with value: 0.8448853492736816.
[I 2023-12-27 11:15:15,569] Trial 3 finished with value: 4.1399078369140625 and parameters: {'gradient_clip_val': 0.14687029688738315, 'hidden_size': 48, 'dropout': 0.18705179007680714, 'hidden_continuous_size': 23, 'attention_head_size': 2, 'learning_rate': 0.03650500008225282}. Best is trial 0 with value: 0.8448853492736816.
[I 2023-12-27 11:15:15,950] Trial 4 finished with value: 3.0744125843048096 and parameters: {'gradient_clip_val': 0.13468350305205556, 'hidden_size': 27, 'dropout': 0.4159309340006574, 'hidden_continuous_size': 11, 'attention_head_size': 4, 'learning_rate': 0.012201084138289802}. Best is trial 0 with value: 0.8448853492736816.
[I 2023-12-27 11:15:16,411] Trial 5 finished with value: 1.9099775552749634 and parameters: {'gradient_clip_val': 0.35449249773365815, 'hidden_size': 97, 'dropout': 0.28202296893514167, 'hidden_continuous_size': 19, 'attention_head_size': 1, 'learning_rate': 0.0034047867721792957}. Best is trial 0 with value: 0.8448853492736816.
[I 2023-12-27 11:15:16,751] Trial 6 finished with value: 2.657015562057495 and parameters: {'gradient_clip_val': 0.31754989915976817, 'hidden_size': 12, 'dropout': 0.286161035841796, 'hidden_continuous_size': 6, 'attention_head_size': 1, 'learning_rate': 0.0025584493358130813}. Best is trial 0 with value: 0.8448853492736816.
[I 2023-12-27 11:15:17,162] Trial 7 finished with value: 3.4761464595794678 and parameters: {'gradient_clip_val': 0.6024919802049389, 'hidden_size': 53, 'dropout': 0.20975405995062882, 'hidden_continuous_size': 12, 'attention_head_size': 2, 'learning_rate': 0.03636257530082012}. Best is trial 0 with value: 0.8448853492736816.
[I 2023-12-27 11:15:17,503] Trial 8 finished with value: 2.999253511428833 and parameters: {'gradient_clip_val': 0.10621513402447613, 'hidden_size': 10, 'dropout': 0.13253568939893984, 'hidden_continuous_size': 5, 'attention_head_size': 1, 'learning_rate': 0.02612548933867704}. Best is trial 0 with value: 0.8448853492736816.
[I 2023-12-27 11:15:18,070] Trial 9 finished with value: 2.6641359329223633 and parameters: {'gradient_clip_val': 0.15852124241515667, 'hidden_size': 9, 'dropout': 0.42524823292364744, 'hidden_continuous_size': 8, 'attention_head_size': 1, 'learning_rate': 0.0013674248851512283}. Best is trial 0 with value: 0.8448853492736816.
[I 2023-12-27 11:15:18,407] Trial 10 finished with value: 2.4560048580169678 and parameters: {'gradient_clip_val': 0.7535234583107495, 'hidden_size': 5, 'dropout': 0.4977387448973998, 'hidden_continuous_size': 5, 'attention_head_size': 3, 'learning_rate': 0.09325098681714071}. Best is trial 0 with value: 0.8448853492736816.
[I 2023-12-27 11:15:19,033] Trial 11 finished with value: 3.701700210571289 and parameters: {'gradient_clip_val': 0.21085036298337156, 'hidden_size': 144, 'dropout': 0.3449099961670289, 'hidden_continuous_size': 78, 'attention_head_size': 4, 'learning_rate': 0.0005190021899927589}. Best is trial 0 with value: 0.8448853492736816.
[I 2023-12-27 11:15:19,399] Trial 12 finished with value: 3.1326019763946533 and parameters: {'gradient_clip_val': 0.23105711830085307, 'hidden_size': 6, 'dropout': 0.3514303125186528, 'hidden_continuous_size': 5, 'attention_head_size': 3, 'learning_rate': 0.009281635276705747}. Best is trial 0 with value: 0.8448853492736816.
[I 2023-12-27 11:15:19,789] Trial 13 finished with value: 2.7199935913085938 and parameters: {'gradient_clip_val': 0.42926048796783983, 'hidden_size': 25, 'dropout': 0.10139226979903257, 'hidden_continuous_size': 8, 'attention_head_size': 3, 'learning_rate': 0.00051648645505543}. Best is trial 0 with value: 0.8448853492736816.
[I 2023-12-27 11:15:20,125] Trial 14 finished with value: 3.5751304626464844 and parameters: {'gradient_clip_val': 0.2331784510961314, 'hidden_size': 5, 'dropout': 0.3349850538714186, 'hidden_continuous_size': 5, 'attention_head_size': 4, 'learning_rate': 0.0017990985604670274}. Best is trial 0 with value: 0.8448853492736816.
[I 2023-12-27 11:15:20,553] Trial 15 finished with value: 3.7196733951568604 and parameters: {'gradient_clip_val': 0.4358447160946611, 'hidden_size': 49, 'dropout': 0.24758994554122146, 'hidden_continuous_size': 22, 'attention_head_size': 3, 'learning_rate': 0.00653466715705365}. Best is trial 0 with value: 0.8448853492736816.
[I 2023-12-27 11:15:20,949] Trial 16 finished with value: 4.3120036125183105 and parameters: {'gradient_clip_val': 0.2628180346840011, 'hidden_size': 15, 'dropout': 0.16928600357625745, 'hidden_continuous_size': 6, 'attention_head_size': 2, 'learning_rate': 0.00110151035248007}. Best is trial 0 with value: 0.8448853492736816.
[I 2023-12-27 11:15:21,354] Trial 17 finished with value: 2.9608404636383057 and parameters: {'gradient_clip_val': 0.19154672409762807, 'hidden_size': 29, 'dropout': 0.2593679257957413, 'hidden_continuous_size': 10, 'attention_head_size': 4, 'learning_rate': 0.01259214660241351}. Best is trial 0 with value: 0.8448853492736816.
[I 2023-12-27 11:15:21,737] Trial 18 finished with value: 3.117037057876587 and parameters: {'gradient_clip_val': 0.28295003455916773, 'hidden_size': 9, 'dropout': 0.3149057336569374, 'hidden_continuous_size': 5, 'attention_head_size': 3, 'learning_rate': 0.003617141916057587}. Best is trial 0 with value: 0.8448853492736816.
[I 2023-12-27 11:15:22,112] Trial 19 finished with value: 3.542616605758667 and parameters: {'gradient_clip_val': 0.17611810983346027, 'hidden_size': 7, 'dropout': 0.3946164505665382, 'hidden_continuous_size': 5, 'attention_head_size': 2, 'learning_rate': 0.0009443300000395515}. Best is trial 0 with value: 0.8448853492736816.
[I 2023-12-27 11:15:22,482] Trial 20 finished with value: 3.8821423053741455 and parameters: {'gradient_clip_val': 0.1882762316128421, 'hidden_size': 7, 'dropout': 0.2950907536909755, 'hidden_continuous_size': 5, 'attention_head_size': 4, 'learning_rate': 0.002062912163898554}. Best is trial 0 with value: 0.8448853492736816.
[I 2023-12-27 11:15:22,976] Trial 21 finished with value: 3.434769868850708 and parameters: {'gradient_clip_val': 0.3353575875603696, 'hidden_size': 102, 'dropout': 0.2569005427791903, 'hidden_continuous_size': 15, 'attention_head_size': 1, 'learning_rate': 0.00358784709571072}. Best is trial 0 with value: 0.8448853492736816.
[I 2023-12-27 11:15:23,651] Trial 22 finished with value: 3.1691219806671143 and parameters: {'gradient_clip_val': 0.3736751178863891, 'hidden_size': 67, 'dropout': 0.2800481343559969, 'hidden_continuous_size': 20, 'attention_head_size': 1, 'learning_rate': 0.0029380881177633}. Best is trial 0 with value: 0.8448853492736816.
[I 2023-12-27 11:15:24,130] Trial 23 finished with value: 2.9949913024902344 and parameters: {'gradient_clip_val': 0.27616736861847746, 'hidden_size': 83, 'dropout': 0.21787415713403102, 'hidden_continuous_size': 31, 'attention_head_size': 2, 'learning_rate': 0.005769057909043253}. Best is trial 0 with value: 0.8448853492736816.
[I 2023-12-27 11:15:24,733] Trial 24 finished with value: 3.165720224380493 and parameters: {'gradient_clip_val': 0.38301056655859134, 'hidden_size': 142, 'dropout': 0.3108007723843036, 'hidden_continuous_size': 40, 'attention_head_size': 1, 'learning_rate': 0.0016713396168313646}. Best is trial 0 with value: 0.8448853492736816.
[I 2023-12-27 11:15:25,168] Trial 25 finished with value: 4.033824443817139 and parameters: {'gradient_clip_val': 0.2308203658256041, 'hidden_size': 38, 'dropout': 0.3704691599078436, 'hidden_continuous_size': 14, 'attention_head_size': 2, 'learning_rate': 0.0009038847834252171}. Best is trial 0 with value: 0.8448853492736816.
[I 2023-12-27 11:15:25,653] Trial 26 finished with value: 3.38432240486145 and parameters: {'gradient_clip_val': 0.5026835567867154, 'hidden_size': 96, 'dropout': 0.270864884478889, 'hidden_continuous_size': 17, 'attention_head_size': 3, 'learning_rate': 0.004550993677610848}. Best is trial 0 with value: 0.8448853492736816.
[I 2023-12-27 11:15:26,106] Trial 27 finished with value: 2.798309564590454 and parameters: {'gradient_clip_val': 0.31026597099360004, 'hidden_size': 70, 'dropout': 0.3024773606553939, 'hidden_continuous_size': 14, 'attention_head_size': 1, 'learning_rate': 0.0023250939216587553}. Best is trial 0 with value: 0.8448853492736816.
[I 2023-12-27 11:15:26,510] Trial 28 finished with value: 2.5870068073272705 and parameters: {'gradient_clip_val': 0.2663622325965428, 'hidden_size': 37, 'dropout': 0.24621309706689581, 'hidden_continuous_size': 10, 'attention_head_size': 2, 'learning_rate': 0.00886996079797015}. Best is trial 0 with value: 0.8448853492736816.
[I 2023-12-27 11:15:26,879] Trial 29 finished with value: 2.810284376144409 and parameters: {'gradient_clip_val': 0.9875465375312863, 'hidden_size': 17, 'dropout': 0.3195194461961967, 'hidden_continuous_size': 7, 'attention_head_size': 1, 'learning_rate': 0.005339161574289912}. Best is trial 0 with value: 0.8448853492736816.
[I 2023-12-27 11:15:27,263] Trial 30 finished with value: 3.6365015506744385 and parameters: {'gradient_clip_val': 0.35237160075232316, 'hidden_size': 20, 'dropout': 0.2311975638482311, 'hidden_continuous_size': 8, 'attention_head_size': 3, 'learning_rate': 0.003554748671509097}. Best is trial 0 with value: 0.8448853492736816.
[I 2023-12-27 11:15:27,596] Trial 31 finished with value: 3.938783645629883 and parameters: {'gradient_clip_val': 0.5978623533164621, 'hidden_size': 5, 'dropout': 0.49757096600701683, 'hidden_continuous_size': 5, 'attention_head_size': 3, 'learning_rate': 0.09337257269722947}. Best is trial 0 with value: 0.8448853492736816.
[I 2023-12-27 11:15:27,942] Trial 32 finished with value: 2.644697904586792 and parameters: {'gradient_clip_val': 0.8484110261896037, 'hidden_size': 5, 'dropout': 0.4816016792599588, 'hidden_continuous_size': 5, 'attention_head_size': 4, 'learning_rate': 0.06092495357879161}. Best is trial 0 with value: 0.8448853492736816.
