[I 2023-12-27 10:56:21,861] Trial 44 finished with value: 758.49853515625 and parameters: {'gradient_clip_val': 0.6871945065911793, 'hidden_size': 5, 'dropout': 0.40110655604795764, 'hidden_continuous_size': 5, 'attention_head_size': 2, 'learning_rate': 0.006576771489247695}. Best is trial 0 with value: 170.1652069091797.
[I 2023-12-27 10:56:22,264] Trial 45 finished with value: 822.4111328125 and parameters: {'gradient_clip_val': 0.8827735360912978, 'hidden_size': 8, 'dropout': 0.3498851571869506, 'hidden_continuous_size': 6, 'attention_head_size': 2, 'learning_rate': 0.0014131596694476865}. Best is trial 0 with value: 170.1652069091797.
[I 2023-12-27 10:56:22,651] Trial 46 finished with value: 691.2434692382812 and parameters: {'gradient_clip_val': 0.7763783666560989, 'hidden_size': 6, 'dropout': 0.3726849171846067, 'hidden_continuous_size': 5, 'attention_head_size': 2, 'learning_rate': 0.0009866823015691674}. Best is trial 0 with value: 170.1652069091797.
[I 2023-12-27 10:56:23,000] Trial 47 finished with value: 927.1682739257812 and parameters: {'gradient_clip_val': 0.8884705716818596, 'hidden_size': 5, 'dropout': 0.3392263146188796, 'hidden_continuous_size': 5, 'attention_head_size': 1, 'learning_rate': 0.03924708493457809}. Best is trial 0 with value: 170.1652069091797.
[I 2023-12-27 10:56:23,393] Trial 48 finished with value: 811.096923828125 and parameters: {'gradient_clip_val': 0.6543342589116918, 'hidden_size': 22, 'dropout': 0.30751663124374207, 'hidden_continuous_size': 13, 'attention_head_size': 2, 'learning_rate': 0.005243724717485397}. Best is trial 0 with value: 170.1652069091797.
[I 2023-12-27 10:56:23,777] Trial 49 finished with value: 631.464111328125 and parameters: {'gradient_clip_val': 0.5635624196924852, 'hidden_size': 7, 'dropout': 0.4296090491502262, 'hidden_continuous_size': 6, 'attention_head_size': 2, 'learning_rate': 0.009840535000067818}. Best is trial 0 with value: 170.1652069091797.
[I 2023-12-27 10:56:23,890] A new study created in memory with name: no-name-b949d457-fda9-4d5f-8347-9955db29d755
/home/le004/conda/anaconda3/envs/tsff_env/lib/python3.9/site-packages/lightning/fabric/plugins/environments/slurm.py:191: The `srun` command is available on your system but is not used. HINT: If your intention is to run Lightning on SLURM, prepend your python command with `srun` like so: srun python /home/le004/master_thesis/git/TSFusionForecast/code/ ...
[I 2023-12-27 10:56:44,015] Trial 0 finished with value: 16.355989456176758 and parameters: {'gradient_clip_val': 0.679986367052442, 'hidden_size': 39, 'dropout': 0.26589167574095174, 'hidden_continuous_size': 30, 'attention_head_size': 4, 'learning_rate': 0.020126846391845827}. Best is trial 0 with value: 16.355989456176758.
[I 2023-12-27 10:56:44,402] Trial 1 finished with value: 26.91156578063965 and parameters: {'gradient_clip_val': 0.676226090479941, 'hidden_size': 41, 'dropout': 0.43621084547242506, 'hidden_continuous_size': 31, 'attention_head_size': 1, 'learning_rate': 0.014297478163590449}. Best is trial 0 with value: 16.355989456176758.
[I 2023-12-27 10:56:44,745] Trial 2 finished with value: 24.831525802612305 and parameters: {'gradient_clip_val': 0.28844944025128544, 'hidden_size': 9, 'dropout': 0.27440599067659543, 'hidden_continuous_size': 9, 'attention_head_size': 4, 'learning_rate': 0.004065634183190356}. Best is trial 0 with value: 16.355989456176758.
[I 2023-12-27 10:56:45,225] Trial 3 finished with value: 27.24909210205078 and parameters: {'gradient_clip_val': 0.3228880108786929, 'hidden_size': 93, 'dropout': 0.3671601356872338, 'hidden_continuous_size': 38, 'attention_head_size': 3, 'learning_rate': 0.012070180171090046}. Best is trial 0 with value: 16.355989456176758.
[I 2023-12-27 10:56:45,603] Trial 4 finished with value: 23.988792419433594 and parameters: {'gradient_clip_val': 0.3189862722702875, 'hidden_size': 29, 'dropout': 0.17239644005848867, 'hidden_continuous_size': 19, 'attention_head_size': 3, 'learning_rate': 0.002612762559411996}. Best is trial 0 with value: 16.355989456176758.
[I 2023-12-27 10:56:45,974] Trial 5 finished with value: 24.89914894104004 and parameters: {'gradient_clip_val': 0.12035359609824238, 'hidden_size': 34, 'dropout': 0.3820695802517503, 'hidden_continuous_size': 9, 'attention_head_size': 1, 'learning_rate': 0.0023274497590054753}. Best is trial 0 with value: 16.355989456176758.
[I 2023-12-27 10:56:46,652] Trial 6 finished with value: 27.825693130493164 and parameters: {'gradient_clip_val': 0.2907823146239912, 'hidden_size': 101, 'dropout': 0.27680585968363147, 'hidden_continuous_size': 15, 'attention_head_size': 2, 'learning_rate': 0.09505958504471182}. Best is trial 0 with value: 16.355989456176758.
[I 2023-12-27 10:56:47,005] Trial 7 finished with value: 24.57398223876953 and parameters: {'gradient_clip_val': 0.5467159191744354, 'hidden_size': 24, 'dropout': 0.2770820640410815, 'hidden_continuous_size': 14, 'attention_head_size': 1, 'learning_rate': 0.0021803376338376227}. Best is trial 0 with value: 16.355989456176758.
[I 2023-12-27 10:56:47,321] Trial 8 finished with value: 20.949193954467773 and parameters: {'gradient_clip_val': 0.28677953860476174, 'hidden_size': 5, 'dropout': 0.3622400153889479, 'hidden_continuous_size': 5, 'attention_head_size': 2, 'learning_rate': 0.009522707560934403}. Best is trial 0 with value: 16.355989456176758.
[I 2023-12-27 10:56:47,811] Trial 9 finished with value: 26.300390243530273 and parameters: {'gradient_clip_val': 0.37837768317870946, 'hidden_size': 112, 'dropout': 0.1856671958369554, 'hidden_continuous_size': 58, 'attention_head_size': 2, 'learning_rate': 0.0012525610547132653}. Best is trial 0 with value: 16.355989456176758.
[I 2023-12-27 10:56:48,179] Trial 10 finished with value: 27.948013305664062 and parameters: {'gradient_clip_val': 0.9856543861683602, 'hidden_size': 12, 'dropout': 0.10827899827154763, 'hidden_continuous_size': 5, 'attention_head_size': 4, 'learning_rate': 0.034040880921556445}. Best is trial 0 with value: 16.355989456176758.
[I 2023-12-27 10:56:48,552] Trial 11 finished with value: 32.171836853027344 and parameters: {'gradient_clip_val': 0.18554432979974417, 'hidden_size': 6, 'dropout': 0.48852475639225906, 'hidden_continuous_size': 5, 'attention_head_size': 3, 'learning_rate': 0.007863701823797257}. Best is trial 0 with value: 16.355989456176758.
[I 2023-12-27 10:56:48,885] Trial 12 finished with value: 23.47600746154785 and parameters: {'gradient_clip_val': 0.48824825336077643, 'hidden_size': 5, 'dropout': 0.3445756375680679, 'hidden_continuous_size': 5, 'attention_head_size': 2, 'learning_rate': 0.0006327159589106528}. Best is trial 0 with value: 16.355989456176758.
[I 2023-12-27 10:56:49,270] Trial 13 finished with value: 27.744613647460938 and parameters: {'gradient_clip_val': 0.891160086563152, 'hidden_size': 15, 'dropout': 0.3282322585755058, 'hidden_continuous_size': 6, 'attention_head_size': 4, 'learning_rate': 0.0197984908379461}. Best is trial 0 with value: 16.355989456176758.
[I 2023-12-27 10:56:49,685] Trial 14 finished with value: 23.66730308532715 and parameters: {'gradient_clip_val': 0.6595548605861509, 'hidden_size': 54, 'dropout': 0.4057178890886201, 'hidden_continuous_size': 23, 'attention_head_size': 3, 'learning_rate': 0.007763290546282196}. Best is trial 0 with value: 16.355989456176758.
[I 2023-12-27 10:56:50,052] Trial 15 finished with value: 26.149513244628906 and parameters: {'gradient_clip_val': 0.21649034407487483, 'hidden_size': 18, 'dropout': 0.3164257510680382, 'hidden_continuous_size': 7, 'attention_head_size': 2, 'learning_rate': 0.029098308227226272}. Best is trial 0 with value: 16.355989456176758.
[I 2023-12-27 10:56:50,434] Trial 16 finished with value: 27.8773136138916 and parameters: {'gradient_clip_val': 0.4294277524095256, 'hidden_size': 8, 'dropout': 0.23165578129177555, 'hidden_continuous_size': 6, 'attention_head_size': 4, 'learning_rate': 0.005372718681584886}. Best is trial 0 with value: 16.355989456176758.
[I 2023-12-27 10:56:50,812] Trial 17 finished with value: 26.615821838378906 and parameters: {'gradient_clip_val': 0.589815721340323, 'hidden_size': 21, 'dropout': 0.3112582720201085, 'hidden_continuous_size': 11, 'attention_head_size': 3, 'learning_rate': 0.048840171312818634}. Best is trial 0 with value: 16.355989456176758.
[I 2023-12-27 10:56:51,210] Trial 18 finished with value: 26.036758422851562 and parameters: {'gradient_clip_val': 0.4651889304813331, 'hidden_size': 13, 'dropout': 0.4103524761236999, 'hidden_continuous_size': 7, 'attention_head_size': 2, 'learning_rate': 0.011966682258674914}. Best is trial 0 with value: 16.355989456176758.
[I 2023-12-27 10:56:51,679] Trial 19 finished with value: 26.213171005249023 and parameters: {'gradient_clip_val': 0.8136753110841473, 'hidden_size': 56, 'dropout': 0.3513186001011092, 'hidden_continuous_size': 22, 'attention_head_size': 1, 'learning_rate': 0.017455871947869454}. Best is trial 0 with value: 16.355989456176758.
[I 2023-12-27 10:56:52,303] Trial 20 finished with value: 27.193275451660156 and parameters: {'gradient_clip_val': 0.7153438662223502, 'hidden_size': 5, 'dropout': 0.24171427974145313, 'hidden_continuous_size': 5, 'attention_head_size': 4, 'learning_rate': 0.009160073591546093}. Best is trial 0 with value: 16.355989456176758.
[I 2023-12-27 10:56:52,666] Trial 21 finished with value: 35.1872673034668 and parameters: {'gradient_clip_val': 0.46795455400830743, 'hidden_size': 5, 'dropout': 0.34523294121831527, 'hidden_continuous_size': 5, 'attention_head_size': 2, 'learning_rate': 0.0008179214308088212}. Best is trial 0 with value: 16.355989456176758.
[I 2023-12-27 10:56:53,067] Trial 22 finished with value: 20.736217498779297 and parameters: {'gradient_clip_val': 0.521880363946809, 'hidden_size': 7, 'dropout': 0.3342197682505413, 'hidden_continuous_size': 5, 'attention_head_size': 2, 'learning_rate': 0.0007000896261479042}. Best is trial 0 with value: 16.355989456176758.
[I 2023-12-27 10:56:53,464] Trial 23 finished with value: 28.722450256347656 and parameters: {'gradient_clip_val': 0.5818010948287702, 'hidden_size': 7, 'dropout': 0.3123289093635375, 'hidden_continuous_size': 5, 'attention_head_size': 2, 'learning_rate': 0.0005401210188672032}. Best is trial 0 with value: 16.355989456176758.
[I 2023-12-27 10:56:53,879] Trial 24 finished with value: 33.63595199584961 and parameters: {'gradient_clip_val': 0.7530431165765125, 'hidden_size': 10, 'dropout': 0.38276613887489286, 'hidden_continuous_size': 6, 'attention_head_size': 3, 'learning_rate': 0.0048636411162206825}. Best is trial 0 with value: 16.355989456176758.
[I 2023-12-27 10:56:54,280] Trial 25 finished with value: 27.158470153808594 and parameters: {'gradient_clip_val': 0.39174233005481107, 'hidden_size': 7, 'dropout': 0.2990265249801236, 'hidden_continuous_size': 5, 'attention_head_size': 2, 'learning_rate': 0.0011520991039429846}. Best is trial 0 with value: 16.355989456176758.
[I 2023-12-27 10:56:54,665] Trial 26 finished with value: 24.582359313964844 and parameters: {'gradient_clip_val': 0.5343818486920255, 'hidden_size': 18, 'dropout': 0.35487482910014345, 'hidden_continuous_size': 8, 'attention_head_size': 1, 'learning_rate': 0.005718648053394013}. Best is trial 0 with value: 16.355989456176758.
[I 2023-12-27 10:56:55,085] Trial 27 finished with value: 29.986848831176758 and parameters: {'gradient_clip_val': 0.9026648590632882, 'hidden_size': 10, 'dropout': 0.449101359799734, 'hidden_continuous_size': 6, 'attention_head_size': 3, 'learning_rate': 0.0038775148200536663}. Best is trial 0 with value: 16.355989456176758.
[I 2023-12-27 10:56:55,490] Trial 28 finished with value: 28.296335220336914 and parameters: {'gradient_clip_val': 0.633166849253753, 'hidden_size': 6, 'dropout': 0.38639944372613916, 'hidden_continuous_size': 5, 'attention_head_size': 2, 'learning_rate': 0.008938945372104832}. Best is trial 0 with value: 16.355989456176758.
[I 2023-12-27 10:56:55,882] Trial 29 finished with value: 20.51368522644043 and parameters: {'gradient_clip_val': 0.7232803697568227, 'hidden_size': 11, 'dropout': 0.4321586286239793, 'hidden_continuous_size': 6, 'attention_head_size': 1, 'learning_rate': 0.01527099906398229}. Best is trial 0 with value: 16.355989456176758.
[I 2023-12-27 10:56:56,292] Trial 30 finished with value: 26.953218460083008 and parameters: {'gradient_clip_val': 0.7078398003875995, 'hidden_size': 14, 'dropout': 0.44559887107678153, 'hidden_continuous_size': 7, 'attention_head_size': 1, 'learning_rate': 0.015470178051184103}. Best is trial 0 with value: 16.355989456176758.
[I 2023-12-27 10:56:56,706] Trial 31 finished with value: 21.534250259399414 and parameters: {'gradient_clip_val': 0.7956450960545218, 'hidden_size': 10, 'dropout': 0.41195135361588664, 'hidden_continuous_size': 6, 'attention_head_size': 1, 'learning_rate': 0.022923472607489878}. Best is trial 0 with value: 16.355989456176758.
[I 2023-12-27 10:56:57,114] Trial 32 finished with value: 28.270551681518555 and parameters: {'gradient_clip_val': 0.6558588120692829, 'hidden_size': 7, 'dropout': 0.46731349084728735, 'hidden_continuous_size': 5, 'attention_head_size': 1, 'learning_rate': 0.012657801990748957}. Best is trial 0 with value: 16.355989456176758.
[I 2023-12-27 10:56:57,510] Trial 33 finished with value: 26.423025131225586 and parameters: {'gradient_clip_val': 0.519366407885277, 'hidden_size': 8, 'dropout': 0.4272224413682235, 'hidden_continuous_size': 6, 'attention_head_size': 2, 'learning_rate': 0.011615396225067472}. Best is trial 0 with value: 16.355989456176758.
[I 2023-12-27 10:56:58,223] Trial 34 finished with value: 26.045021057128906 and parameters: {'gradient_clip_val': 0.37039613899187523, 'hidden_size': 11, 'dropout': 0.37017904552152064, 'hidden_continuous_size': 8, 'attention_head_size': 1, 'learning_rate': 0.015986728577850603}. Best is trial 0 with value: 16.355989456176758.
[I 2023-12-27 10:56:58,644] Trial 35 finished with value: 32.17084884643555 and parameters: {'gradient_clip_val': 0.580332259125011, 'hidden_size': 9, 'dropout': 0.33737326923267413, 'hidden_continuous_size': 6, 'attention_head_size': 3, 'learning_rate': 0.006551721698968529}. Best is trial 0 with value: 16.355989456176758.
[I 2023-12-27 10:56:59,085] Trial 36 finished with value: 29.607284545898438 and parameters: {'gradient_clip_val': 0.8190206870965046, 'hidden_size': 33, 'dropout': 0.39519744724185746, 'hidden_continuous_size': 11, 'attention_head_size': 2, 'learning_rate': 0.004177370381620411}. Best is trial 0 with value: 16.355989456176758.
[I 2023-12-27 10:56:59,480] Trial 37 finished with value: 18.997146606445312 and parameters: {'gradient_clip_val': 0.3350180980342422, 'hidden_size': 6, 'dropout': 0.375213558451635, 'hidden_continuous_size': 5, 'attention_head_size': 1, 'learning_rate': 0.010290024497930561}. Best is trial 0 with value: 16.355989456176758.
[I 2023-12-27 10:56:59,883] Trial 38 finished with value: 28.275720596313477 and parameters: {'gradient_clip_val': 0.632327185374277, 'hidden_size': 24, 'dropout': 0.3745397606523313, 'hidden_continuous_size': 12, 'attention_head_size': 1, 'learning_rate': 0.0031148856649290788}. Best is trial 0 with value: 16.355989456176758.
[I 2023-12-27 10:57:00,284] Trial 39 finished with value: 30.546228408813477 and parameters: {'gradient_clip_val': 0.5108375686066692, 'hidden_size': 12, 'dropout': 0.420079365124077, 'hidden_continuous_size': 9, 'attention_head_size': 1, 'learning_rate': 0.006749911423121766}. Best is trial 0 with value: 16.355989456176758.
[I 2023-12-27 10:57:00,731] Trial 40 finished with value: 25.705476760864258 and parameters: {'gradient_clip_val': 0.7240251013930183, 'hidden_size': 39, 'dropout': 0.29160242631816513, 'hidden_continuous_size': 16, 'attention_head_size': 1, 'learning_rate': 0.002121301773256249}. Best is trial 0 with value: 16.355989456176758.
[I 2023-12-27 10:57:01,116] Trial 41 finished with value: 31.50132179260254 and parameters: {'gradient_clip_val': 0.31919985105181126, 'hidden_size': 6, 'dropout': 0.3951576154493538, 'hidden_continuous_size': 5, 'attention_head_size': 1, 'learning_rate': 0.011811448700729163}. Best is trial 0 with value: 16.355989456176758.
[I 2023-12-27 10:57:01,474] Trial 42 finished with value: 26.33465576171875 and parameters: {'gradient_clip_val': 0.28061302278375894, 'hidden_size': 5, 'dropout': 0.3589037088814421, 'hidden_continuous_size': 5, 'attention_head_size': 2, 'learning_rate': 0.010710350858636336}. Best is trial 0 with value: 16.355989456176758.
[I 2023-12-27 10:57:01,868] Trial 43 finished with value: 28.747560501098633 and parameters: {'gradient_clip_val': 0.43104642748435357, 'hidden_size': 8, 'dropout': 0.3282810893309107, 'hidden_continuous_size': 7, 'attention_head_size': 4, 'learning_rate': 0.021610685064130494}. Best is trial 0 with value: 16.355989456176758.
[I 2023-12-27 10:57:02,290] Trial 44 finished with value: 21.915098190307617 and parameters: {'gradient_clip_val': 0.33939424052789663, 'hidden_size': 28, 'dropout': 0.3667572443732452, 'hidden_continuous_size': 10, 'attention_head_size': 2, 'learning_rate': 0.009332667190753634}. Best is trial 0 with value: 16.355989456176758.
[I 2023-12-27 10:57:02,655] Trial 45 finished with value: 23.40253257751465 and parameters: {'gradient_clip_val': 0.2818703574983476, 'hidden_size': 5, 'dropout': 0.3294614264072233, 'hidden_continuous_size': 5, 'attention_head_size': 3, 'learning_rate': 0.014716818842519745}. Best is trial 0 with value: 16.355989456176758.
[I 2023-12-27 10:57:03,038] Trial 46 finished with value: 28.87479591369629 and parameters: {'gradient_clip_val': 0.2551826483495911, 'hidden_size': 6, 'dropout': 0.42912720335213017, 'hidden_continuous_size': 5, 'attention_head_size': 1, 'learning_rate': 0.007395977387441197}. Best is trial 0 with value: 16.355989456176758.
[I 2023-12-27 10:57:03,736] Trial 47 finished with value: 34.64339065551758 and parameters: {'gradient_clip_val': 0.3485957890174202, 'hidden_size': 9, 'dropout': 0.26715836063600756, 'hidden_continuous_size': 8, 'attention_head_size': 2, 'learning_rate': 0.024805531863757647}. Best is trial 0 with value: 16.355989456176758.
[I 2023-12-27 10:57:04,134] Trial 48 finished with value: 25.270517349243164 and parameters: {'gradient_clip_val': 0.39683992580306665, 'hidden_size': 6, 'dropout': 0.40348380374926385, 'hidden_continuous_size': 5, 'attention_head_size': 1, 'learning_rate': 0.0370241979175142}. Best is trial 0 with value: 16.355989456176758.
[I 2023-12-27 10:57:04,530] Trial 49 finished with value: 25.40129280090332 and parameters: {'gradient_clip_val': 0.5576063797178775, 'hidden_size': 16, 'dropout': 0.37610092919709803, 'hidden_continuous_size': 9, 'attention_head_size': 4, 'learning_rate': 0.020377986869731052}. Best is trial 0 with value: 16.355989456176758.
[I 2023-12-27 10:57:04,660] A new study created in memory with name: no-name-a7f4ad13-0b69-4504-8a54-1fee877ac5e2
/home/le004/conda/anaconda3/envs/tsff_env/lib/python3.9/site-packages/lightning/fabric/plugins/environments/slurm.py:191: The `srun` command is available on your system but is not used. HINT: If your intention is to run Lightning on SLURM, prepend your python command with `srun` like so: srun python /home/le004/master_thesis/git/TSFusionForecast/code/ ...
[I 2023-12-27 10:57:51,813] Trial 0 finished with value: 128.14036560058594 and parameters: {'gradient_clip_val': 0.522665944108185, 'hidden_size': 79, 'dropout': 0.21650510304066303, 'hidden_continuous_size': 5, 'attention_head_size': 3, 'learning_rate': 0.0006752961091435427}. Best is trial 0 with value: 128.14036560058594.
[I 2023-12-27 10:58:03,005] Trial 1 finished with value: 300.0179138183594 and parameters: {'gradient_clip_val': 0.1487537188256551, 'hidden_size': 37, 'dropout': 0.3779437057112256, 'hidden_continuous_size': 29, 'attention_head_size': 4, 'learning_rate': 0.0013348846341437513}. Best is trial 0 with value: 128.14036560058594.
[I 2023-12-27 10:58:03,390] Trial 2 finished with value: 422.2864990234375 and parameters: {'gradient_clip_val': 0.502868625180472, 'hidden_size': 36, 'dropout': 0.3719995783067477, 'hidden_continuous_size': 18, 'attention_head_size': 3, 'learning_rate': 0.007490649295681067}. Best is trial 0 with value: 128.14036560058594.
[I 2023-12-27 10:58:03,840] Trial 3 finished with value: 297.0882263183594 and parameters: {'gradient_clip_val': 0.34336025000264175, 'hidden_size': 100, 'dropout': 0.33710642286096204, 'hidden_continuous_size': 7, 'attention_head_size': 1, 'learning_rate': 0.02150224184721616}. Best is trial 0 with value: 128.14036560058594.
[I 2023-12-27 10:58:04,195] Trial 4 finished with value: 543.547119140625 and parameters: {'gradient_clip_val': 0.7773596567335506, 'hidden_size': 25, 'dropout': 0.45106750421692465, 'hidden_continuous_size': 7, 'attention_head_size': 3, 'learning_rate': 0.016487858044217756}. Best is trial 0 with value: 128.14036560058594.
[I 2023-12-27 10:58:04,576] Trial 5 finished with value: 598.9304809570312 and parameters: {'gradient_clip_val': 0.15905840497045, 'hidden_size': 53, 'dropout': 0.48524346728292267, 'hidden_continuous_size': 7, 'attention_head_size': 1, 'learning_rate': 0.003501913149662222}. Best is trial 0 with value: 128.14036560058594.
[I 2023-12-27 10:58:04,920] Trial 6 finished with value: 810.0603637695312 and parameters: {'gradient_clip_val': 0.31947607528626437, 'hidden_size': 9, 'dropout': 0.11947357970786437, 'hidden_continuous_size': 5, 'attention_head_size': 1, 'learning_rate': 0.004784552095581768}. Best is trial 0 with value: 128.14036560058594.
[I 2023-12-27 10:58:05,340] Trial 7 finished with value: 633.5001831054688 and parameters: {'gradient_clip_val': 0.46605363004307127, 'hidden_size': 77, 'dropout': 0.35611432085225125, 'hidden_continuous_size': 6, 'attention_head_size': 1, 'learning_rate': 0.04208485908442292}. Best is trial 0 with value: 128.14036560058594.
