[I 2023-12-27 11:24:03,535] Trial 20 finished with value: 2.975926637649536 and parameters: {'gradient_clip_val': 0.16677767454412035, 'hidden_size': 100, 'dropout': 0.37322392151737577, 'hidden_continuous_size': 33, 'attention_head_size': 1, 'learning_rate': 0.005952518792172495}. Best is trial 0 with value: 0.134412482380867.
[I 2023-12-27 11:24:03,976] Trial 21 finished with value: 3.3856801986694336 and parameters: {'gradient_clip_val': 0.2668820831555363, 'hidden_size': 60, 'dropout': 0.4526558807536708, 'hidden_continuous_size': 24, 'attention_head_size': 1, 'learning_rate': 0.008395839529899104}. Best is trial 0 with value: 0.134412482380867.
[I 2023-12-27 11:24:04,410] Trial 22 finished with value: 2.6785707473754883 and parameters: {'gradient_clip_val': 0.17070214380795543, 'hidden_size': 64, 'dropout': 0.3728929606632923, 'hidden_continuous_size': 27, 'attention_head_size': 2, 'learning_rate': 0.015734359835462144}. Best is trial 0 with value: 0.134412482380867.
[I 2023-12-27 11:24:04,832] Trial 23 finished with value: 3.2714345455169678 and parameters: {'gradient_clip_val': 0.23695828859226212, 'hidden_size': 47, 'dropout': 0.4321259111322855, 'hidden_continuous_size': 19, 'attention_head_size': 1, 'learning_rate': 0.005137472336526399}. Best is trial 0 with value: 0.134412482380867.
[I 2023-12-27 11:24:05,502] Trial 24 finished with value: 3.1126163005828857 and parameters: {'gradient_clip_val': 0.340077180214097, 'hidden_size': 39, 'dropout': 0.46800866490378834, 'hidden_continuous_size': 11, 'attention_head_size': 2, 'learning_rate': 0.008923514383489576}. Best is trial 0 with value: 0.134412482380867.
[I 2023-12-27 11:24:05,968] Trial 25 finished with value: 3.5273711681365967 and parameters: {'gradient_clip_val': 0.135916972685585, 'hidden_size': 72, 'dropout': 0.3792793875020793, 'hidden_continuous_size': 37, 'attention_head_size': 3, 'learning_rate': 0.02214835578742807}. Best is trial 0 with value: 0.134412482380867.
[I 2023-12-27 11:24:06,504] Trial 26 finished with value: 3.7706902027130127 and parameters: {'gradient_clip_val': 0.2114723280439253, 'hidden_size': 107, 'dropout': 0.41425792935760636, 'hidden_continuous_size': 46, 'attention_head_size': 1, 'learning_rate': 0.014085070417784156}. Best is trial 0 with value: 0.134412482380867.
[I 2023-12-27 11:24:06,988] Trial 27 finished with value: 2.6847848892211914 and parameters: {'gradient_clip_val': 0.31446161475337175, 'hidden_size': 76, 'dropout': 0.4731824115006703, 'hidden_continuous_size': 32, 'attention_head_size': 4, 'learning_rate': 0.004013490829400074}. Best is trial 0 with value: 0.134412482380867.
[I 2023-12-27 11:24:07,422] Trial 28 finished with value: 2.4143259525299072 and parameters: {'gradient_clip_val': 0.2545112051282083, 'hidden_size': 56, 'dropout': 0.44066400539153067, 'hidden_continuous_size': 22, 'attention_head_size': 2, 'learning_rate': 0.029220665680543528}. Best is trial 0 with value: 0.134412482380867.
[I 2023-12-27 11:24:07,822] Trial 29 finished with value: 2.8087120056152344 and parameters: {'gradient_clip_val': 0.13323535031669445, 'hidden_size': 22, 'dropout': 0.4931842202769077, 'hidden_continuous_size': 8, 'attention_head_size': 3, 'learning_rate': 0.0018572545367128918}. Best is trial 0 with value: 0.134412482380867.
[I 2023-12-27 11:24:08,247] Trial 30 finished with value: 2.812567949295044 and parameters: {'gradient_clip_val': 0.18743897146755537, 'hidden_size': 44, 'dropout': 0.4007651869500744, 'hidden_continuous_size': 17, 'attention_head_size': 1, 'learning_rate': 0.0086200927327715}. Best is trial 0 with value: 0.134412482380867.
[I 2023-12-27 11:24:08,685] Trial 31 finished with value: 2.7966768741607666 and parameters: {'gradient_clip_val': 0.25961407501866224, 'hidden_size': 54, 'dropout': 0.4484795589630694, 'hidden_continuous_size': 23, 'attention_head_size': 2, 'learning_rate': 0.028959514090289972}. Best is trial 0 with value: 0.134412482380867.
[I 2023-12-27 11:24:09,135] Trial 32 finished with value: 3.0032241344451904 and parameters: {'gradient_clip_val': 0.23525103250117593, 'hidden_size': 61, 'dropout': 0.4507883567652722, 'hidden_continuous_size': 27, 'attention_head_size': 2, 'learning_rate': 0.01577764117536424}. Best is trial 0 with value: 0.134412482380867.
[I 2023-12-27 11:24:09,544] Trial 33 finished with value: 2.5867812633514404 and parameters: {'gradient_clip_val': 0.28934499816517323, 'hidden_size': 35, 'dropout': 0.4320605801499837, 'hidden_continuous_size': 21, 'attention_head_size': 3, 'learning_rate': 0.045001504170488246}. Best is trial 0 with value: 0.134412482380867.
[I 2023-12-27 11:24:09,989] Trial 34 finished with value: 3.174217939376831 and parameters: {'gradient_clip_val': 0.10256449727302072, 'hidden_size': 68, 'dropout': 0.3986177292018538, 'hidden_continuous_size': 24, 'attention_head_size': 2, 'learning_rate': 0.06110583613248269}. Best is trial 0 with value: 0.134412482380867.
[I 2023-12-27 11:24:10,415] Trial 35 finished with value: 3.2481234073638916 and parameters: {'gradient_clip_val': 0.163214069783194, 'hidden_size': 46, 'dropout': 0.35386214494219986, 'hidden_continuous_size': 28, 'attention_head_size': 1, 'learning_rate': 0.028712088211965584}. Best is trial 0 with value: 0.134412482380867.
[I 2023-12-27 11:24:10,828] Trial 36 finished with value: 2.2816271781921387 and parameters: {'gradient_clip_val': 0.2449597714136634, 'hidden_size': 31, 'dropout': 0.43046185346841154, 'hidden_continuous_size': 13, 'attention_head_size': 2, 'learning_rate': 0.010654834599576217}. Best is trial 0 with value: 0.134412482380867.
[I 2023-12-27 11:24:11,229] Trial 37 finished with value: 1.978814959526062 and parameters: {'gradient_clip_val': 0.2279837350881226, 'hidden_size': 29, 'dropout': 0.3511952729984775, 'hidden_continuous_size': 13, 'attention_head_size': 1, 'learning_rate': 0.00928053468166327}. Best is trial 0 with value: 0.134412482380867.
[I 2023-12-27 11:24:11,893] Trial 38 finished with value: 3.336498498916626 and parameters: {'gradient_clip_val': 0.12884999349990106, 'hidden_size': 22, 'dropout': 0.302010080347952, 'hidden_continuous_size': 12, 'attention_head_size': 1, 'learning_rate': 0.010654770684436774}. Best is trial 0 with value: 0.134412482380867.
[I 2023-12-27 11:24:12,295] Trial 39 finished with value: 2.3603084087371826 and parameters: {'gradient_clip_val': 0.19021906290075988, 'hidden_size': 28, 'dropout': 0.35455989601238497, 'hidden_continuous_size': 15, 'attention_head_size': 1, 'learning_rate': 0.0070954177826116445}. Best is trial 0 with value: 0.134412482380867.
[I 2023-12-27 11:24:12,705] Trial 40 finished with value: 3.2590837478637695 and parameters: {'gradient_clip_val': 0.9369289222280504, 'hidden_size': 29, 'dropout': 0.3479308791952203, 'hidden_continuous_size': 14, 'attention_head_size': 1, 'learning_rate': 0.004761186100945306}. Best is trial 0 with value: 0.134412482380867.
[I 2023-12-27 11:24:13,103] Trial 41 finished with value: 3.3704779148101807 and parameters: {'gradient_clip_val': 0.18542854994136757, 'hidden_size': 23, 'dropout': 0.3538499668091242, 'hidden_continuous_size': 13, 'attention_head_size': 1, 'learning_rate': 0.006359761294327569}. Best is trial 0 with value: 0.134412482380867.
[I 2023-12-27 11:24:13,518] Trial 42 finished with value: 2.9356231689453125 and parameters: {'gradient_clip_val': 0.21972187918743888, 'hidden_size': 30, 'dropout': 0.3289855466765666, 'hidden_continuous_size': 16, 'attention_head_size': 1, 'learning_rate': 0.007051495855447856}. Best is trial 0 with value: 0.134412482380867.
[I 2023-12-27 11:24:13,895] Trial 43 finished with value: 2.868260622024536 and parameters: {'gradient_clip_val': 0.14741449786549643, 'hidden_size': 18, 'dropout': 0.30370294556507077, 'hidden_continuous_size': 10, 'attention_head_size': 1, 'learning_rate': 0.0037395657363954965}. Best is trial 0 with value: 0.134412482380867.
[I 2023-12-27 11:24:14,295] Trial 44 finished with value: 2.905637502670288 and parameters: {'gradient_clip_val': 0.20465218446823813, 'hidden_size': 27, 'dropout': 0.3850060264925659, 'hidden_continuous_size': 13, 'attention_head_size': 1, 'learning_rate': 0.010155287413532936}. Best is trial 0 with value: 0.134412482380867.
[I 2023-12-27 11:24:14,709] Trial 45 finished with value: 2.535921812057495 and parameters: {'gradient_clip_val': 0.23760468249671624, 'hidden_size': 35, 'dropout': 0.27966425490457403, 'hidden_continuous_size': 15, 'attention_head_size': 4, 'learning_rate': 0.007627679899764495}. Best is trial 0 with value: 0.134412482380867.
[I 2023-12-27 11:24:15,103] Trial 46 finished with value: 2.8609116077423096 and parameters: {'gradient_clip_val': 0.1198551452187072, 'hidden_size': 25, 'dropout': 0.4171811001687571, 'hidden_continuous_size': 12, 'attention_head_size': 1, 'learning_rate': 0.011199107869638264}. Best is trial 0 with value: 0.134412482380867.
[I 2023-12-27 11:24:15,493] Trial 47 finished with value: 2.5174527168273926 and parameters: {'gradient_clip_val': 0.38167759588074573, 'hidden_size': 19, 'dropout': 0.36572414877213255, 'hidden_continuous_size': 13, 'attention_head_size': 1, 'learning_rate': 0.00671117925985827}. Best is trial 0 with value: 0.134412482380867.
[I 2023-12-27 11:24:15,909] Trial 48 finished with value: 2.8797519207000732 and parameters: {'gradient_clip_val': 0.30231873310609847, 'hidden_size': 30, 'dropout': 0.40146039783272025, 'hidden_continuous_size': 18, 'attention_head_size': 4, 'learning_rate': 0.002842536198811932}. Best is trial 0 with value: 0.134412482380867.
[I 2023-12-27 11:24:16,296] Trial 49 finished with value: 3.1394262313842773 and parameters: {'gradient_clip_val': 0.18475380966406676, 'hidden_size': 13, 'dropout': 0.33658827618081866, 'hidden_continuous_size': 7, 'attention_head_size': 1, 'learning_rate': 0.009494062894961507}. Best is trial 0 with value: 0.134412482380867.
[I 2023-12-27 11:24:16,408] A new study created in memory with name: no-name-97af05e3-4e1d-4f7a-8cd1-c39c204b3e19
/home/le004/conda/anaconda3/envs/tsff_env/lib/python3.9/site-packages/lightning/fabric/plugins/environments/slurm.py:191: The `srun` command is available on your system but is not used. HINT: If your intention is to run Lightning on SLURM, prepend your python command with `srun` like so: srun python /home/le004/master_thesis/git/TSFusionForecast/code/ ...
[I 2023-12-27 11:24:44,236] Trial 0 finished with value: 0.07838339358568192 and parameters: {'gradient_clip_val': 0.31928651108658324, 'hidden_size': 5, 'dropout': 0.38502473629382195, 'hidden_continuous_size': 5, 'attention_head_size': 2, 'learning_rate': 0.07339138854032069}. Best is trial 0 with value: 0.07838339358568192.
[I 2023-12-27 11:25:02,905] Trial 1 finished with value: 0.8757012486457825 and parameters: {'gradient_clip_val': 0.45248550764916834, 'hidden_size': 138, 'dropout': 0.4371410750694815, 'hidden_continuous_size': 39, 'attention_head_size': 1, 'learning_rate': 0.0007919141992208447}. Best is trial 0 with value: 0.07838339358568192.
[I 2023-12-27 11:25:03,290] Trial 2 finished with value: 4.043336391448975 and parameters: {'gradient_clip_val': 0.5411230456837193, 'hidden_size': 43, 'dropout': 0.48405076934133817, 'hidden_continuous_size': 16, 'attention_head_size': 2, 'learning_rate': 0.008441273181645465}. Best is trial 0 with value: 0.07838339358568192.
[I 2023-12-27 11:25:03,636] Trial 3 finished with value: 3.0655763149261475 and parameters: {'gradient_clip_val': 0.5865468805789151, 'hidden_size': 6, 'dropout': 0.35851733556446097, 'hidden_continuous_size': 5, 'attention_head_size': 1, 'learning_rate': 0.010919194184154456}. Best is trial 0 with value: 0.07838339358568192.
[I 2023-12-27 11:25:03,986] Trial 4 finished with value: 3.654486656188965 and parameters: {'gradient_clip_val': 0.1707489825889727, 'hidden_size': 7, 'dropout': 0.2337614646737096, 'hidden_continuous_size': 5, 'attention_head_size': 4, 'learning_rate': 0.0011748371654062464}. Best is trial 0 with value: 0.07838339358568192.
[I 2023-12-27 11:25:04,332] Trial 5 finished with value: 3.9146006107330322 and parameters: {'gradient_clip_val': 0.25079204652804254, 'hidden_size': 12, 'dropout': 0.3849158387613796, 'hidden_continuous_size': 6, 'attention_head_size': 2, 'learning_rate': 0.00928084969762339}. Best is trial 0 with value: 0.07838339358568192.
[I 2023-12-27 11:25:04,724] Trial 6 finished with value: 2.7686548233032227 and parameters: {'gradient_clip_val': 0.3486287659963408, 'hidden_size': 45, 'dropout': 0.3664483589357601, 'hidden_continuous_size': 6, 'attention_head_size': 4, 'learning_rate': 0.005635381992371253}. Best is trial 0 with value: 0.07838339358568192.
[I 2023-12-27 11:25:05,112] Trial 7 finished with value: 2.750633478164673 and parameters: {'gradient_clip_val': 0.2810264194776453, 'hidden_size': 31, 'dropout': 0.2974915766135623, 'hidden_continuous_size': 17, 'attention_head_size': 2, 'learning_rate': 0.015845782101524163}. Best is trial 0 with value: 0.07838339358568192.
[I 2023-12-27 11:25:05,479] Trial 8 finished with value: 4.173605918884277 and parameters: {'gradient_clip_val': 0.38289487243871145, 'hidden_size': 17, 'dropout': 0.18928008243590788, 'hidden_continuous_size': 11, 'attention_head_size': 1, 'learning_rate': 0.0068551944164514135}. Best is trial 0 with value: 0.07838339358568192.
[I 2023-12-27 11:25:05,869] Trial 9 finished with value: 5.150408744812012 and parameters: {'gradient_clip_val': 0.3487158714253459, 'hidden_size': 44, 'dropout': 0.26730821861886134, 'hidden_continuous_size': 7, 'attention_head_size': 2, 'learning_rate': 0.010763398114532727}. Best is trial 0 with value: 0.07838339358568192.
[I 2023-12-27 11:25:06,233] Trial 10 finished with value: 3.418506383895874 and parameters: {'gradient_clip_val': 0.9126711787066193, 'hidden_size': 6, 'dropout': 0.15238288838659672, 'hidden_continuous_size': 5, 'attention_head_size': 3, 'learning_rate': 0.08770486017864317}. Best is trial 0 with value: 0.07838339358568192.
[I 2023-12-27 11:25:07,053] Trial 11 finished with value: 3.549309492111206 and parameters: {'gradient_clip_val': 0.1204978858195005, 'hidden_size': 143, 'dropout': 0.47552417669881386, 'hidden_continuous_size': 46, 'attention_head_size': 1, 'learning_rate': 0.0005965068425151318}. Best is trial 0 with value: 0.07838339358568192.
[I 2023-12-27 11:25:07,638] Trial 12 finished with value: 3.192331075668335 and parameters: {'gradient_clip_val': 0.21320872711588307, 'hidden_size': 139, 'dropout': 0.42360902082558477, 'hidden_continuous_size': 54, 'attention_head_size': 3, 'learning_rate': 0.04311816032418243}. Best is trial 0 with value: 0.07838339358568192.
[I 2023-12-27 11:25:08,009] Trial 13 finished with value: 3.2607650756835938 and parameters: {'gradient_clip_val': 0.47086247809555665, 'hidden_size': 12, 'dropout': 0.4224361680428759, 'hidden_continuous_size': 8, 'attention_head_size': 1, 'learning_rate': 0.002177590999272725}. Best is trial 0 with value: 0.07838339358568192.
[I 2023-12-27 11:25:08,482] Trial 14 finished with value: 4.077291011810303 and parameters: {'gradient_clip_val': 0.6752835777970256, 'hidden_size': 78, 'dropout': 0.3346259829254236, 'hidden_continuous_size': 31, 'attention_head_size': 3, 'learning_rate': 0.0029950251147005907}. Best is trial 0 with value: 0.07838339358568192.
[I 2023-12-27 11:25:08,850] Trial 15 finished with value: 4.956770420074463 and parameters: {'gradient_clip_val': 0.42095212184885544, 'hidden_size': 19, 'dropout': 0.10365243118288997, 'hidden_continuous_size': 9, 'attention_head_size': 1, 'learning_rate': 0.025748082502771816}. Best is trial 0 with value: 0.07838339358568192.
[I 2023-12-27 11:25:09,182] Trial 16 finished with value: 4.053243160247803 and parameters: {'gradient_clip_val': 0.30085014273776567, 'hidden_size': 5, 'dropout': 0.43013673759396326, 'hidden_continuous_size': 5, 'attention_head_size': 2, 'learning_rate': 0.09252905371385421}. Best is trial 0 with value: 0.07838339358568192.
[I 2023-12-27 11:25:09,689] Trial 17 finished with value: 3.4579365253448486 and parameters: {'gradient_clip_val': 0.4444723356942433, 'hidden_size': 88, 'dropout': 0.4968253228525415, 'hidden_continuous_size': 74, 'attention_head_size': 1, 'learning_rate': 0.0005403970619399731}. Best is trial 0 with value: 0.07838339358568192.
[I 2023-12-27 11:25:10,051] Trial 18 finished with value: 2.908485174179077 and parameters: {'gradient_clip_val': 0.6989348092192904, 'hidden_size': 9, 'dropout': 0.305221758335533, 'hidden_continuous_size': 6, 'attention_head_size': 2, 'learning_rate': 0.0034826474201395882}. Best is trial 0 with value: 0.07838339358568192.
[I 2023-12-27 11:25:10,428] Trial 19 finished with value: 3.147294044494629 and parameters: {'gradient_clip_val': 0.22550139383354093, 'hidden_size': 23, 'dropout': 0.3943812537015699, 'hidden_continuous_size': 11, 'attention_head_size': 3, 'learning_rate': 0.0014284636264943937}. Best is trial 0 with value: 0.07838339358568192.
[I 2023-12-27 11:25:10,796] Trial 20 finished with value: 3.929414987564087 and parameters: {'gradient_clip_val': 0.34566288924218724, 'hidden_size': 10, 'dropout': 0.4565993689408312, 'hidden_continuous_size': 6, 'attention_head_size': 1, 'learning_rate': 0.025191720198432355}. Best is trial 0 with value: 0.07838339358568192.
[I 2023-12-27 11:25:11,196] Trial 21 finished with value: 3.12542462348938 and parameters: {'gradient_clip_val': 0.2928808644542336, 'hidden_size': 37, 'dropout': 0.33309773006673177, 'hidden_continuous_size': 16, 'attention_head_size': 2, 'learning_rate': 0.01803019858201824}. Best is trial 0 with value: 0.07838339358568192.
[I 2023-12-27 11:25:11,585] Trial 22 finished with value: 3.0205061435699463 and parameters: {'gradient_clip_val': 0.2765580516809518, 'hidden_size': 32, 'dropout': 0.28139817131752987, 'hidden_continuous_size': 15, 'attention_head_size': 2, 'learning_rate': 0.04754918253795538}. Best is trial 0 with value: 0.07838339358568192.
[I 2023-12-27 11:25:11,949] Trial 23 finished with value: 3.2741711139678955 and parameters: {'gradient_clip_val': 0.48509239250572495, 'hidden_size': 17, 'dropout': 0.3196939894279003, 'hidden_continuous_size': 9, 'attention_head_size': 2, 'learning_rate': 0.004468339750708031}. Best is trial 0 with value: 0.07838339358568192.
[I 2023-12-27 11:25:12,336] Trial 24 finished with value: 3.533848524093628 and parameters: {'gradient_clip_val': 0.3989403710026901, 'hidden_size': 25, 'dropout': 0.398654232123688, 'hidden_continuous_size': 13, 'attention_head_size': 3, 'learning_rate': 0.01363396461669775}. Best is trial 0 with value: 0.07838339358568192.
[I 2023-12-27 11:25:12,993] Trial 25 finished with value: 2.7415459156036377 and parameters: {'gradient_clip_val': 0.31014417415302675, 'hidden_size': 60, 'dropout': 0.45238796887139704, 'hidden_continuous_size': 21, 'attention_head_size': 2, 'learning_rate': 0.005808820379821596}. Best is trial 0 with value: 0.07838339358568192.
[I 2023-12-27 11:25:13,439] Trial 26 finished with value: 3.2430591583251953 and parameters: {'gradient_clip_val': 0.3297638140526678, 'hidden_size': 62, 'dropout': 0.45441299211024555, 'hidden_continuous_size': 23, 'attention_head_size': 1, 'learning_rate': 0.0054283951506895025}. Best is trial 0 with value: 0.07838339358568192.
[I 2023-12-27 11:25:13,923] Trial 27 finished with value: 2.9780361652374268 and parameters: {'gradient_clip_val': 0.4065641139939885, 'hidden_size': 98, 'dropout': 0.44751723092555074, 'hidden_continuous_size': 24, 'attention_head_size': 2, 'learning_rate': 0.002130648375722709}. Best is trial 0 with value: 0.07838339358568192.
[I 2023-12-27 11:25:14,366] Trial 28 finished with value: 3.5344905853271484 and parameters: {'gradient_clip_val': 0.20879913977019857, 'hidden_size': 61, 'dropout': 0.40772269773098513, 'hidden_continuous_size': 30, 'attention_head_size': 3, 'learning_rate': 0.008029437617982882}. Best is trial 0 with value: 0.07838339358568192.
[I 2023-12-27 11:25:14,928] Trial 29 finished with value: 4.260385036468506 and parameters: {'gradient_clip_val': 0.5354196537657732, 'hidden_size': 119, 'dropout': 0.49670570554536797, 'hidden_continuous_size': 119, 'attention_head_size': 2, 'learning_rate': 0.007283024547498055}. Best is trial 0 with value: 0.07838339358568192.
[I 2023-12-27 11:25:15,414] Trial 30 finished with value: 4.070909023284912 and parameters: {'gradient_clip_val': 0.25056147716404353, 'hidden_size': 104, 'dropout': 0.47514250310422945, 'hidden_continuous_size': 20, 'attention_head_size': 1, 'learning_rate': 0.0008623787988778687}. Best is trial 0 with value: 0.07838339358568192.
[I 2023-12-27 11:25:15,812] Trial 31 finished with value: 2.4511821269989014 and parameters: {'gradient_clip_val': 0.3049813325105299, 'hidden_size': 31, 'dropout': 0.35626695716364254, 'hidden_continuous_size': 14, 'attention_head_size': 2, 'learning_rate': 0.01690492712647486}. Best is trial 0 with value: 0.07838339358568192.
[I 2023-12-27 11:25:16,247] Trial 32 finished with value: 3.5349385738372803 and parameters: {'gradient_clip_val': 0.3202744364967238, 'hidden_size': 61, 'dropout': 0.357920380727194, 'hidden_continuous_size': 14, 'attention_head_size': 2, 'learning_rate': 0.004677585583443635}. Best is trial 0 with value: 0.07838339358568192.
[I 2023-12-27 11:25:16,672] Trial 33 finished with value: 2.839982032775879 and parameters: {'gradient_clip_val': 0.3894009866725703, 'hidden_size': 49, 'dropout': 0.376722316856341, 'hidden_continuous_size': 18, 'attention_head_size': 2, 'learning_rate': 0.001475252949415305}. Best is trial 0 with value: 0.07838339358568192.
[I 2023-12-27 11:25:17,072] Trial 34 finished with value: 2.850979804992676 and parameters: {'gradient_clip_val': 0.5274237703171459, 'hidden_size': 32, 'dropout': 0.35747384894172585, 'hidden_continuous_size': 14, 'attention_head_size': 4, 'learning_rate': 0.012163128010495305}. Best is trial 0 with value: 0.07838339358568192.
