[I 2023-12-27 11:10:31,983] Trial 32 finished with value: 307.1518859863281 and parameters: {'gradient_clip_val': 0.13100409943987407, 'hidden_size': 75, 'dropout': 0.27139902703508223, 'hidden_continuous_size': 13, 'attention_head_size': 2, 'learning_rate': 0.0021036864252122252}. Best is trial 0 with value: 46.84321212768555.
LOCAL_RANK: 0 - CUDA_VISIBLE_DEVICES: [0]
[I 2023-12-27 11:10:32,520] Trial 33 finished with value: 268.2530212402344 and parameters: {'gradient_clip_val': 0.17378373433334504, 'hidden_size': 109, 'dropout': 0.3175207977997206, 'hidden_continuous_size': 99, 'attention_head_size': 1, 'learning_rate': 0.0011338031152106946}. Best is trial 0 with value: 46.84321212768555.
LOCAL_RANK: 0 - CUDA_VISIBLE_DEVICES: [0]
[I 2023-12-27 11:10:33,014] Trial 34 finished with value: 155.5243682861328 and parameters: {'gradient_clip_val': 0.26842822794590415, 'hidden_size': 50, 'dropout': 0.36167704992576793, 'hidden_continuous_size': 13, 'attention_head_size': 2, 'learning_rate': 0.0009972779982343422}. Best is trial 0 with value: 46.84321212768555.
LOCAL_RANK: 0 - CUDA_VISIBLE_DEVICES: [0]
[I 2023-12-27 11:10:33,788] Trial 35 finished with value: 189.8973846435547 and parameters: {'gradient_clip_val': 0.28051822412035754, 'hidden_size': 51, 'dropout': 0.41978296411665106, 'hidden_continuous_size': 15, 'attention_head_size': 2, 'learning_rate': 0.0008934991019201924}. Best is trial 0 with value: 46.84321212768555.
LOCAL_RANK: 0 - CUDA_VISIBLE_DEVICES: [0]
[I 2023-12-27 11:10:34,286] Trial 36 finished with value: 218.6499481201172 and parameters: {'gradient_clip_val': 0.2725365120688713, 'hidden_size': 54, 'dropout': 0.42316894555795964, 'hidden_continuous_size': 14, 'attention_head_size': 2, 'learning_rate': 0.0007691395990025548}. Best is trial 0 with value: 46.84321212768555.
LOCAL_RANK: 0 - CUDA_VISIBLE_DEVICES: [0]
[I 2023-12-27 11:10:34,785] Trial 37 finished with value: 252.06280517578125 and parameters: {'gradient_clip_val': 0.27326780152981867, 'hidden_size': 52, 'dropout': 0.36482552601550466, 'hidden_continuous_size': 18, 'attention_head_size': 2, 'learning_rate': 0.0018058829173640387}. Best is trial 0 with value: 46.84321212768555.
LOCAL_RANK: 0 - CUDA_VISIBLE_DEVICES: [0]
[I 2023-12-27 11:10:35,289] Trial 38 finished with value: 254.134033203125 and parameters: {'gradient_clip_val': 0.20966514541974904, 'hidden_size': 68, 'dropout': 0.410160239237905, 'hidden_continuous_size': 21, 'attention_head_size': 1, 'learning_rate': 0.0007734029022147095}. Best is trial 0 with value: 46.84321212768555.
LOCAL_RANK: 0 - CUDA_VISIBLE_DEVICES: [0]
[I 2023-12-27 11:10:35,805] Trial 39 finished with value: 270.0285339355469 and parameters: {'gradient_clip_val': 0.24424219804203726, 'hidden_size': 39, 'dropout': 0.49382196113295274, 'hidden_continuous_size': 17, 'attention_head_size': 2, 'learning_rate': 0.0013294964011732078}. Best is trial 0 with value: 46.84321212768555.
LOCAL_RANK: 0 - CUDA_VISIBLE_DEVICES: [0]
[I 2023-12-27 11:10:36,300] Trial 40 finished with value: 213.57920837402344 and parameters: {'gradient_clip_val': 0.18482096758204006, 'hidden_size': 46, 'dropout': 0.38963445178764095, 'hidden_continuous_size': 14, 'attention_head_size': 2, 'learning_rate': 0.0010730276140328897}. Best is trial 0 with value: 46.84321212768555.
LOCAL_RANK: 0 - CUDA_VISIBLE_DEVICES: [0]
[I 2023-12-27 11:10:36,761] Trial 41 finished with value: 205.8802032470703 and parameters: {'gradient_clip_val': 0.29916786779713095, 'hidden_size': 34, 'dropout': 0.34602618411827746, 'hidden_continuous_size': 10, 'attention_head_size': 2, 'learning_rate': 0.03229243788859347}. Best is trial 0 with value: 46.84321212768555.
LOCAL_RANK: 0 - CUDA_VISIBLE_DEVICES: [0]
[I 2023-12-27 11:10:37,223] Trial 42 finished with value: 200.5172882080078 and parameters: {'gradient_clip_val': 0.3401820707091357, 'hidden_size': 50, 'dropout': 0.471076367958316, 'hidden_continuous_size': 12, 'attention_head_size': 1, 'learning_rate': 0.001746454858491623}. Best is trial 0 with value: 46.84321212768555.
LOCAL_RANK: 0 - CUDA_VISIBLE_DEVICES: [0]
[I 2023-12-27 11:10:37,724] Trial 43 finished with value: 254.1460418701172 and parameters: {'gradient_clip_val': 0.21797209257194813, 'hidden_size': 38, 'dropout': 0.37930655805213115, 'hidden_continuous_size': 15, 'attention_head_size': 2, 'learning_rate': 0.0005488731280467603}. Best is trial 0 with value: 46.84321212768555.
LOCAL_RANK: 0 - CUDA_VISIBLE_DEVICES: [0]
[I 2023-12-27 11:10:38,226] Trial 44 finished with value: 202.5968780517578 and parameters: {'gradient_clip_val': 0.2716195191712605, 'hidden_size': 60, 'dropout': 0.4018433204581238, 'hidden_continuous_size': 7, 'attention_head_size': 3, 'learning_rate': 0.0006539428618654728}. Best is trial 0 with value: 46.84321212768555.
LOCAL_RANK: 0 - CUDA_VISIBLE_DEVICES: [0]
[I 2023-12-27 11:10:38,695] Trial 45 finished with value: 297.9620361328125 and parameters: {'gradient_clip_val': 0.202790711716233, 'hidden_size': 29, 'dropout': 0.10572483704965874, 'hidden_continuous_size': 11, 'attention_head_size': 4, 'learning_rate': 0.0009326859588855299}. Best is trial 0 with value: 46.84321212768555.
LOCAL_RANK: 0 - CUDA_VISIBLE_DEVICES: [0]
[I 2023-12-27 11:10:39,195] Trial 46 finished with value: 203.2786102294922 and parameters: {'gradient_clip_val': 0.3272463653400846, 'hidden_size': 86, 'dropout': 0.4327387724155834, 'hidden_continuous_size': 17, 'attention_head_size': 3, 'learning_rate': 0.0006718823427521238}. Best is trial 0 with value: 46.84321212768555.
LOCAL_RANK: 0 - CUDA_VISIBLE_DEVICES: [0]
[I 2023-12-27 11:10:39,673] Trial 47 finished with value: 226.7010955810547 and parameters: {'gradient_clip_val': 0.2592378907281488, 'hidden_size': 46, 'dropout': 0.13052711460933797, 'hidden_continuous_size': 8, 'attention_head_size': 4, 'learning_rate': 0.001106510456005008}. Best is trial 0 with value: 46.84321212768555.
LOCAL_RANK: 0 - CUDA_VISIBLE_DEVICES: [0]
[I 2023-12-27 11:10:40,463] Trial 48 finished with value: 228.9163055419922 and parameters: {'gradient_clip_val': 0.36924301974027046, 'hidden_size': 126, 'dropout': 0.41334442740225197, 'hidden_continuous_size': 31, 'attention_head_size': 2, 'learning_rate': 0.003495531822856405}. Best is trial 0 with value: 46.84321212768555.
LOCAL_RANK: 0 - CUDA_VISIBLE_DEVICES: [0]
[I 2023-12-27 11:10:40,983] Trial 49 finished with value: 226.7561798095703 and parameters: {'gradient_clip_val': 0.2987970605212458, 'hidden_size': 69, 'dropout': 0.44073937038095046, 'hidden_continuous_size': 20, 'attention_head_size': 4, 'learning_rate': 0.001530827921774985}. Best is trial 0 with value: 46.84321212768555.
[I 2023-12-27 11:10:41,111] A new study created in memory with name: no-name-bf4d5798-dbcb-478b-bf97-13315a3a634e
/home/le004/conda/anaconda3/envs/tsff_env/lib/python3.9/site-packages/lightning/fabric/plugins/environments/slurm.py:191: The `srun` command is available on your system but is not used. HINT: If your intention is to run Lightning on SLURM, prepend your python command with `srun` like so: srun python /home/le004/master_thesis/git/TSFusionForecast/code/ ...
LOCAL_RANK: 0 - CUDA_VISIBLE_DEVICES: [0]
[I 2023-12-27 11:10:57,672] Trial 0 finished with value: 39.28621292114258 and parameters: {'gradient_clip_val': 0.5394660275413642, 'hidden_size': 19, 'dropout': 0.1877841125780867, 'hidden_continuous_size': 8, 'attention_head_size': 2, 'learning_rate': 0.09103356171515851}. Best is trial 0 with value: 39.28621292114258.
LOCAL_RANK: 0 - CUDA_VISIBLE_DEVICES: [0]
[I 2023-12-27 11:10:58,154] Trial 1 finished with value: 147.96926879882812 and parameters: {'gradient_clip_val': 0.8736078393240215, 'hidden_size': 145, 'dropout': 0.2766027629612339, 'hidden_continuous_size': 5, 'attention_head_size': 3, 'learning_rate': 0.0010916074644409998}. Best is trial 0 with value: 39.28621292114258.
LOCAL_RANK: 0 - CUDA_VISIBLE_DEVICES: [0]
[I 2023-12-27 11:10:58,596] Trial 2 finished with value: 142.3119659423828 and parameters: {'gradient_clip_val': 0.9199304282973033, 'hidden_size': 46, 'dropout': 0.16482577559240869, 'hidden_continuous_size': 6, 'attention_head_size': 2, 'learning_rate': 0.020862989638197268}. Best is trial 0 with value: 39.28621292114258.
LOCAL_RANK: 0 - CUDA_VISIBLE_DEVICES: [0]
[I 2023-12-27 11:10:59,030] Trial 3 finished with value: 208.89208984375 and parameters: {'gradient_clip_val': 0.6489477917196765, 'hidden_size': 69, 'dropout': 0.16180175391551432, 'hidden_continuous_size': 11, 'attention_head_size': 1, 'learning_rate': 0.07843316850888649}. Best is trial 0 with value: 39.28621292114258.
LOCAL_RANK: 0 - CUDA_VISIBLE_DEVICES: [0]
[I 2023-12-27 11:10:59,469] Trial 4 finished with value: 181.6947021484375 and parameters: {'gradient_clip_val': 0.42725366600033843, 'hidden_size': 6, 'dropout': 0.32202144114287123, 'hidden_continuous_size': 5, 'attention_head_size': 2, 'learning_rate': 0.012645669418128263}. Best is trial 0 with value: 39.28621292114258.
LOCAL_RANK: 0 - CUDA_VISIBLE_DEVICES: [0]
[I 2023-12-27 11:10:59,920] Trial 5 finished with value: 155.66485595703125 and parameters: {'gradient_clip_val': 0.28648343977087465, 'hidden_size': 47, 'dropout': 0.3739243589965937, 'hidden_continuous_size': 10, 'attention_head_size': 3, 'learning_rate': 0.0007252452994755267}. Best is trial 0 with value: 39.28621292114258.
LOCAL_RANK: 0 - CUDA_VISIBLE_DEVICES: [0]
[I 2023-12-27 11:11:00,348] Trial 6 finished with value: 161.256103515625 and parameters: {'gradient_clip_val': 0.331328677639892, 'hidden_size': 14, 'dropout': 0.388951736123053, 'hidden_continuous_size': 7, 'attention_head_size': 1, 'learning_rate': 0.0005649016749092835}. Best is trial 0 with value: 39.28621292114258.
LOCAL_RANK: 0 - CUDA_VISIBLE_DEVICES: [0]
[I 2023-12-27 11:11:00,786] Trial 7 finished with value: 167.2126007080078 and parameters: {'gradient_clip_val': 0.9358600102874929, 'hidden_size': 12, 'dropout': 0.13699032182463822, 'hidden_continuous_size': 8, 'attention_head_size': 3, 'learning_rate': 0.0006110688816664277}. Best is trial 0 with value: 39.28621292114258.
LOCAL_RANK: 0 - CUDA_VISIBLE_DEVICES: [0]
[I 2023-12-27 11:11:01,202] Trial 8 finished with value: 176.1990966796875 and parameters: {'gradient_clip_val': 0.3517326129979443, 'hidden_size': 9, 'dropout': 0.4658683537447208, 'hidden_continuous_size': 9, 'attention_head_size': 2, 'learning_rate': 0.013633687630119622}. Best is trial 0 with value: 39.28621292114258.
LOCAL_RANK: 0 - CUDA_VISIBLE_DEVICES: [0]
[I 2023-12-27 11:11:01,645] Trial 9 finished with value: 146.74249267578125 and parameters: {'gradient_clip_val': 0.376349834999494, 'hidden_size': 10, 'dropout': 0.2894524383754893, 'hidden_continuous_size': 8, 'attention_head_size': 3, 'learning_rate': 0.06467564616876788}. Best is trial 0 with value: 39.28621292114258.
LOCAL_RANK: 0 - CUDA_VISIBLE_DEVICES: [0]
[I 2023-12-27 11:11:02,395] Trial 10 finished with value: 180.70103454589844 and parameters: {'gradient_clip_val': 0.15258997378460604, 'hidden_size': 20, 'dropout': 0.2153518406527996, 'hidden_continuous_size': 15, 'attention_head_size': 4, 'learning_rate': 0.002521331827887687}. Best is trial 0 with value: 39.28621292114258.
LOCAL_RANK: 0 - CUDA_VISIBLE_DEVICES: [0]
[I 2023-12-27 11:11:02,860] Trial 11 finished with value: 174.7686767578125 and parameters: {'gradient_clip_val': 0.6168706185829483, 'hidden_size': 29, 'dropout': 0.11612081202823835, 'hidden_continuous_size': 23, 'attention_head_size': 2, 'learning_rate': 0.03443059030901461}. Best is trial 0 with value: 39.28621292114258.
LOCAL_RANK: 0 - CUDA_VISIBLE_DEVICES: [0]
[I 2023-12-27 11:11:03,336] Trial 12 finished with value: 153.2527618408203 and parameters: {'gradient_clip_val': 0.963563104340611, 'hidden_size': 28, 'dropout': 0.1890807761735029, 'hidden_continuous_size': 6, 'attention_head_size': 1, 'learning_rate': 0.028352267380828567}. Best is trial 0 with value: 39.28621292114258.
LOCAL_RANK: 0 - CUDA_VISIBLE_DEVICES: [0]
[I 2023-12-27 11:11:03,780] Trial 13 finished with value: 178.1638946533203 and parameters: {'gradient_clip_val': 0.608202214438288, 'hidden_size': 46, 'dropout': 0.2263416320412207, 'hidden_continuous_size': 14, 'attention_head_size': 2, 'learning_rate': 0.09330653754374817}. Best is trial 0 with value: 39.28621292114258.
LOCAL_RANK: 0 - CUDA_VISIBLE_DEVICES: [0]
[I 2023-12-27 11:11:04,256] Trial 14 finished with value: 192.4762725830078 and parameters: {'gradient_clip_val': 0.539689050199521, 'hidden_size': 18, 'dropout': 0.10298795909764083, 'hidden_continuous_size': 6, 'attention_head_size': 4, 'learning_rate': 0.031172092076681254}. Best is trial 0 with value: 39.28621292114258.
LOCAL_RANK: 0 - CUDA_VISIBLE_DEVICES: [0]
[I 2023-12-27 11:11:04,681] Trial 15 finished with value: 190.17529296875 and parameters: {'gradient_clip_val': 0.7776568758005233, 'hidden_size': 5, 'dropout': 0.173900647413036, 'hidden_continuous_size': 5, 'attention_head_size': 2, 'learning_rate': 0.007806610508679483}. Best is trial 0 with value: 39.28621292114258.
LOCAL_RANK: 0 - CUDA_VISIBLE_DEVICES: [0]
[I 2023-12-27 11:11:05,149] Trial 16 finished with value: 181.49609375 and parameters: {'gradient_clip_val': 0.4912184470267574, 'hidden_size': 23, 'dropout': 0.23622897573575968, 'hidden_continuous_size': 7, 'attention_head_size': 1, 'learning_rate': 0.03669489707868883}. Best is trial 0 with value: 39.28621292114258.
LOCAL_RANK: 0 - CUDA_VISIBLE_DEVICES: [0]
[I 2023-12-27 11:11:05,606] Trial 17 finished with value: 184.1075897216797 and parameters: {'gradient_clip_val': 0.746886136583157, 'hidden_size': 38, 'dropout': 0.1419273936127754, 'hidden_continuous_size': 34, 'attention_head_size': 2, 'learning_rate': 0.05468190979861831}. Best is trial 0 with value: 39.28621292114258.
LOCAL_RANK: 0 - CUDA_VISIBLE_DEVICES: [0]
[I 2023-12-27 11:11:06,092] Trial 18 finished with value: 213.93003845214844 and parameters: {'gradient_clip_val': 0.717556741211353, 'hidden_size': 69, 'dropout': 0.19139817812418763, 'hidden_continuous_size': 51, 'attention_head_size': 3, 'learning_rate': 0.09995252409595598}. Best is trial 0 with value: 39.28621292114258.
LOCAL_RANK: 0 - CUDA_VISIBLE_DEVICES: [0]
[I 2023-12-27 11:11:06,555] Trial 19 finished with value: 130.32655334472656 and parameters: {'gradient_clip_val': 0.48719257116977627, 'hidden_size': 17, 'dropout': 0.10603663126085114, 'hidden_continuous_size': 6, 'attention_head_size': 1, 'learning_rate': 0.01754717303330141}. Best is trial 0 with value: 39.28621292114258.
LOCAL_RANK: 0 - CUDA_VISIBLE_DEVICES: [0]
[I 2023-12-27 11:11:07,027] Trial 20 finished with value: 175.6840362548828 and parameters: {'gradient_clip_val': 0.2696295784952616, 'hidden_size': 15, 'dropout': 0.1166021183594728, 'hidden_continuous_size': 7, 'attention_head_size': 1, 'learning_rate': 0.0058530006250092905}. Best is trial 0 with value: 39.28621292114258.
LOCAL_RANK: 0 - CUDA_VISIBLE_DEVICES: [0]
[I 2023-12-27 11:11:07,490] Trial 21 finished with value: 191.9335174560547 and parameters: {'gradient_clip_val': 0.5080436450522544, 'hidden_size': 18, 'dropout': 0.157155882272866, 'hidden_continuous_size': 6, 'attention_head_size': 1, 'learning_rate': 0.019481770188266776}. Best is trial 0 with value: 39.28621292114258.
LOCAL_RANK: 0 - CUDA_VISIBLE_DEVICES: [0]
[I 2023-12-27 11:11:07,986] Trial 22 finished with value: 273.6604309082031 and parameters: {'gradient_clip_val': 0.9807702808968717, 'hidden_size': 27, 'dropout': 0.10181881419087509, 'hidden_continuous_size': 9, 'attention_head_size': 2, 'learning_rate': 0.05259673365720706}. Best is trial 0 with value: 39.28621292114258.
LOCAL_RANK: 0 - CUDA_VISIBLE_DEVICES: [0]
[I 2023-12-27 11:11:08,735] Trial 23 finished with value: 147.95082092285156 and parameters: {'gradient_clip_val': 0.450591182866021, 'hidden_size': 8, 'dropout': 0.14181617159792423, 'hidden_continuous_size': 6, 'attention_head_size': 2, 'learning_rate': 0.019845505108166357}. Best is trial 0 with value: 39.28621292114258.
LOCAL_RANK: 0 - CUDA_VISIBLE_DEVICES: [0]
[I 2023-12-27 11:11:09,178] Trial 24 finished with value: 170.0350799560547 and parameters: {'gradient_clip_val': 0.777358857901483, 'hidden_size': 14, 'dropout': 0.18979700615597928, 'hidden_continuous_size': 5, 'attention_head_size': 1, 'learning_rate': 0.05060809655339404}. Best is trial 0 with value: 39.28621292114258.
LOCAL_RANK: 0 - CUDA_VISIBLE_DEVICES: [0]
[I 2023-12-27 11:11:09,652] Trial 25 finished with value: 193.8502197265625 and parameters: {'gradient_clip_val': 0.5693469032888466, 'hidden_size': 21, 'dropout': 0.25504454266008486, 'hidden_continuous_size': 7, 'attention_head_size': 2, 'learning_rate': 0.02234457538983439}. Best is trial 0 with value: 39.28621292114258.
LOCAL_RANK: 0 - CUDA_VISIBLE_DEVICES: [0]
[I 2023-12-27 11:11:10,092] Trial 26 finished with value: 184.8358154296875 and parameters: {'gradient_clip_val': 0.648037781048952, 'hidden_size': 12, 'dropout': 0.2042768989723009, 'hidden_continuous_size': 6, 'attention_head_size': 1, 'learning_rate': 0.012929108235668682}. Best is trial 0 with value: 39.28621292114258.
LOCAL_RANK: 0 - CUDA_VISIBLE_DEVICES: [0]
[I 2023-12-27 11:11:10,558] Trial 27 finished with value: 243.52239990234375 and parameters: {'gradient_clip_val': 0.41734790880620304, 'hidden_size': 7, 'dropout': 0.16614899186994966, 'hidden_continuous_size': 5, 'attention_head_size': 2, 'learning_rate': 0.06350962047308838}. Best is trial 0 with value: 39.28621292114258.
LOCAL_RANK: 0 - CUDA_VISIBLE_DEVICES: [0]
[I 2023-12-27 11:11:11,016] Trial 28 finished with value: 153.96885681152344 and parameters: {'gradient_clip_val': 0.4932772689724935, 'hidden_size': 34, 'dropout': 0.13280759543317305, 'hidden_continuous_size': 11, 'attention_head_size': 3, 'learning_rate': 0.0436138887778557}. Best is trial 0 with value: 39.28621292114258.
LOCAL_RANK: 0 - CUDA_VISIBLE_DEVICES: [0]
[I 2023-12-27 11:11:11,502] Trial 29 finished with value: 233.65513610839844 and parameters: {'gradient_clip_val': 0.7967166044342112, 'hidden_size': 94, 'dropout': 0.23685202654665077, 'hidden_continuous_size': 13, 'attention_head_size': 1, 'learning_rate': 0.03966326897432947}. Best is trial 0 with value: 39.28621292114258.
LOCAL_RANK: 0 - CUDA_VISIBLE_DEVICES: [0]
[I 2023-12-27 11:11:11,958] Trial 30 finished with value: 128.79483032226562 and parameters: {'gradient_clip_val': 0.8864177807129218, 'hidden_size': 27, 'dropout': 0.17556204168556547, 'hidden_continuous_size': 8, 'attention_head_size': 4, 'learning_rate': 0.025166556041025516}. Best is trial 0 with value: 39.28621292114258.
LOCAL_RANK: 0 - CUDA_VISIBLE_DEVICES: [0]
[I 2023-12-27 11:11:12,428] Trial 31 finished with value: 174.8146514892578 and parameters: {'gradient_clip_val': 0.8425997246280724, 'hidden_size': 24, 'dropout': 0.1761703127251501, 'hidden_continuous_size': 8, 'attention_head_size': 4, 'learning_rate': 0.024165543315580268}. Best is trial 0 with value: 39.28621292114258.
LOCAL_RANK: 0 - CUDA_VISIBLE_DEVICES: [0]
[I 2023-12-27 11:11:12,912] Trial 32 finished with value: 222.096435546875 and parameters: {'gradient_clip_val': 0.6761422649020763, 'hidden_size': 32, 'dropout': 0.15429119329533125, 'hidden_continuous_size': 9, 'attention_head_size': 4, 'learning_rate': 0.07224892184237243}. Best is trial 0 with value: 39.28621292114258.
LOCAL_RANK: 0 - CUDA_VISIBLE_DEVICES: [0]
[I 2023-12-27 11:11:13,366] Trial 33 finished with value: 149.31150817871094 and parameters: {'gradient_clip_val': 0.8464663690933278, 'hidden_size': 17, 'dropout': 0.20674326401275572, 'hidden_continuous_size': 8, 'attention_head_size': 3, 'learning_rate': 0.0165239230785348}. Best is trial 0 with value: 39.28621292114258.
LOCAL_RANK: 0 - CUDA_VISIBLE_DEVICES: [0]
[I 2023-12-27 11:11:13,817] Trial 34 finished with value: 157.55499267578125 and parameters: {'gradient_clip_val': 0.681613289984818, 'hidden_size': 24, 'dropout': 0.12680248283500445, 'hidden_continuous_size': 7, 'attention_head_size': 4, 'learning_rate': 0.02758987497950526}. Best is trial 0 with value: 39.28621292114258.
LOCAL_RANK: 0 - CUDA_VISIBLE_DEVICES: [0]
[I 2023-12-27 11:11:14,309] Trial 35 finished with value: 168.7274932861328 and parameters: {'gradient_clip_val': 0.8765510693794192, 'hidden_size': 41, 'dropout': 0.16216200081899526, 'hidden_continuous_size': 11, 'attention_head_size': 2, 'learning_rate': 0.00998103210603229}. Best is trial 0 with value: 39.28621292114258.
LOCAL_RANK: 0 - CUDA_VISIBLE_DEVICES: [0]
[I 2023-12-27 11:11:15,045] Trial 36 finished with value: 136.6887664794922 and parameters: {'gradient_clip_val': 0.5817359173734699, 'hidden_size': 34, 'dropout': 0.2564150157576014, 'hidden_continuous_size': 5, 'attention_head_size': 3, 'learning_rate': 0.018299174428990334}. Best is trial 0 with value: 39.28621292114258.
LOCAL_RANK: 0 - CUDA_VISIBLE_DEVICES: [0]
[I 2023-12-27 11:11:15,505] Trial 37 finished with value: 190.1383819580078 and parameters: {'gradient_clip_val': 0.5794014071918233, 'hidden_size': 32, 'dropout': 0.27402956163924624, 'hidden_continuous_size': 5, 'attention_head_size': 4, 'learning_rate': 0.015915634585475322}. Best is trial 0 with value: 39.28621292114258.
LOCAL_RANK: 0 - CUDA_VISIBLE_DEVICES: [0]
[I 2023-12-27 11:11:15,972] Trial 38 finished with value: 187.4140625 and parameters: {'gradient_clip_val': 0.5537033820718781, 'hidden_size': 21, 'dropout': 0.2520830666572257, 'hidden_continuous_size': 5, 'attention_head_size': 3, 'learning_rate': 0.043019650085490094}. Best is trial 0 with value: 39.28621292114258.
LOCAL_RANK: 0 - CUDA_VISIBLE_DEVICES: [0]
[I 2023-12-27 11:11:16,470] Trial 39 finished with value: 209.5279083251953 and parameters: {'gradient_clip_val': 0.4519052076312023, 'hidden_size': 26, 'dropout': 0.3061815501775482, 'hidden_continuous_size': 6, 'attention_head_size': 3, 'learning_rate': 0.07626826164598993}. Best is trial 0 with value: 39.28621292114258.
LOCAL_RANK: 0 - CUDA_VISIBLE_DEVICES: [0]
