[I 2023-12-27 11:30:28,115] Trial 14 finished with value: 93480.5234375 and parameters: {'gradient_clip_val': 0.1549467996725601, 'hidden_size': 34, 'dropout': 0.27254644862872335, 'hidden_continuous_size': 8, 'attention_head_size': 1, 'learning_rate': 0.0014664948684459513}. Best is trial 0 with value: 26334.974609375.
LOCAL_RANK: 0 - CUDA_VISIBLE_DEVICES: [0]
[I 2023-12-27 11:30:28,575] Trial 15 finished with value: 85103.875 and parameters: {'gradient_clip_val': 0.2963446473768887, 'hidden_size': 55, 'dropout': 0.15891084227987934, 'hidden_continuous_size': 34, 'attention_head_size': 2, 'learning_rate': 0.006490397912198271}. Best is trial 0 with value: 26334.974609375.
LOCAL_RANK: 0 - CUDA_VISIBLE_DEVICES: [0]
[I 2023-12-27 11:30:29,096] Trial 16 finished with value: 84776.9453125 and parameters: {'gradient_clip_val': 0.16846710777959042, 'hidden_size': 113, 'dropout': 0.2338194069236823, 'hidden_continuous_size': 79, 'attention_head_size': 4, 'learning_rate': 0.01337876695932655}. Best is trial 0 with value: 26334.974609375.
LOCAL_RANK: 0 - CUDA_VISIBLE_DEVICES: [0]
[I 2023-12-27 11:30:29,562] Trial 17 finished with value: 112476.9609375 and parameters: {'gradient_clip_val': 0.10034489062672088, 'hidden_size': 28, 'dropout': 0.10317028666269812, 'hidden_continuous_size': 8, 'attention_head_size': 1, 'learning_rate': 0.0005473702384796064}. Best is trial 0 with value: 26334.974609375.
LOCAL_RANK: 0 - CUDA_VISIBLE_DEVICES: [0]
[I 2023-12-27 11:30:30,006] Trial 18 finished with value: 102250.8671875 and parameters: {'gradient_clip_val': 0.28668503156860375, 'hidden_size': 10, 'dropout': 0.2928610886080659, 'hidden_continuous_size': 5, 'attention_head_size': 2, 'learning_rate': 0.005073124640108612}. Best is trial 0 with value: 26334.974609375.
LOCAL_RANK: 0 - CUDA_VISIBLE_DEVICES: [0]
[I 2023-12-27 11:30:30,446] Trial 19 finished with value: 108532.9140625 and parameters: {'gradient_clip_val': 0.19260368875707853, 'hidden_size': 24, 'dropout': 0.14924307834674502, 'hidden_continuous_size': 6, 'attention_head_size': 3, 'learning_rate': 0.001650584580144029}. Best is trial 0 with value: 26334.974609375.
LOCAL_RANK: 0 - CUDA_VISIBLE_DEVICES: [0]
[I 2023-12-27 11:30:30,901] Trial 20 finished with value: 109583.9765625 and parameters: {'gradient_clip_val': 0.13601426919091505, 'hidden_size': 14, 'dropout': 0.21165268235141688, 'hidden_continuous_size': 5, 'attention_head_size': 1, 'learning_rate': 0.003060401602945831}. Best is trial 0 with value: 26334.974609375.
LOCAL_RANK: 0 - CUDA_VISIBLE_DEVICES: [0]
[I 2023-12-27 11:30:31,367] Trial 21 finished with value: 91867.8359375 and parameters: {'gradient_clip_val': 0.23562188029452097, 'hidden_size': 22, 'dropout': 0.23578485564226723, 'hidden_continuous_size': 8, 'attention_head_size': 1, 'learning_rate': 0.02106794762149733}. Best is trial 0 with value: 26334.974609375.
LOCAL_RANK: 0 - CUDA_VISIBLE_DEVICES: [0]
[I 2023-12-27 11:30:31,832] Trial 22 finished with value: 123133.4375 and parameters: {'gradient_clip_val': 0.1881928581331228, 'hidden_size': 13, 'dropout': 0.24097652766304872, 'hidden_continuous_size': 7, 'attention_head_size': 1, 'learning_rate': 0.02955148424206966}. Best is trial 0 with value: 26334.974609375.
LOCAL_RANK: 0 - CUDA_VISIBLE_DEVICES: [0]
[I 2023-12-27 11:30:32,299] Trial 23 finished with value: 80285.59375 and parameters: {'gradient_clip_val': 0.24208302066186413, 'hidden_size': 25, 'dropout': 0.2881552552968021, 'hidden_continuous_size': 10, 'attention_head_size': 2, 'learning_rate': 0.010981119792653208}. Best is trial 0 with value: 26334.974609375.
LOCAL_RANK: 0 - CUDA_VISIBLE_DEVICES: [0]
[I 2023-12-27 11:30:32,759] Trial 24 finished with value: 89564.5546875 and parameters: {'gradient_clip_val': 0.19354171689906793, 'hidden_size': 16, 'dropout': 0.15036695115335502, 'hidden_continuous_size': 7, 'attention_head_size': 1, 'learning_rate': 0.015681179249563557}. Best is trial 0 with value: 26334.974609375.
LOCAL_RANK: 0 - CUDA_VISIBLE_DEVICES: [0]
[I 2023-12-27 11:30:33,261] Trial 25 finished with value: 111850.0390625 and parameters: {'gradient_clip_val': 0.2525586823868599, 'hidden_size': 150, 'dropout': 0.31048593925790174, 'hidden_continuous_size': 16, 'attention_head_size': 2, 'learning_rate': 0.007401478593739454}. Best is trial 0 with value: 26334.974609375.
LOCAL_RANK: 0 - CUDA_VISIBLE_DEVICES: [0]
[I 2023-12-27 11:30:33,701] Trial 26 finished with value: 101893.3515625 and parameters: {'gradient_clip_val': 0.3211500635182202, 'hidden_size': 20, 'dropout': 0.2270582260320559, 'hidden_continuous_size': 9, 'attention_head_size': 1, 'learning_rate': 0.023249291721167475}. Best is trial 0 with value: 26334.974609375.
LOCAL_RANK: 0 - CUDA_VISIBLE_DEVICES: [0]
[I 2023-12-27 11:30:34,138] Trial 27 finished with value: 121917.75 and parameters: {'gradient_clip_val': 0.1325027770767309, 'hidden_size': 30, 'dropout': 0.26388976196211594, 'hidden_continuous_size': 11, 'attention_head_size': 1, 'learning_rate': 0.0414123785971506}. Best is trial 0 with value: 26334.974609375.
LOCAL_RANK: 0 - CUDA_VISIBLE_DEVICES: [0]
[I 2023-12-27 11:30:34,902] Trial 28 finished with value: 88795.7890625 and parameters: {'gradient_clip_val': 0.17336265884306643, 'hidden_size': 44, 'dropout': 0.20730710269754601, 'hidden_continuous_size': 13, 'attention_head_size': 2, 'learning_rate': 0.0837355359192324}. Best is trial 0 with value: 26334.974609375.
LOCAL_RANK: 0 - CUDA_VISIBLE_DEVICES: [0]
[I 2023-12-27 11:30:35,340] Trial 29 finished with value: 110592.0390625 and parameters: {'gradient_clip_val': 0.21027438871863732, 'hidden_size': 20, 'dropout': 0.1784069388403225, 'hidden_continuous_size': 9, 'attention_head_size': 2, 'learning_rate': 0.020073958727975}. Best is trial 0 with value: 26334.974609375.
LOCAL_RANK: 0 - CUDA_VISIBLE_DEVICES: [0]
[I 2023-12-27 11:30:35,787] Trial 30 finished with value: 106870.375 and parameters: {'gradient_clip_val': 0.3454108156660158, 'hidden_size': 28, 'dropout': 0.1356368049891636, 'hidden_continuous_size': 10, 'attention_head_size': 3, 'learning_rate': 0.012626815579588802}. Best is trial 0 with value: 26334.974609375.
LOCAL_RANK: 0 - CUDA_VISIBLE_DEVICES: [0]
[I 2023-12-27 11:30:36,281] Trial 31 finished with value: 101156.2265625 and parameters: {'gradient_clip_val': 0.14773182159345805, 'hidden_size': 42, 'dropout': 0.19230391589233417, 'hidden_continuous_size': 22, 'attention_head_size': 2, 'learning_rate': 0.007729700060889674}. Best is trial 0 with value: 26334.974609375.
LOCAL_RANK: 0 - CUDA_VISIBLE_DEVICES: [0]
[I 2023-12-27 11:30:36,785] Trial 32 finished with value: 96207.1796875 and parameters: {'gradient_clip_val': 0.15831521770996684, 'hidden_size': 32, 'dropout': 0.2669582015091818, 'hidden_continuous_size': 14, 'attention_head_size': 2, 'learning_rate': 0.015440238426009525}. Best is trial 0 with value: 26334.974609375.
LOCAL_RANK: 0 - CUDA_VISIBLE_DEVICES: [0]
[I 2023-12-27 11:30:37,282] Trial 33 finished with value: 74978.0703125 and parameters: {'gradient_clip_val': 0.251235846591861, 'hidden_size': 24, 'dropout': 0.25240245681276424, 'hidden_continuous_size': 11, 'attention_head_size': 2, 'learning_rate': 0.009564027664362325}. Best is trial 0 with value: 26334.974609375.
LOCAL_RANK: 0 - CUDA_VISIBLE_DEVICES: [0]
[I 2023-12-27 11:30:37,757] Trial 34 finished with value: 106360.6875 and parameters: {'gradient_clip_val': 0.24800982312786704, 'hidden_size': 15, 'dropout': 0.31433005711432765, 'hidden_continuous_size': 9, 'attention_head_size': 1, 'learning_rate': 0.00952861466902583}. Best is trial 0 with value: 26334.974609375.
LOCAL_RANK: 0 - CUDA_VISIBLE_DEVICES: [0]
[I 2023-12-27 11:30:38,195] Trial 35 finished with value: 96555.1171875 and parameters: {'gradient_clip_val': 0.27452579899927243, 'hidden_size': 23, 'dropout': 0.20195732835598856, 'hidden_continuous_size': 11, 'attention_head_size': 1, 'learning_rate': 0.004968863528527965}. Best is trial 0 with value: 26334.974609375.
LOCAL_RANK: 0 - CUDA_VISIBLE_DEVICES: [0]
[I 2023-12-27 11:30:38,633] Trial 36 finished with value: 94687.0625 and parameters: {'gradient_clip_val': 0.20603861692104583, 'hidden_size': 18, 'dropout': 0.3581563746006071, 'hidden_continuous_size': 10, 'attention_head_size': 3, 'learning_rate': 0.04075485927096525}. Best is trial 0 with value: 26334.974609375.
LOCAL_RANK: 0 - CUDA_VISIBLE_DEVICES: [0]
[I 2023-12-27 11:30:39,071] Trial 37 finished with value: 101752.8046875 and parameters: {'gradient_clip_val': 0.3247019695752936, 'hidden_size': 18, 'dropout': 0.22180029319432154, 'hidden_continuous_size': 11, 'attention_head_size': 2, 'learning_rate': 0.01843039303468937}. Best is trial 0 with value: 26334.974609375.
LOCAL_RANK: 0 - CUDA_VISIBLE_DEVICES: [0]
[I 2023-12-27 11:30:39,518] Trial 38 finished with value: 112019.25 and parameters: {'gradient_clip_val': 0.21719175943121782, 'hidden_size': 25, 'dropout': 0.28412277444124273, 'hidden_continuous_size': 12, 'attention_head_size': 2, 'learning_rate': 0.011579688722147563}. Best is trial 0 with value: 26334.974609375.
LOCAL_RANK: 0 - CUDA_VISIBLE_DEVICES: [0]
[I 2023-12-27 11:30:39,955] Trial 39 finished with value: 98052.1484375 and parameters: {'gradient_clip_val': 0.37505736929803796, 'hidden_size': 13, 'dropout': 0.24897195565979108, 'hidden_continuous_size': 5, 'attention_head_size': 1, 'learning_rate': 0.003928411906257445}. Best is trial 0 with value: 26334.974609375.
LOCAL_RANK: 0 - CUDA_VISIBLE_DEVICES: [0]
[I 2023-12-27 11:30:40,413] Trial 40 finished with value: 96412.0625 and parameters: {'gradient_clip_val': 0.43080262645520784, 'hidden_size': 17, 'dropout': 0.12356648025641703, 'hidden_continuous_size': 6, 'attention_head_size': 4, 'learning_rate': 0.009806745786911032}. Best is trial 0 with value: 26334.974609375.
LOCAL_RANK: 0 - CUDA_VISIBLE_DEVICES: [0]
[I 2023-12-27 11:30:41,130] Trial 41 finished with value: 106256.8203125 and parameters: {'gradient_clip_val': 0.2541937637036221, 'hidden_size': 36, 'dropout': 0.2510901804326065, 'hidden_continuous_size': 15, 'attention_head_size': 2, 'learning_rate': 0.007262296525159491}. Best is trial 0 with value: 26334.974609375.
LOCAL_RANK: 0 - CUDA_VISIBLE_DEVICES: [0]
[I 2023-12-27 11:30:41,624] Trial 42 finished with value: 83361.7109375 and parameters: {'gradient_clip_val': 0.174747659480878, 'hidden_size': 21, 'dropout': 0.25459019722714915, 'hidden_continuous_size': 11, 'attention_head_size': 2, 'learning_rate': 0.006296809247902391}. Best is trial 0 with value: 26334.974609375.
LOCAL_RANK: 0 - CUDA_VISIBLE_DEVICES: [0]
[I 2023-12-27 11:30:42,071] Trial 43 finished with value: 115779.4140625 and parameters: {'gradient_clip_val': 0.2189593845136513, 'hidden_size': 28, 'dropout': 0.2767327958578502, 'hidden_continuous_size': 13, 'attention_head_size': 2, 'learning_rate': 0.009181035524001015}. Best is trial 0 with value: 26334.974609375.
LOCAL_RANK: 0 - CUDA_VISIBLE_DEVICES: [0]
[I 2023-12-27 11:30:42,526] Trial 44 finished with value: 87615.4140625 and parameters: {'gradient_clip_val': 0.12524039159853853, 'hidden_size': 33, 'dropout': 0.304762520587714, 'hidden_continuous_size': 18, 'attention_head_size': 3, 'learning_rate': 0.015837710798954466}. Best is trial 0 with value: 26334.974609375.
LOCAL_RANK: 0 - CUDA_VISIBLE_DEVICES: [0]
[I 2023-12-27 11:30:43,016] Trial 45 finished with value: 108216.9453125 and parameters: {'gradient_clip_val': 0.18707248615752028, 'hidden_size': 53, 'dropout': 0.17381361532667555, 'hidden_continuous_size': 21, 'attention_head_size': 2, 'learning_rate': 0.002382956415808686}. Best is trial 0 with value: 26334.974609375.
LOCAL_RANK: 0 - CUDA_VISIBLE_DEVICES: [0]
[I 2023-12-27 11:30:43,464] Trial 46 finished with value: 93629.5 and parameters: {'gradient_clip_val': 0.26303579002070643, 'hidden_size': 21, 'dropout': 0.3262285261364739, 'hidden_continuous_size': 9, 'attention_head_size': 1, 'learning_rate': 0.003958374272060937}. Best is trial 0 with value: 26334.974609375.
LOCAL_RANK: 0 - CUDA_VISIBLE_DEVICES: [0]
[I 2023-12-27 11:30:43,940] Trial 47 finished with value: 96428.15625 and parameters: {'gradient_clip_val': 0.22236423463717375, 'hidden_size': 12, 'dropout': 0.22557330508891918, 'hidden_continuous_size': 8, 'attention_head_size': 3, 'learning_rate': 0.005432625641537379}. Best is trial 0 with value: 26334.974609375.
LOCAL_RANK: 0 - CUDA_VISIBLE_DEVICES: [0]
[I 2023-12-27 11:30:44,379] Trial 48 finished with value: 87727.5859375 and parameters: {'gradient_clip_val': 0.3025138765449722, 'hidden_size': 16, 'dropout': 0.10424369850201005, 'hidden_continuous_size': 10, 'attention_head_size': 1, 'learning_rate': 0.0258438044617588}. Best is trial 0 with value: 26334.974609375.
LOCAL_RANK: 0 - CUDA_VISIBLE_DEVICES: [0]
[I 2023-12-27 11:30:44,837] Trial 49 finished with value: 76532.515625 and parameters: {'gradient_clip_val': 0.16764921805482605, 'hidden_size': 8, 'dropout': 0.265501760499773, 'hidden_continuous_size': 6, 'attention_head_size': 2, 'learning_rate': 0.008042890159071324}. Best is trial 0 with value: 26334.974609375.
[I 2023-12-27 11:30:44,967] A new study created in memory with name: no-name-86107424-f4f7-4d3c-b918-4085855ceb81
/home/le004/conda/anaconda3/envs/tsff_env/lib/python3.9/site-packages/lightning/fabric/plugins/environments/slurm.py:191: The `srun` command is available on your system but is not used. HINT: If your intention is to run Lightning on SLURM, prepend your python command with `srun` like so: srun python /home/le004/master_thesis/git/TSFusionForecast/code/ ...
LOCAL_RANK: 0 - CUDA_VISIBLE_DEVICES: [0]
[I 2023-12-27 11:31:08,137] Trial 0 finished with value: 96.32174682617188 and parameters: {'gradient_clip_val': 0.4951943108688871, 'hidden_size': 9, 'dropout': 0.114825130889556, 'hidden_continuous_size': 6, 'attention_head_size': 4, 'learning_rate': 0.019007242418409977}. Best is trial 0 with value: 96.32174682617188.
LOCAL_RANK: 0 - CUDA_VISIBLE_DEVICES: [0]
[I 2023-12-27 11:31:08,559] Trial 1 finished with value: 426.6407165527344 and parameters: {'gradient_clip_val': 0.1646889862884578, 'hidden_size': 21, 'dropout': 0.14063464913492912, 'hidden_continuous_size': 11, 'attention_head_size': 2, 'learning_rate': 0.0010022215798180813}. Best is trial 0 with value: 96.32174682617188.
LOCAL_RANK: 0 - CUDA_VISIBLE_DEVICES: [0]
[I 2023-12-27 11:31:09,046] Trial 2 finished with value: 361.5936584472656 and parameters: {'gradient_clip_val': 0.5480244953937046, 'hidden_size': 63, 'dropout': 0.109851458899068, 'hidden_continuous_size': 26, 'attention_head_size': 2, 'learning_rate': 0.0837778337765109}. Best is trial 0 with value: 96.32174682617188.
LOCAL_RANK: 0 - CUDA_VISIBLE_DEVICES: [0]
[I 2023-12-27 11:31:09,768] Trial 3 finished with value: 372.2549743652344 and parameters: {'gradient_clip_val': 0.5493708215178348, 'hidden_size': 33, 'dropout': 0.355578168956306, 'hidden_continuous_size': 22, 'attention_head_size': 2, 'learning_rate': 0.020739899638044082}. Best is trial 0 with value: 96.32174682617188.
LOCAL_RANK: 0 - CUDA_VISIBLE_DEVICES: [0]
[I 2023-12-27 11:31:10,162] Trial 4 finished with value: 274.0723876953125 and parameters: {'gradient_clip_val': 0.28397464841664116, 'hidden_size': 5, 'dropout': 0.38460210245975457, 'hidden_continuous_size': 5, 'attention_head_size': 3, 'learning_rate': 0.008351610814910876}. Best is trial 0 with value: 96.32174682617188.
LOCAL_RANK: 0 - CUDA_VISIBLE_DEVICES: [0]
[I 2023-12-27 11:31:10,590] Trial 5 finished with value: 367.9837341308594 and parameters: {'gradient_clip_val': 0.39862155282537604, 'hidden_size': 16, 'dropout': 0.37717277487711154, 'hidden_continuous_size': 13, 'attention_head_size': 4, 'learning_rate': 0.009467422020932606}. Best is trial 0 with value: 96.32174682617188.
LOCAL_RANK: 0 - CUDA_VISIBLE_DEVICES: [0]
[I 2023-12-27 11:31:11,027] Trial 6 finished with value: 277.6986389160156 and parameters: {'gradient_clip_val': 0.28332951177164856, 'hidden_size': 6, 'dropout': 0.47680552432904244, 'hidden_continuous_size': 5, 'attention_head_size': 2, 'learning_rate': 0.003642328031282697}. Best is trial 0 with value: 96.32174682617188.
LOCAL_RANK: 0 - CUDA_VISIBLE_DEVICES: [0]
[I 2023-12-27 11:31:11,393] Trial 7 finished with value: 278.0386657714844 and parameters: {'gradient_clip_val': 0.1338102535590843, 'hidden_size': 5, 'dropout': 0.22459581916826676, 'hidden_continuous_size': 5, 'attention_head_size': 1, 'learning_rate': 0.08199351101997521}. Best is trial 0 with value: 96.32174682617188.
LOCAL_RANK: 0 - CUDA_VISIBLE_DEVICES: [0]
[I 2023-12-27 11:31:11,796] Trial 8 finished with value: 322.934814453125 and parameters: {'gradient_clip_val': 0.48355795814888364, 'hidden_size': 7, 'dropout': 0.1631694348470835, 'hidden_continuous_size': 5, 'attention_head_size': 2, 'learning_rate': 0.0011659711393950604}. Best is trial 0 with value: 96.32174682617188.
LOCAL_RANK: 0 - CUDA_VISIBLE_DEVICES: [0]
[I 2023-12-27 11:31:12,225] Trial 9 finished with value: 430.420166015625 and parameters: {'gradient_clip_val': 0.5582760938340579, 'hidden_size': 14, 'dropout': 0.3230828831480327, 'hidden_continuous_size': 8, 'attention_head_size': 2, 'learning_rate': 0.03237484958274535}. Best is trial 0 with value: 96.32174682617188.
LOCAL_RANK: 0 - CUDA_VISIBLE_DEVICES: [0]
[I 2023-12-27 11:31:12,729] Trial 10 finished with value: 304.7409362792969 and parameters: {'gradient_clip_val': 0.9453653254857394, 'hidden_size': 150, 'dropout': 0.23761168405469485, 'hidden_continuous_size': 75, 'attention_head_size': 4, 'learning_rate': 0.0032151492682722235}. Best is trial 0 with value: 96.32174682617188.
LOCAL_RANK: 0 - CUDA_VISIBLE_DEVICES: [0]
[I 2023-12-27 11:31:13,171] Trial 11 finished with value: 387.5328674316406 and parameters: {'gradient_clip_val': 0.2809353164508277, 'hidden_size': 9, 'dropout': 0.4087111120601264, 'hidden_continuous_size': 5, 'attention_head_size': 3, 'learning_rate': 0.011109675124281017}. Best is trial 0 with value: 96.32174682617188.
LOCAL_RANK: 0 - CUDA_VISIBLE_DEVICES: [0]
[I 2023-12-27 11:31:13,558] Trial 12 finished with value: 313.4123840332031 and parameters: {'gradient_clip_val': 0.19751150801432996, 'hidden_size': 5, 'dropout': 0.273277192772992, 'hidden_continuous_size': 5, 'attention_head_size': 3, 'learning_rate': 0.02110661375598135}. Best is trial 0 with value: 96.32174682617188.
LOCAL_RANK: 0 - CUDA_VISIBLE_DEVICES: [0]
[I 2023-12-27 11:31:14,003] Trial 13 finished with value: 393.4729309082031 and parameters: {'gradient_clip_val': 0.23388243852392007, 'hidden_size': 11, 'dropout': 0.18477332082583586, 'hidden_continuous_size': 6, 'attention_head_size': 4, 'learning_rate': 0.005682912517534924}. Best is trial 0 with value: 96.32174682617188.
LOCAL_RANK: 0 - CUDA_VISIBLE_DEVICES: [0]
[I 2023-12-27 11:31:14,436] Trial 14 finished with value: 413.3304443359375 and parameters: {'gradient_clip_val': 0.11296502470708679, 'hidden_size': 9, 'dropout': 0.30881088517745975, 'hidden_continuous_size': 6, 'attention_head_size': 3, 'learning_rate': 0.0005384547892367339}. Best is trial 0 with value: 96.32174682617188.
LOCAL_RANK: 0 - CUDA_VISIBLE_DEVICES: [0]
[I 2023-12-27 11:31:14,882] Trial 15 finished with value: 386.0846862792969 and parameters: {'gradient_clip_val': 0.3360969004638566, 'hidden_size': 8, 'dropout': 0.11328050622534064, 'hidden_continuous_size': 5, 'attention_head_size': 4, 'learning_rate': 0.01530377606705221}. Best is trial 0 with value: 96.32174682617188.
LOCAL_RANK: 0 - CUDA_VISIBLE_DEVICES: [0]
[I 2023-12-27 11:31:15,546] Trial 16 finished with value: 351.5266418457031 and parameters: {'gradient_clip_val': 0.38146210360820515, 'hidden_size': 5, 'dropout': 0.263352314693534, 'hidden_continuous_size': 5, 'attention_head_size': 3, 'learning_rate': 0.006047389468882235}. Best is trial 0 with value: 96.32174682617188.
LOCAL_RANK: 0 - CUDA_VISIBLE_DEVICES: [0]
[I 2023-12-27 11:31:16,001] Trial 17 finished with value: 261.3194885253906 and parameters: {'gradient_clip_val': 0.21863273837489097, 'hidden_size': 12, 'dropout': 0.20595189834963823, 'hidden_continuous_size': 6, 'attention_head_size': 4, 'learning_rate': 0.03942376625948795}. Best is trial 0 with value: 96.32174682617188.
LOCAL_RANK: 0 - CUDA_VISIBLE_DEVICES: [0]
[I 2023-12-27 11:31:16,468] Trial 18 finished with value: 370.1712341308594 and parameters: {'gradient_clip_val': 0.17352215442405425, 'hidden_size': 15, 'dropout': 0.1930878486650767, 'hidden_continuous_size': 6, 'attention_head_size': 4, 'learning_rate': 0.03286732864732326}. Best is trial 0 with value: 96.32174682617188.
LOCAL_RANK: 0 - CUDA_VISIBLE_DEVICES: [0]
[I 2023-12-27 11:31:16,919] Trial 19 finished with value: 444.6705017089844 and parameters: {'gradient_clip_val': 0.22760277278578805, 'hidden_size': 11, 'dropout': 0.10101604427598944, 'hidden_continuous_size': 6, 'attention_head_size': 1, 'learning_rate': 0.04679973105856501}. Best is trial 0 with value: 96.32174682617188.
LOCAL_RANK: 0 - CUDA_VISIBLE_DEVICES: [0]
[I 2023-12-27 11:31:17,386] Trial 20 finished with value: 273.6646423339844 and parameters: {'gradient_clip_val': 0.7632318446144443, 'hidden_size': 24, 'dropout': 0.15828920006530423, 'hidden_continuous_size': 7, 'attention_head_size': 4, 'learning_rate': 0.04707723199917445}. Best is trial 0 with value: 96.32174682617188.
LOCAL_RANK: 0 - CUDA_VISIBLE_DEVICES: [0]
[I 2023-12-27 11:31:17,879] Trial 21 finished with value: 281.0472412109375 and parameters: {'gradient_clip_val': 0.7040312739573484, 'hidden_size': 26, 'dropout': 0.14938953512908726, 'hidden_continuous_size': 7, 'attention_head_size': 4, 'learning_rate': 0.044042720160535266}. Best is trial 0 with value: 96.32174682617188.
LOCAL_RANK: 0 - CUDA_VISIBLE_DEVICES: [0]
[I 2023-12-27 11:31:18,345] Trial 22 finished with value: 317.3621826171875 and parameters: {'gradient_clip_val': 0.7851434416808257, 'hidden_size': 20, 'dropout': 0.1892810663866119, 'hidden_continuous_size': 7, 'attention_head_size': 4, 'learning_rate': 0.021673090646412388}. Best is trial 0 with value: 96.32174682617188.
LOCAL_RANK: 0 - CUDA_VISIBLE_DEVICES: [0]
