[I 2023-12-27 11:12:35,214] Trial 21 finished with value: 446.709228515625 and parameters: {'gradient_clip_val': 0.17858720882748932, 'hidden_size': 26, 'dropout': 0.49595025625896855, 'hidden_continuous_size': 8, 'attention_head_size': 2, 'learning_rate': 0.0060237022631291545}. Best is trial 0 with value: 148.28147888183594.
[I 2023-12-27 11:12:35,625] Trial 22 finished with value: 306.2690734863281 and parameters: {'gradient_clip_val': 0.1607365921102877, 'hidden_size': 20, 'dropout': 0.4715684006038267, 'hidden_continuous_size': 7, 'attention_head_size': 2, 'learning_rate': 0.003736504703517014}. Best is trial 0 with value: 148.28147888183594.
[I 2023-12-27 11:12:36,025] Trial 23 finished with value: 330.5155029296875 and parameters: {'gradient_clip_val': 0.12221512143418173, 'hidden_size': 9, 'dropout': 0.434534899093396, 'hidden_continuous_size': 6, 'attention_head_size': 2, 'learning_rate': 0.002410765606642675}. Best is trial 0 with value: 148.28147888183594.
[I 2023-12-27 11:12:36,431] Trial 24 finished with value: 337.2924499511719 and parameters: {'gradient_clip_val': 0.15623576298562025, 'hidden_size': 19, 'dropout': 0.46987306717304117, 'hidden_continuous_size': 7, 'attention_head_size': 2, 'learning_rate': 0.010356043892926596}. Best is trial 0 with value: 148.28147888183594.
[I 2023-12-27 11:12:36,840] Trial 25 finished with value: 360.6806945800781 and parameters: {'gradient_clip_val': 0.10093751842741296, 'hidden_size': 13, 'dropout': 0.47046702708150534, 'hidden_continuous_size': 7, 'attention_head_size': 3, 'learning_rate': 0.004084987842721257}. Best is trial 0 with value: 148.28147888183594.
[I 2023-12-27 11:12:37,238] Trial 26 finished with value: 333.7093200683594 and parameters: {'gradient_clip_val': 0.12214201156811949, 'hidden_size': 10, 'dropout': 0.423125710209931, 'hidden_continuous_size': 6, 'attention_head_size': 2, 'learning_rate': 0.007357120994570682}. Best is trial 0 with value: 148.28147888183594.
[I 2023-12-27 11:12:37,646] Trial 27 finished with value: 380.7340393066406 and parameters: {'gradient_clip_val': 0.16816349509368708, 'hidden_size': 21, 'dropout': 0.3747580934596487, 'hidden_continuous_size': 9, 'attention_head_size': 1, 'learning_rate': 0.0018637082404946393}. Best is trial 0 with value: 148.28147888183594.
[I 2023-12-27 11:12:38,022] Trial 28 finished with value: 284.8269348144531 and parameters: {'gradient_clip_val': 0.14852442529464244, 'hidden_size': 14, 'dropout': 0.41436344089222027, 'hidden_continuous_size': 7, 'attention_head_size': 2, 'learning_rate': 0.003413435632675039}. Best is trial 0 with value: 148.28147888183594.
[I 2023-12-27 11:12:38,662] Trial 29 finished with value: 326.2022399902344 and parameters: {'gradient_clip_val': 0.2489548793753289, 'hidden_size': 11, 'dropout': 0.41724160402713384, 'hidden_continuous_size': 6, 'attention_head_size': 3, 'learning_rate': 0.0005516514678077371}. Best is trial 0 with value: 148.28147888183594.
[I 2023-12-27 11:12:39,078] Trial 30 finished with value: 365.8669128417969 and parameters: {'gradient_clip_val': 0.13650523357424654, 'hidden_size': 7, 'dropout': 0.40443809956957166, 'hidden_continuous_size': 6, 'attention_head_size': 1, 'learning_rate': 0.0022268530967948347}. Best is trial 0 with value: 148.28147888183594.
[I 2023-12-27 11:12:39,470] Trial 31 finished with value: 275.49871826171875 and parameters: {'gradient_clip_val': 0.16072138601875283, 'hidden_size': 17, 'dropout': 0.4223471097844925, 'hidden_continuous_size': 7, 'attention_head_size': 2, 'learning_rate': 0.0033887247310877655}. Best is trial 0 with value: 148.28147888183594.
[I 2023-12-27 11:12:39,870] Trial 32 finished with value: 388.03564453125 and parameters: {'gradient_clip_val': 0.20822230945125858, 'hidden_size': 14, 'dropout': 0.4190549298973915, 'hidden_continuous_size': 7, 'attention_head_size': 2, 'learning_rate': 0.003372745808336177}. Best is trial 0 with value: 148.28147888183594.
[I 2023-12-27 11:12:40,272] Trial 33 finished with value: 303.5149230957031 and parameters: {'gradient_clip_val': 0.11546868738209586, 'hidden_size': 15, 'dropout': 0.40233443379196004, 'hidden_continuous_size': 7, 'attention_head_size': 2, 'learning_rate': 0.005161619756933762}. Best is trial 0 with value: 148.28147888183594.
[I 2023-12-27 11:12:40,677] Trial 34 finished with value: 293.3995056152344 and parameters: {'gradient_clip_val': 0.14044846136817044, 'hidden_size': 10, 'dropout': 0.43945426745331456, 'hidden_continuous_size': 6, 'attention_head_size': 4, 'learning_rate': 0.007917345802264894}. Best is trial 0 with value: 148.28147888183594.
[I 2023-12-27 11:12:41,057] Trial 35 finished with value: 419.2838134765625 and parameters: {'gradient_clip_val': 0.2229756108358555, 'hidden_size': 12, 'dropout': 0.37564289034340737, 'hidden_continuous_size': 7, 'attention_head_size': 2, 'learning_rate': 0.0031367160089302705}. Best is trial 0 with value: 148.28147888183594.
[I 2023-12-27 11:12:41,496] Trial 36 finished with value: 323.45648193359375 and parameters: {'gradient_clip_val': 0.16678724425974195, 'hidden_size': 38, 'dropout': 0.40755157268243214, 'hidden_continuous_size': 10, 'attention_head_size': 3, 'learning_rate': 0.0023084162145193886}. Best is trial 0 with value: 148.28147888183594.
[I 2023-12-27 11:12:41,887] Trial 37 finished with value: 347.3822937011719 and parameters: {'gradient_clip_val': 0.2802518893475552, 'hidden_size': 9, 'dropout': 0.4674778005306045, 'hidden_continuous_size': 6, 'attention_head_size': 2, 'learning_rate': 0.0014534313674826238}. Best is trial 0 with value: 148.28147888183594.
[I 2023-12-27 11:12:42,271] Trial 38 finished with value: 246.47962951660156 and parameters: {'gradient_clip_val': 0.3062261892325158, 'hidden_size': 16, 'dropout': 0.38536618592335836, 'hidden_continuous_size': 7, 'attention_head_size': 4, 'learning_rate': 0.01978413222429415}. Best is trial 0 with value: 148.28147888183594.
[I 2023-12-27 11:12:42,677] Trial 39 finished with value: 385.89501953125 and parameters: {'gradient_clip_val': 0.2861678072933134, 'hidden_size': 11, 'dropout': 0.39086420464376953, 'hidden_continuous_size': 7, 'attention_head_size': 4, 'learning_rate': 0.017261733274346252}. Best is trial 0 with value: 148.28147888183594.
[I 2023-12-27 11:12:43,090] Trial 40 finished with value: 445.4111328125 and parameters: {'gradient_clip_val': 0.333838351280238, 'hidden_size': 22, 'dropout': 0.3658912136103696, 'hidden_continuous_size': 9, 'attention_head_size': 4, 'learning_rate': 0.040759081276098764}. Best is trial 0 with value: 148.28147888183594.
[I 2023-12-27 11:12:43,508] Trial 41 finished with value: 278.2756652832031 and parameters: {'gradient_clip_val': 0.22612528159671774, 'hidden_size': 15, 'dropout': 0.42572881621393965, 'hidden_continuous_size': 7, 'attention_head_size': 3, 'learning_rate': 0.007173758307083138}. Best is trial 0 with value: 148.28147888183594.
[I 2023-12-27 11:12:44,185] Trial 42 finished with value: 347.2790222167969 and parameters: {'gradient_clip_val': 0.25111585483653653, 'hidden_size': 15, 'dropout': 0.4277640163313713, 'hidden_continuous_size': 8, 'attention_head_size': 4, 'learning_rate': 0.007690343010581428}. Best is trial 0 with value: 148.28147888183594.
[I 2023-12-27 11:12:44,582] Trial 43 finished with value: 419.921142578125 and parameters: {'gradient_clip_val': 0.2323938935678655, 'hidden_size': 18, 'dropout': 0.39524845903915456, 'hidden_continuous_size': 8, 'attention_head_size': 3, 'learning_rate': 0.0044046135631446255}. Best is trial 0 with value: 148.28147888183594.
[I 2023-12-27 11:12:44,999] Trial 44 finished with value: 334.7741394042969 and parameters: {'gradient_clip_val': 0.1905485396566784, 'hidden_size': 15, 'dropout': 0.3489563553507669, 'hidden_continuous_size': 7, 'attention_head_size': 4, 'learning_rate': 0.0063344821625287255}. Best is trial 0 with value: 148.28147888183594.
[I 2023-12-27 11:12:45,387] Trial 45 finished with value: 355.2670593261719 and parameters: {'gradient_clip_val': 0.6906769829417592, 'hidden_size': 12, 'dropout': 0.4203215720512949, 'hidden_continuous_size': 7, 'attention_head_size': 3, 'learning_rate': 0.004221801407829436}. Best is trial 0 with value: 148.28147888183594.
[I 2023-12-27 11:12:45,782] Trial 46 finished with value: 384.1402893066406 and parameters: {'gradient_clip_val': 0.317833718228445, 'hidden_size': 22, 'dropout': 0.38594453069031903, 'hidden_continuous_size': 9, 'attention_head_size': 3, 'learning_rate': 0.009608587509066043}. Best is trial 0 with value: 148.28147888183594.
[I 2023-12-27 11:12:46,196] Trial 47 finished with value: 321.49566650390625 and parameters: {'gradient_clip_val': 0.21899204049451146, 'hidden_size': 17, 'dropout': 0.2906988680359591, 'hidden_continuous_size': 8, 'attention_head_size': 4, 'learning_rate': 0.0050346359484347855}. Best is trial 0 with value: 148.28147888183594.
[I 2023-12-27 11:12:46,625] Trial 48 finished with value: 356.388916015625 and parameters: {'gradient_clip_val': 0.47415932243191916, 'hidden_size': 30, 'dropout': 0.4796907124939224, 'hidden_continuous_size': 12, 'attention_head_size': 2, 'learning_rate': 0.0011857774763079016}. Best is trial 0 with value: 148.28147888183594.
[I 2023-12-27 11:12:47,025] Trial 49 finished with value: 355.997314453125 and parameters: {'gradient_clip_val': 0.3439742113918889, 'hidden_size': 14, 'dropout': 0.43890470836025, 'hidden_continuous_size': 7, 'attention_head_size': 3, 'learning_rate': 0.025134309014909685}. Best is trial 0 with value: 148.28147888183594.
[I 2023-12-27 11:12:47,146] A new study created in memory with name: no-name-a087fe96-0c46-466f-8804-c1ef79d5f3df
/home/le004/conda/anaconda3/envs/tsff_env/lib/python3.9/site-packages/lightning/fabric/plugins/environments/slurm.py:191: The `srun` command is available on your system but is not used. HINT: If your intention is to run Lightning on SLURM, prepend your python command with `srun` like so: srun python /home/le004/master_thesis/git/TSFusionForecast/code/ ...
[I 2023-12-27 11:13:22,622] Trial 0 finished with value: 76.26866912841797 and parameters: {'gradient_clip_val': 0.10126082629866538, 'hidden_size': 46, 'dropout': 0.27570358599216716, 'hidden_continuous_size': 10, 'attention_head_size': 2, 'learning_rate': 0.0060813771281979295}. Best is trial 0 with value: 76.26866912841797.
[I 2023-12-27 11:13:22,966] Trial 1 finished with value: 366.6673889160156 and parameters: {'gradient_clip_val': 0.24434159286864163, 'hidden_size': 6, 'dropout': 0.4852697907345239, 'hidden_continuous_size': 6, 'attention_head_size': 4, 'learning_rate': 0.026730803707865815}. Best is trial 0 with value: 76.26866912841797.
[I 2023-12-27 11:13:23,510] Trial 2 finished with value: 487.582763671875 and parameters: {'gradient_clip_val': 0.15317386865654375, 'hidden_size': 129, 'dropout': 0.29670114490707516, 'hidden_continuous_size': 73, 'attention_head_size': 1, 'learning_rate': 0.0007788861117301117}. Best is trial 0 with value: 76.26866912841797.
[I 2023-12-27 11:13:23,863] Trial 3 finished with value: 491.2178955078125 and parameters: {'gradient_clip_val': 0.8021211417453095, 'hidden_size': 9, 'dropout': 0.30921511838381355, 'hidden_continuous_size': 7, 'attention_head_size': 4, 'learning_rate': 0.033402156433047996}. Best is trial 0 with value: 76.26866912841797.
[I 2023-12-27 11:13:24,511] Trial 4 finished with value: 337.6397399902344 and parameters: {'gradient_clip_val': 0.3832810744471041, 'hidden_size': 33, 'dropout': 0.1052964742557264, 'hidden_continuous_size': 5, 'attention_head_size': 4, 'learning_rate': 0.0010067544408252072}. Best is trial 0 with value: 76.26866912841797.
[I 2023-12-27 11:13:24,912] Trial 5 finished with value: 394.8323059082031 and parameters: {'gradient_clip_val': 0.3816682055772703, 'hidden_size': 54, 'dropout': 0.12879142994958903, 'hidden_continuous_size': 10, 'attention_head_size': 1, 'learning_rate': 0.0006704757541256728}. Best is trial 0 with value: 76.26866912841797.
[I 2023-12-27 11:13:25,240] Trial 6 finished with value: 330.3232727050781 and parameters: {'gradient_clip_val': 0.4528380169431826, 'hidden_size': 7, 'dropout': 0.24970263066728698, 'hidden_continuous_size': 7, 'attention_head_size': 2, 'learning_rate': 0.08600801032209406}. Best is trial 0 with value: 76.26866912841797.
[I 2023-12-27 11:13:25,596] Trial 7 finished with value: 303.1291809082031 and parameters: {'gradient_clip_val': 0.14333485210989952, 'hidden_size': 32, 'dropout': 0.11369010542262835, 'hidden_continuous_size': 8, 'attention_head_size': 2, 'learning_rate': 0.01151849384984077}. Best is trial 0 with value: 76.26866912841797.
[I 2023-12-27 11:13:25,968] Trial 8 finished with value: 314.0118408203125 and parameters: {'gradient_clip_val': 0.5825780536610795, 'hidden_size': 26, 'dropout': 0.45344089775812024, 'hidden_continuous_size': 24, 'attention_head_size': 2, 'learning_rate': 0.022310722517046758}. Best is trial 0 with value: 76.26866912841797.
[I 2023-12-27 11:13:26,402] Trial 9 finished with value: 425.0174255371094 and parameters: {'gradient_clip_val': 0.5970921737196906, 'hidden_size': 74, 'dropout': 0.17641552995611542, 'hidden_continuous_size': 18, 'attention_head_size': 1, 'learning_rate': 0.03302096899388228}. Best is trial 0 with value: 76.26866912841797.
[I 2023-12-27 11:13:26,794] Trial 10 finished with value: 383.3633117675781 and parameters: {'gradient_clip_val': 0.1006580155840983, 'hidden_size': 15, 'dropout': 0.3761898032789439, 'hidden_continuous_size': 5, 'attention_head_size': 3, 'learning_rate': 0.004336298064731134}. Best is trial 0 with value: 76.26866912841797.
[I 2023-12-27 11:13:27,201] Trial 11 finished with value: 353.1748352050781 and parameters: {'gradient_clip_val': 0.10611955005888178, 'hidden_size': 28, 'dropout': 0.19780035796704087, 'hidden_continuous_size': 9, 'attention_head_size': 2, 'learning_rate': 0.006776177358378847}. Best is trial 0 with value: 76.26866912841797.
[I 2023-12-27 11:13:27,626] Trial 12 finished with value: 465.7023010253906 and parameters: {'gradient_clip_val': 0.1593008584014413, 'hidden_size': 55, 'dropout': 0.18855742538210113, 'hidden_continuous_size': 12, 'attention_head_size': 3, 'learning_rate': 0.0032515754750424846}. Best is trial 0 with value: 76.26866912841797.
[I 2023-12-27 11:13:27,989] Trial 13 finished with value: 251.56565856933594 and parameters: {'gradient_clip_val': 0.24704870458828693, 'hidden_size': 16, 'dropout': 0.10476920299917863, 'hidden_continuous_size': 8, 'attention_head_size': 2, 'learning_rate': 0.010196127126630221}. Best is trial 0 with value: 76.26866912841797.
[I 2023-12-27 11:13:28,367] Trial 14 finished with value: 376.5355529785156 and parameters: {'gradient_clip_val': 0.2108109984633834, 'hidden_size': 14, 'dropout': 0.2514500166238902, 'hidden_continuous_size': 6, 'attention_head_size': 3, 'learning_rate': 0.0022969786445633735}. Best is trial 0 with value: 76.26866912841797.
[I 2023-12-27 11:13:28,746] Trial 15 finished with value: 357.6817626953125 and parameters: {'gradient_clip_val': 0.2865584103414073, 'hidden_size': 17, 'dropout': 0.3723834416412154, 'hidden_continuous_size': 9, 'attention_head_size': 2, 'learning_rate': 0.010433070596362195}. Best is trial 0 with value: 76.26866912841797.
[I 2023-12-27 11:13:29,128] Trial 16 finished with value: 411.1506652832031 and parameters: {'gradient_clip_val': 0.22100460974248434, 'hidden_size': 11, 'dropout': 0.1536130084805884, 'hidden_continuous_size': 6, 'attention_head_size': 3, 'learning_rate': 0.00201670565250874}. Best is trial 0 with value: 76.26866912841797.
[I 2023-12-27 11:13:29,712] Trial 17 finished with value: 411.0210266113281 and parameters: {'gradient_clip_val': 0.17862927405003184, 'hidden_size': 5, 'dropout': 0.10119568264229412, 'hidden_continuous_size': 5, 'attention_head_size': 1, 'learning_rate': 0.005593241167844911}. Best is trial 0 with value: 76.26866912841797.
[I 2023-12-27 11:13:30,097] Trial 18 finished with value: 410.5185546875 and parameters: {'gradient_clip_val': 0.12894554635821284, 'hidden_size': 20, 'dropout': 0.2170604412547199, 'hidden_continuous_size': 11, 'attention_head_size': 2, 'learning_rate': 0.01210402703635466}. Best is trial 0 with value: 76.26866912841797.
[I 2023-12-27 11:13:30,483] Trial 19 finished with value: 383.5939636230469 and parameters: {'gradient_clip_val': 0.18411552913009824, 'hidden_size': 10, 'dropout': 0.15094449741916904, 'hidden_continuous_size': 8, 'attention_head_size': 3, 'learning_rate': 0.0037540470774131106}. Best is trial 0 with value: 76.26866912841797.
[I 2023-12-27 11:13:30,885] Trial 20 finished with value: 454.3264465332031 and parameters: {'gradient_clip_val': 0.27055819902652495, 'hidden_size': 22, 'dropout': 0.22962108603934164, 'hidden_continuous_size': 12, 'attention_head_size': 1, 'learning_rate': 0.00804523011259882}. Best is trial 0 with value: 76.26866912841797.
[I 2023-12-27 11:13:31,307] Trial 21 finished with value: 375.6237487792969 and parameters: {'gradient_clip_val': 0.13465100385962753, 'hidden_size': 39, 'dropout': 0.1513954733955975, 'hidden_continuous_size': 8, 'attention_head_size': 2, 'learning_rate': 0.01258895903125967}. Best is trial 0 with value: 76.26866912841797.
[I 2023-12-27 11:13:31,743] Trial 22 finished with value: 333.3681945800781 and parameters: {'gradient_clip_val': 0.12514568000840418, 'hidden_size': 37, 'dropout': 0.12810962258279415, 'hidden_continuous_size': 10, 'attention_head_size': 2, 'learning_rate': 0.015790635000802872}. Best is trial 0 with value: 76.26866912841797.
[I 2023-12-27 11:13:32,135] Trial 23 finished with value: 421.4149169921875 and parameters: {'gradient_clip_val': 0.10062479879661003, 'hidden_size': 23, 'dropout': 0.10571274079921551, 'hidden_continuous_size': 8, 'attention_head_size': 2, 'learning_rate': 0.007471023033506028}. Best is trial 0 with value: 76.26866912841797.
[I 2023-12-27 11:13:32,516] Trial 24 finished with value: 368.1408996582031 and parameters: {'gradient_clip_val': 0.19189653052407357, 'hidden_size': 19, 'dropout': 0.16834520306234071, 'hidden_continuous_size': 7, 'attention_head_size': 2, 'learning_rate': 0.005435421587840949}. Best is trial 0 with value: 76.26866912841797.
[I 2023-12-27 11:13:32,904] Trial 25 finished with value: 366.8572692871094 and parameters: {'gradient_clip_val': 0.15558376227347076, 'hidden_size': 14, 'dropout': 0.20113785624438008, 'hidden_continuous_size': 9, 'attention_head_size': 3, 'learning_rate': 0.018825931803797876}. Best is trial 0 with value: 76.26866912841797.
[I 2023-12-27 11:13:33,321] Trial 26 finished with value: 356.43310546875 and parameters: {'gradient_clip_val': 0.2250216962630102, 'hidden_size': 27, 'dropout': 0.13602664741841977, 'hidden_continuous_size': 13, 'attention_head_size': 2, 'learning_rate': 0.009976555752087207}. Best is trial 0 with value: 76.26866912841797.
[I 2023-12-27 11:13:33,735] Trial 27 finished with value: 386.4234924316406 and parameters: {'gradient_clip_val': 0.12186344354591463, 'hidden_size': 40, 'dropout': 0.17536511909129143, 'hidden_continuous_size': 16, 'attention_head_size': 1, 'learning_rate': 0.015152592334127777}. Best is trial 0 with value: 76.26866912841797.
[I 2023-12-27 11:13:34,169] Trial 28 finished with value: 445.8757629394531 and parameters: {'gradient_clip_val': 0.15206860555040713, 'hidden_size': 52, 'dropout': 0.11893656343353232, 'hidden_continuous_size': 13, 'attention_head_size': 2, 'learning_rate': 0.008369034474439858}. Best is trial 0 with value: 76.26866912841797.
[I 2023-12-27 11:13:34,573] Trial 29 finished with value: 297.521728515625 and parameters: {'gradient_clip_val': 0.2595131215976727, 'hidden_size': 28, 'dropout': 0.15423837545157637, 'hidden_continuous_size': 6, 'attention_head_size': 3, 'learning_rate': 0.022692250246435695}. Best is trial 0 with value: 76.26866912841797.
[I 2023-12-27 11:13:34,967] Trial 30 finished with value: 401.1199035644531 and parameters: {'gradient_clip_val': 0.25276717171570684, 'hidden_size': 18, 'dropout': 0.1641972064573356, 'hidden_continuous_size': 6, 'attention_head_size': 4, 'learning_rate': 0.02363252843627143}. Best is trial 0 with value: 76.26866912841797.
[I 2023-12-27 11:13:35,612] Trial 31 finished with value: 363.1940002441406 and parameters: {'gradient_clip_val': 0.31345652658179335, 'hidden_size': 31, 'dropout': 0.1349971969587812, 'hidden_continuous_size': 7, 'attention_head_size': 3, 'learning_rate': 0.015598272159681561}. Best is trial 0 with value: 76.26866912841797.
[I 2023-12-27 11:13:36,007] Trial 32 finished with value: 404.9105529785156 and parameters: {'gradient_clip_val': 0.23208836249792347, 'hidden_size': 24, 'dropout': 0.1013801036641335, 'hidden_continuous_size': 8, 'attention_head_size': 3, 'learning_rate': 0.010079179188685942}. Best is trial 0 with value: 76.26866912841797.
[I 2023-12-27 11:13:36,419] Trial 33 finished with value: 383.5715637207031 and parameters: {'gradient_clip_val': 0.26927507153380087, 'hidden_size': 31, 'dropout': 0.1471084873486525, 'hidden_continuous_size': 6, 'attention_head_size': 2, 'learning_rate': 0.02873881666942671}. Best is trial 0 with value: 76.26866912841797.
[I 2023-12-27 11:13:36,886] Trial 34 finished with value: 358.9059753417969 and parameters: {'gradient_clip_val': 0.19699352868103107, 'hidden_size': 88, 'dropout': 0.1225408824079022, 'hidden_continuous_size': 5, 'attention_head_size': 4, 'learning_rate': 0.020196446992194587}. Best is trial 0 with value: 76.26866912841797.
[I 2023-12-27 11:13:37,289] Trial 35 finished with value: 302.6982727050781 and parameters: {'gradient_clip_val': 0.11654166647467129, 'hidden_size': 40, 'dropout': 0.27640339705443806, 'hidden_continuous_size': 10, 'attention_head_size': 3, 'learning_rate': 0.00549626286100161}. Best is trial 0 with value: 76.26866912841797.
