[I 2023-12-27 10:56:14,540] Trial 44 finished with value: 2.781236410140991 and parameters: {'gradient_clip_val': 0.16504718420245493, 'hidden_size': 43, 'dropout': 0.21152433577944663, 'hidden_continuous_size': 18, 'attention_head_size': 4, 'learning_rate': 0.013248366292383369}. Best is trial 0 with value: 0.43297079205513.
[I 2023-12-27 10:56:15,221] Trial 45 finished with value: 3.2926483154296875 and parameters: {'gradient_clip_val': 0.1860564835192374, 'hidden_size': 59, 'dropout': 0.33239470424620104, 'hidden_continuous_size': 20, 'attention_head_size': 4, 'learning_rate': 0.004012323873684207}. Best is trial 0 with value: 0.43297079205513.
[I 2023-12-27 10:56:15,636] Trial 46 finished with value: 2.8493096828460693 and parameters: {'gradient_clip_val': 0.24831599017194544, 'hidden_size': 36, 'dropout': 0.2982296178362731, 'hidden_continuous_size': 14, 'attention_head_size': 3, 'learning_rate': 0.0361261201319929}. Best is trial 0 with value: 0.43297079205513.
[I 2023-12-27 10:56:16,026] Trial 47 finished with value: 3.484154462814331 and parameters: {'gradient_clip_val': 0.21228637820739898, 'hidden_size': 24, 'dropout': 0.35223045057870267, 'hidden_continuous_size': 15, 'attention_head_size': 2, 'learning_rate': 0.009036573249800442}. Best is trial 0 with value: 0.43297079205513.
[I 2023-12-27 10:56:16,452] Trial 48 finished with value: 3.1880457401275635 and parameters: {'gradient_clip_val': 0.14761006192458756, 'hidden_size': 41, 'dropout': 0.4468844606638613, 'hidden_continuous_size': 13, 'attention_head_size': 4, 'learning_rate': 0.001511086485749535}. Best is trial 0 with value: 0.43297079205513.
[I 2023-12-27 10:56:16,852] Trial 49 finished with value: 3.9324371814727783 and parameters: {'gradient_clip_val': 0.25685501394174665, 'hidden_size': 30, 'dropout': 0.2796158607407043, 'hidden_continuous_size': 11, 'attention_head_size': 3, 'learning_rate': 0.05656106770249591}. Best is trial 0 with value: 0.43297079205513.
[I 2023-12-27 10:56:16,968] A new study created in memory with name: no-name-3e310537-daa8-4d83-ae5a-e611e11bf9be
/home/le004/conda/anaconda3/envs/tsff_env/lib/python3.9/site-packages/lightning/fabric/plugins/environments/slurm.py:191: The `srun` command is available on your system but is not used. HINT: If your intention is to run Lightning on SLURM, prepend your python command with `srun` like so: srun python /home/le004/master_thesis/git/TSFusionForecast/code/ ...
[I 2023-12-27 10:56:53,034] Trial 0 finished with value: 0.09064082056283951 and parameters: {'gradient_clip_val': 0.6766217290841184, 'hidden_size': 48, 'dropout': 0.49914054544489883, 'hidden_continuous_size': 17, 'attention_head_size': 3, 'learning_rate': 0.004154665581534844}. Best is trial 0 with value: 0.09064082056283951.
[I 2023-12-27 10:57:06,297] Trial 1 finished with value: 0.1600637137889862 and parameters: {'gradient_clip_val': 0.2196860019242644, 'hidden_size': 54, 'dropout': 0.3334317536368947, 'hidden_continuous_size': 38, 'attention_head_size': 4, 'learning_rate': 0.03373021943750803}. Best is trial 0 with value: 0.09064082056283951.
[I 2023-12-27 10:57:06,784] Trial 2 finished with value: 3.3118600845336914 and parameters: {'gradient_clip_val': 0.26377724215157117, 'hidden_size': 116, 'dropout': 0.12794994581684238, 'hidden_continuous_size': 14, 'attention_head_size': 1, 'learning_rate': 0.0015220888955185283}. Best is trial 0 with value: 0.09064082056283951.
[I 2023-12-27 10:57:07,110] Trial 3 finished with value: 3.1774909496307373 and parameters: {'gradient_clip_val': 0.512107587130706, 'hidden_size': 6, 'dropout': 0.3732060868419045, 'hidden_continuous_size': 6, 'attention_head_size': 4, 'learning_rate': 0.0018086432639554959}. Best is trial 0 with value: 0.09064082056283951.
[I 2023-12-27 10:57:07,436] Trial 4 finished with value: 3.329885721206665 and parameters: {'gradient_clip_val': 0.2183595474615317, 'hidden_size': 13, 'dropout': 0.2157284372540386, 'hidden_continuous_size': 13, 'attention_head_size': 1, 'learning_rate': 0.010088992510451571}. Best is trial 0 with value: 0.09064082056283951.
[I 2023-12-27 10:57:08,008] Trial 5 finished with value: 4.114794731140137 and parameters: {'gradient_clip_val': 0.2898209961708399, 'hidden_size': 13, 'dropout': 0.3737044787198923, 'hidden_continuous_size': 5, 'attention_head_size': 2, 'learning_rate': 0.0030590333005110293}. Best is trial 0 with value: 0.09064082056283951.
[I 2023-12-27 10:57:08,411] Trial 6 finished with value: 2.1180646419525146 and parameters: {'gradient_clip_val': 0.377519796045632, 'hidden_size': 58, 'dropout': 0.3800083253333998, 'hidden_continuous_size': 5, 'attention_head_size': 3, 'learning_rate': 0.0013117918998673498}. Best is trial 0 with value: 0.09064082056283951.
[I 2023-12-27 10:57:08,801] Trial 7 finished with value: 3.1104896068573 and parameters: {'gradient_clip_val': 0.3344991139853277, 'hidden_size': 47, 'dropout': 0.39328817727423293, 'hidden_continuous_size': 10, 'attention_head_size': 2, 'learning_rate': 0.003953140778472123}. Best is trial 0 with value: 0.09064082056283951.
[I 2023-12-27 10:57:09,149] Trial 8 finished with value: 3.3612749576568604 and parameters: {'gradient_clip_val': 0.19582131622434143, 'hidden_size': 9, 'dropout': 0.37811756894631554, 'hidden_continuous_size': 5, 'attention_head_size': 4, 'learning_rate': 0.002748423459269249}. Best is trial 0 with value: 0.09064082056283951.
[I 2023-12-27 10:57:09,509] Trial 9 finished with value: 3.6735546588897705 and parameters: {'gradient_clip_val': 0.1574319662947799, 'hidden_size': 14, 'dropout': 0.15035570651368466, 'hidden_continuous_size': 5, 'attention_head_size': 4, 'learning_rate': 0.00797502835693476}. Best is trial 0 with value: 0.09064082056283951.
[I 2023-12-27 10:57:09,909] Trial 10 finished with value: 2.942460298538208 and parameters: {'gradient_clip_val': 0.9338430050067043, 'hidden_size': 26, 'dropout': 0.46559735413658365, 'hidden_continuous_size': 20, 'attention_head_size': 3, 'learning_rate': 0.0005239565460787599}. Best is trial 0 with value: 0.09064082056283951.
[I 2023-12-27 10:57:10,332] Trial 11 finished with value: 3.107659339904785 and parameters: {'gradient_clip_val': 0.10055243058653712, 'hidden_size': 50, 'dropout': 0.48941191598189376, 'hidden_continuous_size': 42, 'attention_head_size': 3, 'learning_rate': 0.03552871854089647}. Best is trial 0 with value: 0.09064082056283951.
[I 2023-12-27 10:57:10,961] Trial 12 finished with value: 4.972141265869141 and parameters: {'gradient_clip_val': 0.6983505940511036, 'hidden_size': 148, 'dropout': 0.28065738043970423, 'hidden_continuous_size': 96, 'attention_head_size': 4, 'learning_rate': 0.09981267553090933}. Best is trial 0 with value: 0.09064082056283951.
[I 2023-12-27 10:57:11,359] Trial 13 finished with value: 4.489486217498779 and parameters: {'gradient_clip_val': 0.4838658419604981, 'hidden_size': 29, 'dropout': 0.2886301551058056, 'hidden_continuous_size': 20, 'attention_head_size': 3, 'learning_rate': 0.01717559774904964}. Best is trial 0 with value: 0.09064082056283951.
[I 2023-12-27 10:57:11,828] Trial 14 finished with value: 3.900099515914917 and parameters: {'gradient_clip_val': 0.9914954204410837, 'hidden_size': 82, 'dropout': 0.44411653553010566, 'hidden_continuous_size': 31, 'attention_head_size': 2, 'learning_rate': 0.023632842022444787}. Best is trial 0 with value: 0.09064082056283951.
[I 2023-12-27 10:57:12,295] Trial 15 finished with value: 3.7220582962036133 and parameters: {'gradient_clip_val': 0.4434392768837636, 'hidden_size': 77, 'dropout': 0.4975963350498698, 'hidden_continuous_size': 30, 'attention_head_size': 4, 'learning_rate': 0.005710552435186097}. Best is trial 0 with value: 0.09064082056283951.
[I 2023-12-27 10:57:12,675] Trial 16 finished with value: 3.772351026535034 and parameters: {'gradient_clip_val': 0.7031096366834153, 'hidden_size': 32, 'dropout': 0.3192477482367511, 'hidden_continuous_size': 8, 'attention_head_size': 3, 'learning_rate': 0.011932880602676967}. Best is trial 0 with value: 0.09064082056283951.
[I 2023-12-27 10:57:13,152] Trial 17 finished with value: 3.8003995418548584 and parameters: {'gradient_clip_val': 0.38074553450573395, 'hidden_size': 88, 'dropout': 0.43468831023890186, 'hidden_continuous_size': 49, 'attention_head_size': 4, 'learning_rate': 0.046264134854304806}. Best is trial 0 with value: 0.09064082056283951.
[I 2023-12-27 10:57:13,769] Trial 18 finished with value: 2.5765140056610107 and parameters: {'gradient_clip_val': 0.2521292910747506, 'hidden_size': 40, 'dropout': 0.4223287151406476, 'hidden_continuous_size': 15, 'attention_head_size': 3, 'learning_rate': 0.005906225218543732}. Best is trial 0 with value: 0.09064082056283951.
[I 2023-12-27 10:57:14,202] Trial 19 finished with value: 2.6079516410827637 and parameters: {'gradient_clip_val': 0.6081436496566777, 'hidden_size': 64, 'dropout': 0.32578192725841976, 'hidden_continuous_size': 19, 'attention_head_size': 2, 'learning_rate': 0.017214254312014156}. Best is trial 0 with value: 0.09064082056283951.
[I 2023-12-27 10:57:14,595] Trial 20 finished with value: 3.722356081008911 and parameters: {'gradient_clip_val': 0.33344635011670287, 'hidden_size': 21, 'dropout': 0.2430127864023081, 'hidden_continuous_size': 9, 'attention_head_size': 4, 'learning_rate': 0.010830419046144605}. Best is trial 0 with value: 0.09064082056283951.
[I 2023-12-27 10:57:15,014] Trial 21 finished with value: 3.362682342529297 and parameters: {'gradient_clip_val': 0.3964701415915689, 'hidden_size': 55, 'dropout': 0.34094288000251516, 'hidden_continuous_size': 7, 'attention_head_size': 3, 'learning_rate': 0.0013569772047799609}. Best is trial 0 with value: 0.09064082056283951.
[I 2023-12-27 10:57:15,419] Trial 22 finished with value: 3.7285892963409424 and parameters: {'gradient_clip_val': 0.5551365705872603, 'hidden_size': 39, 'dropout': 0.4158981127386162, 'hidden_continuous_size': 11, 'attention_head_size': 3, 'learning_rate': 0.0009448157776653228}. Best is trial 0 with value: 0.09064082056283951.
[I 2023-12-27 10:57:15,850] Trial 23 finished with value: 4.180788993835449 and parameters: {'gradient_clip_val': 0.39897306376767394, 'hidden_size': 61, 'dropout': 0.4660318148973189, 'hidden_continuous_size': 7, 'attention_head_size': 3, 'learning_rate': 0.003490975645752778}. Best is trial 0 with value: 0.09064082056283951.
[I 2023-12-27 10:57:16,269] Trial 24 finished with value: 3.639836549758911 and parameters: {'gradient_clip_val': 0.33391568392701176, 'hidden_size': 42, 'dropout': 0.3533613018214067, 'hidden_continuous_size': 11, 'attention_head_size': 2, 'learning_rate': 0.005011114835662522}. Best is trial 0 with value: 0.09064082056283951.
[I 2023-12-27 10:57:16,700] Trial 25 finished with value: 4.194046497344971 and parameters: {'gradient_clip_val': 0.44761600794049106, 'hidden_size': 67, 'dropout': 0.39989520521474164, 'hidden_continuous_size': 9, 'attention_head_size': 3, 'learning_rate': 0.0021398468420875706}. Best is trial 0 with value: 0.09064082056283951.
[I 2023-12-27 10:57:17,186] Trial 26 finished with value: 3.664308547973633 and parameters: {'gradient_clip_val': 0.6254306547256664, 'hidden_size': 104, 'dropout': 0.3534303235692924, 'hidden_continuous_size': 16, 'attention_head_size': 4, 'learning_rate': 0.007155537255793589}. Best is trial 0 with value: 0.09064082056283951.
[I 2023-12-27 10:57:17,602] Trial 27 finished with value: 3.9401352405548096 and parameters: {'gradient_clip_val': 0.8373843556756604, 'hidden_size': 52, 'dropout': 0.45239215373003544, 'hidden_continuous_size': 12, 'attention_head_size': 3, 'learning_rate': 0.004336363087399243}. Best is trial 0 with value: 0.09064082056283951.
[I 2023-12-27 10:57:18,000] Trial 28 finished with value: 3.542081117630005 and parameters: {'gradient_clip_val': 0.7807942457639875, 'hidden_size': 35, 'dropout': 0.409281223149072, 'hidden_continuous_size': 6, 'attention_head_size': 2, 'learning_rate': 0.002380204664166777}. Best is trial 0 with value: 0.09064082056283951.
[I 2023-12-27 10:57:18,504] Trial 29 finished with value: 4.442405700683594 and parameters: {'gradient_clip_val': 0.5356242594547653, 'hidden_size': 107, 'dropout': 0.481462999017764, 'hidden_continuous_size': 27, 'attention_head_size': 1, 'learning_rate': 0.0013159530894968588}. Best is trial 0 with value: 0.09064082056283951.
[I 2023-12-27 10:57:18,957] Trial 30 finished with value: 2.8444061279296875 and parameters: {'gradient_clip_val': 0.2805962349403085, 'hidden_size': 70, 'dropout': 0.43576241735256, 'hidden_continuous_size': 23, 'attention_head_size': 4, 'learning_rate': 0.0035549746513129335}. Best is trial 0 with value: 0.09064082056283951.
[I 2023-12-27 10:57:19,369] Trial 31 finished with value: 2.6812636852264404 and parameters: {'gradient_clip_val': 0.24242591115809148, 'hidden_size': 43, 'dropout': 0.4112916838769285, 'hidden_continuous_size': 15, 'attention_head_size': 3, 'learning_rate': 0.005621513070486046}. Best is trial 0 with value: 0.09064082056283951.
[I 2023-12-27 10:57:20,030] Trial 32 finished with value: 4.30431604385376 and parameters: {'gradient_clip_val': 0.267354904830068, 'hidden_size': 38, 'dropout': 0.49814389128968023, 'hidden_continuous_size': 14, 'attention_head_size': 3, 'learning_rate': 0.0018684129322322697}. Best is trial 0 with value: 0.09064082056283951.
[I 2023-12-27 10:57:20,471] Trial 33 finished with value: 2.7932894229888916 and parameters: {'gradient_clip_val': 0.24671282251274687, 'hidden_size': 55, 'dropout': 0.380372307094482, 'hidden_continuous_size': 13, 'attention_head_size': 3, 'learning_rate': 0.006758199470690688}. Best is trial 0 with value: 0.09064082056283951.
[I 2023-12-27 10:57:20,864] Trial 34 finished with value: 3.6733834743499756 and parameters: {'gradient_clip_val': 0.20107279770121647, 'hidden_size': 27, 'dropout': 0.424521206791121, 'hidden_continuous_size': 12, 'attention_head_size': 2, 'learning_rate': 0.0029941953106482097}. Best is trial 0 with value: 0.09064082056283951.
[I 2023-12-27 10:57:21,283] Trial 35 finished with value: 3.4050676822662354 and parameters: {'gradient_clip_val': 0.3094119234063599, 'hidden_size': 45, 'dropout': 0.46125165653053485, 'hidden_continuous_size': 17, 'attention_head_size': 3, 'learning_rate': 0.008669601611075222}. Best is trial 0 with value: 0.09064082056283951.
[I 2023-12-27 10:57:21,747] Trial 36 finished with value: 4.1439337730407715 and parameters: {'gradient_clip_val': 0.29545314746849827, 'hidden_size': 86, 'dropout': 0.39184487650919, 'hidden_continuous_size': 14, 'attention_head_size': 1, 'learning_rate': 0.004884526910391556}. Best is trial 0 with value: 0.09064082056283951.
[I 2023-12-27 10:57:22,180] Trial 37 finished with value: 3.1507294178009033 and parameters: {'gradient_clip_val': 0.21802820997408773, 'hidden_size': 60, 'dropout': 0.36752573331667004, 'hidden_continuous_size': 6, 'attention_head_size': 4, 'learning_rate': 0.002549544949313069}. Best is trial 0 with value: 0.09064082056283951.
[I 2023-12-27 10:57:22,590] Trial 38 finished with value: 4.417751789093018 and parameters: {'gradient_clip_val': 0.24555259348030048, 'hidden_size': 34, 'dropout': 0.4292426993512621, 'hidden_continuous_size': 10, 'attention_head_size': 4, 'learning_rate': 0.0017264801621921131}. Best is trial 0 with value: 0.09064082056283951.
[I 2023-12-27 10:57:22,997] Trial 39 finished with value: 3.364074468612671 and parameters: {'gradient_clip_val': 0.3653471708654048, 'hidden_size': 48, 'dropout': 0.38932256609953686, 'hidden_continuous_size': 17, 'attention_head_size': 3, 'learning_rate': 0.003210169638294117}. Best is trial 0 with value: 0.09064082056283951.
[I 2023-12-27 10:57:23,375] Trial 40 finished with value: 3.931192398071289 and parameters: {'gradient_clip_val': 0.17842614644996796, 'hidden_size': 22, 'dropout': 0.4819420022011595, 'hidden_continuous_size': 5, 'attention_head_size': 2, 'learning_rate': 0.008286569446948961}. Best is trial 0 with value: 0.09064082056283951.
[I 2023-12-27 10:57:23,826] Trial 41 finished with value: 3.5621278285980225 and parameters: {'gradient_clip_val': 0.5806633199451801, 'hidden_size': 65, 'dropout': 0.31626540800083885, 'hidden_continuous_size': 19, 'attention_head_size': 2, 'learning_rate': 0.010550443521076742}. Best is trial 0 with value: 0.09064082056283951.
[I 2023-12-27 10:57:24,275] Trial 42 finished with value: 3.66223406791687 and parameters: {'gradient_clip_val': 0.6230057388474103, 'hidden_size': 71, 'dropout': 0.3411206650113433, 'hidden_continuous_size': 15, 'attention_head_size': 2, 'learning_rate': 0.014279423937500644}. Best is trial 0 with value: 0.09064082056283951.
[I 2023-12-27 10:57:24,686] Trial 43 finished with value: 2.537322521209717 and parameters: {'gradient_clip_val': 0.5037939719878586, 'hidden_size': 49, 'dropout': 0.3699913850617867, 'hidden_continuous_size': 18, 'attention_head_size': 1, 'learning_rate': 0.01672698533077543}. Best is trial 0 with value: 0.09064082056283951.
[I 2023-12-27 10:57:25,099] Trial 44 finished with value: 3.6947057247161865 and parameters: {'gradient_clip_val': 0.4865488946464922, 'hidden_size': 46, 'dropout': 0.36708310168860636, 'hidden_continuous_size': 13, 'attention_head_size': 1, 'learning_rate': 0.004253215216979392}. Best is trial 0 with value: 0.09064082056283951.
[I 2023-12-27 10:57:25,743] Trial 45 finished with value: 3.3425121307373047 and parameters: {'gradient_clip_val': 0.5073292042962104, 'hidden_size': 53, 'dropout': 0.4011438778212105, 'hidden_continuous_size': 22, 'attention_head_size': 1, 'learning_rate': 0.006475131265795913}. Best is trial 0 with value: 0.09064082056283951.
[I 2023-12-27 10:57:26,163] Trial 46 finished with value: 3.935866117477417 and parameters: {'gradient_clip_val': 0.4335394506189481, 'hidden_size': 39, 'dropout': 0.45346681931954075, 'hidden_continuous_size': 17, 'attention_head_size': 3, 'learning_rate': 0.026927134998474603}. Best is trial 0 with value: 0.09064082056283951.
[I 2023-12-27 10:57:26,566] Trial 47 finished with value: 4.177242755889893 and parameters: {'gradient_clip_val': 0.35103872240720885, 'hidden_size': 34, 'dropout': 0.3825765712927808, 'hidden_continuous_size': 14, 'attention_head_size': 3, 'learning_rate': 0.013130297897274336}. Best is trial 0 with value: 0.09064082056283951.
[I 2023-12-27 10:57:27,035] Trial 48 finished with value: 3.9898500442504883 and parameters: {'gradient_clip_val': 0.3058599845691081, 'hidden_size': 78, 'dropout': 0.42495873133426576, 'hidden_continuous_size': 25, 'attention_head_size': 4, 'learning_rate': 0.00832918283922399}. Best is trial 0 with value: 0.09064082056283951.
[I 2023-12-27 10:57:27,439] Trial 49 finished with value: 3.178338050842285 and parameters: {'gradient_clip_val': 0.16237791936267806, 'hidden_size': 29, 'dropout': 0.3010391150913599, 'hidden_continuous_size': 18, 'attention_head_size': 1, 'learning_rate': 0.019207748629069474}. Best is trial 0 with value: 0.09064082056283951.
[I 2023-12-27 10:57:27,552] A new study created in memory with name: no-name-15cccbae-fe7f-4c5b-ae64-e0166208b243
/home/le004/conda/anaconda3/envs/tsff_env/lib/python3.9/site-packages/lightning/fabric/plugins/environments/slurm.py:191: The `srun` command is available on your system but is not used. HINT: If your intention is to run Lightning on SLURM, prepend your python command with `srun` like so: srun python /home/le004/master_thesis/git/TSFusionForecast/code/ ...
[I 2023-12-27 10:58:15,494] Trial 0 finished with value: 0.14923276007175446 and parameters: {'gradient_clip_val': 0.4261353614103854, 'hidden_size': 83, 'dropout': 0.17132174644251047, 'hidden_continuous_size': 66, 'attention_head_size': 3, 'learning_rate': 0.0130324681979075}. Best is trial 0 with value: 0.14923276007175446.
[I 2023-12-27 10:58:29,610] Trial 1 finished with value: 0.19206571578979492 and parameters: {'gradient_clip_val': 0.8861519912217599, 'hidden_size': 79, 'dropout': 0.25683742709165447, 'hidden_continuous_size': 16, 'attention_head_size': 2, 'learning_rate': 0.03375954916132051}. Best is trial 0 with value: 0.14923276007175446.
[I 2023-12-27 10:58:29,974] Trial 2 finished with value: 2.074371576309204 and parameters: {'gradient_clip_val': 0.19242717975699447, 'hidden_size': 14, 'dropout': 0.23637010362869476, 'hidden_continuous_size': 8, 'attention_head_size': 4, 'learning_rate': 0.009002356453634576}. Best is trial 0 with value: 0.14923276007175446.
[I 2023-12-27 10:58:30,359] Trial 3 finished with value: 4.195581436157227 and parameters: {'gradient_clip_val': 0.1980346976047176, 'hidden_size': 36, 'dropout': 0.17151483809595272, 'hidden_continuous_size': 21, 'attention_head_size': 4, 'learning_rate': 0.016041799207681545}. Best is trial 0 with value: 0.14923276007175446.
[I 2023-12-27 10:58:30,873] Trial 4 finished with value: 3.836747169494629 and parameters: {'gradient_clip_val': 0.3578659318696293, 'hidden_size': 129, 'dropout': 0.3705073625742037, 'hidden_continuous_size': 8, 'attention_head_size': 3, 'learning_rate': 0.08800557813666118}. Best is trial 0 with value: 0.14923276007175446.
[I 2023-12-27 10:58:31,425] Trial 5 finished with value: 3.4494380950927734 and parameters: {'gradient_clip_val': 0.34403507339943196, 'hidden_size': 11, 'dropout': 0.3285168202125077, 'hidden_continuous_size': 8, 'attention_head_size': 3, 'learning_rate': 0.04943528435412891}. Best is trial 0 with value: 0.14923276007175446.
[I 2023-12-27 10:58:31,904] Trial 6 finished with value: 2.6297953128814697 and parameters: {'gradient_clip_val': 0.5461502527470113, 'hidden_size': 92, 'dropout': 0.43677887922959613, 'hidden_continuous_size': 59, 'attention_head_size': 4, 'learning_rate': 0.00687168647732413}. Best is trial 0 with value: 0.14923276007175446.
