[I 2023-12-27 11:14:29,776] Trial 17 finished with value: 2385.705078125 and parameters: {'gradient_clip_val': 0.12612005372709323, 'hidden_size': 27, 'dropout': 0.3194713566957641, 'hidden_continuous_size': 9, 'attention_head_size': 1, 'learning_rate': 0.0060680897371576}. Best is trial 0 with value: 570.991943359375.
[I 2023-12-27 11:14:30,210] Trial 18 finished with value: 2436.195068359375 and parameters: {'gradient_clip_val': 0.17534004893400298, 'hidden_size': 73, 'dropout': 0.2447512284702522, 'hidden_continuous_size': 24, 'attention_head_size': 2, 'learning_rate': 0.036833197750582886}. Best is trial 0 with value: 570.991943359375.
[I 2023-12-27 11:14:30,559] Trial 19 finished with value: 2403.29296875 and parameters: {'gradient_clip_val': 0.2756186213929377, 'hidden_size': 12, 'dropout': 0.3266232506494846, 'hidden_continuous_size': 7, 'attention_head_size': 3, 'learning_rate': 0.0020014462799611307}. Best is trial 0 with value: 570.991943359375.
[I 2023-12-27 11:14:30,923] Trial 20 finished with value: 2091.821044921875 and parameters: {'gradient_clip_val': 0.11844049519390326, 'hidden_size': 34, 'dropout': 0.42181682973846135, 'hidden_continuous_size': 12, 'attention_head_size': 1, 'learning_rate': 0.006120207789520467}. Best is trial 0 with value: 570.991943359375.
[I 2023-12-27 11:14:31,300] Trial 21 finished with value: 2182.193359375 and parameters: {'gradient_clip_val': 0.18360519856306357, 'hidden_size': 48, 'dropout': 0.4987846942725777, 'hidden_continuous_size': 11, 'attention_head_size': 2, 'learning_rate': 0.011001409724168324}. Best is trial 0 with value: 570.991943359375.
[I 2023-12-27 11:14:31,723] Trial 22 finished with value: 1737.8436279296875 and parameters: {'gradient_clip_val': 0.14589451414464522, 'hidden_size': 61, 'dropout': 0.46593649215094896, 'hidden_continuous_size': 18, 'attention_head_size': 2, 'learning_rate': 0.015923058440818847}. Best is trial 0 with value: 570.991943359375.
[I 2023-12-27 11:14:32,179] Trial 23 finished with value: 2122.366455078125 and parameters: {'gradient_clip_val': 0.24011949686894477, 'hidden_size': 100, 'dropout': 0.49893727080627504, 'hidden_continuous_size': 9, 'attention_head_size': 2, 'learning_rate': 0.010651446356887747}. Best is trial 0 with value: 570.991943359375.
[I 2023-12-27 11:14:32,572] Trial 24 finished with value: 1754.2696533203125 and parameters: {'gradient_clip_val': 0.16966502661241994, 'hidden_size': 49, 'dropout': 0.46334252388431146, 'hidden_continuous_size': 17, 'attention_head_size': 3, 'learning_rate': 0.005465899585695814}. Best is trial 0 with value: 570.991943359375.
[I 2023-12-27 11:14:32,975] Trial 25 finished with value: 2138.886474609375 and parameters: {'gradient_clip_val': 0.20451044461914195, 'hidden_size': 58, 'dropout': 0.4302575854398534, 'hidden_continuous_size': 10, 'attention_head_size': 2, 'learning_rate': 0.009052269484757309}. Best is trial 0 with value: 570.991943359375.
[I 2023-12-27 11:14:33,592] Trial 26 finished with value: 2074.15234375 and parameters: {'gradient_clip_val': 0.13259095875649982, 'hidden_size': 34, 'dropout': 0.40010901208636324, 'hidden_continuous_size': 9, 'attention_head_size': 1, 'learning_rate': 0.00454666911985151}. Best is trial 0 with value: 570.991943359375.
[I 2023-12-27 11:14:34,076] Trial 27 finished with value: 2079.405029296875 and parameters: {'gradient_clip_val': 0.2685684989847115, 'hidden_size': 101, 'dropout': 0.37016332392695406, 'hidden_continuous_size': 39, 'attention_head_size': 2, 'learning_rate': 0.021304931215332598}. Best is trial 0 with value: 570.991943359375.
[I 2023-12-27 11:14:34,465] Trial 28 finished with value: 2191.405517578125 and parameters: {'gradient_clip_val': 0.10770493452756869, 'hidden_size': 35, 'dropout': 0.46224358734282034, 'hidden_continuous_size': 13, 'attention_head_size': 3, 'learning_rate': 0.007656884576153753}. Best is trial 0 with value: 570.991943359375.
[I 2023-12-27 11:14:34,826] Trial 29 finished with value: 1908.044921875 and parameters: {'gradient_clip_val': 0.1431005320864207, 'hidden_size': 20, 'dropout': 0.41960837977244636, 'hidden_continuous_size': 8, 'attention_head_size': 2, 'learning_rate': 0.09778917962400252}. Best is trial 0 with value: 570.991943359375.
[I 2023-12-27 11:14:35,184] Trial 30 finished with value: 1861.9466552734375 and parameters: {'gradient_clip_val': 0.116412202159183, 'hidden_size': 21, 'dropout': 0.456839302532744, 'hidden_continuous_size': 10, 'attention_head_size': 1, 'learning_rate': 0.05058965143863263}. Best is trial 0 with value: 570.991943359375.
[I 2023-12-27 11:14:35,568] Trial 31 finished with value: 2216.516357421875 and parameters: {'gradient_clip_val': 0.4684732598898078, 'hidden_size': 42, 'dropout': 0.32054208536415385, 'hidden_continuous_size': 11, 'attention_head_size': 2, 'learning_rate': 0.013999674902625343}. Best is trial 0 with value: 570.991943359375.
[I 2023-12-27 11:14:35,990] Trial 32 finished with value: 1818.2740478515625 and parameters: {'gradient_clip_val': 0.36347117036728366, 'hidden_size': 60, 'dropout': 0.41698602060525203, 'hidden_continuous_size': 24, 'attention_head_size': 2, 'learning_rate': 0.011976098101574984}. Best is trial 0 with value: 570.991943359375.
[I 2023-12-27 11:14:36,378] Trial 33 finished with value: 2452.113525390625 and parameters: {'gradient_clip_val': 0.29353475642997157, 'hidden_size': 13, 'dropout': 0.3443220012455659, 'hidden_continuous_size': 7, 'attention_head_size': 4, 'learning_rate': 0.0074309477644820135}. Best is trial 0 with value: 570.991943359375.
[I 2023-12-27 11:14:36,881] Trial 34 finished with value: 2038.7552490234375 and parameters: {'gradient_clip_val': 0.3240447774874408, 'hidden_size': 122, 'dropout': 0.2799790520224236, 'hidden_continuous_size': 40, 'attention_head_size': 3, 'learning_rate': 0.014565056894847973}. Best is trial 0 with value: 570.991943359375.
[I 2023-12-27 11:14:37,318] Trial 35 finished with value: 1069.2801513671875 and parameters: {'gradient_clip_val': 0.4440691473034211, 'hidden_size': 78, 'dropout': 0.30306704234974746, 'hidden_continuous_size': 23, 'attention_head_size': 2, 'learning_rate': 0.009536143682371254}. Best is trial 0 with value: 570.991943359375.
[I 2023-12-27 11:14:37,745] Trial 36 finished with value: 1964.0386962890625 and parameters: {'gradient_clip_val': 0.23817767805967446, 'hidden_size': 76, 'dropout': 0.21997933828266608, 'hidden_continuous_size': 16, 'attention_head_size': 2, 'learning_rate': 0.011635165229605301}. Best is trial 0 with value: 570.991943359375.
[I 2023-12-27 11:14:38,231] Trial 37 finished with value: 1836.2137451171875 and parameters: {'gradient_clip_val': 0.15407765276917157, 'hidden_size': 120, 'dropout': 0.44796186647728437, 'hidden_continuous_size': 20, 'attention_head_size': 1, 'learning_rate': 0.009330327028021189}. Best is trial 0 with value: 570.991943359375.
[I 2023-12-27 11:14:38,672] Trial 38 finished with value: 1662.0816650390625 and parameters: {'gradient_clip_val': 0.2001320332700486, 'hidden_size': 82, 'dropout': 0.3759037360357, 'hidden_continuous_size': 14, 'attention_head_size': 3, 'learning_rate': 0.02050305688723141}. Best is trial 0 with value: 570.991943359375.
[I 2023-12-27 11:14:39,274] Trial 39 finished with value: 2035.2498779296875 and parameters: {'gradient_clip_val': 0.4720198513208591, 'hidden_size': 10, 'dropout': 0.297307033598126, 'hidden_continuous_size': 6, 'attention_head_size': 2, 'learning_rate': 0.005490043415460881}. Best is trial 0 with value: 570.991943359375.
[I 2023-12-27 11:14:39,684] Trial 40 finished with value: 1821.33935546875 and parameters: {'gradient_clip_val': 0.14702102033867862, 'hidden_size': 62, 'dropout': 0.19552304769250486, 'hidden_continuous_size': 12, 'attention_head_size': 1, 'learning_rate': 0.015805004032358603}. Best is trial 0 with value: 570.991943359375.
[I 2023-12-27 11:14:40,071] Trial 41 finished with value: 2286.181640625 and parameters: {'gradient_clip_val': 0.41869633705738774, 'hidden_size': 48, 'dropout': 0.2996134339219739, 'hidden_continuous_size': 30, 'attention_head_size': 2, 'learning_rate': 0.007495539904085407}. Best is trial 0 with value: 570.991943359375.
[I 2023-12-27 11:14:40,497] Trial 42 finished with value: 1941.0186767578125 and parameters: {'gradient_clip_val': 0.3257481931987806, 'hidden_size': 69, 'dropout': 0.4808796719291984, 'hidden_continuous_size': 32, 'attention_head_size': 2, 'learning_rate': 0.008415759863192504}. Best is trial 0 with value: 570.991943359375.
[I 2023-12-27 11:14:40,889] Trial 43 finished with value: 2319.908447265625 and parameters: {'gradient_clip_val': 0.3986345057089536, 'hidden_size': 51, 'dropout': 0.2611928644328822, 'hidden_continuous_size': 16, 'attention_head_size': 2, 'learning_rate': 0.012624758157342382}. Best is trial 0 with value: 570.991943359375.
[I 2023-12-27 11:14:41,345] Trial 44 finished with value: 1897.771484375 and parameters: {'gradient_clip_val': 0.5441483101254351, 'hidden_size': 86, 'dropout': 0.44386882626069823, 'hidden_continuous_size': 20, 'attention_head_size': 4, 'learning_rate': 0.003968548685870645}. Best is trial 0 with value: 570.991943359375.
[I 2023-12-27 11:14:41,734] Trial 45 finished with value: 2079.036865234375 and parameters: {'gradient_clip_val': 0.10556253034673015, 'hidden_size': 39, 'dropout': 0.3452112014990542, 'hidden_continuous_size': 15, 'attention_head_size': 2, 'learning_rate': 0.00968370896402253}. Best is trial 0 with value: 570.991943359375.
[I 2023-12-27 11:14:42,174] Trial 46 finished with value: 2041.41064453125 and parameters: {'gradient_clip_val': 0.33986726072183404, 'hidden_size': 73, 'dropout': 0.3144770616578092, 'hidden_continuous_size': 46, 'attention_head_size': 3, 'learning_rate': 0.003116480791426702}. Best is trial 0 with value: 570.991943359375.
[I 2023-12-27 11:14:42,621] Trial 47 finished with value: 2043.9769287109375 and parameters: {'gradient_clip_val': 0.16047659900222166, 'hidden_size': 96, 'dropout': 0.35617522615653907, 'hidden_continuous_size': 23, 'attention_head_size': 1, 'learning_rate': 0.00534373140763582}. Best is trial 0 with value: 570.991943359375.
[I 2023-12-27 11:14:42,993] Trial 48 finished with value: 1909.23291015625 and parameters: {'gradient_clip_val': 0.18630424033927945, 'hidden_size': 30, 'dropout': 0.39963479949312175, 'hidden_continuous_size': 8, 'attention_head_size': 2, 'learning_rate': 0.006443806375670918}. Best is trial 0 with value: 570.991943359375.
[I 2023-12-27 11:14:43,391] Trial 49 finished with value: 1738.59814453125 and parameters: {'gradient_clip_val': 0.12618085543722013, 'hidden_size': 54, 'dropout': 0.48056946703960024, 'hidden_continuous_size': 13, 'attention_head_size': 1, 'learning_rate': 0.01840596425358657}. Best is trial 0 with value: 570.991943359375.
[I 2023-12-27 11:14:43,497] A new study created in memory with name: no-name-a07e6c73-6cd5-4d42-9006-3d6572fdccb6
/home/le004/conda/anaconda3/envs/tsff_env/lib/python3.9/site-packages/lightning/fabric/plugins/environments/slurm.py:191: The `srun` command is available on your system but is not used. HINT: If your intention is to run Lightning on SLURM, prepend your python command with `srun` like so: srun python /home/le004/master_thesis/git/TSFusionForecast/code/ ...
[I 2023-12-27 11:15:02,036] Trial 0 finished with value: 700.1325073242188 and parameters: {'gradient_clip_val': 0.3014884131878384, 'hidden_size': 23, 'dropout': 0.1309665931148136, 'hidden_continuous_size': 6, 'attention_head_size': 4, 'learning_rate': 0.059540533151034164}. Best is trial 0 with value: 700.1325073242188.
[I 2023-12-27 11:15:02,359] Trial 1 finished with value: 2844.407958984375 and parameters: {'gradient_clip_val': 0.13364715801312302, 'hidden_size': 8, 'dropout': 0.3483124412979476, 'hidden_continuous_size': 5, 'attention_head_size': 2, 'learning_rate': 0.07405966072293003}. Best is trial 0 with value: 700.1325073242188.
[I 2023-12-27 11:15:02,877] Trial 2 finished with value: 4822.9501953125 and parameters: {'gradient_clip_val': 0.5820098165515208, 'hidden_size': 139, 'dropout': 0.1453811589923118, 'hidden_continuous_size': 28, 'attention_head_size': 2, 'learning_rate': 0.01415641814816353}. Best is trial 0 with value: 700.1325073242188.
[I 2023-12-27 11:15:03,275] Trial 3 finished with value: 3543.513427734375 and parameters: {'gradient_clip_val': 0.22160847670946193, 'hidden_size': 59, 'dropout': 0.26080468934054624, 'hidden_continuous_size': 21, 'attention_head_size': 4, 'learning_rate': 0.004687516763557648}. Best is trial 0 with value: 700.1325073242188.
[I 2023-12-27 11:15:03,638] Trial 4 finished with value: 3169.897705078125 and parameters: {'gradient_clip_val': 0.17551538426156174, 'hidden_size': 48, 'dropout': 0.47744475356792004, 'hidden_continuous_size': 8, 'attention_head_size': 4, 'learning_rate': 0.017736139667534293}. Best is trial 0 with value: 700.1325073242188.
[I 2023-12-27 11:15:04,085] Trial 5 finished with value: 4162.0185546875 and parameters: {'gradient_clip_val': 0.33321798779121947, 'hidden_size': 98, 'dropout': 0.3669716285781056, 'hidden_continuous_size': 41, 'attention_head_size': 3, 'learning_rate': 0.0020686367818409917}. Best is trial 0 with value: 700.1325073242188.
[I 2023-12-27 11:15:04,433] Trial 6 finished with value: 3647.360595703125 and parameters: {'gradient_clip_val': 0.92074175167982, 'hidden_size': 30, 'dropout': 0.11983465206334692, 'hidden_continuous_size': 9, 'attention_head_size': 2, 'learning_rate': 0.0006876853438217595}. Best is trial 0 with value: 700.1325073242188.
[I 2023-12-27 11:15:04,768] Trial 7 finished with value: 3553.6923828125 and parameters: {'gradient_clip_val': 0.15289168994907704, 'hidden_size': 19, 'dropout': 0.42017289553990556, 'hidden_continuous_size': 5, 'attention_head_size': 1, 'learning_rate': 0.0019441269936528213}. Best is trial 0 with value: 700.1325073242188.
[I 2023-12-27 11:15:05,117] Trial 8 finished with value: 3527.020263671875 and parameters: {'gradient_clip_val': 0.15673246764195004, 'hidden_size': 18, 'dropout': 0.35892284104014827, 'hidden_continuous_size': 11, 'attention_head_size': 1, 'learning_rate': 0.000932747867032162}. Best is trial 0 with value: 700.1325073242188.
[I 2023-12-27 11:15:05,466] Trial 9 finished with value: 4418.51904296875 and parameters: {'gradient_clip_val': 0.37061149897542894, 'hidden_size': 10, 'dropout': 0.24663952391883895, 'hidden_continuous_size': 5, 'attention_head_size': 2, 'learning_rate': 0.011111969906201937}. Best is trial 0 with value: 700.1325073242188.
[I 2023-12-27 11:15:05,797] Trial 10 finished with value: 3480.306396484375 and parameters: {'gradient_clip_val': 0.1025112330485708, 'hidden_size': 5, 'dropout': 0.190865821408511, 'hidden_continuous_size': 5, 'attention_head_size': 3, 'learning_rate': 0.09394964668772982}. Best is trial 0 with value: 700.1325073242188.
[I 2023-12-27 11:15:06,176] Trial 11 finished with value: 3830.2353515625 and parameters: {'gradient_clip_val': 0.25785456794498535, 'hidden_size': 9, 'dropout': 0.32410934588837065, 'hidden_continuous_size': 6, 'attention_head_size': 3, 'learning_rate': 0.08343318863411611}. Best is trial 0 with value: 700.1325073242188.
[I 2023-12-27 11:15:06,554] Trial 12 finished with value: 3272.867919921875 and parameters: {'gradient_clip_val': 0.10122098277322762, 'hidden_size': 11, 'dropout': 0.20823865593606897, 'hidden_continuous_size': 6, 'attention_head_size': 4, 'learning_rate': 0.03624601014298065}. Best is trial 0 with value: 700.1325073242188.
[I 2023-12-27 11:15:06,894] Trial 13 finished with value: 2423.781005859375 and parameters: {'gradient_clip_val': 0.42140840520196177, 'hidden_size': 5, 'dropout': 0.10025755965120711, 'hidden_continuous_size': 5, 'attention_head_size': 2, 'learning_rate': 0.040359050605197865}. Best is trial 0 with value: 700.1325073242188.
[I 2023-12-27 11:15:07,461] Trial 14 finished with value: 4458.048828125 and parameters: {'gradient_clip_val': 0.43593902288717107, 'hidden_size': 5, 'dropout': 0.11792188589366406, 'hidden_continuous_size': 5, 'attention_head_size': 3, 'learning_rate': 0.032918237902258216}. Best is trial 0 with value: 700.1325073242188.
[I 2023-12-27 11:15:07,825] Trial 15 finished with value: 4990.736328125 and parameters: {'gradient_clip_val': 0.2692773582731708, 'hidden_size': 27, 'dropout': 0.10842932916602595, 'hidden_continuous_size': 7, 'attention_head_size': 1, 'learning_rate': 0.041059483609834434}. Best is trial 0 with value: 700.1325073242188.
[I 2023-12-27 11:15:08,189] Trial 16 finished with value: 3581.532958984375 and parameters: {'gradient_clip_val': 0.47404569661447904, 'hidden_size': 15, 'dropout': 0.17282515427948048, 'hidden_continuous_size': 6, 'attention_head_size': 4, 'learning_rate': 0.02421098813406221}. Best is trial 0 with value: 700.1325073242188.
[I 2023-12-27 11:15:08,528] Trial 17 finished with value: 3692.7119140625 and parameters: {'gradient_clip_val': 0.29038863004186927, 'hidden_size': 6, 'dropout': 0.10371741404001546, 'hidden_continuous_size': 5, 'attention_head_size': 3, 'learning_rate': 0.051916535042603164}. Best is trial 0 with value: 700.1325073242188.
[I 2023-12-27 11:15:08,879] Trial 18 finished with value: 3686.179931640625 and parameters: {'gradient_clip_val': 0.21141740544526846, 'hidden_size': 13, 'dropout': 0.15736162750761112, 'hidden_continuous_size': 6, 'attention_head_size': 2, 'learning_rate': 0.023389322732339672}. Best is trial 0 with value: 700.1325073242188.
[I 2023-12-27 11:15:09,231] Trial 19 finished with value: 5541.5078125 and parameters: {'gradient_clip_val': 0.6043984632596385, 'hidden_size': 7, 'dropout': 0.21352624396092468, 'hidden_continuous_size': 5, 'attention_head_size': 1, 'learning_rate': 0.054789652153121524}. Best is trial 0 with value: 700.1325073242188.
[I 2023-12-27 11:15:09,584] Trial 20 finished with value: 3727.146728515625 and parameters: {'gradient_clip_val': 0.35608392329682004, 'hidden_size': 7, 'dropout': 0.15754750013492236, 'hidden_continuous_size': 5, 'attention_head_size': 4, 'learning_rate': 0.007873420486862348}. Best is trial 0 with value: 700.1325073242188.
[I 2023-12-27 11:15:09,925] Trial 21 finished with value: 2252.521728515625 and parameters: {'gradient_clip_val': 0.13012788965415711, 'hidden_size': 8, 'dropout': 0.28143218762260136, 'hidden_continuous_size': 5, 'attention_head_size': 2, 'learning_rate': 0.09458442696926687}. Best is trial 0 with value: 700.1325073242188.
[I 2023-12-27 11:15:10,246] Trial 22 finished with value: 3072.3310546875 and parameters: {'gradient_clip_val': 0.2303002236701811, 'hidden_size': 5, 'dropout': 0.2836533375705521, 'hidden_continuous_size': 5, 'attention_head_size': 2, 'learning_rate': 0.09688576290202162}. Best is trial 0 with value: 700.1325073242188.
[I 2023-12-27 11:15:10,623] Trial 23 finished with value: 3471.132080078125 and parameters: {'gradient_clip_val': 0.19026618498841513, 'hidden_size': 10, 'dropout': 0.22559896535589852, 'hidden_continuous_size': 6, 'attention_head_size': 2, 'learning_rate': 0.0548367301388841}. Best is trial 0 with value: 700.1325073242188.
[I 2023-12-27 11:15:11,009] Trial 24 finished with value: 3603.733154296875 and parameters: {'gradient_clip_val': 0.2981524172229264, 'hidden_size': 7, 'dropout': 0.14085952049079936, 'hidden_continuous_size': 5, 'attention_head_size': 3, 'learning_rate': 0.028236461632607183}. Best is trial 0 with value: 700.1325073242188.
[I 2023-12-27 11:15:11,394] Trial 25 finished with value: 3755.287841796875 and parameters: {'gradient_clip_val': 0.24160958211814446, 'hidden_size': 13, 'dropout': 0.1895600927364289, 'hidden_continuous_size': 6, 'attention_head_size': 2, 'learning_rate': 0.05526578200657718}. Best is trial 0 with value: 700.1325073242188.
[I 2023-12-27 11:15:11,752] Trial 26 finished with value: 4753.68212890625 and parameters: {'gradient_clip_val': 0.12307305747334515, 'hidden_size': 20, 'dropout': 0.2923170812331222, 'hidden_continuous_size': 7, 'attention_head_size': 1, 'learning_rate': 0.03963565359416559}. Best is trial 0 with value: 700.1325073242188.
[I 2023-12-27 11:15:12,110] Trial 27 finished with value: 3677.842529296875 and parameters: {'gradient_clip_val': 0.19193365479781585, 'hidden_size': 6, 'dropout': 0.24054544479204748, 'hidden_continuous_size': 5, 'attention_head_size': 3, 'learning_rate': 0.0730801109183063}. Best is trial 0 with value: 700.1325073242188.
[I 2023-12-27 11:15:12,679] Trial 28 finished with value: 3455.824951171875 and parameters: {'gradient_clip_val': 0.29998048469417776, 'hidden_size': 8, 'dropout': 0.1352674186659128, 'hidden_continuous_size': 5, 'attention_head_size': 2, 'learning_rate': 0.019616074403893374}. Best is trial 0 with value: 700.1325073242188.
[I 2023-12-27 11:15:13,033] Trial 29 finished with value: 3067.412109375 and parameters: {'gradient_clip_val': 0.13361312666817077, 'hidden_size': 9, 'dropout': 0.1765091696429235, 'hidden_continuous_size': 6, 'attention_head_size': 2, 'learning_rate': 0.07015406147457144}. Best is trial 0 with value: 700.1325073242188.
[I 2023-12-27 11:15:13,385] Trial 30 finished with value: 2936.9560546875 and parameters: {'gradient_clip_val': 0.15942846078793574, 'hidden_size': 12, 'dropout': 0.26296736127742015, 'hidden_continuous_size': 7, 'attention_head_size': 2, 'learning_rate': 0.028920494470784316}. Best is trial 0 with value: 700.1325073242188.
[I 2023-12-27 11:15:13,737] Trial 31 finished with value: 3839.849853515625 and parameters: {'gradient_clip_val': 0.12317669233187074, 'hidden_size': 8, 'dropout': 0.13720705757163662, 'hidden_continuous_size': 5, 'attention_head_size': 2, 'learning_rate': 0.09727871894551517}. Best is trial 0 with value: 700.1325073242188.
[I 2023-12-27 11:15:14,115] Trial 32 finished with value: 3625.507080078125 and parameters: {'gradient_clip_val': 0.20438876963688613, 'hidden_size': 6, 'dropout': 0.10121160069624888, 'hidden_continuous_size': 5, 'attention_head_size': 2, 'learning_rate': 0.06672291153340479}. Best is trial 0 with value: 700.1325073242188.
