[I 2023-12-27 11:31:28,807] Trial 27 finished with value: 9536.0048828125 and parameters: {'gradient_clip_val': 0.5143878016485767, 'hidden_size': 7, 'dropout': 0.34145247362451403, 'hidden_continuous_size': 5, 'attention_head_size': 3, 'learning_rate': 0.059854629071863695}. Best is trial 0 with value: 447.2708740234375.
[I 2023-12-27 11:31:29,206] Trial 28 finished with value: 8907.5771484375 and parameters: {'gradient_clip_val': 0.354332317712716, 'hidden_size': 12, 'dropout': 0.4634041735772904, 'hidden_continuous_size': 6, 'attention_head_size': 4, 'learning_rate': 0.03862590026803548}. Best is trial 0 with value: 447.2708740234375.
[I 2023-12-27 11:31:29,591] Trial 29 finished with value: 11784.1826171875 and parameters: {'gradient_clip_val': 0.5852161856703925, 'hidden_size': 25, 'dropout': 0.4254332092642329, 'hidden_continuous_size': 12, 'attention_head_size': 1, 'learning_rate': 0.08375312714623788}. Best is trial 0 with value: 447.2708740234375.
[I 2023-12-27 11:31:29,977] Trial 30 finished with value: 10947.62890625 and parameters: {'gradient_clip_val': 0.44645944243005276, 'hidden_size': 8, 'dropout': 0.27315731577727154, 'hidden_continuous_size': 5, 'attention_head_size': 4, 'learning_rate': 0.014178657929149909}. Best is trial 0 with value: 447.2708740234375.
[I 2023-12-27 11:31:30,386] Trial 31 finished with value: 7692.77294921875 and parameters: {'gradient_clip_val': 0.18593300323815612, 'hidden_size': 37, 'dropout': 0.35827293747373046, 'hidden_continuous_size': 14, 'attention_head_size': 3, 'learning_rate': 0.05308686589335}. Best is trial 0 with value: 447.2708740234375.
[I 2023-12-27 11:31:30,789] Trial 32 finished with value: 8710.6083984375 and parameters: {'gradient_clip_val': 0.209451688493495, 'hidden_size': 31, 'dropout': 0.3798186922191952, 'hidden_continuous_size': 13, 'attention_head_size': 3, 'learning_rate': 0.04432148297874516}. Best is trial 0 with value: 447.2708740234375.
[I 2023-12-27 11:31:31,178] Trial 33 finished with value: 8777.18359375 and parameters: {'gradient_clip_val': 0.16857634703458443, 'hidden_size': 23, 'dropout': 0.41594909973654554, 'hidden_continuous_size': 14, 'attention_head_size': 4, 'learning_rate': 0.09980679651223605}. Best is trial 0 with value: 447.2708740234375.
[I 2023-12-27 11:31:31,594] Trial 34 finished with value: 9177.4306640625 and parameters: {'gradient_clip_val': 0.26095618079654576, 'hidden_size': 20, 'dropout': 0.3900042984217311, 'hidden_continuous_size': 9, 'attention_head_size': 4, 'learning_rate': 0.06198082341011629}. Best is trial 0 with value: 447.2708740234375.
[I 2023-12-27 11:31:32,019] Trial 35 finished with value: 7859.66943359375 and parameters: {'gradient_clip_val': 0.32534181686008, 'hidden_size': 51, 'dropout': 0.3639750075100172, 'hidden_continuous_size': 19, 'attention_head_size': 2, 'learning_rate': 0.023220315380359725}. Best is trial 0 with value: 447.2708740234375.
[I 2023-12-27 11:31:32,451] Trial 36 finished with value: 10861.9326171875 and parameters: {'gradient_clip_val': 0.3034231984182879, 'hidden_size': 47, 'dropout': 0.355577740749941, 'hidden_continuous_size': 15, 'attention_head_size': 2, 'learning_rate': 0.0337500166882829}. Best is trial 0 with value: 447.2708740234375.
[I 2023-12-27 11:31:32,938] Trial 37 finished with value: 11267.0166015625 and parameters: {'gradient_clip_val': 0.2125100534998339, 'hidden_size': 67, 'dropout': 0.4450909773296524, 'hidden_continuous_size': 18, 'attention_head_size': 1, 'learning_rate': 0.020580707452106606}. Best is trial 0 with value: 447.2708740234375.
[I 2023-12-27 11:31:33,614] Trial 38 finished with value: 9671.4267578125 and parameters: {'gradient_clip_val': 0.1883471174768153, 'hidden_size': 31, 'dropout': 0.4663695073854529, 'hidden_continuous_size': 16, 'attention_head_size': 2, 'learning_rate': 0.026585753415183582}. Best is trial 0 with value: 447.2708740234375.
[I 2023-12-27 11:31:34,055] Trial 39 finished with value: 8675.5888671875 and parameters: {'gradient_clip_val': 0.3193187515968025, 'hidden_size': 46, 'dropout': 0.4238105759765059, 'hidden_continuous_size': 19, 'attention_head_size': 2, 'learning_rate': 0.062477758075799666}. Best is trial 0 with value: 447.2708740234375.
[I 2023-12-27 11:31:34,528] Trial 40 finished with value: 10033.9091796875 and parameters: {'gradient_clip_val': 0.25675509358070087, 'hidden_size': 71, 'dropout': 0.3983586565558326, 'hidden_continuous_size': 21, 'attention_head_size': 2, 'learning_rate': 0.04226515936379087}. Best is trial 0 with value: 447.2708740234375.
[I 2023-12-27 11:31:34,910] Trial 41 finished with value: 10672.3759765625 and parameters: {'gradient_clip_val': 0.3608297742797075, 'hidden_size': 32, 'dropout': 0.37048895195186415, 'hidden_continuous_size': 13, 'attention_head_size': 1, 'learning_rate': 0.001677422988172622}. Best is trial 0 with value: 447.2708740234375.
[I 2023-12-27 11:31:35,321] Trial 42 finished with value: 8370.7939453125 and parameters: {'gradient_clip_val': 0.39269838737451507, 'hidden_size': 41, 'dropout': 0.324286838411789, 'hidden_continuous_size': 17, 'attention_head_size': 3, 'learning_rate': 0.03022099960204158}. Best is trial 0 with value: 447.2708740234375.
[I 2023-12-27 11:31:35,762] Trial 43 finished with value: 8857.0263671875 and parameters: {'gradient_clip_val': 0.7099181825455076, 'hidden_size': 55, 'dropout': 0.3851176961809284, 'hidden_continuous_size': 27, 'attention_head_size': 2, 'learning_rate': 0.021741189213433175}. Best is trial 0 with value: 447.2708740234375.
[I 2023-12-27 11:31:36,162] Trial 44 finished with value: 10867.017578125 and parameters: {'gradient_clip_val': 0.14054715377905758, 'hidden_size': 24, 'dropout': 0.41596509467573306, 'hidden_continuous_size': 16, 'attention_head_size': 3, 'learning_rate': 0.06941398111164948}. Best is trial 0 with value: 447.2708740234375.
[I 2023-12-27 11:31:36,563] Trial 45 finished with value: 8863.1923828125 and parameters: {'gradient_clip_val': 0.1006758327366667, 'hidden_size': 34, 'dropout': 0.43787653450911085, 'hidden_continuous_size': 14, 'attention_head_size': 4, 'learning_rate': 0.012496705793499287}. Best is trial 0 with value: 447.2708740234375.
[I 2023-12-27 11:31:36,989] Trial 46 finished with value: 12182.5625 and parameters: {'gradient_clip_val': 0.2867910229124966, 'hidden_size': 42, 'dropout': 0.36360806885764685, 'hidden_continuous_size': 20, 'attention_head_size': 2, 'learning_rate': 0.031145947308699577}. Best is trial 0 with value: 447.2708740234375.
[I 2023-12-27 11:31:37,401] Trial 47 finished with value: 9682.837890625 and parameters: {'gradient_clip_val': 0.3224575255096869, 'hidden_size': 29, 'dropout': 0.40250393643663424, 'hidden_continuous_size': 18, 'attention_head_size': 4, 'learning_rate': 0.05002091675144061}. Best is trial 0 with value: 447.2708740234375.
[I 2023-12-27 11:31:37,815] Trial 48 finished with value: 7703.94970703125 and parameters: {'gradient_clip_val': 0.13108766920591647, 'hidden_size': 36, 'dropout': 0.3425342271319566, 'hidden_continuous_size': 15, 'attention_head_size': 3, 'learning_rate': 0.017186296202939103}. Best is trial 0 with value: 447.2708740234375.
[I 2023-12-27 11:31:38,217] Trial 49 finished with value: 11702.515625 and parameters: {'gradient_clip_val': 0.13136753354164152, 'hidden_size': 35, 'dropout': 0.30320355627263873, 'hidden_continuous_size': 15, 'attention_head_size': 3, 'learning_rate': 0.016462492344220873}. Best is trial 0 with value: 447.2708740234375.
[I 2023-12-27 11:31:38,331] A new study created in memory with name: no-name-0ec24e1c-5a81-408b-b0fc-da862649780a
/home/le004/conda/anaconda3/envs/tsff_env/lib/python3.9/site-packages/lightning/fabric/plugins/environments/slurm.py:191: The `srun` command is available on your system but is not used. HINT: If your intention is to run Lightning on SLURM, prepend your python command with `srun` like so: srun python /home/le004/master_thesis/git/TSFusionForecast/code/ ...
[I 2023-12-27 11:32:09,136] Trial 0 finished with value: 0.04558536037802696 and parameters: {'gradient_clip_val': 0.19949723333184546, 'hidden_size': 11, 'dropout': 0.138179712460311, 'hidden_continuous_size': 9, 'attention_head_size': 1, 'learning_rate': 0.06729284151515845}. Best is trial 0 with value: 0.04558536037802696.
[I 2023-12-27 11:32:21,533] Trial 1 finished with value: 0.17294184863567352 and parameters: {'gradient_clip_val': 0.8370974466348198, 'hidden_size': 54, 'dropout': 0.369248757155452, 'hidden_continuous_size': 5, 'attention_head_size': 2, 'learning_rate': 0.025693199428179676}. Best is trial 0 with value: 0.04558536037802696.
[I 2023-12-27 11:32:21,878] Trial 2 finished with value: 5.155401706695557 and parameters: {'gradient_clip_val': 0.35404348157550525, 'hidden_size': 7, 'dropout': 0.42364176653713004, 'hidden_continuous_size': 6, 'attention_head_size': 1, 'learning_rate': 0.03436724058391988}. Best is trial 0 with value: 0.04558536037802696.
[I 2023-12-27 11:32:22,271] Trial 3 finished with value: 2.5962002277374268 and parameters: {'gradient_clip_val': 0.16182162803777952, 'hidden_size': 41, 'dropout': 0.268536171492744, 'hidden_continuous_size': 9, 'attention_head_size': 2, 'learning_rate': 0.0024466922944812886}. Best is trial 0 with value: 0.04558536037802696.
[I 2023-12-27 11:32:22,761] Trial 4 finished with value: 2.620096206665039 and parameters: {'gradient_clip_val': 0.1143017172269483, 'hidden_size': 111, 'dropout': 0.43625130673918455, 'hidden_continuous_size': 8, 'attention_head_size': 3, 'learning_rate': 0.0015317177443421389}. Best is trial 0 with value: 0.04558536037802696.
[I 2023-12-27 11:32:23,124] Trial 5 finished with value: 3.005403757095337 and parameters: {'gradient_clip_val': 0.2616979669093731, 'hidden_size': 18, 'dropout': 0.3095660535817089, 'hidden_continuous_size': 11, 'attention_head_size': 4, 'learning_rate': 0.06738536681951196}. Best is trial 0 with value: 0.04558536037802696.
[I 2023-12-27 11:32:23,473] Trial 6 finished with value: 3.5722455978393555 and parameters: {'gradient_clip_val': 0.8395470599891824, 'hidden_size': 10, 'dropout': 0.1273585023119427, 'hidden_continuous_size': 5, 'attention_head_size': 2, 'learning_rate': 0.023185675509274563}. Best is trial 0 with value: 0.04558536037802696.
[I 2023-12-27 11:32:23,911] Trial 7 finished with value: 3.1088502407073975 and parameters: {'gradient_clip_val': 0.17829460175088033, 'hidden_size': 77, 'dropout': 0.38096096895749487, 'hidden_continuous_size': 10, 'attention_head_size': 4, 'learning_rate': 0.02220641528245556}. Best is trial 0 with value: 0.04558536037802696.
[I 2023-12-27 11:32:24,325] Trial 8 finished with value: 3.7505505084991455 and parameters: {'gradient_clip_val': 0.13542063919472092, 'hidden_size': 56, 'dropout': 0.4130238613945849, 'hidden_continuous_size': 32, 'attention_head_size': 3, 'learning_rate': 0.017398044024903133}. Best is trial 0 with value: 0.04558536037802696.
[I 2023-12-27 11:32:24,852] Trial 9 finished with value: 3.880735397338867 and parameters: {'gradient_clip_val': 0.8316515831494606, 'hidden_size': 107, 'dropout': 0.4841293521304445, 'hidden_continuous_size': 73, 'attention_head_size': 1, 'learning_rate': 0.009324575715121318}. Best is trial 0 with value: 0.04558536037802696.
[I 2023-12-27 11:32:25,190] Trial 10 finished with value: 4.537215232849121 and parameters: {'gradient_clip_val': 0.28118683366163094, 'hidden_size': 5, 'dropout': 0.12003246351993949, 'hidden_continuous_size': 5, 'attention_head_size': 1, 'learning_rate': 0.09390254500813626}. Best is trial 0 with value: 0.04558536037802696.
[I 2023-12-27 11:32:25,777] Trial 11 finished with value: 3.9787216186523438 and parameters: {'gradient_clip_val': 0.5733821133131363, 'hidden_size': 24, 'dropout': 0.19517739532350253, 'hidden_continuous_size': 7, 'attention_head_size': 2, 'learning_rate': 0.053841783159335785}. Best is trial 0 with value: 0.04558536037802696.
[I 2023-12-27 11:32:26,157] Trial 12 finished with value: 3.0762405395507812 and parameters: {'gradient_clip_val': 0.4360337861710278, 'hidden_size': 14, 'dropout': 0.3130181258075095, 'hidden_continuous_size': 6, 'attention_head_size': 1, 'learning_rate': 0.006924458010557753}. Best is trial 0 with value: 0.04558536037802696.
[I 2023-12-27 11:32:26,553] Trial 13 finished with value: 3.1202447414398193 and parameters: {'gradient_clip_val': 0.5437597277854501, 'hidden_size': 34, 'dropout': 0.2272703280829173, 'hidden_continuous_size': 13, 'attention_head_size': 2, 'learning_rate': 0.04554867689700946}. Best is trial 0 with value: 0.04558536037802696.
[I 2023-12-27 11:32:26,938] Trial 14 finished with value: 3.999041795730591 and parameters: {'gradient_clip_val': 0.21307703917339055, 'hidden_size': 22, 'dropout': 0.34436784269984533, 'hidden_continuous_size': 7, 'attention_head_size': 3, 'learning_rate': 0.08482166950912426}. Best is trial 0 with value: 0.04558536037802696.
[I 2023-12-27 11:32:27,309] Trial 15 finished with value: 4.216254711151123 and parameters: {'gradient_clip_val': 0.9616472632704234, 'hidden_size': 12, 'dropout': 0.17298835263698298, 'hidden_continuous_size': 5, 'attention_head_size': 1, 'learning_rate': 0.0006762664718673091}. Best is trial 0 with value: 0.04558536037802696.
[I 2023-12-27 11:32:27,719] Trial 16 finished with value: 2.7589311599731445 and parameters: {'gradient_clip_val': 0.29999469938670986, 'hidden_size': 36, 'dropout': 0.2589125745806379, 'hidden_continuous_size': 13, 'attention_head_size': 2, 'learning_rate': 0.03794053859321025}. Best is trial 0 with value: 0.04558536037802696.
[I 2023-12-27 11:32:28,143] Trial 17 finished with value: 3.5905914306640625 and parameters: {'gradient_clip_val': 0.10341664729695682, 'hidden_size': 55, 'dropout': 0.10437646909971633, 'hidden_continuous_size': 17, 'attention_head_size': 1, 'learning_rate': 0.09958470606935503}. Best is trial 0 with value: 0.04558536037802696.
[I 2023-12-27 11:32:28,512] Trial 18 finished with value: 3.3433520793914795 and parameters: {'gradient_clip_val': 0.22769329016340564, 'hidden_size': 16, 'dropout': 0.36256826395015096, 'hidden_continuous_size': 6, 'attention_head_size': 2, 'learning_rate': 0.013949942213498363}. Best is trial 0 with value: 0.04558536037802696.
[I 2023-12-27 11:32:28,891] Trial 19 finished with value: 3.181983709335327 and parameters: {'gradient_clip_val': 0.3731732812582512, 'hidden_size': 9, 'dropout': 0.2703962358195968, 'hidden_continuous_size': 5, 'attention_head_size': 3, 'learning_rate': 0.03658618620434973}. Best is trial 0 with value: 0.04558536037802696.
[I 2023-12-27 11:32:29,461] Trial 20 finished with value: 3.2672691345214844 and parameters: {'gradient_clip_val': 0.6300785437463796, 'hidden_size': 141, 'dropout': 0.16953718577715832, 'hidden_continuous_size': 17, 'attention_head_size': 1, 'learning_rate': 0.052318580350482896}. Best is trial 0 with value: 0.04558536037802696.
[I 2023-12-27 11:32:29,855] Trial 21 finished with value: 3.4004452228546143 and parameters: {'gradient_clip_val': 0.16568853479117895, 'hidden_size': 34, 'dropout': 0.2641715519867181, 'hidden_continuous_size': 9, 'attention_head_size': 2, 'learning_rate': 0.004184966222922057}. Best is trial 0 with value: 0.04558536037802696.
[I 2023-12-27 11:32:30,256] Trial 22 finished with value: 3.983924627304077 and parameters: {'gradient_clip_val': 0.16270355771010647, 'hidden_size': 48, 'dropout': 0.21602869427047536, 'hidden_continuous_size': 8, 'attention_head_size': 2, 'learning_rate': 0.0030956778070927587}. Best is trial 0 with value: 0.04558536037802696.
[I 2023-12-27 11:32:30,669] Trial 23 finished with value: 2.7526092529296875 and parameters: {'gradient_clip_val': 0.21458560962847292, 'hidden_size': 26, 'dropout': 0.3420757658321472, 'hidden_continuous_size': 7, 'attention_head_size': 2, 'learning_rate': 0.0272508119124971}. Best is trial 0 with value: 0.04558536037802696.
[I 2023-12-27 11:32:31,293] Trial 24 finished with value: 3.827359437942505 and parameters: {'gradient_clip_val': 0.2514448264619917, 'hidden_size': 20, 'dropout': 0.3013704703739194, 'hidden_continuous_size': 6, 'attention_head_size': 3, 'learning_rate': 0.009687770536554289}. Best is trial 0 with value: 0.04558536037802696.
[I 2023-12-27 11:32:31,745] Trial 25 finished with value: 3.319477081298828 and parameters: {'gradient_clip_val': 0.1362788184408206, 'hidden_size': 72, 'dropout': 0.1502606500871572, 'hidden_continuous_size': 10, 'attention_head_size': 2, 'learning_rate': 0.017242340499664287}. Best is trial 0 with value: 0.04558536037802696.
[I 2023-12-27 11:32:32,171] Trial 26 finished with value: 3.099139928817749 and parameters: {'gradient_clip_val': 0.2002541352656449, 'hidden_size': 42, 'dropout': 0.2322262566075246, 'hidden_continuous_size': 9, 'attention_head_size': 1, 'learning_rate': 0.06903246306151212}. Best is trial 0 with value: 0.04558536037802696.
[I 2023-12-27 11:32:32,569] Trial 27 finished with value: 3.1861555576324463 and parameters: {'gradient_clip_val': 0.332633931969876, 'hidden_size': 35, 'dropout': 0.15232062807461302, 'hidden_continuous_size': 11, 'attention_head_size': 2, 'learning_rate': 0.03501316066450593}. Best is trial 0 with value: 0.04558536037802696.
[I 2023-12-27 11:32:32,971] Trial 28 finished with value: 4.306726932525635 and parameters: {'gradient_clip_val': 0.425926863035318, 'hidden_size': 29, 'dropout': 0.18917435271087862, 'hidden_continuous_size': 8, 'attention_head_size': 3, 'learning_rate': 0.05273134019479583}. Best is trial 0 with value: 0.04558536037802696.
[I 2023-12-27 11:32:33,336] Trial 29 finished with value: 3.3241069316864014 and parameters: {'gradient_clip_val': 0.25025839982066317, 'hidden_size': 8, 'dropout': 0.27508020138052947, 'hidden_continuous_size': 5, 'attention_head_size': 1, 'learning_rate': 0.025814107817263555}. Best is trial 0 with value: 0.04558536037802696.
[I 2023-12-27 11:32:33,712] Trial 30 finished with value: 3.189429521560669 and parameters: {'gradient_clip_val': 0.1845219355088099, 'hidden_size': 13, 'dropout': 0.24212498690667517, 'hidden_continuous_size': 7, 'attention_head_size': 1, 'learning_rate': 0.0022057918982907525}. Best is trial 0 with value: 0.04558536037802696.
[I 2023-12-27 11:32:34,176] Trial 31 finished with value: 3.0912926197052 and parameters: {'gradient_clip_val': 0.13680367489748552, 'hidden_size': 75, 'dropout': 0.43530560787193806, 'hidden_continuous_size': 8, 'attention_head_size': 3, 'learning_rate': 0.0014680099191847226}. Best is trial 0 with value: 0.04558536037802696.
[I 2023-12-27 11:32:34,681] Trial 32 finished with value: 2.0905990600585938 and parameters: {'gradient_clip_val': 0.10493336277275132, 'hidden_size': 103, 'dropout': 0.4220927804588192, 'hidden_continuous_size': 13, 'attention_head_size': 3, 'learning_rate': 0.0013778494052299546}. Best is trial 0 with value: 0.04558536037802696.
[I 2023-12-27 11:32:35,133] Trial 33 finished with value: 2.7002246379852295 and parameters: {'gradient_clip_val': 0.1162187542976418, 'hidden_size': 61, 'dropout': 0.40704008051116314, 'hidden_continuous_size': 13, 'attention_head_size': 4, 'learning_rate': 0.0011032538358142635}. Best is trial 0 with value: 0.04558536037802696.
[I 2023-12-27 11:32:35,621] Trial 34 finished with value: 2.355468988418579 and parameters: {'gradient_clip_val': 0.15343141667264013, 'hidden_size': 95, 'dropout': 0.396763190858879, 'hidden_continuous_size': 16, 'attention_head_size': 3, 'learning_rate': 0.0050311820735989814}. Best is trial 0 with value: 0.04558536037802696.
[I 2023-12-27 11:32:36,121] Trial 35 finished with value: 3.7294349670410156 and parameters: {'gradient_clip_val': 0.10329740912864512, 'hidden_size': 97, 'dropout': 0.39417504972418665, 'hidden_continuous_size': 22, 'attention_head_size': 4, 'learning_rate': 0.0045207028567056115}. Best is trial 0 with value: 0.04558536037802696.
[I 2023-12-27 11:32:36,690] Trial 36 finished with value: 3.4139997959136963 and parameters: {'gradient_clip_val': 0.1303138689998157, 'hidden_size': 139, 'dropout': 0.4520399586457161, 'hidden_continuous_size': 15, 'attention_head_size': 3, 'learning_rate': 0.0056408867073670845}. Best is trial 0 with value: 0.04558536037802696.
[I 2023-12-27 11:32:37,170] Trial 37 finished with value: 3.2407779693603516 and parameters: {'gradient_clip_val': 0.15141452921393342, 'hidden_size': 91, 'dropout': 0.3809682171369683, 'hidden_continuous_size': 11, 'attention_head_size': 3, 'learning_rate': 0.002842581768801238}. Best is trial 0 with value: 0.04558536037802696.
[I 2023-12-27 11:32:37,883] Trial 38 finished with value: 4.368422031402588 and parameters: {'gradient_clip_val': 0.18611203419361136, 'hidden_size': 87, 'dropout': 0.42592670160785556, 'hidden_continuous_size': 23, 'attention_head_size': 4, 'learning_rate': 0.010422034658329983}. Best is trial 0 with value: 0.04558536037802696.
[I 2023-12-27 11:32:38,445] Trial 39 finished with value: 3.253265380859375 and parameters: {'gradient_clip_val': 0.12059926631659595, 'hidden_size': 126, 'dropout': 0.4592443223434411, 'hidden_continuous_size': 28, 'attention_head_size': 3, 'learning_rate': 0.01259185021627094}. Best is trial 0 with value: 0.04558536037802696.
[I 2023-12-27 11:32:38,963] Trial 40 finished with value: 3.246546506881714 and parameters: {'gradient_clip_val': 0.15047411526402585, 'hidden_size': 114, 'dropout': 0.40434465677715253, 'hidden_continuous_size': 12, 'attention_head_size': 3, 'learning_rate': 0.0005112539489786306}. Best is trial 0 with value: 0.04558536037802696.
[I 2023-12-27 11:32:39,402] Trial 41 finished with value: 3.3836467266082764 and parameters: {'gradient_clip_val': 0.1679356564690872, 'hidden_size': 66, 'dropout': 0.3276377723229908, 'hidden_continuous_size': 15, 'attention_head_size': 2, 'learning_rate': 0.0019783875412724495}. Best is trial 0 with value: 0.04558536037802696.
