[rank: 0] Seed set to 42
[I 2023-12-27 10:51:45,929] A new study created in memory with name: no-name-8bf46cd8-d9da-4609-a8a0-9b50afa71caa
/home/le004/conda/anaconda3/envs/tsff_env/lib/python3.9/site-packages/lightning/fabric/plugins/environments/slurm.py:191: The `srun` command is available on your system but is not used. HINT: If your intention is to run Lightning on SLURM, prepend your python command with `srun` like so: srun python /home/le004/master_thesis/git/TSFusionForecast/code/ ...
[I 2023-12-27 10:52:17,056] Trial 0 finished with value: 2.9906675815582275 and parameters: {'gradient_clip_val': 0.14877496049021915, 'hidden_size': 8, 'dropout': 0.47453191164612196, 'hidden_continuous_size': 5, 'attention_head_size': 1, 'learning_rate': 0.0009234299139130855}. Best is trial 0 with value: 2.9906675815582275.
[I 2023-12-27 10:52:48,243] Trial 1 finished with value: 0.10273614525794983 and parameters: {'gradient_clip_val': 0.37482036965136306, 'hidden_size': 14, 'dropout': 0.14462812344437329, 'hidden_continuous_size': 8, 'attention_head_size': 3, 'learning_rate': 0.08243553269642236}. Best is trial 1 with value: 0.10273614525794983.
[I 2023-12-27 10:52:56,791] Trial 2 finished with value: 0.48855629563331604 and parameters: {'gradient_clip_val': 0.3776694257266249, 'hidden_size': 52, 'dropout': 0.3736847248833407, 'hidden_continuous_size': 6, 'attention_head_size': 2, 'learning_rate': 0.033057376287724344}. Best is trial 1 with value: 0.10273614525794983.
[I 2023-12-27 10:52:57,186] Trial 3 finished with value: 4.6505913734436035 and parameters: {'gradient_clip_val': 0.3047016391914653, 'hidden_size': 42, 'dropout': 0.47917888625200045, 'hidden_continuous_size': 6, 'attention_head_size': 4, 'learning_rate': 0.010802670963802184}. Best is trial 1 with value: 0.10273614525794983.
[I 2023-12-27 10:52:57,613] Trial 4 finished with value: 5.254777431488037 and parameters: {'gradient_clip_val': 0.25625880701624765, 'hidden_size': 46, 'dropout': 0.24839229615409286, 'hidden_continuous_size': 27, 'attention_head_size': 3, 'learning_rate': 0.004431320927988899}. Best is trial 1 with value: 0.10273614525794983.
[I 2023-12-27 10:52:57,997] Trial 5 finished with value: 3.4797496795654297 and parameters: {'gradient_clip_val': 0.4329515650155565, 'hidden_size': 26, 'dropout': 0.3822986369300304, 'hidden_continuous_size': 9, 'attention_head_size': 1, 'learning_rate': 0.0036479158557218465}. Best is trial 1 with value: 0.10273614525794983.
[I 2023-12-27 10:52:58,440] Trial 6 finished with value: 3.176112413406372 and parameters: {'gradient_clip_val': 0.10229414370560297, 'hidden_size': 64, 'dropout': 0.2453498660547796, 'hidden_continuous_size': 62, 'attention_head_size': 3, 'learning_rate': 0.00252303926913199}. Best is trial 1 with value: 0.10273614525794983.
[I 2023-12-27 10:52:58,811] Trial 7 finished with value: 3.6519031524658203 and parameters: {'gradient_clip_val': 0.6951406837881303, 'hidden_size': 32, 'dropout': 0.3619917532426786, 'hidden_continuous_size': 25, 'attention_head_size': 2, 'learning_rate': 0.004221841351970612}. Best is trial 1 with value: 0.10273614525794983.
[I 2023-12-27 10:52:59,159] Trial 8 finished with value: 4.033753395080566 and parameters: {'gradient_clip_val': 0.14270458556243015, 'hidden_size': 16, 'dropout': 0.10030553036858221, 'hidden_continuous_size': 7, 'attention_head_size': 4, 'learning_rate': 0.0011882291205867464}. Best is trial 1 with value: 0.10273614525794983.
[I 2023-12-27 10:52:59,492] Trial 9 finished with value: 4.062262535095215 and parameters: {'gradient_clip_val': 0.5428969994584044, 'hidden_size': 16, 'dropout': 0.31844370917842646, 'hidden_continuous_size': 5, 'attention_head_size': 1, 'learning_rate': 0.05321188188584739}. Best is trial 1 with value: 0.10273614525794983.
[I 2023-12-27 10:53:00,048] Trial 10 finished with value: 4.649520397186279 and parameters: {'gradient_clip_val': 0.9902897363528412, 'hidden_size': 123, 'dropout': 0.14398060235887528, 'hidden_continuous_size': 13, 'attention_head_size': 3, 'learning_rate': 0.08433351373551824}. Best is trial 1 with value: 0.10273614525794983.
[I 2023-12-27 10:53:00,419] Trial 11 finished with value: 3.4536430835723877 and parameters: {'gradient_clip_val': 0.36284500009361864, 'hidden_size': 8, 'dropout': 0.1941277369358009, 'hidden_continuous_size': 6, 'attention_head_size': 2, 'learning_rate': 0.02358391798134445}. Best is trial 1 with value: 0.10273614525794983.
[I 2023-12-27 10:53:00,887] Trial 12 finished with value: 2.973597288131714 and parameters: {'gradient_clip_val': 0.2266392401766476, 'hidden_size': 88, 'dropout': 0.18141238287893785, 'hidden_continuous_size': 11, 'attention_head_size': 2, 'learning_rate': 0.03573183374315878}. Best is trial 1 with value: 0.10273614525794983.
[I 2023-12-27 10:53:01,249] Trial 13 finished with value: 3.6872928142547607 and parameters: {'gradient_clip_val': 0.44695072615061415, 'hidden_size': 5, 'dropout': 0.27970917508914844, 'hidden_continuous_size': 5, 'attention_head_size': 3, 'learning_rate': 0.021460514244696013}. Best is trial 1 with value: 0.10273614525794983.
[I 2023-12-27 10:53:01,736] Trial 14 finished with value: 4.913325309753418 and parameters: {'gradient_clip_val': 0.33633021567332866, 'hidden_size': 73, 'dropout': 0.38962963142470564, 'hidden_continuous_size': 9, 'attention_head_size': 2, 'learning_rate': 0.09378522219968317}. Best is trial 1 with value: 0.10273614525794983.
[I 2023-12-27 10:53:02,568] Trial 15 finished with value: 4.574127674102783 and parameters: {'gradient_clip_val': 0.5779008414290011, 'hidden_size': 140, 'dropout': 0.3231527550815706, 'hidden_continuous_size': 15, 'attention_head_size': 4, 'learning_rate': 0.013470127776532285}. Best is trial 1 with value: 0.10273614525794983.
[I 2023-12-27 10:53:02,974] Trial 16 finished with value: 3.69606614112854 and parameters: {'gradient_clip_val': 0.2519603037102088, 'hidden_size': 22, 'dropout': 0.19682775629369353, 'hidden_continuous_size': 7, 'attention_head_size': 3, 'learning_rate': 0.046835852391189425}. Best is trial 1 with value: 0.10273614525794983.
[I 2023-12-27 10:53:03,395] Trial 17 finished with value: 4.757737636566162 and parameters: {'gradient_clip_val': 0.38209851167306386, 'hidden_size': 48, 'dropout': 0.10801855275883018, 'hidden_continuous_size': 8, 'attention_head_size': 2, 'learning_rate': 0.09644422222256674}. Best is trial 1 with value: 0.10273614525794983.
[I 2023-12-27 10:53:03,778] Trial 18 finished with value: 3.708857297897339 and parameters: {'gradient_clip_val': 0.5030979704493026, 'hidden_size': 19, 'dropout': 0.4216365105951276, 'hidden_continuous_size': 6, 'attention_head_size': 2, 'learning_rate': 0.027619693348723426}. Best is trial 1 with value: 0.10273614525794983.
[I 2023-12-27 10:53:04,178] Trial 19 finished with value: 5.3299455642700195 and parameters: {'gradient_clip_val': 0.6887347044347354, 'hidden_size': 32, 'dropout': 0.27734443866115266, 'hidden_continuous_size': 8, 'attention_head_size': 3, 'learning_rate': 0.048518561598137014}. Best is trial 1 with value: 0.10273614525794983.
[I 2023-12-27 10:53:04,554] Trial 20 finished with value: 2.7028274536132812 and parameters: {'gradient_clip_val': 0.30018936042565136, 'hidden_size': 13, 'dropout': 0.33550392519474453, 'hidden_continuous_size': 6, 'attention_head_size': 1, 'learning_rate': 0.018263458673444134}. Best is trial 1 with value: 0.10273614525794983.
[I 2023-12-27 10:53:04,950] Trial 21 finished with value: 3.9999492168426514 and parameters: {'gradient_clip_val': 0.30865865347936217, 'hidden_size': 13, 'dropout': 0.35040754984847633, 'hidden_continuous_size': 6, 'attention_head_size': 1, 'learning_rate': 0.017830358358335845}. Best is trial 1 with value: 0.10273614525794983.
[I 2023-12-27 10:53:05,335] Trial 22 finished with value: 4.659797668457031 and parameters: {'gradient_clip_val': 0.40460417892312983, 'hidden_size': 11, 'dropout': 0.32819927089481504, 'hidden_continuous_size': 6, 'attention_head_size': 1, 'learning_rate': 0.011796665044934783}. Best is trial 1 with value: 0.10273614525794983.
[I 2023-12-27 10:53:05,716] Trial 23 finished with value: 3.528362274169922 and parameters: {'gradient_clip_val': 0.28432489282701684, 'hidden_size': 20, 'dropout': 0.41609349084258335, 'hidden_continuous_size': 7, 'attention_head_size': 1, 'learning_rate': 0.03901225189346907}. Best is trial 1 with value: 0.10273614525794983.
[I 2023-12-27 10:53:06,093] Trial 24 finished with value: 4.6425347328186035 and parameters: {'gradient_clip_val': 0.22720143112034522, 'hidden_size': 11, 'dropout': 0.2875867046273376, 'hidden_continuous_size': 5, 'attention_head_size': 2, 'learning_rate': 0.06272237880518698}. Best is trial 1 with value: 0.10273614525794983.
[I 2023-12-27 10:53:06,496] Trial 25 finished with value: 4.5163092613220215 and parameters: {'gradient_clip_val': 0.3477726508004049, 'hidden_size': 28, 'dropout': 0.23405401545474513, 'hidden_continuous_size': 5, 'attention_head_size': 3, 'learning_rate': 0.031179291745226677}. Best is trial 1 with value: 0.10273614525794983.
[I 2023-12-27 10:53:06,892] Trial 26 finished with value: 4.60736608505249 and parameters: {'gradient_clip_val': 0.4579610830936156, 'hidden_size': 23, 'dropout': 0.3135465855538951, 'hidden_continuous_size': 7, 'attention_head_size': 2, 'learning_rate': 0.008016491783181695}. Best is trial 1 with value: 0.10273614525794983.
[I 2023-12-27 10:53:07,310] Trial 27 finished with value: 4.147894382476807 and parameters: {'gradient_clip_val': 0.37143512977812754, 'hidden_size': 34, 'dropout': 0.34140941002860026, 'hidden_continuous_size': 10, 'attention_head_size': 1, 'learning_rate': 0.01842920547210345}. Best is trial 1 with value: 0.10273614525794983.
[I 2023-12-27 10:53:07,698] Trial 28 finished with value: 4.269280910491943 and parameters: {'gradient_clip_val': 0.28162096017725996, 'hidden_size': 16, 'dropout': 0.3060151539280748, 'hidden_continuous_size': 7, 'attention_head_size': 4, 'learning_rate': 0.06421423687059663}. Best is trial 1 with value: 0.10273614525794983.
[I 2023-12-27 10:53:08,317] Trial 29 finished with value: 5.100965976715088 and parameters: {'gradient_clip_val': 0.23509591129078106, 'hidden_size': 9, 'dropout': 0.4497380732098717, 'hidden_continuous_size': 6, 'attention_head_size': 1, 'learning_rate': 0.030536203351044008}. Best is trial 1 with value: 0.10273614525794983.
[I 2023-12-27 10:53:08,711] Trial 30 finished with value: 3.5182418823242188 and parameters: {'gradient_clip_val': 0.20261390604162335, 'hidden_size': 6, 'dropout': 0.36737227318667026, 'hidden_continuous_size': 5, 'attention_head_size': 2, 'learning_rate': 0.06820700806868028}. Best is trial 1 with value: 0.10273614525794983.
[I 2023-12-27 10:53:09,209] Trial 31 finished with value: 3.739326238632202 and parameters: {'gradient_clip_val': 0.2065292998367751, 'hidden_size': 90, 'dropout': 0.14100548872706323, 'hidden_continuous_size': 12, 'attention_head_size': 2, 'learning_rate': 0.04311879291169361}. Best is trial 1 with value: 0.10273614525794983.
[I 2023-12-27 10:53:09,669] Trial 32 finished with value: 4.7481160163879395 and parameters: {'gradient_clip_val': 0.32998290707680555, 'hidden_size': 55, 'dropout': 0.1731229900452557, 'hidden_continuous_size': 10, 'attention_head_size': 2, 'learning_rate': 0.03375058363832031}. Best is trial 1 with value: 0.10273614525794983.
[I 2023-12-27 10:53:10,180] Trial 33 finished with value: 4.942786693572998 and parameters: {'gradient_clip_val': 0.2848407443818677, 'hidden_size': 92, 'dropout': 0.481717700879686, 'hidden_continuous_size': 11, 'attention_head_size': 3, 'learning_rate': 0.016047643382310774}. Best is trial 1 with value: 0.10273614525794983.
[I 2023-12-27 10:53:10,576] Trial 34 finished with value: 3.9052631855010986 and parameters: {'gradient_clip_val': 0.31876135787406296, 'hidden_size': 40, 'dropout': 0.23036206145505753, 'hidden_continuous_size': 8, 'attention_head_size': 1, 'learning_rate': 0.03853502618353219}. Best is trial 1 with value: 0.10273614525794983.
[I 2023-12-27 10:53:11,042] Trial 35 finished with value: 4.503394603729248 and parameters: {'gradient_clip_val': 0.4125327250008947, 'hidden_size': 62, 'dropout': 0.2565497107446353, 'hidden_continuous_size': 9, 'attention_head_size': 3, 'learning_rate': 0.024801594199521677}. Best is trial 1 with value: 0.10273614525794983.
[I 2023-12-27 10:53:11,518] Trial 36 finished with value: 3.085407018661499 and parameters: {'gradient_clip_val': 0.2664977462306309, 'hidden_size': 44, 'dropout': 0.34218262266333044, 'hidden_continuous_size': 14, 'attention_head_size': 2, 'learning_rate': 0.07073536391442604}. Best is trial 1 with value: 0.10273614525794983.
[I 2023-12-27 10:53:11,985] Trial 37 finished with value: 5.481222152709961 and parameters: {'gradient_clip_val': 0.19649071605881574, 'hidden_size': 81, 'dropout': 0.38016975868616404, 'hidden_continuous_size': 16, 'attention_head_size': 3, 'learning_rate': 0.011085586101272991}. Best is trial 1 with value: 0.10273614525794983.
[I 2023-12-27 10:53:12,527] Trial 38 finished with value: 4.661172389984131 and parameters: {'gradient_clip_val': 0.18582926393006274, 'hidden_size': 107, 'dropout': 0.20950794195774883, 'hidden_continuous_size': 18, 'attention_head_size': 2, 'learning_rate': 0.008503431406332975}. Best is trial 1 with value: 0.10273614525794983.
[I 2023-12-27 10:53:12,992] Trial 39 finished with value: 5.0252366065979 and parameters: {'gradient_clip_val': 0.3200735640966831, 'hidden_size': 68, 'dropout': 0.2943006246595342, 'hidden_continuous_size': 11, 'attention_head_size': 4, 'learning_rate': 0.05339722405497008}. Best is trial 1 with value: 0.10273614525794983.
[I 2023-12-27 10:53:13,420] Trial 40 finished with value: 4.096826076507568 and parameters: {'gradient_clip_val': 0.17255897747951754, 'hidden_size': 56, 'dropout': 0.17601987731049154, 'hidden_continuous_size': 10, 'attention_head_size': 1, 'learning_rate': 0.022653736466540578}. Best is trial 1 with value: 0.10273614525794983.
[I 2023-12-27 10:53:13,798] Trial 41 finished with value: 3.8665106296539307 and parameters: {'gradient_clip_val': 0.13462434302096093, 'hidden_size': 8, 'dropout': 0.4859491265836072, 'hidden_continuous_size': 6, 'attention_head_size': 1, 'learning_rate': 0.0010986782806917531}. Best is trial 1 with value: 0.10273614525794983.
[I 2023-12-27 10:53:14,427] Trial 42 finished with value: 2.5321075916290283 and parameters: {'gradient_clip_val': 0.24725823594589452, 'hidden_size': 13, 'dropout': 0.459033240517343, 'hidden_continuous_size': 5, 'attention_head_size': 1, 'learning_rate': 0.0026891904393587}. Best is trial 1 with value: 0.10273614525794983.
[I 2023-12-27 10:53:14,842] Trial 43 finished with value: 3.8989956378936768 and parameters: {'gradient_clip_val': 0.23758240255811172, 'hidden_size': 14, 'dropout': 0.4592757693090989, 'hidden_continuous_size': 5, 'attention_head_size': 1, 'learning_rate': 0.005486971827508829}. Best is trial 1 with value: 0.10273614525794983.
[I 2023-12-27 10:53:15,232] Trial 44 finished with value: 3.9777355194091797 and parameters: {'gradient_clip_val': 0.271459830152003, 'hidden_size': 25, 'dropout': 0.39552059180641685, 'hidden_continuous_size': 8, 'attention_head_size': 1, 'learning_rate': 0.0020167160455433356}. Best is trial 1 with value: 0.10273614525794983.
[I 2023-12-27 10:53:15,627] Trial 45 finished with value: 3.934911012649536 and parameters: {'gradient_clip_val': 0.2975293872626111, 'hidden_size': 18, 'dropout': 0.36820579227008365, 'hidden_continuous_size': 5, 'attention_head_size': 2, 'learning_rate': 0.03324131916084343}. Best is trial 1 with value: 0.10273614525794983.
[I 2023-12-27 10:53:16,017] Trial 46 finished with value: 3.918673276901245 and parameters: {'gradient_clip_val': 0.35577164009685863, 'hidden_size': 13, 'dropout': 0.49527562089928473, 'hidden_continuous_size': 7, 'attention_head_size': 1, 'learning_rate': 0.08510373767061723}. Best is trial 1 with value: 0.10273614525794983.
[I 2023-12-27 10:53:16,583] Trial 47 finished with value: 3.8474957942962646 and parameters: {'gradient_clip_val': 0.24212679096881423, 'hidden_size': 118, 'dropout': 0.40463030873913775, 'hidden_continuous_size': 32, 'attention_head_size': 3, 'learning_rate': 0.0006963700459425977}. Best is trial 1 with value: 0.10273614525794983.
[I 2023-12-27 10:53:16,996] Trial 48 finished with value: 4.327238082885742 and parameters: {'gradient_clip_val': 0.2580995546560632, 'hidden_size': 27, 'dropout': 0.4268975109741518, 'hidden_continuous_size': 6, 'attention_head_size': 2, 'learning_rate': 0.026001849291157935}. Best is trial 1 with value: 0.10273614525794983.
[I 2023-12-27 10:53:17,396] Trial 49 finished with value: 3.3203341960906982 and parameters: {'gradient_clip_val': 0.3762950446136038, 'hidden_size': 10, 'dropout': 0.3817743089223767, 'hidden_continuous_size': 6, 'attention_head_size': 3, 'learning_rate': 0.014923030477724803}. Best is trial 1 with value: 0.10273614525794983.
[I 2023-12-27 10:53:17,518] A new study created in memory with name: no-name-a7b8070c-e6a6-4ea5-80df-0450b7a13937
/home/le004/conda/anaconda3/envs/tsff_env/lib/python3.9/site-packages/lightning/fabric/plugins/environments/slurm.py:191: The `srun` command is available on your system but is not used. HINT: If your intention is to run Lightning on SLURM, prepend your python command with `srun` like so: srun python /home/le004/master_thesis/git/TSFusionForecast/code/ ...
[I 2023-12-27 10:53:49,094] Trial 0 finished with value: 0.14452487230300903 and parameters: {'gradient_clip_val': 0.7974735300390233, 'hidden_size': 12, 'dropout': 0.4263016528060365, 'hidden_continuous_size': 7, 'attention_head_size': 4, 'learning_rate': 0.020795520660811476}. Best is trial 0 with value: 0.14452487230300903.
[I 2023-12-27 10:54:02,252] Trial 1 finished with value: 0.9444582462310791 and parameters: {'gradient_clip_val': 0.36387060164159934, 'hidden_size': 42, 'dropout': 0.327349272603639, 'hidden_continuous_size': 8, 'attention_head_size': 4, 'learning_rate': 0.0020374289957075828}. Best is trial 0 with value: 0.14452487230300903.
[I 2023-12-27 10:54:02,890] Trial 2 finished with value: 1.9858213663101196 and parameters: {'gradient_clip_val': 0.7022876086835135, 'hidden_size': 129, 'dropout': 0.16279621954002044, 'hidden_continuous_size': 108, 'attention_head_size': 2, 'learning_rate': 0.0009069812751318541}. Best is trial 0 with value: 0.14452487230300903.
[I 2023-12-27 10:54:03,264] Trial 3 finished with value: 1.4473419189453125 and parameters: {'gradient_clip_val': 0.8597353613023453, 'hidden_size': 23, 'dropout': 0.4537993770470512, 'hidden_continuous_size': 22, 'attention_head_size': 2, 'learning_rate': 0.002410255523678756}. Best is trial 0 with value: 0.14452487230300903.
[I 2023-12-27 10:54:03,664] Trial 4 finished with value: 1.58473539352417 and parameters: {'gradient_clip_val': 0.2298242111622165, 'hidden_size': 38, 'dropout': 0.44803286731517034, 'hidden_continuous_size': 15, 'attention_head_size': 2, 'learning_rate': 0.0013585955189437226}. Best is trial 0 with value: 0.14452487230300903.
[I 2023-12-27 10:54:04,009] Trial 5 finished with value: 1.3010698556900024 and parameters: {'gradient_clip_val': 0.5837224326558013, 'hidden_size': 8, 'dropout': 0.4147414890670943, 'hidden_continuous_size': 5, 'attention_head_size': 1, 'learning_rate': 0.03152011051288689}. Best is trial 0 with value: 0.14452487230300903.
[I 2023-12-27 10:54:04,391] Trial 6 finished with value: 1.6604360342025757 and parameters: {'gradient_clip_val': 0.579421467718178, 'hidden_size': 20, 'dropout': 0.19596490441478176, 'hidden_continuous_size': 6, 'attention_head_size': 2, 'learning_rate': 0.01648350846434702}. Best is trial 0 with value: 0.14452487230300903.
[I 2023-12-27 10:54:04,811] Trial 7 finished with value: 1.7125929594039917 and parameters: {'gradient_clip_val': 0.35061234212515785, 'hidden_size': 55, 'dropout': 0.4530030262781043, 'hidden_continuous_size': 5, 'attention_head_size': 4, 'learning_rate': 0.0014940810716169777}. Best is trial 0 with value: 0.14452487230300903.
[I 2023-12-27 10:54:05,312] Trial 8 finished with value: 2.2421419620513916 and parameters: {'gradient_clip_val': 0.620150352549868, 'hidden_size': 78, 'dropout': 0.4147813854144138, 'hidden_continuous_size': 77, 'attention_head_size': 4, 'learning_rate': 0.07691861209036886}. Best is trial 0 with value: 0.14452487230300903.
[I 2023-12-27 10:54:05,626] Trial 9 finished with value: 1.6268717050552368 and parameters: {'gradient_clip_val': 0.5879987853593197, 'hidden_size': 5, 'dropout': 0.1294781451527035, 'hidden_continuous_size': 5, 'attention_head_size': 2, 'learning_rate': 0.018208509683090138}. Best is trial 0 with value: 0.14452487230300903.
[I 2023-12-27 10:54:06,018] Trial 10 finished with value: 2.191194772720337 and parameters: {'gradient_clip_val': 0.10376182279431423, 'hidden_size': 12, 'dropout': 0.314279966295924, 'hidden_continuous_size': 7, 'attention_head_size': 3, 'learning_rate': 0.006037354036648737}. Best is trial 0 with value: 0.14452487230300903.
[I 2023-12-27 10:54:06,418] Trial 11 finished with value: 1.8167818784713745 and parameters: {'gradient_clip_val': 0.3669091689197741, 'hidden_size': 15, 'dropout': 0.3430710596537023, 'hidden_continuous_size': 8, 'attention_head_size': 4, 'learning_rate': 0.004047396897362573}. Best is trial 0 with value: 0.14452487230300903.
[I 2023-12-27 10:54:06,821] Trial 12 finished with value: 1.689090609550476 and parameters: {'gradient_clip_val': 0.9421261013622291, 'hidden_size': 32, 'dropout': 0.36018687727885534, 'hidden_continuous_size': 9, 'attention_head_size': 3, 'learning_rate': 0.0006827930372664162}. Best is trial 0 with value: 0.14452487230300903.
