[I 2023-12-27 11:30:19,147] Trial 12 finished with value: 113.49520874023438 and parameters: {'gradient_clip_val': 0.5537176132903088, 'hidden_size': 38, 'dropout': 0.391145041800918, 'hidden_continuous_size': 37, 'attention_head_size': 4, 'learning_rate': 0.02102026852048421}. Best is trial 0 with value: 43.183502197265625.
[I 2023-12-27 11:30:19,546] Trial 13 finished with value: 119.0740966796875 and parameters: {'gradient_clip_val': 0.5796330638536806, 'hidden_size': 10, 'dropout': 0.3865659681716242, 'hidden_continuous_size': 5, 'attention_head_size': 4, 'learning_rate': 0.021460874410081085}. Best is trial 0 with value: 43.183502197265625.
[I 2023-12-27 11:30:19,949] Trial 14 finished with value: 109.282470703125 and parameters: {'gradient_clip_val': 0.6543433348339229, 'hidden_size': 24, 'dropout': 0.36945552630770534, 'hidden_continuous_size': 15, 'attention_head_size': 2, 'learning_rate': 0.02658802555452622}. Best is trial 0 with value: 43.183502197265625.
[I 2023-12-27 11:30:20,340] Trial 15 finished with value: 132.4870147705078 and parameters: {'gradient_clip_val': 0.6621217986762974, 'hidden_size': 20, 'dropout': 0.275237224399219, 'hidden_continuous_size': 14, 'attention_head_size': 1, 'learning_rate': 0.03341853678283409}. Best is trial 0 with value: 43.183502197265625.
[I 2023-12-27 11:30:20,731] Trial 16 finished with value: 139.4787139892578 and parameters: {'gradient_clip_val': 0.4010854039443745, 'hidden_size': 9, 'dropout': 0.34712028125196054, 'hidden_continuous_size': 6, 'attention_head_size': 2, 'learning_rate': 0.00922408801236074}. Best is trial 0 with value: 43.183502197265625.
[I 2023-12-27 11:30:21,109] Trial 17 finished with value: 98.99170684814453 and parameters: {'gradient_clip_val': 0.7197208591647966, 'hidden_size': 8, 'dropout': 0.2552693062504527, 'hidden_continuous_size': 5, 'attention_head_size': 1, 'learning_rate': 0.01096347804436343}. Best is trial 0 with value: 43.183502197265625.
[I 2023-12-27 11:30:21,512] Trial 18 finished with value: 119.6572265625 and parameters: {'gradient_clip_val': 0.9659305711482649, 'hidden_size': 7, 'dropout': 0.25452845904635774, 'hidden_continuous_size': 5, 'attention_head_size': 1, 'learning_rate': 0.003671408743869212}. Best is trial 0 with value: 43.183502197265625.
[I 2023-12-27 11:30:21,865] Trial 19 finished with value: 125.14498138427734 and parameters: {'gradient_clip_val': 0.44670427803302865, 'hidden_size': 5, 'dropout': 0.24286783281039426, 'hidden_continuous_size': 5, 'attention_head_size': 1, 'learning_rate': 0.011776512573791656}. Best is trial 0 with value: 43.183502197265625.
[I 2023-12-27 11:30:22,257] Trial 20 finished with value: 109.01395416259766 and parameters: {'gradient_clip_val': 0.7435423451924025, 'hidden_size': 8, 'dropout': 0.20410239481198303, 'hidden_continuous_size': 5, 'attention_head_size': 1, 'learning_rate': 0.0038659235437159107}. Best is trial 0 with value: 43.183502197265625.
[I 2023-12-27 11:30:22,655] Trial 21 finished with value: 107.18885040283203 and parameters: {'gradient_clip_val': 0.7528653975665188, 'hidden_size': 7, 'dropout': 0.21841634319421407, 'hidden_continuous_size': 5, 'attention_head_size': 1, 'learning_rate': 0.004173399935785943}. Best is trial 0 with value: 43.183502197265625.
[I 2023-12-27 11:30:23,064] Trial 22 finished with value: 154.3522186279297 and parameters: {'gradient_clip_val': 0.7637179252121207, 'hidden_size': 13, 'dropout': 0.25308259676214007, 'hidden_continuous_size': 6, 'attention_head_size': 1, 'learning_rate': 0.00436720813482885}. Best is trial 0 with value: 43.183502197265625.
[I 2023-12-27 11:30:23,730] Trial 23 finished with value: 135.84556579589844 and parameters: {'gradient_clip_val': 0.7348090739084382, 'hidden_size': 7, 'dropout': 0.2243465378242694, 'hidden_continuous_size': 5, 'attention_head_size': 2, 'learning_rate': 0.014364751960846776}. Best is trial 0 with value: 43.183502197265625.
[I 2023-12-27 11:30:24,130] Trial 24 finished with value: 120.0179443359375 and parameters: {'gradient_clip_val': 0.5134771088132907, 'hidden_size': 7, 'dropout': 0.27392976526595697, 'hidden_continuous_size': 5, 'attention_head_size': 1, 'learning_rate': 0.005739623413041066}. Best is trial 0 with value: 43.183502197265625.
[I 2023-12-27 11:30:24,517] Trial 25 finished with value: 152.06170654296875 and parameters: {'gradient_clip_val': 0.6212213116902461, 'hidden_size': 12, 'dropout': 0.18765160894069696, 'hidden_continuous_size': 6, 'attention_head_size': 1, 'learning_rate': 0.0023951578166576983}. Best is trial 0 with value: 43.183502197265625.
[I 2023-12-27 11:30:24,908] Trial 26 finished with value: 135.32376098632812 and parameters: {'gradient_clip_val': 0.7922975258693553, 'hidden_size': 6, 'dropout': 0.16510887756737025, 'hidden_continuous_size': 5, 'attention_head_size': 2, 'learning_rate': 0.01283808557800438}. Best is trial 0 with value: 43.183502197265625.
[I 2023-12-27 11:30:25,313] Trial 27 finished with value: 138.81764221191406 and parameters: {'gradient_clip_val': 0.8550066682763479, 'hidden_size': 10, 'dropout': 0.22706556496737512, 'hidden_continuous_size': 6, 'attention_head_size': 1, 'learning_rate': 0.0021014925175061525}. Best is trial 0 with value: 43.183502197265625.
[I 2023-12-27 11:30:25,699] Trial 28 finished with value: 111.4527587890625 and parameters: {'gradient_clip_val': 0.6625866987252416, 'hidden_size': 6, 'dropout': 0.14262968614673344, 'hidden_continuous_size': 5, 'attention_head_size': 2, 'learning_rate': 0.007782560353615038}. Best is trial 0 with value: 43.183502197265625.
[I 2023-12-27 11:30:26,073] Trial 29 finished with value: 163.77804565429688 and parameters: {'gradient_clip_val': 0.4792138128654273, 'hidden_size': 8, 'dropout': 0.2950688686527822, 'hidden_continuous_size': 5, 'attention_head_size': 1, 'learning_rate': 0.042469325505224614}. Best is trial 0 with value: 43.183502197265625.
[I 2023-12-27 11:30:26,449] Trial 30 finished with value: 138.1041259765625 and parameters: {'gradient_clip_val': 0.9809990198255348, 'hidden_size': 17, 'dropout': 0.20911745773368579, 'hidden_continuous_size': 7, 'attention_head_size': 1, 'learning_rate': 0.03209012039963657}. Best is trial 0 with value: 43.183502197265625.
[I 2023-12-27 11:30:26,817] Trial 31 finished with value: 123.56407928466797 and parameters: {'gradient_clip_val': 0.7239317366258164, 'hidden_size': 12, 'dropout': 0.20653788309718582, 'hidden_continuous_size': 6, 'attention_head_size': 1, 'learning_rate': 0.005928698814355019}. Best is trial 0 with value: 43.183502197265625.
[I 2023-12-27 11:30:27,181] Trial 32 finished with value: 139.25067138671875 and parameters: {'gradient_clip_val': 0.5742583002195117, 'hidden_size': 8, 'dropout': 0.2453415292150544, 'hidden_continuous_size': 5, 'attention_head_size': 1, 'learning_rate': 0.0039494264331634285}. Best is trial 0 with value: 43.183502197265625.
[I 2023-12-27 11:30:27,552] Trial 33 finished with value: 119.22502899169922 and parameters: {'gradient_clip_val': 0.7942727853038041, 'hidden_size': 12, 'dropout': 0.20711281463682982, 'hidden_continuous_size': 6, 'attention_head_size': 1, 'learning_rate': 0.04718418339789329}. Best is trial 0 with value: 43.183502197265625.
[I 2023-12-27 11:30:27,910] Trial 34 finished with value: 137.33746337890625 and parameters: {'gradient_clip_val': 0.6998139919532363, 'hidden_size': 6, 'dropout': 0.10645213961261354, 'hidden_continuous_size': 5, 'attention_head_size': 1, 'learning_rate': 0.002911075081385407}. Best is trial 0 with value: 43.183502197265625.
[I 2023-12-27 11:30:28,270] Trial 35 finished with value: 105.49454498291016 and parameters: {'gradient_clip_val': 0.582080575017071, 'hidden_size': 8, 'dropout': 0.128678981302949, 'hidden_continuous_size': 5, 'attention_head_size': 1, 'learning_rate': 0.005622507940233671}. Best is trial 0 with value: 43.183502197265625.
[I 2023-12-27 11:30:28,674] Trial 36 finished with value: 136.21328735351562 and parameters: {'gradient_clip_val': 0.5401658593546736, 'hidden_size': 10, 'dropout': 0.1296193260381329, 'hidden_continuous_size': 6, 'attention_head_size': 2, 'learning_rate': 0.06240246633609998}. Best is trial 0 with value: 43.183502197265625.
[I 2023-12-27 11:30:29,368] Trial 37 finished with value: 127.2087173461914 and parameters: {'gradient_clip_val': 0.624435166145055, 'hidden_size': 16, 'dropout': 0.15773293307918007, 'hidden_continuous_size': 7, 'attention_head_size': 3, 'learning_rate': 0.008014962656818466}. Best is trial 0 with value: 43.183502197265625.
[I 2023-12-27 11:30:29,728] Trial 38 finished with value: 132.88238525390625 and parameters: {'gradient_clip_val': 0.4850335313995882, 'hidden_size': 6, 'dropout': 0.10039546553616624, 'hidden_continuous_size': 5, 'attention_head_size': 1, 'learning_rate': 0.06509583595775721}. Best is trial 0 with value: 43.183502197265625.
[I 2023-12-27 11:30:30,060] Trial 39 finished with value: 130.18218994140625 and parameters: {'gradient_clip_val': 0.8625979552990931, 'hidden_size': 5, 'dropout': 0.14953556373163573, 'hidden_continuous_size': 5, 'attention_head_size': 2, 'learning_rate': 0.010125013518462763}. Best is trial 0 with value: 43.183502197265625.
[I 2023-12-27 11:30:30,463] Trial 40 finished with value: 90.55630493164062 and parameters: {'gradient_clip_val': 0.600215389728732, 'hidden_size': 15, 'dropout': 0.17831145373056886, 'hidden_continuous_size': 8, 'attention_head_size': 1, 'learning_rate': 0.005486386743021254}. Best is trial 0 with value: 43.183502197265625.
[I 2023-12-27 11:30:30,854] Trial 41 finished with value: 110.3096694946289 and parameters: {'gradient_clip_val': 0.5957982891612861, 'hidden_size': 14, 'dropout': 0.1260303935660133, 'hidden_continuous_size': 8, 'attention_head_size': 1, 'learning_rate': 0.006171525035343351}. Best is trial 0 with value: 43.183502197265625.
[I 2023-12-27 11:30:31,230] Trial 42 finished with value: 126.2371826171875 and parameters: {'gradient_clip_val': 0.5390079608583893, 'hidden_size': 11, 'dropout': 0.17710682323002233, 'hidden_continuous_size': 8, 'attention_head_size': 1, 'learning_rate': 0.004979217959473085}. Best is trial 0 with value: 43.183502197265625.
[I 2023-12-27 11:30:31,615] Trial 43 finished with value: 150.16827392578125 and parameters: {'gradient_clip_val': 0.8125744014845767, 'hidden_size': 9, 'dropout': 0.19006030032975296, 'hidden_continuous_size': 7, 'attention_head_size': 1, 'learning_rate': 0.007158009531764995}. Best is trial 0 with value: 43.183502197265625.
[I 2023-12-27 11:30:32,000] Trial 44 finished with value: 156.63441467285156 and parameters: {'gradient_clip_val': 0.6836148095916192, 'hidden_size': 14, 'dropout': 0.14451805150210875, 'hidden_continuous_size': 8, 'attention_head_size': 1, 'learning_rate': 0.015980231981480325}. Best is trial 0 with value: 43.183502197265625.
[I 2023-12-27 11:30:32,373] Trial 45 finished with value: 111.05740356445312 and parameters: {'gradient_clip_val': 0.43411138068269456, 'hidden_size': 19, 'dropout': 0.16762979497568137, 'hidden_continuous_size': 10, 'attention_head_size': 1, 'learning_rate': 0.010140262134513807}. Best is trial 0 with value: 43.183502197265625.
[I 2023-12-27 11:30:32,761] Trial 46 finished with value: 126.2431869506836 and parameters: {'gradient_clip_val': 0.3769409058022814, 'hidden_size': 11, 'dropout': 0.18787854287759967, 'hidden_continuous_size': 6, 'attention_head_size': 2, 'learning_rate': 0.07724221644412722}. Best is trial 0 with value: 43.183502197265625.
[I 2023-12-27 11:30:33,160] Trial 47 finished with value: 138.96568298339844 and parameters: {'gradient_clip_val': 0.5903542616298, 'hidden_size': 9, 'dropout': 0.12792099516124467, 'hidden_continuous_size': 5, 'attention_head_size': 3, 'learning_rate': 0.016539353605896832}. Best is trial 0 with value: 43.183502197265625.
[I 2023-12-27 11:30:33,526] Trial 48 finished with value: 120.56891632080078 and parameters: {'gradient_clip_val': 0.4963186235257934, 'hidden_size': 16, 'dropout': 0.23180125386583847, 'hidden_continuous_size': 9, 'attention_head_size': 1, 'learning_rate': 0.025138290000512018}. Best is trial 0 with value: 43.183502197265625.
[I 2023-12-27 11:30:33,933] Trial 49 finished with value: 123.45327758789062 and parameters: {'gradient_clip_val': 0.9146449435344495, 'hidden_size': 24, 'dropout': 0.26769857641505296, 'hidden_continuous_size': 12, 'attention_head_size': 1, 'learning_rate': 0.007945697878069573}. Best is trial 0 with value: 43.183502197265625.
[I 2023-12-27 11:30:34,047] A new study created in memory with name: no-name-2718454b-ce61-431c-bc01-623edbb2b9b5
/home/le004/conda/anaconda3/envs/tsff_env/lib/python3.9/site-packages/lightning/fabric/plugins/environments/slurm.py:191: The `srun` command is available on your system but is not used. HINT: If your intention is to run Lightning on SLURM, prepend your python command with `srun` like so: srun python /home/le004/master_thesis/git/TSFusionForecast/code/ ...
[I 2023-12-27 11:31:05,625] Trial 0 finished with value: 447.2708740234375 and parameters: {'gradient_clip_val': 0.1387398065599992, 'hidden_size': 6, 'dropout': 0.39263737630219053, 'hidden_continuous_size': 5, 'attention_head_size': 4, 'learning_rate': 0.04013038628425006}. Best is trial 0 with value: 447.2708740234375.
[I 2023-12-27 11:31:17,516] Trial 1 finished with value: 1223.30712890625 and parameters: {'gradient_clip_val': 0.4690466022554835, 'hidden_size': 29, 'dropout': 0.405753278121874, 'hidden_continuous_size': 17, 'attention_head_size': 4, 'learning_rate': 0.020893943556697103}. Best is trial 0 with value: 447.2708740234375.
[I 2023-12-27 11:31:17,915] Trial 2 finished with value: 8122.53466796875 and parameters: {'gradient_clip_val': 0.4205954771923013, 'hidden_size': 24, 'dropout': 0.36467346406235446, 'hidden_continuous_size': 5, 'attention_head_size': 4, 'learning_rate': 0.001474609321148524}. Best is trial 0 with value: 447.2708740234375.
[I 2023-12-27 11:31:18,431] Trial 3 finished with value: 10958.7939453125 and parameters: {'gradient_clip_val': 0.6888264530883677, 'hidden_size': 109, 'dropout': 0.19933077057243206, 'hidden_continuous_size': 14, 'attention_head_size': 1, 'learning_rate': 0.005787689901547425}. Best is trial 0 with value: 447.2708740234375.
[I 2023-12-27 11:31:18,799] Trial 4 finished with value: 9499.7421875 and parameters: {'gradient_clip_val': 0.1764069307286295, 'hidden_size': 21, 'dropout': 0.45767798742293975, 'hidden_continuous_size': 5, 'attention_head_size': 2, 'learning_rate': 0.0014854719401352328}. Best is trial 0 with value: 447.2708740234375.
[I 2023-12-27 11:31:19,223] Trial 5 finished with value: 10830.5947265625 and parameters: {'gradient_clip_val': 0.9432101680931393, 'hidden_size': 56, 'dropout': 0.12702893129828038, 'hidden_continuous_size': 36, 'attention_head_size': 4, 'learning_rate': 0.001267588815368353}. Best is trial 0 with value: 447.2708740234375.
[I 2023-12-27 11:31:19,595] Trial 6 finished with value: 10020.4970703125 and parameters: {'gradient_clip_val': 0.3072355611016559, 'hidden_size': 15, 'dropout': 0.19763041823924735, 'hidden_continuous_size': 8, 'attention_head_size': 1, 'learning_rate': 0.001067472973274304}. Best is trial 0 with value: 447.2708740234375.
[I 2023-12-27 11:31:19,995] Trial 7 finished with value: 9606.0029296875 and parameters: {'gradient_clip_val': 0.6727700638787293, 'hidden_size': 38, 'dropout': 0.3779738676759543, 'hidden_continuous_size': 15, 'attention_head_size': 2, 'learning_rate': 0.013410604457618016}. Best is trial 0 with value: 447.2708740234375.
[I 2023-12-27 11:31:20,437] Trial 8 finished with value: 8356.537109375 and parameters: {'gradient_clip_val': 0.3774164830683688, 'hidden_size': 80, 'dropout': 0.48716276873325626, 'hidden_continuous_size': 32, 'attention_head_size': 2, 'learning_rate': 0.002298484059161116}. Best is trial 0 with value: 447.2708740234375.
[I 2023-12-27 11:31:20,934] Trial 9 finished with value: 9444.4150390625 and parameters: {'gradient_clip_val': 0.5472961178836617, 'hidden_size': 101, 'dropout': 0.18276912622207153, 'hidden_continuous_size': 23, 'attention_head_size': 2, 'learning_rate': 0.07314020230158576}. Best is trial 0 with value: 447.2708740234375.
[I 2023-12-27 11:31:21,282] Trial 10 finished with value: 9198.7724609375 and parameters: {'gradient_clip_val': 0.12004481324269503, 'hidden_size': 5, 'dropout': 0.2969226282768321, 'hidden_continuous_size': 5, 'attention_head_size': 3, 'learning_rate': 0.08907411802905174}. Best is trial 0 with value: 447.2708740234375.
[I 2023-12-27 11:31:21,908] Trial 11 finished with value: 9617.5419921875 and parameters: {'gradient_clip_val': 0.23471442024149844, 'hidden_size': 10, 'dropout': 0.40624256037810774, 'hidden_continuous_size': 6, 'attention_head_size': 4, 'learning_rate': 0.027637515529116224}. Best is trial 0 with value: 447.2708740234375.
[I 2023-12-27 11:31:22,253] Trial 12 finished with value: 8972.8681640625 and parameters: {'gradient_clip_val': 0.14716311981846605, 'hidden_size': 5, 'dropout': 0.30961316955832313, 'hidden_continuous_size': 5, 'attention_head_size': 3, 'learning_rate': 0.02884059408166543}. Best is trial 0 with value: 447.2708740234375.
[I 2023-12-27 11:31:22,678] Trial 13 finished with value: 12774.3388671875 and parameters: {'gradient_clip_val': 0.10688060994124081, 'hidden_size': 38, 'dropout': 0.43688446495616373, 'hidden_continuous_size': 9, 'attention_head_size': 3, 'learning_rate': 0.033690244443959905}. Best is trial 0 with value: 447.2708740234375.
[I 2023-12-27 11:31:23,077] Trial 14 finished with value: 8496.478515625 and parameters: {'gradient_clip_val': 0.22774651774508775, 'hidden_size': 10, 'dropout': 0.49391222210854757, 'hidden_continuous_size': 6, 'attention_head_size': 4, 'learning_rate': 0.01026164834134251}. Best is trial 0 with value: 447.2708740234375.
[I 2023-12-27 11:31:23,479] Trial 15 finished with value: 11468.7919921875 and parameters: {'gradient_clip_val': 0.280625727556789, 'hidden_size': 16, 'dropout': 0.428521137577905, 'hidden_continuous_size': 8, 'attention_head_size': 4, 'learning_rate': 0.0005973271239558082}. Best is trial 0 with value: 447.2708740234375.
[I 2023-12-27 11:31:23,913] Trial 16 finished with value: 8197.84375 and parameters: {'gradient_clip_val': 0.18809230729389217, 'hidden_size': 37, 'dropout': 0.3552959738772176, 'hidden_continuous_size': 11, 'attention_head_size': 3, 'learning_rate': 0.052754607350065354}. Best is trial 0 with value: 447.2708740234375.
[I 2023-12-27 11:31:24,539] Trial 17 finished with value: 8595.87109375 and parameters: {'gradient_clip_val': 0.3983420332449362, 'hidden_size': 139, 'dropout': 0.3250361414910558, 'hidden_continuous_size': 60, 'attention_head_size': 4, 'learning_rate': 0.01601416897196807}. Best is trial 0 with value: 447.2708740234375.
[I 2023-12-27 11:31:24,921] Trial 18 finished with value: 11686.6298828125 and parameters: {'gradient_clip_val': 0.119507679486311, 'hidden_size': 8, 'dropout': 0.4093047035584637, 'hidden_continuous_size': 5, 'attention_head_size': 3, 'learning_rate': 0.005742619167178939}. Best is trial 0 with value: 447.2708740234375.
[I 2023-12-27 11:31:25,317] Trial 19 finished with value: 9756.1650390625 and parameters: {'gradient_clip_val': 0.15295919490285861, 'hidden_size': 18, 'dropout': 0.45108117224023403, 'hidden_continuous_size': 7, 'attention_head_size': 4, 'learning_rate': 0.04974265824855477}. Best is trial 0 with value: 447.2708740234375.
[I 2023-12-27 11:31:25,733] Trial 20 finished with value: 12789.8662109375 and parameters: {'gradient_clip_val': 0.24500612602420077, 'hidden_size': 28, 'dropout': 0.2720257243531877, 'hidden_continuous_size': 10, 'attention_head_size': 3, 'learning_rate': 0.020982832673550333}. Best is trial 0 with value: 447.2708740234375.
[I 2023-12-27 11:31:26,155] Trial 21 finished with value: 10597.8486328125 and parameters: {'gradient_clip_val': 0.4221068316752341, 'hidden_size': 26, 'dropout': 0.3714813931167702, 'hidden_continuous_size': 6, 'attention_head_size': 4, 'learning_rate': 0.0034826985604580704}. Best is trial 0 with value: 447.2708740234375.
[I 2023-12-27 11:31:26,601] Trial 22 finished with value: 12803.93359375 and parameters: {'gradient_clip_val': 0.3514035127039283, 'hidden_size': 54, 'dropout': 0.39677475538530355, 'hidden_continuous_size': 11, 'attention_head_size': 4, 'learning_rate': 0.009821907179550664}. Best is trial 0 with value: 447.2708740234375.
[I 2023-12-27 11:31:26,986] Trial 23 finished with value: 9260.0283203125 and parameters: {'gradient_clip_val': 0.4945017236225262, 'hidden_size': 12, 'dropout': 0.3569742921254229, 'hidden_continuous_size': 6, 'attention_head_size': 4, 'learning_rate': 0.018483977283424328}. Best is trial 0 with value: 447.2708740234375.
[I 2023-12-27 11:31:27,384] Trial 24 finished with value: 8370.916015625 and parameters: {'gradient_clip_val': 0.33085806176594484, 'hidden_size': 20, 'dropout': 0.3397742799642177, 'hidden_continuous_size': 7, 'attention_head_size': 4, 'learning_rate': 0.040547033677599945}. Best is trial 0 with value: 447.2708740234375.
[I 2023-12-27 11:31:28,010] Trial 25 finished with value: 10245.66796875 and parameters: {'gradient_clip_val': 0.28700839888836366, 'hidden_size': 6, 'dropout': 0.3975793932374276, 'hidden_continuous_size': 5, 'attention_head_size': 3, 'learning_rate': 0.024425351441811863}. Best is trial 0 with value: 447.2708740234375.
[I 2023-12-27 11:31:28,415] Trial 26 finished with value: 8314.0419921875 and parameters: {'gradient_clip_val': 0.4400902537338927, 'hidden_size': 15, 'dropout': 0.37595777922517154, 'hidden_continuous_size': 7, 'attention_head_size': 4, 'learning_rate': 0.006906189532597724}. Best is trial 0 with value: 447.2708740234375.
