[I 2023-12-27 11:08:38,025] Trial 22 finished with value: 48.35557174682617 and parameters: {'gradient_clip_val': 0.30506251557534697, 'hidden_size': 8, 'dropout': 0.3492533667925128, 'hidden_continuous_size': 5, 'attention_head_size': 3, 'learning_rate': 0.0038500836213671012}. Best is trial 1 with value: 16.46381378173828.
[I 2023-12-27 11:08:38,417] Trial 23 finished with value: 45.53742980957031 and parameters: {'gradient_clip_val': 0.4814608340659298, 'hidden_size': 14, 'dropout': 0.3835969031180912, 'hidden_continuous_size': 6, 'attention_head_size': 3, 'learning_rate': 0.0007931927737037695}. Best is trial 1 with value: 16.46381378173828.
[I 2023-12-27 11:08:38,815] Trial 24 finished with value: 69.00504302978516 and parameters: {'gradient_clip_val': 0.3952641527874128, 'hidden_size': 9, 'dropout': 0.32951775115784904, 'hidden_continuous_size': 5, 'attention_head_size': 2, 'learning_rate': 0.0016813739492411348}. Best is trial 1 with value: 16.46381378173828.
[I 2023-12-27 11:08:39,231] Trial 25 finished with value: 63.5872802734375 and parameters: {'gradient_clip_val': 0.333935198189221, 'hidden_size': 15, 'dropout': 0.2699868812330118, 'hidden_continuous_size': 7, 'attention_head_size': 3, 'learning_rate': 0.0031327205760873925}. Best is trial 1 with value: 16.46381378173828.
[I 2023-12-27 11:08:39,633] Trial 26 finished with value: 53.88919448852539 and parameters: {'gradient_clip_val': 0.5929936382892534, 'hidden_size': 7, 'dropout': 0.3211117550473934, 'hidden_continuous_size': 5, 'attention_head_size': 4, 'learning_rate': 0.0006971196669216533}. Best is trial 1 with value: 16.46381378173828.
[I 2023-12-27 11:08:40,048] Trial 27 finished with value: 47.9308967590332 and parameters: {'gradient_clip_val': 0.45415856395481063, 'hidden_size': 10, 'dropout': 0.3700146951168845, 'hidden_continuous_size': 6, 'attention_head_size': 2, 'learning_rate': 0.0014678492791540053}. Best is trial 1 with value: 16.46381378173828.
[I 2023-12-27 11:08:40,444] Trial 28 finished with value: 61.64373779296875 and parameters: {'gradient_clip_val': 0.366445202575, 'hidden_size': 6, 'dropout': 0.35117862139492456, 'hidden_continuous_size': 5, 'attention_head_size': 1, 'learning_rate': 0.0010363235283365312}. Best is trial 1 with value: 16.46381378173828.
[I 2023-12-27 11:08:40,840] Trial 29 finished with value: 55.83003234863281 and parameters: {'gradient_clip_val': 0.2035643953745829, 'hidden_size': 15, 'dropout': 0.22944723774271591, 'hidden_continuous_size': 7, 'attention_head_size': 3, 'learning_rate': 0.004662105505191692}. Best is trial 1 with value: 16.46381378173828.
[I 2023-12-27 11:08:41,231] Trial 30 finished with value: 58.16129684448242 and parameters: {'gradient_clip_val': 0.25461402247342174, 'hidden_size': 22, 'dropout': 0.28717652131245364, 'hidden_continuous_size': 6, 'attention_head_size': 2, 'learning_rate': 0.002642190040547055}. Best is trial 1 with value: 16.46381378173828.
[I 2023-12-27 11:08:41,638] Trial 31 finished with value: 41.385189056396484 and parameters: {'gradient_clip_val': 0.3879894745599744, 'hidden_size': 10, 'dropout': 0.32107854687653964, 'hidden_continuous_size': 6, 'attention_head_size': 3, 'learning_rate': 0.001944207443007826}. Best is trial 1 with value: 16.46381378173828.
[I 2023-12-27 11:08:42,035] Trial 32 finished with value: 58.662837982177734 and parameters: {'gradient_clip_val': 0.3169819785372451, 'hidden_size': 9, 'dropout': 0.3163482550854919, 'hidden_continuous_size': 6, 'attention_head_size': 3, 'learning_rate': 0.002296502400346018}. Best is trial 1 with value: 16.46381378173828.
[I 2023-12-27 11:08:42,441] Trial 33 finished with value: 59.14240646362305 and parameters: {'gradient_clip_val': 0.40505342267539035, 'hidden_size': 13, 'dropout': 0.36081075657486494, 'hidden_continuous_size': 7, 'attention_head_size': 3, 'learning_rate': 0.0015097749012166286}. Best is trial 1 with value: 16.46381378173828.
[I 2023-12-27 11:08:42,832] Trial 34 finished with value: 67.44132232666016 and parameters: {'gradient_clip_val': 0.5331557673014321, 'hidden_size': 17, 'dropout': 0.3932128879735531, 'hidden_continuous_size': 5, 'attention_head_size': 3, 'learning_rate': 0.005124217648510309}. Best is trial 1 with value: 16.46381378173828.
[I 2023-12-27 11:08:43,489] Trial 35 finished with value: 62.89020919799805 and parameters: {'gradient_clip_val': 0.43212069675136855, 'hidden_size': 11, 'dropout': 0.33544463812528835, 'hidden_continuous_size': 6, 'attention_head_size': 3, 'learning_rate': 0.0011578108769762562}. Best is trial 1 with value: 16.46381378173828.
[I 2023-12-27 11:08:43,920] Trial 36 finished with value: 61.18326950073242 and parameters: {'gradient_clip_val': 0.2791715054755431, 'hidden_size': 30, 'dropout': 0.363552986031811, 'hidden_continuous_size': 8, 'attention_head_size': 4, 'learning_rate': 0.003481661535596738}. Best is trial 1 with value: 16.46381378173828.
[I 2023-12-27 11:08:44,317] Trial 37 finished with value: 59.135189056396484 and parameters: {'gradient_clip_val': 0.35049519727988415, 'hidden_size': 13, 'dropout': 0.3131330145775025, 'hidden_continuous_size': 6, 'attention_head_size': 4, 'learning_rate': 0.001675592166773357}. Best is trial 1 with value: 16.46381378173828.
[I 2023-12-27 11:08:44,701] Trial 38 finished with value: 61.40300369262695 and parameters: {'gradient_clip_val': 0.4849857343727273, 'hidden_size': 8, 'dropout': 0.375755256309201, 'hidden_continuous_size': 5, 'attention_head_size': 3, 'learning_rate': 0.002798114996701564}. Best is trial 1 with value: 16.46381378173828.
[I 2023-12-27 11:08:45,087] Trial 39 finished with value: 65.76039123535156 and parameters: {'gradient_clip_val': 0.30050268603814745, 'hidden_size': 6, 'dropout': 0.26957287162158006, 'hidden_continuous_size': 5, 'attention_head_size': 3, 'learning_rate': 0.007129805923834591}. Best is trial 1 with value: 16.46381378173828.
[I 2023-12-27 11:08:45,489] Trial 40 finished with value: 44.2453498840332 and parameters: {'gradient_clip_val': 0.7641855533011587, 'hidden_size': 16, 'dropout': 0.344630556998502, 'hidden_continuous_size': 7, 'attention_head_size': 3, 'learning_rate': 0.0006979937980433414}. Best is trial 1 with value: 16.46381378173828.
[I 2023-12-27 11:08:45,884] Trial 41 finished with value: 58.84243392944336 and parameters: {'gradient_clip_val': 0.7115293227070916, 'hidden_size': 16, 'dropout': 0.3434346544353701, 'hidden_continuous_size': 7, 'attention_head_size': 3, 'learning_rate': 0.000660848886711958}. Best is trial 1 with value: 16.46381378173828.
[I 2023-12-27 11:08:46,276] Trial 42 finished with value: 54.928775787353516 and parameters: {'gradient_clip_val': 0.545096449249097, 'hidden_size': 19, 'dropout': 0.3253464328235037, 'hidden_continuous_size': 8, 'attention_head_size': 3, 'learning_rate': 0.0006021499160011602}. Best is trial 1 with value: 16.46381378173828.
[I 2023-12-27 11:08:46,680] Trial 43 finished with value: 47.918331146240234 and parameters: {'gradient_clip_val': 0.7700246745640559, 'hidden_size': 13, 'dropout': 0.3550093044086898, 'hidden_continuous_size': 7, 'attention_head_size': 3, 'learning_rate': 0.0009138303056833264}. Best is trial 1 with value: 16.46381378173828.
[I 2023-12-27 11:08:47,079] Trial 44 finished with value: 57.22178268432617 and parameters: {'gradient_clip_val': 0.6017544153691593, 'hidden_size': 10, 'dropout': 0.40139685834468924, 'hidden_continuous_size': 6, 'attention_head_size': 2, 'learning_rate': 0.0005058873238199957}. Best is trial 1 with value: 16.46381378173828.
[I 2023-12-27 11:08:47,492] Trial 45 finished with value: 57.925167083740234 and parameters: {'gradient_clip_val': 0.976537046919678, 'hidden_size': 18, 'dropout': 0.37595237410497584, 'hidden_continuous_size': 8, 'attention_head_size': 4, 'learning_rate': 0.0010525125228353428}. Best is trial 1 with value: 16.46381378173828.
[I 2023-12-27 11:08:47,895] Trial 46 finished with value: 56.57109451293945 and parameters: {'gradient_clip_val': 0.8726287600425106, 'hidden_size': 24, 'dropout': 0.30148376216817924, 'hidden_continuous_size': 9, 'attention_head_size': 3, 'learning_rate': 0.0011738321186903463}. Best is trial 1 with value: 16.46381378173828.
[I 2023-12-27 11:08:48,309] Trial 47 finished with value: 89.77017974853516 and parameters: {'gradient_clip_val': 0.44261087202089155, 'hidden_size': 31, 'dropout': 0.3403451211840957, 'hidden_continuous_size': 11, 'attention_head_size': 2, 'learning_rate': 0.000810786659439014}. Best is trial 1 with value: 16.46381378173828.
[I 2023-12-27 11:08:48,992] Trial 48 finished with value: 59.07450866699219 and parameters: {'gradient_clip_val': 0.39811150587870764, 'hidden_size': 12, 'dropout': 0.36244117959634126, 'hidden_continuous_size': 7, 'attention_head_size': 3, 'learning_rate': 0.0006827759754283307}. Best is trial 1 with value: 16.46381378173828.
[I 2023-12-27 11:08:49,391] Trial 49 finished with value: 49.920166015625 and parameters: {'gradient_clip_val': 0.6643277420332641, 'hidden_size': 20, 'dropout': 0.3139633485606059, 'hidden_continuous_size': 8, 'attention_head_size': 2, 'learning_rate': 0.0012876557987358966}. Best is trial 1 with value: 16.46381378173828.
[I 2023-12-27 11:08:49,513] A new study created in memory with name: no-name-78764ca3-15ab-4f27-967b-09e9792aaf48
/home/le004/conda/anaconda3/envs/tsff_env/lib/python3.9/site-packages/lightning/fabric/plugins/environments/slurm.py:191: The `srun` command is available on your system but is not used. HINT: If your intention is to run Lightning on SLURM, prepend your python command with `srun` like so: srun python /home/le004/master_thesis/git/TSFusionForecast/code/ ...
[I 2023-12-27 11:09:16,983] Trial 0 finished with value: 30.834321975708008 and parameters: {'gradient_clip_val': 0.22785777862398457, 'hidden_size': 5, 'dropout': 0.35796659778714, 'hidden_continuous_size': 5, 'attention_head_size': 3, 'learning_rate': 0.032506374035105236}. Best is trial 0 with value: 30.834321975708008.
[I 2023-12-27 11:09:17,376] Trial 1 finished with value: 65.53242492675781 and parameters: {'gradient_clip_val': 0.271975400602228, 'hidden_size': 34, 'dropout': 0.3983089579177862, 'hidden_continuous_size': 7, 'attention_head_size': 3, 'learning_rate': 0.02591746253784973}. Best is trial 0 with value: 30.834321975708008.
[I 2023-12-27 11:09:17,771] Trial 2 finished with value: 76.49273681640625 and parameters: {'gradient_clip_val': 0.4760874188599739, 'hidden_size': 30, 'dropout': 0.19699575737405683, 'hidden_continuous_size': 13, 'attention_head_size': 3, 'learning_rate': 0.000743408024245616}. Best is trial 0 with value: 30.834321975708008.
[I 2023-12-27 11:09:18,140] Trial 3 finished with value: 64.4643325805664 and parameters: {'gradient_clip_val': 0.2031292496211096, 'hidden_size': 25, 'dropout': 0.3102016267387331, 'hidden_continuous_size': 6, 'attention_head_size': 1, 'learning_rate': 0.006202652881880314}. Best is trial 0 with value: 30.834321975708008.
[I 2023-12-27 11:09:18,473] Trial 4 finished with value: 85.36894989013672 and parameters: {'gradient_clip_val': 0.10961549360693404, 'hidden_size': 5, 'dropout': 0.499231599912928, 'hidden_continuous_size': 5, 'attention_head_size': 4, 'learning_rate': 0.08393911454343829}. Best is trial 0 with value: 30.834321975708008.
[I 2023-12-27 11:09:18,908] Trial 5 finished with value: 71.13443756103516 and parameters: {'gradient_clip_val': 0.10305516640705331, 'hidden_size': 66, 'dropout': 0.4884369042399034, 'hidden_continuous_size': 7, 'attention_head_size': 2, 'learning_rate': 0.023572616977636626}. Best is trial 0 with value: 30.834321975708008.
[I 2023-12-27 11:09:19,324] Trial 6 finished with value: 88.8592758178711 and parameters: {'gradient_clip_val': 0.9189098839865875, 'hidden_size': 48, 'dropout': 0.4365022460631981, 'hidden_continuous_size': 12, 'attention_head_size': 4, 'learning_rate': 0.0005382490034534918}. Best is trial 0 with value: 30.834321975708008.
[I 2023-12-27 11:09:19,707] Trial 7 finished with value: 75.6260757446289 and parameters: {'gradient_clip_val': 0.45850224534892975, 'hidden_size': 35, 'dropout': 0.1954201690594747, 'hidden_continuous_size': 5, 'attention_head_size': 3, 'learning_rate': 0.01698217321866316}. Best is trial 0 with value: 30.834321975708008.
[I 2023-12-27 11:09:20,156] Trial 8 finished with value: 74.68929290771484 and parameters: {'gradient_clip_val': 0.49767020960577174, 'hidden_size': 73, 'dropout': 0.17271747637267199, 'hidden_continuous_size': 48, 'attention_head_size': 1, 'learning_rate': 0.08073519420893473}. Best is trial 0 with value: 30.834321975708008.
[I 2023-12-27 11:09:20,598] Trial 9 finished with value: 68.38011932373047 and parameters: {'gradient_clip_val': 0.17793297415045992, 'hidden_size': 61, 'dropout': 0.2133184716165693, 'hidden_continuous_size': 38, 'attention_head_size': 2, 'learning_rate': 0.028313378296237823}. Best is trial 0 with value: 30.834321975708008.
[I 2023-12-27 11:09:21,190] Trial 10 finished with value: 79.87762451171875 and parameters: {'gradient_clip_val': 0.1629281647526469, 'hidden_size': 5, 'dropout': 0.10534279024985319, 'hidden_continuous_size': 5, 'attention_head_size': 4, 'learning_rate': 0.004684386921537567}. Best is trial 0 with value: 30.834321975708008.
[I 2023-12-27 11:09:21,589] Trial 11 finished with value: 55.54848098754883 and parameters: {'gradient_clip_val': 0.24045880395487856, 'hidden_size': 14, 'dropout': 0.3192425443249549, 'hidden_continuous_size': 6, 'attention_head_size': 1, 'learning_rate': 0.005403671262059895}. Best is trial 0 with value: 30.834321975708008.
[I 2023-12-27 11:09:21,981] Trial 12 finished with value: 70.56060028076172 and parameters: {'gradient_clip_val': 0.29039928072512133, 'hidden_size': 10, 'dropout': 0.3241783940233842, 'hidden_continuous_size': 6, 'attention_head_size': 2, 'learning_rate': 0.002850647540999372}. Best is trial 0 with value: 30.834321975708008.
[I 2023-12-27 11:09:22,370] Trial 13 finished with value: 66.2556381225586 and parameters: {'gradient_clip_val': 0.23563151714965855, 'hidden_size': 11, 'dropout': 0.3528652998976037, 'hidden_continuous_size': 5, 'attention_head_size': 1, 'learning_rate': 0.009570643545991965}. Best is trial 0 with value: 30.834321975708008.
[I 2023-12-27 11:09:23,000] Trial 14 finished with value: 71.93408966064453 and parameters: {'gradient_clip_val': 0.3495224112826509, 'hidden_size': 147, 'dropout': 0.26473549020939563, 'hidden_continuous_size': 92, 'attention_head_size': 2, 'learning_rate': 0.002430316771310205}. Best is trial 0 with value: 30.834321975708008.
[I 2023-12-27 11:09:23,364] Trial 15 finished with value: 61.175140380859375 and parameters: {'gradient_clip_val': 0.15209661157649457, 'hidden_size': 11, 'dropout': 0.3733903793130601, 'hidden_continuous_size': 6, 'attention_head_size': 3, 'learning_rate': 0.011739450714633065}. Best is trial 0 with value: 30.834321975708008.
[I 2023-12-27 11:09:23,724] Trial 16 finished with value: 78.49520111083984 and parameters: {'gradient_clip_val': 0.2186169657699625, 'hidden_size': 17, 'dropout': 0.28413290276163, 'hidden_continuous_size': 7, 'attention_head_size': 1, 'learning_rate': 0.05421599565428744}. Best is trial 0 with value: 30.834321975708008.
[I 2023-12-27 11:09:24,122] Trial 17 finished with value: 69.14234161376953 and parameters: {'gradient_clip_val': 0.1359915047448663, 'hidden_size': 7, 'dropout': 0.40839162237802423, 'hidden_continuous_size': 5, 'attention_head_size': 2, 'learning_rate': 0.042666148956231054}. Best is trial 0 with value: 30.834321975708008.
[I 2023-12-27 11:09:24,491] Trial 18 finished with value: 68.62541961669922 and parameters: {'gradient_clip_val': 0.3281144153920628, 'hidden_size': 17, 'dropout': 0.3458332767022198, 'hidden_continuous_size': 6, 'attention_head_size': 3, 'learning_rate': 0.014037039778225895}. Best is trial 0 with value: 30.834321975708008.
[I 2023-12-27 11:09:24,860] Trial 19 finished with value: 79.4819564819336 and parameters: {'gradient_clip_val': 0.18781275839710249, 'hidden_size': 7, 'dropout': 0.2641911337302041, 'hidden_continuous_size': 5, 'attention_head_size': 4, 'learning_rate': 0.009294061994350232}. Best is trial 0 with value: 30.834321975708008.
[I 2023-12-27 11:09:25,202] Trial 20 finished with value: 64.39044189453125 and parameters: {'gradient_clip_val': 0.2385674173360443, 'hidden_size': 16, 'dropout': 0.32886076425669636, 'hidden_continuous_size': 6, 'attention_head_size': 1, 'learning_rate': 0.03779373669990381}. Best is trial 0 with value: 30.834321975708008.
[I 2023-12-27 11:09:25,586] Trial 21 finished with value: 58.05952835083008 and parameters: {'gradient_clip_val': 0.15782438465124793, 'hidden_size': 10, 'dropout': 0.37689694772311005, 'hidden_continuous_size': 6, 'attention_head_size': 3, 'learning_rate': 0.013610395319402802}. Best is trial 0 with value: 30.834321975708008.
[I 2023-12-27 11:09:25,960] Trial 22 finished with value: 81.82476043701172 and parameters: {'gradient_clip_val': 0.13125061309139532, 'hidden_size': 7, 'dropout': 0.37321006059978534, 'hidden_continuous_size': 5, 'attention_head_size': 3, 'learning_rate': 0.017945332357242615}. Best is trial 0 with value: 30.834321975708008.
[I 2023-12-27 11:09:26,564] Trial 23 finished with value: 67.12738800048828 and parameters: {'gradient_clip_val': 0.17646853950939614, 'hidden_size': 9, 'dropout': 0.29933827736364355, 'hidden_continuous_size': 6, 'attention_head_size': 3, 'learning_rate': 0.0069631032463504374}. Best is trial 0 with value: 30.834321975708008.
[I 2023-12-27 11:09:26,901] Trial 24 finished with value: 69.9965591430664 and parameters: {'gradient_clip_val': 0.1378668442183501, 'hidden_size': 5, 'dropout': 0.4411678750220724, 'hidden_continuous_size': 5, 'attention_head_size': 2, 'learning_rate': 0.01632173573638446}. Best is trial 0 with value: 30.834321975708008.
[I 2023-12-27 11:09:27,276] Trial 25 finished with value: 69.00439453125 and parameters: {'gradient_clip_val': 0.20806497845604205, 'hidden_size': 14, 'dropout': 0.34906150235612043, 'hidden_continuous_size': 7, 'attention_head_size': 3, 'learning_rate': 0.03408315455908322}. Best is trial 0 with value: 30.834321975708008.
[I 2023-12-27 11:09:27,639] Trial 26 finished with value: 66.82953643798828 and parameters: {'gradient_clip_val': 0.2542317428053439, 'hidden_size': 8, 'dropout': 0.3945772885660995, 'hidden_continuous_size': 5, 'attention_head_size': 4, 'learning_rate': 0.05546412713798312}. Best is trial 0 with value: 30.834321975708008.
[I 2023-12-27 11:09:28,015] Trial 27 finished with value: 60.26808547973633 and parameters: {'gradient_clip_val': 0.16076892374288887, 'hidden_size': 13, 'dropout': 0.3203899885281745, 'hidden_continuous_size': 6, 'attention_head_size': 2, 'learning_rate': 0.010464825563830429}. Best is trial 0 with value: 30.834321975708008.
[I 2023-12-27 11:09:28,397] Trial 28 finished with value: 79.80087280273438 and parameters: {'gradient_clip_val': 0.1982956671222236, 'hidden_size': 21, 'dropout': 0.28497458878234466, 'hidden_continuous_size': 8, 'attention_head_size': 3, 'learning_rate': 0.02111225383578926}. Best is trial 0 with value: 30.834321975708008.
[I 2023-12-27 11:09:28,767] Trial 29 finished with value: 56.28622817993164 and parameters: {'gradient_clip_val': 0.27982487850896004, 'hidden_size': 9, 'dropout': 0.377988223704286, 'hidden_continuous_size': 6, 'attention_head_size': 3, 'learning_rate': 0.02483402995574838}. Best is trial 0 with value: 30.834321975708008.
[I 2023-12-27 11:09:29,125] Trial 30 finished with value: 70.95091247558594 and parameters: {'gradient_clip_val': 0.2980007176078267, 'hidden_size': 6, 'dropout': 0.4124743329527165, 'hidden_continuous_size': 5, 'attention_head_size': 3, 'learning_rate': 0.028192127620806286}. Best is trial 0 with value: 30.834321975708008.
[I 2023-12-27 11:09:29,503] Trial 31 finished with value: 64.32479095458984 and parameters: {'gradient_clip_val': 0.2509242342459914, 'hidden_size': 9, 'dropout': 0.37026152473309504, 'hidden_continuous_size': 6, 'attention_head_size': 3, 'learning_rate': 0.021174486100157507}. Best is trial 0 with value: 30.834321975708008.
[I 2023-12-27 11:09:29,888] Trial 32 finished with value: 65.3805160522461 and parameters: {'gradient_clip_val': 0.2735361299017461, 'hidden_size': 11, 'dropout': 0.39126769220819396, 'hidden_continuous_size': 6, 'attention_head_size': 3, 'learning_rate': 0.014860004360944411}. Best is trial 0 with value: 30.834321975708008.
[I 2023-12-27 11:09:30,256] Trial 33 finished with value: 75.20095825195312 and parameters: {'gradient_clip_val': 0.21712329339372113, 'hidden_size': 6, 'dropout': 0.33978286415955583, 'hidden_continuous_size': 5, 'attention_head_size': 3, 'learning_rate': 0.029445296449804818}. Best is trial 0 with value: 30.834321975708008.
[I 2023-12-27 11:09:30,620] Trial 34 finished with value: 72.09449005126953 and parameters: {'gradient_clip_val': 0.20719990449072684, 'hidden_size': 8, 'dropout': 0.3666168405198692, 'hidden_continuous_size': 6, 'attention_head_size': 4, 'learning_rate': 0.005933733457411413}. Best is trial 0 with value: 30.834321975708008.
[I 2023-12-27 11:09:30,993] Trial 35 finished with value: 79.54572296142578 and parameters: {'gradient_clip_val': 0.1171661025852416, 'hidden_size': 13, 'dropout': 0.3079044349033966, 'hidden_continuous_size': 7, 'attention_head_size': 2, 'learning_rate': 0.021058387264333858}. Best is trial 0 with value: 30.834321975708008.
[I 2023-12-27 11:09:31,610] Trial 36 finished with value: 67.95357513427734 and parameters: {'gradient_clip_val': 0.17753426186459942, 'hidden_size': 21, 'dropout': 0.4219543448054723, 'hidden_continuous_size': 8, 'attention_head_size': 3, 'learning_rate': 0.09815021719519511}. Best is trial 0 with value: 30.834321975708008.
