[I 2023-12-27 11:29:25,894] Trial 28 finished with value: 150.20265197753906 and parameters: {'gradient_clip_val': 0.12650348130281197, 'hidden_size': 68, 'dropout': 0.21241163263192686, 'hidden_continuous_size': 34, 'attention_head_size': 2, 'learning_rate': 0.0031575145576470433}. Best is trial 0 with value: 18.801542282104492.
[I 2023-12-27 11:29:26,577] Trial 29 finished with value: 157.93502807617188 and parameters: {'gradient_clip_val': 0.10057637453651498, 'hidden_size': 31, 'dropout': 0.12993249823849215, 'hidden_continuous_size': 23, 'attention_head_size': 3, 'learning_rate': 0.005867790252227291}. Best is trial 0 with value: 18.801542282104492.
[I 2023-12-27 11:29:26,980] Trial 30 finished with value: 195.3184356689453 and parameters: {'gradient_clip_val': 0.21709186069370542, 'hidden_size': 26, 'dropout': 0.16337356960196642, 'hidden_continuous_size': 19, 'attention_head_size': 1, 'learning_rate': 0.011337651747398427}. Best is trial 0 with value: 18.801542282104492.
[I 2023-12-27 11:29:27,542] Trial 31 finished with value: 160.9766082763672 and parameters: {'gradient_clip_val': 0.25952858209554186, 'hidden_size': 84, 'dropout': 0.2589196220975774, 'hidden_continuous_size': 41, 'attention_head_size': 2, 'learning_rate': 0.0005418440608796226}. Best is trial 0 with value: 18.801542282104492.
[I 2023-12-27 11:29:28,023] Trial 32 finished with value: 174.25364685058594 and parameters: {'gradient_clip_val': 0.2765413563757407, 'hidden_size': 77, 'dropout': 0.24088230092096893, 'hidden_continuous_size': 36, 'attention_head_size': 2, 'learning_rate': 0.001001427924392778}. Best is trial 0 with value: 18.801542282104492.
[I 2023-12-27 11:29:28,569] Trial 33 finished with value: 188.740966796875 and parameters: {'gradient_clip_val': 0.31544450980165734, 'hidden_size': 103, 'dropout': 0.12135400302521879, 'hidden_continuous_size': 38, 'attention_head_size': 3, 'learning_rate': 0.0006031222650338149}. Best is trial 0 with value: 18.801542282104492.
[I 2023-12-27 11:29:29,027] Trial 34 finished with value: 169.25587463378906 and parameters: {'gradient_clip_val': 0.18822389371315779, 'hidden_size': 58, 'dropout': 0.3294981043698521, 'hidden_continuous_size': 25, 'attention_head_size': 3, 'learning_rate': 0.0013078554628952225}. Best is trial 0 with value: 18.801542282104492.
[I 2023-12-27 11:29:29,627] Trial 35 finished with value: 130.1635284423828 and parameters: {'gradient_clip_val': 0.4639364044242583, 'hidden_size': 126, 'dropout': 0.21657969698699286, 'hidden_continuous_size': 61, 'attention_head_size': 2, 'learning_rate': 0.0008148566197249814}. Best is trial 0 with value: 18.801542282104492.
[I 2023-12-27 11:29:30,247] Trial 36 finished with value: 174.0394287109375 and parameters: {'gradient_clip_val': 0.4919447093019179, 'hidden_size': 131, 'dropout': 0.21508195620461334, 'hidden_continuous_size': 56, 'attention_head_size': 2, 'learning_rate': 0.002070133190972371}. Best is trial 0 with value: 18.801542282104492.
[I 2023-12-27 11:29:30,822] Trial 37 finished with value: 144.928955078125 and parameters: {'gradient_clip_val': 0.15930318413924466, 'hidden_size': 114, 'dropout': 0.19069031596253017, 'hidden_continuous_size': 76, 'attention_head_size': 3, 'learning_rate': 0.0009362018871619163}. Best is trial 0 with value: 18.801542282104492.
[I 2023-12-27 11:29:31,473] Trial 38 finished with value: 145.85708618164062 and parameters: {'gradient_clip_val': 0.46267977012571265, 'hidden_size': 147, 'dropout': 0.1758319109549143, 'hidden_continuous_size': 87, 'attention_head_size': 2, 'learning_rate': 0.0018297038551781386}. Best is trial 0 with value: 18.801542282104492.
[I 2023-12-27 11:29:31,973] Trial 39 finished with value: 95.5702896118164 and parameters: {'gradient_clip_val': 0.129027826298509, 'hidden_size': 88, 'dropout': 0.1436812752613308, 'hidden_continuous_size': 47, 'attention_head_size': 4, 'learning_rate': 0.0026395003788848032}. Best is trial 0 with value: 18.801542282104492.
[I 2023-12-27 11:29:32,510] Trial 40 finished with value: 136.52223205566406 and parameters: {'gradient_clip_val': 0.13178436359556245, 'hidden_size': 94, 'dropout': 0.14687810034898915, 'hidden_continuous_size': 48, 'attention_head_size': 4, 'learning_rate': 0.002467572191351732}. Best is trial 0 with value: 18.801542282104492.
[I 2023-12-27 11:29:33,031] Trial 41 finished with value: 134.19200134277344 and parameters: {'gradient_clip_val': 0.11211178651831312, 'hidden_size': 94, 'dropout': 0.11013112263062022, 'hidden_continuous_size': 45, 'attention_head_size': 4, 'learning_rate': 0.0015496837970608223}. Best is trial 0 with value: 18.801542282104492.
[I 2023-12-27 11:29:33,890] Trial 42 finished with value: 116.63732147216797 and parameters: {'gradient_clip_val': 0.11350361804266378, 'hidden_size': 123, 'dropout': 0.11737129541055305, 'hidden_continuous_size': 58, 'attention_head_size': 4, 'learning_rate': 0.0012828284073787618}. Best is trial 0 with value: 18.801542282104492.
[I 2023-12-27 11:29:34,367] Trial 43 finished with value: 200.62872314453125 and parameters: {'gradient_clip_val': 0.11508939097907306, 'hidden_size': 66, 'dropout': 0.12456930966234661, 'hidden_continuous_size': 40, 'attention_head_size': 4, 'learning_rate': 0.002440496410988599}. Best is trial 0 with value: 18.801542282104492.
[I 2023-12-27 11:29:34,916] Trial 44 finished with value: 144.8719482421875 and parameters: {'gradient_clip_val': 0.12419912267583956, 'hidden_size': 105, 'dropout': 0.15057047990380903, 'hidden_continuous_size': 51, 'attention_head_size': 4, 'learning_rate': 0.003596705014615123}. Best is trial 0 with value: 18.801542282104492.
[I 2023-12-27 11:29:35,416] Trial 45 finished with value: 166.7451934814453 and parameters: {'gradient_clip_val': 0.10880912574289707, 'hidden_size': 72, 'dropout': 0.11578331675320663, 'hidden_continuous_size': 45, 'attention_head_size': 4, 'learning_rate': 0.0016969205857600767}. Best is trial 0 with value: 18.801542282104492.
[I 2023-12-27 11:29:35,870] Trial 46 finished with value: 140.66766357421875 and parameters: {'gradient_clip_val': 0.13717105413366157, 'hidden_size': 51, 'dropout': 0.173556945325475, 'hidden_continuous_size': 31, 'attention_head_size': 4, 'learning_rate': 0.0011904373560090015}. Best is trial 0 with value: 18.801542282104492.
[I 2023-12-27 11:29:36,398] Trial 47 finished with value: 157.65879821777344 and parameters: {'gradient_clip_val': 0.154847632321096, 'hidden_size': 92, 'dropout': 0.10281635684300343, 'hidden_continuous_size': 53, 'attention_head_size': 4, 'learning_rate': 0.002009248586666226}. Best is trial 0 with value: 18.801542282104492.
[I 2023-12-27 11:29:36,994] Trial 48 finished with value: 149.7353973388672 and parameters: {'gradient_clip_val': 0.10012007057085016, 'hidden_size': 116, 'dropout': 0.14031169246362518, 'hidden_continuous_size': 63, 'attention_head_size': 4, 'learning_rate': 0.026265959649695577}. Best is trial 0 with value: 18.801542282104492.
[I 2023-12-27 11:29:37,457] Trial 49 finished with value: 186.5347900390625 and parameters: {'gradient_clip_val': 0.14354534174463437, 'hidden_size': 59, 'dropout': 0.1586797937723939, 'hidden_continuous_size': 36, 'attention_head_size': 4, 'learning_rate': 0.0070522692219426395}. Best is trial 0 with value: 18.801542282104492.
[I 2023-12-27 11:29:37,573] A new study created in memory with name: no-name-5bd36f8d-4e2b-45d2-ba74-3d1e92f32a27
/home/le004/conda/anaconda3/envs/tsff_env/lib/python3.9/site-packages/lightning/fabric/plugins/environments/slurm.py:191: The `srun` command is available on your system but is not used. HINT: If your intention is to run Lightning on SLURM, prepend your python command with `srun` like so: srun python /home/le004/master_thesis/git/TSFusionForecast/code/ ...
[I 2023-12-27 11:30:09,822] Trial 0 finished with value: 0.7837346196174622 and parameters: {'gradient_clip_val': 0.6312633187178275, 'hidden_size': 9, 'dropout': 0.1709033696162367, 'hidden_continuous_size': 8, 'attention_head_size': 3, 'learning_rate': 0.006754166109459577}. Best is trial 0 with value: 0.7837346196174622.
[I 2023-12-27 11:30:14,674] Trial 1 finished with value: 2.1071250438690186 and parameters: {'gradient_clip_val': 0.4744502627501522, 'hidden_size': 5, 'dropout': 0.42019315347755426, 'hidden_continuous_size': 5, 'attention_head_size': 4, 'learning_rate': 0.0006128069294583961}. Best is trial 0 with value: 0.7837346196174622.
[I 2023-12-27 11:30:15,044] Trial 2 finished with value: 2.2861974239349365 and parameters: {'gradient_clip_val': 0.6338876516298114, 'hidden_size': 10, 'dropout': 0.3030830237045724, 'hidden_continuous_size': 5, 'attention_head_size': 4, 'learning_rate': 0.00743826616959569}. Best is trial 0 with value: 0.7837346196174622.
[I 2023-12-27 11:30:15,632] Trial 3 finished with value: 1.5809475183486938 and parameters: {'gradient_clip_val': 0.9765822030943814, 'hidden_size': 9, 'dropout': 0.13437568606280195, 'hidden_continuous_size': 6, 'attention_head_size': 4, 'learning_rate': 0.004143654526163738}. Best is trial 0 with value: 0.7837346196174622.
[I 2023-12-27 11:30:16,073] Trial 4 finished with value: 1.827983021736145 and parameters: {'gradient_clip_val': 0.23397723257982828, 'hidden_size': 67, 'dropout': 0.12639454299480168, 'hidden_continuous_size': 5, 'attention_head_size': 4, 'learning_rate': 0.028097929812826442}. Best is trial 0 with value: 0.7837346196174622.
[I 2023-12-27 11:30:16,450] Trial 5 finished with value: 1.8047466278076172 and parameters: {'gradient_clip_val': 0.5503806961513771, 'hidden_size': 27, 'dropout': 0.13512134541918808, 'hidden_continuous_size': 21, 'attention_head_size': 3, 'learning_rate': 0.0013365242264200053}. Best is trial 0 with value: 0.7837346196174622.
[I 2023-12-27 11:30:16,890] Trial 6 finished with value: 1.9548875093460083 and parameters: {'gradient_clip_val': 0.24900583272697183, 'hidden_size': 74, 'dropout': 0.10208741893815027, 'hidden_continuous_size': 6, 'attention_head_size': 4, 'learning_rate': 0.0735597866624287}. Best is trial 0 with value: 0.7837346196174622.
[I 2023-12-27 11:30:17,451] Trial 7 finished with value: 1.9118719100952148 and parameters: {'gradient_clip_val': 0.8814900670681607, 'hidden_size': 122, 'dropout': 0.18063424184488414, 'hidden_continuous_size': 109, 'attention_head_size': 1, 'learning_rate': 0.008383035952220326}. Best is trial 0 with value: 0.7837346196174622.
[I 2023-12-27 11:30:17,764] Trial 8 finished with value: 1.617471694946289 and parameters: {'gradient_clip_val': 0.2336650026684269, 'hidden_size': 5, 'dropout': 0.290792506126599, 'hidden_continuous_size': 5, 'attention_head_size': 4, 'learning_rate': 0.0214284248476206}. Best is trial 0 with value: 0.7837346196174622.
[I 2023-12-27 11:30:18,317] Trial 9 finished with value: 1.677473545074463 and parameters: {'gradient_clip_val': 0.11695842791991894, 'hidden_size': 141, 'dropout': 0.4468127641330085, 'hidden_continuous_size': 33, 'attention_head_size': 2, 'learning_rate': 0.001290759246977854}. Best is trial 0 with value: 0.7837346196174622.
[I 2023-12-27 11:30:18,690] Trial 10 finished with value: 2.038912534713745 and parameters: {'gradient_clip_val': 0.48605946833040137, 'hidden_size': 19, 'dropout': 0.21539379952684212, 'hidden_continuous_size': 8, 'attention_head_size': 2, 'learning_rate': 0.003112859610561108}. Best is trial 0 with value: 0.7837346196174622.
[I 2023-12-27 11:30:19,069] Trial 11 finished with value: 2.2429916858673096 and parameters: {'gradient_clip_val': 0.9885340590568789, 'hidden_size': 10, 'dropout': 0.21407493438671205, 'hidden_continuous_size': 6, 'attention_head_size': 3, 'learning_rate': 0.0038718885169541153}. Best is trial 0 with value: 0.7837346196174622.
[I 2023-12-27 11:30:19,445] Trial 12 finished with value: 1.6748372316360474 and parameters: {'gradient_clip_val': 0.783764945292533, 'hidden_size': 10, 'dropout': 0.16827096577646, 'hidden_continuous_size': 7, 'attention_head_size': 3, 'learning_rate': 0.012017710841434775}. Best is trial 0 with value: 0.7837346196174622.
[I 2023-12-27 11:30:19,814] Trial 13 finished with value: 2.20009183883667 and parameters: {'gradient_clip_val': 0.9947393234174083, 'hidden_size': 18, 'dropout': 0.10089034652189094, 'hidden_continuous_size': 7, 'attention_head_size': 3, 'learning_rate': 0.0035711906627866924}. Best is trial 0 with value: 0.7837346196174622.
[I 2023-12-27 11:30:20,178] Trial 14 finished with value: 1.5177541971206665 and parameters: {'gradient_clip_val': 0.6751397151218904, 'hidden_size': 7, 'dropout': 0.2414445974907653, 'hidden_continuous_size': 5, 'attention_head_size': 2, 'learning_rate': 0.00529940622882931}. Best is trial 0 with value: 0.7837346196174622.
[I 2023-12-27 11:30:20,541] Trial 15 finished with value: 1.2860647439956665 and parameters: {'gradient_clip_val': 0.3840643773777414, 'hidden_size': 6, 'dropout': 0.25946297124094314, 'hidden_continuous_size': 5, 'attention_head_size': 1, 'learning_rate': 0.013924814658294598}. Best is trial 0 with value: 0.7837346196174622.
[I 2023-12-27 11:30:20,900] Trial 16 finished with value: 2.495009422302246 and parameters: {'gradient_clip_val': 0.38858021202191123, 'hidden_size': 7, 'dropout': 0.28414649382966806, 'hidden_continuous_size': 5, 'attention_head_size': 1, 'learning_rate': 0.013065304838060569}. Best is trial 0 with value: 0.7837346196174622.
[I 2023-12-27 11:30:21,543] Trial 17 finished with value: 2.458209991455078 and parameters: {'gradient_clip_val': 0.3453763984468451, 'hidden_size': 15, 'dropout': 0.36172593352624627, 'hidden_continuous_size': 6, 'attention_head_size': 1, 'learning_rate': 0.03113064116555491}. Best is trial 0 with value: 0.7837346196174622.
[I 2023-12-27 11:30:21,873] Trial 18 finished with value: 1.646612524986267 and parameters: {'gradient_clip_val': 0.4080988793563384, 'hidden_size': 5, 'dropout': 0.24836629811215305, 'hidden_continuous_size': 5, 'attention_head_size': 2, 'learning_rate': 0.07225075566084783}. Best is trial 0 with value: 0.7837346196174622.
[I 2023-12-27 11:30:22,260] Trial 19 finished with value: 2.0187363624572754 and parameters: {'gradient_clip_val': 0.6808650754461124, 'hidden_size': 30, 'dropout': 0.4863409659559205, 'hidden_continuous_size': 9, 'attention_head_size': 1, 'learning_rate': 0.012608166206028382}. Best is trial 0 with value: 0.7837346196174622.
[I 2023-12-27 11:30:22,635] Trial 20 finished with value: 2.169313430786133 and parameters: {'gradient_clip_val': 0.3087830230492477, 'hidden_size': 14, 'dropout': 0.1824386429818599, 'hidden_continuous_size': 7, 'attention_head_size': 2, 'learning_rate': 0.019590587665650604}. Best is trial 0 with value: 0.7837346196174622.
[I 2023-12-27 11:30:23,007] Trial 21 finished with value: 2.111152410507202 and parameters: {'gradient_clip_val': 0.6832901114688366, 'hidden_size': 7, 'dropout': 0.24134066620036637, 'hidden_continuous_size': 5, 'attention_head_size': 2, 'learning_rate': 0.005879350827442653}. Best is trial 0 with value: 0.7837346196174622.
[I 2023-12-27 11:30:23,386] Trial 22 finished with value: 1.5868111848831177 and parameters: {'gradient_clip_val': 0.5655843460644515, 'hidden_size': 7, 'dropout': 0.2543550382693095, 'hidden_continuous_size': 5, 'attention_head_size': 3, 'learning_rate': 0.005991362632693274}. Best is trial 0 with value: 0.7837346196174622.
[I 2023-12-27 11:30:23,756] Trial 23 finished with value: 1.850325584411621 and parameters: {'gradient_clip_val': 0.7297134397948395, 'hidden_size': 7, 'dropout': 0.3415060124970424, 'hidden_continuous_size': 5, 'attention_head_size': 1, 'learning_rate': 0.009456016718948915}. Best is trial 0 with value: 0.7837346196174622.
[I 2023-12-27 11:30:24,091] Trial 24 finished with value: 1.782092571258545 and parameters: {'gradient_clip_val': 0.5711160820785097, 'hidden_size': 5, 'dropout': 0.21193643634945955, 'hidden_continuous_size': 5, 'attention_head_size': 2, 'learning_rate': 0.0061912234602351}. Best is trial 0 with value: 0.7837346196174622.
[I 2023-12-27 11:30:24,466] Trial 25 finished with value: 1.936388611793518 and parameters: {'gradient_clip_val': 0.755379571212834, 'hidden_size': 13, 'dropout': 0.26983050677423914, 'hidden_continuous_size': 6, 'attention_head_size': 3, 'learning_rate': 0.002440491825635484}. Best is trial 0 with value: 0.7837346196174622.
[I 2023-12-27 11:30:24,832] Trial 26 finished with value: 1.817463755607605 and parameters: {'gradient_clip_val': 0.47675427233951306, 'hidden_size': 8, 'dropout': 0.23383141716688205, 'hidden_continuous_size': 5, 'attention_head_size': 1, 'learning_rate': 0.014792912870102301}. Best is trial 0 with value: 0.7837346196174622.
[I 2023-12-27 11:30:25,205] Trial 27 finished with value: 2.78153920173645 and parameters: {'gradient_clip_val': 0.8216130292167615, 'hidden_size': 6, 'dropout': 0.3187164922836835, 'hidden_continuous_size': 5, 'attention_head_size': 2, 'learning_rate': 0.008989204244140634}. Best is trial 0 with value: 0.7837346196174622.
[I 2023-12-27 11:30:25,575] Trial 28 finished with value: 1.6501960754394531 and parameters: {'gradient_clip_val': 0.6313386462286351, 'hidden_size': 11, 'dropout': 0.2674384817313121, 'hidden_continuous_size': 6, 'attention_head_size': 3, 'learning_rate': 0.005111415458400211}. Best is trial 0 with value: 0.7837346196174622.
[I 2023-12-27 11:30:25,932] Trial 29 finished with value: 1.6392124891281128 and parameters: {'gradient_clip_val': 0.4916270834424242, 'hidden_size': 6, 'dropout': 0.37325667272897356, 'hidden_continuous_size': 5, 'attention_head_size': 2, 'learning_rate': 0.0023803109199818807}. Best is trial 0 with value: 0.7837346196174622.
[I 2023-12-27 11:30:26,286] Trial 30 finished with value: 2.2710084915161133 and parameters: {'gradient_clip_val': 0.4274390721134969, 'hidden_size': 8, 'dropout': 0.1929066032229875, 'hidden_continuous_size': 5, 'attention_head_size': 1, 'learning_rate': 0.0006932624988441333}. Best is trial 0 with value: 0.7837346196174622.
[I 2023-12-27 11:30:26,909] Trial 31 finished with value: 1.6202856302261353 and parameters: {'gradient_clip_val': 0.8431371550654811, 'hidden_size': 9, 'dropout': 0.15166453981550237, 'hidden_continuous_size': 6, 'attention_head_size': 4, 'learning_rate': 0.0046612270016429215}. Best is trial 0 with value: 0.7837346196174622.
[I 2023-12-27 11:30:27,286] Trial 32 finished with value: 1.8523670434951782 and parameters: {'gradient_clip_val': 0.6141402177271635, 'hidden_size': 11, 'dropout': 0.14737127270701167, 'hidden_continuous_size': 6, 'attention_head_size': 4, 'learning_rate': 0.00772309865233047}. Best is trial 0 with value: 0.7837346196174622.
[I 2023-12-27 11:30:27,681] Trial 33 finished with value: 1.5753477811813354 and parameters: {'gradient_clip_val': 0.8937660892513161, 'hidden_size': 9, 'dropout': 0.16540852185814622, 'hidden_continuous_size': 6, 'attention_head_size': 4, 'learning_rate': 0.005186886019723508}. Best is trial 0 with value: 0.7837346196174622.
[I 2023-12-27 11:30:28,054] Trial 34 finished with value: 2.027055501937866 and parameters: {'gradient_clip_val': 0.7184195199539236, 'hidden_size': 6, 'dropout': 0.20583602218511587, 'hidden_continuous_size': 5, 'attention_head_size': 4, 'learning_rate': 0.007370580764837396}. Best is trial 0 with value: 0.7837346196174622.
[I 2023-12-27 11:30:28,440] Trial 35 finished with value: 1.5923172235488892 and parameters: {'gradient_clip_val': 0.8292238227205676, 'hidden_size': 9, 'dropout': 0.16360380670362792, 'hidden_continuous_size': 6, 'attention_head_size': 3, 'learning_rate': 0.004897320760469371}. Best is trial 0 with value: 0.7837346196174622.
[I 2023-12-27 11:30:28,835] Trial 36 finished with value: 1.8872185945510864 and parameters: {'gradient_clip_val': 0.63081369016642, 'hidden_size': 12, 'dropout': 0.22593295933226604, 'hidden_continuous_size': 7, 'attention_head_size': 4, 'learning_rate': 0.01014433826562465}. Best is trial 0 with value: 0.7837346196174622.
[I 2023-12-27 11:30:29,170] Trial 37 finished with value: 1.9271926879882812 and parameters: {'gradient_clip_val': 0.5416898861479945, 'hidden_size': 5, 'dropout': 0.18960523715961158, 'hidden_continuous_size': 5, 'attention_head_size': 3, 'learning_rate': 0.0066807075781371746}. Best is trial 0 with value: 0.7837346196174622.
[I 2023-12-27 11:30:29,543] Trial 38 finished with value: 1.5508676767349243 and parameters: {'gradient_clip_val': 0.9253343657183956, 'hidden_size': 8, 'dropout': 0.1720859130011389, 'hidden_continuous_size': 6, 'attention_head_size': 4, 'learning_rate': 0.0031456435009354763}. Best is trial 0 with value: 0.7837346196174622.
[I 2023-12-27 11:30:29,913] Trial 39 finished with value: 2.2417800426483154 and parameters: {'gradient_clip_val': 0.731200505503622, 'hidden_size': 6, 'dropout': 0.12501226976908741, 'hidden_continuous_size': 5, 'attention_head_size': 2, 'learning_rate': 0.0028245489586874346}. Best is trial 0 with value: 0.7837346196174622.
[I 2023-12-27 11:30:30,300] Trial 40 finished with value: 1.4788259267807007 and parameters: {'gradient_clip_val': 0.8651165629257344, 'hidden_size': 8, 'dropout': 0.2335426499224592, 'hidden_continuous_size': 6, 'attention_head_size': 1, 'learning_rate': 0.0019943894427766583}. Best is trial 0 with value: 0.7837346196174622.
[I 2023-12-27 11:30:30,662] Trial 41 finished with value: 1.717587947845459 and parameters: {'gradient_clip_val': 0.902521495480758, 'hidden_size': 8, 'dropout': 0.22403501583118043, 'hidden_continuous_size': 6, 'attention_head_size': 1, 'learning_rate': 0.0018410974402450226}. Best is trial 0 with value: 0.7837346196174622.
[I 2023-12-27 11:30:31,023] Trial 42 finished with value: 1.747069239616394 and parameters: {'gradient_clip_val': 0.9436194765724439, 'hidden_size': 11, 'dropout': 0.1979265947767258, 'hidden_continuous_size': 8, 'attention_head_size': 1, 'learning_rate': 0.003695197754986133}. Best is trial 0 with value: 0.7837346196174622.
