[I 2023-12-27 10:59:42,720] Trial 39 finished with value: 435.1790771484375 and parameters: {'gradient_clip_val': 0.2612402622902781, 'hidden_size': 39, 'dropout': 0.12349488742699366, 'hidden_continuous_size': 5, 'attention_head_size': 3, 'learning_rate': 0.0016006227071483099}. Best is trial 0 with value: 358.1007080078125.
[I 2023-12-27 10:59:43,206] Trial 40 finished with value: 429.0738220214844 and parameters: {'gradient_clip_val': 0.9949146094483905, 'hidden_size': 110, 'dropout': 0.1763280251487358, 'hidden_continuous_size': 9, 'attention_head_size': 4, 'learning_rate': 0.0031736748632777544}. Best is trial 0 with value: 358.1007080078125.
[I 2023-12-27 10:59:43,617] Trial 41 finished with value: 546.423583984375 and parameters: {'gradient_clip_val': 0.49154845938487357, 'hidden_size': 65, 'dropout': 0.1386724062583282, 'hidden_continuous_size': 5, 'attention_head_size': 3, 'learning_rate': 0.0020480673416469653}. Best is trial 0 with value: 358.1007080078125.
[I 2023-12-27 10:59:44,056] Trial 42 finished with value: 465.86376953125 and parameters: {'gradient_clip_val': 0.528779956704122, 'hidden_size': 81, 'dropout': 0.14852612225701528, 'hidden_continuous_size': 12, 'attention_head_size': 3, 'learning_rate': 0.004885757955517015}. Best is trial 0 with value: 358.1007080078125.
[I 2023-12-27 10:59:44,470] Trial 43 finished with value: 461.7138671875 and parameters: {'gradient_clip_val': 0.5361393078211499, 'hidden_size': 63, 'dropout': 0.1180793706046854, 'hidden_continuous_size': 7, 'attention_head_size': 2, 'learning_rate': 0.002282811389141781}. Best is trial 0 with value: 358.1007080078125.
[I 2023-12-27 10:59:44,864] Trial 44 finished with value: 516.5422973632812 and parameters: {'gradient_clip_val': 0.7226692698657243, 'hidden_size': 49, 'dropout': 0.1900475015560201, 'hidden_continuous_size': 5, 'attention_head_size': 3, 'learning_rate': 0.0028244358486764465}. Best is trial 0 with value: 358.1007080078125.
[I 2023-12-27 10:59:45,251] Trial 45 finished with value: 473.8231506347656 and parameters: {'gradient_clip_val': 0.35771307303107275, 'hidden_size': 42, 'dropout': 0.13172475530768515, 'hidden_continuous_size': 6, 'attention_head_size': 3, 'learning_rate': 0.0074015243343901315}. Best is trial 0 with value: 358.1007080078125.
[I 2023-12-27 10:59:45,703] Trial 46 finished with value: 534.6608276367188 and parameters: {'gradient_clip_val': 0.5964140279919659, 'hidden_size': 91, 'dropout': 0.17358978604169084, 'hidden_continuous_size': 9, 'attention_head_size': 1, 'learning_rate': 0.00132581794385484}. Best is trial 0 with value: 358.1007080078125.
[I 2023-12-27 10:59:46,056] Trial 47 finished with value: 424.9133605957031 and parameters: {'gradient_clip_val': 0.8372458998671629, 'hidden_size': 13, 'dropout': 0.15693782540734888, 'hidden_continuous_size': 5, 'attention_head_size': 3, 'learning_rate': 0.0020211675680225747}. Best is trial 0 with value: 358.1007080078125.
[I 2023-12-27 10:59:46,484] Trial 48 finished with value: 540.5935668945312 and parameters: {'gradient_clip_val': 0.73657664402211, 'hidden_size': 74, 'dropout': 0.1885616994629534, 'hidden_continuous_size': 7, 'attention_head_size': 2, 'learning_rate': 0.0026598827903924305}. Best is trial 0 with value: 358.1007080078125.
[I 2023-12-27 10:59:46,836] Trial 49 finished with value: 501.7110900878906 and parameters: {'gradient_clip_val': 0.6666111452784959, 'hidden_size': 6, 'dropout': 0.12242019474604314, 'hidden_continuous_size': 5, 'attention_head_size': 3, 'learning_rate': 0.0008684171960845075}. Best is trial 0 with value: 358.1007080078125.
[I 2023-12-27 10:59:46,942] A new study created in memory with name: no-name-c1329fa0-66f7-4b58-aca8-a6577e3f81c8
/home/le004/conda/anaconda3/envs/tsff_env/lib/python3.9/site-packages/lightning/fabric/plugins/environments/slurm.py:191: The `srun` command is available on your system but is not used. HINT: If your intention is to run Lightning on SLURM, prepend your python command with `srun` like so: srun python /home/le004/master_thesis/git/TSFusionForecast/code/ ...
[I 2023-12-27 11:00:23,956] Trial 0 finished with value: 233.9347381591797 and parameters: {'gradient_clip_val': 0.8826403640731548, 'hidden_size': 110, 'dropout': 0.36163215855399555, 'hidden_continuous_size': 110, 'attention_head_size': 2, 'learning_rate': 0.0491417435334793}. Best is trial 0 with value: 233.9347381591797.
[I 2023-12-27 11:00:24,364] Trial 1 finished with value: 826.4121704101562 and parameters: {'gradient_clip_val': 0.420698305656881, 'hidden_size': 58, 'dropout': 0.19703693672918343, 'hidden_continuous_size': 40, 'attention_head_size': 1, 'learning_rate': 0.000612614834169375}. Best is trial 0 with value: 233.9347381591797.
[I 2023-12-27 11:00:24,698] Trial 2 finished with value: 763.6199340820312 and parameters: {'gradient_clip_val': 0.43896104105291583, 'hidden_size': 18, 'dropout': 0.43653506012035126, 'hidden_continuous_size': 14, 'attention_head_size': 2, 'learning_rate': 0.04436654647783788}. Best is trial 0 with value: 233.9347381591797.
[I 2023-12-27 11:00:25,009] Trial 3 finished with value: 596.4246215820312 and parameters: {'gradient_clip_val': 0.13365636123869934, 'hidden_size': 5, 'dropout': 0.26436182081491466, 'hidden_continuous_size': 5, 'attention_head_size': 4, 'learning_rate': 0.017496847296914624}. Best is trial 0 with value: 233.9347381591797.
[I 2023-12-27 11:00:25,313] Trial 4 finished with value: 798.08349609375 and parameters: {'gradient_clip_val': 0.30019834834300807, 'hidden_size': 7, 'dropout': 0.20454385406048534, 'hidden_continuous_size': 7, 'attention_head_size': 1, 'learning_rate': 0.019457426031196625}. Best is trial 0 with value: 233.9347381591797.
[I 2023-12-27 11:00:25,655] Trial 5 finished with value: 600.2614135742188 and parameters: {'gradient_clip_val': 0.14120200427871207, 'hidden_size': 14, 'dropout': 0.1773726232414611, 'hidden_continuous_size': 6, 'attention_head_size': 3, 'learning_rate': 0.03149950502890559}. Best is trial 0 with value: 233.9347381591797.
[I 2023-12-27 11:00:26,099] Trial 6 finished with value: 772.6682739257812 and parameters: {'gradient_clip_val': 0.11418837174814732, 'hidden_size': 73, 'dropout': 0.19911002246448334, 'hidden_continuous_size': 65, 'attention_head_size': 3, 'learning_rate': 0.01253227906759058}. Best is trial 0 with value: 233.9347381591797.
[I 2023-12-27 11:00:26,492] Trial 7 finished with value: 615.8284912109375 and parameters: {'gradient_clip_val': 0.7146955713329437, 'hidden_size': 45, 'dropout': 0.24993953539566705, 'hidden_continuous_size': 40, 'attention_head_size': 4, 'learning_rate': 0.030464379161668456}. Best is trial 0 with value: 233.9347381591797.
[I 2023-12-27 11:00:26,846] Trial 8 finished with value: 807.5185546875 and parameters: {'gradient_clip_val': 0.11907851419498833, 'hidden_size': 25, 'dropout': 0.1223281327536582, 'hidden_continuous_size': 21, 'attention_head_size': 1, 'learning_rate': 0.0009828665240724215}. Best is trial 0 with value: 233.9347381591797.
[I 2023-12-27 11:00:27,213] Trial 9 finished with value: 699.5130004882812 and parameters: {'gradient_clip_val': 0.5729458633421782, 'hidden_size': 52, 'dropout': 0.49139452929159877, 'hidden_continuous_size': 28, 'attention_head_size': 1, 'learning_rate': 0.0711901192748436}. Best is trial 0 with value: 233.9347381591797.
[I 2023-12-27 11:00:27,820] Trial 10 finished with value: 881.7321166992188 and parameters: {'gradient_clip_val': 0.7798279287463261, 'hidden_size': 143, 'dropout': 0.3517403350872919, 'hidden_continuous_size': 120, 'attention_head_size': 2, 'learning_rate': 0.09100675482793599}. Best is trial 0 with value: 233.9347381591797.
[I 2023-12-27 11:00:28,137] Trial 11 finished with value: 846.5812377929688 and parameters: {'gradient_clip_val': 0.20654722693558816, 'hidden_size': 5, 'dropout': 0.32934254731680446, 'hidden_continuous_size': 5, 'attention_head_size': 4, 'learning_rate': 0.00795871937756637}. Best is trial 0 with value: 233.9347381591797.
[I 2023-12-27 11:00:28,695] Trial 12 finished with value: 637.9623413085938 and parameters: {'gradient_clip_val': 0.9293609828230293, 'hidden_size': 11, 'dropout': 0.32159358169321717, 'hidden_continuous_size': 5, 'attention_head_size': 3, 'learning_rate': 0.003295567442596541}. Best is trial 0 with value: 233.9347381591797.
[I 2023-12-27 11:00:29,062] Trial 13 finished with value: 774.1626586914062 and parameters: {'gradient_clip_val': 0.20878378723765162, 'hidden_size': 9, 'dropout': 0.278492940822993, 'hidden_continuous_size': 5, 'attention_head_size': 2, 'learning_rate': 0.017752405994823233}. Best is trial 0 with value: 233.9347381591797.
[I 2023-12-27 11:00:29,441] Trial 14 finished with value: 786.0458374023438 and parameters: {'gradient_clip_val': 0.9781383105765431, 'hidden_size': 27, 'dropout': 0.36611787969743587, 'hidden_continuous_size': 9, 'attention_head_size': 4, 'learning_rate': 0.055445775387694324}. Best is trial 0 with value: 233.9347381591797.
[I 2023-12-27 11:00:29,775] Trial 15 finished with value: 636.0613403320312 and parameters: {'gradient_clip_val': 0.29480787485651627, 'hidden_size': 5, 'dropout': 0.2774155665907187, 'hidden_continuous_size': 5, 'attention_head_size': 3, 'learning_rate': 0.09145332950823558}. Best is trial 0 with value: 233.9347381591797.
[I 2023-12-27 11:00:30,123] Trial 16 finished with value: 747.2636108398438 and parameters: {'gradient_clip_val': 0.5855528622898409, 'hidden_size': 8, 'dropout': 0.3837959896810691, 'hidden_continuous_size': 5, 'attention_head_size': 2, 'learning_rate': 0.005607013481009234}. Best is trial 0 with value: 233.9347381591797.
[I 2023-12-27 11:00:30,600] Trial 17 finished with value: 807.432861328125 and parameters: {'gradient_clip_val': 0.1003448721443513, 'hidden_size': 92, 'dropout': 0.41426802584981975, 'hidden_continuous_size': 12, 'attention_head_size': 4, 'learning_rate': 0.03569291370074039}. Best is trial 0 with value: 233.9347381591797.
[I 2023-12-27 11:00:30,985] Trial 18 finished with value: 657.9319458007812 and parameters: {'gradient_clip_val': 0.16366448015551638, 'hidden_size': 35, 'dropout': 0.3267455244286277, 'hidden_continuous_size': 8, 'attention_head_size': 3, 'learning_rate': 0.019805008432822287}. Best is trial 0 with value: 233.9347381591797.
[I 2023-12-27 11:00:31,354] Trial 19 finished with value: 666.7237548828125 and parameters: {'gradient_clip_val': 0.23371076926784634, 'hidden_size': 19, 'dropout': 0.3001478970203363, 'hidden_continuous_size': 6, 'attention_head_size': 2, 'learning_rate': 0.0495440565953853}. Best is trial 0 with value: 233.9347381591797.
[I 2023-12-27 11:00:31,848] Trial 20 finished with value: 788.85791015625 and parameters: {'gradient_clip_val': 0.389608767910956, 'hidden_size': 112, 'dropout': 0.24292625867727147, 'hidden_continuous_size': 17, 'attention_head_size': 4, 'learning_rate': 0.011913783067303884}. Best is trial 0 with value: 233.9347381591797.
[I 2023-12-27 11:00:32,203] Trial 21 finished with value: 680.8502807617188 and parameters: {'gradient_clip_val': 0.15099318215462298, 'hidden_size': 13, 'dropout': 0.13577386231401695, 'hidden_continuous_size': 6, 'attention_head_size': 3, 'learning_rate': 0.033114986162388005}. Best is trial 0 with value: 233.9347381591797.
[I 2023-12-27 11:00:32,575] Trial 22 finished with value: 692.298095703125 and parameters: {'gradient_clip_val': 0.1418562242422706, 'hidden_size': 14, 'dropout': 0.15528835408709685, 'hidden_continuous_size': 6, 'attention_head_size': 3, 'learning_rate': 0.02582670813338023}. Best is trial 0 with value: 233.9347381591797.
[I 2023-12-27 11:00:32,941] Trial 23 finished with value: 808.1820678710938 and parameters: {'gradient_clip_val': 0.17412288067893864, 'hidden_size': 7, 'dropout': 0.16630652539915855, 'hidden_continuous_size': 5, 'attention_head_size': 2, 'learning_rate': 0.05626776989387408}. Best is trial 0 with value: 233.9347381591797.
[I 2023-12-27 11:00:33,312] Trial 24 finished with value: 708.4310913085938 and parameters: {'gradient_clip_val': 0.13372265418333462, 'hidden_size': 10, 'dropout': 0.1131827092056093, 'hidden_continuous_size': 6, 'attention_head_size': 4, 'learning_rate': 0.03628932325713641}. Best is trial 0 with value: 233.9347381591797.
[I 2023-12-27 11:00:33,975] Trial 25 finished with value: 703.89013671875 and parameters: {'gradient_clip_val': 0.254961291372643, 'hidden_size': 72, 'dropout': 0.23915724415311207, 'hidden_continuous_size': 11, 'attention_head_size': 3, 'learning_rate': 0.06063674522085236}. Best is trial 0 with value: 233.9347381591797.
[I 2023-12-27 11:00:34,363] Trial 26 finished with value: 682.7373046875 and parameters: {'gradient_clip_val': 0.17694700133624952, 'hidden_size': 35, 'dropout': 0.10182752515232443, 'hidden_continuous_size': 10, 'attention_head_size': 2, 'learning_rate': 0.02350068821366158}. Best is trial 0 with value: 233.9347381591797.
[I 2023-12-27 11:00:34,718] Trial 27 finished with value: 736.3969116210938 and parameters: {'gradient_clip_val': 0.12956167292417872, 'hidden_size': 6, 'dropout': 0.28390079029954274, 'hidden_continuous_size': 5, 'attention_head_size': 3, 'learning_rate': 0.014390426732698736}. Best is trial 0 with value: 233.9347381591797.
[I 2023-12-27 11:00:35,080] Trial 28 finished with value: 639.4208984375 and parameters: {'gradient_clip_val': 0.10713314344624343, 'hidden_size': 15, 'dropout': 0.2244570659248245, 'hidden_continuous_size': 7, 'attention_head_size': 4, 'learning_rate': 0.027104018507207218}. Best is trial 0 with value: 233.9347381591797.
[I 2023-12-27 11:00:35,453] Trial 29 finished with value: 639.7298583984375 and parameters: {'gradient_clip_val': 0.1854631389928621, 'hidden_size': 10, 'dropout': 0.17886516982093942, 'hidden_continuous_size': 6, 'attention_head_size': 1, 'learning_rate': 0.042022391472925545}. Best is trial 0 with value: 233.9347381591797.
[I 2023-12-27 11:00:35,812] Trial 30 finished with value: 748.061767578125 and parameters: {'gradient_clip_val': 0.13440913081382688, 'hidden_size': 6, 'dropout': 0.2120172052937843, 'hidden_continuous_size': 5, 'attention_head_size': 3, 'learning_rate': 0.07593358712027838}. Best is trial 0 with value: 233.9347381591797.
[I 2023-12-27 11:00:36,211] Trial 31 finished with value: 793.8074340820312 and parameters: {'gradient_clip_val': 0.7464475845666478, 'hidden_size': 50, 'dropout': 0.24609783383601788, 'hidden_continuous_size': 26, 'attention_head_size': 4, 'learning_rate': 0.034299234377152335}. Best is trial 0 with value: 233.9347381591797.
[I 2023-12-27 11:00:36,610] Trial 32 finished with value: 684.4055786132812 and parameters: {'gradient_clip_val': 0.3751231879899297, 'hidden_size': 44, 'dropout': 0.25780079591482763, 'hidden_continuous_size': 13, 'attention_head_size': 4, 'learning_rate': 0.024932794170763748}. Best is trial 0 with value: 233.9347381591797.
[I 2023-12-27 11:00:37,034] Trial 33 finished with value: 742.1661987304688 and parameters: {'gradient_clip_val': 0.4698354038142862, 'hidden_size': 70, 'dropout': 0.18463616212649106, 'hidden_continuous_size': 15, 'attention_head_size': 4, 'learning_rate': 0.04331240308290272}. Best is trial 0 with value: 233.9347381591797.
[I 2023-12-27 11:00:37,388] Trial 34 finished with value: 518.6561889648438 and parameters: {'gradient_clip_val': 0.15226433376717594, 'hidden_size': 18, 'dropout': 0.2159370745045548, 'hidden_continuous_size': 9, 'attention_head_size': 4, 'learning_rate': 0.017391969364814328}. Best is trial 0 with value: 233.9347381591797.
[I 2023-12-27 11:00:37,745] Trial 35 finished with value: 657.7455444335938 and parameters: {'gradient_clip_val': 0.15156072071398566, 'hidden_size': 19, 'dropout': 0.20333743061447568, 'hidden_continuous_size': 9, 'attention_head_size': 4, 'learning_rate': 0.015762257642525503}. Best is trial 0 with value: 233.9347381591797.
[I 2023-12-27 11:00:38,105] Trial 36 finished with value: 647.2704467773438 and parameters: {'gradient_clip_val': 0.11300850286426845, 'hidden_size': 23, 'dropout': 0.21827698650919355, 'hidden_continuous_size': 7, 'attention_head_size': 2, 'learning_rate': 0.011422064848630939}. Best is trial 0 with value: 233.9347381591797.
[I 2023-12-27 11:00:38,464] Trial 37 finished with value: 636.99609375 and parameters: {'gradient_clip_val': 0.12488845407598573, 'hidden_size': 15, 'dropout': 0.15636073902012862, 'hidden_continuous_size': 8, 'attention_head_size': 3, 'learning_rate': 0.01923328895117121}. Best is trial 0 with value: 233.9347381591797.
[I 2023-12-27 11:00:39,043] Trial 38 finished with value: 696.8212280273438 and parameters: {'gradient_clip_val': 0.15962477143195902, 'hidden_size': 12, 'dropout': 0.2234757118856261, 'hidden_continuous_size': 7, 'attention_head_size': 1, 'learning_rate': 0.045327421479788736}. Best is trial 0 with value: 233.9347381591797.
[I 2023-12-27 11:00:39,392] Trial 39 finished with value: 565.6463623046875 and parameters: {'gradient_clip_val': 0.11979326004001685, 'hidden_size': 16, 'dropout': 0.19169253452944046, 'hidden_continuous_size': 11, 'attention_head_size': 4, 'learning_rate': 0.021757729742451465}. Best is trial 0 with value: 233.9347381591797.
[I 2023-12-27 11:00:39,748] Trial 40 finished with value: 720.9658203125 and parameters: {'gradient_clip_val': 0.11875175327089954, 'hidden_size': 17, 'dropout': 0.20131270923703798, 'hidden_continuous_size': 10, 'attention_head_size': 4, 'learning_rate': 0.009735261602721241}. Best is trial 0 with value: 233.9347381591797.
[I 2023-12-27 11:00:40,113] Trial 41 finished with value: 761.2294311523438 and parameters: {'gradient_clip_val': 0.10818354062357963, 'hidden_size': 22, 'dropout': 0.18507347117841796, 'hidden_continuous_size': 11, 'attention_head_size': 4, 'learning_rate': 0.023729691612681663}. Best is trial 0 with value: 233.9347381591797.
[I 2023-12-27 11:00:40,473] Trial 42 finished with value: 768.6845703125 and parameters: {'gradient_clip_val': 0.14057821685969998, 'hidden_size': 13, 'dropout': 0.2598942319835816, 'hidden_continuous_size': 9, 'attention_head_size': 4, 'learning_rate': 0.015296456751963379}. Best is trial 0 with value: 233.9347381591797.
[I 2023-12-27 11:00:40,832] Trial 43 finished with value: 739.535400390625 and parameters: {'gradient_clip_val': 0.12428675631289078, 'hidden_size': 11, 'dropout': 0.1452355508665237, 'hidden_continuous_size': 8, 'attention_head_size': 4, 'learning_rate': 0.0288725367739294}. Best is trial 0 with value: 233.9347381591797.
[I 2023-12-27 11:00:41,183] Trial 44 finished with value: 684.8755493164062 and parameters: {'gradient_clip_val': 0.19964422858196615, 'hidden_size': 17, 'dropout': 0.1744062342311217, 'hidden_continuous_size': 10, 'attention_head_size': 3, 'learning_rate': 0.019065479622611677}. Best is trial 0 with value: 233.9347381591797.
[I 2023-12-27 11:00:41,530] Trial 45 finished with value: 688.3684692382812 and parameters: {'gradient_clip_val': 0.1006202028270744, 'hidden_size': 8, 'dropout': 0.1890762014359759, 'hidden_continuous_size': 6, 'attention_head_size': 2, 'learning_rate': 0.06828931655712676}. Best is trial 0 with value: 233.9347381591797.
[I 2023-12-27 11:00:41,891] Trial 46 finished with value: 703.8173828125 and parameters: {'gradient_clip_val': 0.16317768714364153, 'hidden_size': 20, 'dropout': 0.13578086520151272, 'hidden_continuous_size': 12, 'attention_head_size': 4, 'learning_rate': 0.008516961505651005}. Best is trial 0 with value: 233.9347381591797.
[I 2023-12-27 11:00:42,277] Trial 47 finished with value: 705.8909301757812 and parameters: {'gradient_clip_val': 0.1440702802637239, 'hidden_size': 28, 'dropout': 0.23107360343355063, 'hidden_continuous_size': 13, 'attention_head_size': 4, 'learning_rate': 0.013093664505217253}. Best is trial 0 with value: 233.9347381591797.
[I 2023-12-27 11:00:42,625] Trial 48 finished with value: 677.4833374023438 and parameters: {'gradient_clip_val': 0.12400803110822788, 'hidden_size': 16, 'dropout': 0.2071230931277757, 'hidden_continuous_size': 8, 'attention_head_size': 1, 'learning_rate': 0.021130914893729244}. Best is trial 0 with value: 233.9347381591797.
[I 2023-12-27 11:00:43,007] Trial 49 finished with value: 679.2660522460938 and parameters: {'gradient_clip_val': 0.8678887755966904, 'hidden_size': 25, 'dropout': 0.2961684971830954, 'hidden_continuous_size': 16, 'attention_head_size': 3, 'learning_rate': 0.016631561527642696}. Best is trial 0 with value: 233.9347381591797.
[I 2023-12-27 11:00:43,122] A new study created in memory with name: no-name-5987059b-7ead-4851-a9c9-be9c478d61f8
/home/le004/conda/anaconda3/envs/tsff_env/lib/python3.9/site-packages/lightning/fabric/plugins/environments/slurm.py:191: The `srun` command is available on your system but is not used. HINT: If your intention is to run Lightning on SLURM, prepend your python command with `srun` like so: srun python /home/le004/master_thesis/git/TSFusionForecast/code/ ...
[I 2023-12-27 11:01:08,583] Trial 0 finished with value: 492.1321105957031 and parameters: {'gradient_clip_val': 0.1849235384767379, 'hidden_size': 5, 'dropout': 0.2944429768285105, 'hidden_continuous_size': 5, 'attention_head_size': 1, 'learning_rate': 0.0019125784404015233}. Best is trial 0 with value: 492.1321105957031.
[I 2023-12-27 11:01:18,086] Trial 1 finished with value: 726.9258422851562 and parameters: {'gradient_clip_val': 0.4853399902538707, 'hidden_size': 16, 'dropout': 0.33751482101253794, 'hidden_continuous_size': 11, 'attention_head_size': 4, 'learning_rate': 0.0008982966975971678}. Best is trial 0 with value: 492.1321105957031.
[I 2023-12-27 11:01:18,472] Trial 2 finished with value: 624.8280639648438 and parameters: {'gradient_clip_val': 0.3222580199283711, 'hidden_size': 54, 'dropout': 0.19542400402400584, 'hidden_continuous_size': 28, 'attention_head_size': 4, 'learning_rate': 0.06040136431273637}. Best is trial 0 with value: 492.1321105957031.
