[I 2023-12-27 11:21:55,948] Trial 9 finished with value: 162.6471405029297 and parameters: {'gradient_clip_val': 0.38131724527749766, 'hidden_size': 22, 'dropout': 0.44200419186375384, 'hidden_continuous_size': 6, 'attention_head_size': 4, 'learning_rate': 0.011015782996969738}. Best is trial 0 with value: 31.24083137512207.
[I 2023-12-27 11:21:56,345] Trial 10 finished with value: 141.76014709472656 and parameters: {'gradient_clip_val': 0.10879579301016784, 'hidden_size': 15, 'dropout': 0.39128364461629667, 'hidden_continuous_size': 9, 'attention_head_size': 2, 'learning_rate': 0.08751600119050874}. Best is trial 0 with value: 31.24083137512207.
[I 2023-12-27 11:21:56,778] Trial 11 finished with value: 165.2616729736328 and parameters: {'gradient_clip_val': 0.4282961913565543, 'hidden_size': 39, 'dropout': 0.4928212432252655, 'hidden_continuous_size': 10, 'attention_head_size': 3, 'learning_rate': 0.0038114962530271987}. Best is trial 0 with value: 31.24083137512207.
[I 2023-12-27 11:21:57,222] Trial 12 finished with value: 178.21685791015625 and parameters: {'gradient_clip_val': 0.5241245426697798, 'hidden_size': 43, 'dropout': 0.41245290981695937, 'hidden_continuous_size': 13, 'attention_head_size': 3, 'learning_rate': 0.02635286908904788}. Best is trial 0 with value: 31.24083137512207.
[I 2023-12-27 11:21:57,717] Trial 13 finished with value: 156.0841827392578 and parameters: {'gradient_clip_val': 0.29585931117732167, 'hidden_size': 78, 'dropout': 0.4091803308093971, 'hidden_continuous_size': 22, 'attention_head_size': 3, 'learning_rate': 0.0040284182308646275}. Best is trial 0 with value: 31.24083137512207.
[I 2023-12-27 11:21:58,119] Trial 14 finished with value: 182.06553649902344 and parameters: {'gradient_clip_val': 0.3111431596689441, 'hidden_size': 28, 'dropout': 0.4995117713768567, 'hidden_continuous_size': 8, 'attention_head_size': 2, 'learning_rate': 0.0020671734354116835}. Best is trial 0 with value: 31.24083137512207.
[I 2023-12-27 11:21:58,780] Trial 15 finished with value: 205.0010986328125 and parameters: {'gradient_clip_val': 0.48622114298499175, 'hidden_size': 131, 'dropout': 0.4392259453925088, 'hidden_continuous_size': 116, 'attention_head_size': 3, 'learning_rate': 0.019608760762683225}. Best is trial 0 with value: 31.24083137512207.
[I 2023-12-27 11:21:59,209] Trial 16 finished with value: 173.6768341064453 and parameters: {'gradient_clip_val': 0.6088251964489572, 'hidden_size': 71, 'dropout': 0.37308104536788217, 'hidden_continuous_size': 11, 'attention_head_size': 2, 'learning_rate': 0.01247716385744066}. Best is trial 0 with value: 31.24083137512207.
[I 2023-12-27 11:21:59,595] Trial 17 finished with value: 173.2657470703125 and parameters: {'gradient_clip_val': 0.9889409684438227, 'hidden_size': 27, 'dropout': 0.4471888904747234, 'hidden_continuous_size': 7, 'attention_head_size': 4, 'learning_rate': 0.052039096441727106}. Best is trial 0 with value: 31.24083137512207.
[I 2023-12-27 11:22:00,000] Trial 18 finished with value: 174.7890625 and parameters: {'gradient_clip_val': 0.1070414576193416, 'hidden_size': 41, 'dropout': 0.35889927000112654, 'hidden_continuous_size': 5, 'attention_head_size': 3, 'learning_rate': 0.0017631016883676103}. Best is trial 0 with value: 31.24083137512207.
[I 2023-12-27 11:22:00,626] Trial 19 finished with value: 189.16693115234375 and parameters: {'gradient_clip_val': 0.33931242066736184, 'hidden_size': 16, 'dropout': 0.2842255427935693, 'hidden_continuous_size': 7, 'attention_head_size': 2, 'learning_rate': 0.008572458447790617}. Best is trial 0 with value: 31.24083137512207.
[I 2023-12-27 11:22:01,002] Trial 20 finished with value: 194.1875457763672 and parameters: {'gradient_clip_val': 0.2838877274586128, 'hidden_size': 10, 'dropout': 0.4992395789520751, 'hidden_continuous_size': 6, 'attention_head_size': 4, 'learning_rate': 0.006084208328840309}. Best is trial 0 with value: 31.24083137512207.
[I 2023-12-27 11:22:01,390] Trial 21 finished with value: 137.88006591796875 and parameters: {'gradient_clip_val': 0.11102699841520142, 'hidden_size': 14, 'dropout': 0.4024847526205285, 'hidden_continuous_size': 7, 'attention_head_size': 2, 'learning_rate': 0.09531634144635741}. Best is trial 0 with value: 31.24083137512207.
[I 2023-12-27 11:22:01,762] Trial 22 finished with value: 158.3236541748047 and parameters: {'gradient_clip_val': 0.13881828786457956, 'hidden_size': 11, 'dropout': 0.4291035200117851, 'hidden_continuous_size': 7, 'attention_head_size': 3, 'learning_rate': 0.059526691290920836}. Best is trial 0 with value: 31.24083137512207.
[I 2023-12-27 11:22:02,155] Trial 23 finished with value: 182.67010498046875 and parameters: {'gradient_clip_val': 0.13965043269214691, 'hidden_size': 22, 'dropout': 0.460841444227911, 'hidden_continuous_size': 7, 'attention_head_size': 2, 'learning_rate': 0.04358678514997868}. Best is trial 0 with value: 31.24083137512207.
[I 2023-12-27 11:22:02,534] Trial 24 finished with value: 174.8839569091797 and parameters: {'gradient_clip_val': 0.1005750854336256, 'hidden_size': 20, 'dropout': 0.4042207928667915, 'hidden_continuous_size': 5, 'attention_head_size': 3, 'learning_rate': 0.08543817771098267}. Best is trial 0 with value: 31.24083137512207.
[I 2023-12-27 11:22:02,915] Trial 25 finished with value: 172.07728576660156 and parameters: {'gradient_clip_val': 0.1703004918572839, 'hidden_size': 12, 'dropout': 0.4665893858110364, 'hidden_continuous_size': 6, 'attention_head_size': 2, 'learning_rate': 0.031218699654671916}. Best is trial 0 with value: 31.24083137512207.
[I 2023-12-27 11:22:03,311] Trial 26 finished with value: 205.64012145996094 and parameters: {'gradient_clip_val': 0.2498704647847865, 'hidden_size': 7, 'dropout': 0.42665965345387835, 'hidden_continuous_size': 5, 'attention_head_size': 3, 'learning_rate': 0.06708441197598762}. Best is trial 0 with value: 31.24083137512207.
[I 2023-12-27 11:22:03,722] Trial 27 finished with value: 196.78477478027344 and parameters: {'gradient_clip_val': 0.12467627977600264, 'hidden_size': 32, 'dropout': 0.3901176224427109, 'hidden_continuous_size': 9, 'attention_head_size': 2, 'learning_rate': 0.038479809771172255}. Best is trial 0 with value: 31.24083137512207.
[I 2023-12-27 11:22:04,097] Trial 28 finished with value: 141.4857940673828 and parameters: {'gradient_clip_val': 0.1735287194757478, 'hidden_size': 18, 'dropout': 0.463976203917751, 'hidden_continuous_size': 8, 'attention_head_size': 1, 'learning_rate': 0.06458432670047436}. Best is trial 0 with value: 31.24083137512207.
[I 2023-12-27 11:22:04,484] Trial 29 finished with value: 153.3667755126953 and parameters: {'gradient_clip_val': 0.125974746928579, 'hidden_size': 13, 'dropout': 0.37178130445294333, 'hidden_continuous_size': 7, 'attention_head_size': 4, 'learning_rate': 0.030016363317320424}. Best is trial 0 with value: 31.24083137512207.
[I 2023-12-27 11:22:04,833] Trial 30 finished with value: 159.8666229248047 and parameters: {'gradient_clip_val': 0.17440911811587714, 'hidden_size': 5, 'dropout': 0.42257884394492085, 'hidden_continuous_size': 5, 'attention_head_size': 3, 'learning_rate': 0.09852214565600845}. Best is trial 0 with value: 31.24083137512207.
[I 2023-12-27 11:22:05,213] Trial 31 finished with value: 137.23228454589844 and parameters: {'gradient_clip_val': 0.17472969335605726, 'hidden_size': 18, 'dropout': 0.4716844037403687, 'hidden_continuous_size': 8, 'attention_head_size': 1, 'learning_rate': 0.0612966560071531}. Best is trial 0 with value: 31.24083137512207.
[I 2023-12-27 11:22:05,845] Trial 32 finished with value: 128.5988311767578 and parameters: {'gradient_clip_val': 0.1569920070945284, 'hidden_size': 18, 'dropout': 0.47848342708098807, 'hidden_continuous_size': 8, 'attention_head_size': 1, 'learning_rate': 0.044435320419047374}. Best is trial 0 with value: 31.24083137512207.
[I 2023-12-27 11:22:06,217] Trial 33 finished with value: 155.6609649658203 and parameters: {'gradient_clip_val': 0.24153383590369387, 'hidden_size': 21, 'dropout': 0.48609218044778246, 'hidden_continuous_size': 8, 'attention_head_size': 1, 'learning_rate': 0.03931709910456955}. Best is trial 0 with value: 31.24083137512207.
[I 2023-12-27 11:22:06,600] Trial 34 finished with value: 173.742431640625 and parameters: {'gradient_clip_val': 0.20277563541964602, 'hidden_size': 17, 'dropout': 0.4758949028733624, 'hidden_continuous_size': 8, 'attention_head_size': 1, 'learning_rate': 0.020734412117830944}. Best is trial 0 with value: 31.24083137512207.
[I 2023-12-27 11:22:06,976] Trial 35 finished with value: 186.86692810058594 and parameters: {'gradient_clip_val': 0.1686490923478617, 'hidden_size': 10, 'dropout': 0.45193972510485797, 'hidden_continuous_size': 6, 'attention_head_size': 1, 'learning_rate': 0.04717616894345984}. Best is trial 0 with value: 31.24083137512207.
[I 2023-12-27 11:22:07,357] Trial 36 finished with value: 166.4145050048828 and parameters: {'gradient_clip_val': 0.7076958314441694, 'hidden_size': 24, 'dropout': 0.4801855898108664, 'hidden_continuous_size': 9, 'attention_head_size': 1, 'learning_rate': 0.016341787822400165}. Best is trial 0 with value: 31.24083137512207.
[I 2023-12-27 11:22:07,736] Trial 37 finished with value: 185.4774627685547 and parameters: {'gradient_clip_val': 0.18996653613405728, 'hidden_size': 32, 'dropout': 0.24814763068299237, 'hidden_continuous_size': 10, 'attention_head_size': 1, 'learning_rate': 0.027661357956616697}. Best is trial 0 with value: 31.24083137512207.
[I 2023-12-27 11:22:08,117] Trial 38 finished with value: 139.59828186035156 and parameters: {'gradient_clip_val': 0.21793587610102827, 'hidden_size': 17, 'dropout': 0.4493995843049162, 'hidden_continuous_size': 8, 'attention_head_size': 1, 'learning_rate': 0.03853413840381176}. Best is trial 0 with value: 31.24083137512207.
[I 2023-12-27 11:22:08,525] Trial 39 finished with value: 179.5746612548828 and parameters: {'gradient_clip_val': 0.1452509893050876, 'hidden_size': 13, 'dropout': 0.48082083751975063, 'hidden_continuous_size': 7, 'attention_head_size': 1, 'learning_rate': 0.06665202443347594}. Best is trial 0 with value: 31.24083137512207.
[I 2023-12-27 11:22:08,897] Trial 40 finished with value: 147.46498107910156 and parameters: {'gradient_clip_val': 0.2711500864033724, 'hidden_size': 8, 'dropout': 0.4350039089108359, 'hidden_continuous_size': 6, 'attention_head_size': 3, 'learning_rate': 0.02282861135348477}. Best is trial 0 with value: 31.24083137512207.
[I 2023-12-27 11:22:09,286] Trial 41 finished with value: 177.7263946533203 and parameters: {'gradient_clip_val': 0.12009519529011144, 'hidden_size': 14, 'dropout': 0.46369220265365896, 'hidden_continuous_size': 7, 'attention_head_size': 2, 'learning_rate': 0.07730180230824259}. Best is trial 0 with value: 31.24083137512207.
[I 2023-12-27 11:22:09,658] Trial 42 finished with value: 191.0320281982422 and parameters: {'gradient_clip_val': 0.15575211841777542, 'hidden_size': 18, 'dropout': 0.49748603894830273, 'hidden_continuous_size': 8, 'attention_head_size': 1, 'learning_rate': 0.053588813905664695}. Best is trial 0 with value: 31.24083137512207.
[I 2023-12-27 11:22:10,043] Trial 43 finished with value: 201.91725158691406 and parameters: {'gradient_clip_val': 0.11948160455250602, 'hidden_size': 15, 'dropout': 0.47513607726084733, 'hidden_continuous_size': 7, 'attention_head_size': 2, 'learning_rate': 0.09897120914961857}. Best is trial 0 with value: 31.24083137512207.
[I 2023-12-27 11:22:10,426] Trial 44 finished with value: 177.0026092529297 and parameters: {'gradient_clip_val': 0.19625514745652883, 'hidden_size': 20, 'dropout': 0.44615034769966166, 'hidden_continuous_size': 9, 'attention_head_size': 3, 'learning_rate': 0.07020832201371582}. Best is trial 0 with value: 31.24083137512207.
[I 2023-12-27 11:22:10,805] Trial 45 finished with value: 184.3321533203125 and parameters: {'gradient_clip_val': 0.15501628737216208, 'hidden_size': 11, 'dropout': 0.4163134109924627, 'hidden_continuous_size': 6, 'attention_head_size': 1, 'learning_rate': 0.04841576527683234}. Best is trial 0 with value: 31.24083137512207.
[I 2023-12-27 11:22:11,443] Trial 46 finished with value: 170.773193359375 and parameters: {'gradient_clip_val': 0.13093120226959304, 'hidden_size': 50, 'dropout': 0.4835014077412776, 'hidden_continuous_size': 12, 'attention_head_size': 2, 'learning_rate': 0.08260527526562611}. Best is trial 0 with value: 31.24083137512207.
[I 2023-12-27 11:22:11,846] Trial 47 finished with value: 151.67774963378906 and parameters: {'gradient_clip_val': 0.22301398061421798, 'hidden_size': 25, 'dropout': 0.4350420508780387, 'hidden_continuous_size': 10, 'attention_head_size': 3, 'learning_rate': 0.033531151467271175}. Best is trial 0 with value: 31.24083137512207.
[I 2023-12-27 11:22:12,237] Trial 48 finished with value: 159.54566955566406 and parameters: {'gradient_clip_val': 0.11524351660378936, 'hidden_size': 14, 'dropout': 0.45716399552617043, 'hidden_continuous_size': 9, 'attention_head_size': 4, 'learning_rate': 0.015364429907042475}. Best is trial 0 with value: 31.24083137512207.
[I 2023-12-27 11:22:12,646] Trial 49 finished with value: 185.19866943359375 and parameters: {'gradient_clip_val': 0.1339791835759696, 'hidden_size': 30, 'dropout': 0.39955433908289645, 'hidden_continuous_size': 10, 'attention_head_size': 2, 'learning_rate': 0.05234094170614948}. Best is trial 0 with value: 31.24083137512207.
[I 2023-12-27 11:22:12,770] A new study created in memory with name: no-name-dd7fe572-32c6-4fe8-ab68-cfa4fbb2d09a
/home/le004/conda/anaconda3/envs/tsff_env/lib/python3.9/site-packages/lightning/fabric/plugins/environments/slurm.py:191: The `srun` command is available on your system but is not used. HINT: If your intention is to run Lightning on SLURM, prepend your python command with `srun` like so: srun python /home/le004/master_thesis/git/TSFusionForecast/code/ ...
[I 2023-12-27 11:22:45,287] Trial 0 finished with value: 203.08949279785156 and parameters: {'gradient_clip_val': 0.6444784747382117, 'hidden_size': 10, 'dropout': 0.4629997903102162, 'hidden_continuous_size': 8, 'attention_head_size': 4, 'learning_rate': 0.039020237043901854}. Best is trial 0 with value: 203.08949279785156.
[I 2023-12-27 11:22:50,391] Trial 1 finished with value: 1371.5755615234375 and parameters: {'gradient_clip_val': 0.8976462902606585, 'hidden_size': 25, 'dropout': 0.20439130396825195, 'hidden_continuous_size': 5, 'attention_head_size': 2, 'learning_rate': 0.0006537161496474892}. Best is trial 0 with value: 203.08949279785156.
[I 2023-12-27 11:22:50,722] Trial 2 finished with value: 1755.4327392578125 and parameters: {'gradient_clip_val': 0.12455760310287675, 'hidden_size': 5, 'dropout': 0.3416540663872572, 'hidden_continuous_size': 5, 'attention_head_size': 4, 'learning_rate': 0.000573283769406898}. Best is trial 0 with value: 203.08949279785156.
[I 2023-12-27 11:22:51,072] Trial 3 finished with value: 1710.6676025390625 and parameters: {'gradient_clip_val': 0.16102975137415546, 'hidden_size': 17, 'dropout': 0.1906447692483566, 'hidden_continuous_size': 5, 'attention_head_size': 1, 'learning_rate': 0.001762500986507864}. Best is trial 0 with value: 203.08949279785156.
[I 2023-12-27 11:22:51,505] Trial 4 finished with value: 1994.02978515625 and parameters: {'gradient_clip_val': 0.13529603822963313, 'hidden_size': 76, 'dropout': 0.2532818185526287, 'hidden_continuous_size': 26, 'attention_head_size': 2, 'learning_rate': 0.011990180322933194}. Best is trial 0 with value: 203.08949279785156.
[I 2023-12-27 11:22:51,863] Trial 5 finished with value: 1722.5198974609375 and parameters: {'gradient_clip_val': 0.6772348061029536, 'hidden_size': 10, 'dropout': 0.22351792102854012, 'hidden_continuous_size': 6, 'attention_head_size': 4, 'learning_rate': 0.002950790579440733}. Best is trial 0 with value: 203.08949279785156.
[I 2023-12-27 11:22:52,352] Trial 6 finished with value: 1637.298828125 and parameters: {'gradient_clip_val': 0.2503657415518543, 'hidden_size': 100, 'dropout': 0.11761490805949748, 'hidden_continuous_size': 58, 'attention_head_size': 2, 'learning_rate': 0.001364393151357207}. Best is trial 0 with value: 203.08949279785156.
[I 2023-12-27 11:22:53,030] Trial 7 finished with value: 1345.538330078125 and parameters: {'gradient_clip_val': 0.8511385287390318, 'hidden_size': 92, 'dropout': 0.3221124729901619, 'hidden_continuous_size': 18, 'attention_head_size': 3, 'learning_rate': 0.006816428717086195}. Best is trial 0 with value: 203.08949279785156.
[I 2023-12-27 11:22:53,442] Trial 8 finished with value: 1743.59375 and parameters: {'gradient_clip_val': 0.11705429366942599, 'hidden_size': 47, 'dropout': 0.406760308288746, 'hidden_continuous_size': 37, 'attention_head_size': 2, 'learning_rate': 0.024754108412629112}. Best is trial 0 with value: 203.08949279785156.
[I 2023-12-27 11:22:53,818] Trial 9 finished with value: 2010.962890625 and parameters: {'gradient_clip_val': 0.10090607023257671, 'hidden_size': 31, 'dropout': 0.21942501321862942, 'hidden_continuous_size': 12, 'attention_head_size': 2, 'learning_rate': 0.0006391907737113419}. Best is trial 0 with value: 203.08949279785156.
[I 2023-12-27 11:22:54,163] Trial 10 finished with value: 1583.4744873046875 and parameters: {'gradient_clip_val': 0.5240054029249448, 'hidden_size': 5, 'dropout': 0.479569164942787, 'hidden_continuous_size': 5, 'attention_head_size': 4, 'learning_rate': 0.09607461745200871}. Best is trial 0 with value: 203.08949279785156.
[I 2023-12-27 11:22:54,719] Trial 11 finished with value: 2126.298828125 and parameters: {'gradient_clip_val': 0.9375773144097508, 'hidden_size': 136, 'dropout': 0.34964281277872916, 'hidden_continuous_size': 13, 'attention_head_size': 3, 'learning_rate': 0.007524021548486173}. Best is trial 0 with value: 203.08949279785156.
[I 2023-12-27 11:22:55,152] Trial 12 finished with value: 1669.1368408203125 and parameters: {'gradient_clip_val': 0.4907896721287119, 'hidden_size': 60, 'dropout': 0.47064585538796533, 'hidden_continuous_size': 9, 'attention_head_size': 3, 'learning_rate': 0.03019516588843055}. Best is trial 0 with value: 203.08949279785156.
[I 2023-12-27 11:22:55,719] Trial 13 finished with value: 1484.3577880859375 and parameters: {'gradient_clip_val': 0.40473253152257765, 'hidden_size': 133, 'dropout': 0.416138549622231, 'hidden_continuous_size': 19, 'attention_head_size': 3, 'learning_rate': 0.004371840775132831}. Best is trial 0 with value: 203.08949279785156.
[I 2023-12-27 11:22:56,146] Trial 14 finished with value: 1871.9720458984375 and parameters: {'gradient_clip_val': 0.6953913947702288, 'hidden_size': 44, 'dropout': 0.28988402732359375, 'hidden_continuous_size': 9, 'attention_head_size': 4, 'learning_rate': 0.011715482583599217}. Best is trial 0 with value: 203.08949279785156.
[I 2023-12-27 11:22:56,526] Trial 15 finished with value: 2117.281005859375 and parameters: {'gradient_clip_val': 0.9776370209243788, 'hidden_size': 13, 'dropout': 0.4996973328512334, 'hidden_continuous_size': 7, 'attention_head_size': 3, 'learning_rate': 0.09919963956564659}. Best is trial 0 with value: 203.08949279785156.
[I 2023-12-27 11:22:56,931] Trial 16 finished with value: 1333.36083984375 and parameters: {'gradient_clip_val': 0.3218009008655526, 'hidden_size': 26, 'dropout': 0.4161700716024443, 'hidden_continuous_size': 10, 'attention_head_size': 4, 'learning_rate': 0.033744895524994094}. Best is trial 0 with value: 203.08949279785156.
[I 2023-12-27 11:22:57,318] Trial 17 finished with value: 2192.954345703125 and parameters: {'gradient_clip_val': 0.3045145079250368, 'hidden_size': 9, 'dropout': 0.41638503142165645, 'hidden_continuous_size': 6, 'attention_head_size': 4, 'learning_rate': 0.04551922314100312}. Best is trial 0 with value: 203.08949279785156.
[I 2023-12-27 11:22:57,703] Trial 18 finished with value: 1912.4283447265625 and parameters: {'gradient_clip_val': 0.24435692387597743, 'hidden_size': 25, 'dropout': 0.38037851588497595, 'hidden_continuous_size': 9, 'attention_head_size': 1, 'learning_rate': 0.04928920442220471}. Best is trial 0 with value: 203.08949279785156.
[I 2023-12-27 11:22:58,094] Trial 19 finished with value: 1595.5140380859375 and parameters: {'gradient_clip_val': 0.3803715641224042, 'hidden_size': 18, 'dropout': 0.4477872384033481, 'hidden_continuous_size': 8, 'attention_head_size': 4, 'learning_rate': 0.0211311125475471}. Best is trial 0 with value: 203.08949279785156.
[I 2023-12-27 11:22:58,470] Trial 20 finished with value: 1522.3262939453125 and parameters: {'gradient_clip_val': 0.5608393919566547, 'hidden_size': 8, 'dropout': 0.45243451052429867, 'hidden_continuous_size': 6, 'attention_head_size': 4, 'learning_rate': 0.055612213413112795}. Best is trial 0 with value: 203.08949279785156.
[I 2023-12-27 11:22:59,156] Trial 21 finished with value: 1438.7777099609375 and parameters: {'gradient_clip_val': 0.7443925254434689, 'hidden_size': 36, 'dropout': 0.35798327933852037, 'hidden_continuous_size': 11, 'attention_head_size': 3, 'learning_rate': 0.015455151230827722}. Best is trial 0 with value: 203.08949279785156.
[I 2023-12-27 11:22:59,606] Trial 22 finished with value: 1579.7333984375 and parameters: {'gradient_clip_val': 0.6433559125937367, 'hidden_size': 65, 'dropout': 0.31353753560937536, 'hidden_continuous_size': 17, 'attention_head_size': 3, 'learning_rate': 0.006014648265291371}. Best is trial 0 with value: 203.08949279785156.
[I 2023-12-27 11:23:00,003] Trial 23 finished with value: 1890.3277587890625 and parameters: {'gradient_clip_val': 0.7785664327462587, 'hidden_size': 19, 'dropout': 0.39135543476430956, 'hidden_continuous_size': 8, 'attention_head_size': 4, 'learning_rate': 0.00923894373043471}. Best is trial 0 with value: 203.08949279785156.
