[I 2023-12-27 11:05:42,214] Trial 30 finished with value: 52.97770690917969 and parameters: {'gradient_clip_val': 0.14141811777499996, 'hidden_size': 15, 'dropout': 0.46902884123195465, 'hidden_continuous_size': 7, 'attention_head_size': 1, 'learning_rate': 0.0549869084258493}. Best is trial 0 with value: 22.816085815429688.
[I 2023-12-27 11:05:42,620] Trial 31 finished with value: 46.01387405395508 and parameters: {'gradient_clip_val': 0.26989150962998765, 'hidden_size': 26, 'dropout': 0.47649023610403435, 'hidden_continuous_size': 14, 'attention_head_size': 3, 'learning_rate': 0.03921736077861973}. Best is trial 0 with value: 22.816085815429688.
[I 2023-12-27 11:05:43,045] Trial 32 finished with value: 52.22578430175781 and parameters: {'gradient_clip_val': 0.22112189267336713, 'hidden_size': 26, 'dropout': 0.44465866357854383, 'hidden_continuous_size': 15, 'attention_head_size': 3, 'learning_rate': 0.05084928429515216}. Best is trial 0 with value: 22.816085815429688.
[I 2023-12-27 11:05:43,451] Trial 33 finished with value: 52.967315673828125 and parameters: {'gradient_clip_val': 0.19673773920657017, 'hidden_size': 19, 'dropout': 0.4059496951624689, 'hidden_continuous_size': 12, 'attention_head_size': 3, 'learning_rate': 0.02422154829084066}. Best is trial 0 with value: 22.816085815429688.
[I 2023-12-27 11:05:43,868] Trial 34 finished with value: 41.15199279785156 and parameters: {'gradient_clip_val': 0.2385703753211815, 'hidden_size': 31, 'dropout': 0.48141813155563024, 'hidden_continuous_size': 18, 'attention_head_size': 3, 'learning_rate': 0.014091422831899491}. Best is trial 0 with value: 22.816085815429688.
[I 2023-12-27 11:05:44,273] Trial 35 finished with value: 44.8212776184082 and parameters: {'gradient_clip_val': 0.29450177463328375, 'hidden_size': 26, 'dropout': 0.3834920330235796, 'hidden_continuous_size': 9, 'attention_head_size': 4, 'learning_rate': 0.026798342091593996}. Best is trial 0 with value: 22.816085815429688.
[I 2023-12-27 11:05:44,671] Trial 36 finished with value: 44.55976486206055 and parameters: {'gradient_clip_val': 0.3760959230013758, 'hidden_size': 22, 'dropout': 0.45266822646409555, 'hidden_continuous_size': 13, 'attention_head_size': 2, 'learning_rate': 0.01546186418885343}. Best is trial 0 with value: 22.816085815429688.
[I 2023-12-27 11:05:45,105] Trial 37 finished with value: 37.870567321777344 and parameters: {'gradient_clip_val': 0.16694646159214618, 'hidden_size': 42, 'dropout': 0.49995867628001767, 'hidden_continuous_size': 16, 'attention_head_size': 3, 'learning_rate': 0.009500709610248837}. Best is trial 0 with value: 22.816085815429688.
[I 2023-12-27 11:05:45,510] Trial 38 finished with value: 36.26089859008789 and parameters: {'gradient_clip_val': 0.1997990778813967, 'hidden_size': 36, 'dropout': 0.42450791347174344, 'hidden_continuous_size': 18, 'attention_head_size': 2, 'learning_rate': 0.09633241226066237}. Best is trial 0 with value: 22.816085815429688.
[I 2023-12-27 11:05:45,900] Trial 39 finished with value: 49.87053298950195 and parameters: {'gradient_clip_val': 0.3130307912988132, 'hidden_size': 14, 'dropout': 0.38195245690634216, 'hidden_continuous_size': 11, 'attention_head_size': 3, 'learning_rate': 0.006258304005799054}. Best is trial 0 with value: 22.816085815429688.
[I 2023-12-27 11:05:46,308] Trial 40 finished with value: 50.707157135009766 and parameters: {'gradient_clip_val': 0.20720895622315227, 'hidden_size': 29, 'dropout': 0.47899193988939753, 'hidden_continuous_size': 14, 'attention_head_size': 4, 'learning_rate': 0.021940743113429723}. Best is trial 0 with value: 22.816085815429688.
[I 2023-12-27 11:05:46,722] Trial 41 finished with value: 44.107181549072266 and parameters: {'gradient_clip_val': 0.19792114167171615, 'hidden_size': 38, 'dropout': 0.4198337432642676, 'hidden_continuous_size': 22, 'attention_head_size': 2, 'learning_rate': 0.09325926785404628}. Best is trial 0 with value: 22.816085815429688.
[I 2023-12-27 11:05:47,138] Trial 42 finished with value: 49.65119552612305 and parameters: {'gradient_clip_val': 0.23316070493489796, 'hidden_size': 25, 'dropout': 0.4593624848451863, 'hidden_continuous_size': 18, 'attention_head_size': 2, 'learning_rate': 0.057225878682183595}. Best is trial 0 with value: 22.816085815429688.
[I 2023-12-27 11:05:47,783] Trial 43 finished with value: 52.09561538696289 and parameters: {'gradient_clip_val': 0.15595215183443503, 'hidden_size': 20, 'dropout': 0.3648463632052573, 'hidden_continuous_size': 11, 'attention_head_size': 2, 'learning_rate': 0.07195023559329346}. Best is trial 0 with value: 22.816085815429688.
[I 2023-12-27 11:05:48,186] Trial 44 finished with value: 47.720458984375 and parameters: {'gradient_clip_val': 0.19989676657317487, 'hidden_size': 38, 'dropout': 0.42648829745051253, 'hidden_continuous_size': 20, 'attention_head_size': 2, 'learning_rate': 0.0976647139687445}. Best is trial 0 with value: 22.816085815429688.
[I 2023-12-27 11:05:48,561] Trial 45 finished with value: 48.02957534790039 and parameters: {'gradient_clip_val': 0.16765116789683704, 'hidden_size': 18, 'dropout': 0.48216961107288225, 'hidden_continuous_size': 14, 'attention_head_size': 2, 'learning_rate': 0.06890233325588853}. Best is trial 0 with value: 22.816085815429688.
[I 2023-12-27 11:05:48,949] Trial 46 finished with value: 48.59858322143555 and parameters: {'gradient_clip_val': 0.13991946142873865, 'hidden_size': 24, 'dropout': 0.44617286664969696, 'hidden_continuous_size': 17, 'attention_head_size': 3, 'learning_rate': 0.04268102334981953}. Best is trial 0 with value: 22.816085815429688.
[I 2023-12-27 11:05:49,332] Trial 47 finished with value: 47.517059326171875 and parameters: {'gradient_clip_val': 0.15914621227928744, 'hidden_size': 13, 'dropout': 0.4044282012590318, 'hidden_continuous_size': 9, 'attention_head_size': 1, 'learning_rate': 0.033156902791384106}. Best is trial 0 with value: 22.816085815429688.
[I 2023-12-27 11:05:49,727] Trial 48 finished with value: 54.00144958496094 and parameters: {'gradient_clip_val': 0.24325470618618295, 'hidden_size': 10, 'dropout': 0.3014696804440335, 'hidden_continuous_size': 6, 'attention_head_size': 3, 'learning_rate': 0.043342148157842444}. Best is trial 0 with value: 22.816085815429688.
[I 2023-12-27 11:05:50,092] Trial 49 finished with value: 46.97642517089844 and parameters: {'gradient_clip_val': 0.2236384635561053, 'hidden_size': 16, 'dropout': 0.4539386295596649, 'hidden_continuous_size': 5, 'attention_head_size': 2, 'learning_rate': 0.01836383784649624}. Best is trial 0 with value: 22.816085815429688.
[I 2023-12-27 11:05:50,204] A new study created in memory with name: no-name-4af3d5fa-1368-4012-85f8-75e42fc718c6
/home/le004/conda/anaconda3/envs/tsff_env/lib/python3.9/site-packages/lightning/fabric/plugins/environments/slurm.py:191: The `srun` command is available on your system but is not used. HINT: If your intention is to run Lightning on SLURM, prepend your python command with `srun` like so: srun python /home/le004/master_thesis/git/TSFusionForecast/code/ ...
[I 2023-12-27 11:06:32,908] Trial 0 finished with value: 0.0841684341430664 and parameters: {'gradient_clip_val': 0.1962283794267519, 'hidden_size': 67, 'dropout': 0.3631991807260654, 'hidden_continuous_size': 20, 'attention_head_size': 3, 'learning_rate': 0.013718060658722716}. Best is trial 0 with value: 0.0841684341430664.
[I 2023-12-27 11:06:37,134] Trial 1 finished with value: 0.999162495136261 and parameters: {'gradient_clip_val': 0.5743720367331374, 'hidden_size': 34, 'dropout': 0.44010162225857363, 'hidden_continuous_size': 21, 'attention_head_size': 4, 'learning_rate': 0.03490795921610412}. Best is trial 0 with value: 0.0841684341430664.
[I 2023-12-27 11:06:37,483] Trial 2 finished with value: 5.155754566192627 and parameters: {'gradient_clip_val': 0.17650836996459496, 'hidden_size': 8, 'dropout': 0.24647325718859048, 'hidden_continuous_size': 7, 'attention_head_size': 2, 'learning_rate': 0.0011636492636100935}. Best is trial 0 with value: 0.0841684341430664.
[I 2023-12-27 11:06:38,006] Trial 3 finished with value: 4.91233491897583 and parameters: {'gradient_clip_val': 0.30495917786879567, 'hidden_size': 134, 'dropout': 0.4516630278017987, 'hidden_continuous_size': 8, 'attention_head_size': 3, 'learning_rate': 0.0044641298122512375}. Best is trial 0 with value: 0.0841684341430664.
[I 2023-12-27 11:06:38,638] Trial 4 finished with value: 4.186453819274902 and parameters: {'gradient_clip_val': 0.6016541535709374, 'hidden_size': 54, 'dropout': 0.357440343685287, 'hidden_continuous_size': 6, 'attention_head_size': 4, 'learning_rate': 0.0006076770453878811}. Best is trial 0 with value: 0.0841684341430664.
[I 2023-12-27 11:06:38,981] Trial 5 finished with value: 5.408761501312256 and parameters: {'gradient_clip_val': 0.19096083960137047, 'hidden_size': 6, 'dropout': 0.15097078416916454, 'hidden_continuous_size': 5, 'attention_head_size': 2, 'learning_rate': 0.06063806462353924}. Best is trial 0 with value: 0.0841684341430664.
[I 2023-12-27 11:06:39,358] Trial 6 finished with value: 4.200192928314209 and parameters: {'gradient_clip_val': 0.2180882039517123, 'hidden_size': 40, 'dropout': 0.4593337877958287, 'hidden_continuous_size': 9, 'attention_head_size': 1, 'learning_rate': 0.04211653770171961}. Best is trial 0 with value: 0.0841684341430664.
[I 2023-12-27 11:06:39,716] Trial 7 finished with value: 5.407219409942627 and parameters: {'gradient_clip_val': 0.981243955417163, 'hidden_size': 12, 'dropout': 0.4256062810501918, 'hidden_continuous_size': 8, 'attention_head_size': 4, 'learning_rate': 0.07425237334080077}. Best is trial 0 with value: 0.0841684341430664.
[I 2023-12-27 11:06:40,068] Trial 8 finished with value: 5.490293502807617 and parameters: {'gradient_clip_val': 0.7853482306042877, 'hidden_size': 10, 'dropout': 0.1338291847974492, 'hidden_continuous_size': 6, 'attention_head_size': 3, 'learning_rate': 0.0020560598749639696}. Best is trial 0 with value: 0.0841684341430664.
[I 2023-12-27 11:06:40,485] Trial 9 finished with value: 5.0816874504089355 and parameters: {'gradient_clip_val': 0.1686585466111696, 'hidden_size': 54, 'dropout': 0.19049777587636313, 'hidden_continuous_size': 28, 'attention_head_size': 4, 'learning_rate': 0.0027972051106165373}. Best is trial 0 with value: 0.0841684341430664.
[I 2023-12-27 11:06:41,117] Trial 10 finished with value: 6.147096157073975 and parameters: {'gradient_clip_val': 0.1106424684920073, 'hidden_size': 135, 'dropout': 0.3169406863169907, 'hidden_continuous_size': 101, 'attention_head_size': 1, 'learning_rate': 0.01666589930430596}. Best is trial 0 with value: 0.0841684341430664.
[I 2023-12-27 11:06:41,513] Trial 11 finished with value: 5.796135425567627 and parameters: {'gradient_clip_val': 0.5208635066123407, 'hidden_size': 22, 'dropout': 0.3659049603387832, 'hidden_continuous_size': 16, 'attention_head_size': 3, 'learning_rate': 0.010462746421665833}. Best is trial 0 with value: 0.0841684341430664.
[I 2023-12-27 11:06:41,913] Trial 12 finished with value: 5.138092994689941 and parameters: {'gradient_clip_val': 0.4070299143388004, 'hidden_size': 24, 'dropout': 0.484548941840629, 'hidden_continuous_size': 17, 'attention_head_size': 4, 'learning_rate': 0.02188948379990386}. Best is trial 0 with value: 0.0841684341430664.
[I 2023-12-27 11:06:42,379] Trial 13 finished with value: 5.718531131744385 and parameters: {'gradient_clip_val': 0.3802361734303974, 'hidden_size': 77, 'dropout': 0.3931914890395321, 'hidden_continuous_size': 27, 'attention_head_size': 3, 'learning_rate': 0.008418774590830807}. Best is trial 0 with value: 0.0841684341430664.
[I 2023-12-27 11:06:42,792] Trial 14 finished with value: 5.116086006164551 and parameters: {'gradient_clip_val': 0.26617980162087523, 'hidden_size': 38, 'dropout': 0.30940834339304835, 'hidden_continuous_size': 20, 'attention_head_size': 2, 'learning_rate': 0.027662079446226596}. Best is trial 0 with value: 0.0841684341430664.
[I 2023-12-27 11:06:43,180] Trial 15 finished with value: 5.2555365562438965 and parameters: {'gradient_clip_val': 0.49676742101538385, 'hidden_size': 18, 'dropout': 0.40743592145019886, 'hidden_continuous_size': 12, 'attention_head_size': 4, 'learning_rate': 0.012416586010610473}. Best is trial 0 with value: 0.0841684341430664.
[I 2023-12-27 11:06:43,654] Trial 16 finished with value: 5.941012859344482 and parameters: {'gradient_clip_val': 0.36887458880904656, 'hidden_size': 86, 'dropout': 0.49981371875493835, 'hidden_continuous_size': 36, 'attention_head_size': 3, 'learning_rate': 0.0982542251807647}. Best is trial 0 with value: 0.0841684341430664.
[I 2023-12-27 11:06:44,064] Trial 17 finished with value: 4.170131206512451 and parameters: {'gradient_clip_val': 0.6759094086533853, 'hidden_size': 37, 'dropout': 0.35487783836187053, 'hidden_continuous_size': 13, 'attention_head_size': 4, 'learning_rate': 0.027238048765965917}. Best is trial 0 with value: 0.0841684341430664.
[I 2023-12-27 11:06:44,675] Trial 18 finished with value: 4.12778902053833 and parameters: {'gradient_clip_val': 0.27488687738373935, 'hidden_size': 14, 'dropout': 0.26873257948675267, 'hidden_continuous_size': 5, 'attention_head_size': 3, 'learning_rate': 0.0062317705685959795}. Best is trial 0 with value: 0.0841684341430664.
[I 2023-12-27 11:06:45,072] Trial 19 finished with value: 3.6329612731933594 and parameters: {'gradient_clip_val': 0.45712059738232347, 'hidden_size': 29, 'dropout': 0.43181143515508924, 'hidden_continuous_size': 11, 'attention_head_size': 2, 'learning_rate': 0.03817225666441643}. Best is trial 0 with value: 0.0841684341430664.
[I 2023-12-27 11:06:45,468] Trial 20 finished with value: 5.573526382446289 and parameters: {'gradient_clip_val': 0.1364469688038946, 'hidden_size': 18, 'dropout': 0.3911586894311867, 'hidden_continuous_size': 10, 'attention_head_size': 4, 'learning_rate': 0.016301922689738534}. Best is trial 0 with value: 0.0841684341430664.
[I 2023-12-27 11:06:45,880] Trial 21 finished with value: 4.86915397644043 and parameters: {'gradient_clip_val': 0.44071249470520685, 'hidden_size': 29, 'dropout': 0.44186339062300567, 'hidden_continuous_size': 11, 'attention_head_size': 2, 'learning_rate': 0.04975084654857336}. Best is trial 0 with value: 0.0841684341430664.
[I 2023-12-27 11:06:46,275] Trial 22 finished with value: 6.067793369293213 and parameters: {'gradient_clip_val': 0.3329709668566223, 'hidden_size': 29, 'dropout': 0.42199859436060927, 'hidden_continuous_size': 13, 'attention_head_size': 2, 'learning_rate': 0.03882198768034193}. Best is trial 0 with value: 0.0841684341430664.
[I 2023-12-27 11:06:46,693] Trial 23 finished with value: 4.885314464569092 and parameters: {'gradient_clip_val': 0.5047328883852369, 'hidden_size': 49, 'dropout': 0.46587517641676146, 'hidden_continuous_size': 18, 'attention_head_size': 1, 'learning_rate': 0.03163314020702806}. Best is trial 0 with value: 0.0841684341430664.
[I 2023-12-27 11:06:47,143] Trial 24 finished with value: 4.679983615875244 and parameters: {'gradient_clip_val': 0.23755407424413466, 'hidden_size': 69, 'dropout': 0.4298957664236859, 'hidden_continuous_size': 22, 'attention_head_size': 2, 'learning_rate': 0.018052648378504985}. Best is trial 0 with value: 0.0841684341430664.
[I 2023-12-27 11:06:47,538] Trial 25 finished with value: 6.682401180267334 and parameters: {'gradient_clip_val': 0.34264053429689, 'hidden_size': 32, 'dropout': 0.3848984631519114, 'hidden_continuous_size': 15, 'attention_head_size': 3, 'learning_rate': 0.03846521320839288}. Best is trial 0 with value: 0.0841684341430664.
[I 2023-12-27 11:06:47,948] Trial 26 finished with value: 4.52949857711792 and parameters: {'gradient_clip_val': 0.631062861054587, 'hidden_size': 43, 'dropout': 0.3440163161757734, 'hidden_continuous_size': 11, 'attention_head_size': 2, 'learning_rate': 0.06025758027311688}. Best is trial 0 with value: 0.0841684341430664.
[I 2023-12-27 11:06:48,330] Trial 27 finished with value: 5.765857696533203 and parameters: {'gradient_clip_val': 0.4592082570198719, 'hidden_size': 24, 'dropout': 0.46667045881229935, 'hidden_continuous_size': 15, 'attention_head_size': 3, 'learning_rate': 0.022960603954434153}. Best is trial 0 with value: 0.0841684341430664.
[I 2023-12-27 11:06:48,805] Trial 28 finished with value: 4.335483074188232 and parameters: {'gradient_clip_val': 0.4087661228722992, 'hidden_size': 62, 'dropout': 0.4078207616074605, 'hidden_continuous_size': 22, 'attention_head_size': 1, 'learning_rate': 0.013010664454794287}. Best is trial 0 with value: 0.0841684341430664.
[I 2023-12-27 11:06:49,277] Trial 29 finished with value: 5.6427903175354 and parameters: {'gradient_clip_val': 0.30216558034872926, 'hidden_size': 92, 'dropout': 0.33414714352139485, 'hidden_continuous_size': 36, 'attention_head_size': 2, 'learning_rate': 0.031670243070225784}. Best is trial 0 with value: 0.0841684341430664.
[I 2023-12-27 11:06:49,687] Trial 30 finished with value: 5.6719651222229 and parameters: {'gradient_clip_val': 0.5712004299860005, 'hidden_size': 33, 'dropout': 0.2864685045822876, 'hidden_continuous_size': 14, 'attention_head_size': 3, 'learning_rate': 0.09531533780460529}. Best is trial 0 with value: 0.0841684341430664.
[I 2023-12-27 11:06:50,272] Trial 31 finished with value: 5.457173824310303 and parameters: {'gradient_clip_val': 0.27513909923640856, 'hidden_size': 16, 'dropout': 0.25792494762591434, 'hidden_continuous_size': 5, 'attention_head_size': 3, 'learning_rate': 0.006495971857885471}. Best is trial 0 with value: 0.0841684341430664.
[I 2023-12-27 11:06:50,658] Trial 32 finished with value: 3.778247594833374 and parameters: {'gradient_clip_val': 0.3027646840631506, 'hidden_size': 14, 'dropout': 0.28822729322801804, 'hidden_continuous_size': 7, 'attention_head_size': 3, 'learning_rate': 0.0061333672422138165}. Best is trial 0 with value: 0.0841684341430664.
[I 2023-12-27 11:06:51,042] Trial 33 finished with value: 3.8165009021759033 and parameters: {'gradient_clip_val': 0.3268342427390491, 'hidden_size': 21, 'dropout': 0.3747918294219094, 'hidden_continuous_size': 7, 'attention_head_size': 3, 'learning_rate': 0.004504038193209838}. Best is trial 0 with value: 0.0841684341430664.
[I 2023-12-27 11:06:51,472] Trial 34 finished with value: 5.063963413238525 and parameters: {'gradient_clip_val': 0.22599485725949367, 'hidden_size': 46, 'dropout': 0.3297917098534453, 'hidden_continuous_size': 9, 'attention_head_size': 4, 'learning_rate': 0.008549175757287116}. Best is trial 0 with value: 0.0841684341430664.
[I 2023-12-27 11:06:51,851] Trial 35 finished with value: 4.434483051300049 and parameters: {'gradient_clip_val': 0.18993553841231195, 'hidden_size': 7, 'dropout': 0.29551286894818474, 'hidden_continuous_size': 6, 'attention_head_size': 2, 'learning_rate': 0.01217363673139277}. Best is trial 0 with value: 0.0841684341430664.
[I 2023-12-27 11:06:52,360] Trial 36 finished with value: 5.3816375732421875 and parameters: {'gradient_clip_val': 0.44265521623604615, 'hidden_size': 107, 'dropout': 0.22851089159406457, 'hidden_continuous_size': 9, 'attention_head_size': 3, 'learning_rate': 0.019714274240743453}. Best is trial 0 with value: 0.0841684341430664.
[I 2023-12-27 11:06:52,730] Trial 37 finished with value: 5.757974624633789 and parameters: {'gradient_clip_val': 0.5551195409432014, 'hidden_size': 9, 'dropout': 0.44402097843371197, 'hidden_continuous_size': 7, 'attention_head_size': 4, 'learning_rate': 0.052869621951094826}. Best is trial 0 with value: 0.0841684341430664.
[I 2023-12-27 11:06:53,067] Trial 38 finished with value: 6.436331272125244 and parameters: {'gradient_clip_val': 0.7196005634057172, 'hidden_size': 5, 'dropout': 0.3532626863060184, 'hidden_continuous_size': 5, 'attention_head_size': 2, 'learning_rate': 0.06822132475933827}. Best is trial 0 with value: 0.0841684341430664.
[I 2023-12-27 11:06:53,495] Trial 39 finished with value: 4.195208549499512 and parameters: {'gradient_clip_val': 0.5958031594928273, 'hidden_size': 60, 'dropout': 0.36897960592542495, 'hidden_continuous_size': 8, 'attention_head_size': 3, 'learning_rate': 0.044310876254112924}. Best is trial 0 with value: 0.0841684341430664.
[I 2023-12-27 11:06:53,865] Trial 40 finished with value: 3.9455201625823975 and parameters: {'gradient_clip_val': 0.16463329367592971, 'hidden_size': 12, 'dropout': 0.4037951094506293, 'hidden_continuous_size': 8, 'attention_head_size': 1, 'learning_rate': 0.0005666450801160689}. Best is trial 0 with value: 0.0841684341430664.
[I 2023-12-27 11:06:54,248] Trial 41 finished with value: 4.565348148345947 and parameters: {'gradient_clip_val': 0.31289904999411977, 'hidden_size': 19, 'dropout': 0.4231136967400561, 'hidden_continuous_size': 7, 'attention_head_size': 3, 'learning_rate': 0.004558427681591069}. Best is trial 0 with value: 0.0841684341430664.
[I 2023-12-27 11:06:54,648] Trial 42 finished with value: 5.877594470977783 and parameters: {'gradient_clip_val': 0.3449761996848234, 'hidden_size': 25, 'dropout': 0.31357906816170283, 'hidden_continuous_size': 6, 'attention_head_size': 3, 'learning_rate': 0.004192119441965865}. Best is trial 0 with value: 0.0841684341430664.
[I 2023-12-27 11:06:55,033] Trial 43 finished with value: 4.655721187591553 and parameters: {'gradient_clip_val': 0.3828807131055567, 'hidden_size': 20, 'dropout': 0.37533524042511157, 'hidden_continuous_size': 7, 'attention_head_size': 3, 'learning_rate': 0.002752286705930261}. Best is trial 0 with value: 0.0841684341430664.
[I 2023-12-27 11:06:55,432] Trial 44 finished with value: 5.681310176849365 and parameters: {'gradient_clip_val': 0.20562428954204742, 'hidden_size': 27, 'dropout': 0.3740358153426997, 'hidden_continuous_size': 10, 'attention_head_size': 3, 'learning_rate': 0.015137618711623741}. Best is trial 0 with value: 0.0841684341430664.
