[I 2023-12-27 11:14:07,784] Trial 46 finished with value: 6382.30712890625 and parameters: {'gradient_clip_val': 0.24364627920283657, 'hidden_size': 150, 'dropout': 0.45622057446298203, 'hidden_continuous_size': 10, 'attention_head_size': 2, 'learning_rate': 0.06691834724162901}. Best is trial 0 with value: 1195.5059814453125.
[I 2023-12-27 11:14:08,242] Trial 47 finished with value: 8048.58984375 and parameters: {'gradient_clip_val': 0.10982099695382744, 'hidden_size': 80, 'dropout': 0.4710455103498362, 'hidden_continuous_size': 16, 'attention_head_size': 3, 'learning_rate': 0.024229139160469138}. Best is trial 0 with value: 1195.5059814453125.
[I 2023-12-27 11:14:08,763] Trial 48 finished with value: 5193.1689453125 and parameters: {'gradient_clip_val': 0.13129211423189202, 'hidden_size': 108, 'dropout': 0.43690308230067904, 'hidden_continuous_size': 12, 'attention_head_size': 4, 'learning_rate': 0.09603234736354052}. Best is trial 0 with value: 1195.5059814453125.
[I 2023-12-27 11:14:09,208] Trial 49 finished with value: 7028.4296875 and parameters: {'gradient_clip_val': 0.10377494879964695, 'hidden_size': 61, 'dropout': 0.3756222650698954, 'hidden_continuous_size': 19, 'attention_head_size': 3, 'learning_rate': 0.05023005653401563}. Best is trial 0 with value: 1195.5059814453125.
[I 2023-12-27 11:14:09,328] A new study created in memory with name: no-name-ccbbd427-f1ab-42cd-b8bc-78938757aaa0
/home/le004/conda/anaconda3/envs/tsff_env/lib/python3.9/site-packages/lightning/fabric/plugins/environments/slurm.py:191: The `srun` command is available on your system but is not used. HINT: If your intention is to run Lightning on SLURM, prepend your python command with `srun` like so: srun python /home/le004/master_thesis/git/TSFusionForecast/code/ ...
[I 2023-12-27 11:14:32,605] Trial 0 finished with value: 17.355667114257812 and parameters: {'gradient_clip_val': 0.11339088939070244, 'hidden_size': 9, 'dropout': 0.1619565303389867, 'hidden_continuous_size': 6, 'attention_head_size': 2, 'learning_rate': 0.06662305248340823}. Best is trial 0 with value: 17.355667114257812.
[I 2023-12-27 11:14:32,971] Trial 1 finished with value: 42.0269660949707 and parameters: {'gradient_clip_val': 0.4712613568252806, 'hidden_size': 18, 'dropout': 0.3970995830597025, 'hidden_continuous_size': 17, 'attention_head_size': 4, 'learning_rate': 0.0008004601305123831}. Best is trial 0 with value: 17.355667114257812.
[I 2023-12-27 11:14:33,367] Trial 2 finished with value: 32.89823913574219 and parameters: {'gradient_clip_val': 0.39611747306518647, 'hidden_size': 47, 'dropout': 0.24766306331369403, 'hidden_continuous_size': 43, 'attention_head_size': 1, 'learning_rate': 0.03676847820516504}. Best is trial 0 with value: 17.355667114257812.
[I 2023-12-27 11:14:33,795] Trial 3 finished with value: 37.99454116821289 and parameters: {'gradient_clip_val': 0.5863019031487114, 'hidden_size': 79, 'dropout': 0.4925155839692519, 'hidden_continuous_size': 6, 'attention_head_size': 1, 'learning_rate': 0.0035600827168302267}. Best is trial 0 with value: 17.355667114257812.
[I 2023-12-27 11:14:34,386] Trial 4 finished with value: 41.5207405090332 and parameters: {'gradient_clip_val': 0.10913800234983283, 'hidden_size': 30, 'dropout': 0.44855192125371246, 'hidden_continuous_size': 14, 'attention_head_size': 3, 'learning_rate': 0.04907856428572631}. Best is trial 0 with value: 17.355667114257812.
[I 2023-12-27 11:14:34,691] Trial 5 finished with value: 45.759090423583984 and parameters: {'gradient_clip_val': 0.42233895127228427, 'hidden_size': 5, 'dropout': 0.13554131080319898, 'hidden_continuous_size': 5, 'attention_head_size': 4, 'learning_rate': 0.001183147795964777}. Best is trial 0 with value: 17.355667114257812.
[I 2023-12-27 11:14:35,171] Trial 6 finished with value: 36.71982192993164 and parameters: {'gradient_clip_val': 0.8220677778423867, 'hidden_size': 89, 'dropout': 0.14539496378827033, 'hidden_continuous_size': 23, 'attention_head_size': 4, 'learning_rate': 0.0030947864892436772}. Best is trial 0 with value: 17.355667114257812.
[I 2023-12-27 11:14:35,535] Trial 7 finished with value: 38.367069244384766 and parameters: {'gradient_clip_val': 0.13756531349212875, 'hidden_size': 18, 'dropout': 0.34874248718123635, 'hidden_continuous_size': 5, 'attention_head_size': 3, 'learning_rate': 0.004828659701775242}. Best is trial 0 with value: 17.355667114257812.
[I 2023-12-27 11:14:35,892] Trial 8 finished with value: 33.2381706237793 and parameters: {'gradient_clip_val': 0.5259545456984929, 'hidden_size': 21, 'dropout': 0.2445975827396775, 'hidden_continuous_size': 5, 'attention_head_size': 2, 'learning_rate': 0.009629635017120438}. Best is trial 0 with value: 17.355667114257812.
[I 2023-12-27 11:14:36,250] Trial 9 finished with value: 31.712646484375 and parameters: {'gradient_clip_val': 0.11961817289027211, 'hidden_size': 23, 'dropout': 0.3567034317393112, 'hidden_continuous_size': 6, 'attention_head_size': 3, 'learning_rate': 0.019880559024231675}. Best is trial 0 with value: 17.355667114257812.
[I 2023-12-27 11:14:36,625] Trial 10 finished with value: 38.83552169799805 and parameters: {'gradient_clip_val': 0.217253550230613, 'hidden_size': 7, 'dropout': 0.19077295768392727, 'hidden_continuous_size': 5, 'attention_head_size': 2, 'learning_rate': 0.09278736941309448}. Best is trial 0 with value: 17.355667114257812.
[I 2023-12-27 11:14:37,028] Trial 11 finished with value: 32.8033561706543 and parameters: {'gradient_clip_val': 0.17027290810385273, 'hidden_size': 10, 'dropout': 0.32460994408272087, 'hidden_continuous_size': 6, 'attention_head_size': 2, 'learning_rate': 0.019852640455927856}. Best is trial 0 with value: 17.355667114257812.
[I 2023-12-27 11:14:37,408] Trial 12 finished with value: 37.035465240478516 and parameters: {'gradient_clip_val': 0.10022670827261498, 'hidden_size': 11, 'dropout': 0.2651129411149482, 'hidden_continuous_size': 6, 'attention_head_size': 3, 'learning_rate': 0.01655605616258133}. Best is trial 0 with value: 17.355667114257812.
[I 2023-12-27 11:14:37,795] Trial 13 finished with value: 31.758943557739258 and parameters: {'gradient_clip_val': 0.24204984220175596, 'hidden_size': 12, 'dropout': 0.11738491430610137, 'hidden_continuous_size': 7, 'attention_head_size': 2, 'learning_rate': 0.09524795659456314}. Best is trial 0 with value: 17.355667114257812.
[I 2023-12-27 11:14:38,369] Trial 14 finished with value: 40.81587600708008 and parameters: {'gradient_clip_val': 0.1484538667349604, 'hidden_size': 144, 'dropout': 0.36535408218862936, 'hidden_continuous_size': 10, 'attention_head_size': 3, 'learning_rate': 0.025747217160992042}. Best is trial 0 with value: 17.355667114257812.
[I 2023-12-27 11:14:38,767] Trial 15 finished with value: 32.727603912353516 and parameters: {'gradient_clip_val': 0.28228377936811144, 'hidden_size': 30, 'dropout': 0.30391746773999506, 'hidden_continuous_size': 8, 'attention_head_size': 1, 'learning_rate': 0.048700585094507004}. Best is trial 0 with value: 17.355667114257812.
[I 2023-12-27 11:14:39,115] Trial 16 finished with value: 38.154754638671875 and parameters: {'gradient_clip_val': 0.18819969478156973, 'hidden_size': 5, 'dropout': 0.1825894163974824, 'hidden_continuous_size': 5, 'attention_head_size': 3, 'learning_rate': 0.012198915222345072}. Best is trial 0 with value: 17.355667114257812.
[I 2023-12-27 11:14:39,477] Trial 17 finished with value: 31.985084533691406 and parameters: {'gradient_clip_val': 0.1262466068400632, 'hidden_size': 8, 'dropout': 0.29659757114942964, 'hidden_continuous_size': 6, 'attention_head_size': 2, 'learning_rate': 0.028167000933249153}. Best is trial 0 with value: 17.355667114257812.
[I 2023-12-27 11:14:40,106] Trial 18 finished with value: 34.705081939697266 and parameters: {'gradient_clip_val': 0.10010309681055167, 'hidden_size': 14, 'dropout': 0.10307862533313725, 'hidden_continuous_size': 7, 'attention_head_size': 2, 'learning_rate': 0.008452885884344757}. Best is trial 0 with value: 17.355667114257812.
[I 2023-12-27 11:14:40,484] Trial 19 finished with value: 39.23075866699219 and parameters: {'gradient_clip_val': 0.16703617915887603, 'hidden_size': 24, 'dropout': 0.2060237563241007, 'hidden_continuous_size': 9, 'attention_head_size': 3, 'learning_rate': 0.05056960151819835}. Best is trial 0 with value: 17.355667114257812.
[I 2023-12-27 11:14:40,852] Trial 20 finished with value: 41.998069763183594 and parameters: {'gradient_clip_val': 0.12979761080525545, 'hidden_size': 15, 'dropout': 0.38802202947476555, 'hidden_continuous_size': 7, 'attention_head_size': 1, 'learning_rate': 0.017692106790061033}. Best is trial 0 with value: 17.355667114257812.
[I 2023-12-27 11:14:41,220] Trial 21 finished with value: 38.984947204589844 and parameters: {'gradient_clip_val': 0.24603600436715406, 'hidden_size': 12, 'dropout': 0.10345988968097504, 'hidden_continuous_size': 6, 'attention_head_size': 2, 'learning_rate': 0.09878984951512634}. Best is trial 0 with value: 17.355667114257812.
[I 2023-12-27 11:14:41,609] Trial 22 finished with value: 34.903743743896484 and parameters: {'gradient_clip_val': 0.2130912164357739, 'hidden_size': 9, 'dropout': 0.15308897597102183, 'hidden_continuous_size': 6, 'attention_head_size': 2, 'learning_rate': 0.06860778004245967}. Best is trial 0 with value: 17.355667114257812.
[I 2023-12-27 11:14:42,015] Trial 23 finished with value: 32.151695251464844 and parameters: {'gradient_clip_val': 0.3096265992849648, 'hidden_size': 14, 'dropout': 0.22134676176193613, 'hidden_continuous_size': 7, 'attention_head_size': 2, 'learning_rate': 0.06709212236189085}. Best is trial 0 with value: 17.355667114257812.
[I 2023-12-27 11:14:42,375] Trial 24 finished with value: 35.012969970703125 and parameters: {'gradient_clip_val': 0.15513838859817597, 'hidden_size': 7, 'dropout': 0.15403000174196585, 'hidden_continuous_size': 5, 'attention_head_size': 3, 'learning_rate': 0.03543241999716323}. Best is trial 0 with value: 17.355667114257812.
[I 2023-12-27 11:14:42,745] Trial 25 finished with value: 39.51968002319336 and parameters: {'gradient_clip_val': 0.11942950345408743, 'hidden_size': 10, 'dropout': 0.17927434580905188, 'hidden_continuous_size': 6, 'attention_head_size': 2, 'learning_rate': 0.09920796863846272}. Best is trial 0 with value: 17.355667114257812.
[I 2023-12-27 11:14:43,122] Trial 26 finished with value: 42.81596755981445 and parameters: {'gradient_clip_val': 0.19718795791068702, 'hidden_size': 28, 'dropout': 0.22416307882421835, 'hidden_continuous_size': 8, 'attention_head_size': 1, 'learning_rate': 0.033840853275253296}. Best is trial 0 with value: 17.355667114257812.
[I 2023-12-27 11:14:43,490] Trial 27 finished with value: 33.27042770385742 and parameters: {'gradient_clip_val': 0.14096752216245995, 'hidden_size': 18, 'dropout': 0.26855126998903966, 'hidden_continuous_size': 7, 'attention_head_size': 3, 'learning_rate': 0.06026336532698249}. Best is trial 0 with value: 17.355667114257812.
[I 2023-12-27 11:14:43,878] Trial 28 finished with value: 40.15787124633789 and parameters: {'gradient_clip_val': 0.1180066193890503, 'hidden_size': 12, 'dropout': 0.12344184602724452, 'hidden_continuous_size': 7, 'attention_head_size': 4, 'learning_rate': 0.025215823607476436}. Best is trial 0 with value: 17.355667114257812.
[I 2023-12-27 11:14:44,254] Trial 29 finished with value: 35.377506256103516 and parameters: {'gradient_clip_val': 0.1673519341839265, 'hidden_size': 17, 'dropout': 0.17004187894339054, 'hidden_continuous_size': 8, 'attention_head_size': 4, 'learning_rate': 0.04187763862154029}. Best is trial 0 with value: 17.355667114257812.
[I 2023-12-27 11:14:44,635] Trial 30 finished with value: 38.19731521606445 and parameters: {'gradient_clip_val': 0.11852922354261566, 'hidden_size': 21, 'dropout': 0.1235171946147151, 'hidden_continuous_size': 10, 'attention_head_size': 2, 'learning_rate': 0.07023467142263287}. Best is trial 0 with value: 17.355667114257812.
[I 2023-12-27 11:14:44,986] Trial 31 finished with value: 33.40487289428711 and parameters: {'gradient_clip_val': 0.13071214520923793, 'hidden_size': 8, 'dropout': 0.2908189742786903, 'hidden_continuous_size': 6, 'attention_head_size': 2, 'learning_rate': 0.028967768021501795}. Best is trial 0 with value: 17.355667114257812.
[I 2023-12-27 11:14:45,596] Trial 32 finished with value: 33.567222595214844 and parameters: {'gradient_clip_val': 0.13185005913391218, 'hidden_size': 7, 'dropout': 0.31640739158028097, 'hidden_continuous_size': 6, 'attention_head_size': 2, 'learning_rate': 0.03825245299132555}. Best is trial 0 with value: 17.355667114257812.
[I 2023-12-27 11:14:45,958] Trial 33 finished with value: 34.10575866699219 and parameters: {'gradient_clip_val': 0.14860317834386144, 'hidden_size': 9, 'dropout': 0.33661042854880313, 'hidden_continuous_size': 6, 'attention_head_size': 1, 'learning_rate': 0.024060867404700682}. Best is trial 0 with value: 17.355667114257812.
[I 2023-12-27 11:14:46,328] Trial 34 finished with value: 41.13454818725586 and parameters: {'gradient_clip_val': 0.11250685020041773, 'hidden_size': 6, 'dropout': 0.41094843052886065, 'hidden_continuous_size': 5, 'attention_head_size': 2, 'learning_rate': 0.04648842292860626}. Best is trial 0 with value: 17.355667114257812.
[I 2023-12-27 11:14:46,721] Trial 35 finished with value: 32.02640151977539 and parameters: {'gradient_clip_val': 0.33987666985670106, 'hidden_size': 37, 'dropout': 0.21067173137590983, 'hidden_continuous_size': 12, 'attention_head_size': 3, 'learning_rate': 0.014145643301763038}. Best is trial 0 with value: 17.355667114257812.
[I 2023-12-27 11:14:47,080] Trial 36 finished with value: 40.235626220703125 and parameters: {'gradient_clip_val': 0.17985595020476222, 'hidden_size': 12, 'dropout': 0.29090442642294717, 'hidden_continuous_size': 7, 'attention_head_size': 1, 'learning_rate': 0.03200394007778273}. Best is trial 0 with value: 17.355667114257812.
[I 2023-12-27 11:14:47,452] Trial 37 finished with value: 39.55061340332031 and parameters: {'gradient_clip_val': 0.10142266980319133, 'hidden_size': 8, 'dropout': 0.23528796563740687, 'hidden_continuous_size': 6, 'attention_head_size': 2, 'learning_rate': 0.062313418471382415}. Best is trial 0 with value: 17.355667114257812.
[I 2023-12-27 11:14:47,787] Trial 38 finished with value: 31.587509155273438 and parameters: {'gradient_clip_val': 0.2396385389693722, 'hidden_size': 5, 'dropout': 0.2599414504901266, 'hidden_continuous_size': 5, 'attention_head_size': 3, 'learning_rate': 0.019705564002629926}. Best is trial 0 with value: 17.355667114257812.
[I 2023-12-27 11:14:48,113] Trial 39 finished with value: 31.917625427246094 and parameters: {'gradient_clip_val': 0.24538917562336515, 'hidden_size': 5, 'dropout': 0.198361234337195, 'hidden_continuous_size': 5, 'attention_head_size': 3, 'learning_rate': 0.02085567521316224}. Best is trial 0 with value: 17.355667114257812.
[I 2023-12-27 11:14:48,442] Trial 40 finished with value: 35.32536315917969 and parameters: {'gradient_clip_val': 0.4359668837753129, 'hidden_size': 5, 'dropout': 0.1674190174092776, 'hidden_continuous_size': 5, 'attention_head_size': 4, 'learning_rate': 0.012449333920725548}. Best is trial 0 with value: 17.355667114257812.
[I 2023-12-27 11:14:48,798] Trial 41 finished with value: 37.262081146240234 and parameters: {'gradient_clip_val': 0.24443459549408622, 'hidden_size': 6, 'dropout': 0.19538034502382368, 'hidden_continuous_size': 5, 'attention_head_size': 3, 'learning_rate': 0.0204615720810405}. Best is trial 0 with value: 17.355667114257812.
[I 2023-12-27 11:14:49,138] Trial 42 finished with value: 42.95538330078125 and parameters: {'gradient_clip_val': 0.24360290695226053, 'hidden_size': 5, 'dropout': 0.1388639706084697, 'hidden_continuous_size': 5, 'attention_head_size': 3, 'learning_rate': 0.006795924592660551}. Best is trial 0 with value: 17.355667114257812.
[I 2023-12-27 11:14:49,498] Trial 43 finished with value: 29.355180740356445 and parameters: {'gradient_clip_val': 0.2780858792440888, 'hidden_size': 6, 'dropout': 0.19568554596364873, 'hidden_continuous_size': 5, 'attention_head_size': 3, 'learning_rate': 0.040804459904481}. Best is trial 0 with value: 17.355667114257812.
[I 2023-12-27 11:14:49,871] Trial 44 finished with value: 44.80246353149414 and parameters: {'gradient_clip_val': 0.3286794065545903, 'hidden_size': 6, 'dropout': 0.1606932875642621, 'hidden_continuous_size': 5, 'attention_head_size': 3, 'learning_rate': 0.07931171908055744}. Best is trial 0 with value: 17.355667114257812.
[I 2023-12-27 11:14:50,239] Trial 45 finished with value: 41.93935775756836 and parameters: {'gradient_clip_val': 0.3637799344771565, 'hidden_size': 10, 'dropout': 0.24530764952450768, 'hidden_continuous_size': 6, 'attention_head_size': 3, 'learning_rate': 0.04931590832089242}. Best is trial 0 with value: 17.355667114257812.
[I 2023-12-27 11:14:50,823] Trial 46 finished with value: 34.29550552368164 and parameters: {'gradient_clip_val': 0.20197317561688286, 'hidden_size': 6, 'dropout': 0.1921548164538962, 'hidden_continuous_size': 5, 'attention_head_size': 3, 'learning_rate': 0.08292858025002532}. Best is trial 0 with value: 17.355667114257812.
[I 2023-12-27 11:14:51,218] Trial 47 finished with value: 46.920047760009766 and parameters: {'gradient_clip_val': 0.2707270081032264, 'hidden_size': 34, 'dropout': 0.13801053354677642, 'hidden_continuous_size': 8, 'attention_head_size': 4, 'learning_rate': 0.05642865987135063}. Best is trial 0 with value: 17.355667114257812.
[I 2023-12-27 11:14:51,643] Trial 48 finished with value: 33.91923522949219 and parameters: {'gradient_clip_val': 0.22431525303143582, 'hidden_size': 54, 'dropout': 0.174168007326123, 'hidden_continuous_size': 17, 'attention_head_size': 3, 'learning_rate': 0.041534750301584746}. Best is trial 0 with value: 17.355667114257812.
[I 2023-12-27 11:14:51,998] Trial 49 finished with value: 35.33723068237305 and parameters: {'gradient_clip_val': 0.18154019183063314, 'hidden_size': 16, 'dropout': 0.26536994019959737, 'hidden_continuous_size': 7, 'attention_head_size': 3, 'learning_rate': 0.07926284324613406}. Best is trial 0 with value: 17.355667114257812.
[I 2023-12-27 11:14:52,110] A new study created in memory with name: no-name-5340eb25-6b6d-49a6-98e2-b9396ddfc842
/home/le004/conda/anaconda3/envs/tsff_env/lib/python3.9/site-packages/lightning/fabric/plugins/environments/slurm.py:191: The `srun` command is available on your system but is not used. HINT: If your intention is to run Lightning on SLURM, prepend your python command with `srun` like so: srun python /home/le004/master_thesis/git/TSFusionForecast/code/ ...
[I 2023-12-27 11:15:23,714] Trial 0 finished with value: 52.5574951171875 and parameters: {'gradient_clip_val': 0.15790711987740264, 'hidden_size': 18, 'dropout': 0.19835922631945835, 'hidden_continuous_size': 6, 'attention_head_size': 4, 'learning_rate': 0.004052066700977282}. Best is trial 0 with value: 52.5574951171875.
[I 2023-12-27 11:15:34,026] Trial 1 finished with value: 139.87303161621094 and parameters: {'gradient_clip_val': 0.34768340116490226, 'hidden_size': 13, 'dropout': 0.4621658669380583, 'hidden_continuous_size': 7, 'attention_head_size': 3, 'learning_rate': 0.0017749792172425235}. Best is trial 0 with value: 52.5574951171875.
[I 2023-12-27 11:15:34,427] Trial 2 finished with value: 114.60391235351562 and parameters: {'gradient_clip_val': 0.20444377850672024, 'hidden_size': 54, 'dropout': 0.39956336744760235, 'hidden_continuous_size': 7, 'attention_head_size': 4, 'learning_rate': 0.0026702129369874563}. Best is trial 0 with value: 52.5574951171875.
[I 2023-12-27 11:15:34,798] Trial 3 finished with value: 114.6728515625 and parameters: {'gradient_clip_val': 0.19327941102056248, 'hidden_size': 41, 'dropout': 0.24948730014861226, 'hidden_continuous_size': 12, 'attention_head_size': 2, 'learning_rate': 0.0029951747047342416}. Best is trial 0 with value: 52.5574951171875.
[I 2023-12-27 11:15:35,163] Trial 4 finished with value: 129.89903259277344 and parameters: {'gradient_clip_val': 0.13359927534553198, 'hidden_size': 44, 'dropout': 0.4207051485198793, 'hidden_continuous_size': 5, 'attention_head_size': 3, 'learning_rate': 0.016800490531724593}. Best is trial 0 with value: 52.5574951171875.
[I 2023-12-27 11:15:35,496] Trial 5 finished with value: 163.6178741455078 and parameters: {'gradient_clip_val': 0.14077550356996352, 'hidden_size': 7, 'dropout': 0.3028861045854806, 'hidden_continuous_size': 6, 'attention_head_size': 3, 'learning_rate': 0.00815692884360182}. Best is trial 0 with value: 52.5574951171875.
[I 2023-12-27 11:15:36,062] Trial 6 finished with value: 124.03575897216797 and parameters: {'gradient_clip_val': 0.4674896945069642, 'hidden_size': 37, 'dropout': 0.44805784406439253, 'hidden_continuous_size': 12, 'attention_head_size': 2, 'learning_rate': 0.001214223800227685}. Best is trial 0 with value: 52.5574951171875.
[I 2023-12-27 11:15:36,371] Trial 7 finished with value: 142.2803497314453 and parameters: {'gradient_clip_val': 0.11120191141192387, 'hidden_size': 5, 'dropout': 0.1260236784633834, 'hidden_continuous_size': 5, 'attention_head_size': 4, 'learning_rate': 0.04618489364483137}. Best is trial 0 with value: 52.5574951171875.
[I 2023-12-27 11:15:36,754] Trial 8 finished with value: 168.33990478515625 and parameters: {'gradient_clip_val': 0.4839678871655006, 'hidden_size': 51, 'dropout': 0.39799098318962745, 'hidden_continuous_size': 11, 'attention_head_size': 1, 'learning_rate': 0.0023410996741072333}. Best is trial 0 with value: 52.5574951171875.
[I 2023-12-27 11:15:37,227] Trial 9 finished with value: 137.1313934326172 and parameters: {'gradient_clip_val': 0.109563098818667, 'hidden_size': 90, 'dropout': 0.11898250669322415, 'hidden_continuous_size': 22, 'attention_head_size': 4, 'learning_rate': 0.07172164911335989}. Best is trial 0 with value: 52.5574951171875.
