[I 2023-12-27 11:01:39,866] Trial 49 finished with value: 2.4265427589416504 and parameters: {'gradient_clip_val': 0.2491106758388914, 'hidden_size': 78, 'dropout': 0.23285144001142205, 'hidden_continuous_size': 15, 'attention_head_size': 4, 'learning_rate': 0.007210281892304892}. Best is trial 0 with value: 0.09985235333442688.
[I 2023-12-27 11:01:39,986] A new study created in memory with name: no-name-94b636e4-2ab4-4f4d-a55a-aff8230bde2f
/home/le004/conda/anaconda3/envs/tsff_env/lib/python3.9/site-packages/lightning/fabric/plugins/environments/slurm.py:191: The `srun` command is available on your system but is not used. HINT: If your intention is to run Lightning on SLURM, prepend your python command with `srun` like so: srun python /home/le004/master_thesis/git/TSFusionForecast/code/ ...
[I 2023-12-27 11:02:07,808] Trial 0 finished with value: 5.674035549163818 and parameters: {'gradient_clip_val': 0.22238344341769453, 'hidden_size': 24, 'dropout': 0.19387880573275582, 'hidden_continuous_size': 19, 'attention_head_size': 2, 'learning_rate': 0.007105177387431302}. Best is trial 0 with value: 5.674035549163818.
[I 2023-12-27 11:02:08,154] Trial 1 finished with value: 29.24888801574707 and parameters: {'gradient_clip_val': 0.1558248123297323, 'hidden_size': 18, 'dropout': 0.4827174254793145, 'hidden_continuous_size': 6, 'attention_head_size': 2, 'learning_rate': 0.008506860917102017}. Best is trial 0 with value: 5.674035549163818.
[I 2023-12-27 11:02:08,540] Trial 2 finished with value: 29.941070556640625 and parameters: {'gradient_clip_val': 0.11416736291386523, 'hidden_size': 28, 'dropout': 0.4345913219557902, 'hidden_continuous_size': 10, 'attention_head_size': 3, 'learning_rate': 0.0026169873351723247}. Best is trial 0 with value: 5.674035549163818.
[I 2023-12-27 11:02:09,128] Trial 3 finished with value: 22.658708572387695 and parameters: {'gradient_clip_val': 0.1350792409954987, 'hidden_size': 15, 'dropout': 0.48218567057913386, 'hidden_continuous_size': 6, 'attention_head_size': 2, 'learning_rate': 0.01933327158640397}. Best is trial 0 with value: 5.674035549163818.
[I 2023-12-27 11:02:09,492] Trial 4 finished with value: 25.84778594970703 and parameters: {'gradient_clip_val': 0.10666576553386255, 'hidden_size': 15, 'dropout': 0.21428646156704084, 'hidden_continuous_size': 5, 'attention_head_size': 2, 'learning_rate': 0.021560696781453635}. Best is trial 0 with value: 5.674035549163818.
[I 2023-12-27 11:02:09,844] Trial 5 finished with value: 28.219778060913086 and parameters: {'gradient_clip_val': 0.20822640114923496, 'hidden_size': 15, 'dropout': 0.27770901226544165, 'hidden_continuous_size': 11, 'attention_head_size': 3, 'learning_rate': 0.03241339069830095}. Best is trial 0 with value: 5.674035549163818.
[I 2023-12-27 11:02:10,192] Trial 6 finished with value: 27.66123390197754 and parameters: {'gradient_clip_val': 0.23468214129744738, 'hidden_size': 18, 'dropout': 0.20379094859546454, 'hidden_continuous_size': 10, 'attention_head_size': 4, 'learning_rate': 0.002179488040849701}. Best is trial 0 with value: 5.674035549163818.
[I 2023-12-27 11:02:10,588] Trial 7 finished with value: 20.6218318939209 and parameters: {'gradient_clip_val': 0.545874115905369, 'hidden_size': 53, 'dropout': 0.3575228951598075, 'hidden_continuous_size': 5, 'attention_head_size': 4, 'learning_rate': 0.0006051246251598213}. Best is trial 0 with value: 5.674035549163818.
[I 2023-12-27 11:02:10,903] Trial 8 finished with value: 30.328813552856445 and parameters: {'gradient_clip_val': 0.1622154132740416, 'hidden_size': 10, 'dropout': 0.4952242355233246, 'hidden_continuous_size': 10, 'attention_head_size': 1, 'learning_rate': 0.0011416532255600442}. Best is trial 0 with value: 5.674035549163818.
[I 2023-12-27 11:02:11,234] Trial 9 finished with value: 18.284517288208008 and parameters: {'gradient_clip_val': 0.2328492490076879, 'hidden_size': 6, 'dropout': 0.41691689569643653, 'hidden_continuous_size': 5, 'attention_head_size': 2, 'learning_rate': 0.06979687031480196}. Best is trial 0 with value: 5.674035549163818.
[I 2023-12-27 11:02:11,814] Trial 10 finished with value: 22.243362426757812 and parameters: {'gradient_clip_val': 0.43344886849033665, 'hidden_size': 132, 'dropout': 0.10740522027104349, 'hidden_continuous_size': 49, 'attention_head_size': 1, 'learning_rate': 0.005911700885240701}. Best is trial 0 with value: 5.674035549163818.
[I 2023-12-27 11:02:12,144] Trial 11 finished with value: 26.997343063354492 and parameters: {'gradient_clip_val': 0.32091364538976597, 'hidden_size': 5, 'dropout': 0.36071820811884714, 'hidden_continuous_size': 5, 'attention_head_size': 2, 'learning_rate': 0.09526900723803244}. Best is trial 0 with value: 5.674035549163818.
[I 2023-12-27 11:02:12,544] Trial 12 finished with value: 27.470626831054688 and parameters: {'gradient_clip_val': 0.30916305065139316, 'hidden_size': 8, 'dropout': 0.34611800742918275, 'hidden_continuous_size': 5, 'attention_head_size': 1, 'learning_rate': 0.09633973826660525}. Best is trial 0 with value: 5.674035549163818.
[I 2023-12-27 11:02:12,887] Trial 13 finished with value: 24.79170799255371 and parameters: {'gradient_clip_val': 0.8569383055332324, 'hidden_size': 5, 'dropout': 0.4148770510491985, 'hidden_continuous_size': 5, 'attention_head_size': 3, 'learning_rate': 0.047757593122855845}. Best is trial 0 with value: 5.674035549163818.
[I 2023-12-27 11:02:13,296] Trial 14 finished with value: 20.00584602355957 and parameters: {'gradient_clip_val': 0.213713729725437, 'hidden_size': 41, 'dropout': 0.2688995192250247, 'hidden_continuous_size': 20, 'attention_head_size': 2, 'learning_rate': 0.015956161539065882}. Best is trial 0 with value: 5.674035549163818.
[I 2023-12-27 11:02:13,659] Trial 15 finished with value: 20.90850067138672 and parameters: {'gradient_clip_val': 0.28390461897316943, 'hidden_size': 6, 'dropout': 0.10254212469307206, 'hidden_continuous_size': 5, 'attention_head_size': 3, 'learning_rate': 0.009000224594659306}. Best is trial 0 with value: 5.674035549163818.
[I 2023-12-27 11:02:14,008] Trial 16 finished with value: 25.54294776916504 and parameters: {'gradient_clip_val': 0.1960217866254311, 'hidden_size': 8, 'dropout': 0.18343833578265062, 'hidden_continuous_size': 6, 'attention_head_size': 1, 'learning_rate': 0.04775526779812491}. Best is trial 0 with value: 5.674035549163818.
[I 2023-12-27 11:02:14,606] Trial 17 finished with value: 25.476171493530273 and parameters: {'gradient_clip_val': 0.165568905052301, 'hidden_size': 10, 'dropout': 0.29312530658599545, 'hidden_continuous_size': 7, 'attention_head_size': 2, 'learning_rate': 0.004482976636078897}. Best is trial 0 with value: 5.674035549163818.
[I 2023-12-27 11:02:14,998] Trial 18 finished with value: 22.969228744506836 and parameters: {'gradient_clip_val': 0.26004710239137163, 'hidden_size': 31, 'dropout': 0.2377536746533782, 'hidden_continuous_size': 15, 'attention_head_size': 3, 'learning_rate': 0.010137340658817967}. Best is trial 0 with value: 5.674035549163818.
[I 2023-12-27 11:02:15,424] Trial 19 finished with value: 25.92534828186035 and parameters: {'gradient_clip_val': 0.35748260899854717, 'hidden_size': 55, 'dropout': 0.3243523782759372, 'hidden_continuous_size': 21, 'attention_head_size': 1, 'learning_rate': 0.013177489522837682}. Best is trial 0 with value: 5.674035549163818.
[I 2023-12-27 11:02:15,786] Trial 20 finished with value: 32.35967254638672 and parameters: {'gradient_clip_val': 0.2445305941381475, 'hidden_size': 7, 'dropout': 0.1635176159118673, 'hidden_continuous_size': 5, 'attention_head_size': 2, 'learning_rate': 0.004019511230796837}. Best is trial 0 with value: 5.674035549163818.
[I 2023-12-27 11:02:16,205] Trial 21 finished with value: 22.174346923828125 and parameters: {'gradient_clip_val': 0.2174933186283053, 'hidden_size': 51, 'dropout': 0.2421215056146584, 'hidden_continuous_size': 24, 'attention_head_size': 2, 'learning_rate': 0.015327518991892481}. Best is trial 0 with value: 5.674035549163818.
[I 2023-12-27 11:02:16,578] Trial 22 finished with value: 19.011281967163086 and parameters: {'gradient_clip_val': 0.18595061924877718, 'hidden_size': 24, 'dropout': 0.26603171370178846, 'hidden_continuous_size': 8, 'attention_head_size': 2, 'learning_rate': 0.026501077842660706}. Best is trial 0 with value: 5.674035549163818.
[I 2023-12-27 11:02:16,966] Trial 23 finished with value: 15.640408515930176 and parameters: {'gradient_clip_val': 0.18173327121654329, 'hidden_size': 23, 'dropout': 0.31361310716129337, 'hidden_continuous_size': 8, 'attention_head_size': 2, 'learning_rate': 0.028310135496070657}. Best is trial 0 with value: 5.674035549163818.
[I 2023-12-27 11:02:17,355] Trial 24 finished with value: 31.829153060913086 and parameters: {'gradient_clip_val': 0.1561936069917495, 'hidden_size': 11, 'dropout': 0.39475456958626987, 'hidden_continuous_size': 6, 'attention_head_size': 3, 'learning_rate': 0.042990453679643895}. Best is trial 0 with value: 5.674035549163818.
[I 2023-12-27 11:02:17,737] Trial 25 finished with value: 20.752044677734375 and parameters: {'gradient_clip_val': 0.2566794595711716, 'hidden_size': 21, 'dropout': 0.3147101186489217, 'hidden_continuous_size': 8, 'attention_head_size': 2, 'learning_rate': 0.06661906175835913}. Best is trial 0 with value: 5.674035549163818.
[I 2023-12-27 11:02:18,119] Trial 26 finished with value: 23.901182174682617 and parameters: {'gradient_clip_val': 0.12126359244390038, 'hidden_size': 33, 'dropout': 0.3056526774401482, 'hidden_continuous_size': 8, 'attention_head_size': 1, 'learning_rate': 0.030874842235652816}. Best is trial 0 with value: 5.674035549163818.
[I 2023-12-27 11:02:18,485] Trial 27 finished with value: 20.678579330444336 and parameters: {'gradient_clip_val': 0.1367171602608824, 'hidden_size': 11, 'dropout': 0.3866278557382831, 'hidden_continuous_size': 7, 'attention_head_size': 2, 'learning_rate': 0.06570501798451629}. Best is trial 0 with value: 5.674035549163818.
[I 2023-12-27 11:02:18,867] Trial 28 finished with value: 30.833364486694336 and parameters: {'gradient_clip_val': 0.20079759908446146, 'hidden_size': 25, 'dropout': 0.44434586150836086, 'hidden_continuous_size': 12, 'attention_head_size': 3, 'learning_rate': 0.024913878870315702}. Best is trial 0 with value: 5.674035549163818.
[I 2023-12-27 11:02:19,234] Trial 29 finished with value: 32.81633377075195 and parameters: {'gradient_clip_val': 0.1764788623131176, 'hidden_size': 19, 'dropout': 0.32889445109439513, 'hidden_continuous_size': 7, 'attention_head_size': 2, 'learning_rate': 0.01307627140997483}. Best is trial 0 with value: 5.674035549163818.
[I 2023-12-27 11:02:19,626] Trial 30 finished with value: 22.10111427307129 and parameters: {'gradient_clip_val': 0.17994758791441384, 'hidden_size': 14, 'dropout': 0.3776187168110238, 'hidden_continuous_size': 6, 'attention_head_size': 1, 'learning_rate': 0.00786096161264023}. Best is trial 0 with value: 5.674035549163818.
[I 2023-12-27 11:02:20,248] Trial 31 finished with value: 17.51570701599121 and parameters: {'gradient_clip_val': 0.18571218998519798, 'hidden_size': 24, 'dropout': 0.2663466959477724, 'hidden_continuous_size': 9, 'attention_head_size': 2, 'learning_rate': 0.030732522346865566}. Best is trial 0 with value: 5.674035549163818.
[I 2023-12-27 11:02:20,627] Trial 32 finished with value: 32.1218147277832 and parameters: {'gradient_clip_val': 0.14567853062355124, 'hidden_size': 24, 'dropout': 0.30582365792633265, 'hidden_continuous_size': 9, 'attention_head_size': 2, 'learning_rate': 0.038245760536036996}. Best is trial 0 with value: 5.674035549163818.
[I 2023-12-27 11:02:21,008] Trial 33 finished with value: 23.432538986206055 and parameters: {'gradient_clip_val': 0.12306288045708036, 'hidden_size': 20, 'dropout': 0.24722013198346235, 'hidden_continuous_size': 9, 'attention_head_size': 2, 'learning_rate': 0.022542640882857446}. Best is trial 0 with value: 5.674035549163818.
[I 2023-12-27 11:02:21,409] Trial 34 finished with value: 25.588165283203125 and parameters: {'gradient_clip_val': 0.10260624830160854, 'hidden_size': 30, 'dropout': 0.435256569331521, 'hidden_continuous_size': 12, 'attention_head_size': 2, 'learning_rate': 0.018144477815561562}. Best is trial 0 with value: 5.674035549163818.
[I 2023-12-27 11:02:21,802] Trial 35 finished with value: 25.292200088500977 and parameters: {'gradient_clip_val': 0.14561429572889242, 'hidden_size': 15, 'dropout': 0.4643371811741057, 'hidden_continuous_size': 7, 'attention_head_size': 3, 'learning_rate': 0.033249836510467014}. Best is trial 0 with value: 5.674035549163818.
[I 2023-12-27 11:02:22,169] Trial 36 finished with value: 23.761613845825195 and parameters: {'gradient_clip_val': 0.23014470474771598, 'hidden_size': 13, 'dropout': 0.28726997647426067, 'hidden_continuous_size': 6, 'attention_head_size': 2, 'learning_rate': 0.058447607872539095}. Best is trial 0 with value: 5.674035549163818.
[I 2023-12-27 11:02:22,535] Trial 37 finished with value: 27.823095321655273 and parameters: {'gradient_clip_val': 0.19675937377993025, 'hidden_size': 17, 'dropout': 0.3348133971954395, 'hidden_continuous_size': 8, 'attention_head_size': 2, 'learning_rate': 0.020228777955951915}. Best is trial 0 with value: 5.674035549163818.
[I 2023-12-27 11:02:22,898] Trial 38 finished with value: 26.751283645629883 and parameters: {'gradient_clip_val': 0.1684687771686886, 'hidden_size': 17, 'dropout': 0.406466643791189, 'hidden_continuous_size': 10, 'attention_head_size': 4, 'learning_rate': 0.028858478841169703}. Best is trial 0 with value: 5.674035549163818.
[I 2023-12-27 11:02:23,268] Trial 39 finished with value: 26.922067642211914 and parameters: {'gradient_clip_val': 0.24429329821815662, 'hidden_size': 22, 'dropout': 0.21957881686347644, 'hidden_continuous_size': 9, 'attention_head_size': 2, 'learning_rate': 0.039630851790602745}. Best is trial 0 with value: 5.674035549163818.
[I 2023-12-27 11:02:23,635] Trial 40 finished with value: 26.964174270629883 and parameters: {'gradient_clip_val': 0.21871599990015617, 'hidden_size': 13, 'dropout': 0.3640583412179058, 'hidden_continuous_size': 7, 'attention_head_size': 1, 'learning_rate': 0.010456306500199485}. Best is trial 0 with value: 5.674035549163818.
[I 2023-12-27 11:02:24,030] Trial 41 finished with value: 23.292877197265625 and parameters: {'gradient_clip_val': 0.17939120237838094, 'hidden_size': 26, 'dropout': 0.26465635499587437, 'hidden_continuous_size': 11, 'attention_head_size': 2, 'learning_rate': 0.02517693034603996}. Best is trial 0 with value: 5.674035549163818.
[I 2023-12-27 11:02:24,403] Trial 42 finished with value: 19.85030174255371 and parameters: {'gradient_clip_val': 0.1923190941542548, 'hidden_size': 23, 'dropout': 0.2894824981038118, 'hidden_continuous_size': 9, 'attention_head_size': 2, 'learning_rate': 0.025167337967526675}. Best is trial 0 with value: 5.674035549163818.
[I 2023-12-27 11:02:24,797] Trial 43 finished with value: 34.99239730834961 and parameters: {'gradient_clip_val': 0.15471012135735895, 'hidden_size': 35, 'dropout': 0.2643163396507772, 'hidden_continuous_size': 13, 'attention_head_size': 2, 'learning_rate': 0.076974060842305}. Best is trial 0 with value: 5.674035549163818.
[I 2023-12-27 11:02:25,505] Trial 44 finished with value: 37.63386535644531 and parameters: {'gradient_clip_val': 0.18518473435024682, 'hidden_size': 27, 'dropout': 0.3371971485512641, 'hidden_continuous_size': 8, 'attention_head_size': 3, 'learning_rate': 0.05021251432775231}. Best is trial 0 with value: 5.674035549163818.
[I 2023-12-27 11:02:25,889] Trial 45 finished with value: 29.322141647338867 and parameters: {'gradient_clip_val': 0.2206474843750202, 'hidden_size': 17, 'dropout': 0.35126406693889006, 'hidden_continuous_size': 8, 'attention_head_size': 2, 'learning_rate': 0.03730747439350419}. Best is trial 0 with value: 5.674035549163818.
[I 2023-12-27 11:02:26,273] Trial 46 finished with value: 20.568510055541992 and parameters: {'gradient_clip_val': 0.270281934176166, 'hidden_size': 21, 'dropout': 0.27761941815706975, 'hidden_continuous_size': 10, 'attention_head_size': 2, 'learning_rate': 0.07914390383392868}. Best is trial 0 with value: 5.674035549163818.
[I 2023-12-27 11:02:26,613] Trial 47 finished with value: 19.670076370239258 and parameters: {'gradient_clip_val': 0.29068034074238963, 'hidden_size': 5, 'dropout': 0.3107763685849961, 'hidden_continuous_size': 5, 'attention_head_size': 2, 'learning_rate': 0.052346962126128285}. Best is trial 0 with value: 5.674035549163818.
[I 2023-12-27 11:02:27,016] Trial 48 finished with value: 23.899633407592773 and parameters: {'gradient_clip_val': 0.2369599526433615, 'hidden_size': 40, 'dropout': 0.20174689704409943, 'hidden_continuous_size': 14, 'attention_head_size': 1, 'learning_rate': 0.019101534854395124}. Best is trial 0 with value: 5.674035549163818.
[I 2023-12-27 11:02:27,402] Trial 49 finished with value: 23.377878189086914 and parameters: {'gradient_clip_val': 0.16782084698634325, 'hidden_size': 29, 'dropout': 0.25355260095937343, 'hidden_continuous_size': 11, 'attention_head_size': 2, 'learning_rate': 0.03318680779653546}. Best is trial 0 with value: 5.674035549163818.
[I 2023-12-27 11:02:27,514] A new study created in memory with name: no-name-bceb4180-5dfb-49ae-a876-a17c24172b87
/home/le004/conda/anaconda3/envs/tsff_env/lib/python3.9/site-packages/lightning/fabric/plugins/environments/slurm.py:191: The `srun` command is available on your system but is not used. HINT: If your intention is to run Lightning on SLURM, prepend your python command with `srun` like so: srun python /home/le004/master_thesis/git/TSFusionForecast/code/ ...
[I 2023-12-27 11:03:15,206] Trial 0 finished with value: 106.7413101196289 and parameters: {'gradient_clip_val': 0.19991733917652393, 'hidden_size': 110, 'dropout': 0.2807652362134335, 'hidden_continuous_size': 6, 'attention_head_size': 3, 'learning_rate': 0.014825017988256231}. Best is trial 0 with value: 106.7413101196289.
[I 2023-12-27 11:03:15,563] Trial 1 finished with value: 1055.1060791015625 and parameters: {'gradient_clip_val': 0.9398226161408625, 'hidden_size': 26, 'dropout': 0.33373729768397054, 'hidden_continuous_size': 5, 'attention_head_size': 4, 'learning_rate': 0.0012550631138548466}. Best is trial 0 with value: 106.7413101196289.
[I 2023-12-27 11:03:15,968] Trial 2 finished with value: 1017.5254516601562 and parameters: {'gradient_clip_val': 0.2938044296694422, 'hidden_size': 70, 'dropout': 0.4724764462468296, 'hidden_continuous_size': 6, 'attention_head_size': 4, 'learning_rate': 0.0012912954566418444}. Best is trial 0 with value: 106.7413101196289.
[I 2023-12-27 11:03:16,431] Trial 3 finished with value: 710.1864624023438 and parameters: {'gradient_clip_val': 0.40954932743034667, 'hidden_size': 99, 'dropout': 0.20248529361687312, 'hidden_continuous_size': 34, 'attention_head_size': 4, 'learning_rate': 0.0007288431405375514}. Best is trial 0 with value: 106.7413101196289.
[I 2023-12-27 11:03:16,744] Trial 4 finished with value: 924.3139038085938 and parameters: {'gradient_clip_val': 0.22578768538173938, 'hidden_size': 6, 'dropout': 0.28683935538133287, 'hidden_continuous_size': 6, 'attention_head_size': 3, 'learning_rate': 0.032870917387147716}. Best is trial 0 with value: 106.7413101196289.
[I 2023-12-27 11:03:17,311] Trial 5 finished with value: 1011.2378540039062 and parameters: {'gradient_clip_val': 0.10103053204682577, 'hidden_size': 7, 'dropout': 0.3553622433148679, 'hidden_continuous_size': 5, 'attention_head_size': 3, 'learning_rate': 0.004311199698547389}. Best is trial 0 with value: 106.7413101196289.
[I 2023-12-27 11:03:17,651] Trial 6 finished with value: 1138.2904052734375 and parameters: {'gradient_clip_val': 0.7402626691929758, 'hidden_size': 6, 'dropout': 0.3154966762761569, 'hidden_continuous_size': 5, 'attention_head_size': 4, 'learning_rate': 0.03056961719704629}. Best is trial 0 with value: 106.7413101196289.
[I 2023-12-27 11:03:18,061] Trial 7 finished with value: 1075.9827880859375 and parameters: {'gradient_clip_val': 0.31272497476796607, 'hidden_size': 67, 'dropout': 0.34212746373044944, 'hidden_continuous_size': 14, 'attention_head_size': 1, 'learning_rate': 0.0010087776795913261}. Best is trial 0 with value: 106.7413101196289.
[I 2023-12-27 11:03:18,395] Trial 8 finished with value: 1016.7542114257812 and parameters: {'gradient_clip_val': 0.2911730928985303, 'hidden_size': 7, 'dropout': 0.18058918726334802, 'hidden_continuous_size': 5, 'attention_head_size': 3, 'learning_rate': 0.06308487717486654}. Best is trial 0 with value: 106.7413101196289.
[I 2023-12-27 11:03:18,779] Trial 9 finished with value: 920.60791015625 and parameters: {'gradient_clip_val': 0.13258920215873518, 'hidden_size': 36, 'dropout': 0.1954405978873991, 'hidden_continuous_size': 16, 'attention_head_size': 3, 'learning_rate': 0.04048956716792361}. Best is trial 0 with value: 106.7413101196289.
[I 2023-12-27 11:03:19,401] Trial 10 finished with value: 890.8591918945312 and parameters: {'gradient_clip_val': 0.1719206308992302, 'hidden_size': 146, 'dropout': 0.10940531025832562, 'hidden_continuous_size': 97, 'attention_head_size': 1, 'learning_rate': 0.011305340230302306}. Best is trial 0 with value: 106.7413101196289.
[I 2023-12-27 11:03:19,992] Trial 11 finished with value: 1143.1461181640625 and parameters: {'gradient_clip_val': 0.46837629396436, 'hidden_size': 140, 'dropout': 0.23994653822646875, 'hidden_continuous_size': 39, 'attention_head_size': 2, 'learning_rate': 0.004967431976114171}. Best is trial 0 with value: 106.7413101196289.
[I 2023-12-27 11:03:20,442] Trial 12 finished with value: 998.869873046875 and parameters: {'gradient_clip_val': 0.47865286247593164, 'hidden_size': 84, 'dropout': 0.24856261112236785, 'hidden_continuous_size': 10, 'attention_head_size': 2, 'learning_rate': 0.0005069104519757758}. Best is trial 0 with value: 106.7413101196289.
