[I 2023-12-27 10:56:37,951] Trial 30 finished with value: 57.90549087524414 and parameters: {'gradient_clip_val': 0.7146080733067993, 'hidden_size': 21, 'dropout': 0.19186908114018306, 'hidden_continuous_size': 7, 'attention_head_size': 3, 'learning_rate': 0.01037813392379474}. Best is trial 0 with value: 9.800616264343262.
LOCAL_RANK: 0 - CUDA_VISIBLE_DEVICES: [0]
[I 2023-12-27 10:56:38,382] Trial 31 finished with value: 84.71370697021484 and parameters: {'gradient_clip_val': 0.5611257121089412, 'hidden_size': 10, 'dropout': 0.28467261861062354, 'hidden_continuous_size': 6, 'attention_head_size': 3, 'learning_rate': 0.012160814537002516}. Best is trial 0 with value: 9.800616264343262.
LOCAL_RANK: 0 - CUDA_VISIBLE_DEVICES: [0]
[I 2023-12-27 10:56:38,825] Trial 32 finished with value: 52.295902252197266 and parameters: {'gradient_clip_val': 0.6902225371874087, 'hidden_size': 9, 'dropout': 0.29409680310219144, 'hidden_continuous_size': 7, 'attention_head_size': 3, 'learning_rate': 0.0059148612029285}. Best is trial 0 with value: 9.800616264343262.
LOCAL_RANK: 0 - CUDA_VISIBLE_DEVICES: [0]
[I 2023-12-27 10:56:39,535] Trial 33 finished with value: 53.60208511352539 and parameters: {'gradient_clip_val': 0.46722128013119246, 'hidden_size': 12, 'dropout': 0.2604858850145597, 'hidden_continuous_size': 8, 'attention_head_size': 3, 'learning_rate': 0.00773001577810093}. Best is trial 0 with value: 9.800616264343262.
LOCAL_RANK: 0 - CUDA_VISIBLE_DEVICES: [0]
[I 2023-12-27 10:56:39,978] Trial 34 finished with value: 45.838619232177734 and parameters: {'gradient_clip_val': 0.8168579607321179, 'hidden_size': 9, 'dropout': 0.23084047090515528, 'hidden_continuous_size': 5, 'attention_head_size': 4, 'learning_rate': 0.011646245163961877}. Best is trial 0 with value: 9.800616264343262.
LOCAL_RANK: 0 - CUDA_VISIBLE_DEVICES: [0]
[I 2023-12-27 10:56:40,425] Trial 35 finished with value: 65.64092254638672 and parameters: {'gradient_clip_val': 0.8404492994187989, 'hidden_size': 6, 'dropout': 0.23157083592373068, 'hidden_continuous_size': 5, 'attention_head_size': 4, 'learning_rate': 0.0007034540629428567}. Best is trial 0 with value: 9.800616264343262.
LOCAL_RANK: 0 - CUDA_VISIBLE_DEVICES: [0]
[I 2023-12-27 10:56:40,874] Trial 36 finished with value: 59.816436767578125 and parameters: {'gradient_clip_val': 0.5320900514909045, 'hidden_size': 7, 'dropout': 0.1859803381048798, 'hidden_continuous_size': 5, 'attention_head_size': 4, 'learning_rate': 0.006167460797868879}. Best is trial 0 with value: 9.800616264343262.
LOCAL_RANK: 0 - CUDA_VISIBLE_DEVICES: [0]
[I 2023-12-27 10:56:41,330] Trial 37 finished with value: 59.9244270324707 and parameters: {'gradient_clip_val': 0.8220114487369478, 'hidden_size': 9, 'dropout': 0.2133554955767814, 'hidden_continuous_size': 5, 'attention_head_size': 4, 'learning_rate': 0.020022260613495203}. Best is trial 0 with value: 9.800616264343262.
LOCAL_RANK: 0 - CUDA_VISIBLE_DEVICES: [0]
[I 2023-12-27 10:56:41,796] Trial 38 finished with value: 55.86567687988281 and parameters: {'gradient_clip_val': 0.677688600042521, 'hidden_size': 12, 'dropout': 0.17415900755737382, 'hidden_continuous_size': 6, 'attention_head_size': 1, 'learning_rate': 0.008668746898322675}. Best is trial 0 with value: 9.800616264343262.
LOCAL_RANK: 0 - CUDA_VISIBLE_DEVICES: [0]
[I 2023-12-27 10:56:42,237] Trial 39 finished with value: 55.78411865234375 and parameters: {'gradient_clip_val': 0.5249840900904226, 'hidden_size': 7, 'dropout': 0.23272591566625786, 'hidden_continuous_size': 5, 'attention_head_size': 4, 'learning_rate': 0.0027515505250907324}. Best is trial 0 with value: 9.800616264343262.
LOCAL_RANK: 0 - CUDA_VISIBLE_DEVICES: [0]
[I 2023-12-27 10:56:42,675] Trial 40 finished with value: 60.13798904418945 and parameters: {'gradient_clip_val': 0.9114894751280126, 'hidden_size': 19, 'dropout': 0.16072287422521933, 'hidden_continuous_size': 6, 'attention_head_size': 4, 'learning_rate': 0.00988367357396075}. Best is trial 0 with value: 9.800616264343262.
LOCAL_RANK: 0 - CUDA_VISIBLE_DEVICES: [0]
[I 2023-12-27 10:56:43,099] Trial 41 finished with value: 62.14985656738281 and parameters: {'gradient_clip_val': 0.6482242499633386, 'hidden_size': 10, 'dropout': 0.2683487672916787, 'hidden_continuous_size': 5, 'attention_head_size': 3, 'learning_rate': 0.012182811499742718}. Best is trial 0 with value: 9.800616264343262.
LOCAL_RANK: 0 - CUDA_VISIBLE_DEVICES: [0]
[I 2023-12-27 10:56:43,530] Trial 42 finished with value: 59.1502571105957 and parameters: {'gradient_clip_val': 0.769874103422553, 'hidden_size': 16, 'dropout': 0.2826188327592863, 'hidden_continuous_size': 9, 'attention_head_size': 3, 'learning_rate': 0.00706260630620582}. Best is trial 0 with value: 9.800616264343262.
LOCAL_RANK: 0 - CUDA_VISIBLE_DEVICES: [0]
[I 2023-12-27 10:56:43,960] Trial 43 finished with value: 71.7945785522461 and parameters: {'gradient_clip_val': 0.6313992659400149, 'hidden_size': 10, 'dropout': 0.2124255064412235, 'hidden_continuous_size': 8, 'attention_head_size': 3, 'learning_rate': 0.011376828524396978}. Best is trial 0 with value: 9.800616264343262.
LOCAL_RANK: 0 - CUDA_VISIBLE_DEVICES: [0]
[I 2023-12-27 10:56:44,385] Trial 44 finished with value: 72.54263305664062 and parameters: {'gradient_clip_val': 0.7661875943722243, 'hidden_size': 14, 'dropout': 0.25336202792434737, 'hidden_continuous_size': 9, 'attention_head_size': 2, 'learning_rate': 0.004412631825960011}. Best is trial 0 with value: 9.800616264343262.
LOCAL_RANK: 0 - CUDA_VISIBLE_DEVICES: [0]
[I 2023-12-27 10:56:45,084] Trial 45 finished with value: 64.2367172241211 and parameters: {'gradient_clip_val': 0.9124312049831599, 'hidden_size': 6, 'dropout': 0.23495519987451893, 'hidden_continuous_size': 5, 'attention_head_size': 3, 'learning_rate': 0.008562343453846065}. Best is trial 0 with value: 9.800616264343262.
LOCAL_RANK: 0 - CUDA_VISIBLE_DEVICES: [0]
[I 2023-12-27 10:56:45,524] Trial 46 finished with value: 52.810455322265625 and parameters: {'gradient_clip_val': 0.5568066200098958, 'hidden_size': 8, 'dropout': 0.28081683919206707, 'hidden_continuous_size': 6, 'attention_head_size': 4, 'learning_rate': 0.031045266919692862}. Best is trial 0 with value: 9.800616264343262.
LOCAL_RANK: 0 - CUDA_VISIBLE_DEVICES: [0]
[I 2023-12-27 10:56:45,948] Trial 47 finished with value: 56.33351516723633 and parameters: {'gradient_clip_val': 0.5918198171386301, 'hidden_size': 11, 'dropout': 0.2607070041043657, 'hidden_continuous_size': 8, 'attention_head_size': 2, 'learning_rate': 0.019729021773693428}. Best is trial 0 with value: 9.800616264343262.
LOCAL_RANK: 0 - CUDA_VISIBLE_DEVICES: [0]
[I 2023-12-27 10:56:46,381] Trial 48 finished with value: 53.07883834838867 and parameters: {'gradient_clip_val': 0.993941706053244, 'hidden_size': 9, 'dropout': 0.43457375696548095, 'hidden_continuous_size': 7, 'attention_head_size': 3, 'learning_rate': 0.006606755754512267}. Best is trial 0 with value: 9.800616264343262.
LOCAL_RANK: 0 - CUDA_VISIBLE_DEVICES: [0]
[I 2023-12-27 10:56:46,836] Trial 49 finished with value: 55.976253509521484 and parameters: {'gradient_clip_val': 0.7609262953547402, 'hidden_size': 13, 'dropout': 0.30846799821347365, 'hidden_continuous_size': 9, 'attention_head_size': 4, 'learning_rate': 0.0016544266525180462}. Best is trial 0 with value: 9.800616264343262.
[I 2023-12-27 10:56:46,965] A new study created in memory with name: no-name-1541aa8c-2620-4175-9554-60ae5ab71a84
/home/le004/conda/anaconda3/envs/tsff_env/lib/python3.9/site-packages/lightning/fabric/plugins/environments/slurm.py:191: The `srun` command is available on your system but is not used. HINT: If your intention is to run Lightning on SLURM, prepend your python command with `srun` like so: srun python /home/le004/master_thesis/git/TSFusionForecast/code/ ...
LOCAL_RANK: 0 - CUDA_VISIBLE_DEVICES: [0]
[I 2023-12-27 10:57:17,236] Trial 0 finished with value: 526.6874389648438 and parameters: {'gradient_clip_val': 0.2527338416072165, 'hidden_size': 10, 'dropout': 0.13106566157014332, 'hidden_continuous_size': 8, 'attention_head_size': 4, 'learning_rate': 0.0007148491812750699}. Best is trial 0 with value: 526.6874389648438.
LOCAL_RANK: 0 - CUDA_VISIBLE_DEVICES: [0]
[I 2023-12-27 10:57:44,104] Trial 1 finished with value: 175.1891326904297 and parameters: {'gradient_clip_val': 0.7030210931829983, 'hidden_size': 27, 'dropout': 0.3132440572063085, 'hidden_continuous_size': 5, 'attention_head_size': 2, 'learning_rate': 0.004729703317563762}. Best is trial 1 with value: 175.1891326904297.
LOCAL_RANK: 0 - CUDA_VISIBLE_DEVICES: [0]
[I 2023-12-27 10:57:44,504] Trial 2 finished with value: 904.7999877929688 and parameters: {'gradient_clip_val': 0.5037499186030762, 'hidden_size': 9, 'dropout': 0.3058778924848501, 'hidden_continuous_size': 5, 'attention_head_size': 4, 'learning_rate': 0.004056976362265777}. Best is trial 1 with value: 175.1891326904297.
LOCAL_RANK: 0 - CUDA_VISIBLE_DEVICES: [0]
[I 2023-12-27 10:57:44,879] Trial 3 finished with value: 640.0428466796875 and parameters: {'gradient_clip_val': 0.3662108185877873, 'hidden_size': 5, 'dropout': 0.4859490019047411, 'hidden_continuous_size': 5, 'attention_head_size': 3, 'learning_rate': 0.0006430972075799318}. Best is trial 1 with value: 175.1891326904297.
LOCAL_RANK: 0 - CUDA_VISIBLE_DEVICES: [0]
[I 2023-12-27 10:57:45,597] Trial 4 finished with value: 954.75390625 and parameters: {'gradient_clip_val': 0.1544858985906669, 'hidden_size': 10, 'dropout': 0.41880957524947204, 'hidden_continuous_size': 6, 'attention_head_size': 4, 'learning_rate': 0.0028351178493324263}. Best is trial 1 with value: 175.1891326904297.
LOCAL_RANK: 0 - CUDA_VISIBLE_DEVICES: [0]
[I 2023-12-27 10:57:46,196] Trial 5 finished with value: 779.4821166992188 and parameters: {'gradient_clip_val': 0.10392924092979697, 'hidden_size': 143, 'dropout': 0.299620752308977, 'hidden_continuous_size': 88, 'attention_head_size': 3, 'learning_rate': 0.0022609332382513094}. Best is trial 1 with value: 175.1891326904297.
LOCAL_RANK: 0 - CUDA_VISIBLE_DEVICES: [0]
[I 2023-12-27 10:57:46,706] Trial 6 finished with value: 766.8457641601562 and parameters: {'gradient_clip_val': 0.13243912669502525, 'hidden_size': 29, 'dropout': 0.2674284871285584, 'hidden_continuous_size': 19, 'attention_head_size': 3, 'learning_rate': 0.09298845414980128}. Best is trial 1 with value: 175.1891326904297.
LOCAL_RANK: 0 - CUDA_VISIBLE_DEVICES: [0]
[I 2023-12-27 10:57:47,249] Trial 7 finished with value: 690.498779296875 and parameters: {'gradient_clip_val': 0.10832857946287063, 'hidden_size': 104, 'dropout': 0.1523891165129909, 'hidden_continuous_size': 74, 'attention_head_size': 4, 'learning_rate': 0.02566747041317212}. Best is trial 1 with value: 175.1891326904297.
LOCAL_RANK: 0 - CUDA_VISIBLE_DEVICES: [0]
[I 2023-12-27 10:57:47,751] Trial 8 finished with value: 1002.1455078125 and parameters: {'gradient_clip_val': 0.29977339196443137, 'hidden_size': 29, 'dropout': 0.4100063031114701, 'hidden_continuous_size': 22, 'attention_head_size': 4, 'learning_rate': 0.001665234629510174}. Best is trial 1 with value: 175.1891326904297.
LOCAL_RANK: 0 - CUDA_VISIBLE_DEVICES: [0]
[I 2023-12-27 10:57:48,261] Trial 9 finished with value: 1210.0318603515625 and parameters: {'gradient_clip_val': 0.16547880981002008, 'hidden_size': 78, 'dropout': 0.24469530443881315, 'hidden_continuous_size': 27, 'attention_head_size': 1, 'learning_rate': 0.031523878825926485}. Best is trial 1 with value: 175.1891326904297.
LOCAL_RANK: 0 - CUDA_VISIBLE_DEVICES: [0]
[I 2023-12-27 10:57:48,797] Trial 10 finished with value: 568.4993286132812 and parameters: {'gradient_clip_val': 0.9430918963458073, 'hidden_size': 59, 'dropout': 0.20076361990108038, 'hidden_continuous_size': 10, 'attention_head_size': 1, 'learning_rate': 0.009201049422046753}. Best is trial 1 with value: 175.1891326904297.
LOCAL_RANK: 0 - CUDA_VISIBLE_DEVICES: [0]
[I 2023-12-27 10:57:49,337] Trial 11 finished with value: 735.3624877929688 and parameters: {'gradient_clip_val': 0.9451361007448256, 'hidden_size': 18, 'dropout': 0.10049350780300569, 'hidden_continuous_size': 7, 'attention_head_size': 2, 'learning_rate': 0.0006280920399615868}. Best is trial 1 with value: 175.1891326904297.
LOCAL_RANK: 0 - CUDA_VISIBLE_DEVICES: [0]
[I 2023-12-27 10:57:49,845] Trial 12 finished with value: 911.98095703125 and parameters: {'gradient_clip_val': 0.2532920853122067, 'hidden_size': 17, 'dropout': 0.1055895050969635, 'hidden_continuous_size': 5, 'attention_head_size': 2, 'learning_rate': 0.0012288494477754287}. Best is trial 1 with value: 175.1891326904297.
LOCAL_RANK: 0 - CUDA_VISIBLE_DEVICES: [0]
[I 2023-12-27 10:57:50,398] Trial 13 finished with value: 1042.16015625 and parameters: {'gradient_clip_val': 0.5660429960097287, 'hidden_size': 43, 'dropout': 0.20571932631081458, 'hidden_continuous_size': 8, 'attention_head_size': 2, 'learning_rate': 0.005802827935136741}. Best is trial 1 with value: 175.1891326904297.
LOCAL_RANK: 0 - CUDA_VISIBLE_DEVICES: [0]
[I 2023-12-27 10:57:50,943] Trial 14 finished with value: 851.59619140625 and parameters: {'gradient_clip_val': 0.22244123308179345, 'hidden_size': 40, 'dropout': 0.3398548792529234, 'hidden_continuous_size': 9, 'attention_head_size': 2, 'learning_rate': 0.0011174537951263947}. Best is trial 1 with value: 175.1891326904297.
LOCAL_RANK: 0 - CUDA_VISIBLE_DEVICES: [0]
[I 2023-12-27 10:57:51,459] Trial 15 finished with value: 535.8853149414062 and parameters: {'gradient_clip_val': 0.41104284279274267, 'hidden_size': 19, 'dropout': 0.1736426999011753, 'hidden_continuous_size': 6, 'attention_head_size': 3, 'learning_rate': 0.0005127570227461118}. Best is trial 1 with value: 175.1891326904297.
LOCAL_RANK: 0 - CUDA_VISIBLE_DEVICES: [0]
[I 2023-12-27 10:57:51,958] Trial 16 finished with value: 820.4967651367188 and parameters: {'gradient_clip_val': 0.21840350699435312, 'hidden_size': 11, 'dropout': 0.2443416675746028, 'hidden_continuous_size': 5, 'attention_head_size': 1, 'learning_rate': 0.008762467530752686}. Best is trial 1 with value: 175.1891326904297.
LOCAL_RANK: 0 - CUDA_VISIBLE_DEVICES: [0]
[I 2023-12-27 10:57:52,687] Trial 17 finished with value: 878.74951171875 and parameters: {'gradient_clip_val': 0.6821923728173074, 'hidden_size': 5, 'dropout': 0.35341729537370503, 'hidden_continuous_size': 5, 'attention_head_size': 3, 'learning_rate': 0.00281942667203898}. Best is trial 1 with value: 175.1891326904297.
LOCAL_RANK: 0 - CUDA_VISIBLE_DEVICES: [0]
[I 2023-12-27 10:57:53,236] Trial 18 finished with value: 908.5162963867188 and parameters: {'gradient_clip_val': 0.329832091911155, 'hidden_size': 22, 'dropout': 0.1421363420365746, 'hidden_continuous_size': 7, 'attention_head_size': 2, 'learning_rate': 0.0010419009699381473}. Best is trial 1 with value: 175.1891326904297.
LOCAL_RANK: 0 - CUDA_VISIBLE_DEVICES: [0]
[I 2023-12-27 10:57:53,752] Trial 19 finished with value: 633.8145141601562 and parameters: {'gradient_clip_val': 0.4502964026217338, 'hidden_size': 13, 'dropout': 0.22007504099391767, 'hidden_continuous_size': 6, 'attention_head_size': 1, 'learning_rate': 0.00532882105392654}. Best is trial 1 with value: 175.1891326904297.
LOCAL_RANK: 0 - CUDA_VISIBLE_DEVICES: [0]
[I 2023-12-27 10:57:54,285] Trial 20 finished with value: 1068.401611328125 and parameters: {'gradient_clip_val': 0.7467709632597606, 'hidden_size': 33, 'dropout': 0.17768735018794607, 'hidden_continuous_size': 11, 'attention_head_size': 4, 'learning_rate': 0.0016978635935364923}. Best is trial 1 with value: 175.1891326904297.
LOCAL_RANK: 0 - CUDA_VISIBLE_DEVICES: [0]
[I 2023-12-27 10:57:54,797] Trial 21 finished with value: 731.990478515625 and parameters: {'gradient_clip_val': 0.4001237691862015, 'hidden_size': 22, 'dropout': 0.1772348012917757, 'hidden_continuous_size': 6, 'attention_head_size': 3, 'learning_rate': 0.0006099387954852425}. Best is trial 1 with value: 175.1891326904297.
LOCAL_RANK: 0 - CUDA_VISIBLE_DEVICES: [0]
[I 2023-12-27 10:57:55,315] Trial 22 finished with value: 989.658935546875 and parameters: {'gradient_clip_val': 0.44040820558703736, 'hidden_size': 16, 'dropout': 0.14111383217876425, 'hidden_continuous_size': 6, 'attention_head_size': 3, 'learning_rate': 0.000569181816763904}. Best is trial 1 with value: 175.1891326904297.
LOCAL_RANK: 0 - CUDA_VISIBLE_DEVICES: [0]
[I 2023-12-27 10:57:55,834] Trial 23 finished with value: 906.6256713867188 and parameters: {'gradient_clip_val': 0.5689705744467682, 'hidden_size': 8, 'dropout': 0.12753857674218527, 'hidden_continuous_size': 5, 'attention_head_size': 2, 'learning_rate': 0.0009352198000607264}. Best is trial 1 with value: 175.1891326904297.
LOCAL_RANK: 0 - CUDA_VISIBLE_DEVICES: [0]
[I 2023-12-27 10:57:56,360] Trial 24 finished with value: 671.0772705078125 and parameters: {'gradient_clip_val': 0.30303346776066703, 'hidden_size': 14, 'dropout': 0.17238072162729673, 'hidden_continuous_size': 6, 'attention_head_size': 4, 'learning_rate': 0.0005284711986864621}. Best is trial 1 with value: 175.1891326904297.
LOCAL_RANK: 0 - CUDA_VISIBLE_DEVICES: [0]
[I 2023-12-27 10:57:56,899] Trial 25 finished with value: 868.9551391601562 and parameters: {'gradient_clip_val': 0.3700928073624385, 'hidden_size': 24, 'dropout': 0.225683448578333, 'hidden_continuous_size': 7, 'attention_head_size': 3, 'learning_rate': 0.0009106095580757323}. Best is trial 1 with value: 175.1891326904297.
LOCAL_RANK: 0 - CUDA_VISIBLE_DEVICES: [0]
[I 2023-12-27 10:57:57,417] Trial 26 finished with value: 638.3098754882812 and parameters: {'gradient_clip_val': 0.6864335191876128, 'hidden_size': 19, 'dropout': 0.1736234602079152, 'hidden_continuous_size': 7, 'attention_head_size': 2, 'learning_rate': 0.0016041922399214266}. Best is trial 1 with value: 175.1891326904297.
LOCAL_RANK: 0 - CUDA_VISIBLE_DEVICES: [0]
[I 2023-12-27 10:57:57,930] Trial 27 finished with value: 901.1328125 and parameters: {'gradient_clip_val': 0.5007031889296379, 'hidden_size': 7, 'dropout': 0.10202070917067928, 'hidden_continuous_size': 5, 'attention_head_size': 3, 'learning_rate': 0.0007534506287572176}. Best is trial 1 with value: 175.1891326904297.
LOCAL_RANK: 0 - CUDA_VISIBLE_DEVICES: [0]
[I 2023-12-27 10:57:58,447] Trial 28 finished with value: 604.748779296875 and parameters: {'gradient_clip_val': 0.273991404291238, 'hidden_size': 13, 'dropout': 0.26788903726170976, 'hidden_continuous_size': 6, 'attention_head_size': 4, 'learning_rate': 0.0005014555101675606}. Best is trial 1 with value: 175.1891326904297.
LOCAL_RANK: 0 - CUDA_VISIBLE_DEVICES: [0]
[I 2023-12-27 10:57:58,890] Trial 29 finished with value: 831.3630981445312 and parameters: {'gradient_clip_val': 0.3437428202195143, 'hidden_size': 10, 'dropout': 0.19940241578242207, 'hidden_continuous_size': 5, 'attention_head_size': 4, 'learning_rate': 0.004183589219459745}. Best is trial 1 with value: 175.1891326904297.
LOCAL_RANK: 0 - CUDA_VISIBLE_DEVICES: [0]
[I 2023-12-27 10:57:59,597] Trial 30 finished with value: 881.5775756835938 and parameters: {'gradient_clip_val': 0.4015369651732738, 'hidden_size': 7, 'dropout': 0.12647627757232321, 'hidden_continuous_size': 5, 'attention_head_size': 3, 'learning_rate': 0.0008135378729634692}. Best is trial 1 with value: 175.1891326904297.
LOCAL_RANK: 0 - CUDA_VISIBLE_DEVICES: [0]
[I 2023-12-27 10:58:00,060] Trial 31 finished with value: 864.2041015625 and parameters: {'gradient_clip_val': 0.9986442311304837, 'hidden_size': 52, 'dropout': 0.197942474113316, 'hidden_continuous_size': 10, 'attention_head_size': 1, 'learning_rate': 0.006971880478336402}. Best is trial 1 with value: 175.1891326904297.
LOCAL_RANK: 0 - CUDA_VISIBLE_DEVICES: [0]
[I 2023-12-27 10:58:00,524] Trial 32 finished with value: 734.0492553710938 and parameters: {'gradient_clip_val': 0.8379009058417717, 'hidden_size': 50, 'dropout': 0.14677190218115024, 'hidden_continuous_size': 12, 'attention_head_size': 1, 'learning_rate': 0.009738835389559749}. Best is trial 1 with value: 175.1891326904297.
LOCAL_RANK: 0 - CUDA_VISIBLE_DEVICES: [0]
[I 2023-12-27 10:58:00,986] Trial 33 finished with value: 796.6642456054688 and parameters: {'gradient_clip_val': 0.8572132669617091, 'hidden_size': 64, 'dropout': 0.16447062983441896, 'hidden_continuous_size': 9, 'attention_head_size': 1, 'learning_rate': 0.0036377416227974016}. Best is trial 1 with value: 175.1891326904297.
LOCAL_RANK: 0 - CUDA_VISIBLE_DEVICES: [0]
[I 2023-12-27 10:58:01,469] Trial 34 finished with value: 893.048828125 and parameters: {'gradient_clip_val': 0.5940307309195562, 'hidden_size': 36, 'dropout': 0.2866485012257095, 'hidden_continuous_size': 8, 'attention_head_size': 2, 'learning_rate': 0.002238937557464774}. Best is trial 1 with value: 175.1891326904297.
LOCAL_RANK: 0 - CUDA_VISIBLE_DEVICES: [0]
[I 2023-12-27 10:58:01,918] Trial 35 finished with value: 758.3634643554688 and parameters: {'gradient_clip_val': 0.8332615392029388, 'hidden_size': 29, 'dropout': 0.3215923769504139, 'hidden_continuous_size': 8, 'attention_head_size': 1, 'learning_rate': 0.0012754832035984398}. Best is trial 1 with value: 175.1891326904297.
LOCAL_RANK: 0 - CUDA_VISIBLE_DEVICES: [0]
[I 2023-12-27 10:58:02,403] Trial 36 finished with value: 662.7601928710938 and parameters: {'gradient_clip_val': 0.6575945450489036, 'hidden_size': 23, 'dropout': 0.23591967992417132, 'hidden_continuous_size': 7, 'attention_head_size': 3, 'learning_rate': 0.0007176897672925922}. Best is trial 1 with value: 175.1891326904297.
LOCAL_RANK: 0 - CUDA_VISIBLE_DEVICES: [0]
[I 2023-12-27 10:58:02,874] Trial 37 finished with value: 676.7473754882812 and parameters: {'gradient_clip_val': 0.4904070436672022, 'hidden_size': 31, 'dropout': 0.1925322101191736, 'hidden_continuous_size': 6, 'attention_head_size': 4, 'learning_rate': 0.01306327903236426}. Best is trial 1 with value: 175.1891326904297.
LOCAL_RANK: 0 - CUDA_VISIBLE_DEVICES: [0]
