[I 2023-12-27 11:26:35,407] Trial 43 finished with value: 11.477837562561035 and parameters: {'gradient_clip_val': 0.1968426600308606, 'hidden_size': 6, 'dropout': 0.4062789625174091, 'hidden_continuous_size': 5, 'attention_head_size': 2, 'learning_rate': 0.006687636960219206}. Best is trial 0 with value: 5.136141300201416.
[I 2023-12-27 11:26:35,781] Trial 44 finished with value: 15.713889122009277 and parameters: {'gradient_clip_val': 0.2686440543101741, 'hidden_size': 6, 'dropout': 0.38786030325115867, 'hidden_continuous_size': 5, 'attention_head_size': 3, 'learning_rate': 0.0066949781067385215}. Best is trial 0 with value: 5.136141300201416.
[I 2023-12-27 11:26:36,146] Trial 45 finished with value: 14.977221488952637 and parameters: {'gradient_clip_val': 0.29716995563060306, 'hidden_size': 16, 'dropout': 0.43073954684971405, 'hidden_continuous_size': 11, 'attention_head_size': 1, 'learning_rate': 0.003391529152930114}. Best is trial 0 with value: 5.136141300201416.
[I 2023-12-27 11:26:36,536] Trial 46 finished with value: 13.66049861907959 and parameters: {'gradient_clip_val': 0.1783052955514667, 'hidden_size': 10, 'dropout': 0.3573903063973807, 'hidden_continuous_size': 6, 'attention_head_size': 2, 'learning_rate': 0.007539856181953202}. Best is trial 0 with value: 5.136141300201416.
[I 2023-12-27 11:26:36,940] Trial 47 finished with value: 13.291507720947266 and parameters: {'gradient_clip_val': 0.2294694598563366, 'hidden_size': 8, 'dropout': 0.44056013167781993, 'hidden_continuous_size': 6, 'attention_head_size': 4, 'learning_rate': 0.0027544893190061073}. Best is trial 0 with value: 5.136141300201416.
[I 2023-12-27 11:26:37,317] Trial 48 finished with value: 14.81704044342041 and parameters: {'gradient_clip_val': 0.3348508844185017, 'hidden_size': 6, 'dropout': 0.4022622588214057, 'hidden_continuous_size': 5, 'attention_head_size': 3, 'learning_rate': 0.005144166219143023}. Best is trial 0 with value: 5.136141300201416.
[I 2023-12-27 11:26:37,697] Trial 49 finished with value: 16.34765625 and parameters: {'gradient_clip_val': 0.27972130271274714, 'hidden_size': 11, 'dropout': 0.3792295043772097, 'hidden_continuous_size': 7, 'attention_head_size': 2, 'learning_rate': 0.0035819017400161813}. Best is trial 0 with value: 5.136141300201416.
[I 2023-12-27 11:26:37,818] A new study created in memory with name: no-name-184668c6-b4ec-48dc-85d2-ead8dfb35286
/home/le004/conda/anaconda3/envs/tsff_env/lib/python3.9/site-packages/lightning/fabric/plugins/environments/slurm.py:191: The `srun` command is available on your system but is not used. HINT: If your intention is to run Lightning on SLURM, prepend your python command with `srun` like so: srun python /home/le004/master_thesis/git/TSFusionForecast/code/ ...
[I 2023-12-27 11:27:11,168] Trial 0 finished with value: 120.08162689208984 and parameters: {'gradient_clip_val': 0.33885207899660985, 'hidden_size': 10, 'dropout': 0.2280465412497261, 'hidden_continuous_size': 5, 'attention_head_size': 4, 'learning_rate': 0.0022427375939497473}. Best is trial 0 with value: 120.08162689208984.
[I 2023-12-27 11:27:43,705] Trial 1 finished with value: 24.041074752807617 and parameters: {'gradient_clip_val': 0.1993642468328739, 'hidden_size': 20, 'dropout': 0.1070886537931055, 'hidden_continuous_size': 12, 'attention_head_size': 4, 'learning_rate': 0.009047231186422968}. Best is trial 1 with value: 24.041074752807617.
[I 2023-12-27 11:27:52,895] Trial 2 finished with value: 223.08494567871094 and parameters: {'gradient_clip_val': 0.4897446874173962, 'hidden_size': 5, 'dropout': 0.358173443982997, 'hidden_continuous_size': 5, 'attention_head_size': 4, 'learning_rate': 0.00927394422801669}. Best is trial 1 with value: 24.041074752807617.
[I 2023-12-27 11:27:53,245] Trial 3 finished with value: 292.87567138671875 and parameters: {'gradient_clip_val': 0.17652873020274765, 'hidden_size': 10, 'dropout': 0.19698755203018134, 'hidden_continuous_size': 5, 'attention_head_size': 4, 'learning_rate': 0.03804577095958777}. Best is trial 1 with value: 24.041074752807617.
[I 2023-12-27 11:27:53,652] Trial 4 finished with value: 301.9793701171875 and parameters: {'gradient_clip_val': 0.37173974461353176, 'hidden_size': 51, 'dropout': 0.31676183679323056, 'hidden_continuous_size': 31, 'attention_head_size': 4, 'learning_rate': 0.02197924257734907}. Best is trial 1 with value: 24.041074752807617.
[I 2023-12-27 11:27:54,024] Trial 5 finished with value: 182.42002868652344 and parameters: {'gradient_clip_val': 0.15787822671114368, 'hidden_size': 38, 'dropout': 0.3621104747893241, 'hidden_continuous_size': 9, 'attention_head_size': 3, 'learning_rate': 0.006912641073265436}. Best is trial 1 with value: 24.041074752807617.
[I 2023-12-27 11:27:54,460] Trial 6 finished with value: 272.57635498046875 and parameters: {'gradient_clip_val': 0.1292438457082843, 'hidden_size': 98, 'dropout': 0.3246789623642799, 'hidden_continuous_size': 6, 'attention_head_size': 1, 'learning_rate': 0.0012082696043785373}. Best is trial 1 with value: 24.041074752807617.
[I 2023-12-27 11:27:54,809] Trial 7 finished with value: 271.0308532714844 and parameters: {'gradient_clip_val': 0.12782868062291353, 'hidden_size': 21, 'dropout': 0.3017014728389987, 'hidden_continuous_size': 6, 'attention_head_size': 1, 'learning_rate': 0.02060500075653259}. Best is trial 1 with value: 24.041074752807617.
[I 2023-12-27 11:27:55,403] Trial 8 finished with value: 221.1999969482422 and parameters: {'gradient_clip_val': 0.38459418468526585, 'hidden_size': 51, 'dropout': 0.35625178119380174, 'hidden_continuous_size': 10, 'attention_head_size': 2, 'learning_rate': 0.0017207068152784812}. Best is trial 1 with value: 24.041074752807617.
[I 2023-12-27 11:27:55,729] Trial 9 finished with value: 327.7905578613281 and parameters: {'gradient_clip_val': 0.11136767877527126, 'hidden_size': 7, 'dropout': 0.44128579147926095, 'hidden_continuous_size': 7, 'attention_head_size': 4, 'learning_rate': 0.014325793282494882}. Best is trial 1 with value: 24.041074752807617.
[I 2023-12-27 11:27:56,108] Trial 10 finished with value: 226.51580810546875 and parameters: {'gradient_clip_val': 0.8758427413036262, 'hidden_size': 19, 'dropout': 0.10515685343258097, 'hidden_continuous_size': 14, 'attention_head_size': 3, 'learning_rate': 0.09339441486447703}. Best is trial 1 with value: 24.041074752807617.
[I 2023-12-27 11:27:56,474] Trial 11 finished with value: 250.9268798828125 and parameters: {'gradient_clip_val': 0.21410383067473207, 'hidden_size': 12, 'dropout': 0.19973919732539697, 'hidden_continuous_size': 5, 'attention_head_size': 3, 'learning_rate': 0.003075192022675153}. Best is trial 1 with value: 24.041074752807617.
[I 2023-12-27 11:27:56,837] Trial 12 finished with value: 235.23529052734375 and parameters: {'gradient_clip_val': 0.24697530592303182, 'hidden_size': 14, 'dropout': 0.11633805775842208, 'hidden_continuous_size': 8, 'attention_head_size': 2, 'learning_rate': 0.004147434384236954}. Best is trial 1 with value: 24.041074752807617.
[I 2023-12-27 11:27:57,213] Trial 13 finished with value: 272.5483093261719 and parameters: {'gradient_clip_val': 0.2560971248875906, 'hidden_size': 9, 'dropout': 0.21799052945389646, 'hidden_continuous_size': 5, 'attention_head_size': 4, 'learning_rate': 0.000735326119927776}. Best is trial 1 with value: 24.041074752807617.
[I 2023-12-27 11:27:57,577] Trial 14 finished with value: 257.6676025390625 and parameters: {'gradient_clip_val': 0.30019128231450226, 'hidden_size': 18, 'dropout': 0.16075933288492947, 'hidden_continuous_size': 11, 'attention_head_size': 3, 'learning_rate': 0.0034407802698868234}. Best is trial 1 with value: 24.041074752807617.
[I 2023-12-27 11:27:57,964] Trial 15 finished with value: 196.5382843017578 and parameters: {'gradient_clip_val': 0.19591874866423767, 'hidden_size': 29, 'dropout': 0.25243702895122805, 'hidden_continuous_size': 13, 'attention_head_size': 4, 'learning_rate': 0.0005319943699955627}. Best is trial 1 with value: 24.041074752807617.
[I 2023-12-27 11:27:58,284] Trial 16 finished with value: 226.73150634765625 and parameters: {'gradient_clip_val': 0.2949786137289427, 'hidden_size': 5, 'dropout': 0.15774442407601982, 'hidden_continuous_size': 5, 'attention_head_size': 2, 'learning_rate': 0.002081814526407434}. Best is trial 1 with value: 24.041074752807617.
[I 2023-12-27 11:27:58,664] Trial 17 finished with value: 267.4666748046875 and parameters: {'gradient_clip_val': 0.5056595325492297, 'hidden_size': 15, 'dropout': 0.24771259326117, 'hidden_continuous_size': 6, 'attention_head_size': 3, 'learning_rate': 0.006312046899902768}. Best is trial 1 with value: 24.041074752807617.
[I 2023-12-27 11:27:59,027] Trial 18 finished with value: 253.9896697998047 and parameters: {'gradient_clip_val': 0.15360554579751218, 'hidden_size': 9, 'dropout': 0.1492413213595586, 'hidden_continuous_size': 6, 'attention_head_size': 4, 'learning_rate': 0.0011487657595156014}. Best is trial 1 with value: 24.041074752807617.
[I 2023-12-27 11:27:59,393] Trial 19 finished with value: 244.97052001953125 and parameters: {'gradient_clip_val': 0.10254835831031314, 'hidden_size': 13, 'dropout': 0.10201967358275352, 'hidden_continuous_size': 8, 'attention_head_size': 3, 'learning_rate': 0.004944584627609458}. Best is trial 1 with value: 24.041074752807617.
[I 2023-12-27 11:27:59,785] Trial 20 finished with value: 199.4595489501953 and parameters: {'gradient_clip_val': 0.23192587279227148, 'hidden_size': 26, 'dropout': 0.2631381465502399, 'hidden_continuous_size': 15, 'attention_head_size': 4, 'learning_rate': 0.002408002343664516}. Best is trial 1 with value: 24.041074752807617.
[I 2023-12-27 11:28:00,413] Trial 21 finished with value: 266.89971923828125 and parameters: {'gradient_clip_val': 0.17527264772771678, 'hidden_size': 38, 'dropout': 0.4237554890533226, 'hidden_continuous_size': 9, 'attention_head_size': 3, 'learning_rate': 0.008013817938407114}. Best is trial 1 with value: 24.041074752807617.
[I 2023-12-27 11:28:00,800] Trial 22 finished with value: 253.58642578125 and parameters: {'gradient_clip_val': 0.16279506808352812, 'hidden_size': 26, 'dropout': 0.39498200745260215, 'hidden_continuous_size': 11, 'attention_head_size': 3, 'learning_rate': 0.0060341951766453876}. Best is trial 1 with value: 24.041074752807617.
[I 2023-12-27 11:28:01,193] Trial 23 finished with value: 271.6119689941406 and parameters: {'gradient_clip_val': 0.20119050209904424, 'hidden_size': 36, 'dropout': 0.2749650816310959, 'hidden_continuous_size': 18, 'attention_head_size': 4, 'learning_rate': 0.004504970905814264}. Best is trial 1 with value: 24.041074752807617.
[I 2023-12-27 11:28:01,555] Trial 24 finished with value: 237.2792510986328 and parameters: {'gradient_clip_val': 0.15241273486358828, 'hidden_size': 18, 'dropout': 0.4880333972273537, 'hidden_continuous_size': 7, 'attention_head_size': 2, 'learning_rate': 0.009120169738290137}. Best is trial 1 with value: 24.041074752807617.
[I 2023-12-27 11:28:01,915] Trial 25 finished with value: 268.5945129394531 and parameters: {'gradient_clip_val': 0.1379536799074441, 'hidden_size': 7, 'dropout': 0.22152842919544652, 'hidden_continuous_size': 5, 'attention_head_size': 3, 'learning_rate': 0.0023489719091303474}. Best is trial 1 with value: 24.041074752807617.
[I 2023-12-27 11:28:02,376] Trial 26 finished with value: 238.2866668701172 and parameters: {'gradient_clip_val': 0.19327131459513833, 'hidden_size': 83, 'dropout': 0.2755621388115435, 'hidden_continuous_size': 25, 'attention_head_size': 4, 'learning_rate': 0.00375975369654637}. Best is trial 1 with value: 24.041074752807617.
[I 2023-12-27 11:28:02,728] Trial 27 finished with value: 240.9478302001953 and parameters: {'gradient_clip_val': 0.2614266850898394, 'hidden_size': 16, 'dropout': 0.18130732931128762, 'hidden_continuous_size': 9, 'attention_head_size': 4, 'learning_rate': 0.0111833099160032}. Best is trial 1 with value: 24.041074752807617.
[I 2023-12-27 11:28:03,098] Trial 28 finished with value: 231.7204132080078 and parameters: {'gradient_clip_val': 0.22221184030342858, 'hidden_size': 22, 'dropout': 0.13318537274022324, 'hidden_continuous_size': 12, 'attention_head_size': 3, 'learning_rate': 0.006824705120982132}. Best is trial 1 with value: 24.041074752807617.
[I 2023-12-27 11:28:03,636] Trial 29 finished with value: 311.2491455078125 and parameters: {'gradient_clip_val': 0.114783004513168, 'hidden_size': 128, 'dropout': 0.35172695194951975, 'hidden_continuous_size': 47, 'attention_head_size': 4, 'learning_rate': 0.012852910577810734}. Best is trial 1 with value: 24.041074752807617.
[I 2023-12-27 11:28:03,990] Trial 30 finished with value: 284.3729248046875 and parameters: {'gradient_clip_val': 0.1535529681320502, 'hidden_size': 11, 'dropout': 0.17466164106539026, 'hidden_continuous_size': 7, 'attention_head_size': 2, 'learning_rate': 0.00794845747072937}. Best is trial 1 with value: 24.041074752807617.
[I 2023-12-27 11:28:04,376] Trial 31 finished with value: 270.404296875 and parameters: {'gradient_clip_val': 0.1961356627213706, 'hidden_size': 35, 'dropout': 0.23922030003025288, 'hidden_continuous_size': 14, 'attention_head_size': 4, 'learning_rate': 0.0006987411066080269}. Best is trial 1 with value: 24.041074752807617.
[I 2023-12-27 11:28:04,764] Trial 32 finished with value: 250.38597106933594 and parameters: {'gradient_clip_val': 0.1955785974229078, 'hidden_size': 29, 'dropout': 0.28895545808025636, 'hidden_continuous_size': 12, 'attention_head_size': 4, 'learning_rate': 0.0005007539904779141}. Best is trial 1 with value: 24.041074752807617.
[I 2023-12-27 11:28:05,152] Trial 33 finished with value: 337.7386169433594 and parameters: {'gradient_clip_val': 0.1769812806370714, 'hidden_size': 23, 'dropout': 0.200633581657661, 'hidden_continuous_size': 10, 'attention_head_size': 4, 'learning_rate': 0.0012166406171063293}. Best is trial 1 with value: 24.041074752807617.
[I 2023-12-27 11:28:05,560] Trial 34 finished with value: 178.76060485839844 and parameters: {'gradient_clip_val': 0.337664376418084, 'hidden_size': 45, 'dropout': 0.3289493854328064, 'hidden_continuous_size': 15, 'attention_head_size': 4, 'learning_rate': 0.001674492010402714}. Best is trial 1 with value: 24.041074752807617.
[I 2023-12-27 11:28:06,193] Trial 35 finished with value: 259.5055236816406 and parameters: {'gradient_clip_val': 0.3430965005803852, 'hidden_size': 51, 'dropout': 0.32762435230452863, 'hidden_continuous_size': 16, 'attention_head_size': 4, 'learning_rate': 0.0027861139449036265}. Best is trial 1 with value: 24.041074752807617.
[I 2023-12-27 11:28:06,633] Trial 36 finished with value: 198.9508056640625 and parameters: {'gradient_clip_val': 0.36752661472124043, 'hidden_size': 61, 'dropout': 0.31307652377937656, 'hidden_continuous_size': 20, 'attention_head_size': 1, 'learning_rate': 0.00478435574025925}. Best is trial 1 with value: 24.041074752807617.
[I 2023-12-27 11:28:07,066] Trial 37 finished with value: 275.0224304199219 and parameters: {'gradient_clip_val': 0.41179471038022547, 'hidden_size': 45, 'dropout': 0.33044835412850204, 'hidden_continuous_size': 17, 'attention_head_size': 4, 'learning_rate': 0.018397153679660532}. Best is trial 1 with value: 24.041074752807617.
[I 2023-12-27 11:28:07,503] Trial 38 finished with value: 249.9387664794922 and parameters: {'gradient_clip_val': 0.2834805166218201, 'hidden_size': 65, 'dropout': 0.2945894828189406, 'hidden_continuous_size': 13, 'attention_head_size': 3, 'learning_rate': 0.0018012800581548303}. Best is trial 1 with value: 24.041074752807617.
[I 2023-12-27 11:28:07,895] Trial 39 finished with value: 241.24024963378906 and parameters: {'gradient_clip_val': 0.32784550742264307, 'hidden_size': 34, 'dropout': 0.3768263767725622, 'hidden_continuous_size': 15, 'attention_head_size': 4, 'learning_rate': 0.009935773124866445}. Best is trial 1 with value: 24.041074752807617.
[I 2023-12-27 11:28:08,300] Trial 40 finished with value: 263.2606506347656 and parameters: {'gradient_clip_val': 0.43163022734728496, 'hidden_size': 43, 'dropout': 0.13048791895140927, 'hidden_continuous_size': 10, 'attention_head_size': 3, 'learning_rate': 0.0032056088590434917}. Best is trial 1 with value: 24.041074752807617.
[I 2023-12-27 11:28:08,698] Trial 41 finished with value: 239.0984344482422 and parameters: {'gradient_clip_val': 0.1352353827934978, 'hidden_size': 31, 'dropout': 0.25579992079666347, 'hidden_continuous_size': 13, 'attention_head_size': 4, 'learning_rate': 0.0013696349737873563}. Best is trial 1 with value: 24.041074752807617.
[I 2023-12-27 11:28:09,107] Trial 42 finished with value: 263.79443359375 and parameters: {'gradient_clip_val': 0.23191563354626496, 'hidden_size': 28, 'dropout': 0.23270165164005563, 'hidden_continuous_size': 12, 'attention_head_size': 4, 'learning_rate': 0.0016888748526799782}. Best is trial 1 with value: 24.041074752807617.
[I 2023-12-27 11:28:09,508] Trial 43 finished with value: 168.0072479248047 and parameters: {'gradient_clip_val': 0.27277144961737326, 'hidden_size': 21, 'dropout': 0.3454493821905898, 'hidden_continuous_size': 11, 'attention_head_size': 4, 'learning_rate': 0.00082448306826287}. Best is trial 1 with value: 24.041074752807617.
[I 2023-12-27 11:28:09,914] Trial 44 finished with value: 269.7341613769531 and parameters: {'gradient_clip_val': 0.26517959947111835, 'hidden_size': 22, 'dropout': 0.34715037136242016, 'hidden_continuous_size': 11, 'attention_head_size': 4, 'learning_rate': 0.028733522424897472}. Best is trial 1 with value: 24.041074752807617.
[I 2023-12-27 11:28:10,299] Trial 45 finished with value: 269.9333801269531 and parameters: {'gradient_clip_val': 0.31628143209939347, 'hidden_size': 18, 'dropout': 0.3738475038264004, 'hidden_continuous_size': 9, 'attention_head_size': 4, 'learning_rate': 0.0009456244484751897}. Best is trial 1 with value: 24.041074752807617.
[I 2023-12-27 11:28:10,680] Trial 46 finished with value: 246.56507873535156 and parameters: {'gradient_clip_val': 0.2847672938898131, 'hidden_size': 13, 'dropout': 0.2994906842757297, 'hidden_continuous_size': 9, 'attention_head_size': 4, 'learning_rate': 0.0015811605842855495}. Best is trial 1 with value: 24.041074752807617.
[I 2023-12-27 11:28:11,050] Trial 47 finished with value: 232.0574493408203 and parameters: {'gradient_clip_val': 0.2378693193938762, 'hidden_size': 20, 'dropout': 0.31459029928319165, 'hidden_continuous_size': 8, 'attention_head_size': 3, 'learning_rate': 0.0028815311043384156}. Best is trial 1 with value: 24.041074752807617.
[I 2023-12-27 11:28:11,435] Trial 48 finished with value: 183.52880859375 and parameters: {'gradient_clip_val': 0.35586409948453496, 'hidden_size': 16, 'dropout': 0.34526538939469276, 'hidden_continuous_size': 10, 'attention_head_size': 4, 'learning_rate': 0.0009490809410151321}. Best is trial 1 with value: 24.041074752807617.
[I 2023-12-27 11:28:12,108] Trial 49 finished with value: 228.7445068359375 and parameters: {'gradient_clip_val': 0.3149286573036991, 'hidden_size': 40, 'dropout': 0.2069677889907819, 'hidden_continuous_size': 6, 'attention_head_size': 4, 'learning_rate': 0.0019538375351646244}. Best is trial 1 with value: 24.041074752807617.
[I 2023-12-27 11:28:12,216] A new study created in memory with name: no-name-c8351b04-17e8-4be6-9894-df792438c49d
/home/le004/conda/anaconda3/envs/tsff_env/lib/python3.9/site-packages/lightning/fabric/plugins/environments/slurm.py:191: The `srun` command is available on your system but is not used. HINT: If your intention is to run Lightning on SLURM, prepend your python command with `srun` like so: srun python /home/le004/master_thesis/git/TSFusionForecast/code/ ...
[I 2023-12-27 11:28:46,974] Trial 0 finished with value: 20.79749298095703 and parameters: {'gradient_clip_val': 0.17270797054116407, 'hidden_size': 20, 'dropout': 0.3136295046839106, 'hidden_continuous_size': 18, 'attention_head_size': 4, 'learning_rate': 0.0008403891583702078}. Best is trial 0 with value: 20.79749298095703.
[I 2023-12-27 11:29:09,226] Trial 1 finished with value: 15.186772346496582 and parameters: {'gradient_clip_val': 0.1721064649694414, 'hidden_size': 14, 'dropout': 0.48472521808667934, 'hidden_continuous_size': 7, 'attention_head_size': 3, 'learning_rate': 0.05645050156354725}. Best is trial 1 with value: 15.186772346496582.
[I 2023-12-27 11:29:09,624] Trial 2 finished with value: 45.82489013671875 and parameters: {'gradient_clip_val': 0.421123237607073, 'hidden_size': 41, 'dropout': 0.36106437687261106, 'hidden_continuous_size': 7, 'attention_head_size': 3, 'learning_rate': 0.01402366130238308}. Best is trial 1 with value: 15.186772346496582.
[I 2023-12-27 11:29:10,018] Trial 3 finished with value: 39.24763488769531 and parameters: {'gradient_clip_val': 0.3900015322896506, 'hidden_size': 51, 'dropout': 0.4418647389000513, 'hidden_continuous_size': 15, 'attention_head_size': 1, 'learning_rate': 0.0944519580960644}. Best is trial 1 with value: 15.186772346496582.
[I 2023-12-27 11:29:10,414] Trial 4 finished with value: 43.74253463745117 and parameters: {'gradient_clip_val': 0.8851950272581448, 'hidden_size': 48, 'dropout': 0.29609418326399184, 'hidden_continuous_size': 32, 'attention_head_size': 2, 'learning_rate': 0.0006046659034515908}. Best is trial 1 with value: 15.186772346496582.
[I 2023-12-27 11:29:10,808] Trial 5 finished with value: 44.34512710571289 and parameters: {'gradient_clip_val': 0.2533533227032435, 'hidden_size': 49, 'dropout': 0.2919231378915984, 'hidden_continuous_size': 8, 'attention_head_size': 2, 'learning_rate': 0.0009679629087167797}. Best is trial 1 with value: 15.186772346496582.
[I 2023-12-27 11:29:11,146] Trial 6 finished with value: 44.0321159362793 and parameters: {'gradient_clip_val': 0.14244937616324396, 'hidden_size': 8, 'dropout': 0.4983935990922964, 'hidden_continuous_size': 5, 'attention_head_size': 1, 'learning_rate': 0.0023294080715641845}. Best is trial 1 with value: 15.186772346496582.
