[I 2023-12-27 11:05:41,854] Trial 43 finished with value: 14.471327781677246 and parameters: {'gradient_clip_val': 0.2207242071518547, 'hidden_size': 69, 'dropout': 0.3867639555862654, 'hidden_continuous_size': 27, 'attention_head_size': 2, 'learning_rate': 0.0008862554620746179}. Best is trial 0 with value: 3.2155964374542236.
[I 2023-12-27 11:05:42,299] Trial 44 finished with value: 12.065770149230957 and parameters: {'gradient_clip_val': 0.5166945884986037, 'hidden_size': 45, 'dropout': 0.42512111419366433, 'hidden_continuous_size': 20, 'attention_head_size': 3, 'learning_rate': 0.0005593442912121059}. Best is trial 0 with value: 3.2155964374542236.
[I 2023-12-27 11:05:42,697] Trial 45 finished with value: 11.92232608795166 and parameters: {'gradient_clip_val': 0.4468718996708255, 'hidden_size': 31, 'dropout': 0.36667566376968586, 'hidden_continuous_size': 13, 'attention_head_size': 2, 'learning_rate': 0.0007261776230375821}. Best is trial 0 with value: 3.2155964374542236.
[I 2023-12-27 11:05:43,384] Trial 46 finished with value: 13.481112480163574 and parameters: {'gradient_clip_val': 0.5003822073029218, 'hidden_size': 55, 'dropout': 0.3478868610367446, 'hidden_continuous_size': 24, 'attention_head_size': 3, 'learning_rate': 0.0012269172700020586}. Best is trial 0 with value: 3.2155964374542236.
[I 2023-12-27 11:05:43,808] Trial 47 finished with value: 11.374893188476562 and parameters: {'gradient_clip_val': 0.5935624797940565, 'hidden_size': 38, 'dropout': 0.37366954709716654, 'hidden_continuous_size': 23, 'attention_head_size': 1, 'learning_rate': 0.0019150979627572833}. Best is trial 0 with value: 3.2155964374542236.
[I 2023-12-27 11:05:44,259] Trial 48 finished with value: 11.99052906036377 and parameters: {'gradient_clip_val': 0.3362877090024999, 'hidden_size': 73, 'dropout': 0.313196546138545, 'hidden_continuous_size': 35, 'attention_head_size': 2, 'learning_rate': 0.0010963874902041803}. Best is trial 0 with value: 3.2155964374542236.
[I 2023-12-27 11:05:44,693] Trial 49 finished with value: 9.864253044128418 and parameters: {'gradient_clip_val': 0.8928097281560519, 'hidden_size': 59, 'dropout': 0.3427496310026503, 'hidden_continuous_size': 27, 'attention_head_size': 1, 'learning_rate': 0.0006039266779605189}. Best is trial 0 with value: 3.2155964374542236.
[I 2023-12-27 11:05:44,805] A new study created in memory with name: no-name-eaaf040f-4fd7-4b64-a6c9-a622a4635719
/home/le004/conda/anaconda3/envs/tsff_env/lib/python3.9/site-packages/lightning/fabric/plugins/environments/slurm.py:191: The `srun` command is available on your system but is not used. HINT: If your intention is to run Lightning on SLURM, prepend your python command with `srun` like so: srun python /home/le004/master_thesis/git/TSFusionForecast/code/ ...
[I 2023-12-27 11:06:10,468] Trial 0 finished with value: 18.724502563476562 and parameters: {'gradient_clip_val': 0.9631878096017225, 'hidden_size': 116, 'dropout': 0.3424756959362901, 'hidden_continuous_size': 33, 'attention_head_size': 3, 'learning_rate': 0.006162331075820628}. Best is trial 0 with value: 18.724502563476562.
[I 2023-12-27 11:06:10,845] Trial 1 finished with value: 48.12986755371094 and parameters: {'gradient_clip_val': 0.12037658831788049, 'hidden_size': 29, 'dropout': 0.44099723337380625, 'hidden_continuous_size': 12, 'attention_head_size': 3, 'learning_rate': 0.002424888554489383}. Best is trial 0 with value: 18.724502563476562.
[I 2023-12-27 11:06:11,200] Trial 2 finished with value: 52.61289978027344 and parameters: {'gradient_clip_val': 0.4785879073181283, 'hidden_size': 10, 'dropout': 0.15194354937910184, 'hidden_continuous_size': 8, 'attention_head_size': 4, 'learning_rate': 0.03476538784086642}. Best is trial 0 with value: 18.724502563476562.
[I 2023-12-27 11:06:11,576] Trial 3 finished with value: 44.4268798828125 and parameters: {'gradient_clip_val': 0.3099612854668985, 'hidden_size': 9, 'dropout': 0.3114620303632305, 'hidden_continuous_size': 5, 'attention_head_size': 3, 'learning_rate': 0.006068178016745079}. Best is trial 0 with value: 18.724502563476562.
[I 2023-12-27 11:06:11,921] Trial 4 finished with value: 69.29151153564453 and parameters: {'gradient_clip_val': 0.13709303208898663, 'hidden_size': 10, 'dropout': 0.4737483414355379, 'hidden_continuous_size': 6, 'attention_head_size': 1, 'learning_rate': 0.008756577349193332}. Best is trial 0 with value: 18.724502563476562.
[I 2023-12-27 11:06:12,366] Trial 5 finished with value: 50.05317306518555 and parameters: {'gradient_clip_val': 0.5622578344317163, 'hidden_size': 83, 'dropout': 0.4051736202099633, 'hidden_continuous_size': 21, 'attention_head_size': 2, 'learning_rate': 0.0007785383537848145}. Best is trial 0 with value: 18.724502563476562.
[I 2023-12-27 11:06:12,736] Trial 6 finished with value: 40.165565490722656 and parameters: {'gradient_clip_val': 0.560565555128385, 'hidden_size': 30, 'dropout': 0.2568508917959068, 'hidden_continuous_size': 7, 'attention_head_size': 3, 'learning_rate': 0.009341000598835119}. Best is trial 0 with value: 18.724502563476562.
[I 2023-12-27 11:06:13,239] Trial 7 finished with value: 50.17948913574219 and parameters: {'gradient_clip_val': 0.8849554834272435, 'hidden_size': 125, 'dropout': 0.23011174689564823, 'hidden_continuous_size': 13, 'attention_head_size': 3, 'learning_rate': 0.0005748293122445103}. Best is trial 0 with value: 18.724502563476562.
[I 2023-12-27 11:06:13,899] Trial 8 finished with value: 29.100500106811523 and parameters: {'gradient_clip_val': 0.6288086286817104, 'hidden_size': 86, 'dropout': 0.11141895604287183, 'hidden_continuous_size': 5, 'attention_head_size': 4, 'learning_rate': 0.017127318921741883}. Best is trial 0 with value: 18.724502563476562.
[I 2023-12-27 11:06:14,357] Trial 9 finished with value: 65.49409484863281 and parameters: {'gradient_clip_val': 0.4851820391618807, 'hidden_size': 91, 'dropout': 0.3779725194367217, 'hidden_continuous_size': 12, 'attention_head_size': 3, 'learning_rate': 0.0007140075262473496}. Best is trial 0 with value: 18.724502563476562.
[I 2023-12-27 11:06:14,778] Trial 10 finished with value: 57.795772552490234 and parameters: {'gradient_clip_val': 0.8950897518908915, 'hidden_size': 45, 'dropout': 0.4990816915434526, 'hidden_continuous_size': 40, 'attention_head_size': 1, 'learning_rate': 0.05735423539423601}. Best is trial 0 with value: 18.724502563476562.
[I 2023-12-27 11:06:15,387] Trial 11 finished with value: 53.1962776184082 and parameters: {'gradient_clip_val': 0.8808727252727219, 'hidden_size': 142, 'dropout': 0.10117742669833328, 'hidden_continuous_size': 66, 'attention_head_size': 4, 'learning_rate': 0.022473000369323513}. Best is trial 0 with value: 18.724502563476562.
[I 2023-12-27 11:06:15,821] Trial 12 finished with value: 57.57512283325195 and parameters: {'gradient_clip_val': 0.9625153174074382, 'hidden_size': 60, 'dropout': 0.3307089166550609, 'hidden_continuous_size': 23, 'attention_head_size': 4, 'learning_rate': 0.09508601847974026}. Best is trial 0 with value: 18.724502563476562.
[I 2023-12-27 11:06:16,260] Trial 13 finished with value: 49.110286712646484 and parameters: {'gradient_clip_val': 0.6647519621867328, 'hidden_size': 62, 'dropout': 0.2119987032130967, 'hidden_continuous_size': 28, 'attention_head_size': 2, 'learning_rate': 0.022776229635570522}. Best is trial 0 with value: 18.724502563476562.
[I 2023-12-27 11:06:16,881] Trial 14 finished with value: 38.14356994628906 and parameters: {'gradient_clip_val': 0.3569738364984073, 'hidden_size': 131, 'dropout': 0.3493314849264522, 'hidden_continuous_size': 122, 'attention_head_size': 4, 'learning_rate': 0.0038579147370358044}. Best is trial 0 with value: 18.724502563476562.
[I 2023-12-27 11:06:17,284] Trial 15 finished with value: 40.1797981262207 and parameters: {'gradient_clip_val': 0.7194215119450148, 'hidden_size': 43, 'dropout': 0.2795588156338962, 'hidden_continuous_size': 9, 'attention_head_size': 2, 'learning_rate': 0.014481531010276664}. Best is trial 0 with value: 18.724502563476562.
[I 2023-12-27 11:06:17,657] Trial 16 finished with value: 55.1240119934082 and parameters: {'gradient_clip_val': 0.6851260834508751, 'hidden_size': 18, 'dropout': 0.16902476351678228, 'hidden_continuous_size': 5, 'attention_head_size': 4, 'learning_rate': 0.0027799362144930464}. Best is trial 0 with value: 18.724502563476562.
[I 2023-12-27 11:06:18,150] Trial 17 finished with value: 42.15327072143555 and parameters: {'gradient_clip_val': 0.9726588658387351, 'hidden_size': 84, 'dropout': 0.280790052277188, 'hidden_continuous_size': 15, 'attention_head_size': 4, 'learning_rate': 0.013974070208049435}. Best is trial 0 with value: 18.724502563476562.
[I 2023-12-27 11:06:18,493] Trial 18 finished with value: 35.37907409667969 and parameters: {'gradient_clip_val': 0.3885282147044498, 'hidden_size': 5, 'dropout': 0.35319569235941917, 'hidden_continuous_size': 5, 'attention_head_size': 3, 'learning_rate': 0.006122645328201473}. Best is trial 0 with value: 18.724502563476562.
[I 2023-12-27 11:06:19,001] Trial 19 finished with value: 44.39743423461914 and parameters: {'gradient_clip_val': 0.26428618085148453, 'hidden_size': 104, 'dropout': 0.3164618393038699, 'hidden_continuous_size': 36, 'attention_head_size': 2, 'learning_rate': 0.03602623078100539}. Best is trial 0 with value: 18.724502563476562.
[I 2023-12-27 11:06:19,577] Trial 20 finished with value: 47.263336181640625 and parameters: {'gradient_clip_val': 0.7282269601860978, 'hidden_size': 148, 'dropout': 0.40442953982493157, 'hidden_continuous_size': 18, 'attention_head_size': 4, 'learning_rate': 0.001649863146708112}. Best is trial 0 with value: 18.724502563476562.
[I 2023-12-27 11:06:19,906] Trial 21 finished with value: 40.5610466003418 and parameters: {'gradient_clip_val': 0.42146532557809624, 'hidden_size': 5, 'dropout': 0.35701836741523846, 'hidden_continuous_size': 5, 'attention_head_size': 3, 'learning_rate': 0.005638649640604919}. Best is trial 0 with value: 18.724502563476562.
[I 2023-12-27 11:06:20,548] Trial 22 finished with value: 69.19551849365234 and parameters: {'gradient_clip_val': 0.5980129764267701, 'hidden_size': 18, 'dropout': 0.30057562251680364, 'hidden_continuous_size': 6, 'attention_head_size': 3, 'learning_rate': 0.005484998352223266}. Best is trial 0 with value: 18.724502563476562.
[I 2023-12-27 11:06:20,995] Trial 23 finished with value: 52.04405212402344 and parameters: {'gradient_clip_val': 0.7786515388746562, 'hidden_size': 66, 'dropout': 0.37058333755850215, 'hidden_continuous_size': 9, 'attention_head_size': 3, 'learning_rate': 0.011220266110957496}. Best is trial 0 with value: 18.724502563476562.
[I 2023-12-27 11:06:21,500] Trial 24 finished with value: 48.31483840942383 and parameters: {'gradient_clip_val': 0.40018525087301005, 'hidden_size': 103, 'dropout': 0.3281904350419572, 'hidden_continuous_size': 7, 'attention_head_size': 2, 'learning_rate': 0.008597720467266104}. Best is trial 0 with value: 18.724502563476562.
[I 2023-12-27 11:06:21,909] Trial 25 finished with value: 44.00957107543945 and parameters: {'gradient_clip_val': 0.5271586826870386, 'hidden_size': 45, 'dropout': 0.2591993256697427, 'hidden_continuous_size': 10, 'attention_head_size': 3, 'learning_rate': 0.0036572919334896246}. Best is trial 0 with value: 18.724502563476562.
[I 2023-12-27 11:06:22,242] Trial 26 finished with value: 54.275630950927734 and parameters: {'gradient_clip_val': 0.6271818804224807, 'hidden_size': 5, 'dropout': 0.39799691512904906, 'hidden_continuous_size': 5, 'attention_head_size': 4, 'learning_rate': 0.0067041083000111785}. Best is trial 0 with value: 18.724502563476562.
[I 2023-12-27 11:06:22,704] Trial 27 finished with value: 47.28688430786133 and parameters: {'gradient_clip_val': 0.26069276508141964, 'hidden_size': 73, 'dropout': 0.34685569224599594, 'hidden_continuous_size': 7, 'attention_head_size': 3, 'learning_rate': 0.01490956956890386}. Best is trial 0 with value: 18.724502563476562.
[I 2023-12-27 11:06:23,202] Trial 28 finished with value: 36.66822814941406 and parameters: {'gradient_clip_val': 0.7601526721237771, 'hidden_size': 106, 'dropout': 0.4331006174230633, 'hidden_continuous_size': 10, 'attention_head_size': 2, 'learning_rate': 0.011211744765753871}. Best is trial 0 with value: 18.724502563476562.
[I 2023-12-27 11:06:23,622] Trial 29 finished with value: 43.22099685668945 and parameters: {'gradient_clip_val': 0.820074162519325, 'hidden_size': 34, 'dropout': 0.2928048009414739, 'hidden_continuous_size': 6, 'attention_head_size': 4, 'learning_rate': 0.0018282064484002496}. Best is trial 0 with value: 18.724502563476562.
[I 2023-12-27 11:06:24,048] Trial 30 finished with value: 42.80343246459961 and parameters: {'gradient_clip_val': 0.6348057157346411, 'hidden_size': 55, 'dropout': 0.376274506970327, 'hidden_continuous_size': 14, 'attention_head_size': 3, 'learning_rate': 0.0042152957456052685}. Best is trial 0 with value: 18.724502563476562.
[I 2023-12-27 11:06:24,544] Trial 31 finished with value: 58.949462890625 and parameters: {'gradient_clip_val': 0.7551414429642862, 'hidden_size': 107, 'dropout': 0.43729220737085805, 'hidden_continuous_size': 11, 'attention_head_size': 2, 'learning_rate': 0.011746340271040542}. Best is trial 0 with value: 18.724502563476562.
[I 2023-12-27 11:06:24,996] Trial 32 finished with value: 42.12643814086914 and parameters: {'gradient_clip_val': 0.9919242090780996, 'hidden_size': 78, 'dropout': 0.43088812549355776, 'hidden_continuous_size': 8, 'attention_head_size': 1, 'learning_rate': 0.00760090658551136}. Best is trial 0 with value: 18.724502563476562.
[I 2023-12-27 11:06:25,505] Trial 33 finished with value: 38.1766242980957 and parameters: {'gradient_clip_val': 0.8177598853379652, 'hidden_size': 114, 'dropout': 0.33842724256075957, 'hidden_continuous_size': 10, 'attention_head_size': 2, 'learning_rate': 0.018964081870184096}. Best is trial 0 with value: 18.724502563476562.
[I 2023-12-27 11:06:25,980] Trial 34 finished with value: 52.74961853027344 and parameters: {'gradient_clip_val': 0.4890369984280621, 'hidden_size': 94, 'dropout': 0.46651152924369943, 'hidden_continuous_size': 8, 'attention_head_size': 2, 'learning_rate': 0.00946728693162023}. Best is trial 0 with value: 18.724502563476562.
[I 2023-12-27 11:06:26,811] Trial 35 finished with value: 58.797054290771484 and parameters: {'gradient_clip_val': 0.5876834230649352, 'hidden_size': 148, 'dropout': 0.3153047805354851, 'hidden_continuous_size': 5, 'attention_head_size': 3, 'learning_rate': 0.00597812929448088}. Best is trial 0 with value: 18.724502563476562.
[I 2023-12-27 11:06:27,279] Trial 36 finished with value: 50.69977951049805 and parameters: {'gradient_clip_val': 0.7108779308450593, 'hidden_size': 75, 'dropout': 0.40739038937044625, 'hidden_continuous_size': 6, 'attention_head_size': 1, 'learning_rate': 0.007601876739892778}. Best is trial 0 with value: 18.724502563476562.
[I 2023-12-27 11:06:27,791] Trial 37 finished with value: 43.12278366088867 and parameters: {'gradient_clip_val': 0.5295399818175439, 'hidden_size': 115, 'dropout': 0.10015610569015938, 'hidden_continuous_size': 16, 'attention_head_size': 2, 'learning_rate': 0.011047443765663344}. Best is trial 0 with value: 18.724502563476562.
[I 2023-12-27 11:06:28,265] Trial 38 finished with value: 57.02901077270508 and parameters: {'gradient_clip_val': 0.821416117466095, 'hidden_size': 91, 'dropout': 0.4227873037121364, 'hidden_continuous_size': 11, 'attention_head_size': 3, 'learning_rate': 0.018601275551016}. Best is trial 0 with value: 18.724502563476562.
[I 2023-12-27 11:06:28,794] Trial 39 finished with value: 57.79974365234375 and parameters: {'gradient_clip_val': 0.4422001970863512, 'hidden_size': 125, 'dropout': 0.3868971888453359, 'hidden_continuous_size': 13, 'attention_head_size': 3, 'learning_rate': 0.004739709181608308}. Best is trial 0 with value: 18.724502563476562.
[I 2023-12-27 11:06:29,181] Trial 40 finished with value: 46.81498718261719 and parameters: {'gradient_clip_val': 0.6424667532811842, 'hidden_size': 22, 'dropout': 0.45479121931568733, 'hidden_continuous_size': 6, 'attention_head_size': 1, 'learning_rate': 0.0075256614856867845}. Best is trial 0 with value: 18.724502563476562.
[I 2023-12-27 11:06:29,799] Trial 41 finished with value: 42.20124435424805 and parameters: {'gradient_clip_val': 0.3651339414216114, 'hidden_size': 124, 'dropout': 0.35797835862104027, 'hidden_continuous_size': 122, 'attention_head_size': 4, 'learning_rate': 0.003489099497978822}. Best is trial 0 with value: 18.724502563476562.
[I 2023-12-27 11:06:30,282] Trial 42 finished with value: 33.733848571777344 and parameters: {'gradient_clip_val': 0.3682036621608843, 'hidden_size': 92, 'dropout': 0.3600203794581494, 'hidden_continuous_size': 20, 'attention_head_size': 4, 'learning_rate': 0.0048828360449414635}. Best is trial 0 with value: 18.724502563476562.
[I 2023-12-27 11:06:30,761] Trial 43 finished with value: 42.34917449951172 and parameters: {'gradient_clip_val': 0.32157841872865334, 'hidden_size': 91, 'dropout': 0.3673781225087897, 'hidden_continuous_size': 18, 'attention_head_size': 4, 'learning_rate': 0.0046990537513449315}. Best is trial 0 with value: 18.724502563476562.
[I 2023-12-27 11:06:31,206] Trial 44 finished with value: 43.50924301147461 and parameters: {'gradient_clip_val': 0.48124507890323026, 'hidden_size': 68, 'dropout': 0.38567253777864724, 'hidden_continuous_size': 21, 'attention_head_size': 4, 'learning_rate': 0.006344297615670177}. Best is trial 0 with value: 18.724502563476562.
[I 2023-12-27 11:06:31,633] Trial 45 finished with value: 42.31535339355469 and parameters: {'gradient_clip_val': 0.5543270706074942, 'hidden_size': 55, 'dropout': 0.33429054869508085, 'hidden_continuous_size': 7, 'attention_head_size': 3, 'learning_rate': 0.009687706835595786}. Best is trial 0 with value: 18.724502563476562.
[I 2023-12-27 11:06:32,097] Trial 46 finished with value: 28.61830711364746 and parameters: {'gradient_clip_val': 0.9324546632457651, 'hidden_size': 81, 'dropout': 0.41331642479835934, 'hidden_continuous_size': 26, 'attention_head_size': 4, 'learning_rate': 0.002957391390626151}. Best is trial 0 with value: 18.724502563476562.
[I 2023-12-27 11:06:32,560] Trial 47 finished with value: 56.21075439453125 and parameters: {'gradient_clip_val': 0.9042492227536352, 'hidden_size': 82, 'dropout': 0.35999197699192004, 'hidden_continuous_size': 26, 'attention_head_size': 4, 'learning_rate': 0.0029303187258118203}. Best is trial 0 with value: 18.724502563476562.
[I 2023-12-27 11:06:33,163] Trial 48 finished with value: 60.6479377746582 and parameters: {'gradient_clip_val': 0.8771182647961534, 'hidden_size': 13, 'dropout': 0.1293526932733297, 'hidden_continuous_size': 5, 'attention_head_size': 4, 'learning_rate': 0.0022921259622516376}. Best is trial 0 with value: 18.724502563476562.
[I 2023-12-27 11:06:33,604] Trial 49 finished with value: 52.6470832824707 and parameters: {'gradient_clip_val': 0.9580565618997964, 'hidden_size': 50, 'dropout': 0.21105360508160848, 'hidden_continuous_size': 28, 'attention_head_size': 4, 'learning_rate': 0.004756472069715934}. Best is trial 0 with value: 18.724502563476562.
[I 2023-12-27 11:06:33,715] A new study created in memory with name: no-name-02af5180-c7bc-453c-87ad-ed292e12b885
/home/le004/conda/anaconda3/envs/tsff_env/lib/python3.9/site-packages/lightning/fabric/plugins/environments/slurm.py:191: The `srun` command is available on your system but is not used. HINT: If your intention is to run Lightning on SLURM, prepend your python command with `srun` like so: srun python /home/le004/master_thesis/git/TSFusionForecast/code/ ...
[I 2023-12-27 11:07:05,289] Trial 0 finished with value: 117.46176147460938 and parameters: {'gradient_clip_val': 0.2879515698255712, 'hidden_size': 104, 'dropout': 0.4951071195612121, 'hidden_continuous_size': 56, 'attention_head_size': 4, 'learning_rate': 0.012821712361497508}. Best is trial 0 with value: 117.46176147460938.
[I 2023-12-27 11:07:05,779] Trial 1 finished with value: 434.6256408691406 and parameters: {'gradient_clip_val': 0.9341631946632518, 'hidden_size': 85, 'dropout': 0.18481576996906193, 'hidden_continuous_size': 56, 'attention_head_size': 4, 'learning_rate': 0.0018489967433121298}. Best is trial 0 with value: 117.46176147460938.
[I 2023-12-27 11:07:06,226] Trial 2 finished with value: 409.6405944824219 and parameters: {'gradient_clip_val': 0.4041560938021731, 'hidden_size': 59, 'dropout': 0.38501978945431414, 'hidden_continuous_size': 51, 'attention_head_size': 3, 'learning_rate': 0.06664397359852804}. Best is trial 0 with value: 117.46176147460938.
[I 2023-12-27 11:07:06,567] Trial 3 finished with value: 449.2457275390625 and parameters: {'gradient_clip_val': 0.30825440844316826, 'hidden_size': 6, 'dropout': 0.46604932202347893, 'hidden_continuous_size': 5, 'attention_head_size': 1, 'learning_rate': 0.028361860696883668}. Best is trial 0 with value: 117.46176147460938.
[I 2023-12-27 11:07:07,121] Trial 4 finished with value: 408.3643493652344 and parameters: {'gradient_clip_val': 0.25984583638071945, 'hidden_size': 126, 'dropout': 0.1071406648504095, 'hidden_continuous_size': 34, 'attention_head_size': 2, 'learning_rate': 0.005976140040608441}. Best is trial 0 with value: 117.46176147460938.
[I 2023-12-27 11:07:07,520] Trial 5 finished with value: 381.1672058105469 and parameters: {'gradient_clip_val': 0.15110263239419444, 'hidden_size': 29, 'dropout': 0.43446703733842296, 'hidden_continuous_size': 9, 'attention_head_size': 1, 'learning_rate': 0.000598802825333305}. Best is trial 0 with value: 117.46176147460938.
[I 2023-12-27 11:07:07,899] Trial 6 finished with value: 264.5445861816406 and parameters: {'gradient_clip_val': 0.17369895772153499, 'hidden_size': 20, 'dropout': 0.4708008364814985, 'hidden_continuous_size': 6, 'attention_head_size': 2, 'learning_rate': 0.057376392044560645}. Best is trial 0 with value: 117.46176147460938.
